||||||||||||||||||||||||||||||||||||||||||||||||||||||||||||||||||||||||||||||||||||||||||||||||||||||||||||||||||||||||||||||||||||||||
PATH
calling 
C:\Users\cg4102\Documents\New LogLinearSDDP\LogLinearSDDP.jl\Examples\Hydrothermal
C:\Users\cg4102\Documents\New LogLinearSDDP\LogLinearSDDP.jl\Examples\Hydrothermal\run_model_markov.jl
DATETIME
2025-04-29T13:15:48.922
RUN DESCRIPTION
LogLinearSDDP.AlgoParams(SDDP.AbstractStoppingRule[SDDP.TimeLimit(7200.0)], LogLinearSDDP.NoSimulation(), false, 2, 1, "C:/Users/cg4102/Documents/julia_logs/Cut-sharing Re-Run (2h)/Run_MC-SDDP_shapiro_model_33333/MC-SDDP.log", false, false, false, 33333, "MC-SDDP: 100 nodes, shapiro_model", :fitted_model)
-------------------------------------------------------------------
         SDDP.jl (c) Oscar Dowson and contributors, 2017-23
-------------------------------------------------------------------
problem
  nodes           : 11901
  state variables : 4
  scenarios       : 6.68857e+229
  existing cuts   : false
options
  solver          : serial mode
  risk measure    : SDDP.Expectation()
  sampling scheme : SDDP.Historical{String, Dict{String, Float64}}
subproblem structure
  VariableRef                                  : [142, 142]
  JuMP.AffExpr in MOI.EqualTo{Float64}         : [13, 13]
  JuMP.VariableRef in MOI.GreaterThan{Float64} : [138, 138]
  JuMP.VariableRef in MOI.LessThan{Float64}    : [129, 130]
-------------------------------------------------------------------
 iteration    simulation      bound        time (s)     solves  pid
-------------------------------------------------------------------
         1   1.561992e+09  7.018703e+05  6.028000e+00     10277   1
         2   1.112374e+09  1.414795e+06  9.362000e+00     20787   1
         3   1.430338e+09  1.929695e+06  1.257600e+01     31073   1
         4   6.543894e+08  3.198631e+06  1.560400e+01     41365   1
         5   5.225344e+08  7.972098e+06  1.875300e+01     51827   1
         6   5.623045e+08  8.599177e+06  2.208200e+01     62394   1
         7   6.148095e+08  1.007641e+07  2.541100e+01     72769   1
         8   1.027028e+09  3.688882e+07  2.857000e+01     83169   1
         9   3.144401e+08  3.721582e+07  3.178000e+01     93874   1
        10   4.849565e+08  4.093600e+07  3.517800e+01    104660   1
        11   3.826884e+08  4.159986e+07  3.847500e+01    115475   1
        12   5.821574e+08  4.814363e+07  4.148600e+01    126017   1
        13   3.206131e+08  5.738645e+07  4.456600e+01    136328   1
        14   6.541683e+08  5.910731e+07  4.780900e+01    146977   1
        15   4.443260e+08  5.977490e+07  5.078100e+01    157436   1
        16   2.094361e+08  6.029019e+07  5.403200e+01    167774   1
        17   3.564930e+08  6.036481e+07  5.752200e+01    178336   1
        18   2.837633e+08  6.067980e+07  6.071100e+01    188707   1
        19   3.570458e+08  6.110897e+07  6.390100e+01    199133   1
        20   2.445577e+08  6.503779e+07  6.722900e+01    209921   1
        21   4.447967e+08  6.563394e+07  7.044200e+01    220284   1
        22   2.378705e+08  6.602359e+07  7.351900e+01    230527   1
        23   2.947874e+08  7.150785e+07  7.669500e+01    241155   1
        24   6.163343e+08  7.859072e+07  7.980800e+01    251490   1
        25   2.650571e+08  8.006348e+07  8.286600e+01    261587   1
        26   2.403398e+08  8.117268e+07  8.914400e+01    272117   1
        27   3.445784e+08  8.287861e+07  9.206300e+01    282502   1
        28   5.625887e+08  8.628898e+07  9.512600e+01    292925   1
        29   2.018879e+08  8.655507e+07  9.804900e+01    303047   1
        30   2.981591e+08  8.833683e+07  1.011260e+02    313675   1
        31   2.966976e+08  9.044501e+07  1.039730e+02    323942   1
        32   2.198251e+08  9.051939e+07  1.070070e+02    334287   1
        33   3.436285e+08  9.283191e+07  1.099470e+02    344753   1
        34   3.069677e+08  9.558794e+07  1.131740e+02    355498   1
        35   5.639128e+08  9.689924e+07  1.162570e+02    365870   1
        36   3.762503e+08  1.022230e+08  1.193860e+02    376507   1
        37   2.261201e+08  1.027565e+08  1.224820e+02    387254   1
        38   4.830398e+08  1.032483e+08  1.255150e+02    397639   1
        39   2.432812e+08  1.048065e+08  1.284540e+02    407727   1
        40   2.112533e+08  1.073674e+08  1.315200e+02    418032   1
        41   2.097640e+08  1.074866e+08  1.345730e+02    428627   1
        42   2.742630e+08  1.081164e+08  1.375030e+02    438690   1
        43   2.188874e+08  1.096798e+08  1.406950e+02    449091   1
        44   2.943718e+08  1.098618e+08  1.439560e+02    459408   1
        45   2.093335e+08  1.103347e+08  1.472760e+02    469928   1
        46   2.252787e+08  1.105665e+08  1.503220e+02    480047   1
        47   1.763025e+08  1.113483e+08  1.535020e+02    490247   1
        48   3.131827e+08  1.201717e+08  1.566530e+02    500421   1
        49   2.125318e+08  1.209440e+08  1.598310e+02    510658   1
        50   3.645328e+08  1.271590e+08  1.631340e+02    521267   1
        51   2.332980e+08  1.272654e+08  1.663000e+02    531567   1
        52   2.958027e+08  1.277864e+08  1.696210e+02    541898   1
        53   2.618566e+08  1.306462e+08  1.728180e+02    552138   1
        54   1.506882e+08  1.316820e+08  1.760860e+02    562347   1
        55   4.871142e+08  1.333886e+08  1.793190e+02    572759   1
        56   2.718109e+08  1.337063e+08  1.826320e+02    583348   1
        57   2.911638e+08  1.354512e+08  1.885980e+02    593987   1
        58   3.849131e+08  1.355415e+08  1.917000e+02    604512   1
        59   4.514535e+08  1.355505e+08  1.947290e+02    614776   1
        60   2.359078e+08  1.355587e+08  1.978950e+02    625428   1
        61   3.711182e+08  1.370961e+08  2.010690e+02    635844   1
        62   2.023200e+08  1.376524e+08  2.043240e+02    646497   1
        63   1.909859e+08  1.388737e+08  2.076400e+02    656973   1
        64   2.327834e+08  1.393344e+08  2.108330e+02    667523   1
        65   2.418908e+08  1.400971e+08  2.139690e+02    677626   1
        66   2.727492e+08  1.406072e+08  2.171840e+02    687920   1
        67   3.087682e+08  1.409023e+08  2.203700e+02    698373   1
        68   3.636145e+08  1.409186e+08  2.235130e+02    708661   1
        69   2.336745e+08  1.419064e+08  2.267710e+02    719041   1
        70   2.830134e+08  1.444734e+08  2.300610e+02    729462   1
        71   1.903853e+08  1.444818e+08  2.332860e+02    739769   1
        72   5.014181e+08  1.449477e+08  2.365620e+02    749891   1
        73   1.942272e+08  1.449526e+08  2.399060e+02    760436   1
        74   1.915138e+08  1.458830e+08  2.431310e+02    770292   1
        75   8.549143e+08  1.462252e+08  2.463120e+02    780184   1
        76   2.828308e+08  1.471094e+08  2.496780e+02    790608   1
        77   2.923378e+08  1.478088e+08  2.530570e+02    800994   1
        78   3.136044e+08  1.479990e+08  2.565230e+02    811627   1
        79   6.700373e+08  1.484859e+08  2.598370e+02    821978   1
        80   2.880946e+08  1.494479e+08  2.633280e+02    832767   1
        81   2.245828e+08  1.506149e+08  2.667020e+02    842996   1
        82   2.363197e+08  1.522783e+08  2.701690e+02    853355   1
        83   2.066746e+08  1.542429e+08  2.735190e+02    863059   1
        84   2.362811e+08  1.547689e+08  2.769020e+02    873282   1
        85   4.253533e+08  1.550074e+08  2.830950e+02    883510   1
        86   5.687396e+08  1.551766e+08  2.863650e+02    893588   1
        87   2.726697e+08  1.555278e+08  2.896530e+02    903819   1
        88   4.559188e+08  1.557383e+08  2.929590e+02    914201   1
        89   2.866983e+08  1.558097e+08  2.962490e+02    924301   1
        90   7.888441e+08  1.561001e+08  2.995870e+02    934759   1
        91   1.968602e+08  1.570488e+08  3.030460e+02    945412   1
        92   5.934778e+08  1.570583e+08  3.063570e+02    955559   1
        93   5.301308e+08  1.575514e+08  3.097780e+02    965964   1
        94   2.000976e+08  1.591967e+08  3.132470e+02    976565   1
        95   2.531784e+08  1.591988e+08  3.166200e+02    986811   1
        96   1.619614e+08  1.593219e+08  3.200840e+02    997283   1
        97   2.150720e+08  1.595050e+08  3.235150e+02   1007639   1
        98   2.324678e+08  1.598272e+08  3.269460e+02   1017855   1
        99   3.616172e+08  1.599131e+08  3.304450e+02   1028397   1
       100   2.300998e+08  1.600482e+08  3.339030e+02   1038627   1
       101   5.046599e+08  1.600915e+08  3.373580e+02   1048838   1
       102   1.997197e+08  1.601471e+08  3.407720e+02   1058596   1
       103   2.583254e+08  1.631754e+08  3.443160e+02   1068669   1
       104   3.002246e+08  1.634499e+08  3.479640e+02   1079278   1
       105   1.961827e+08  1.637685e+08  3.515640e+02   1089448   1
       106   8.363255e+08  1.642076e+08  3.551280e+02   1099896   1
       107   2.743139e+08  1.655074e+08  3.588390e+02   1110529   1
       108   2.187709e+08  1.666493e+08  3.625010e+02   1121074   1
       109   2.190553e+08  1.673411e+08  3.661660e+02   1131690   1
       110   1.887697e+08  1.674839e+08  3.698710e+02   1142201   1
       111   1.943289e+08  1.676149e+08  3.735740e+02   1152639   1
       112   2.331343e+08  1.677344e+08  3.771860e+02   1162709   1
       113   5.992025e+08  1.681955e+08  3.808190e+02   1173016   1
       114   1.532888e+08  1.685285e+08  3.874960e+02   1182866   1
       115   3.646804e+08  1.687631e+08  3.909750e+02   1192935   1
       116   3.127126e+08  1.690243e+08  3.944670e+02   1203208   1
       117   3.375928e+08  1.711674e+08  3.981020e+02   1213644   1
       118   4.155508e+08  1.717405e+08  4.016760e+02   1224193   1
       119   2.015492e+08  1.725519e+08  4.052860e+02   1234768   1
       120   2.107287e+08  1.747320e+08  4.089580e+02   1245255   1
       121   2.098183e+08  1.747791e+08  4.125420e+02   1255372   1
       122   3.386390e+08  1.751132e+08  4.160780e+02   1265506   1
       123   1.766540e+08  1.756636e+08  4.196500e+02   1275725   1
       124   4.033931e+08  1.762980e+08  4.233450e+02   1286488   1
       125   2.111765e+08  1.767874e+08  4.271050e+02   1296956   1
       126   1.708890e+08  1.768861e+08  4.307070e+02   1307071   1
       127   2.329076e+08  1.774267e+08  4.344210e+02   1317184   1
       128   2.643216e+08  1.780028e+08  4.381250e+02   1327591   1
       129   2.949239e+08  1.780406e+08  4.418510e+02   1337726   1
       130   2.434613e+08  1.805662e+08  4.455750e+02   1348012   1
       131   1.951303e+08  1.807804e+08  4.493340e+02   1358399   1
       132   6.006383e+08  1.815133e+08  4.530190e+02   1368269   1
       133   3.649087e+08  1.817404e+08  4.567970e+02   1378662   1
       134   2.292297e+08  1.822806e+08  4.606370e+02   1388842   1
       135   1.732733e+08  1.825384e+08  4.645080e+02   1399322   1
       136   2.615203e+08  1.826312e+08  4.683730e+02   1409844   1
       137   1.802276e+08  1.826737e+08  4.721950e+02   1420136   1
       138   1.984549e+08  1.830288e+08  4.760270e+02   1430384   1
       139   2.504505e+08  1.833316e+08  4.799710e+02   1440939   1
       140   3.594123e+08  1.838670e+08  4.838270e+02   1451344   1
       141   4.954452e+08  1.842133e+08  4.877220e+02   1461627   1
       142   2.307721e+08  1.842422e+08  4.916530e+02   1471961   1
       143   2.901491e+08  1.848541e+08  5.096620e+02   1482294   1
       144   2.684250e+08  1.853073e+08  5.137160e+02   1492782   1
       145   1.431512e+08  1.853119e+08  5.174360e+02   1502851   1
       146   3.604082e+08  1.853280e+08  5.212480e+02   1513423   1
       147   1.636196e+08  1.853686e+08  5.250830e+02   1523849   1
       148   5.109260e+08  1.855916e+08  5.288610e+02   1534044   1
       149   4.668109e+08  1.860381e+08  5.326550e+02   1544104   1
       150   3.114596e+08  1.864309e+08  5.366010e+02   1554702   1
       151   1.721312e+08  1.864321e+08  5.404180e+02   1564509   1
       152   3.507855e+08  1.865531e+08  5.443290e+02   1574798   1
       153   1.530564e+08  1.866679e+08  5.483320e+02   1585423   1
       154   2.499621e+08  1.867057e+08  5.522860e+02   1595497   1
       155   1.438614e+08  1.869425e+08  5.561080e+02   1605192   1
       156   1.725279e+08  1.871865e+08  5.600490e+02   1615590   1
       157   1.905380e+08  1.873924e+08  5.640280e+02   1626055   1
       158   1.511787e+08  1.877200e+08  5.680200e+02   1636319   1
       159   1.809839e+08  1.880408e+08  5.720580e+02   1646836   1
       160   2.462238e+08  1.881264e+08  5.762470e+02   1657229   1
       161   1.546250e+08  1.884266e+08  5.804990e+02   1667389   1
       162   7.194993e+08  1.887164e+08  5.847280e+02   1677683   1
       163   2.036541e+08  1.887805e+08  5.889940e+02   1688179   1
       164   4.584811e+08  1.892794e+08  5.931570e+02   1698741   1
       165   2.460972e+08  1.902986e+08  5.974090e+02   1708924   1
       166   3.896990e+08  1.914884e+08  6.064140e+02   1719158   1
       167   3.697104e+08  1.915876e+08  6.103050e+02   1729003   1
       168   4.257151e+08  1.916956e+08  6.144210e+02   1739755   1
       169   1.986746e+08  1.926193e+08  6.184680e+02   1750174   1
       170   3.581214e+08  1.932141e+08  6.224590e+02   1760443   1
       171   1.301559e+08  1.934025e+08  6.264680e+02   1770688   1
       172   2.676790e+08  1.939160e+08  6.305530e+02   1781362   1
       173   2.005221e+08  1.940717e+08  6.347700e+02   1791792   1
       174   1.803433e+08  1.952307e+08  6.389750e+02   1801948   1
       175   2.290753e+08  1.952694e+08  6.431990e+02   1812456   1
       176   1.725535e+08  1.953070e+08  6.474510e+02   1822866   1
       177   2.670962e+08  1.956453e+08  6.517850e+02   1833274   1
       178   3.126221e+08  1.960210e+08  6.561880e+02   1843864   1
       179   1.235433e+08  1.973202e+08  6.605960e+02   1854032   1
       180   2.835201e+08  1.979234e+08  6.651180e+02   1864681   1
       181   1.728032e+08  1.979830e+08  6.696070e+02   1874894   1
       182   2.971938e+08  1.983219e+08  6.741040e+02   1885459   1
       183   1.918396e+08  1.987750e+08  6.825570e+02   1895681   1
       184   1.673460e+08  1.988050e+08  6.868160e+02   1906376   1
       185   2.040911e+08  1.993423e+08  6.909460e+02   1916798   1
       186   2.144724e+08  2.003352e+08  6.951570e+02   1927382   1
       187   2.548707e+08  2.003551e+08  6.993090e+02   1937671   1
       188   2.104763e+08  2.005083e+08  7.036710e+02   1948206   1
       189   4.430955e+08  2.006641e+08  7.078720e+02   1958667   1
       190   2.860112e+08  2.011301e+08  7.121950e+02   1969077   1
       191   2.158417e+08  2.015432e+08  7.166220e+02   1979449   1
       192   1.962198e+08  2.015442e+08  7.210390e+02   1989915   1
       193   2.851238e+08  2.015615e+08  7.254560e+02   2000487   1
       194   1.842350e+08  2.018233e+08  7.298370e+02   2010696   1
       195   2.144262e+08  2.027489e+08  7.343430e+02   2021059   1
       196   2.015343e+08  2.030013e+08  7.388700e+02   2031520   1
       197   3.766480e+08  2.030060e+08  7.473880e+02   2041552   1
       198   1.967860e+08  2.037429e+08  7.517310e+02   2051877   1
       199   1.817811e+08  2.039175e+08  7.560420e+02   2062303   1
       200   2.322459e+08  2.039759e+08  7.603560e+02   2072708   1
       201   2.852859e+08  2.040127e+08  7.647700e+02   2083131   1
       202   1.713091e+08  2.040155e+08  7.690880e+02   2093275   1
       203   3.902441e+08  2.045647e+08  7.734240e+02   2103897   1
       204   2.955743e+08  2.048948e+08  7.778130e+02   2114415   1
       205   1.735080e+08  2.049204e+08  7.823330e+02   2124548   1
       206   1.724237e+08  2.050016e+08  7.867810e+02   2134723   1
       207   1.822074e+08  2.051419e+08  7.913230e+02   2144811   1
       208   4.350782e+08  2.052677e+08  7.957900e+02   2155398   1
       209   3.535136e+08  2.053645e+08  8.044720e+02   2165396   1
       210   4.158585e+08  2.054009e+08  8.088640e+02   2175795   1
       211   1.609056e+08  2.054986e+08  8.132260e+02   2185983   1
       212   2.386654e+08  2.055013e+08  8.175760e+02   2196335   1
       213   4.513750e+08  2.055403e+08  8.220250e+02   2206644   1
       214   6.138964e+08  2.057729e+08  8.264060e+02   2216870   1
       215   2.207781e+08  2.058051e+08  8.308330e+02   2226959   1
       216   2.911390e+08  2.058501e+08  8.353350e+02   2237109   1
       217   2.519038e+08  2.058866e+08  8.398920e+02   2247548   1
       218   2.043787e+08  2.060214e+08  8.444560e+02   2258014   1
       219   7.710759e+08  2.060487e+08  8.490290e+02   2268461   1
       220   2.946645e+08  2.060871e+08  8.536510e+02   2278733   1
       221   2.210764e+08  2.061117e+08  8.625160e+02   2289275   1
       222   2.399492e+08  2.061523e+08  8.669740e+02   2299523   1
       223   3.873922e+08  2.062549e+08  8.714900e+02   2309792   1
       224   2.266949e+08  2.063000e+08  8.760110e+02   2319976   1
       225   5.001169e+08  2.063016e+08  8.805320e+02   2329823   1
       226   2.917808e+08  2.065817e+08  8.850730e+02   2340247   1
       227   1.826723e+08  2.066677e+08  8.896490e+02   2350807   1
       228   2.898722e+08  2.068933e+08  8.942010e+02   2361187   1
       229   5.947232e+08  2.073568e+08  8.987820e+02   2371349   1
       230   1.989635e+08  2.077261e+08  9.035380e+02   2381895   1
       231   2.278331e+08  2.082907e+08  9.125880e+02   2392090   1
       232   2.486519e+08  2.084331e+08  9.173130e+02   2402669   1
       233   2.194047e+08  2.085125e+08  9.219150e+02   2412941   1
       234   2.076325e+08  2.087201e+08  9.265490e+02   2423389   1
       235   3.286285e+08  2.087400e+08  9.311540e+02   2433529   1
       236   1.685933e+08  2.087590e+08  9.358590e+02   2444075   1
       237   4.673173e+08  2.094319e+08  9.406100e+02   2454477   1
       238   2.322703e+08  2.094382e+08  9.454170e+02   2465126   1
       239   3.335467e+08  2.094507e+08  9.501710e+02   2475514   1
       240   2.173464e+08  2.095315e+08  9.549470e+02   2485818   1
       241   1.921922e+08  2.095485e+08  9.641440e+02   2496134   1
       242   2.505982e+08  2.095857e+08  9.688200e+02   2506185   1
       243   1.741231e+08  2.095865e+08  9.735120e+02   2516061   1
       244   3.776922e+08  2.096143e+08  9.781760e+02   2526597   1
       245   4.840006e+08  2.104035e+08  9.829550e+02   2537093   1
       246   2.443621e+08  2.104453e+08  9.876760e+02   2547495   1
       247   1.589474e+08  2.106292e+08  9.923930e+02   2557723   1
       248   4.422109e+08  2.106293e+08  9.971770e+02   2567906   1
       249   1.483932e+08  2.108369e+08  1.002068e+03   2578466   1
       250   1.862689e+08  2.116226e+08  1.007023e+03   2588813   1
       251   3.664285e+08  2.116679e+08  1.016334e+03   2599071   1
       252   5.064354e+08  2.117316e+08  1.021122e+03   2609405   1
       253   3.733696e+08  2.120553e+08  1.025911e+03   2619973   1
       254   1.692655e+08  2.120569e+08  1.030740e+03   2630657   1
       255   1.915652e+08  2.128108e+08  1.035504e+03   2640765   1
       256   1.686268e+08  2.130320e+08  1.040397e+03   2651157   1
       257   2.433540e+08  2.130558e+08  1.045244e+03   2661497   1
       258   2.420821e+08  2.134028e+08  1.050159e+03   2672123   1
       259   1.455750e+08  2.134746e+08  1.055019e+03   2682200   1
       260   2.793680e+08  2.136108e+08  1.060018e+03   2692848   1
       261   2.473257e+08  2.137232e+08  1.069446e+03   2702855   1
       262   2.029708e+08  2.137415e+08  1.074314e+03   2713358   1
       263   6.255504e+08  2.138976e+08  1.079086e+03   2723796   1
       264   1.769625e+08  2.141476e+08  1.084008e+03   2734433   1
       265   1.383732e+08  2.147074e+08  1.088980e+03   2744548   1
       266   2.943251e+08  2.150670e+08  1.093959e+03   2755067   1
       267   2.392032e+08  2.151393e+08  1.098983e+03   2765512   1
       268   2.307733e+08  2.159436e+08  1.103949e+03   2775743   1
       269   2.290033e+08  2.169245e+08  1.108976e+03   2786010   1
       270   3.808787e+08  2.169614e+08  1.114074e+03   2796833   1
       271   8.036895e+08  2.171256e+08  1.123667e+03   2807240   1
       272   4.904254e+08  2.171688e+08  1.128514e+03   2817291   1
       273   2.156558e+08  2.172074e+08  1.133444e+03   2827308   1
       274   3.694771e+08  2.173477e+08  1.138416e+03   2837880   1
       275   3.433913e+08  2.173588e+08  1.143371e+03   2848198   1
       276   1.972617e+08  2.176763e+08  1.148414e+03   2858702   1
       277   2.070892e+08  2.177999e+08  1.153414e+03   2869124   1
       278   2.936422e+08  2.178075e+08  1.158455e+03   2879554   1
       279   1.892387e+08  2.178781e+08  1.163627e+03   2890056   1
       280   3.215345e+08  2.179463e+08  1.168825e+03   2900354   1
       281   2.139584e+08  2.180137e+08  1.178680e+03   2910958   1
       282   1.618367e+08  2.181470e+08  1.183666e+03   2921168   1
       283   1.815775e+08  2.181738e+08  1.188711e+03   2931117   1
       284   3.280564e+08  2.188405e+08  1.193765e+03   2941617   1
       285   3.130080e+08  2.188587e+08  1.198896e+03   2951969   1
       286   3.145610e+08  2.192313e+08  1.204008e+03   2962410   1
       287   1.965007e+08  2.193130e+08  1.209149e+03   2972811   1
       288   5.234819e+08  2.194822e+08  1.214309e+03   2983032   1
       289   3.108929e+08  2.199270e+08  1.219508e+03   2993217   1
       290   2.725899e+08  2.199288e+08  1.229692e+03   3003553   1
       291   1.803752e+08  2.200624e+08  1.234832e+03   3013904   1
       292   1.546689e+08  2.200645e+08  1.239884e+03   3023792   1
       293   6.648871e+08  2.201283e+08  1.244968e+03   3034129   1
       294   2.758274e+08  2.201301e+08  1.250173e+03   3044488   1
       295   3.032847e+08  2.201785e+08  1.255347e+03   3054096   1
       296   4.209141e+08  2.203008e+08  1.260572e+03   3064589   1
       297   2.298757e+08  2.203227e+08  1.265801e+03   3075128   1
       298   2.076743e+08  2.207780e+08  1.271133e+03   3085329   1
       299   1.739131e+08  2.209162e+08  1.276529e+03   3095925   1
       300   1.577142e+08  2.209792e+08  1.286886e+03   3106199   1
       301   2.650983e+08  2.211254e+08  1.292090e+03   3116542   1
       302   2.263976e+08  2.221494e+08  1.297299e+03   3127114   1
       303   3.608537e+08  2.221720e+08  1.302554e+03   3137474   1
       304   2.741581e+08  2.222643e+08  1.307898e+03   3148039   1
       305   5.366527e+08  2.222679e+08  1.313107e+03   3158263   1
       306   1.942065e+08  2.222952e+08  1.318432e+03   3168751   1
       307   3.118831e+08  2.223169e+08  1.323670e+03   3179001   1
       308   5.520798e+08  2.223434e+08  1.328973e+03   3189474   1
       309   7.989245e+08  2.223917e+08  1.334260e+03   3199605   1
       310   2.609485e+08  2.225524e+08  1.344827e+03   3210125   1
       311   1.770410e+08  2.226068e+08  1.350135e+03   3220388   1
       312   4.663486e+08  2.226797e+08  1.355480e+03   3230816   1
       313   3.083833e+08  2.226982e+08  1.360859e+03   3241042   1
       314   1.742581e+08  2.227000e+08  1.366235e+03   3251466   1
       315   2.057969e+08  2.230026e+08  1.371660e+03   3262139   1
       316   4.236300e+08  2.237285e+08  1.377035e+03   3272337   1
       317   2.694797e+08  2.239934e+08  1.382488e+03   3283049   1
       318   1.954190e+08  2.240600e+08  1.387948e+03   3293049   1
       319   2.624260e+08  2.241108e+08  1.393460e+03   3303465   1
       320   1.700091e+08  2.241501e+08  1.404214e+03   3313654   1
       321   2.164102e+08  2.241836e+08  1.409621e+03   3324303   1
       322   3.093161e+08  2.242719e+08  1.415020e+03   3334979   1
       323   2.675034e+08  2.242726e+08  1.420394e+03   3345466   1
       324   2.438009e+08  2.243491e+08  1.425748e+03   3355665   1
       325   7.013797e+08  2.244116e+08  1.430966e+03   3365384   1
       326   3.059598e+08  2.244668e+08  1.436348e+03   3375893   1
       327   6.680853e+08  2.246825e+08  1.441814e+03   3386234   1
       328   2.247168e+08  2.246982e+08  1.447342e+03   3396705   1
       329   2.356993e+08  2.247249e+08  1.453010e+03   3407224   1
       330   3.748758e+08  2.249892e+08  1.458602e+03   3417604   1
       331   2.141764e+08  2.253267e+08  1.469499e+03   3428015   1
       332   2.279193e+08  2.253285e+08  1.474973e+03   3438373   1
       333   4.135480e+08  2.254559e+08  1.480400e+03   3448570   1
       334   2.623858e+08  2.254577e+08  1.485916e+03   3458795   1
       335   2.391352e+08  2.256394e+08  1.491475e+03   3469100   1
       336   1.753422e+08  2.257420e+08  1.496961e+03   3479429   1
       337   4.178269e+08  2.257450e+08  1.502440e+03   3489690   1
       338   2.632048e+08  2.257736e+08  1.507947e+03   3499978   1
       339   3.305966e+08  2.259156e+08  1.513627e+03   3510564   1
       340   1.795834e+08  2.259199e+08  1.519366e+03   3521161   1
       341   2.553040e+08  2.259320e+08  1.530554e+03   3531841   1
       342   4.848896e+08  2.260082e+08  1.536083e+03   3541934   1
       343   2.173790e+08  2.260203e+08  1.541669e+03   3552233   1
       344   1.431254e+08  2.260227e+08  1.547311e+03   3562118   1
       345   1.941627e+08  2.260415e+08  1.552941e+03   3571837   1
       346   3.651125e+08  2.261732e+08  1.558631e+03   3582348   1
       347   3.251247e+08  2.261894e+08  1.564197e+03   3592788   1
       348   4.463196e+08  2.263128e+08  1.569770e+03   3603003   1
       349   2.421503e+08  2.263279e+08  1.575442e+03   3613293   1
       350   1.496975e+08  2.264905e+08  1.581257e+03   3623663   1
       351   1.553468e+08  2.265096e+08  1.587194e+03   3634075   1
       352   2.248152e+08  2.268081e+08  1.598478e+03   3644503   1
       353   3.030292e+08  2.268344e+08  1.604016e+03   3654882   1
       354   2.896145e+08  2.268527e+08  1.609683e+03   3665116   1
       355   2.469573e+08  2.269341e+08  1.615414e+03   3675784   1
       356   2.532595e+08  2.269660e+08  1.621110e+03   3686214   1
       357   2.924815e+08  2.269821e+08  1.626773e+03   3696173   1
       358   2.611104e+08  2.270249e+08  1.632518e+03   3706518   1
       359   2.467423e+08  2.271054e+08  1.638252e+03   3717139   1
       360   3.886598e+08  2.271553e+08  1.644087e+03   3727604   1
       361   2.039183e+08  2.271690e+08  1.649942e+03   3737664   1
       362   2.814113e+08  2.272114e+08  1.661527e+03   3747922   1
       363   3.166970e+08  2.272660e+08  1.667255e+03   3758536   1
       364   1.553645e+08  2.272671e+08  1.673113e+03   3769043   1
       365   3.502310e+08  2.272716e+08  1.678885e+03   3779236   1
       366   1.691852e+08  2.273024e+08  1.684669e+03   3789813   1
       367   2.894393e+08  2.273037e+08  1.690529e+03   3800490   1
       368   2.394048e+08  2.273380e+08  1.696339e+03   3810814   1
       369   2.222693e+08  2.274033e+08  1.702244e+03   3821259   1
       370   2.228593e+08  2.275820e+08  1.708154e+03   3831800   1
       371   2.834893e+08  2.276047e+08  1.713998e+03   3842249   1
       372   2.086600e+08  2.277076e+08  1.719978e+03   3852382   1
       373   2.465304e+08  2.277949e+08  1.731682e+03   3862765   1
       374   2.826065e+08  2.278606e+08  1.737415e+03   3872775   1
       375   2.235379e+08  2.283347e+08  1.743326e+03   3883172   1
       376   3.706387e+08  2.285024e+08  1.749141e+03   3893658   1
       377   2.417510e+08  2.286102e+08  1.755155e+03   3904235   1
       378   2.922973e+08  2.286129e+08  1.761091e+03   3914838   1
       379   2.477763e+08  2.286551e+08  1.767066e+03   3925331   1
       380   3.524409e+08  2.288247e+08  1.772935e+03   3935516   1
       381   6.810450e+08  2.288335e+08  1.778858e+03   3945649   1
       382   3.032632e+08  2.288548e+08  1.784899e+03   3955935   1
       383   1.782960e+08  2.291425e+08  1.791000e+03   3966283   1
       384   6.051895e+08  2.292799e+08  1.802811e+03   3976671   1
       385   1.779329e+08  2.294436e+08  1.808736e+03   3987049   1
       386   1.716911e+08  2.294887e+08  1.814695e+03   3997052   1
       387   2.332778e+08  2.295404e+08  1.820673e+03   4007418   1
       388   2.425564e+08  2.295523e+08  1.826628e+03   4017462   1
       389   2.808612e+08  2.296106e+08  1.832640e+03   4028058   1
       390   2.428724e+08  2.296186e+08  1.838652e+03   4038251   1
       391   4.366412e+08  2.296235e+08  1.844689e+03   4048824   1
       392   5.300438e+08  2.297942e+08  1.850753e+03   4059130   1
       393   2.278810e+08  2.298914e+08  1.856955e+03   4069674   1
       394   2.770270e+08  2.299151e+08  1.863184e+03   4080265   1
       395   2.973024e+08  2.302968e+08  1.875396e+03   4090973   1
       396   3.248289e+08  2.302977e+08  1.881395e+03   4101439   1
       397   3.447908e+08  2.303013e+08  1.887433e+03   4111893   1
       398   2.542067e+08  2.305261e+08  1.893462e+03   4122172   1
       399   1.926078e+08  2.305906e+08  1.899599e+03   4132596   1
       400   1.860438e+08  2.306640e+08  1.905753e+03   4143208   1
       401   1.878070e+08  2.307936e+08  1.911880e+03   4153734   1
       402   3.838917e+08  2.308518e+08  1.917943e+03   4163849   1
       403   4.354847e+08  2.308590e+08  1.924059e+03   4173897   1
       404   1.808276e+08  2.310236e+08  1.930336e+03   4184072   1
       405   2.879930e+08  2.310823e+08  1.936643e+03   4194501   1
       406   3.123931e+08  2.314680e+08  1.949127e+03   4204935   1
       407   1.741792e+08  2.315566e+08  1.955299e+03   4215240   1
       408   2.415030e+08  2.316246e+08  1.961391e+03   4225472   1
       409   2.426493e+08  2.317115e+08  1.967568e+03   4235837   1
       410   3.476375e+08  2.317134e+08  1.973791e+03   4246303   1
       411   7.956760e+08  2.319080e+08  1.979920e+03   4256372   1
       412   2.681458e+08  2.319978e+08  1.986163e+03   4266682   1
       413   2.956282e+08  2.320196e+08  1.992448e+03   4276883   1
       414   2.195608e+08  2.320942e+08  1.998665e+03   4287258   1
       415   3.440184e+08  2.322300e+08  2.005033e+03   4297732   1
       416   2.227785e+08  2.323109e+08  2.011411e+03   4308577   1
       417   2.450394e+08  2.325256e+08  2.017796e+03   4318931   1
       418   2.525346e+08  2.326614e+08  2.030382e+03   4329527   1
       419   3.450059e+08  2.327288e+08  2.036607e+03   4339822   1
       420   4.432963e+08  2.327956e+08  2.042774e+03   4350131   1
       421   1.883039e+08  2.331867e+08  2.049059e+03   4360521   1
       422   2.796159e+08  2.332795e+08  2.055394e+03   4371058   1
       423   2.058133e+08  2.333800e+08  2.061646e+03   4381487   1
       424   3.368765e+08  2.333896e+08  2.067957e+03   4392204   1
       425   2.773547e+08  2.334708e+08  2.074147e+03   4402073   1
       426   2.537494e+08  2.335001e+08  2.080607e+03   4412261   1
       427   1.094484e+09  2.336688e+08  2.086914e+03   4422432   1
       428   2.355722e+08  2.337397e+08  2.093425e+03   4432731   1
       429   4.074598e+08  2.338819e+08  2.106240e+03   4442751   1
       430   2.680396e+08  2.339317e+08  2.112539e+03   4453382   1
       431   1.992356e+08  2.341313e+08  2.118880e+03   4463696   1
       432   5.593162e+08  2.341319e+08  2.125023e+03   4473767   1
       433   3.060129e+08  2.342389e+08  2.131446e+03   4484413   1
       434   2.020627e+08  2.342629e+08  2.137831e+03   4495108   1
       435   2.417826e+08  2.342640e+08  2.144232e+03   4505686   1
       436   2.299882e+08  2.342657e+08  2.150630e+03   4516111   1
       437   3.868448e+08  2.342740e+08  2.157001e+03   4526599   1
       438   3.279659e+08  2.342761e+08  2.163537e+03   4537108   1
       439   2.833368e+08  2.343220e+08  2.170088e+03   4547076   1
       440   2.619285e+08  2.343268e+08  2.176675e+03   4557233   1
       441   2.075742e+08  2.343289e+08  2.189792e+03   4567576   1
       442   2.346208e+08  2.344893e+08  2.196234e+03   4577560   1
       443   3.401247e+08  2.344895e+08  2.202650e+03   4588150   1
       444   2.435971e+08  2.345919e+08  2.209069e+03   4598529   1
       445   2.521964e+08  2.345940e+08  2.215561e+03   4608968   1
       446   2.194944e+08  2.346838e+08  2.222121e+03   4619666   1
       447   2.597128e+08  2.347110e+08  2.228611e+03   4630548   1
       448   1.890667e+08  2.347147e+08  2.235220e+03   4640887   1
       449   1.751301e+08  2.347219e+08  2.241776e+03   4650828   1
       450   2.862409e+08  2.351000e+08  2.248397e+03   4661183   1
       451   1.707104e+08  2.351083e+08  2.255146e+03   4671583   1
       452   4.394555e+08  2.355917e+08  2.268476e+03   4682141   1
       453   5.464843e+08  2.356500e+08  2.274924e+03   4692428   1
       454   1.977996e+08  2.360666e+08  2.281482e+03   4702750   1
       455   1.700618e+08  2.362987e+08  2.287946e+03   4713244   1
       456   4.256011e+08  2.363779e+08  2.294529e+03   4723414   1
       457   1.507136e+08  2.364812e+08  2.301170e+03   4733679   1
       458   3.858268e+08  2.365261e+08  2.307792e+03   4743986   1
       459   3.052176e+08  2.366602e+08  2.314374e+03   4754399   1
       460   2.285693e+08  2.368079e+08  2.321011e+03   4764520   1
       461   5.705022e+08  2.368088e+08  2.327770e+03   4775176   1
       462   2.656749e+08  2.368496e+08  2.334566e+03   4785579   1
       463   2.744505e+08  2.369051e+08  2.341370e+03   4795809   1
       464   1.397454e+08  2.371776e+08  2.354992e+03   4806240   1
       465   1.514315e+08  2.371989e+08  2.361623e+03   4816481   1
       466   2.363144e+08  2.372086e+08  2.368212e+03   4826987   1
       467   4.706653e+08  2.372269e+08  2.374820e+03   4837293   1
       468   2.190195e+08  2.373871e+08  2.381540e+03   4847985   1
       469   3.197955e+08  2.377082e+08  2.388173e+03   4858419   1
       470   3.185316e+08  2.377411e+08  2.394867e+03   4868927   1
       471   2.288325e+08  2.377428e+08  2.401624e+03   4879139   1
       472   5.831941e+08  2.380878e+08  2.408279e+03   4889527   1
       473   2.512374e+08  2.381209e+08  2.415054e+03   4899865   1
       474   5.020458e+08  2.381772e+08  2.421738e+03   4910235   1
       475   7.614529e+08  2.383681e+08  2.428403e+03   4920535   1
       476   6.795842e+08  2.385022e+08  2.442195e+03   4931046   1
       477   4.268217e+08  2.385732e+08  2.448956e+03   4941380   1
       478   2.593379e+08  2.386084e+08  2.455691e+03   4951692   1
       479   2.359589e+08  2.386396e+08  2.462386e+03   4962051   1
       480   4.091030e+08  2.387268e+08  2.469117e+03   4972324   1
       481   1.901063e+08  2.387915e+08  2.475812e+03   4982753   1
       482   4.757398e+08  2.390647e+08  2.482637e+03   4993045   1
       483   2.949026e+08  2.391137e+08  2.489369e+03   5003399   1
       484   4.031484e+08  2.392092e+08  2.496101e+03   5013666   1
       485   3.868304e+08  2.392771e+08  2.502867e+03   5024007   1
       486   1.931068e+08  2.392829e+08  2.509835e+03   5034358   1
       487   3.047736e+08  2.393564e+08  2.516833e+03   5044619   1
       488   2.606591e+08  2.394543e+08  2.523903e+03   5055141   1
       489   1.592813e+08  2.395178e+08  2.537924e+03   5065444   1
       490   1.850776e+08  2.396208e+08  2.544743e+03   5076048   1
       491   2.075073e+08  2.397147e+08  2.551565e+03   5086748   1
       492   2.415642e+08  2.397213e+08  2.558421e+03   5097192   1
       493   1.619269e+08  2.397243e+08  2.565373e+03   5107354   1
       494   1.975307e+08  2.397843e+08  2.572380e+03   5118103   1
       495   3.565125e+08  2.398119e+08  2.579223e+03   5128356   1
       496   2.894349e+08  2.401468e+08  2.586220e+03   5138721   1
       497   2.261467e+08  2.401474e+08  2.593315e+03   5149327   1
       498   2.100001e+08  2.403563e+08  2.600334e+03   5159447   1
       499   2.725365e+08  2.405064e+08  2.607405e+03   5169797   1
       500   1.992910e+08  2.405140e+08  2.614559e+03   5180165   1
       501   2.907725e+08  2.405513e+08  2.628870e+03   5190932   1
       502   2.012126e+08  2.406081e+08  2.635780e+03   5201366   1
       503   1.528970e+08  2.406418e+08  2.642649e+03   5211180   1
       504   4.273587e+08  2.406808e+08  2.649587e+03   5221646   1
       505   2.569857e+08  2.406929e+08  2.656658e+03   5232236   1
       506   3.740621e+08  2.407236e+08  2.663554e+03   5242584   1
       507   3.390132e+08  2.408177e+08  2.670605e+03   5253051   1
       508   3.466335e+08  2.408260e+08  2.677501e+03   5263530   1
       509   3.517864e+08  2.409739e+08  2.684523e+03   5274248   1
       510   1.749266e+08  2.412193e+08  2.691693e+03   5284887   1
       511   1.658629e+08  2.412535e+08  2.698841e+03   5295248   1
       512   2.099005e+08  2.412671e+08  2.706057e+03   5306156   1
       513   2.666514e+08  2.412751e+08  2.720610e+03   5316720   1
       514   1.597716e+08  2.412824e+08  2.727641e+03   5326864   1
       515   4.647322e+08  2.412824e+08  2.734713e+03   5337339   1
       516   1.926044e+08  2.412892e+08  2.741731e+03   5347827   1
       517   2.066482e+08  2.413446e+08  2.748908e+03   5358384   1
       518   2.370343e+08  2.415501e+08  2.756078e+03   5368522   1
       519   2.626741e+08  2.416832e+08  2.763165e+03   5378864   1
       520   2.040119e+08  2.416860e+08  2.770286e+03   5389135   1
       521   1.932594e+08  2.418955e+08  2.777442e+03   5399480   1
       522   4.155192e+08  2.423242e+08  2.784524e+03   5410195   1
       523   3.236910e+08  2.423460e+08  2.791754e+03   5420439   1
       524   3.215668e+08  2.425273e+08  2.798965e+03   5431033   1
       525   1.717715e+08  2.425327e+08  2.806342e+03   5441383   1
       526   3.558455e+08  2.427264e+08  2.821042e+03   5451627   1
       527   2.629422e+08  2.427268e+08  2.828280e+03   5461892   1
       528   2.445642e+08  2.427272e+08  2.835358e+03   5472455   1
       529   4.915400e+08  2.427303e+08  2.842444e+03   5482789   1
       530   3.508485e+08  2.427535e+08  2.849614e+03   5493382   1
       531   1.916516e+08  2.427695e+08  2.856851e+03   5503484   1
       532   3.123900e+08  2.429003e+08  2.864062e+03   5513917   1
       533   3.363625e+08  2.430062e+08  2.871314e+03   5524501   1
       534   2.658303e+08  2.430078e+08  2.878552e+03   5535068   1
       535   2.514130e+08  2.430590e+08  2.885945e+03   5545608   1
       536   4.622700e+08  2.431716e+08  2.893235e+03   5555642   1
       537   2.473204e+08  2.431819e+08  2.900603e+03   5565778   1
       538   3.193938e+08  2.431837e+08  2.915770e+03   5576141   1
       539   4.358524e+08  2.433774e+08  2.922878e+03   5586293   1
       540   1.833519e+08  2.433804e+08  2.930188e+03   5596825   1
       541   2.537326e+08  2.433933e+08  2.937444e+03   5607048   1
       542   2.497578e+08  2.435245e+08  2.944728e+03   5617442   1
       543   1.420824e+08  2.440741e+08  2.952036e+03   5627269   1
       544   2.047567e+08  2.440780e+08  2.959357e+03   5637826   1
       545   2.231735e+08  2.442018e+08  2.966645e+03   5648191   1
       546   1.965859e+08  2.443253e+08  2.974055e+03   5658674   1
       547   2.159866e+08  2.445970e+08  2.981424e+03   5669173   1
       548   6.304432e+08  2.447446e+08  2.988670e+03   5679425   1
       549   2.406074e+08  2.447554e+08  2.996161e+03   5689624   1
       550   2.463596e+08  2.447619e+08  3.003685e+03   5700273   1
       551   1.329300e+08  2.447742e+08  3.018989e+03   5710460   1
       552   2.983590e+08  2.448777e+08  3.026438e+03   5720489   1
       553   2.868237e+08  2.448825e+08  3.033781e+03   5730916   1
       554   2.286934e+08  2.450067e+08  3.041099e+03   5741537   1
       555   3.637979e+08  2.450989e+08  3.048458e+03   5751922   1
       556   2.772483e+08  2.451856e+08  3.055931e+03   5762652   1
       557   2.275548e+08  2.451948e+08  3.063395e+03   5772693   1
       558   3.000411e+08  2.451954e+08  3.070803e+03   5783248   1
       559   1.799634e+08  2.451987e+08  3.078236e+03   5793721   1
       560   1.449464e+08  2.452089e+08  3.085742e+03   5803619   1
       561   3.859908e+08  2.452090e+08  3.093376e+03   5814130   1
       562   1.801522e+08  2.452624e+08  3.100922e+03   5824350   1
       563   3.736494e+08  2.453082e+08  3.108607e+03   5834706   1
       564   2.809325e+08  2.453250e+08  3.124183e+03   5845244   1
       565   3.230227e+08  2.453257e+08  3.131678e+03   5855440   1
       566   1.676722e+08  2.453526e+08  3.139197e+03   5866112   1
       567   3.725930e+08  2.453913e+08  3.146607e+03   5876426   1
       568   2.961489e+08  2.454390e+08  3.154087e+03   5887110   1
       569   2.539273e+08  2.454408e+08  3.161558e+03   5897749   1
       570   1.449544e+08  2.454569e+08  3.169108e+03   5908348   1
       571   2.552207e+08  2.454820e+08  3.176586e+03   5918972   1
       572   2.085261e+08  2.454844e+08  3.184160e+03   5929333   1
       573   1.881598e+08  2.455228e+08  3.191814e+03   5939212   1
       574   2.740937e+08  2.455585e+08  3.199543e+03   5949602   1
       575   4.310668e+08  2.455949e+08  3.207208e+03   5960044   1
       576   1.350269e+08  2.456265e+08  3.215010e+03   5970206   1
       577   3.296717e+08  2.456267e+08  3.230934e+03   5980298   1
       578   3.412014e+08  2.456283e+08  3.238468e+03   5990624   1
       579   2.204148e+08  2.456335e+08  3.246154e+03   6001352   1
       580   2.135192e+08  2.456591e+08  3.253681e+03   6011727   1
       581   1.966698e+08  2.457675e+08  3.261349e+03   6022001   1
       582   2.307692e+08  2.458164e+08  3.269003e+03   6031899   1
       583   2.069473e+08  2.458627e+08  3.276632e+03   6042577   1
       584   9.569283e+08  2.458792e+08  3.284243e+03   6052665   1
       585   1.693325e+08  2.458810e+08  3.292000e+03   6062851   1
       586   4.119358e+08  2.459590e+08  3.299652e+03   6073184   1
       587   4.540797e+08  2.459667e+08  3.307307e+03   6083408   1
       588   2.223457e+08  2.459857e+08  3.315055e+03   6093747   1
       589   2.894267e+08  2.459955e+08  3.322934e+03   6104302   1
       590   3.207507e+08  2.460437e+08  3.338991e+03   6115016   1
       591   4.005611e+08  2.460947e+08  3.346618e+03   6125421   1
       592   2.276081e+08  2.461982e+08  3.354351e+03   6136005   1
       593   2.432140e+08  2.462747e+08  3.362080e+03   6146372   1
       594   1.584577e+08  2.462803e+08  3.369939e+03   6156731   1
       595   3.229753e+08  2.463048e+08  3.377699e+03   6167225   1
       596   2.151331e+08  2.463048e+08  3.385511e+03   6176974   1
       597   2.456389e+08  2.463579e+08  3.393330e+03   6187229   1
       598   3.058771e+08  2.465762e+08  3.401144e+03   6197809   1
       599   3.297732e+08  2.466257e+08  3.408889e+03   6208273   1
       600   2.242098e+08  2.466544e+08  3.416775e+03   6218715   1
       601   3.343754e+08  2.466546e+08  3.424731e+03   6229119   1
       602   1.855936e+08  2.466964e+08  3.432843e+03   6239179   1
       603   2.485382e+08  2.468334e+08  3.449350e+03   6249295   1
       604   3.343312e+08  2.468334e+08  3.457177e+03   6259722   1
       605   1.658314e+08  2.469134e+08  3.464982e+03   6270164   1
       606   2.575871e+08  2.470522e+08  3.472838e+03   6280973   1
       607   1.819177e+08  2.471172e+08  3.480759e+03   6291306   1
       608   1.961181e+08  2.472448e+08  3.488649e+03   6301843   1
       609   2.279532e+08  2.472543e+08  3.496473e+03   6312199   1
       610   1.630956e+08  2.472554e+08  3.504393e+03   6322426   1
       611   1.524461e+08  2.472558e+08  3.512212e+03   6332188   1
       612   2.271495e+08  2.472739e+08  3.520089e+03   6342584   1
       613   3.262291e+08  2.473423e+08  3.528086e+03   6353159   1
       614   1.618671e+08  2.474173e+08  3.536124e+03   6363632   1
       615   3.477073e+08  2.474577e+08  3.544174e+03   6373917   1
       616   2.989019e+08  2.474626e+08  3.552287e+03   6384493   1
       617   2.210941e+08  2.474768e+08  3.568778e+03   6394809   1
       618   2.216745e+08  2.474774e+08  3.576637e+03   6405363   1
       619   2.489733e+08  2.475069e+08  3.584558e+03   6415930   1
       620   3.054420e+08  2.475768e+08  3.592523e+03   6426256   1
       621   2.035601e+08  2.475982e+08  3.600530e+03   6436751   1
       622   2.814942e+08  2.478358e+08  3.608521e+03   6446807   1
       623   3.718898e+08  2.478359e+08  3.616399e+03   6457028   1
       624   1.695847e+08  2.478934e+08  3.624462e+03   6467166   1
       625   1.789858e+08  2.478958e+08  3.632539e+03   6477565   1
       626   5.294475e+08  2.478983e+08  3.640432e+03   6488009   1
       627   7.009968e+08  2.479892e+08  3.648367e+03   6498303   1
       628   3.898954e+08  2.479946e+08  3.656456e+03   6508685   1
       629   2.528084e+08  2.480928e+08  3.664711e+03   6519290   1
       630   2.536473e+08  2.481846e+08  3.681762e+03   6530052   1
       631   1.550228e+08  2.482122e+08  3.689877e+03   6540547   1
       632   1.954757e+08  2.482792e+08  3.697918e+03   6551188   1
       633   4.101452e+08  2.483226e+08  3.705904e+03   6561334   1
       634   1.790994e+08  2.483328e+08  3.713990e+03   6571773   1
       635   3.737585e+08  2.484378e+08  3.722044e+03   6581817   1
       636   9.354061e+08  2.484382e+08  3.730043e+03   6592095   1
       637   2.644108e+08  2.484504e+08  3.738098e+03   6602540   1
       638   5.008915e+08  2.484553e+08  3.746122e+03   6612842   1
       639   1.647604e+08  2.484555e+08  3.754336e+03   6623244   1
       640   3.325748e+08  2.484630e+08  3.762412e+03   6632923   1
       641   3.840410e+08  2.485262e+08  3.770584e+03   6643467   1
       642   6.937040e+08  2.485265e+08  3.778732e+03   6653803   1
       643   2.551750e+08  2.486578e+08  3.787010e+03   6664200   1
       644   2.170169e+08  2.489224e+08  3.804186e+03   6674483   1
       645   2.313818e+08  2.489493e+08  3.812249e+03   6684756   1
       646   2.665289e+08  2.489601e+08  3.820434e+03   6695022   1
       647   2.110450e+08  2.490258e+08  3.828554e+03   6705416   1
       648   3.757796e+08  2.490698e+08  3.836714e+03   6715777   1
       649   2.861349e+08  2.492087e+08  3.844893e+03   6726250   1
       650   1.744668e+08  2.492110e+08  3.853080e+03   6736604   1
       651   4.413042e+08  2.492376e+08  3.861294e+03   6747089   1
       652   3.367590e+08  2.492987e+08  3.869394e+03   6757671   1
       653   5.007587e+08  2.493014e+08  3.877537e+03   6768154   1
       654   5.670381e+08  2.494121e+08  3.885736e+03   6778451   1
       655   3.695264e+08  2.494134e+08  3.894131e+03   6788277   1
       656   6.642970e+08  2.494185e+08  3.902389e+03   6798550   1
       657   4.064727e+08  2.494959e+08  3.910804e+03   6808944   1
       658   2.616874e+08  2.496640e+08  3.928400e+03   6819163   1
       659   1.694634e+08  2.499907e+08  3.936622e+03   6829122   1
       660   2.320837e+08  2.499942e+08  3.944896e+03   6839178   1
       661   1.420602e+08  2.500157e+08  3.953174e+03   6849341   1
       662   1.759897e+08  2.501977e+08  3.961487e+03   6859555   1
       663   2.173462e+08  2.502026e+08  3.969808e+03   6870016   1
       664   2.294113e+08  2.502154e+08  3.978120e+03   6880365   1
       665   2.723996e+08  2.502704e+08  3.986411e+03   6890815   1
       666   2.772177e+08  2.503006e+08  3.994729e+03   6901419   1
       667   3.985599e+08  2.503199e+08  4.003057e+03   6911602   1
       668   2.120319e+08  2.504779e+08  4.011473e+03   6921761   1
       669   1.962814e+08  2.505121e+08  4.019964e+03   6932537   1
       670   4.007271e+08  2.505685e+08  4.028457e+03   6942796   1
       671   1.691125e+08  2.507618e+08  4.037057e+03   6952955   1
       672   4.915664e+08  2.507784e+08  4.054750e+03   6963115   1
       673   3.718025e+08  2.508029e+08  4.063028e+03   6973690   1
       674   5.577114e+08  2.508435e+08  4.071271e+03   6984150   1
       675   4.034344e+08  2.509487e+08  4.079495e+03   6994496   1
       676   2.585841e+08  2.509552e+08  4.087938e+03   7005199   1
       677   2.065907e+08  2.510455e+08  4.096349e+03   7015708   1
       678   1.863347e+08  2.510511e+08  4.104755e+03   7026011   1
       679   2.538308e+08  2.510535e+08  4.113174e+03   7036529   1
       680   3.046942e+08  2.511413e+08  4.121604e+03   7047304   1
       681   2.132095e+08  2.511480e+08  4.130018e+03   7057583   1
       682   2.615128e+08  2.512156e+08  4.138462e+03   7067725   1
       683   1.842494e+08  2.512643e+08  4.147122e+03   7078047   1
       684   1.966187e+08  2.513211e+08  4.155760e+03   7088391   1
       685   1.778679e+08  2.513485e+08  4.164387e+03   7098638   1
       686   1.959259e+08  2.513659e+08  4.173195e+03   7108761   1
       687   3.997905e+08  2.513792e+08  4.190976e+03   7118978   1
       688   3.150217e+08  2.513797e+08  4.199439e+03   7129357   1
       689   1.561070e+08  2.513933e+08  4.207969e+03   7139766   1
       690   2.820240e+08  2.515310e+08  4.216463e+03   7150260   1
       691   3.277826e+08  2.515570e+08  4.224887e+03   7160733   1
       692   1.683744e+08  2.515572e+08  4.233592e+03   7171161   1
       693   4.272969e+08  2.515779e+08  4.242123e+03   7181610   1
       694   1.987740e+08  2.515816e+08  4.250758e+03   7191895   1
       695   2.376418e+08  2.515825e+08  4.259313e+03   7202118   1
       696   1.973263e+08  2.515837e+08  4.267952e+03   7212586   1
       697   1.964717e+08  2.517528e+08  4.276643e+03   7223095   1
       698   4.370574e+08  2.517552e+08  4.285209e+03   7233374   1
       699   1.593734e+08  2.517815e+08  4.294019e+03   7243502   1
       700   2.453788e+08  2.518604e+08  4.302904e+03   7253858   1
       701   1.956522e+08  2.518640e+08  4.321396e+03   7264453   1
       702   4.376044e+08  2.518798e+08  4.329908e+03   7274722   1
       703   3.046368e+08  2.518980e+08  4.338503e+03   7285224   1
       704   2.859070e+08  2.519177e+08  4.347049e+03   7295562   1
       705   5.708489e+08  2.519491e+08  4.355640e+03   7306009   1
       706   2.418360e+08  2.519576e+08  4.364366e+03   7316311   1
       707   4.279005e+08  2.519849e+08  4.372991e+03   7326658   1
       708   1.867877e+08  2.520353e+08  4.381762e+03   7337273   1
       709   1.980825e+08  2.521516e+08  4.390458e+03   7347703   1
       710   1.565071e+08  2.521997e+08  4.399412e+03   7358038   1
       711   4.614018e+08  2.526293e+08  4.408289e+03   7368078   1
       712   2.285587e+08  2.526986e+08  4.417259e+03   7378874   1
       713   3.387309e+08  2.527524e+08  4.426350e+03   7389668   1
       714   2.242773e+08  2.527873e+08  4.435588e+03   7399919   1
       715   4.489766e+08  2.527882e+08  4.444670e+03   7410475   1
       716   2.185521e+08  2.528799e+08  4.463231e+03   7421148   1
       717   4.315106e+08  2.528861e+08  4.471770e+03   7431459   1
       718   5.025193e+08  2.528890e+08  4.480388e+03   7441832   1
       719   2.024384e+08  2.530301e+08  4.489181e+03   7451863   1
       720   4.476948e+08  2.530347e+08  4.497996e+03   7461934   1
       721   2.371137e+08  2.530492e+08  4.506751e+03   7472100   1
       722   1.985221e+08  2.531263e+08  4.515506e+03   7482645   1
       723   2.066982e+08  2.534354e+08  4.524313e+03   7493280   1
       724   1.687373e+08  2.534860e+08  4.533158e+03   7503567   1
       725   3.265253e+08  2.534861e+08  4.542022e+03   7513316   1
       726   2.087501e+08  2.534862e+08  4.551032e+03   7523632   1
       727   1.894574e+08  2.536520e+08  4.559982e+03   7533836   1
       728   2.643411e+08  2.536795e+08  4.569006e+03   7544215   1
       729   5.238641e+08  2.539213e+08  4.577809e+03   7553577   1
       730   4.870924e+08  2.540768e+08  4.586874e+03   7564160   1
       731   3.920710e+08  2.541194e+08  4.605507e+03   7574654   1
       732   2.302300e+08  2.541285e+08  4.614376e+03   7585076   1
       733   2.376519e+08  2.542052e+08  4.623198e+03   7595364   1
       734   2.117375e+08  2.542849e+08  4.632093e+03   7605872   1
       735   2.221590e+08  2.543865e+08  4.641007e+03   7616395   1
       736   6.771621e+08  2.543957e+08  4.649794e+03   7626758   1
       737   2.664508e+08  2.544210e+08  4.658696e+03   7637195   1
       738   1.221225e+08  2.544488e+08  4.667694e+03   7646881   1
       739   2.583821e+08  2.545185e+08  4.676792e+03   7657030   1
       740   2.703239e+08  2.547228e+08  4.685869e+03   7667803   1
       741   2.813438e+08  2.547321e+08  4.694933e+03   7678127   1
       742   2.319807e+08  2.548062e+08  4.704043e+03   7688400   1
       743   3.490285e+08  2.549153e+08  4.712986e+03   7698815   1
       744   3.958756e+08  2.549169e+08  4.722184e+03   7709170   1
       745   2.231851e+08  2.549179e+08  4.741739e+03   7718886   1
       746   7.577182e+08  2.549307e+08  4.750688e+03   7729047   1
       747   2.337629e+08  2.549309e+08  4.759817e+03   7739303   1
       748   1.194039e+08  2.549312e+08  4.768950e+03   7748740   1
       749   3.693203e+08  2.549673e+08  4.777957e+03   7758995   1
       750   3.139451e+08  2.549982e+08  4.786979e+03   7769580   1
       751   2.189373e+08  2.549992e+08  4.796034e+03   7779950   1
       752   3.287482e+08  2.550067e+08  4.805072e+03   7790219   1
       753   2.913257e+08  2.550540e+08  4.814194e+03   7800496   1
       754   3.228769e+08  2.550850e+08  4.823263e+03   7811201   1
       755   2.004634e+08  2.551200e+08  4.832359e+03   7821815   1
       756   1.746781e+08  2.551226e+08  4.841532e+03   7831749   1
       757   2.209017e+08  2.551295e+08  4.850860e+03   7842066   1
       758   2.636591e+08  2.551312e+08  4.860138e+03   7852292   1
       759   2.140717e+08  2.551348e+08  4.869417e+03   7862626   1
       760   4.987634e+08  2.552053e+08  4.878616e+03   7872517   1
       761   3.134291e+08  2.552075e+08  4.898081e+03   7883249   1
       762   2.060949e+08  2.552115e+08  4.907236e+03   7893423   1
       763   2.150054e+08  2.552229e+08  4.916360e+03   7903883   1
       764   1.680704e+08  2.552266e+08  4.925552e+03   7914139   1
       765   3.052794e+08  2.552355e+08  4.934723e+03   7924577   1
       766   3.017570e+08  2.552778e+08  4.943909e+03   7935171   1
       767   3.032300e+08  2.553123e+08  4.953071e+03   7945483   1
       768   4.469294e+08  2.553530e+08  4.962243e+03   7955977   1
       769   3.501797e+08  2.554176e+08  4.971427e+03   7966400   1
       770   4.141011e+08  2.554233e+08  4.980603e+03   7976884   1
       771   2.646260e+08  2.554397e+08  4.989767e+03   7987419   1
       772   2.036206e+08  2.554437e+08  4.999198e+03   7997610   1
       773   2.546057e+08  2.554460e+08  5.008587e+03   8008050   1
       774   4.427557e+08  2.554710e+08  5.017869e+03   8018581   1
       775   2.973854e+08  2.554718e+08  5.027326e+03   8028931   1
       776   1.688827e+08  2.554739e+08  5.047305e+03   8039021   1
       777   3.560272e+08  2.554848e+08  5.056602e+03   8049367   1
       778   4.117471e+08  2.554852e+08  5.065691e+03   8059386   1
       779   1.941970e+08  2.554994e+08  5.074963e+03   8069572   1
       780   6.475059e+08  2.555042e+08  5.084260e+03   8079433   1
       781   3.152583e+08  2.555070e+08  5.093446e+03   8089960   1
       782   4.758494e+08  2.556707e+08  5.102866e+03   8100092   1
       783   3.854462e+08  2.556711e+08  5.112106e+03   8110458   1
       784   2.373614e+08  2.557261e+08  5.121420e+03   8121166   1
       785   1.701615e+08  2.557332e+08  5.130912e+03   8131237   1
       786   1.968934e+08  2.557346e+08  5.140465e+03   8141684   1
       787   2.071435e+08  2.557628e+08  5.149883e+03   8152271   1
       788   2.945833e+08  2.558580e+08  5.159413e+03   8162634   1
       789   2.570935e+08  2.559394e+08  5.168901e+03   8173053   1
       790   2.747486e+08  2.559560e+08  5.178543e+03   8183518   1
       791   1.982855e+08  2.559689e+08  5.188112e+03   8193816   1
       792   1.553809e+08  2.559843e+08  5.208302e+03   8204051   1
       793   3.466612e+08  2.561103e+08  5.217600e+03   8214248   1
       794   2.463260e+08  2.561460e+08  5.226972e+03   8224465   1
       795   2.856119e+08  2.561536e+08  5.236286e+03   8234605   1
       796   2.487438e+08  2.561738e+08  5.245862e+03   8245101   1
       797   1.471846e+08  2.561754e+08  5.255391e+03   8255629   1
       798   1.996681e+08  2.561938e+08  5.264821e+03   8265710   1
       799   2.984973e+08  2.562143e+08  5.274409e+03   8276199   1
       800   1.739423e+08  2.562250e+08  5.283859e+03   8286550   1
       801   2.195090e+08  2.562592e+08  5.293434e+03   8296447   1
       802   5.225520e+08  2.562886e+08  5.302980e+03   8306897   1
       803   3.060209e+08  2.563225e+08  5.312528e+03   8317049   1
       804   1.473001e+08  2.563238e+08  5.322165e+03   8326817   1
       805   1.555113e+08  2.563248e+08  5.331855e+03   8337354   1
       806   4.156122e+08  2.563397e+08  5.341481e+03   8347919   1
       807   1.809930e+08  2.564571e+08  5.351346e+03   8358151   1
       808   3.874276e+08  2.564607e+08  5.371673e+03   8368141   1
       809   2.025090e+08  2.564808e+08  5.381296e+03   8378543   1
       810   4.647129e+08  2.565029e+08  5.390801e+03   8388792   1
       811   1.993965e+08  2.565055e+08  5.400439e+03   8399080   1
       812   2.750084e+08  2.565213e+08  5.409996e+03   8409556   1
       813   2.995980e+08  2.565793e+08  5.419559e+03   8419781   1
       814   2.416285e+08  2.565793e+08  5.429170e+03   8429910   1
       815   2.147672e+08  2.566675e+08  5.438837e+03   8440206   1
       816   1.639340e+08  2.566838e+08  5.448467e+03   8450507   1
       817   2.467704e+08  2.567191e+08  5.458135e+03   8460899   1
       818   1.930006e+08  2.567412e+08  5.467760e+03   8470990   1
       819   4.333418e+08  2.567597e+08  5.477351e+03   8481047   1
       820   2.758937e+08  2.567687e+08  5.487100e+03   8491298   1
       821   2.452020e+08  2.567691e+08  5.496904e+03   8501657   1
       822   1.648792e+08  2.567803e+08  5.506954e+03   8511634   1
       823   1.684032e+08  2.567945e+08  5.527934e+03   8521786   1
       824   2.663206e+08  2.567963e+08  5.537629e+03   8532173   1
       825   1.838377e+08  2.568191e+08  5.547237e+03   8542328   1
       826   3.842767e+08  2.568226e+08  5.556889e+03   8552436   1
       827   1.899069e+08  2.568760e+08  5.566643e+03   8562973   1
       828   2.694098e+08  2.568765e+08  5.576304e+03   8573429   1
       829   5.055103e+08  2.569037e+08  5.585954e+03   8583576   1
       830   2.505707e+08  2.569727e+08  5.595851e+03   8594007   1
       831   2.904271e+08  2.569788e+08  5.605412e+03   8604453   1
       832   2.425058e+08  2.571430e+08  5.615155e+03   8614963   1
       833   1.923122e+08  2.571437e+08  5.624948e+03   8625090   1
       834   2.327320e+08  2.571469e+08  5.634861e+03   8635175   1
       835   2.505074e+08  2.571498e+08  5.644695e+03   8645404   1
       836   1.959661e+08  2.571730e+08  5.654647e+03   8655948   1
       837   3.093563e+08  2.571866e+08  5.664614e+03   8666031   1
       838   2.264200e+08  2.572846e+08  5.674683e+03   8676558   1
       839   3.528313e+08  2.572875e+08  5.696105e+03   8686678   1
       840   1.976708e+08  2.572903e+08  5.705906e+03   8696916   1
       841   2.671633e+08  2.572903e+08  5.715742e+03   8707231   1
       842   2.103664e+08  2.572908e+08  5.725570e+03   8717571   1
       843   2.561485e+08  2.573068e+08  5.735329e+03   8728214   1
       844   1.788696e+08  2.573099e+08  5.745174e+03   8738439   1
       845   1.834978e+08  2.573099e+08  5.755055e+03   8748887   1
       846   2.034731e+08  2.573457e+08  5.764977e+03   8759108   1
       847   1.710740e+08  2.573771e+08  5.774779e+03   8769421   1
       848   9.470813e+08  2.574325e+08  5.784467e+03   8779762   1
       849   2.065845e+08  2.574602e+08  5.794501e+03   8790417   1
       850   3.673633e+08  2.574910e+08  5.804331e+03   8800880   1
       851   2.017561e+08  2.575510e+08  5.814377e+03   8811254   1
       852   2.651550e+08  2.575532e+08  5.824637e+03   8821123   1
       853   1.989260e+08  2.575626e+08  5.834662e+03   8831537   1
       854   2.238726e+08  2.575691e+08  5.844679e+03   8842144   1
       855   4.073617e+08  2.575806e+08  5.866293e+03   8851905   1
       856   5.240824e+08  2.575952e+08  5.876091e+03   8861711   1
       857   1.973888e+08  2.576260e+08  5.885976e+03   8872123   1
       858   2.925205e+08  2.576318e+08  5.895964e+03   8882294   1
       859   1.963724e+08  2.576790e+08  5.905891e+03   8892993   1
       860   4.379371e+08  2.576816e+08  5.915616e+03   8903326   1
       861   4.103540e+08  2.577061e+08  5.925506e+03   8913484   1
       862   5.182030e+08  2.578083e+08  5.935396e+03   8923826   1
       863   2.154137e+08  2.578666e+08  5.945555e+03   8934268   1
       864   3.157978e+08  2.579457e+08  5.955508e+03   8944912   1
       865   2.509263e+08  2.579610e+08  5.965511e+03   8955376   1
       866   4.874490e+08  2.579612e+08  5.975441e+03   8965623   1
       867   1.593039e+08  2.580012e+08  5.985621e+03   8975867   1
       868   2.409642e+08  2.580820e+08  5.995853e+03   8985934   1
       869   2.160191e+08  2.580832e+08  6.006275e+03   8996335   1
       870   1.550597e+08  2.581002e+08  6.016708e+03   9006066   1
       871   2.582285e+08  2.581355e+08  6.027147e+03   9016492   1
       872   1.649412e+08  2.581361e+08  6.048854e+03   9026746   1
       873   2.194705e+08  2.581638e+08  6.059046e+03   9036996   1
       874   1.273821e+08  2.584204e+08  6.069167e+03   9047154   1
       875   2.247185e+08  2.584276e+08  6.079306e+03   9057765   1
       876   2.399377e+08  2.585303e+08  6.089393e+03   9068183   1
       877   2.912130e+08  2.585389e+08  6.099523e+03   9078611   1
       878   2.789582e+08  2.585483e+08  6.109498e+03   9089293   1
       879   2.438473e+08  2.585893e+08  6.119626e+03   9099217   1
       880   2.083912e+08  2.586514e+08  6.129890e+03   9109661   1
       881   2.076833e+08  2.586602e+08  6.140094e+03   9120055   1
       882   1.754165e+08  2.586935e+08  6.150465e+03   9130419   1
       883   2.350294e+08  2.587409e+08  6.160744e+03   9140938   1
       884   3.165416e+08  2.587479e+08  6.171080e+03   9151584   1
       885   3.443466e+08  2.587483e+08  6.181370e+03   9162347   1
       886   2.060642e+08  2.588003e+08  6.191927e+03   9172851   1
       887   2.621586e+08  2.588059e+08  6.202417e+03   9183524   1
       888   2.184760e+08  2.588134e+08  6.224792e+03   9193618   1
       889   1.767029e+08  2.588504e+08  6.235047e+03   9203818   1
       890   2.578213e+08  2.589021e+08  6.245132e+03   9214138   1
       891   5.502155e+08  2.590253e+08  6.255290e+03   9224412   1
       892   1.887047e+08  2.590654e+08  6.265539e+03   9235034   1
       893   1.560975e+08  2.590667e+08  6.275772e+03   9245279   1
       894   1.719129e+08  2.591250e+08  6.286086e+03   9255970   1
       895   3.009365e+08  2.591325e+08  6.296321e+03   9266423   1
       896   2.558679e+08  2.591782e+08  6.306675e+03   9276654   1
       897   2.335174e+08  2.592495e+08  6.316872e+03   9286794   1
       898   2.119400e+08  2.592527e+08  6.327384e+03   9297059   1
       899   2.223318e+08  2.592745e+08  6.337770e+03   9307178   1
       900   1.954931e+08  2.594598e+08  6.348191e+03   9317864   1
       901   2.869303e+08  2.594731e+08  6.358708e+03   9328011   1
       902   2.373933e+08  2.595279e+08  6.369107e+03   9338325   1
       903   2.382231e+08  2.595372e+08  6.379710e+03   9348740   1
       904   3.141744e+08  2.595412e+08  6.390224e+03   9359254   1
       905   3.040783e+08  2.596069e+08  6.412831e+03   9369649   1
       906   3.559441e+08  2.596276e+08  6.423128e+03   9379867   1
       907   3.002703e+08  2.596658e+08  6.433369e+03   9389791   1
       908   3.640953e+08  2.596802e+08  6.443564e+03   9400268   1
       909   1.546330e+08  2.597498e+08  6.453999e+03   9410288   1
       910   3.004470e+08  2.598489e+08  6.464379e+03   9420820   1
       911   2.493357e+08  2.598567e+08  6.474726e+03   9431460   1
       912   2.717285e+08  2.598641e+08  6.485054e+03   9441559   1
       913   1.670947e+08  2.598699e+08  6.495443e+03   9451852   1
       914   2.664069e+08  2.599486e+08  6.505958e+03   9462295   1
       915   3.928983e+08  2.599683e+08  6.516434e+03   9472801   1
       916   3.970024e+08  2.600143e+08  6.526799e+03   9483576   1
       917   1.566975e+08  2.600162e+08  6.537401e+03   9493786   1
       918   1.875505e+08  2.600521e+08  6.548043e+03   9504346   1
       919   2.084282e+08  2.600761e+08  6.558526e+03   9514963   1
       920   2.614139e+08  2.600783e+08  6.569211e+03   9525827   1
       921   5.845804e+08  2.601637e+08  6.579924e+03   9536296   1
       922   1.888928e+08  2.601667e+08  6.602977e+03   9546443   1
       923   3.707419e+08  2.601691e+08  6.613536e+03   9556655   1
       924   2.669000e+08  2.601721e+08  6.624023e+03   9566553   1
       925   1.661916e+08  2.602094e+08  6.634684e+03   9576984   1
       926   2.843760e+08  2.602255e+08  6.645172e+03   9587411   1
       927   5.072842e+08  2.602527e+08  6.655529e+03   9597700   1
       928   5.069150e+08  2.602610e+08  6.666018e+03   9607725   1
       929   1.655825e+08  2.603192e+08  6.676659e+03   9617905   1
       930   2.360987e+08  2.603254e+08  6.687308e+03   9628346   1
       931   2.896132e+08  2.606030e+08  6.697835e+03   9639061   1
       932   4.317833e+08  2.606051e+08  6.708292e+03   9649260   1
       933   1.997438e+08  2.606288e+08  6.719021e+03   9659206   1
       934   1.846099e+08  2.606303e+08  6.729658e+03   9669070   1
       935   2.695853e+08  2.606332e+08  6.740589e+03   9679131   1
       936   4.534053e+08  2.606417e+08  6.751448e+03   9689445   1
       937   2.032480e+08  2.606999e+08  6.762372e+03   9699366   1
       938   1.885876e+08  2.607650e+08  6.773213e+03   9709744   1
       939   1.860294e+08  2.607682e+08  6.796364e+03   9720083   1
       940   1.630646e+08  2.607956e+08  6.807094e+03   9730395   1
       941   1.813581e+08  2.608029e+08  6.817564e+03   9740699   1
       942   1.662608e+08  2.608926e+08  6.828291e+03   9751365   1
       943   1.331831e+08  2.609651e+08  6.838991e+03   9761670   1
       944   3.202155e+08  2.609669e+08  6.849788e+03   9772093   1
       945   3.727229e+08  2.610722e+08  6.860387e+03   9782513   1
       946   2.522614e+08  2.610744e+08  6.871080e+03   9792792   1
       947   2.942391e+08  2.610853e+08  6.881687e+03   9803247   1
       948   2.939289e+08  2.611348e+08  6.892439e+03   9813603   1
       949   2.416417e+08  2.611369e+08  6.903248e+03   9823760   1
       950   5.452441e+08  2.611492e+08  6.913822e+03   9834109   1
       951   1.999357e+08  2.611673e+08  6.924624e+03   9844545   1
       952   4.291665e+08  2.611799e+08  6.935369e+03   9854950   1
       953   2.827196e+08  2.612030e+08  6.946198e+03   9865075   1
       954   2.737261e+08  2.612032e+08  6.956983e+03   9875269   1
       955   3.977841e+08  2.612480e+08  6.967958e+03   9885778   1
       956   4.792763e+08  2.614301e+08  6.991627e+03   9896164   1
       957   1.366128e+08  2.614623e+08  7.002380e+03   9906544   1
       958   2.149177e+08  2.614625e+08  7.013301e+03   9916856   1
       959   1.879381e+08  2.614734e+08  7.024063e+03   9927132   1
       960   2.064917e+08  2.614939e+08  7.034782e+03   9937355   1
       961   3.034927e+08  2.616598e+08  7.045527e+03   9948035   1
       962   2.215121e+08  2.617055e+08  7.056424e+03   9958549   1
       963   1.401276e+08  2.617372e+08  7.067291e+03   9968595   1
       964   1.954522e+08  2.617381e+08  7.078197e+03   9978857   1
       965   2.406387e+08  2.617641e+08  7.089102e+03   9989384   1
       966   3.858668e+08  2.617667e+08  7.099802e+03   9999905   1
       967   3.008612e+08  2.618353e+08  7.110635e+03  10010187   1
       968   1.314449e+08  2.618372e+08  7.121771e+03  10020424   1
       969   3.892942e+08  2.618441e+08  7.132688e+03  10031020   1
       970   2.934011e+08  2.618994e+08  7.143650e+03  10041619   1
       971   3.134048e+08  2.619003e+08  7.154679e+03  10052132   1
       972   1.900489e+08  2.619010e+08  7.165845e+03  10062299   1
       973   1.629748e+08  2.619127e+08  7.177117e+03  10072794   1
       974   2.838254e+08  2.619185e+08  7.201088e+03  10082681   1
-------------------------------------------------------------------
status         : time_limit
total time (s) : 7.201088e+03
total solves   : 10082681
best bound     :  2.619185e+08
simulation ci  :  2.962684e+08  9.160437e+06
numeric issues : 0
-------------------------------------------------------------------

 
                                        Time                    Allocations      
                                  
       Tot / % measured:            2.00h /  99.9%            859GiB /  99.9%    

 Section               ncalls     time    %tot     avg     alloc    %tot      avg
 
 backward_pass            974    1.99h   99.4%   7.35s    851GiB   99.1%   894MiB
   solve_subproblem     10.0M    2584s   35.9%   259s    506GiB   59.0%  53.2KiB
     get_dual_solution  10.0M    43.3s    0.6%  4.35s   14.3GiB    1.7%  1.50KiB
   prepare_backward...  1.95k    1.49s    0.0%   764s    311MiB    0.0%   163KiB
 forward_pass             974    35.9s    0.5%  36.8ms   6.80GiB    0.8%  7.15MiB
   solve_subproblem      117k    33.4s    0.5%   286s   5.95GiB    0.7%  53.4KiB
     get_dual_solution   117k    120ms    0.0%  1.03s   62.4MiB    0.0%     560B
   sample_scenario        974   4.82ms    0.0%  4.95s    152KiB    0.0%     160B
 calculate_bound          974    5.35s    0.1%  5.49ms    834MiB    0.1%   877KiB
   get_dual_solution      974   1.31ms    0.0%  1.35s    533KiB    0.0%     560B
 


||||||||||||||||||||||||||||||||||||||||||||||||||||||||||||||||||||||||||||||||||||||||||||||||||||||||||||||||||||||||||||||||||||||||
SIMULATION RESULTS
LogLinearSDDP.NoSimulation()
markov
Lower bound: 2.6191845220337012e8
Statistical upper bound (confidence interval): 3.250917857281494e8  6.502673888143588e6
Pessimistic upper bound: 3.31594459616293e8

||||||||||||||||||||||||||||||||||||||||||||||||||||||||||||||||||||||||||||||||||||||||||||||||||||||||||||||||||||||||||||||||||||||||
SIMULATION RESULTS
LogLinearSDDP.NoSimulation()
markov
Lower bound: 2.6191845220337012e8
Statistical upper bound (confidence interval): 2.1029230309675494e8  5.11769185614739e6
Pessimistic upper bound: 2.1540999495290232e8

||||||||||||||||||||||||||||||||||||||||||||||||||||||||||||||||||||||||||||||||||||||||||||||||||||||||||||||||||||||||||||||||||||||||
SIMULATION RESULTS
LogLinearSDDP.NoSimulation()
custom_model
Lower bound: 2.6191845220337012e8
Statistical upper bound (confidence interval): 3.582035871823104e8  7.450521593453983e6
Pessimistic upper bound: 3.656541087757644e8

||||||||||||||||||||||||||||||||||||||||||||||||||||||||||||||||||||||||||||||||||||||||||||||||||||||||||||||||||||||||||||||||||||||||
SIMULATION RESULTS
LogLinearSDDP.NoSimulation()
custom_model
Lower bound: 2.6191845220337012e8
Statistical upper bound (confidence interval): 2.408405436230638e8  6.132982007048354e6
Pessimistic upper bound: 2.4697352563011217e8

||||||||||||||||||||||||||||||||||||||||||||||||||||||||||||||||||||||||||||||||||||||||||||||||||||||||||||||||||||||||||||||||||||||||
SIMULATION RESULTS
LogLinearSDDP.NoSimulation()
fitted_model
Lower bound: 2.6191845220337012e8
Statistical upper bound (confidence interval): 2.6542981845922992e8  4.4915300024882e6
Pessimistic upper bound: 2.6992134846171814e8

||||||||||||||||||||||||||||||||||||||||||||||||||||||||||||||||||||||||||||||||||||||||||||||||||||||||||||||||||||||||||||||||||||||||
SIMULATION RESULTS
LogLinearSDDP.NoSimulation()
fitted_model
Lower bound: 2.6191845220337012e8
Statistical upper bound (confidence interval): 1.844934710409798e8  3.7525268629031708e6
Pessimistic upper bound: 1.8824599790388298e8

||||||||||||||||||||||||||||||||||||||||||||||||||||||||||||||||||||||||||||||||||||||||||||||||||||||||||||||||||||||||||||||||||||||||
SIMULATION RESULTS
LogLinearSDDP.NoSimulation()
shapiro_model
Lower bound: 2.6191845220337012e8
Statistical upper bound (confidence interval): 2.7267511837041783e8  5.058405464968907e6
Pessimistic upper bound: 2.7773352383538675e8

||||||||||||||||||||||||||||||||||||||||||||||||||||||||||||||||||||||||||||||||||||||||||||||||||||||||||||||||||||||||||||||||||||||||
SIMULATION RESULTS
LogLinearSDDP.NoSimulation()
shapiro_model
Lower bound: 2.6191845220337012e8
Statistical upper bound (confidence interval): 1.9091887484649208e8  4.327431229173545e6
Pessimistic upper bound: 1.9524630607566562e8

||||||||||||||||||||||||||||||||||||||||||||||||||||||||||||||||||||||||||||||||||||||||||||||||||||||||||||||||||||||||||||||||||||||||
SIMULATION RESULTS
LogLinearSDDP.NoSimulation()
markov
Lower bound: 2.6186637016989747e8
Statistical upper bound (confidence interval): 4.852747881786534e8  8.125062840241961e7
Pessimistic upper bound: 5.66525416581073e8

||||||||||||||||||||||||||||||||||||||||||||||||||||||||||||||||||||||||||||||||||||||||||||||||||||||||||||||||||||||||||||||||||||||||
SIMULATION RESULTS
LogLinearSDDP.NoSimulation()
markov
Lower bound: 2.6186637016989747e8
Statistical upper bound (confidence interval): 3.150358463880022e8  6.56911239542282e7
Pessimistic upper bound: 3.8072697034223044e8
