||||||||||||||||||||||||||||||||||||||||||||||||||||||||||||||||||||||||||||||||||||||||||||||||||||||||||||||||||||||||||||||||||||||||
PATH
calling 
C:\Users\cg4102\Documents\New LogLinearSDDP\LogLinearSDDP.jl\Examples\Hydrothermal
C:\Users\cg4102\Documents\New LogLinearSDDP\LogLinearSDDP.jl\Examples\Hydrothermal\run_model_linearized.jl
DATETIME
2025-04-03T22:13:57.328
RUN DESCRIPTION
LogLinearSDDP.AlgoParams(SDDP.AbstractStoppingRule[SDDP.TimeLimit(7200.0)], LogLinearSDDP.Simulation(SDDP.InSampleMonteCarlo(0, false, true, SDDP.var"#155#158"{SDDP.var"#156#159"}(SDDP.var"#156#159"(), Core.Box(0)), nothing), 2000, 11111), false, 2, 1, "C:/Users/cg4102/Documents/julia_logs/Cut-sharing Final Run (2h) - NoCS/Run_fitted_model_22222/LinearizedSDDP.log", false, false, false, 22222, "", :fitted_model)
-------------------------------------------------------------------
         SDDP.jl (c) Oscar Dowson and contributors, 2017-23
-------------------------------------------------------------------
problem
  nodes           : 120
  state variables : 8
  scenarios       : 1.00000e+238
  existing cuts   : false
options
  solver          : serial mode
  risk measure    : SDDP.Expectation()
  sampling scheme : SDDP.InSampleMonteCarlo
subproblem structure
  VariableRef                                  : [170, 174]
  JuMP.AffExpr in MOI.EqualTo{Float64}         : [13, 13]
  JuMP.VariableRef in MOI.EqualTo{Float64}     : [1, 1]
  JuMP.VariableRef in MOI.GreaterThan{Float64} : [157, 157]
  JuMP.VariableRef in MOI.LessThan{Float64}    : [148, 149]
-------------------------------------------------------------------
 iteration    simulation      bound        time (s)     solves  pid
-------------------------------------------------------------------
         1   2.375252e+09  2.450955e+05  2.313000e+00     12021   1
         2   1.638555e+09  2.450955e+05  4.548000e+00     24042   1
         3   1.684286e+09  2.450955e+05  6.798000e+00     36063   1
         4   1.341813e+09  2.450955e+05  9.111000e+00     48084   1
         5   1.060782e+09  3.487668e+05  1.139200e+01     60105   1
         6   8.780130e+08  1.726460e+06  1.368900e+01     72126   1
         7   5.533646e+08  1.877478e+06  1.601700e+01     84147   1
         8   9.113674e+08  3.319316e+06  1.831400e+01     96168   1
         9   5.791072e+08  3.615339e+06  2.064400e+01    108189   1
        10   8.788221e+08  3.706381e+06  2.300300e+01    120210   1
        11   7.285144e+08  4.184012e+06  2.533200e+01    132231   1
        12   6.935887e+08  4.368042e+06  2.763000e+01    144252   1
        13   6.187746e+08  4.425195e+06  2.998900e+01    156273   1
        14   5.951029e+08  4.425226e+06  3.231800e+01    168294   1
        15   4.678546e+08  4.552072e+06  3.466400e+01    180315   1
        16   1.039777e+09  8.375255e+06  3.703900e+01    192336   1
        17   4.977421e+08  9.149250e+06  3.939800e+01    204357   1
        18   7.191460e+08  9.173472e+06  4.172600e+01    216378   1
        19   3.074684e+08  9.411092e+06  4.408500e+01    228399   1
        20   3.582387e+08  1.400883e+07  4.642900e+01    240420   1
        21   4.627155e+08  1.431948e+07  4.883700e+01    252441   1
        22   6.172266e+08  1.505027e+07  5.122700e+01    264462   1
        23   5.762958e+08  1.522737e+07  5.360200e+01    276483   1
        24   5.234459e+08  1.714068e+07  5.597700e+01    288504   1
        25   3.475916e+08  1.885153e+07  5.838400e+01    300525   1
        26   2.715538e+08  1.893847e+07  6.077500e+01    312546   1
        27   2.544337e+08  1.913979e+07  6.312000e+01    324567   1
        28   7.239605e+08  3.150398e+07  6.555700e+01    336588   1
        29   2.121461e+08  3.239643e+07  6.791700e+01    348609   1
        30   2.691014e+08  3.452616e+07  7.027600e+01    360630   1
        31   2.245157e+08  6.167488e+07  7.268300e+01    372651   1
        32   3.559332e+08  6.167488e+07  7.508900e+01    384672   1
        33   4.733214e+08  6.169394e+07  7.755800e+01    396693   1
        34   2.877673e+08  6.183527e+07  8.004300e+01    408714   1
        35   4.856459e+08  6.190438e+07  8.252700e+01    420735   1
        36   6.589640e+08  6.213586e+07  8.505900e+01    432756   1
        37   9.340621e+08  6.242195e+07  8.760500e+01    444777   1
        38   4.513541e+08  6.304467e+07  9.015200e+01    456798   1
        39   5.139997e+08  6.918392e+07  9.266900e+01    468819   1
        40   2.959713e+08  7.305846e+07  9.523200e+01    480840   1
        41   7.204025e+08  7.859322e+07  9.774700e+01    492861   1
        42   1.253458e+09  8.115663e+07  1.003260e+02    504882   1
        43   6.307238e+08  8.176285e+07  1.029200e+02    516903   1
        44   3.476097e+08  8.184511e+07  1.054670e+02    528924   1
        45   1.590634e+08  8.202360e+07  1.080150e+02    540945   1
        46   6.188188e+08  8.225821e+07  1.106710e+02    552966   1
        47   3.532195e+08  8.320689e+07  1.132810e+02    564987   1
        48   3.041515e+08  8.427409e+07  1.158740e+02    577008   1
        49   1.335227e+08  8.532871e+07  1.184840e+02    589029   1
        50   2.219961e+08  9.163245e+07  1.210170e+02    601050   1
        51   5.249650e+08  9.183150e+07  1.236740e+02    613071   1
        52   1.798510e+08  9.220859e+07  1.263770e+02    625092   1
        53   3.604478e+08  9.265681e+07  1.290330e+02    637113   1
        54   2.260345e+08  9.346430e+07  1.316890e+02    649134   1
        55   2.343725e+08  9.404756e+07  1.343930e+02    661155   1
        56   1.978981e+08  9.417894e+07  1.370970e+02    673176   1
        57   4.276121e+08  9.435711e+07  1.398470e+02    685197   1
        58   4.219509e+08  9.443791e+07  1.425670e+02    697218   1
        59   8.965835e+08  9.469239e+07  1.453330e+02    709239   1
        60   3.807126e+08  9.503813e+07  1.480520e+02    721260   1
        61   3.740306e+08  9.504463e+07  1.508190e+02    733281   1
        62   2.390968e+08  9.526557e+07  1.535840e+02    745302   1
        63   5.495682e+08  9.529482e+07  1.563500e+02    757323   1
        64   3.200147e+08  9.533548e+07  1.591310e+02    769344   1
        65   3.151648e+08  9.557161e+07  1.618650e+02    781365   1
        66   3.219077e+08  9.565347e+07  1.646640e+02    793386   1
        67   4.339824e+08  9.656847e+07  1.674620e+02    805407   1
        68   9.460835e+08  1.006662e+08  1.702590e+02    817428   1
        69   1.573929e+08  1.007357e+08  1.730250e+02    829449   1
        70   1.888555e+08  1.009495e+08  1.758210e+02    841470   1
        71   2.110617e+08  1.022556e+08  1.785870e+02    853491   1
        72   4.011514e+08  1.025507e+08  1.814170e+02    865512   1
        73   4.386076e+08  1.026571e+08  1.842760e+02    877533   1
        74   1.391645e+08  1.032909e+08  1.870570e+02    889554   1
        75   3.049239e+08  1.041432e+08  1.899160e+02    901575   1
        76   2.024185e+08  1.042809e+08  1.927920e+02    913596   1
        77   6.908591e+08  1.043507e+08  1.956370e+02    925617   1
        78   3.686408e+08  1.044012e+08  1.985120e+02    937638   1
        79   5.473145e+08  1.054834e+08  2.014350e+02    949659   1
        80   4.535866e+08  1.056165e+08  2.042940e+02    961680   1
        81   2.653277e+08  1.065911e+08  2.071850e+02    973701   1
        82   3.559840e+08  1.072541e+08  2.100920e+02    985722   1
        83   2.670914e+08  1.084142e+08  2.129660e+02    997743   1
        84   1.660849e+08  1.084801e+08  2.158570e+02   1009764   1
        85   2.865502e+08  1.101729e+08  2.187940e+02   1021785   1
        86   2.413407e+08  1.104074e+08  2.217160e+02   1033806   1
        87   1.425591e+08  1.104876e+08  2.246240e+02   1045827   1
        88   2.118690e+08  1.106151e+08  2.276080e+02   1057848   1
        89   1.849700e+08  1.107603e+08  2.305300e+02   1069869   1
        90   4.590236e+08  1.110253e+08  2.335140e+02   1081890   1
        91   4.230436e+08  1.110876e+08  2.365450e+02   1093911   1
        92   2.413568e+08  1.113113e+08  2.395150e+02   1105932   1
        93   2.603957e+08  1.115389e+08  2.425310e+02   1117953   1
        94   2.448951e+08  1.118734e+08  2.455480e+02   1129974   1
        95   2.698483e+08  1.123126e+08  2.485790e+02   1141995   1
        96   1.616964e+08  1.123415e+08  2.515960e+02   1154016   1
        97   2.925429e+08  1.124041e+08  2.546910e+02   1166037   1
        98   3.902819e+08  1.125829e+08  2.577380e+02   1178058   1
        99   3.254129e+08  1.133808e+08  2.607530e+02   1190079   1
       100   1.294147e+08  1.140649e+08  2.638000e+02   1202100   1
       101   3.119347e+08  1.144832e+08  2.668310e+02   1214121   1
       102   1.759695e+08  1.146740e+08  2.698790e+02   1226142   1
       103   7.061228e+08  1.147428e+08  2.730500e+02   1238163   1
       104   3.391755e+08  1.150175e+08  2.761290e+02   1250184   1
       105   3.666926e+08  1.152568e+08  2.792070e+02   1262205   1
       106   1.900757e+08  1.153299e+08  2.823330e+02   1274226   1
       107   3.287937e+08  1.155135e+08  2.854450e+02   1286247   1
       108   2.519142e+08  1.155420e+08  2.885080e+02   1298268   1
       109   9.334045e+08  1.156381e+08  2.916640e+02   1310289   1
       110   1.660226e+08  1.156682e+08  2.947580e+02   1322310   1
       111   3.190072e+08  1.157491e+08  2.979320e+02   1334331   1
       112   3.629202e+08  1.158316e+08  3.011350e+02   1346352   1
       113   5.087681e+08  1.160264e+08  3.042600e+02   1358373   1
       114   1.645387e+08  1.160684e+08  3.073690e+02   1370394   1
       115   5.801281e+08  1.161063e+08  3.105730e+02   1382415   1
       116   2.685481e+08  1.161488e+08  3.136990e+02   1394436   1
       117   3.789278e+08  1.162659e+08  3.168710e+02   1406457   1
       118   3.158540e+08  1.163204e+08  3.200890e+02   1418478   1
       119   2.573572e+08  1.190591e+08  3.232460e+02   1430499   1
       120   3.821896e+08  1.197769e+08  3.264040e+02   1442520   1
       121   3.213773e+08  1.215293e+08  3.295620e+02   1454541   1
       122   1.770593e+08  1.215786e+08  3.327330e+02   1466562   1
       123   1.959013e+08  1.220109e+08  3.359380e+02   1478583   1
       124   2.420623e+08  1.232233e+08  3.391570e+02   1490604   1
       125   1.792201e+08  1.239822e+08  3.423610e+02   1502625   1
       126   4.675955e+08  1.243402e+08  3.455800e+02   1514646   1
       127   2.256046e+08  1.245613e+08  3.488310e+02   1526667   1
       128   3.610794e+08  1.249253e+08  3.520650e+02   1538688   1
       129   1.485981e+08  1.263718e+08  3.552530e+02   1550709   1
       130   2.266157e+08  1.265790e+08  3.585670e+02   1562730   1
       131   2.683928e+08  1.268948e+08  3.618170e+02   1574751   1
       132   7.612462e+08  1.275689e+08  3.651160e+02   1586772   1
       133   2.038230e+08  1.279253e+08  3.683660e+02   1598793   1
       134   5.597450e+08  1.280758e+08  3.716190e+02   1610814   1
       135   2.069176e+08  1.283366e+08  3.748840e+02   1622835   1
       136   3.232506e+08  1.297735e+08  3.781190e+02   1634856   1
       137   4.488299e+08  1.299176e+08  3.814310e+02   1646877   1
       138   2.878635e+08  1.301186e+08  3.847440e+02   1658898   1
       139   3.011241e+08  1.303374e+08  3.880730e+02   1670919   1
       140   2.074764e+08  1.306763e+08  3.913690e+02   1682940   1
       141   1.343816e+08  1.307180e+08  3.946990e+02   1694961   1
       142   3.877716e+08  1.307469e+08  3.980120e+02   1706982   1
       143   2.994489e+08  1.308382e+08  4.013720e+02   1719003   1
       144   2.346603e+08  1.315926e+08  4.047630e+02   1731024   1
       145   2.996218e+08  1.324332e+08  4.081380e+02   1743045   1
       146   2.450839e+08  1.329706e+08  4.115280e+02   1755066   1
       147   1.655330e+08  1.330250e+08  4.149050e+02   1767087   1
       148   1.525145e+08  1.333334e+08  4.182800e+02   1779108   1
       149   2.670167e+08  1.336197e+08  4.217170e+02   1791129   1
       150   2.385316e+08  1.337670e+08  4.251570e+02   1803150   1
       151   1.588862e+08  1.340330e+08  4.285480e+02   1815171   1
       152   3.102004e+08  1.341644e+08  4.319850e+02   1827192   1
       153   1.664788e+08  1.344269e+08  4.354540e+02   1839213   1
       154   4.628908e+08  1.344628e+08  4.388760e+02   1851234   1
       155   3.941133e+08  1.345117e+08  4.423140e+02   1863255   1
       156   3.549044e+08  1.346829e+08  4.457840e+02   1875276   1
       157   2.612400e+08  1.347337e+08  4.491590e+02   1887297   1
       158   1.439939e+08  1.347617e+08  4.525650e+02   1899318   1
       159   1.919685e+08  1.348871e+08  4.559870e+02   1911339   1
       160   4.863042e+08  1.349225e+08  4.594250e+02   1923360   1
       161   2.125844e+08  1.350047e+08  4.628940e+02   1935381   1
       162   3.845011e+08  1.350090e+08  4.664420e+02   1947402   1
       163   3.956750e+08  1.351462e+08  4.699260e+02   1959423   1
       164   3.171338e+08  1.351681e+08  4.733970e+02   1971444   1
       165   5.661299e+08  1.352385e+08  4.769290e+02   1983465   1
       166   2.208496e+08  1.369306e+08  4.804290e+02   1995486   1
       167   1.693519e+08  1.370782e+08  4.838820e+02   2007507   1
       168   1.935076e+08  1.373087e+08  4.874300e+02   2019528   1
       169   1.628562e+08  1.373184e+08  4.908850e+02   2031549   1
       170   1.616765e+08  1.378403e+08  4.943690e+02   2043570   1
       171   3.115691e+08  1.378436e+08  4.979470e+02   2055591   1
       172   1.536740e+08  1.380998e+08  5.014630e+02   2067612   1
       173   5.850529e+08  1.382870e+08  5.051830e+02   2079633   1
       174   2.709700e+08  1.385690e+08  5.088390e+02   2091654   1
       175   4.647368e+08  1.386112e+08  5.125440e+02   2103675   1
       176   2.845018e+08  1.386449e+08  5.163260e+02   2115696   1
       177   1.420814e+08  1.387076e+08  5.200310e+02   2127717   1
       178   1.456382e+08  1.387258e+08  5.237500e+02   2139738   1
       179   3.067317e+08  1.388022e+08  5.275620e+02   2151759   1
       180   7.886595e+08  1.388872e+08  5.313750e+02   2163780   1
       181   1.801858e+08  1.390107e+08  5.351420e+02   2175801   1
       182   2.159978e+08  1.390419e+08  5.389710e+02   2187822   1
       183   2.194684e+08  1.391590e+08  5.428140e+02   2199843   1
       184   2.362680e+08  1.392901e+08  5.466580e+02   2211864   1
       185   1.553613e+08  1.393173e+08  5.505510e+02   2223885   1
       186   3.870653e+08  1.393677e+08  5.543630e+02   2235906   1
       187   1.940898e+08  1.394600e+08  5.581910e+02   2247927   1
       188   2.143282e+08  1.395016e+08  5.621160e+02   2259948   1
       189   2.550485e+08  1.396185e+08  5.658970e+02   2271969   1
       190   4.386625e+08  1.397157e+08  5.697880e+02   2283990   1
       191   2.132598e+08  1.399554e+08  5.737410e+02   2296011   1
       192   2.317319e+08  1.401452e+08  5.776180e+02   2308032   1
       193   4.879967e+08  1.402705e+08  5.814930e+02   2320053   1
       194   2.491089e+08  1.403588e+08  5.854460e+02   2332074   1
       195   3.092661e+08  1.404477e+08  5.893680e+02   2344095   1
       196   3.778122e+08  1.405033e+08  5.932760e+02   2356116   1
       197   2.789302e+08  1.406498e+08  5.972140e+02   2368137   1
       198   2.064318e+08  1.407830e+08  6.011350e+02   2380158   1
       199   1.692396e+08  1.408655e+08  6.050580e+02   2392179   1
       200   2.424543e+08  1.409779e+08  6.090450e+02   2404200   1
       201   2.053401e+08  1.410328e+08  6.130130e+02   2416221   1
       202   2.254117e+08  1.411548e+08  6.169820e+02   2428242   1
       203   2.814669e+08  1.415745e+08  6.210000e+02   2440263   1
       204   6.035514e+08  1.416639e+08  6.250470e+02   2452284   1
       205   1.849570e+08  1.417244e+08  6.290010e+02   2464305   1
       206   3.017957e+08  1.423203e+08  6.329540e+02   2476326   1
       207   1.819444e+08  1.426809e+08  6.368470e+02   2488347   1
       208   1.631113e+08  1.427623e+08  6.406600e+02   2500368   1
       209   2.842072e+08  1.428574e+08  6.445680e+02   2512389   1
       210   2.551674e+08  1.429714e+08  6.484280e+02   2524410   1
       211   4.784793e+08  1.430939e+08  6.523210e+02   2536431   1
       212   2.712754e+08  1.431550e+08  6.562430e+02   2548452   1
       213   2.100630e+08  1.431948e+08  6.601800e+02   2560473   1
       214   2.434123e+08  1.433530e+08  6.640710e+02   2572494   1
       215   3.580055e+08  1.434021e+08  6.680580e+02   2584515   1
       216   2.126540e+08  1.434919e+08  6.719950e+02   2596536   1
       217   4.784966e+08  1.436672e+08  6.758860e+02   2608557   1
       218   5.515781e+08  1.437759e+08  6.798730e+02   2620578   1
       219   4.957617e+08  1.438244e+08  6.838730e+02   2632599   1
       220   3.414177e+08  1.439033e+08  6.878890e+02   2644620   1
       221   2.960875e+08  1.439918e+08  6.919210e+02   2656641   1
       222   5.646405e+08  1.440350e+08  6.959390e+02   2668662   1
       223   6.525838e+08  1.447506e+08  6.999230e+02   2680683   1
       224   4.981753e+08  1.449279e+08  7.039710e+02   2692704   1
       225   1.937851e+08  1.450857e+08  7.079400e+02   2704725   1
       226   1.592354e+08  1.451573e+08  7.119560e+02   2716746   1
       227   3.243612e+08  1.453401e+08  7.159720e+02   2728767   1
       228   1.959231e+08  1.455165e+08  7.200190e+02   2740788   1
       229   2.389581e+08  1.455554e+08  7.241300e+02   2752809   1
       230   2.002116e+08  1.455843e+08  7.281760e+02   2764830   1
       231   2.077117e+08  1.456093e+08  7.322070e+02   2776851   1
       232   3.436521e+08  1.457678e+08  7.363170e+02   2788872   1
       233   1.584046e+08  1.460831e+08  7.404130e+02   2800893   1
       234   1.374002e+08  1.461565e+08  7.444910e+02   2812914   1
       235   5.000466e+08  1.463647e+08  7.486470e+02   2824935   1
       236   1.480630e+08  1.466166e+08  7.527130e+02   2836956   1
       237   2.278050e+08  1.467233e+08  7.568370e+02   2848977   1
       238   4.344505e+08  1.467571e+08  7.609790e+02   2860998   1
       239   3.196609e+08  1.468705e+08  7.651510e+02   2873019   1
       240   5.752551e+08  1.470081e+08  7.693250e+02   2885040   1
       241   2.758235e+08  1.471515e+08  7.735590e+02   2897061   1
       242   2.267980e+08  1.472087e+08  7.777470e+02   2909082   1
       243   4.082428e+08  1.472548e+08  7.819970e+02   2921103   1
       244   1.493672e+08  1.472922e+08  7.862310e+02   2933124   1
       245   1.714310e+08  1.474037e+08  7.904520e+02   2945145   1
       246   1.944910e+08  1.474483e+08  7.946860e+02   2957166   1
       247   1.844666e+08  1.476291e+08  7.988910e+02   2969187   1
       248   2.059722e+08  1.476471e+08  8.030940e+02   2981208   1
       249   6.249354e+08  1.477101e+08  8.073940e+02   2993229   1
       250   2.756474e+08  1.478157e+08  8.116760e+02   3005250   1
       251   4.918294e+08  1.479437e+08  8.159250e+02   3017271   1
       252   1.513090e+08  1.480646e+08  8.201610e+02   3029292   1
       253   1.727990e+08  1.481248e+08  8.244890e+02   3041313   1
       254   4.222620e+08  1.482640e+08  8.288030e+02   3053334   1
       255   1.541220e+08  1.483209e+08  8.330690e+02   3065355   1
       256   2.522032e+08  1.483513e+08  8.373970e+02   3077376   1
       257   2.088020e+08  1.484436e+08  8.416960e+02   3089397   1
       258   4.990542e+08  1.485453e+08  8.460090e+02   3101418   1
       259   5.938387e+08  1.486042e+08  8.503700e+02   3113439   1
       260   3.096840e+08  1.486736e+08  8.547470e+02   3125460   1
       261   2.078127e+08  1.487144e+08  8.590620e+02   3137481   1
       262   3.575494e+08  1.487763e+08  8.635000e+02   3149502   1
       263   2.468519e+08  1.488377e+08  8.679060e+02   3161523   1
       264   2.574208e+08  1.489139e+08  8.723300e+02   3173544   1
       265   2.604193e+08  1.490105e+08  8.767050e+02   3185565   1
       266   2.505009e+08  1.491125e+08  8.811270e+02   3197586   1
       267   4.661565e+08  1.491807e+08  8.855510e+02   3209607   1
       268   1.540760e+08  1.493205e+08  8.899570e+02   3221628   1
       269   1.912514e+08  1.494133e+08  8.943320e+02   3233649   1
       270   2.689498e+08  1.495332e+08  8.987700e+02   3245670   1
       271   9.644972e+08  1.496137e+08  9.031940e+02   3257691   1
       272   2.978881e+08  1.497623e+08  9.076150e+02   3269712   1
       273   1.317400e+08  1.498918e+08  9.120370e+02   3281733   1
       274   2.958453e+08  1.501440e+08  9.164290e+02   3293754   1
       275   4.649780e+08  1.503189e+08  9.208670e+02   3305775   1
       276   1.231264e+08  1.503880e+08  9.253200e+02   3317796   1
       277   2.155934e+08  1.505038e+08  9.297280e+02   3329817   1
       278   4.387872e+08  1.506267e+08  9.341960e+02   3341838   1
       279   1.520797e+08  1.506392e+08  9.386340e+02   3353859   1
       280   1.853431e+08  1.507091e+08  9.430720e+02   3365880   1
       281   3.375615e+08  1.507212e+08  9.475710e+02   3377901   1
       282   3.233737e+08  1.507673e+08  9.520560e+02   3389922   1
       283   2.983908e+08  1.507995e+08  9.565240e+02   3401943   1
       284   1.858250e+08  1.508454e+08  9.609940e+02   3413964   1
       285   2.694436e+08  1.509193e+08  9.654790e+02   3425985   1
       286   2.735452e+08  1.509942e+08  9.699470e+02   3438006   1
       287   5.505098e+08  1.510009e+08  9.744810e+02   3450027   1
       288   4.205641e+08  1.510775e+08  9.790600e+02   3462048   1
       289   1.803488e+08  1.511287e+08  9.836230e+02   3474069   1
       290   1.834274e+08  1.511744e+08  9.881720e+02   3486090   1
       291   6.296346e+08  1.511887e+08  9.927650e+02   3498111   1
       292   3.669385e+08  1.512938e+08  9.972970e+02   3510132   1
       293   3.993067e+08  1.513485e+08  1.001891e+03   3522153   1
       294   9.395810e+08  1.514116e+08  1.006438e+03   3534174   1
       295   1.935797e+08  1.514468e+08  1.010970e+03   3546195   1
       296   2.598495e+08  1.514994e+08  1.015485e+03   3558216   1
       297   1.895280e+08  1.515163e+08  1.020082e+03   3570237   1
       298   4.214283e+08  1.516226e+08  1.024679e+03   3582258   1
       299   1.795941e+08  1.516719e+08  1.029225e+03   3594279   1
       300   1.726260e+08  1.517098e+08  1.033853e+03   3606300   1
       301   1.382816e+08  1.517490e+08  1.038400e+03   3618321   1
       302   1.920197e+08  1.519333e+08  1.042994e+03   3630342   1
       303   2.778358e+08  1.519689e+08  1.047620e+03   3642363   1
       304   1.382464e+08  1.522263e+08  1.052151e+03   3654384   1
       305   2.853593e+08  1.524667e+08  1.056761e+03   3666405   1
       306   1.690031e+08  1.526528e+08  1.061310e+03   3678426   1
       307   4.909409e+08  1.527811e+08  1.065997e+03   3690447   1
       308   2.367799e+08  1.528269e+08  1.070607e+03   3702468   1
       309   3.160502e+08  1.530125e+08  1.075232e+03   3714489   1
       310   1.529516e+08  1.531635e+08  1.079810e+03   3726510   1
       311   5.133679e+08  1.533701e+08  1.084466e+03   3738531   1
       312   2.376124e+08  1.534472e+08  1.089107e+03   3750552   1
       313   1.623636e+08  1.535541e+08  1.093749e+03   3762573   1
       314   6.739629e+08  1.536214e+08  1.098407e+03   3774594   1
       315   3.278750e+08  1.537167e+08  1.103126e+03   3786615   1
       316   4.663304e+08  1.538562e+08  1.107801e+03   3798636   1
       317   2.072428e+08  1.540753e+08  1.112473e+03   3810657   1
       318   1.523379e+08  1.543192e+08  1.117113e+03   3822678   1
       319   2.000479e+08  1.543683e+08  1.121740e+03   3834699   1
       320   1.725945e+08  1.544559e+08  1.126443e+03   3846720   1
       321   3.243483e+08  1.545086e+08  1.131161e+03   3858741   1
       322   2.069521e+08  1.545618e+08  1.135851e+03   3870762   1
       323   3.511296e+08  1.546700e+08  1.140585e+03   3882783   1
       324   3.756857e+08  1.547413e+08  1.145273e+03   3894804   1
       325   1.367576e+08  1.548260e+08  1.149979e+03   3906825   1
       326   1.643089e+08  1.549893e+08  1.154760e+03   3918846   1
       327   4.709484e+08  1.551463e+08  1.159526e+03   3930867   1
       328   4.162671e+08  1.552375e+08  1.164278e+03   3942888   1
       329   2.863477e+08  1.553045e+08  1.168997e+03   3954909   1
       330   1.641683e+08  1.553313e+08  1.173653e+03   3966930   1
       331   1.627271e+08  1.554561e+08  1.178326e+03   3978951   1
       332   1.228214e+08  1.555076e+08  1.183045e+03   3990972   1
       333   7.466407e+08  1.557211e+08  1.187717e+03   4002993   1
       334   3.268955e+08  1.558117e+08  1.192514e+03   4015014   1
       335   2.203714e+08  1.558437e+08  1.197311e+03   4027035   1
       336   1.987422e+08  1.558936e+08  1.202046e+03   4039056   1
       337   2.164080e+08  1.559507e+08  1.206827e+03   4051077   1
       338   6.420954e+08  1.562216e+08  1.211593e+03   4063098   1
       339   2.547947e+08  1.563451e+08  1.216375e+03   4075119   1
       340   1.775006e+08  1.564512e+08  1.221204e+03   4087140   1
       341   1.321240e+08  1.565763e+08  1.226019e+03   4099161   1
       342   7.685859e+08  1.566175e+08  1.230847e+03   4111182   1
       343   1.694861e+08  1.567707e+08  1.235675e+03   4123203   1
       344   2.502404e+08  1.568390e+08  1.240426e+03   4135224   1
       345   2.970885e+08  1.570315e+08  1.245301e+03   4147245   1
       346   2.877851e+08  1.570540e+08  1.250176e+03   4159266   1
       347   3.323907e+08  1.571263e+08  1.255069e+03   4171287   1
       348   2.539533e+08  1.572541e+08  1.259930e+03   4183308   1
       349   1.893251e+08  1.575055e+08  1.264774e+03   4195329   1
       350   2.175926e+08  1.575285e+08  1.269618e+03   4207350   1
       351   3.310664e+08  1.575898e+08  1.274508e+03   4219371   1
       352   2.075985e+08  1.576532e+08  1.279461e+03   4231392   1
       353   1.432068e+08  1.577202e+08  1.284321e+03   4243413   1
       354   2.015557e+08  1.577427e+08  1.289134e+03   4255434   1
       355   1.722758e+08  1.578046e+08  1.294040e+03   4267455   1
       356   2.355808e+08  1.578849e+08  1.298934e+03   4279476   1
       357   1.627358e+08  1.582771e+08  1.303825e+03   4291497   1
       358   2.002646e+08  1.585661e+08  1.308793e+03   4303518   1
       359   1.460560e+08  1.587428e+08  1.313671e+03   4315539   1
       360   2.693008e+08  1.587768e+08  1.318609e+03   4327560   1
       361   2.392894e+08  1.588991e+08  1.323562e+03   4339581   1
       362   1.386704e+08  1.590131e+08  1.328456e+03   4351602   1
       363   1.671835e+08  1.591719e+08  1.333427e+03   4363623   1
       364   3.075439e+08  1.592578e+08  1.338458e+03   4375644   1
       365   2.253361e+08  1.593323e+08  1.343508e+03   4387665   1
       366   2.901818e+08  1.594758e+08  1.348352e+03   4399686   1
       367   2.110879e+08  1.595623e+08  1.353181e+03   4411707   1
       368   2.305941e+08  1.596318e+08  1.358134e+03   4423728   1
       369   2.497685e+08  1.596872e+08  1.363056e+03   4435749   1
       370   2.010076e+08  1.597695e+08  1.367915e+03   4447770   1
       371   3.042959e+08  1.597772e+08  1.372916e+03   4459791   1
       372   2.865110e+08  1.599230e+08  1.377900e+03   4471812   1
       373   1.852246e+08  1.599478e+08  1.382808e+03   4483833   1
       374   1.376588e+08  1.600475e+08  1.387748e+03   4495854   1
       375   1.845891e+08  1.601173e+08  1.392733e+03   4507875   1
       376   1.162007e+08  1.603029e+08  1.397608e+03   4519896   1
       377   2.039586e+08  1.603413e+08  1.402548e+03   4531917   1
       378   2.168523e+08  1.603824e+08  1.407581e+03   4543938   1
       379   1.643059e+08  1.604192e+08  1.412472e+03   4555959   1
       380   2.443314e+08  1.605205e+08  1.417425e+03   4567980   1
       381   3.846654e+08  1.605292e+08  1.422378e+03   4580001   1
       382   2.602010e+08  1.606173e+08  1.427380e+03   4592022   1
       383   2.746354e+08  1.606192e+08  1.432364e+03   4604043   1
       384   2.609977e+08  1.607242e+08  1.437381e+03   4616064   1
       385   2.502324e+08  1.607256e+08  1.442398e+03   4628085   1
       386   3.127599e+08  1.607797e+08  1.447413e+03   4640106   1
       387   3.286786e+08  1.608353e+08  1.452383e+03   4652127   1
       388   3.158558e+08  1.608694e+08  1.457321e+03   4664148   1
       389   2.410786e+08  1.609938e+08  1.462258e+03   4676169   1
       390   3.092226e+08  1.610291e+08  1.467354e+03   4688190   1
       391   2.097655e+08  1.611001e+08  1.472323e+03   4700211   1
       392   5.261177e+08  1.611261e+08  1.477370e+03   4712232   1
       393   1.677867e+08  1.611904e+08  1.482448e+03   4724253   1
       394   3.757638e+08  1.613020e+08  1.487482e+03   4736274   1
       395   3.257997e+08  1.613830e+08  1.492450e+03   4748295   1
       396   1.260416e+08  1.614094e+08  1.497467e+03   4760316   1
       397   1.725886e+08  1.614341e+08  1.502593e+03   4772337   1
       398   1.428779e+08  1.614679e+08  1.507624e+03   4784358   1
       399   1.778084e+08  1.615240e+08  1.512718e+03   4796379   1
       400   1.878428e+08  1.616244e+08  1.517751e+03   4808400   1
       401   1.203183e+08  1.618123e+08  1.522766e+03   4820421   1
       402   3.460839e+08  1.618155e+08  1.527954e+03   4832442   1
       403   4.561153e+08  1.618955e+08  1.533082e+03   4844463   1
       404   3.717942e+08  1.618994e+08  1.538223e+03   4856484   1
       405   4.080083e+08  1.619080e+08  1.543348e+03   4868505   1
       406   1.606710e+08  1.619560e+08  1.548427e+03   4880526   1
       407   1.665767e+08  1.620000e+08  1.553599e+03   4892547   1
       408   4.285623e+08  1.620068e+08  1.558708e+03   4904568   1
       409   6.715213e+08  1.620727e+08  1.563834e+03   4916589   1
       410   2.724540e+08  1.621660e+08  1.568943e+03   4928610   1
       411   2.100595e+08  1.622485e+08  1.574163e+03   4940631   1
       412   3.919896e+08  1.622835e+08  1.579273e+03   4952652   1
       413   2.310430e+08  1.623362e+08  1.584507e+03   4964673   1
       414   2.127274e+08  1.623721e+08  1.589664e+03   4976694   1
       415   4.105737e+08  1.623894e+08  1.594899e+03   4988715   1
       416   1.694829e+08  1.624164e+08  1.600117e+03   5000736   1
       417   2.118170e+08  1.624440e+08  1.605291e+03   5012757   1
       418   1.843455e+08  1.625084e+08  1.610478e+03   5024778   1
       419   1.567572e+08  1.625919e+08  1.615619e+03   5036799   1
       420   2.036886e+08  1.626167e+08  1.620808e+03   5048820   1
       421   2.556080e+08  1.626663e+08  1.626073e+03   5060841   1
       422   3.761222e+08  1.626972e+08  1.631307e+03   5072862   1
       423   2.542388e+08  1.627606e+08  1.636483e+03   5084883   1
       424   2.337608e+08  1.628167e+08  1.641735e+03   5096904   1
       425   1.451959e+08  1.628428e+08  1.646985e+03   5108925   1
       426   2.216781e+08  1.629001e+08  1.652220e+03   5120946   1
       427   1.762292e+08  1.629045e+08  1.657407e+03   5132967   1
       428   6.663362e+08  1.629425e+08  1.662704e+03   5144988   1
       429   2.194733e+08  1.629631e+08  1.667938e+03   5157009   1
       430   1.905564e+08  1.630138e+08  1.673081e+03   5169030   1
       431   3.541302e+08  1.630421e+08  1.678444e+03   5181051   1
       432   1.450576e+08  1.631272e+08  1.683631e+03   5193072   1
       433   2.418101e+08  1.631857e+08  1.688975e+03   5205093   1
       434   2.750231e+08  1.632491e+08  1.694320e+03   5217114   1
       435   2.107754e+08  1.633153e+08  1.699585e+03   5229135   1
       436   1.797390e+08  1.633218e+08  1.704695e+03   5241156   1
       437   3.838643e+08  1.633883e+08  1.709977e+03   5253177   1
       438   3.715102e+08  1.634044e+08  1.715305e+03   5265198   1
       439   2.347216e+08  1.634735e+08  1.720539e+03   5277219   1
       440   1.674111e+08  1.635531e+08  1.725805e+03   5289240   1
       441   1.781367e+08  1.636448e+08  1.731086e+03   5301261   1
       442   1.888146e+08  1.637230e+08  1.736383e+03   5313282   1
       443   2.135581e+08  1.637654e+08  1.741679e+03   5325303   1
       444   2.166948e+08  1.638351e+08  1.746945e+03   5337324   1
       445   2.027246e+08  1.638717e+08  1.752291e+03   5349345   1
       446   1.752131e+08  1.639808e+08  1.757510e+03   5361366   1
       447   2.021261e+08  1.643708e+08  1.762838e+03   5373387   1
       448   1.036101e+08  1.644701e+08  1.768153e+03   5385408   1
       449   4.549467e+08  1.645570e+08  1.773437e+03   5397429   1
       450   1.755228e+08  1.646335e+08  1.778797e+03   5409450   1
       451   2.639789e+08  1.647142e+08  1.784205e+03   5421471   1
       452   2.360545e+08  1.647891e+08  1.789501e+03   5433492   1
       453   2.286797e+08  1.648566e+08  1.794861e+03   5445513   1
       454   2.367955e+08  1.649039e+08  1.800329e+03   5457534   1
       455   2.560950e+08  1.649223e+08  1.805720e+03   5469555   1
       456   4.540971e+08  1.649496e+08  1.811159e+03   5481576   1
       457   4.073096e+08  1.650132e+08  1.816583e+03   5493597   1
       458   1.641993e+08  1.650274e+08  1.822005e+03   5505618   1
       459   2.323044e+08  1.650676e+08  1.827397e+03   5517639   1
       460   1.894975e+08  1.651359e+08  1.832868e+03   5529660   1
       461   3.749664e+08  1.651982e+08  1.838196e+03   5541681   1
       462   5.016015e+08  1.652902e+08  1.843602e+03   5553702   1
       463   1.540923e+08  1.653540e+08  1.849134e+03   5565723   1
       464   1.552502e+08  1.654242e+08  1.854589e+03   5577744   1
       465   4.221266e+08  1.656457e+08  1.860088e+03   5589765   1
       466   3.788965e+08  1.656921e+08  1.865604e+03   5601786   1
       467   2.907972e+08  1.657539e+08  1.871043e+03   5613807   1
       468   5.523314e+08  1.658428e+08  1.876496e+03   5625828   1
       469   1.425524e+08  1.659309e+08  1.882044e+03   5637849   1
       470   2.038289e+08  1.659966e+08  1.887575e+03   5649870   1
       471   1.459111e+08  1.660272e+08  1.893107e+03   5661891   1
       472   1.340881e+08  1.660650e+08  1.898610e+03   5673912   1
       473   1.802788e+08  1.661584e+08  1.904016e+03   5685933   1
       474   2.247402e+08  1.661928e+08  1.909547e+03   5697954   1
       475   2.127573e+08  1.662152e+08  1.915096e+03   5709975   1
       476   1.927380e+08  1.662562e+08  1.920646e+03   5721996   1
       477   2.016284e+08  1.662882e+08  1.926240e+03   5734017   1
       478   3.594780e+08  1.663159e+08  1.931865e+03   5746038   1
       479   3.973572e+08  1.663483e+08  1.937412e+03   5758059   1
       480   1.883144e+08  1.663823e+08  1.943068e+03   5770080   1
       481   3.008210e+08  1.664761e+08  1.948740e+03   5782101   1
       482   3.585037e+08  1.665072e+08  1.954366e+03   5794122   1
       483   1.380183e+08  1.665963e+08  1.960009e+03   5806143   1
       484   2.882919e+08  1.666295e+08  1.965557e+03   5818164   1
       485   2.656497e+08  1.666578e+08  1.971214e+03   5830185   1
       486   1.907838e+08  1.666833e+08  1.976886e+03   5842206   1
       487   1.934563e+08  1.666961e+08  1.982542e+03   5854227   1
       488   1.788653e+08  1.667243e+08  1.988169e+03   5866248   1
       489   2.677825e+08  1.667438e+08  1.993890e+03   5878269   1
       490   2.322971e+08  1.667707e+08  1.999610e+03   5890290   1
       491   3.249246e+08  1.668152e+08  2.005236e+03   5902311   1
       492   2.073929e+08  1.668538e+08  2.010892e+03   5914332   1
       493   1.858408e+08  1.668865e+08  2.016582e+03   5926353   1
       494   3.867909e+08  1.670033e+08  2.022223e+03   5938374   1
       495   2.594476e+08  1.670473e+08  2.028021e+03   5950395   1
       496   2.348611e+08  1.672333e+08  2.033773e+03   5962416   1
       497   1.570723e+08  1.672830e+08  2.039554e+03   5974437   1
       498   2.272982e+08  1.673270e+08  2.045338e+03   5986458   1
       499   2.065673e+08  1.673808e+08  2.051041e+03   5998479   1
       500   4.467458e+08  1.674302e+08  2.056790e+03   6010500   1
       501   5.097871e+08  1.674450e+08  2.062464e+03   6022521   1
       502   2.748421e+08  1.675081e+08  2.068246e+03   6034542   1
       503   1.942289e+08  1.675979e+08  2.074123e+03   6046563   1
       504   2.352736e+08  1.677137e+08  2.079888e+03   6058584   1
       505   2.389001e+08  1.677394e+08  2.085654e+03   6070605   1
       506   3.393168e+08  1.678017e+08  2.091451e+03   6082626   1
       507   1.454099e+08  1.678839e+08  2.097234e+03   6094647   1
       508   7.828279e+08  1.678918e+08  2.103078e+03   6106668   1
       509   5.510872e+08  1.679966e+08  2.108984e+03   6118689   1
       510   3.052609e+08  1.682063e+08  2.114859e+03   6130710   1
       511   4.870304e+08  1.682445e+08  2.120783e+03   6142731   1
       512   2.814844e+08  1.682974e+08  2.126674e+03   6154752   1
       513   2.149499e+08  1.683208e+08  2.132580e+03   6166773   1
       514   1.450119e+08  1.683780e+08  2.138471e+03   6178794   1
       515   2.798302e+08  1.684571e+08  2.144393e+03   6190815   1
       516   2.140931e+08  1.685033e+08  2.150268e+03   6202836   1
       517   2.023286e+08  1.685610e+08  2.156127e+03   6214857   1
       518   2.904239e+08  1.686059e+08  2.162033e+03   6226878   1
       519   2.854202e+08  1.686292e+08  2.168002e+03   6238899   1
       520   2.741132e+08  1.686334e+08  2.173955e+03   6250920   1
       521   2.045680e+08  1.686888e+08  2.179940e+03   6262941   1
       522   2.268860e+08  1.687619e+08  2.185924e+03   6274962   1
       523   4.430140e+08  1.687969e+08  2.191783e+03   6286983   1
       524   2.005510e+08  1.688791e+08  2.197721e+03   6299004   1
       525   1.618302e+08  1.688859e+08  2.203705e+03   6311025   1
       526   1.703448e+08  1.689062e+08  2.209598e+03   6323046   1
       527   1.945274e+08  1.689505e+08  2.215567e+03   6335067   1
       528   2.232469e+08  1.689844e+08  2.221552e+03   6347088   1
       529   2.335316e+08  1.690013e+08  2.227505e+03   6359109   1
       530   2.129282e+08  1.690694e+08  2.233567e+03   6371130   1
       531   2.746792e+08  1.690918e+08  2.239598e+03   6383151   1
       532   1.495692e+08  1.691128e+08  2.245504e+03   6395172   1
       533   6.038113e+08  1.692071e+08  2.251427e+03   6407193   1
       534   2.355784e+08  1.692576e+08  2.257442e+03   6419214   1
       535   4.731914e+08  1.692974e+08  2.263426e+03   6431235   1
       536   4.097886e+08  1.693061e+08  2.269395e+03   6443256   1
       537   1.463354e+08  1.693158e+08  2.275395e+03   6455277   1
       538   3.110146e+08  1.693551e+08  2.281506e+03   6467298   1
       539   1.756836e+08  1.694139e+08  2.287539e+03   6479319   1
       540   3.141106e+08  1.694185e+08  2.293523e+03   6491340   1
       541   1.843054e+08  1.694522e+08  2.299555e+03   6503361   1
       542   3.593254e+08  1.694815e+08  2.305679e+03   6515382   1
       543   1.016222e+08  1.695659e+08  2.311699e+03   6527403   1
       544   4.156407e+08  1.695888e+08  2.317777e+03   6539424   1
       545   6.124387e+08  1.696017e+08  2.323917e+03   6551445   1
       546   2.197760e+08  1.696327e+08  2.330013e+03   6563466   1
       547   3.992991e+08  1.696539e+08  2.336154e+03   6575487   1
       548   3.625434e+08  1.696784e+08  2.342264e+03   6587508   1
       549   2.820711e+08  1.697384e+08  2.348377e+03   6599529   1
       550   3.999706e+08  1.697769e+08  2.354537e+03   6611550   1
       551   1.154928e+08  1.698614e+08  2.360599e+03   6623571   1
       552   1.770772e+08  1.699168e+08  2.366694e+03   6635592   1
       553   1.616337e+08  1.699619e+08  2.372944e+03   6647613   1
       554   2.365892e+08  1.699892e+08  2.379054e+03   6659634   1
       555   1.755763e+08  1.700347e+08  2.385135e+03   6671655   1
       556   2.075523e+08  1.701139e+08  2.391338e+03   6683676   1
       557   2.530600e+08  1.701343e+08  2.397511e+03   6695697   1
       558   1.866949e+08  1.701621e+08  2.403729e+03   6707718   1
       559   1.975540e+08  1.701865e+08  2.410026e+03   6719739   1
       560   1.875702e+08  1.702632e+08  2.416183e+03   6731760   1
       561   2.756401e+08  1.703290e+08  2.422449e+03   6743781   1
       562   3.620287e+08  1.703747e+08  2.428670e+03   6755802   1
       563   3.300498e+08  1.703851e+08  2.434873e+03   6767823   1
       564   3.563505e+08  1.704747e+08  2.441138e+03   6779844   1
       565   2.624559e+08  1.705005e+08  2.447326e+03   6791865   1
       566   4.181334e+08  1.705527e+08  2.453499e+03   6803886   1
       567   2.270388e+08  1.706035e+08  2.459799e+03   6815907   1
       568   2.060085e+08  1.706232e+08  2.465988e+03   6827928   1
       569   3.172599e+08  1.706385e+08  2.472130e+03   6839949   1
       570   1.730038e+08  1.706527e+08  2.478395e+03   6851970   1
       571   2.961945e+08  1.706755e+08  2.484616e+03   6863991   1
       572   1.846645e+08  1.706947e+08  2.490836e+03   6876012   1
       573   2.138245e+08  1.707094e+08  2.497180e+03   6888033   1
       574   1.621605e+08  1.707821e+08  2.503480e+03   6900054   1
       575   3.744376e+08  1.708647e+08  2.509812e+03   6912075   1
       576   2.943668e+08  1.709289e+08  2.516129e+03   6924096   1
       577   2.558627e+08  1.709721e+08  2.522410e+03   6936117   1
       578   2.245914e+08  1.710380e+08  2.528801e+03   6948138   1
       579   2.115183e+08  1.710404e+08  2.535191e+03   6960159   1
       580   1.672104e+08  1.710876e+08  2.541488e+03   6972180   1
       581   1.592066e+08  1.710996e+08  2.547896e+03   6984201   1
       582   5.456866e+08  1.711436e+08  2.554209e+03   6996222   1
       583   3.409210e+08  1.711857e+08  2.560524e+03   7008243   1
       584   1.030330e+09  1.712161e+08  2.566852e+03   7020264   1
       585   2.185680e+08  1.712357e+08  2.573117e+03   7032285   1
       586   2.205775e+08  1.712808e+08  2.579493e+03   7044306   1
       587   5.059164e+08  1.713459e+08  2.585961e+03   7056327   1
       588   1.899294e+08  1.714148e+08  2.592289e+03   7068348   1
       589   1.964560e+08  1.714904e+08  2.598664e+03   7080369   1
       590   3.057494e+08  1.716288e+08  2.605105e+03   7092390   1
       591   3.105819e+08  1.716839e+08  2.611450e+03   7104411   1
       592   2.092152e+08  1.717235e+08  2.617871e+03   7116432   1
       593   3.358673e+08  1.718012e+08  2.624278e+03   7128453   1
       594   2.442655e+08  1.718447e+08  2.630590e+03   7140474   1
       595   4.880785e+08  1.719101e+08  2.636965e+03   7152495   1
       596   5.888409e+08  1.721069e+08  2.643403e+03   7164516   1
       597   2.489610e+08  1.721913e+08  2.649829e+03   7176537   1
       598   3.050272e+08  1.723290e+08  2.656298e+03   7188558   1
       599   3.841838e+08  1.724579e+08  2.662657e+03   7200579   1
       600   2.495629e+08  1.725047e+08  2.669110e+03   7212600   1
       601   3.499620e+08  1.725642e+08  2.675690e+03   7224621   1
       602   2.923718e+08  1.726152e+08  2.682127e+03   7236642   1
       603   2.492329e+08  1.726327e+08  2.688721e+03   7248663   1
       604   4.183280e+08  1.726751e+08  2.695142e+03   7260684   1
       605   2.928605e+08  1.727415e+08  2.701611e+03   7272705   1
       606   2.174239e+08  1.727573e+08  2.708096e+03   7284726   1
       607   1.759677e+08  1.728099e+08  2.714580e+03   7296747   1
       608   4.432667e+08  1.728198e+08  2.721018e+03   7308768   1
       609   5.890099e+08  1.729145e+08  2.727612e+03   7320789   1
       610   5.150783e+08  1.729372e+08  2.734127e+03   7332810   1
       611   3.122521e+08  1.729701e+08  2.740658e+03   7344831   1
       612   4.222148e+08  1.729754e+08  2.747174e+03   7356852   1
       613   2.095994e+08  1.730260e+08  2.753599e+03   7368873   1
       614   1.390625e+08  1.730575e+08  2.760162e+03   7380894   1
       615   3.905173e+08  1.731457e+08  2.766741e+03   7392915   1
       616   2.106289e+08  1.731949e+08  2.773320e+03   7404936   1
       617   5.072502e+08  1.732702e+08  2.779809e+03   7416957   1
       618   4.752383e+08  1.732723e+08  2.786449e+03   7428978   1
       619   2.350328e+08  1.733444e+08  2.792951e+03   7440999   1
       620   2.620330e+08  1.733460e+08  2.799513e+03   7453020   1
       621   2.172571e+08  1.733787e+08  2.806154e+03   7465041   1
       622   2.004344e+08  1.733899e+08  2.812701e+03   7477062   1
       623   2.963438e+08  1.734084e+08  2.819327e+03   7489083   1
       624   2.786473e+08  1.734800e+08  2.825922e+03   7501104   1
       625   1.870929e+08  1.735172e+08  2.832516e+03   7513125   1
       626   1.173916e+08  1.735551e+08  2.839128e+03   7525146   1
       627   2.113070e+08  1.735794e+08  2.845691e+03   7537167   1
       628   2.253513e+08  1.736138e+08  2.852192e+03   7549188   1
       629   2.918402e+08  1.736544e+08  2.858816e+03   7561209   1
       630   2.495039e+08  1.736718e+08  2.865348e+03   7573230   1
       631   2.872391e+08  1.736923e+08  2.871879e+03   7585251   1
       632   4.847918e+08  1.737052e+08  2.878519e+03   7597272   1
       633   2.054174e+08  1.737673e+08  2.885193e+03   7609293   1
       634   1.678895e+08  1.737905e+08  2.891772e+03   7621314   1
       635   1.866766e+08  1.738193e+08  2.898367e+03   7633335   1
       636   4.770895e+08  1.738415e+08  2.905023e+03   7645356   1
       637   1.394896e+08  1.738638e+08  2.911649e+03   7657377   1
       638   1.635061e+08  1.738872e+08  2.918258e+03   7669398   1
       639   1.862001e+08  1.739280e+08  2.925055e+03   7681419   1
       640   3.168335e+08  1.739661e+08  2.931758e+03   7693440   1
       641   2.105751e+08  1.740232e+08  2.938571e+03   7705461   1
       642   3.353874e+08  1.740260e+08  2.945368e+03   7717482   1
       643   2.378937e+08  1.741352e+08  2.951994e+03   7729503   1
       644   2.651260e+08  1.742351e+08  2.958685e+03   7741524   1
       645   1.595564e+08  1.742488e+08  2.965326e+03   7753545   1
       646   3.746723e+08  1.742701e+08  2.972077e+03   7765566   1
       647   2.494025e+08  1.743046e+08  2.978626e+03   7777587   1
       648   1.040680e+08  1.743152e+08  2.985315e+03   7789608   1
       649   3.856121e+08  1.743648e+08  2.992050e+03   7801629   1
       650   1.768277e+08  1.744366e+08  2.998831e+03   7813650   1
       651   1.942908e+08  1.744416e+08  3.005629e+03   7825671   1
       652   3.906923e+08  1.745074e+08  3.012333e+03   7837692   1
       653   1.546764e+08  1.745096e+08  3.019086e+03   7849713   1
       654   3.495505e+08  1.746212e+08  3.025867e+03   7861734   1
       655   1.779909e+08  1.746513e+08  3.032601e+03   7873755   1
       656   1.894425e+08  1.747268e+08  3.039415e+03   7885776   1
       657   2.317569e+08  1.747458e+08  3.046260e+03   7897797   1
       658   2.788132e+08  1.748274e+08  3.053135e+03   7909818   1
       659   1.667440e+08  1.748750e+08  3.059888e+03   7921839   1
       660   1.506355e+08  1.749920e+08  3.066642e+03   7933860   1
       661   5.313497e+08  1.750653e+08  3.073459e+03   7945881   1
       662   2.511041e+08  1.750726e+08  3.080271e+03   7957902   1
       663   1.694425e+08  1.750812e+08  3.087115e+03   7969923   1
       664   1.523245e+08  1.751068e+08  3.093911e+03   7981944   1
       665   3.762946e+08  1.751274e+08  3.100632e+03   7993965   1
       666   1.691596e+08  1.751903e+08  3.107538e+03   8005986   1
       667   1.529542e+08  1.752352e+08  3.114319e+03   8018007   1
       668   1.437340e+08  1.752488e+08  3.121225e+03   8030028   1
       669   2.018456e+08  1.752870e+08  3.128147e+03   8042049   1
       670   3.691187e+08  1.753012e+08  3.135149e+03   8054070   1
       671   2.859148e+08  1.753771e+08  3.142118e+03   8066091   1
       672   4.246855e+08  1.753832e+08  3.149011e+03   8078112   1
       673   2.400256e+08  1.753956e+08  3.155932e+03   8090133   1
       674   1.881015e+08  1.754605e+08  3.162684e+03   8102154   1
       675   2.477703e+08  1.754823e+08  3.169684e+03   8114175   1
       676   2.488252e+08  1.754907e+08  3.176579e+03   8126196   1
       677   2.111952e+08  1.755040e+08  3.183441e+03   8138217   1
       678   2.170558e+08  1.755232e+08  3.190397e+03   8150238   1
       679   4.870904e+08  1.755485e+08  3.197288e+03   8162259   1
       680   1.731336e+08  1.756075e+08  3.204213e+03   8174280   1
       681   2.462652e+08  1.756656e+08  3.211119e+03   8186301   1
       682   1.641943e+08  1.757101e+08  3.218044e+03   8198322   1
       683   6.055838e+08  1.757576e+08  3.224950e+03   8210343   1
       684   4.179349e+08  1.757779e+08  3.232028e+03   8222364   1
       685   3.982413e+08  1.758151e+08  3.239060e+03   8234385   1
       686   2.232074e+08  1.758454e+08  3.246044e+03   8246406   1
       687   1.818284e+08  1.758718e+08  3.253013e+03   8258427   1
       688   1.809088e+08  1.759287e+08  3.259997e+03   8270448   1
       689   1.939967e+08  1.759439e+08  3.267078e+03   8282469   1
       690   3.310467e+08  1.759599e+08  3.274218e+03   8294490   1
       691   1.935183e+08  1.760094e+08  3.281126e+03   8306511   1
       692   1.407716e+08  1.760346e+08  3.288157e+03   8318532   1
       693   2.988300e+08  1.760386e+08  3.295253e+03   8330553   1
       694   1.683951e+08  1.761668e+08  3.302285e+03   8342574   1
       695   5.985880e+08  1.761793e+08  3.309303e+03   8354595   1
       696   1.836126e+08  1.762114e+08  3.316385e+03   8366616   1
       697   2.027272e+08  1.762335e+08  3.323389e+03   8378637   1
       698   2.322085e+08  1.762563e+08  3.330484e+03   8390658   1
       699   3.621876e+08  1.763075e+08  3.337610e+03   8402679   1
       700   1.446176e+08  1.763619e+08  3.344641e+03   8414700   1
       701   1.723535e+08  1.763925e+08  3.351720e+03   8426721   1
       702   3.536053e+08  1.764144e+08  3.358876e+03   8438742   1
       703   3.316638e+08  1.764300e+08  3.366018e+03   8450763   1
       704   2.412931e+08  1.764409e+08  3.373112e+03   8462784   1
       705   3.037304e+08  1.764564e+08  3.380238e+03   8474805   1
       706   2.234794e+08  1.764999e+08  3.387363e+03   8486826   1
       707   2.084676e+08  1.765341e+08  3.394535e+03   8498847   1
       708   1.340129e+08  1.765984e+08  3.401645e+03   8510868   1
       709   1.126609e+08  1.766427e+08  3.408801e+03   8522889   1
       710   3.065260e+08  1.766792e+08  3.416035e+03   8534910   1
       711   4.901247e+08  1.767552e+08  3.423178e+03   8546931   1
       712   1.922992e+08  1.767733e+08  3.430350e+03   8558952   1
       713   2.491641e+08  1.767802e+08  3.437490e+03   8570973   1
       714   2.253477e+08  1.767877e+08  3.444694e+03   8582994   1
       715   2.338675e+08  1.768155e+08  3.451866e+03   8595015   1
       716   3.537455e+08  1.768431e+08  3.459038e+03   8607036   1
       717   1.775599e+08  1.768480e+08  3.466289e+03   8619057   1
       718   1.930484e+08  1.769015e+08  3.473445e+03   8631078   1
       719   4.415156e+08  1.769755e+08  3.480634e+03   8643099   1
       720   5.214527e+08  1.770248e+08  3.487806e+03   8655120   1
       721   1.644591e+08  1.770539e+08  3.494963e+03   8667141   1
       722   1.440927e+08  1.770602e+08  3.502137e+03   8679162   1
       723   4.359956e+08  1.770873e+08  3.509325e+03   8691183   1
       724   1.973970e+08  1.771118e+08  3.516607e+03   8703204   1
       725   2.860854e+08  1.771386e+08  3.523810e+03   8715225   1
       726   1.962228e+08  1.771995e+08  3.531111e+03   8727246   1
       727   1.797392e+08  1.772307e+08  3.538392e+03   8739267   1
       728   4.301394e+08  1.772452e+08  3.545598e+03   8751288   1
       729   1.895062e+08  1.772596e+08  3.552820e+03   8763309   1
       730   2.515042e+08  1.772939e+08  3.560086e+03   8775330   1
       731   2.049727e+08  1.773073e+08  3.567367e+03   8787351   1
       732   2.174215e+08  1.773316e+08  3.574650e+03   8799372   1
       733   2.011086e+08  1.773492e+08  3.582057e+03   8811393   1
       734   2.053205e+08  1.774107e+08  3.589402e+03   8823414   1
       735   2.542869e+08  1.774197e+08  3.596641e+03   8835435   1
       736   5.031909e+08  1.774510e+08  3.604002e+03   8847456   1
       737   3.486164e+08  1.774987e+08  3.611330e+03   8859477   1
       738   2.510001e+08  1.775030e+08  3.618660e+03   8871498   1
       739   1.920796e+08  1.775240e+08  3.626004e+03   8883519   1
       740   1.757748e+08  1.775839e+08  3.633379e+03   8895540   1
       741   2.534627e+08  1.775905e+08  3.640755e+03   8907561   1
       742   1.895974e+08  1.776657e+08  3.648163e+03   8919582   1
       743   3.763479e+08  1.777041e+08  3.655491e+03   8931603   1
       744   2.226186e+08  1.777243e+08  3.662883e+03   8943624   1
       745   1.899290e+08  1.777910e+08  3.670305e+03   8955645   1
       746   2.476138e+08  1.778058e+08  3.677712e+03   8967666   1
       747   2.403121e+08  1.778490e+08  3.685087e+03   8979687   1
       748   1.988539e+08  1.778845e+08  3.692463e+03   8991708   1
       749   2.053817e+08  1.779022e+08  3.699900e+03   9003729   1
       750   2.936192e+08  1.779279e+08  3.707295e+03   9015750   1
       751   1.560190e+08  1.779455e+08  3.714702e+03   9027771   1
       752   7.785504e+08  1.779738e+08  3.722050e+03   9039792   1
       753   3.627361e+08  1.779893e+08  3.729534e+03   9051813   1
       754   2.597507e+08  1.780208e+08  3.736893e+03   9063834   1
       755   1.652291e+08  1.780293e+08  3.744347e+03   9075855   1
       756   5.732226e+08  1.780363e+08  3.751648e+03   9087876   1
       757   2.578407e+08  1.780514e+08  3.759054e+03   9099897   1
       758   1.660777e+08  1.780551e+08  3.766399e+03   9111918   1
       759   2.734952e+08  1.781053e+08  3.773868e+03   9123939   1
       760   1.418174e+08  1.781185e+08  3.781290e+03   9135960   1
       761   1.152171e+08  1.781702e+08  3.788776e+03   9147981   1
       762   2.155549e+08  1.781798e+08  3.796338e+03   9160002   1
       763   1.819564e+08  1.782202e+08  3.803827e+03   9172023   1
       764   3.257108e+08  1.782592e+08  3.811234e+03   9184044   1
       765   2.805805e+08  1.782618e+08  3.818767e+03   9196065   1
       766   2.399188e+08  1.783528e+08  3.826221e+03   9208086   1
       767   1.517424e+08  1.783662e+08  3.833753e+03   9220107   1
       768   2.768744e+08  1.783885e+08  3.841285e+03   9232128   1
       769   6.124525e+08  1.784297e+08  3.848864e+03   9244149   1
       770   1.426956e+08  1.784690e+08  3.856332e+03   9256170   1
       771   1.835138e+08  1.785435e+08  3.863835e+03   9268191   1
       772   1.884520e+08  1.785782e+08  3.871273e+03   9280212   1
       773   1.716432e+08  1.785969e+08  3.878884e+03   9292233   1
       774   1.505474e+08  1.786467e+08  3.886540e+03   9304254   1
       775   3.943668e+08  1.786740e+08  3.894170e+03   9316275   1
       776   4.376615e+08  1.786990e+08  3.901671e+03   9328296   1
       777   3.559169e+08  1.787857e+08  3.909297e+03   9340317   1
       778   4.500477e+08  1.787967e+08  3.916985e+03   9352338   1
       779   2.494524e+08  1.788281e+08  3.924705e+03   9364359   1
       780   1.761209e+08  1.788800e+08  3.932268e+03   9376380   1
       781   1.969452e+08  1.789401e+08  3.939911e+03   9388401   1
       782   3.337529e+08  1.789577e+08  3.947630e+03   9400422   1
       783   2.661159e+08  1.789629e+08  3.955145e+03   9412443   1
       784   2.788900e+08  1.790248e+08  3.962833e+03   9424464   1
       785   1.134425e+08  1.790497e+08  3.970539e+03   9436485   1
       786   2.315279e+08  1.790692e+08  3.978134e+03   9448506   1
       787   3.970746e+08  1.791355e+08  3.985762e+03   9460527   1
       788   1.287766e+08  1.791423e+08  3.993481e+03   9472548   1
       789   2.512898e+08  1.792040e+08  4.001217e+03   9484569   1
       790   6.781812e+08  1.792218e+08  4.008795e+03   9496590   1
       791   2.503354e+08  1.792363e+08  4.016608e+03   9508611   1
       792   2.719731e+08  1.792609e+08  4.024172e+03   9520632   1
       793   1.900129e+08  1.792800e+08  4.031907e+03   9532653   1
       794   5.908571e+08  1.793180e+08  4.039737e+03   9544674   1
       795   2.960004e+08  1.793525e+08  4.047426e+03   9556695   1
       796   5.521855e+08  1.793664e+08  4.055036e+03   9568716   1
       797   1.578087e+08  1.793939e+08  4.062724e+03   9580737   1
       798   3.981618e+08  1.794113e+08  4.070446e+03   9592758   1
       799   1.816578e+08  1.794134e+08  4.078055e+03   9604779   1
       800   2.243656e+08  1.794497e+08  4.085917e+03   9616800   1
       801   2.036068e+08  1.794808e+08  4.093698e+03   9628821   1
       802   1.549027e+08  1.794812e+08  4.101448e+03   9640842   1
       803   1.599466e+08  1.795018e+08  4.109217e+03   9652863   1
       804   2.177810e+08  1.795059e+08  4.117092e+03   9664884   1
       805   2.875980e+08  1.795224e+08  4.124952e+03   9676905   1
       806   1.472830e+08  1.795283e+08  4.132749e+03   9688926   1
       807   2.742268e+08  1.795661e+08  4.140671e+03   9700947   1
       808   3.096870e+08  1.795737e+08  4.148609e+03   9712968   1
       809   3.202489e+08  1.796084e+08  4.156454e+03   9724989   1
       810   2.132520e+08  1.796342e+08  4.164221e+03   9737010   1
       811   2.241500e+08  1.796908e+08  4.172351e+03   9749031   1
       812   2.889717e+08  1.797012e+08  4.180445e+03   9761052   1
       813   3.067549e+08  1.797562e+08  4.188445e+03   9773073   1
       814   2.329906e+08  1.797725e+08  4.196352e+03   9785094   1
       815   1.970702e+08  1.798491e+08  4.204463e+03   9797115   1
       816   3.571344e+08  1.798504e+08  4.212557e+03   9809136   1
       817   2.189078e+08  1.799063e+08  4.220713e+03   9821157   1
       818   1.833381e+08  1.799235e+08  4.228714e+03   9833178   1
       819   1.920961e+08  1.799710e+08  4.236904e+03   9845199   1
       820   4.750891e+08  1.799946e+08  4.245141e+03   9857220   1
       821   4.478869e+08  1.799995e+08  4.253189e+03   9869241   1
       822   2.112138e+08  1.800694e+08  4.261253e+03   9881262   1
       823   2.477318e+08  1.801430e+08  4.269566e+03   9893283   1
       824   3.586264e+08  1.801443e+08  4.277599e+03   9905304   1
       825   1.571100e+08  1.801917e+08  4.285708e+03   9917325   1
       826   2.183171e+08  1.802187e+08  4.293849e+03   9929346   1
       827   2.481263e+08  1.802209e+08  4.302052e+03   9941367   1
       828   5.196746e+08  1.803070e+08  4.310240e+03   9953388   1
       829   3.938244e+08  1.803372e+08  4.318460e+03   9965409   1
       830   4.195771e+08  1.803394e+08  4.326710e+03   9977430   1
       831   1.729969e+08  1.803690e+08  4.334929e+03   9989451   1
       832   5.928241e+08  1.804137e+08  4.343226e+03  10001472   1
       833   1.897465e+08  1.804145e+08  4.351460e+03  10013493   1
       834   1.441800e+08  1.804448e+08  4.359820e+03  10025514   1
       835   1.881764e+08  1.804564e+08  4.367914e+03  10037535   1
       836   2.392745e+08  1.804633e+08  4.376152e+03  10049556   1
       837   1.795369e+08  1.804766e+08  4.384449e+03  10061577   1
       838   2.432329e+08  1.804795e+08  4.392685e+03  10073598   1
       839   1.774392e+08  1.805330e+08  4.400936e+03  10085619   1
       840   2.864855e+08  1.805514e+08  4.409342e+03  10097640   1
       841   2.631778e+08  1.805785e+08  4.417608e+03  10109661   1
       842   2.860261e+08  1.805926e+08  4.425937e+03  10121682   1
       843   2.039547e+08  1.806182e+08  4.434327e+03  10133703   1
       844   1.994177e+08  1.806656e+08  4.442656e+03  10145724   1
       845   2.583518e+08  1.806715e+08  4.450985e+03  10157745   1
       846   1.951462e+08  1.806781e+08  4.459251e+03  10169766   1
       847   3.118169e+08  1.807293e+08  4.467409e+03  10181787   1
       848   1.602425e+08  1.807887e+08  4.475737e+03  10193808   1
       849   3.339902e+08  1.808003e+08  4.484175e+03  10205829   1
       850   3.617023e+08  1.808183e+08  4.492534e+03  10217850   1
       851   3.240619e+08  1.808228e+08  4.500847e+03  10229871   1
       852   2.209106e+08  1.808377e+08  4.509337e+03  10241892   1
       853   2.178163e+08  1.808706e+08  4.517759e+03  10253913   1
       854   2.694057e+08  1.808955e+08  4.526199e+03  10265934   1
       855   1.577827e+08  1.809053e+08  4.534637e+03  10277955   1
       856   1.679239e+08  1.809421e+08  4.543028e+03  10289976   1
       857   1.962029e+08  1.809772e+08  4.551324e+03  10301997   1
       858   3.986373e+08  1.809933e+08  4.559809e+03  10314018   1
       859   2.608001e+08  1.810817e+08  4.568189e+03  10326039   1
       860   1.643937e+08  1.810854e+08  4.576673e+03  10338060   1
       861   2.512162e+08  1.810963e+08  4.585158e+03  10350081   1
       862   2.396970e+08  1.811114e+08  4.593580e+03  10362102   1
       863   2.432419e+08  1.811552e+08  4.602034e+03  10374123   1
       864   2.838189e+08  1.811740e+08  4.610487e+03  10386144   1
       865   5.483651e+08  1.811875e+08  4.618988e+03  10398165   1
       866   3.852040e+08  1.812040e+08  4.627505e+03  10410186   1
       867   2.039831e+08  1.812101e+08  4.635958e+03  10422207   1
       868   5.208592e+08  1.812482e+08  4.644380e+03  10434228   1
       869   2.570527e+08  1.812759e+08  4.653037e+03  10446249   1
       870   1.861161e+08  1.812855e+08  4.661413e+03  10458270   1
       871   3.417284e+08  1.813127e+08  4.669965e+03  10470291   1
       872   2.666734e+08  1.813229e+08  4.678528e+03  10482312   1
       873   1.856257e+08  1.813655e+08  4.687064e+03  10494333   1
       874   2.669140e+08  1.813780e+08  4.695614e+03  10506354   1
       875   1.764616e+08  1.813903e+08  4.704068e+03  10518375   1
       876   1.828965e+08  1.814088e+08  4.712584e+03  10530396   1
       877   1.852034e+08  1.814529e+08  4.721131e+03  10542417   1
       878   1.517930e+08  1.815003e+08  4.729619e+03  10554438   1
       879   5.012968e+08  1.815113e+08  4.738244e+03  10566459   1
       880   3.161803e+08  1.815294e+08  4.746841e+03  10578480   1
       881   2.229868e+08  1.815765e+08  4.755450e+03  10590501   1
       882   1.964899e+08  1.815994e+08  4.763981e+03  10602522   1
       883   2.003376e+08  1.816824e+08  4.772717e+03  10614543   1
       884   1.978640e+08  1.816928e+08  4.781264e+03  10626564   1
       885   3.870608e+08  1.817061e+08  4.789797e+03  10638585   1
       886   2.061065e+08  1.817206e+08  4.798593e+03  10650606   1
       887   3.453096e+08  1.817423e+08  4.807250e+03  10662627   1
       888   6.163320e+08  1.817720e+08  4.815907e+03  10674648   1
       889   1.918436e+08  1.817842e+08  4.824563e+03  10686669   1
       890   2.068122e+08  1.818064e+08  4.833313e+03  10698690   1
       891   2.602572e+08  1.818371e+08  4.841954e+03  10710711   1
       892   1.565249e+08  1.818773e+08  4.850564e+03  10722732   1
       893   2.173973e+08  1.819092e+08  4.859251e+03  10734753   1
       894   3.141814e+08  1.820275e+08  4.868064e+03  10746774   1
       895   3.280209e+08  1.820500e+08  4.876799e+03  10758795   1
       896   3.765069e+08  1.820782e+08  4.885676e+03  10770816   1
       897   2.285949e+08  1.821142e+08  4.894379e+03  10782837   1
       898   2.336564e+08  1.821583e+08  4.903177e+03  10794858   1
       899   3.226256e+08  1.821878e+08  4.911865e+03  10806879   1
       900   2.719564e+08  1.822172e+08  4.920678e+03  10818900   1
       901   6.861017e+08  1.822811e+08  4.929397e+03  10830921   1
       902   7.342046e+08  1.823012e+08  4.938007e+03  10842942   1
       903   1.653890e+08  1.823277e+08  4.946804e+03  10854963   1
       904   1.986683e+08  1.823293e+08  4.955601e+03  10866984   1
       905   2.302851e+08  1.823374e+08  4.964497e+03  10879005   1
       906   2.857153e+08  1.823637e+08  4.973326e+03  10891026   1
       907   2.143805e+08  1.823850e+08  4.982169e+03  10903047   1
       908   2.646357e+08  1.824125e+08  4.990966e+03  10915068   1
       909   1.863045e+08  1.824301e+08  4.999841e+03  10927089   1
       910   2.357592e+08  1.824440e+08  5.008658e+03  10939110   1
       911   1.872268e+08  1.824722e+08  5.017565e+03  10951131   1
       912   1.468661e+08  1.824947e+08  5.026362e+03  10963152   1
       913   2.821762e+08  1.825053e+08  5.035237e+03  10975173   1
       914   3.081380e+08  1.825398e+08  5.044050e+03  10987194   1
       915   2.486573e+08  1.825483e+08  5.053053e+03  10999215   1
       916   2.524025e+08  1.825761e+08  5.061975e+03  11011236   1
       917   2.326037e+08  1.825990e+08  5.070790e+03  11023257   1
       918   1.663030e+08  1.826192e+08  5.079696e+03  11035278   1
       919   2.404331e+08  1.826533e+08  5.088573e+03  11047299   1
       920   2.182788e+08  1.826880e+08  5.097450e+03  11059320   1
       921   2.186980e+08  1.827062e+08  5.106387e+03  11071341   1
       922   2.380168e+08  1.827283e+08  5.115356e+03  11083362   1
       923   1.706520e+08  1.827512e+08  5.124388e+03  11095383   1
       924   2.338552e+08  1.827618e+08  5.133325e+03  11107404   1
       925   2.483823e+08  1.827725e+08  5.142264e+03  11119425   1
       926   3.664616e+08  1.827736e+08  5.151248e+03  11131446   1
       927   3.189489e+08  1.827991e+08  5.160249e+03  11143467   1
       928   3.469633e+08  1.828045e+08  5.169139e+03  11155488   1
       929   2.260760e+08  1.828247e+08  5.178157e+03  11167509   1
       930   2.632150e+08  1.828306e+08  5.187220e+03  11179530   1
       931   1.946864e+08  1.828328e+08  5.196298e+03  11191551   1
       932   1.808728e+08  1.828472e+08  5.205377e+03  11203572   1
       933   3.046313e+08  1.828539e+08  5.214445e+03  11215593   1
       934   1.715293e+08  1.828645e+08  5.223554e+03  11227614   1
       935   2.428145e+08  1.828954e+08  5.232696e+03  11239635   1
       936   3.959963e+08  1.829055e+08  5.241790e+03  11251656   1
       937   2.463933e+08  1.829263e+08  5.250946e+03  11263677   1
       938   2.127541e+08  1.829278e+08  5.259885e+03  11275698   1
       939   4.980095e+08  1.829328e+08  5.268901e+03  11287719   1
       940   3.223540e+08  1.829631e+08  5.277934e+03  11299740   1
       941   2.162764e+08  1.829698e+08  5.287108e+03  11311761   1
       942   2.199263e+08  1.829914e+08  5.296218e+03  11323782   1
       943   1.646099e+08  1.830088e+08  5.305312e+03  11335803   1
       944   2.244519e+08  1.830241e+08  5.314407e+03  11347824   1
       945   5.946546e+08  1.830908e+08  5.323360e+03  11359845   1
       946   2.421830e+08  1.831120e+08  5.332423e+03  11371866   1
       947   2.658431e+08  1.831148e+08  5.341661e+03  11383887   1
       948   1.852938e+08  1.831318e+08  5.350817e+03  11395908   1
       949   1.970625e+08  1.831345e+08  5.359963e+03  11407929   1
       950   2.751335e+08  1.831378e+08  5.369199e+03  11419950   1
       951   4.694594e+08  1.831750e+08  5.378387e+03  11431971   1
       952   1.935018e+08  1.831873e+08  5.387590e+03  11443992   1
       953   3.755114e+08  1.832209e+08  5.396809e+03  11456013   1
       954   3.022208e+08  1.832272e+08  5.406003e+03  11468034   1
       955   5.026365e+08  1.832454e+08  5.415097e+03  11480055   1
       956   2.162660e+08  1.832525e+08  5.424222e+03  11492076   1
       957   3.507063e+08  1.832671e+08  5.433519e+03  11504097   1
       958   1.996328e+08  1.832678e+08  5.442738e+03  11516118   1
       959   2.411975e+08  1.832827e+08  5.452019e+03  11528139   1
       960   2.047206e+08  1.833096e+08  5.461209e+03  11540160   1
       961   2.302736e+08  1.833326e+08  5.470569e+03  11552181   1
       962   1.963033e+08  1.833911e+08  5.479793e+03  11564202   1
       963   4.973292e+08  1.833916e+08  5.488980e+03  11576223   1
       964   3.263066e+08  1.834304e+08  5.498184e+03  11588244   1
       965   4.455991e+08  1.834918e+08  5.507359e+03  11600265   1
       966   2.113738e+08  1.834922e+08  5.516609e+03  11612286   1
       967   1.855112e+08  1.835096e+08  5.526127e+03  11624307   1
       968   2.315189e+08  1.835474e+08  5.535486e+03  11636328   1
       969   1.521502e+08  1.835521e+08  5.544752e+03  11648349   1
       970   2.346952e+08  1.836471e+08  5.554142e+03  11660370   1
       971   3.387626e+08  1.836510e+08  5.563440e+03  11672391   1
       972   1.975644e+08  1.836644e+08  5.572800e+03  11684412   1
       973   2.846421e+08  1.836937e+08  5.581975e+03  11696433   1
       974   2.285397e+08  1.836975e+08  5.591350e+03  11708454   1
       975   3.512339e+08  1.837031e+08  5.600757e+03  11720475   1
       976   3.311667e+08  1.837191e+08  5.610101e+03  11732496   1
       977   2.611611e+08  1.837314e+08  5.619479e+03  11744517   1
       978   3.265370e+08  1.837460e+08  5.628901e+03  11756538   1
       979   1.710707e+08  1.837473e+08  5.638276e+03  11768559   1
       980   1.868053e+08  1.837763e+08  5.647683e+03  11780580   1
       981   1.952125e+08  1.837784e+08  5.657136e+03  11792601   1
       982   2.237946e+08  1.838117e+08  5.666605e+03  11804622   1
       983   3.943092e+08  1.838321e+08  5.676012e+03  11816643   1
       984   1.894963e+08  1.838818e+08  5.685452e+03  11828664   1
       985   1.867630e+08  1.839100e+08  5.694718e+03  11840685   1
       986   5.409503e+08  1.839133e+08  5.704108e+03  11852706   1
       987   2.023545e+08  1.839544e+08  5.713611e+03  11864727   1
       988   2.548514e+08  1.840062e+08  5.722985e+03  11876748   1
       989   2.121248e+08  1.840299e+08  5.732471e+03  11888769   1
       990   3.069105e+08  1.840613e+08  5.741894e+03  11900790   1
       991   1.531346e+08  1.840945e+08  5.751379e+03  11912811   1
       992   1.754714e+08  1.841097e+08  5.760832e+03  11924832   1
       993   2.217199e+08  1.841310e+08  5.770302e+03  11936853   1
       994   2.219337e+08  1.841387e+08  5.779708e+03  11948874   1
       995   2.553970e+08  1.841557e+08  5.789256e+03  11960895   1
       996   2.155250e+08  1.841605e+08  5.798647e+03  11972916   1
       997   1.790808e+08  1.841799e+08  5.808131e+03  11984937   1
       998   1.699027e+08  1.841904e+08  5.817791e+03  11996958   1
       999   1.955571e+08  1.841934e+08  5.827199e+03  12008979   1
      1000   2.565924e+08  1.842085e+08  5.836824e+03  12021000   1
      1001   2.703660e+08  1.842612e+08  5.846501e+03  12033021   1
      1002   1.506913e+08  1.842722e+08  5.856095e+03  12045042   1
      1003   1.651944e+08  1.842967e+08  5.865736e+03  12057063   1
      1004   3.571305e+08  1.843137e+08  5.875336e+03  12069084   1
      1005   1.937240e+08  1.843386e+08  5.885039e+03  12081105   1
      1006   2.139777e+08  1.843860e+08  5.894431e+03  12093126   1
      1007   7.318475e+08  1.844101e+08  5.904025e+03  12105147   1
      1008   3.664527e+08  1.844609e+08  5.913791e+03  12117168   1
      1009   1.806968e+08  1.844898e+08  5.923479e+03  12129189   1
      1010   2.084098e+08  1.845069e+08  5.933167e+03  12141210   1
      1011   4.254573e+08  1.845120e+08  5.942808e+03  12153231   1
      1012   2.326036e+08  1.845254e+08  5.952448e+03  12165252   1
      1013   2.282395e+08  1.845296e+08  5.962153e+03  12177273   1
      1014   2.075050e+08  1.845701e+08  5.971810e+03  12189294   1
      1015   1.800952e+08  1.845856e+08  5.981419e+03  12201315   1
      1016   1.950951e+08  1.846123e+08  5.991015e+03  12213336   1
      1017   1.383787e+08  1.846151e+08  6.000772e+03  12225357   1
      1018   1.135079e+08  1.846545e+08  6.010506e+03  12237378   1
      1019   2.420115e+08  1.846663e+08  6.020195e+03  12249399   1
      1020   1.322002e+08  1.846694e+08  6.029773e+03  12261420   1
      1021   2.678267e+08  1.846920e+08  6.039399e+03  12273441   1
      1022   2.368430e+08  1.846945e+08  6.049228e+03  12285462   1
      1023   2.536788e+08  1.847029e+08  6.058916e+03  12297483   1
      1024   1.996234e+08  1.847060e+08  6.068842e+03  12309504   1
      1025   3.607822e+08  1.847687e+08  6.078640e+03  12321525   1
      1026   1.924091e+08  1.847755e+08  6.088405e+03  12333546   1
      1027   2.275248e+08  1.848004e+08  6.097874e+03  12345567   1
      1028   6.720996e+08  1.848057e+08  6.107624e+03  12357588   1
      1029   2.055453e+08  1.848177e+08  6.117468e+03  12369609   1
      1030   2.987880e+08  1.848250e+08  6.127330e+03  12381630   1
      1031   2.317634e+08  1.848463e+08  6.137080e+03  12393651   1
      1032   1.735193e+08  1.848519e+08  6.146878e+03  12405672   1
      1033   1.833798e+08  1.848778e+08  6.156847e+03  12417693   1
      1034   2.407562e+08  1.848839e+08  6.166550e+03  12429714   1
      1035   1.393045e+08  1.848940e+08  6.176410e+03  12441735   1
      1036   5.170115e+08  1.849106e+08  6.186272e+03  12453756   1
      1037   7.860655e+08  1.849317e+08  6.196022e+03  12465777   1
      1038   2.284468e+08  1.849341e+08  6.206007e+03  12477798   1
      1039   2.281415e+08  1.849625e+08  6.215947e+03  12489819   1
      1040   1.591138e+08  1.849865e+08  6.225652e+03  12501840   1
      1041   1.946426e+08  1.850300e+08  6.235480e+03  12513861   1
      1042   1.815027e+08  1.850354e+08  6.245417e+03  12525882   1
      1043   1.522708e+08  1.850558e+08  6.255296e+03  12537903   1
      1044   2.032989e+08  1.850609e+08  6.265203e+03  12549924   1
      1045   3.097777e+08  1.850645e+08  6.275109e+03  12561945   1
      1046   2.081609e+08  1.850851e+08  6.284859e+03  12573966   1
      1047   3.741622e+08  1.851052e+08  6.294782e+03  12585987   1
      1048   1.463675e+08  1.851676e+08  6.304767e+03  12598008   1
      1049   5.275405e+08  1.851896e+08  6.314782e+03  12610029   1
      1050   2.417888e+08  1.852049e+08  6.324814e+03  12622050   1
      1051   2.829446e+08  1.852267e+08  6.334908e+03  12634071   1
      1052   1.185069e+08  1.852460e+08  6.344786e+03  12646092   1
      1053   2.577942e+08  1.852531e+08  6.354833e+03  12658113   1
      1054   1.571679e+08  1.852656e+08  6.364786e+03  12670134   1
      1055   8.284744e+08  1.852723e+08  6.374725e+03  12682155   1
      1056   1.691327e+08  1.853044e+08  6.384695e+03  12694176   1
      1057   1.820987e+08  1.853182e+08  6.394618e+03  12706197   1
      1058   1.353883e+08  1.853378e+08  6.404529e+03  12718218   1
      1059   3.127942e+08  1.853489e+08  6.414560e+03  12730239   1
      1060   4.112877e+08  1.853618e+08  6.424531e+03  12742260   1
      1061   2.011558e+08  1.853643e+08  6.434583e+03  12754281   1
      1062   2.484560e+08  1.853768e+08  6.444521e+03  12766302   1
      1063   4.282102e+08  1.853920e+08  6.454569e+03  12778323   1
      1064   2.795846e+08  1.854171e+08  6.464881e+03  12790344   1
      1065   1.661013e+08  1.854346e+08  6.475091e+03  12802365   1
      1066   1.071215e+08  1.854391e+08  6.485015e+03  12814386   1
      1067   1.868445e+08  1.854703e+08  6.495218e+03  12826407   1
      1068   2.069542e+08  1.854793e+08  6.505348e+03  12838428   1
      1069   1.653617e+08  1.854981e+08  6.515397e+03  12850449   1
      1070   2.030805e+08  1.855033e+08  6.525585e+03  12862470   1
      1071   2.172467e+08  1.855137e+08  6.535574e+03  12874491   1
      1072   2.120704e+08  1.855219e+08  6.545652e+03  12886512   1
      1073   1.299855e+08  1.855385e+08  6.555700e+03  12898533   1
      1074   1.918088e+08  1.855752e+08  6.565906e+03  12910554   1
      1075   2.282161e+08  1.855761e+08  6.576015e+03  12922575   1
      1076   2.034070e+08  1.855833e+08  6.586094e+03  12934596   1
      1077   2.441323e+08  1.855893e+08  6.596203e+03  12946617   1
      1078   1.826476e+08  1.856038e+08  6.606282e+03  12958638   1
      1079   2.147055e+08  1.856193e+08  6.616315e+03  12970659   1
      1080   2.618637e+08  1.856248e+08  6.626644e+03  12982680   1
      1081   2.291394e+08  1.856694e+08  6.636850e+03  12994701   1
      1082   2.084420e+08  1.856908e+08  6.647071e+03  13006722   1
      1083   2.942317e+08  1.856974e+08  6.657181e+03  13018743   1
      1084   2.421972e+08  1.857204e+08  6.667359e+03  13030764   1
      1085   1.793757e+08  1.857330e+08  6.677499e+03  13042785   1
      1086   2.047679e+08  1.857403e+08  6.687530e+03  13054806   1
      1087   2.215112e+08  1.857614e+08  6.697811e+03  13066827   1
      1088   2.843350e+08  1.857734e+08  6.708030e+03  13078848   1
      1089   2.195661e+08  1.857979e+08  6.718156e+03  13090869   1
      1090   2.532221e+08  1.858039e+08  6.728457e+03  13102890   1
      1091   2.548951e+08  1.858177e+08  6.738692e+03  13114911   1
      1092   1.302450e+08  1.858315e+08  6.748896e+03  13126932   1
      1093   1.982360e+08  1.858586e+08  6.759162e+03  13138953   1
      1094   2.927309e+08  1.858740e+08  6.769616e+03  13150974   1
      1095   2.050930e+08  1.858970e+08  6.780116e+03  13162995   1
      1096   3.773761e+08  1.859321e+08  6.790555e+03  13175016   1
      1097   1.887168e+08  1.859361e+08  6.800917e+03  13187037   1
      1098   1.706258e+08  1.859443e+08  6.811356e+03  13199058   1
      1099   1.620287e+08  1.859661e+08  6.821700e+03  13211079   1
      1100   2.204064e+08  1.860188e+08  6.832044e+03  13223100   1
      1101   3.024811e+08  1.860332e+08  6.842423e+03  13235121   1
      1102   1.892668e+08  1.860351e+08  6.852876e+03  13247142   1
      1103   2.709505e+08  1.860454e+08  6.863080e+03  13259163   1
      1104   1.273319e+08  1.860795e+08  6.873489e+03  13271184   1
      1105   1.733060e+08  1.861081e+08  6.883989e+03  13283205   1
      1106   4.797126e+08  1.861398e+08  6.894505e+03  13295226   1
      1107   2.469269e+08  1.861669e+08  6.904958e+03  13307247   1
      1108   3.742242e+08  1.861876e+08  6.915494e+03  13319268   1
      1109   2.816902e+08  1.862112e+08  6.925995e+03  13331289   1
      1110   1.587510e+08  1.862241e+08  6.936464e+03  13343310   1
      1111   2.444254e+08  1.862322e+08  6.946968e+03  13355331   1
      1112   4.893957e+08  1.862565e+08  6.957390e+03  13367352   1
      1113   2.454997e+08  1.862887e+08  6.967937e+03  13379373   1
      1114   3.975842e+08  1.863085e+08  6.978483e+03  13391394   1
      1115   1.736597e+08  1.863403e+08  6.988878e+03  13403415   1
      1116   1.935977e+08  1.863563e+08  6.999503e+03  13415436   1
      1117   1.694168e+08  1.863940e+08  7.010191e+03  13427457   1
      1118   1.580362e+08  1.864129e+08  7.020786e+03  13439478   1
      1119   2.266859e+08  1.864399e+08  7.031208e+03  13451499   1
      1120   2.601683e+08  1.864656e+08  7.041870e+03  13463520   1
      1121   2.023490e+08  1.864903e+08  7.052386e+03  13475541   1
      1122   1.696957e+08  1.864963e+08  7.062887e+03  13487562   1
      1123   2.485834e+08  1.865034e+08  7.073450e+03  13499583   1
      1124   4.498623e+08  1.865068e+08  7.084090e+03  13511604   1
      1125   3.500654e+08  1.865454e+08  7.094702e+03  13523625   1
      1126   1.537478e+08  1.865671e+08  7.105296e+03  13535646   1
      1127   1.378359e+08  1.865764e+08  7.115686e+03  13547667   1
      1128   2.596996e+08  1.866003e+08  7.126156e+03  13559688   1
      1129   1.489542e+08  1.866493e+08  7.136813e+03  13571709   1
      1130   2.015262e+08  1.866816e+08  7.147609e+03  13583730   1
      1131   3.516876e+08  1.866996e+08  7.158221e+03  13595751   1
      1132   2.015216e+08  1.867301e+08  7.168847e+03  13607772   1
      1133   4.023266e+08  1.867712e+08  7.179521e+03  13619793   1
      1134   2.189295e+08  1.867809e+08  7.190084e+03  13631814   1
      1135   2.340926e+08  1.868085e+08  7.200677e+03  13643835   1
-------------------------------------------------------------------
status         : time_limit
total time (s) : 7.200677e+03
total solves   : 13643835
best bound     :  1.868085e+08
simulation ci  :  2.937338e+08  1.012592e+07
numeric issues : 0
-------------------------------------------------------------------

 
                                        Time                    Allocations      
                                  
       Tot / % measured:            2.00h / 100.0%            502GiB / 100.0%    

 Section               ncalls     time    %tot     avg     alloc    %tot      avg
 
 backward_pass          1.14k    1.97h   98.7%   6.26s    496GiB   98.9%   447MiB
   solve_subproblem     13.5M    1.96h   98.2%   524s    488GiB   97.2%  37.9KiB
     get_dual_solution  13.5M     111s    1.5%  8.19s   30.6GiB    6.1%  2.38KiB
   prepare_backward...  2.27k   10.7ms    0.0%  4.72s   2.32MiB    0.0%  1.05KiB
 forward_pass           1.14k    91.8s    1.3%  80.9ms   5.63GiB    1.1%  5.08MiB
   solve_subproblem      136k    90.3s    1.3%   663s   5.15GiB    1.0%  39.7KiB
     get_dual_solution   136k    262ms    0.0%  1.93s   72.7MiB    0.0%     560B
   sample_scenario      1.14k    1.00s    0.0%   883s    325MiB    0.1%   294KiB
 calculate_bound        1.14k    662ms    0.0%   583s   47.8MiB    0.0%  43.1KiB
   get_dual_solution    1.14k   1.72ms    0.0%  1.52s    621KiB    0.0%     560B
 


||||||||||||||||||||||||||||||||||||||||||||||||||||||||||||||||||||||||||||||||||||||||||||||||||||||||||||||||||||||||||||||||||||||||
SIMULATION RESULTS
LogLinearSDDP.Simulation(SDDP.InSampleMonteCarlo(0, false, true, SDDP.var"#155#158"{SDDP.var"#156#159"}(SDDP.var"#156#159"(), Core.Box(2000)), nothing), 2000, 11111)
fitted_model
Lower bound: 1.86808506250912e8
Statistical upper bound (confidence interval): 2.6072110390158135e8  5.35527197135447e6
Pessimistic upper bound: 2.6607637587293583e8

||||||||||||||||||||||||||||||||||||||||||||||||||||||||||||||||||||||||||||||||||||||||||||||||||||||||||||||||||||||||||||||||||||||||
SIMULATION RESULTS
LogLinearSDDP.Simulation(SDDP.InSampleMonteCarlo(0, false, true, SDDP.var"#155#158"{SDDP.var"#156#159"}(SDDP.var"#156#159"(), Core.Box(2000)), nothing), 2000, 11111)
fitted_model
Lower bound: 1.86808506250912e8
Statistical upper bound (confidence interval): 1.65099337753471e8  4.195305299181793e6
Pessimistic upper bound: 1.6929464305265278e8

||||||||||||||||||||||||||||||||||||||||||||||||||||||||||||||||||||||||||||||||||||||||||||||||||||||||||||||||||||||||||||||||||||||||
SIMULATION RESULTS
LogLinearSDDP.Simulation(SDDP.InSampleMonteCarlo(0, false, true, SDDP.var"#155#158"{SDDP.var"#156#159"}(SDDP.var"#156#159"(), Core.Box(2000)), nothing), 2000, 11111)
fitted_model
Lower bound: 1.86808506250912e8
Statistical upper bound (confidence interval): 2.84903447479659e8  6.007817194086589e6
Pessimistic upper bound: 2.9091126467374563e8

||||||||||||||||||||||||||||||||||||||||||||||||||||||||||||||||||||||||||||||||||||||||||||||||||||||||||||||||||||||||||||||||||||||||
SIMULATION RESULTS
LogLinearSDDP.Simulation(SDDP.InSampleMonteCarlo(0, false, true, SDDP.var"#155#158"{SDDP.var"#156#159"}(SDDP.var"#156#159"(), Core.Box(2000)), nothing), 2000, 11111)
fitted_model
Lower bound: 1.86808506250912e8
Statistical upper bound (confidence interval): 1.8228083566033435e8  4.7598547079704115e6
Pessimistic upper bound: 1.8704069036830476e8

||||||||||||||||||||||||||||||||||||||||||||||||||||||||||||||||||||||||||||||||||||||||||||||||||||||||||||||||||||||||||||||||||||||||
SIMULATION RESULTS
LogLinearSDDP.Simulation(SDDP.InSampleMonteCarlo(0, false, true, SDDP.var"#155#158"{SDDP.var"#156#159"}(SDDP.var"#156#159"(), Core.Box(2000)), nothing), 2000, 11111)
shapiro_model
Lower bound: 1.86808506250912e8
Statistical upper bound (confidence interval): 2.9741079760969335e8  6.697665542672498e6
Pessimistic upper bound: 3.0410846315236586e8

||||||||||||||||||||||||||||||||||||||||||||||||||||||||||||||||||||||||||||||||||||||||||||||||||||||||||||||||||||||||||||||||||||||||
SIMULATION RESULTS
LogLinearSDDP.Simulation(SDDP.InSampleMonteCarlo(0, false, true, SDDP.var"#155#158"{SDDP.var"#156#159"}(SDDP.var"#156#159"(), Core.Box(2000)), nothing), 2000, 11111)
shapiro_model
Lower bound: 1.86808506250912e8
Statistical upper bound (confidence interval): 1.8873429900689602e8  5.3033946861590985e6
Pessimistic upper bound: 1.9403769369305512e8

||||||||||||||||||||||||||||||||||||||||||||||||||||||||||||||||||||||||||||||||||||||||||||||||||||||||||||||||||||||||||||||||||||||||
SIMULATION RESULTS
LogLinearSDDP.Simulation(SDDP.InSampleMonteCarlo(0, false, true, SDDP.var"#155#158"{SDDP.var"#156#159"}(SDDP.var"#156#159"(), Core.Box(2000)), nothing), 2000, 11111)
custom_model
Lower bound: 1.86808506250912e8
Statistical upper bound (confidence interval): 4.0929180973721665e8  9.29852189855213e6
Pessimistic upper bound: 4.185903316357688e8

||||||||||||||||||||||||||||||||||||||||||||||||||||||||||||||||||||||||||||||||||||||||||||||||||||||||||||||||||||||||||||||||||||||||
SIMULATION RESULTS
LogLinearSDDP.Simulation(SDDP.InSampleMonteCarlo(0, false, true, SDDP.var"#155#158"{SDDP.var"#156#159"}(SDDP.var"#156#159"(), Core.Box(2000)), nothing), 2000, 11111)
custom_model
Lower bound: 1.86808506250912e8
Statistical upper bound (confidence interval): 2.5266583903332868e8  7.35481086603429e6
Pessimistic upper bound: 2.6002064989936298e8

||||||||||||||||||||||||||||||||||||||||||||||||||||||||||||||||||||||||||||||||||||||||||||||||||||||||||||||||||||||||||||||||||||||||
SIMULATION RESULTS
LogLinearSDDP.Simulation(SDDP.InSampleMonteCarlo(0, false, true, SDDP.var"#155#158"{SDDP.var"#156#159"}(SDDP.var"#156#159"(), Core.Box(2000)), nothing), 2000, 11111)
bic_model
Lower bound: 1.86808506250912e8
Statistical upper bound (confidence interval): 4.215432173022383e8  9.569100547088284e6
Pessimistic upper bound: 4.3111231784932655e8

||||||||||||||||||||||||||||||||||||||||||||||||||||||||||||||||||||||||||||||||||||||||||||||||||||||||||||||||||||||||||||||||||||||||
SIMULATION RESULTS
LogLinearSDDP.Simulation(SDDP.InSampleMonteCarlo(0, false, true, SDDP.var"#155#158"{SDDP.var"#156#159"}(SDDP.var"#156#159"(), Core.Box(2000)), nothing), 2000, 11111)
bic_model
Lower bound: 1.86808506250912e8
Statistical upper bound (confidence interval): 2.6245198830114728e8  7.605582447617997e6
Pessimistic upper bound: 2.700575707487653e8

||||||||||||||||||||||||||||||||||||||||||||||||||||||||||||||||||||||||||||||||||||||||||||||||||||||||||||||||||||||||||||||||||||||||
SIMULATION RESULTS
LogLinearSDDP.Simulation(SDDP.InSampleMonteCarlo(0, false, true, SDDP.var"#155#158"{SDDP.var"#156#159"}(SDDP.var"#156#159"(), Core.Box(2000)), nothing), 2000, 11111)
fitted_model
Lower bound: 1.8678480760358325e8
Statistical upper bound (confidence interval): 5.103313827447635e8  8.552232336981438e7
Pessimistic upper bound: 5.958537061145779e8

||||||||||||||||||||||||||||||||||||||||||||||||||||||||||||||||||||||||||||||||||||||||||||||||||||||||||||||||||||||||||||||||||||||||
SIMULATION RESULTS
LogLinearSDDP.Simulation(SDDP.InSampleMonteCarlo(0, false, true, SDDP.var"#155#158"{SDDP.var"#156#159"}(SDDP.var"#156#159"(), Core.Box(2000)), nothing), 2000, 11111)
fitted_model
Lower bound: 1.8678480760358325e8
Statistical upper bound (confidence interval): 3.2490805888162106e8  6.85650149093156e7
Pessimistic upper bound: 3.9347307379093665e8
