||||||||||||||||||||||||||||||||||||||||||||||||||||||||||||||||||||||||||||||||||||||||||||||||||||||||||||||||||||||||||||||||||||||||
PATH
calling 
C:\Users\cg4102\Documents\New LogLinearSDDP\LogLinearSDDP.jl\Examples\Hydrothermal
C:\Users\cg4102\Documents\New LogLinearSDDP\LogLinearSDDP.jl\Examples\Hydrothermal\run_model_markov.jl
DATETIME
2025-04-28T02:33:38.516
RUN DESCRIPTION
LogLinearSDDP.AlgoParams(SDDP.AbstractStoppingRule[SDDP.TimeLimit(7200.0)], LogLinearSDDP.NoSimulation(), false, 2, 1, "C:/Users/cg4102/Documents/julia_logs/Cut-sharing Re-Run (2h)/Run_MC-SDDP_lattice_22222/MC-SDDP.log", false, false, false, 22222, "MC-SDDP: 100 nodes, lattice", :fitted_model)
-------------------------------------------------------------------
         SDDP.jl (c) Oscar Dowson and contributors, 2017-23
-------------------------------------------------------------------
problem
  nodes           : 11901
  state variables : 4
  scenarios       : 6.68857e+229
  existing cuts   : false
options
  solver          : serial mode
  risk measure    : SDDP.Expectation()
  sampling scheme : SDDP.InSampleMonteCarlo
subproblem structure
  VariableRef                                  : [142, 142]
  JuMP.AffExpr in MOI.EqualTo{Float64}         : [13, 13]
  JuMP.VariableRef in MOI.GreaterThan{Float64} : [138, 138]
  JuMP.VariableRef in MOI.LessThan{Float64}    : [129, 130]
-------------------------------------------------------------------
 iteration    simulation      bound        time (s)     solves  pid
-------------------------------------------------------------------
         1   2.015253e+09  1.165202e+06  6.513000e+00     10620   1
         2   1.390085e+09  1.692727e+06  9.970000e+00     21087   1
         3   8.345926e+08  1.823829e+06  1.324900e+01     31423   1
         4   5.950926e+08  3.042034e+06  1.646200e+01     41936   1
         5   7.838598e+08  3.127766e+06  1.977700e+01     52651   1
         6   5.304965e+08  1.259531e+07  2.305900e+01     63060   1
         7   5.169054e+08  4.408108e+07  2.610100e+01     73227   1
         8   5.806540e+08  4.748627e+07  3.191600e+01     83790   1
         9   6.303635e+08  4.842206e+07  3.485400e+01     94087   1
        10   4.344839e+08  4.948443e+07  3.787500e+01    104448   1
        11   4.151966e+08  5.186739e+07  4.077700e+01    114690   1
        12   3.396848e+08  5.398935e+07  4.367100e+01    125095   1
        13   5.465640e+08  5.463252e+07  4.650800e+01    135615   1
        14   3.948630e+08  6.075328e+07  4.943000e+01    146051   1
        15   5.045736e+08  6.330118e+07  5.250100e+01    156716   1
        16   2.533399e+08  7.023335e+07  5.531300e+01    166934   1
        17   4.696244e+08  7.052751e+07  5.827700e+01    177279   1
        18   2.723398e+08  7.109321e+07  6.111400e+01    187583   1
        19   2.990853e+08  7.184272e+07  6.402200e+01    197900   1
        20   2.647713e+08  7.320352e+07  6.687600e+01    208405   1
        21   4.237315e+08  7.534346e+07  6.946000e+01    218188   1
        22   4.249853e+08  7.584162e+07  7.239500e+01    228686   1
        23   2.343243e+08  7.753124e+07  7.534700e+01    238786   1
        24   2.687049e+08  7.829918e+07  7.847700e+01    249099   1
        25   5.198977e+08  8.204124e+07  8.146500e+01    259735   1
        26   3.673168e+08  8.307864e+07  8.441200e+01    270113   1
        27   2.990134e+08  8.316203e+07  8.735000e+01    280521   1
        28   4.993083e+08  8.347164e+07  9.040000e+01    291043   1
        29   5.355460e+08  9.343367e+07  9.341900e+01    301395   1
        30   2.160182e+08  9.432353e+07  9.668500e+01    311941   1
        31   4.310986e+08  9.503732e+07  9.957400e+01    322068   1
        32   5.634087e+08  9.526014e+07  1.026530e+02    332414   1
        33   4.627739e+08  9.674219e+07  1.057210e+02    342764   1
        34   3.313398e+08  9.691808e+07  1.086880e+02    353106   1
        35   8.274236e+08  9.724999e+07  1.116490e+02    363498   1
        36   3.647301e+08  9.849559e+07  1.147590e+02    374000   1
        37   2.851062e+08  1.004561e+08  1.177980e+02    384295   1
        38   5.286218e+08  1.025232e+08  1.234260e+02    394576   1
        39   2.614608e+08  1.045976e+08  1.264930e+02    405193   1
        40   3.287315e+08  1.056151e+08  1.295440e+02    415773   1
        41   3.938962e+08  1.063039e+08  1.326530e+02    426456   1
        42   3.793719e+08  1.066352e+08  1.356960e+02    436647   1
        43   3.541868e+08  1.066529e+08  1.387340e+02    447231   1
        44   2.473123e+08  1.077323e+08  1.416770e+02    457570   1
        45   9.224900e+08  1.077653e+08  1.445770e+02    467972   1
        46   2.511396e+08  1.085521e+08  1.475480e+02    478587   1
        47   3.400397e+08  1.096603e+08  1.506040e+02    489058   1
        48   2.362657e+08  1.096739e+08  1.536170e+02    499587   1
        49   5.264648e+08  1.096756e+08  1.565280e+02    509759   1
        50   1.928421e+08  1.116109e+08  1.595480e+02    520097   1
        51   4.974254e+08  1.124941e+08  1.624910e+02    530516   1
        52   2.517396e+08  1.192614e+08  1.656280e+02    541079   1
        53   2.500883e+08  1.200796e+08  1.689850e+02    551591   1
        54   2.403947e+08  1.216791e+08  1.721310e+02    561873   1
        55   1.944225e+08  1.228147e+08  1.752700e+02    572147   1
        56   2.924464e+08  1.242655e+08  1.785440e+02    582924   1
        57   7.143606e+08  1.247991e+08  1.817690e+02    593136   1
        58   1.733604e+08  1.248931e+08  1.848790e+02    603305   1
        59   3.300164e+08  1.270160e+08  1.880870e+02    614044   1
        60   3.262367e+08  1.270483e+08  1.912710e+02    624539   1
        61   5.237937e+08  1.272593e+08  1.944200e+02    634836   1
        62   6.218368e+08  1.286603e+08  1.976620e+02    645244   1
        63   5.367308e+08  1.304160e+08  2.008790e+02    655574   1
        64   3.100769e+08  1.305142e+08  2.041840e+02    666125   1
        65   3.922395e+08  1.307465e+08  2.073540e+02    676495   1
        66   2.142124e+08  1.309346e+08  2.106640e+02    687135   1
        67   4.254068e+08  1.341391e+08  2.166280e+02    697583   1
        68   1.828239e+08  1.341594e+08  2.197840e+02    708106   1
        69   4.225379e+08  1.353701e+08  2.228330e+02    718632   1
        70   3.995021e+08  1.372659e+08  2.260440e+02    729275   1
        71   3.716521e+08  1.385284e+08  2.291650e+02    739831   1
        72   3.315032e+08  1.390362e+08  2.323170e+02    750292   1
        73   2.857635e+08  1.409205e+08  2.354380e+02    760451   1
        74   4.694337e+08  1.443593e+08  2.386260e+02    770913   1
        75   5.281103e+08  1.444807e+08  2.417560e+02    781382   1
        76   2.158511e+08  1.447307e+08  2.449020e+02    791772   1
        77   2.099394e+08  1.457954e+08  2.481930e+02    802272   1
        78   3.641805e+08  1.491649e+08  2.514770e+02    812780   1
        79   3.609161e+08  1.499444e+08  2.547520e+02    823373   1
        80   4.034522e+08  1.523239e+08  2.580050e+02    834071   1
        81   2.594189e+08  1.531203e+08  2.613050e+02    844441   1
        82   4.339719e+08  1.552337e+08  2.644800e+02    854444   1
        83   2.500410e+08  1.561443e+08  2.678200e+02    865057   1
        84   3.649097e+08  1.565018e+08  2.711730e+02    875265   1
        85   4.089910e+08  1.572583e+08  2.745360e+02    885799   1
        86   2.156087e+08  1.580933e+08  2.779310e+02    896385   1
        87   1.812160e+08  1.602904e+08  2.812980e+02    906680   1
        88   2.249186e+08  1.609907e+08  2.847690e+02    917329   1
        89   5.305204e+08  1.612194e+08  2.881120e+02    927764   1
        90   2.453864e+08  1.615101e+08  2.915590e+02    938153   1
        91   2.906254e+08  1.616862e+08  2.949860e+02    948483   1
        92   5.867221e+08  1.622446e+08  2.985220e+02    958974   1
        93   3.520731e+08  1.645534e+08  3.019680e+02    969385   1
        94   3.500253e+08  1.658953e+08  3.054280e+02    979945   1
        95   2.180484e+08  1.661430e+08  3.114090e+02    990584   1
        96   2.645939e+08  1.665067e+08  3.147360e+02   1000700   1
        97   2.383345e+08  1.666187e+08  3.180600e+02   1011158   1
        98   6.783435e+08  1.673020e+08  3.212790e+02   1021317   1
        99   4.147514e+08  1.680332e+08  3.245590e+02   1031458   1
       100   9.429519e+08  1.687810e+08  3.278630e+02   1041675   1
       101   6.014023e+08  1.703658e+08  3.312850e+02   1052197   1
       102   1.968928e+08  1.704076e+08  3.346730e+02   1062788   1
       103   3.152181e+08  1.707604e+08  3.381070e+02   1073415   1
       104   6.368509e+08  1.710324e+08  3.415030e+02   1083936   1
       105   1.748739e+08  1.714273e+08  3.449310e+02   1094312   1
       106   2.359639e+08  1.714283e+08  3.483220e+02   1104703   1
       107   1.873495e+08  1.714710e+08  3.517740e+02   1115249   1
       108   3.461631e+08  1.722783e+08  3.551750e+02   1125546   1
       109   2.306025e+08  1.723859e+08  3.586500e+02   1136088   1
       110   2.394331e+08  1.734989e+08  3.621070e+02   1146525   1
       111   4.118326e+08  1.742964e+08  3.655760e+02   1157081   1
       112   3.271549e+08  1.749237e+08  3.691130e+02   1167636   1
       113   5.439554e+08  1.749511e+08  3.727760e+02   1178104   1
       114   2.150728e+08  1.749809e+08  3.763450e+02   1188766   1
       115   2.499596e+08  1.750029e+08  3.799770e+02   1199225   1
       116   2.271480e+08  1.768747e+08  3.835980e+02   1209690   1
       117   2.154562e+08  1.772764e+08  3.872390e+02   1220117   1
       118   2.131716e+08  1.786485e+08  3.909600e+02   1230681   1
       119   6.113700e+08  1.806785e+08  3.945840e+02   1241142   1
       120   2.124689e+08  1.822328e+08  3.982210e+02   1251352   1
       121   3.503507e+08  1.822435e+08  4.018840e+02   1261693   1
       122   1.674752e+08  1.830631e+08  4.054880e+02   1271858   1
       123   4.638345e+08  1.830694e+08  4.122370e+02   1282442   1
       124   3.125410e+08  1.834087e+08  4.158000e+02   1292922   1
       125   4.234966e+08  1.840184e+08  4.193680e+02   1303382   1
       126   2.106716e+08  1.840995e+08  4.229180e+02   1313763   1
       127   2.171513e+08  1.845430e+08  4.264820e+02   1324083   1
       128   2.117370e+08  1.849135e+08  4.301530e+02   1334496   1
       129   1.960049e+08  1.849553e+08  4.338100e+02   1345215   1
       130   5.498374e+08  1.849894e+08  4.373760e+02   1355349   1
       131   3.515302e+08  1.857299e+08  4.410760e+02   1365912   1
       132   3.124282e+08  1.857827e+08  4.446650e+02   1376271   1
       133   3.312562e+08  1.878995e+08  4.482790e+02   1386444   1
       134   4.975613e+08  1.882214e+08  4.519280e+02   1397042   1
       135   3.275431e+08  1.884814e+08  4.556370e+02   1407709   1
       136   2.590041e+08  1.887822e+08  4.592980e+02   1417965   1
       137   2.966195e+08  1.893112e+08  4.629800e+02   1428331   1
       138   2.072454e+08  1.893389e+08  4.667000e+02   1438732   1
       139   1.777513e+08  1.896157e+08  4.705280e+02   1449238   1
       140   4.874663e+08  1.913666e+08  4.743250e+02   1459762   1
       141   1.941914e+08  1.916061e+08  4.781860e+02   1470243   1
       142   2.676702e+08  1.916090e+08  4.819910e+02   1480676   1
       143   4.316352e+08  1.917619e+08  4.858240e+02   1491134   1
       144   2.629229e+08  1.918514e+08  4.896350e+02   1501514   1
       145   2.281689e+08  1.920401e+08  4.935410e+02   1511925   1
       146   2.651539e+08  1.920710e+08  4.974050e+02   1522293   1
       147   2.882212e+08  1.922272e+08  5.012510e+02   1532562   1
       148   2.344937e+08  1.924911e+08  5.051370e+02   1543111   1
       149   2.936737e+08  1.930312e+08  5.090370e+02   1553787   1
       150   4.531691e+08  1.932384e+08  5.128870e+02   1564263   1
       151   2.385573e+08  1.932638e+08  5.287930e+02   1574808   1
       152   4.661375e+08  1.934896e+08  5.325330e+02   1585051   1
       153   3.021268e+08  1.939522e+08  5.364000e+02   1595514   1
       154   5.063193e+08  1.939952e+08  5.402120e+02   1606048   1
       155   2.467617e+08  1.947832e+08  5.439960e+02   1616232   1
       156   2.059894e+08  1.948138e+08  5.478810e+02   1626896   1
       157   3.714094e+08  1.950382e+08  5.516530e+02   1637078   1
       158   3.690030e+08  1.951507e+08  5.554510e+02   1647482   1
       159   6.561154e+08  1.954383e+08  5.592580e+02   1657662   1
       160   2.403591e+08  1.955808e+08  5.631060e+02   1668434   1
       161   3.146520e+08  1.959052e+08  5.670100e+02   1678893   1
       162   4.187888e+08  1.962361e+08  5.708880e+02   1689477   1
       163   4.260480e+08  1.962909e+08  5.747700e+02   1699842   1
       164   2.258583e+08  1.966653e+08  5.786850e+02   1710183   1
       165   2.802596e+08  1.974901e+08  5.826290e+02   1720578   1
       166   3.259281e+08  1.980334e+08  5.866240e+02   1730921   1
       167   3.141182e+08  1.985978e+08  5.907200e+02   1741498   1
       168   2.488349e+08  1.985981e+08  5.948510e+02   1751743   1
       169   2.085689e+08  1.988345e+08  5.990950e+02   1762370   1
       170   2.807866e+08  1.989158e+08  6.032870e+02   1772976   1
       171   2.346299e+08  1.994174e+08  6.074840e+02   1783451   1
       172   9.251967e+08  1.995452e+08  6.115920e+02   1793902   1
       173   3.408262e+08  1.995983e+08  6.204230e+02   1804353   1
       174   6.878352e+08  1.999828e+08  6.243760e+02   1814838   1
       175   2.227124e+08  2.000459e+08  6.282970e+02   1825186   1
       176   2.291010e+08  2.001323e+08  6.322550e+02   1835722   1
       177   2.113386e+08  2.008829e+08  6.362490e+02   1846057   1
       178   3.311950e+08  2.012406e+08  6.401810e+02   1856316   1
       179   2.078488e+08  2.018399e+08  6.441740e+02   1866888   1
       180   2.316353e+08  2.020759e+08  6.481910e+02   1877211   1
       181   3.176190e+08  2.027332e+08  6.523430e+02   1887799   1
       182   2.777348e+08  2.027398e+08  6.565030e+02   1898161   1
       183   3.457371e+08  2.027581e+08  6.606880e+02   1908365   1
       184   3.729947e+08  2.030741e+08  6.649010e+02   1919225   1
       185   1.890137e+08  2.031781e+08  6.692030e+02   1929481   1
       186   1.966931e+08  2.032517e+08  6.735820e+02   1940196   1
       187   3.468465e+08  2.032730e+08  6.778900e+02   1950641   1
       188   2.863450e+08  2.032905e+08  6.821890e+02   1961010   1
       189   8.081164e+08  2.033363e+08  6.865250e+02   1971417   1
       190   6.592097e+08  2.040190e+08  6.949970e+02   1981961   1
       191   1.932820e+08  2.041773e+08  6.990860e+02   1992633   1
       192   3.122006e+08  2.045400e+08  7.032250e+02   2003120   1
       193   2.453231e+08  2.046985e+08  7.074120e+02   2013635   1
       194   2.397158e+08  2.051442e+08  7.116230e+02   2024328   1
       195   4.073355e+08  2.055212e+08  7.157030e+02   2034767   1
       196   5.081792e+08  2.056251e+08  7.198550e+02   2045147   1
       197   2.204643e+08  2.057006e+08  7.240860e+02   2055511   1
       198   2.152771e+08  2.058988e+08  7.283730e+02   2065962   1
       199   2.667991e+08  2.059840e+08  7.326490e+02   2076354   1
       200   2.349454e+08  2.060008e+08  7.369710e+02   2086810   1
       201   3.020599e+08  2.060564e+08  7.413180e+02   2097349   1
       202   2.816403e+08  2.061309e+08  7.456500e+02   2107738   1
       203   3.213636e+08  2.063162e+08  7.501160e+02   2118286   1
       204   3.260501e+08  2.071302e+08  7.586420e+02   2128795   1
       205   2.828274e+08  2.073124e+08  7.628160e+02   2139042   1
       206   1.159553e+09  2.073264e+08  7.669980e+02   2149368   1
       207   1.974415e+08  2.076512e+08  7.713110e+02   2160044   1
       208   5.190340e+08  2.076681e+08  7.755790e+02   2170574   1
       209   2.854859e+08  2.079556e+08  7.799180e+02   2180881   1
       210   4.015151e+08  2.079625e+08  7.842350e+02   2191504   1
       211   3.174651e+08  2.082631e+08  7.885370e+02   2201836   1
       212   3.179721e+08  2.084448e+08  7.929310e+02   2212313   1
       213   1.890564e+08  2.087032e+08  7.973510e+02   2222821   1
       214   2.434033e+08  2.090678e+08  8.018910e+02   2233373   1
       215   3.350087e+08  2.092931e+08  8.063460e+02   2243858   1
       216   1.975575e+08  2.098641e+08  8.148750e+02   2254039   1
       217   1.541968e+08  2.100703e+08  8.191630e+02   2264365   1
       218   3.288371e+08  2.104995e+08  8.235510e+02   2275016   1
       219   7.513321e+08  2.109632e+08  8.278080e+02   2285275   1
       220   3.344032e+08  2.115306e+08  8.323010e+02   2295805   1
       221   3.122752e+08  2.125603e+08  8.366780e+02   2306308   1
       222   1.967035e+08  2.126086e+08  8.410950e+02   2316846   1
       223   2.002557e+08  2.128095e+08  8.456580e+02   2327407   1
       224   1.860385e+08  2.133398e+08  8.501920e+02   2337721   1
       225   2.408269e+08  2.134480e+08  8.547390e+02   2348425   1
       226   4.770592e+08  2.136825e+08  8.592810e+02   2358877   1
       227   3.060515e+08  2.137509e+08  8.638420e+02   2369195   1
       228   3.133245e+08  2.138239e+08  8.725600e+02   2379857   1
       229   2.627774e+08  2.138792e+08  8.771090e+02   2390651   1
       230   4.000481e+08  2.143627e+08  8.815310e+02   2400974   1
       231   6.843658e+08  2.147382e+08  8.859400e+02   2411055   1
       232   2.773809e+08  2.162175e+08  8.904180e+02   2421449   1
       233   2.158088e+08  2.162281e+08  8.949580e+02   2431713   1
       234   2.218274e+08  2.162421e+08  8.995370e+02   2442091   1
       235   2.892606e+08  2.163568e+08  9.041670e+02   2452776   1
       236   2.154780e+08  2.166121e+08  9.088040e+02   2463293   1
       237   1.965364e+08  2.166497e+08  9.134410e+02   2473281   1
       238   3.009387e+08  2.168809e+08  9.223510e+02   2483773   1
       239   1.788431e+08  2.173653e+08  9.269710e+02   2494447   1
       240   2.973177e+08  2.183289e+08  9.314890e+02   2504599   1
       241   2.020295e+08  2.183845e+08  9.360540e+02   2514923   1
       242   2.061113e+08  2.184483e+08  9.407100e+02   2525602   1
       243   4.219843e+08  2.184541e+08  9.452650e+02   2535956   1
       244   2.200394e+08  2.187889e+08  9.499200e+02   2546527   1
       245   2.158614e+08  2.187937e+08  9.546000e+02   2556938   1
       246   2.631649e+08  2.189284e+08  9.593870e+02   2567614   1
       247   6.314295e+08  2.193344e+08  9.640660e+02   2578119   1
       248   2.413308e+08  2.194850e+08  9.730640e+02   2588492   1
       249   2.493845e+08  2.195272e+08  9.777330e+02   2599151   1
       250   5.547074e+08  2.197478e+08  9.823110e+02   2609609   1
       251   4.893339e+08  2.198104e+08  9.869350e+02   2619957   1
       252   4.788490e+08  2.204010e+08  9.915740e+02   2630381   1
       253   5.081491e+08  2.204867e+08  9.962200e+02   2640683   1
       254   1.682608e+08  2.205979e+08  1.001000e+03   2651090   1
       255   1.818063e+08  2.210814e+08  1.005763e+03   2661355   1
       256   1.921987e+08  2.211763e+08  1.010614e+03   2672035   1
       257   3.587524e+08  2.223197e+08  1.015513e+03   2682420   1
       258   2.198604e+08  2.229021e+08  1.024797e+03   2693062   1
       259   1.608602e+08  2.230767e+08  1.029507e+03   2703643   1
       260   1.980092e+08  2.230916e+08  1.034200e+03   2714124   1
       261   4.572388e+08  2.231270e+08  1.038935e+03   2724661   1
       262   1.974911e+08  2.231584e+08  1.043728e+03   2735270   1
       263   2.669469e+08  2.232539e+08  1.048506e+03   2745635   1
       264   2.656264e+08  2.234090e+08  1.053371e+03   2756299   1
       265   2.346310e+08  2.234740e+08  1.058275e+03   2766966   1
       266   4.654582e+08  2.235482e+08  1.063133e+03   2777611   1
       267   2.525076e+08  2.236858e+08  1.068083e+03   2787791   1
       268   7.908150e+08  2.237034e+08  1.077339e+03   2797943   1
       269   2.372742e+08  2.240047e+08  1.082154e+03   2808613   1
       270   5.199677e+08  2.243827e+08  1.086927e+03   2818910   1
       271   3.550715e+08  2.243886e+08  1.091730e+03   2829157   1
       272   5.466884e+08  2.251566e+08  1.096538e+03   2839523   1
       273   1.531377e+08  2.252098e+08  1.101520e+03   2849961   1
       274   5.408002e+08  2.255914e+08  1.106365e+03   2860334   1
       275   5.126169e+08  2.256907e+08  1.111266e+03   2870958   1
       276   3.951057e+08  2.259850e+08  1.116221e+03   2881360   1
       277   2.195708e+08  2.259867e+08  1.121241e+03   2891734   1
       278   1.749309e+08  2.260515e+08  1.130728e+03   2902208   1
       279   6.027649e+08  2.261960e+08  1.135526e+03   2912679   1
       280   3.440551e+08  2.262187e+08  1.140435e+03   2923171   1
       281   1.694283e+08  2.263201e+08  1.145378e+03   2933488   1
       282   3.017758e+08  2.266288e+08  1.150363e+03   2944166   1
       283   2.015812e+08  2.267196e+08  1.155320e+03   2954615   1
       284   2.306449e+08  2.268303e+08  1.160257e+03   2965115   1
       285   4.073443e+08  2.269519e+08  1.165309e+03   2975545   1
       286   2.288964e+08  2.269782e+08  1.170403e+03   2986055   1
       287   1.863793e+08  2.271723e+08  1.175563e+03   2996645   1
       288   3.589927e+08  2.274222e+08  1.185160e+03   3007075   1
       289   5.276180e+08  2.274416e+08  1.190043e+03   3017367   1
       290   2.016896e+08  2.275298e+08  1.195028e+03   3028125   1
       291   2.078486e+08  2.276949e+08  1.200115e+03   3038722   1
       292   3.885820e+08  2.278268e+08  1.205151e+03   3049225   1
       293   1.942940e+08  2.278885e+08  1.210148e+03   3059588   1
       294   3.256171e+08  2.279974e+08  1.215210e+03   3070156   1
       295   2.377876e+08  2.283342e+08  1.220373e+03   3080590   1
       296   2.386953e+08  2.283351e+08  1.225601e+03   3091124   1
       297   4.012726e+08  2.283355e+08  1.235499e+03   3101598   1
       298   2.127927e+08  2.283430e+08  1.240550e+03   3111794   1
       299   3.136214e+08  2.284138e+08  1.245642e+03   3122323   1
       300   4.837458e+08  2.288234e+08  1.250618e+03   3132694   1
       301   2.251135e+08  2.288344e+08  1.255722e+03   3143102   1
       302   2.075940e+08  2.288793e+08  1.260866e+03   3153504   1
       303   2.243432e+08  2.289956e+08  1.265997e+03   3164026   1
       304   5.948430e+08  2.290103e+08  1.271094e+03   3174230   1
       305   1.738803e+08  2.291445e+08  1.276395e+03   3184963   1
       306   5.191801e+08  2.291540e+08  1.281638e+03   3195196   1
       307   1.974427e+08  2.296366e+08  1.291862e+03   3205857   1
       308   5.902525e+08  2.297366e+08  1.296942e+03   3216348   1
       309   2.633656e+08  2.302042e+08  1.302082e+03   3226800   1
       310   2.494554e+08  2.303011e+08  1.307251e+03   3237333   1
       311   4.378526e+08  2.307116e+08  1.312395e+03   3247708   1
       312   3.519626e+08  2.309996e+08  1.317612e+03   3258316   1
       313   2.740140e+08  2.310309e+08  1.322835e+03   3268797   1
       314   2.318960e+08  2.310629e+08  1.328053e+03   3279085   1
       315   2.393681e+08  2.310876e+08  1.333338e+03   3289233   1
       316   2.089732e+08  2.311451e+08  1.338675e+03   3299680   1
       317   4.718314e+08  2.312074e+08  1.349046e+03   3310131   1
       318   3.273055e+08  2.313201e+08  1.354199e+03   3320238   1
       319   2.041147e+08  2.313793e+08  1.359440e+03   3330831   1
       320   3.321767e+08  2.313803e+08  1.364674e+03   3341261   1
       321   4.280096e+08  2.313975e+08  1.369898e+03   3351247   1
       322   3.103239e+08  2.314463e+08  1.375190e+03   3361866   1
       323   3.151352e+08  2.317022e+08  1.380540e+03   3372281   1
       324   1.008966e+09  2.317625e+08  1.385729e+03   3382291   1
       325   3.809681e+08  2.318365e+08  1.391103e+03   3392803   1
       326   3.061428e+08  2.318380e+08  1.396525e+03   3403444   1
       327   4.169652e+08  2.320999e+08  1.406978e+03   3414063   1
       328   2.209198e+08  2.321117e+08  1.412296e+03   3424548   1
       329   2.293024e+08  2.321344e+08  1.417597e+03   3434602   1
       330   3.069813e+08  2.321427e+08  1.422917e+03   3445129   1
       331   2.540622e+08  2.322136e+08  1.428285e+03   3455555   1
       332   1.817921e+08  2.322287e+08  1.433690e+03   3466043   1
       333   2.697909e+08  2.324923e+08  1.439105e+03   3476631   1
       334   2.597751e+08  2.325808e+08  1.444407e+03   3486663   1
       335   6.602539e+08  2.326271e+08  1.449888e+03   3496937   1
       336   5.327705e+08  2.328468e+08  1.455394e+03   3507223   1
       337   2.192193e+08  2.329863e+08  1.460999e+03   3517731   1
       338   4.494480e+08  2.330275e+08  1.471597e+03   3528214   1
       339   1.731838e+08  2.330396e+08  1.477067e+03   3538652   1
       340   5.004851e+08  2.331204e+08  1.482459e+03   3549057   1
       341   2.114723e+08  2.332214e+08  1.487955e+03   3559653   1
       342   4.914228e+08  2.335845e+08  1.493369e+03   3569386   1
       343   1.879545e+08  2.337552e+08  1.498925e+03   3580061   1
       344   4.372555e+08  2.338995e+08  1.504435e+03   3590493   1
       345   3.717909e+08  2.341984e+08  1.510006e+03   3600817   1
       346   3.341213e+08  2.342704e+08  1.515617e+03   3611259   1
       347   4.560232e+08  2.343405e+08  1.521328e+03   3621506   1
       348   2.250104e+08  2.344163e+08  1.532048e+03   3631471   1
       349   3.990283e+08  2.344565e+08  1.537522e+03   3641775   1
       350   2.113596e+08  2.346386e+08  1.543045e+03   3652048   1
       351   5.704472e+08  2.348996e+08  1.548514e+03   3662369   1
       352   1.902597e+08  2.350276e+08  1.554032e+03   3672623   1
       353   2.460626e+08  2.350993e+08  1.559594e+03   3682999   1
       354   3.448539e+08  2.351247e+08  1.565152e+03   3693189   1
       355   3.636522e+08  2.351379e+08  1.570744e+03   3703607   1
       356   2.562640e+08  2.351536e+08  1.576404e+03   3714170   1
       357   2.945133e+08  2.354461e+08  1.582087e+03   3724769   1
       358   3.462343e+08  2.354484e+08  1.593133e+03   3735011   1
       359   2.906061e+08  2.354705e+08  1.598692e+03   3745459   1
       360   2.677806e+08  2.358160e+08  1.604261e+03   3756146   1
       361   4.775925e+08  2.358662e+08  1.609763e+03   3766483   1
       362   2.085761e+08  2.360222e+08  1.615407e+03   3777017   1
       363   6.141746e+08  2.365784e+08  1.621000e+03   3787249   1
       364   2.704893e+08  2.368733e+08  1.626666e+03   3797793   1
       365   2.233263e+08  2.372607e+08  1.632395e+03   3808207   1
       366   3.956978e+08  2.372815e+08  1.638095e+03   3818657   1
       367   2.052055e+08  2.372832e+08  1.643852e+03   3828848   1
       368   2.692654e+08  2.373044e+08  1.649682e+03   3839510   1
       369   2.664430e+08  2.376042e+08  1.660991e+03   3850088   1
       370   4.671299e+08  2.376506e+08  1.666614e+03   3860512   1
       371   3.260114e+08  2.376680e+08  1.672264e+03   3870852   1
       372   2.298011e+08  2.377341e+08  1.677986e+03   3881431   1
       373   2.720242e+08  2.377361e+08  1.683762e+03   3891919   1
       374   3.878066e+08  2.379054e+08  1.689465e+03   3902292   1
       375   3.743951e+08  2.380214e+08  1.695173e+03   3912422   1
       376   2.308805e+08  2.380282e+08  1.700857e+03   3922723   1
       377   1.635697e+08  2.386092e+08  1.706658e+03   3933327   1
       378   3.485540e+08  2.387831e+08  1.712610e+03   3943913   1
       379   2.717741e+08  2.388137e+08  1.718628e+03   3954490   1
       380   3.450368e+08  2.388963e+08  1.730601e+03   3965031   1
       381   2.942000e+08  2.389359e+08  1.736383e+03   3975608   1
       382   2.892208e+08  2.389906e+08  1.742169e+03   3985861   1
       383   4.559835e+08  2.390832e+08  1.747907e+03   3996420   1
       384   2.118244e+08  2.391347e+08  1.753731e+03   4006943   1
       385   3.206182e+08  2.392137e+08  1.759590e+03   4017355   1
       386   2.829454e+08  2.392340e+08  1.765403e+03   4027969   1
       387   2.558225e+08  2.393111e+08  1.771248e+03   4038286   1
       388   6.039517e+08  2.393388e+08  1.777243e+03   4048663   1
       389   2.930091e+08  2.393567e+08  1.783170e+03   4059201   1
       390   2.272422e+08  2.394240e+08  1.789174e+03   4069805   1
       391   4.259439e+08  2.397750e+08  1.800820e+03   4080232   1
       392   2.275939e+08  2.399006e+08  1.806792e+03   4090679   1
       393   2.019412e+08  2.399193e+08  1.812622e+03   4100968   1
       394   3.348444e+08  2.399491e+08  1.818533e+03   4111612   1
       395   2.175279e+08  2.399565e+08  1.824396e+03   4121834   1
       396   2.393666e+08  2.401931e+08  1.830245e+03   4132154   1
       397   2.006203e+08  2.403001e+08  1.836260e+03   4142857   1
       398   2.998426e+08  2.404722e+08  1.842219e+03   4153103   1
       399   2.881584e+08  2.404790e+08  1.848298e+03   4163771   1
       400   3.058465e+08  2.408930e+08  1.854408e+03   4174187   1
       401   3.790961e+08  2.410959e+08  1.860500e+03   4184677   1
       402   3.281798e+08  2.413564e+08  1.872277e+03   4195110   1
       403   6.496811e+08  2.413891e+08  1.878154e+03   4205278   1
       404   2.550287e+08  2.417568e+08  1.884125e+03   4215785   1
       405   2.678436e+08  2.418118e+08  1.890094e+03   4226102   1
       406   3.290987e+08  2.418323e+08  1.896024e+03   4236157   1
       407   2.285593e+08  2.419003e+08  1.902022e+03   4246570   1
       408   3.683148e+08  2.419554e+08  1.908021e+03   4256677   1
       409   5.135913e+08  2.419811e+08  1.914069e+03   4267011   1
       410   2.017236e+08  2.420041e+08  1.920282e+03   4277556   1
       411   4.670561e+08  2.420690e+08  1.926343e+03   4288045   1
       412   2.019118e+08  2.422244e+08  1.932614e+03   4298802   1
       413   2.223369e+08  2.422644e+08  1.944758e+03   4309349   1
       414   2.931810e+08  2.424295e+08  1.950791e+03   4319690   1
       415   1.889579e+08  2.425792e+08  1.956871e+03   4330349   1
       416   1.901810e+08  2.426567e+08  1.963056e+03   4340805   1
       417   1.969077e+08  2.427378e+08  1.969219e+03   4351357   1
       418   2.232134e+08  2.427489e+08  1.975325e+03   4361927   1
       419   2.705770e+08  2.430395e+08  1.981441e+03   4372512   1
       420   2.213466e+08  2.430494e+08  1.987587e+03   4383170   1
       421   3.424924e+08  2.433337e+08  1.993781e+03   4393465   1
       422   2.128965e+08  2.433427e+08  1.999987e+03   4403647   1
       423   3.004228e+08  2.434469e+08  2.006307e+03   4414315   1
       424   3.043274e+08  2.434703e+08  2.018590e+03   4424769   1
       425   3.091777e+08  2.436248e+08  2.024721e+03   4435141   1
       426   6.023493e+08  2.437462e+08  2.030743e+03   4445440   1
       427   4.017575e+08  2.437544e+08  2.036850e+03   4455773   1
       428   2.939083e+08  2.438572e+08  2.043102e+03   4466388   1
       429   3.427654e+08  2.439511e+08  2.049266e+03   4476613   1
       430   1.866534e+08  2.439567e+08  2.055476e+03   4486716   1
       431   5.497357e+08  2.440010e+08  2.061718e+03   4497166   1
       432   2.037138e+08  2.440061e+08  2.068100e+03   4507562   1
       433   2.016305e+08  2.442274e+08  2.074461e+03   4518170   1
       434   2.819581e+08  2.442436e+08  2.080873e+03   4528288   1
       435   2.890353e+08  2.443459e+08  2.093515e+03   4538776   1
       436   2.450587e+08  2.444799e+08  2.099733e+03   4549048   1
       437   3.475318e+08  2.446573e+08  2.106044e+03   4559490   1
       438   1.948349e+08  2.446690e+08  2.112350e+03   4570080   1
       439   2.379629e+08  2.448957e+08  2.118596e+03   4580479   1
       440   9.867434e+08  2.449466e+08  2.124814e+03   4590725   1
       441   4.283123e+08  2.449490e+08  2.131130e+03   4601497   1
       442   1.914118e+08  2.449905e+08  2.137480e+03   4611940   1
       443   3.769664e+08  2.450180e+08  2.143813e+03   4622397   1
       444   3.600627e+08  2.450354e+08  2.150127e+03   4632339   1
       445   4.288212e+08  2.451413e+08  2.156527e+03   4642728   1
       446   3.462744e+08  2.452926e+08  2.163104e+03   4652964   1
       447   4.776497e+08  2.452995e+08  2.175870e+03   4663373   1
       448   2.558484e+08  2.454242e+08  2.182208e+03   4673910   1
       449   3.665846e+08  2.454907e+08  2.188535e+03   4684146   1
       450   2.142575e+08  2.455670e+08  2.194883e+03   4694845   1
       451   3.510852e+08  2.455720e+08  2.201212e+03   4705412   1
       452   4.898655e+08  2.456165e+08  2.207553e+03   4715950   1
       453   2.286483e+08  2.456568e+08  2.213968e+03   4726364   1
       454   2.962551e+08  2.457321e+08  2.220392e+03   4736791   1
       455   4.837262e+08  2.457672e+08  2.226787e+03   4747033   1
       456   6.076525e+08  2.458274e+08  2.233248e+03   4757369   1
       457   2.810314e+08  2.458807e+08  2.239748e+03   4767967   1
       458   2.516228e+08  2.463543e+08  2.246399e+03   4778235   1
       459   2.964476e+08  2.464794e+08  2.259353e+03   4788881   1
       460   3.574579e+08  2.465781e+08  2.265709e+03   4799158   1
       461   2.718461e+08  2.466695e+08  2.272143e+03   4809975   1
       462   2.267168e+08  2.466729e+08  2.278622e+03   4820307   1
       463   3.598373e+08  2.468832e+08  2.285184e+03   4830817   1
       464   4.082353e+08  2.470062e+08  2.291804e+03   4840651   1
       465   2.432006e+08  2.471059e+08  2.298364e+03   4851006   1
       466   2.500997e+08  2.471437e+08  2.304840e+03   4861474   1
       467   2.140780e+08  2.471789e+08  2.311440e+03   4872246   1
       468   2.724782e+08  2.471812e+08  2.318034e+03   4882681   1
       469   4.481364e+08  2.472460e+08  2.324655e+03   4892745   1
       470   3.103565e+08  2.472633e+08  2.338015e+03   4903092   1
       471   1.885703e+08  2.472660e+08  2.344544e+03   4913258   1
       472   2.435993e+08  2.473999e+08  2.351086e+03   4923908   1
       473   4.777199e+08  2.474106e+08  2.357545e+03   4934331   1
       474   3.389300e+08  2.474118e+08  2.364110e+03   4944696   1
       475   3.283632e+08  2.474508e+08  2.370817e+03   4955245   1
       476   3.586170e+08  2.474926e+08  2.377429e+03   4965548   1
       477   1.723552e+08  2.474939e+08  2.384018e+03   4975680   1
       478   3.082665e+08  2.475404e+08  2.390701e+03   4986040   1
       479   2.649753e+08  2.476091e+08  2.397457e+03   4996848   1
       480   4.583171e+08  2.476142e+08  2.404210e+03   5007436   1
       481   2.688629e+08  2.476237e+08  2.411001e+03   5017771   1
       482   3.536209e+08  2.477469e+08  2.424605e+03   5028364   1
       483   5.421004e+08  2.479365e+08  2.431123e+03   5038603   1
       484   2.655231e+08  2.479414e+08  2.437822e+03   5049372   1
       485   3.565664e+08  2.479525e+08  2.444480e+03   5059464   1
       486   1.606675e+08  2.479571e+08  2.451173e+03   5069739   1
       487   6.673569e+08  2.479931e+08  2.457853e+03   5079973   1
       488   3.589763e+08  2.480872e+08  2.464609e+03   5090363   1
       489   3.520324e+08  2.481360e+08  2.471291e+03   5100885   1
       490   2.254703e+08  2.482174e+08  2.478085e+03   5111544   1
       491   1.742852e+08  2.482351e+08  2.484876e+03   5121917   1
       492   3.466417e+08  2.482442e+08  2.491703e+03   5132577   1
       493   3.233709e+08  2.482786e+08  2.498614e+03   5143445   1
       494   3.856673e+08  2.482927e+08  2.512451e+03   5153491   1
       495   4.923933e+08  2.483392e+08  2.519134e+03   5163792   1
       496   2.610585e+08  2.483966e+08  2.525840e+03   5174193   1
       497   3.610352e+08  2.484209e+08  2.532572e+03   5184520   1
       498   5.183288e+08  2.484469e+08  2.539228e+03   5194845   1
       499   1.792890e+08  2.484577e+08  2.546060e+03   5204867   1
       500   2.311713e+08  2.484770e+08  2.552947e+03   5215418   1
       501   2.300405e+08  2.484985e+08  2.559848e+03   5226159   1
       502   4.127746e+08  2.484991e+08  2.566706e+03   5236625   1
       503   4.114192e+08  2.485041e+08  2.573591e+03   5247072   1
       504   3.282729e+08  2.485590e+08  2.580547e+03   5257526   1
       505   2.928233e+08  2.486465e+08  2.587478e+03   5268021   1
       506   2.440677e+08  2.486567e+08  2.601452e+03   5278321   1
       507   3.204820e+08  2.487398e+08  2.608230e+03   5288995   1
       508   2.947357e+08  2.487692e+08  2.615037e+03   5299431   1
       509   3.960092e+08  2.488113e+08  2.621857e+03   5309824   1
       510   1.554874e+08  2.488134e+08  2.628642e+03   5320191   1
       511   2.010972e+08  2.488152e+08  2.635559e+03   5330675   1
       512   5.461360e+08  2.489699e+08  2.642441e+03   5341023   1
       513   3.272826e+08  2.489799e+08  2.649436e+03   5351462   1
       514   2.573084e+08  2.490262e+08  2.656335e+03   5362008   1
       515   2.889867e+08  2.490459e+08  2.663298e+03   5372568   1
       516   5.470460e+08  2.491064e+08  2.670278e+03   5382906   1
       517   3.241555e+08  2.492164e+08  2.677412e+03   5393186   1
       518   1.840508e+08  2.492703e+08  2.684609e+03   5403658   1
       519   2.917843e+08  2.493003e+08  2.698709e+03   5414096   1
       520   4.829787e+08  2.493463e+08  2.705625e+03   5424533   1
       521   4.866613e+08  2.494379e+08  2.712601e+03   5434846   1
       522   2.803758e+08  2.494380e+08  2.719637e+03   5445109   1
       523   2.109042e+08  2.494487e+08  2.726690e+03   5455454   1
       524   1.798140e+08  2.494595e+08  2.733677e+03   5466011   1
       525   2.785035e+08  2.494620e+08  2.740664e+03   5476456   1
       526   2.418009e+08  2.494685e+08  2.747672e+03   5487160   1
       527   3.074844e+08  2.494717e+08  2.754707e+03   5497685   1
       528   2.247315e+08  2.495313e+08  2.761838e+03   5508250   1
       529   2.118150e+08  2.496107e+08  2.769004e+03   5518756   1
       530   2.284502e+08  2.496301e+08  2.776243e+03   5529354   1
       531   1.792285e+08  2.496641e+08  2.790585e+03   5539400   1
       532   4.766497e+08  2.497101e+08  2.797580e+03   5549740   1
       533   8.775306e+08  2.497756e+08  2.804534e+03   5559957   1
       534   8.190603e+08  2.497829e+08  2.811545e+03   5570285   1
       535   1.720365e+08  2.497980e+08  2.818664e+03   5580753   1
       536   5.018830e+08  2.497987e+08  2.825846e+03   5591229   1
       537   3.637325e+08  2.499556e+08  2.832959e+03   5601533   1
       538   5.508915e+08  2.500504e+08  2.840071e+03   5612020   1
       539   1.667068e+08  2.500822e+08  2.847298e+03   5622308   1
       540   6.384666e+08  2.501570e+08  2.854501e+03   5632840   1
       541   2.690102e+08  2.501676e+08  2.861752e+03   5643393   1
       542   1.644868e+08  2.502187e+08  2.868956e+03   5653556   1
       543   1.460156e+08  2.503085e+08  2.876318e+03   5664012   1
       544   2.734998e+08  2.503139e+08  2.891042e+03   5674686   1
       545   2.177542e+08  2.503729e+08  2.898187e+03   5685145   1
       546   2.189137e+08  2.503730e+08  2.905344e+03   5695387   1
       547   2.788324e+08  2.503757e+08  2.912587e+03   5706230   1
       548   2.281454e+08  2.504128e+08  2.919796e+03   5716819   1
       549   1.939986e+08  2.504525e+08  2.927040e+03   5727342   1
       550   1.824555e+08  2.505639e+08  2.934311e+03   5737650   1
       551   2.122879e+08  2.505682e+08  2.941560e+03   5747829   1
       552   2.018874e+08  2.507251e+08  2.948863e+03   5758077   1
       553   2.029621e+08  2.509140e+08  2.956242e+03   5768163   1
       554   3.513252e+08  2.510377e+08  2.963603e+03   5779031   1
       555   2.461394e+08  2.512088e+08  2.971045e+03   5789466   1
       556   2.986911e+08  2.512861e+08  2.986002e+03   5800146   1
       557   2.535994e+08  2.513500e+08  2.993274e+03   5810556   1
       558   3.182640e+08  2.515048e+08  3.000556e+03   5821133   1
       559   2.060997e+08  2.515407e+08  3.007853e+03   5831604   1
       560   3.021311e+08  2.515560e+08  3.015118e+03   5841682   1
       561   2.369995e+08  2.515690e+08  3.022496e+03   5851840   1
       562   2.256998e+08  2.515743e+08  3.029843e+03   5862339   1
       563   1.896904e+08  2.516088e+08  3.037214e+03   5872594   1
       564   4.563754e+08  2.516258e+08  3.044556e+03   5882826   1
       565   2.634548e+08  2.516479e+08  3.052033e+03   5893403   1
       566   2.017794e+08  2.516557e+08  3.059555e+03   5903864   1
       567   4.432337e+08  2.518023e+08  3.067064e+03   5913995   1
       568   3.891461e+08  2.518045e+08  3.074558e+03   5924276   1
       569   5.294212e+08  2.518137e+08  3.089724e+03   5935034   1
       570   2.976581e+08  2.518889e+08  3.097089e+03   5945641   1
       571   4.646112e+08  2.518908e+08  3.104446e+03   5955914   1
       572   2.558618e+08  2.519037e+08  3.111954e+03   5966366   1
       573   2.246497e+08  2.519379e+08  3.119408e+03   5976934   1
       574   3.767897e+08  2.519390e+08  3.126830e+03   5987266   1
       575   5.413777e+08  2.520430e+08  3.134245e+03   5997621   1
       576   3.771374e+08  2.520470e+08  3.141713e+03   6007966   1
       577   1.548067e+08  2.522297e+08  3.149174e+03   6018078   1
       578   2.078720e+08  2.522471e+08  3.156711e+03   6028696   1
       579   4.163000e+08  2.522472e+08  3.164259e+03   6038841   1
       580   2.677939e+08  2.523301e+08  3.171908e+03   6049374   1
       581   3.899870e+08  2.523582e+08  3.179559e+03   6060089   1
       582   4.415635e+08  2.524483e+08  3.194970e+03   6070524   1
       583   2.668142e+08  2.525170e+08  3.202463e+03   6080761   1
       584   3.643136e+08  2.525939e+08  3.209891e+03   6091143   1
       585   3.865111e+08  2.526424e+08  3.217378e+03   6101352   1
       586   4.941908e+08  2.528028e+08  3.224841e+03   6111490   1
       587   1.000478e+09  2.531056e+08  3.232206e+03   6121776   1
       588   3.973514e+08  2.531746e+08  3.239863e+03   6131907   1
       589   2.258474e+08  2.533460e+08  3.247497e+03   6142611   1
       590   2.537141e+08  2.533893e+08  3.255204e+03   6152903   1
       591   2.461954e+08  2.534697e+08  3.262788e+03   6163141   1
       592   2.388643e+08  2.534826e+08  3.270546e+03   6173400   1
       593   3.289428e+08  2.535437e+08  3.278165e+03   6183712   1
       594   3.023202e+08  2.535438e+08  3.286042e+03   6194317   1
       595   2.450622e+08  2.535546e+08  3.301819e+03   6204827   1
       596   1.712082e+08  2.535752e+08  3.309364e+03   6215008   1
       597   3.098546e+08  2.536989e+08  3.317010e+03   6225260   1
       598   2.420668e+08  2.537113e+08  3.324600e+03   6235649   1
       599   4.371142e+08  2.537137e+08  3.332253e+03   6246124   1
       600   1.630355e+08  2.537689e+08  3.339897e+03   6256225   1
       601   2.215488e+08  2.538085e+08  3.347593e+03   6266912   1
       602   2.614899e+08  2.538253e+08  3.355263e+03   6277417   1
       603   7.916903e+08  2.539751e+08  3.362970e+03   6287437   1
       604   2.887639e+08  2.540142e+08  3.370727e+03   6297723   1
       605   2.989824e+08  2.540316e+08  3.378533e+03   6308394   1
       606   1.960485e+08  2.540946e+08  3.386340e+03   6318723   1
       607   3.444493e+08  2.541260e+08  3.394276e+03   6329050   1
       608   4.012026e+08  2.542309e+08  3.410427e+03   6339163   1
       609   2.611088e+08  2.543053e+08  3.418165e+03   6349374   1
       610   3.467367e+08  2.543087e+08  3.425832e+03   6359839   1
       611   4.394830e+08  2.543184e+08  3.433458e+03   6370335   1
       612   2.152398e+08  2.543213e+08  3.441213e+03   6380747   1
       613   1.798941e+08  2.544154e+08  3.448982e+03   6391248   1
       614   4.795247e+08  2.544246e+08  3.456714e+03   6401753   1
       615   1.928206e+08  2.546489e+08  3.464528e+03   6412411   1
       616   2.163988e+08  2.546959e+08  3.472350e+03   6422740   1
       617   2.608521e+08  2.547029e+08  3.480242e+03   6433296   1
       618   2.020484e+08  2.547869e+08  3.488119e+03   6443550   1
       619   2.806774e+08  2.547887e+08  3.496055e+03   6453965   1
       620   4.078094e+08  2.547903e+08  3.503974e+03   6464212   1
       621   2.704165e+08  2.548329e+08  3.511985e+03   6474655   1
       622   2.557128e+08  2.548736e+08  3.528286e+03   6485293   1
       623   4.064198e+08  2.549108e+08  3.535985e+03   6495573   1
       624   4.278682e+08  2.550546e+08  3.543756e+03   6505887   1
       625   2.174345e+08  2.553119e+08  3.551705e+03   6516022   1
       626   2.871925e+08  2.553685e+08  3.559598e+03   6526719   1
       627   4.478279e+08  2.554429e+08  3.567439e+03   6537370   1
       628   4.415901e+08  2.554538e+08  3.575204e+03   6547937   1
       629   3.461989e+08  2.555001e+08  3.583074e+03   6558535   1
       630   4.266603e+08  2.556489e+08  3.591025e+03   6568923   1
       631   2.268808e+08  2.556708e+08  3.598988e+03   6579315   1
       632   5.272972e+08  2.557488e+08  3.607009e+03   6589689   1
       633   4.246912e+08  2.557600e+08  3.615005e+03   6600011   1
       634   4.087446e+08  2.558197e+08  3.623082e+03   6610253   1
       635   2.945753e+08  2.559574e+08  3.639893e+03   6620758   1
       636   5.293827e+08  2.560670e+08  3.647776e+03   6631221   1
       637   2.679904e+08  2.561137e+08  3.655838e+03   6641705   1
       638   2.523033e+08  2.561176e+08  3.663687e+03   6652235   1
       639   2.357729e+08  2.561281e+08  3.671673e+03   6662786   1
       640   2.201040e+08  2.561290e+08  3.679799e+03   6673206   1
       641   2.023651e+08  2.562095e+08  3.687798e+03   6683791   1
       642   4.311808e+08  2.562279e+08  3.695818e+03   6694308   1
       643   2.078544e+08  2.563617e+08  3.703876e+03   6704720   1
       644   2.719766e+08  2.564547e+08  3.711817e+03   6715071   1
       645   2.536817e+08  2.564593e+08  3.720016e+03   6725605   1
       646   1.987507e+08  2.566766e+08  3.728157e+03   6736330   1
       647   2.123314e+08  2.567074e+08  3.736344e+03   6746726   1
       648   3.518869e+08  2.568165e+08  3.744560e+03   6757301   1
       649   1.364818e+08  2.568281e+08  3.761504e+03   6767627   1
       650   2.513054e+08  2.568458e+08  3.769526e+03   6778413   1
       651   4.950670e+08  2.568478e+08  3.777442e+03   6788970   1
       652   3.264001e+08  2.568619e+08  3.785567e+03   6799355   1
       653   2.779944e+08  2.568985e+08  3.793673e+03   6809850   1
       654   2.175078e+08  2.569375e+08  3.801833e+03   6820193   1
       655   2.105679e+08  2.569632e+08  3.809970e+03   6830769   1
       656   6.460395e+08  2.569867e+08  3.818043e+03   6840940   1
       657   3.483372e+08  2.570362e+08  3.826127e+03   6851497   1
       658   3.247941e+08  2.570416e+08  3.834277e+03   6861689   1
       659   3.080485e+08  2.570438e+08  3.842485e+03   6872044   1
       660   2.201569e+08  2.570622e+08  3.850788e+03   6882619   1
       661   2.679253e+08  2.570885e+08  3.859075e+03   6892997   1
       662   8.619234e+08  2.571010e+08  3.867280e+03   6903435   1
       663   2.761781e+08  2.571171e+08  3.884412e+03   6914116   1
       664   2.094294e+08  2.571184e+08  3.892583e+03   6924617   1
       665   4.237143e+08  2.571392e+08  3.900698e+03   6935150   1
       666   1.764566e+08  2.571395e+08  3.908962e+03   6945837   1
       667   2.260828e+08  2.573466e+08  3.917110e+03   6956468   1
       668   3.538224e+08  2.573695e+08  3.925253e+03   6967004   1
       669   3.152210e+08  2.573896e+08  3.933462e+03   6977388   1
       670   3.827002e+08  2.574099e+08  3.941633e+03   6987676   1
       671   2.935031e+08  2.574100e+08  3.950026e+03   6998229   1
       672   3.963009e+08  2.574416e+08  3.958390e+03   7008520   1
       673   2.915925e+08  2.574759e+08  3.966710e+03   7019066   1
       674   2.615998e+08  2.575181e+08  3.975104e+03   7029532   1
       675   1.577046e+08  2.576305e+08  3.983487e+03   7039863   1
       676   3.095184e+08  2.578613e+08  3.992050e+03   7050221   1
       677   2.333073e+08  2.579806e+08  4.009547e+03   7060640   1
       678   2.593486e+08  2.580635e+08  4.017779e+03   7070803   1
       679   3.749420e+08  2.580776e+08  4.026143e+03   7080904   1
       680   2.692928e+08  2.580998e+08  4.034461e+03   7091406   1
       681   6.090050e+08  2.581115e+08  4.042701e+03   7101487   1
       682   1.853286e+08  2.581282e+08  4.051133e+03   7111280   1
       683   2.334344e+08  2.581334e+08  4.059550e+03   7121997   1
       684   6.036333e+08  2.581388e+08  4.067952e+03   7132522   1
       685   2.197615e+08  2.581461e+08  4.076416e+03   7142860   1
       686   2.349329e+08  2.581497e+08  4.084959e+03   7153580   1
       687   5.632986e+08  2.582903e+08  4.093254e+03   7163711   1
       688   5.900959e+08  2.583281e+08  4.101762e+03   7173663   1
       689   2.790241e+08  2.583342e+08  4.110228e+03   7184211   1
       690   2.472273e+08  2.583649e+08  4.118982e+03   7194625   1
       691   3.472797e+08  2.583661e+08  4.136725e+03   7205123   1
       692   1.999370e+08  2.583780e+08  4.145286e+03   7215697   1
       693   1.937782e+08  2.584005e+08  4.153731e+03   7226321   1
       694   2.455619e+08  2.584715e+08  4.162133e+03   7236733   1
       695   4.040820e+08  2.585211e+08  4.170620e+03   7247215   1
       696   3.536689e+08  2.585943e+08  4.179078e+03   7257562   1
       697   3.076405e+08  2.586380e+08  4.187522e+03   7267969   1
       698   2.754567e+08  2.586395e+08  4.196069e+03   7278416   1
       699   3.095465e+08  2.586487e+08  4.204628e+03   7288973   1
       700   3.222158e+08  2.586565e+08  4.213144e+03   7299449   1
       701   1.817637e+08  2.586753e+08  4.221798e+03   7309506   1
       702   2.252638e+08  2.589690e+08  4.230408e+03   7319895   1
       703   1.778622e+08  2.591016e+08  4.238987e+03   7330246   1
       704   3.249633e+08  2.591323e+08  4.247659e+03   7340778   1
       705   2.198863e+08  2.591634e+08  4.265807e+03   7351121   1
       706   3.594995e+08  2.591904e+08  4.274278e+03   7361787   1
       707   5.008165e+08  2.591947e+08  4.282722e+03   7372041   1
       708   2.134165e+08  2.592819e+08  4.291285e+03   7382312   1
       709   1.681707e+08  2.593256e+08  4.299911e+03   7392696   1
       710   2.919198e+08  2.593316e+08  4.308482e+03   7403284   1
       711   2.295717e+08  2.593797e+08  4.317064e+03   7413769   1
       712   3.113335e+08  2.595053e+08  4.325714e+03   7424246   1
       713   2.309660e+08  2.595718e+08  4.334349e+03   7434709   1
       714   3.397857e+08  2.595779e+08  4.342961e+03   7445382   1
       715   2.969695e+08  2.596533e+08  4.351701e+03   7455931   1
       716   5.569824e+08  2.596679e+08  4.360468e+03   7466173   1
       717   2.299989e+08  2.596880e+08  4.369530e+03   7476768   1
       718   3.191286e+08  2.596903e+08  4.378470e+03   7486762   1
       719   2.768646e+08  2.596950e+08  4.387469e+03   7497052   1
       720   2.128723e+08  2.596977e+08  4.405689e+03   7507225   1
       721   1.979024e+08  2.597000e+08  4.414209e+03   7517854   1
       722   2.595688e+08  2.597049e+08  4.422935e+03   7528167   1
       723   2.683157e+08  2.597082e+08  4.431716e+03   7538685   1
       724   3.683930e+08  2.597355e+08  4.440382e+03   7549060   1
       725   5.776672e+08  2.597532e+08  4.449092e+03   7559534   1
       726   2.392859e+08  2.597940e+08  4.457797e+03   7570118   1
       727   7.945525e+08  2.598075e+08  4.466430e+03   7580569   1
       728   1.946679e+08  2.598113e+08  4.475341e+03   7590833   1
       729   3.386134e+08  2.598313e+08  4.484056e+03   7601323   1
       730   2.454697e+08  2.598318e+08  4.493088e+03   7611839   1
       731   2.405820e+08  2.598808e+08  4.501909e+03   7621961   1
       732   1.904391e+08  2.598808e+08  4.510870e+03   7632177   1
       733   6.289705e+08  2.599086e+08  4.519699e+03   7642498   1
       734   2.177562e+08  2.599411e+08  4.538438e+03   7653088   1
       735   5.243876e+08  2.599459e+08  4.547077e+03   7663275   1
       736   3.789770e+08  2.600310e+08  4.555694e+03   7673697   1
       737   6.719586e+08  2.600420e+08  4.564398e+03   7684036   1
       738   5.449518e+08  2.600503e+08  4.573175e+03   7694469   1
       739   2.807817e+08  2.600652e+08  4.582049e+03   7704861   1
       740   1.866428e+08  2.601609e+08  4.590876e+03   7715239   1
       741   2.386271e+08  2.602010e+08  4.599715e+03   7725834   1
       742   3.317128e+08  2.602177e+08  4.608689e+03   7735778   1
       743   2.940959e+08  2.602483e+08  4.617570e+03   7746409   1
       744   2.330308e+08  2.602547e+08  4.626514e+03   7757052   1
       745   1.009478e+09  2.602886e+08  4.635209e+03   7767035   1
       746   2.637685e+08  2.602900e+08  4.644247e+03   7777518   1
       747   2.273392e+08  2.603479e+08  4.653293e+03   7788144   1
       748   2.274759e+08  2.603890e+08  4.662489e+03   7798469   1
       749   3.851508e+08  2.605159e+08  4.681604e+03   7808680   1
       750   1.972400e+08  2.605911e+08  4.690495e+03   7818697   1
       751   2.933242e+08  2.606029e+08  4.699409e+03   7829113   1
       752   4.751021e+08  2.606332e+08  4.708101e+03   7839670   1
       753   3.844409e+08  2.606437e+08  4.717046e+03   7850215   1
       754   4.722042e+08  2.606729e+08  4.726087e+03   7860371   1
       755   2.192223e+08  2.606737e+08  4.734880e+03   7871022   1
       756   2.877560e+08  2.606781e+08  4.743894e+03   7881437   1
       757   2.337664e+08  2.607211e+08  4.752868e+03   7891987   1
       758   3.096130e+08  2.607217e+08  4.761882e+03   7902423   1
       759   3.117911e+08  2.607221e+08  4.770813e+03   7912669   1
       760   2.095994e+08  2.607344e+08  4.779861e+03   7922839   1
       761   4.222559e+08  2.607780e+08  4.788987e+03   7933343   1
       762   1.925371e+08  2.608222e+08  4.798179e+03   7944095   1
       763   1.937203e+08  2.608279e+08  4.807368e+03   7954625   1
       764   5.187648e+08  2.608813e+08  4.816556e+03   7964751   1
       765   2.288681e+08  2.608838e+08  4.835644e+03   7975096   1
       766   2.584611e+08  2.609408e+08  4.844704e+03   7985486   1
       767   5.685551e+08  2.610042e+08  4.853606e+03   7996012   1
       768   3.025892e+08  2.610322e+08  4.862753e+03   8006280   1
       769   2.157132e+08  2.610333e+08  4.871767e+03   8016571   1
       770   2.716263e+08  2.610463e+08  4.880823e+03   8027095   1
       771   2.473191e+08  2.610527e+08  4.889956e+03   8037770   1
       772   2.663482e+08  2.610578e+08  4.899026e+03   8048526   1
       773   2.250293e+08  2.610895e+08  4.908043e+03   8059067   1
       774   2.127034e+08  2.611101e+08  4.917164e+03   8069283   1
       775   2.253922e+08  2.611630e+08  4.926367e+03   8079508   1
       776   6.951278e+08  2.611941e+08  4.935479e+03   8089999   1
       777   3.103495e+08  2.612216e+08  4.944832e+03   8100061   1
       778   6.539760e+08  2.612243e+08  4.954117e+03   8110060   1
       779   3.037609e+08  2.612274e+08  4.963523e+03   8120765   1
       780   2.529928e+08  2.612305e+08  4.982985e+03   8131491   1
       781   2.467826e+08  2.613773e+08  4.992236e+03   8142075   1
       782   2.101760e+08  2.613782e+08  5.001368e+03   8152559   1
       783   2.915842e+08  2.615179e+08  5.010571e+03   8163075   1
       784   8.621126e+08  2.615828e+08  5.019583e+03   8173428   1
       785   2.158178e+08  2.616218e+08  5.028807e+03   8183878   1
       786   3.060348e+08  2.616562e+08  5.038105e+03   8194219   1
       787   1.602209e+08  2.616606e+08  5.047409e+03   8204657   1
       788   5.768859e+08  2.617948e+08  5.056672e+03   8215013   1
       789   1.968983e+08  2.618054e+08  5.066002e+03   8225859   1
       790   3.137932e+08  2.618566e+08  5.075283e+03   8236550   1
       791   3.318651e+08  2.618792e+08  5.084548e+03   8247230   1
       792   2.058416e+08  2.619125e+08  5.093986e+03   8257888   1
       793   1.816756e+08  2.619130e+08  5.103421e+03   8268272   1
       794   2.202286e+08  2.619149e+08  5.112917e+03   8278794   1
       795   2.216223e+08  2.619359e+08  5.122337e+03   8289429   1
       796   1.492090e+08  2.619777e+08  5.142074e+03   8300015   1
       797   2.732498e+08  2.619906e+08  5.151365e+03   8310433   1
       798   2.113481e+08  2.620331e+08  5.160627e+03   8320849   1
       799   1.547125e+08  2.620356e+08  5.169967e+03   8331275   1
       800   2.192818e+08  2.620677e+08  5.179350e+03   8341606   1
       801   2.679558e+08  2.621283e+08  5.188575e+03   8351855   1
       802   4.038775e+08  2.622103e+08  5.197899e+03   8362501   1
       803   2.395803e+08  2.622156e+08  5.207245e+03   8372839   1
       804   2.628581e+08  2.622763e+08  5.216510e+03   8383077   1
       805   5.996020e+08  2.623621e+08  5.225840e+03   8393473   1
       806   2.880275e+08  2.624045e+08  5.235251e+03   8403993   1
       807   3.057455e+08  2.624212e+08  5.244652e+03   8414269   1
       808   4.563993e+08  2.625025e+08  5.254115e+03   8424537   1
       809   3.172468e+08  2.625347e+08  5.263598e+03   8435057   1
       810   4.717659e+08  2.626351e+08  5.273029e+03   8445414   1
       811   1.979395e+08  2.626510e+08  5.282745e+03   8455797   1
       812   3.655634e+08  2.626757e+08  5.302760e+03   8466078   1
       813   5.204323e+08  2.627161e+08  5.312041e+03   8476424   1
       814   2.728871e+08  2.627322e+08  5.321430e+03   8487080   1
       815   3.989714e+08  2.627778e+08  5.330754e+03   8497522   1
       816   2.616364e+08  2.628546e+08  5.340326e+03   8508086   1
       817   2.298929e+08  2.628832e+08  5.349862e+03   8518730   1
       818   4.856357e+08  2.628864e+08  5.359245e+03   8528757   1
       819   6.186362e+08  2.629294e+08  5.368757e+03   8539021   1
       820   1.900951e+08  2.629300e+08  5.378428e+03   8549617   1
       821   2.774779e+08  2.629386e+08  5.388080e+03   8559986   1
       822   2.095456e+08  2.629783e+08  5.397766e+03   8570549   1
       823   2.512784e+08  2.629810e+08  5.407377e+03   8580927   1
       824   3.516475e+08  2.630925e+08  5.416958e+03   8591460   1
       825   3.611311e+08  2.631096e+08  5.426569e+03   8602032   1
       826   1.772962e+08  2.631733e+08  5.436414e+03   8612398   1
       827   2.256226e+08  2.631786e+08  5.446249e+03   8622687   1
       828   4.504203e+08  2.632199e+08  5.466456e+03   8633308   1
       829   3.815908e+08  2.632632e+08  5.475934e+03   8643897   1
       830   2.125905e+08  2.632774e+08  5.485657e+03   8653920   1
       831   5.371462e+08  2.632798e+08  5.495276e+03   8664283   1
       832   2.370891e+08  2.633126e+08  5.504879e+03   8675065   1
       833   2.987642e+08  2.635126e+08  5.514398e+03   8685628   1
       834   2.341285e+08  2.635344e+08  5.523970e+03   8696029   1
       835   3.133082e+08  2.635933e+08  5.533581e+03   8706592   1
       836   4.411565e+08  2.635951e+08  5.543082e+03   8717240   1
       837   1.951203e+08  2.636013e+08  5.552867e+03   8727962   1
       838   2.849072e+08  2.636051e+08  5.562589e+03   8738403   1
       839   2.901526e+08  2.636057e+08  5.572384e+03   8748921   1
       840   5.946243e+08  2.636085e+08  5.582218e+03   8758981   1
       841   3.446469e+08  2.636115e+08  5.592078e+03   8769391   1
       842   3.705329e+08  2.636406e+08  5.601901e+03   8779844   1
       843   1.923048e+08  2.637306e+08  5.611875e+03   8790345   1
       844   3.093131e+08  2.637486e+08  5.632596e+03   8800870   1
       845   2.340923e+08  2.637580e+08  5.642272e+03   8811474   1
       846   2.820785e+08  2.637591e+08  5.652083e+03   8822113   1
       847   4.552474e+08  2.637663e+08  5.661797e+03   8832425   1
       848   8.394978e+08  2.637715e+08  5.671448e+03   8842643   1
       849   6.149267e+08  2.637736e+08  5.681107e+03   8853124   1
       850   2.555668e+08  2.637833e+08  5.690848e+03   8863702   1
       851   2.128977e+08  2.637845e+08  5.700758e+03   8874214   1
       852   2.691822e+08  2.638562e+08  5.710494e+03   8884438   1
       853   2.952773e+08  2.638584e+08  5.720322e+03   8894922   1
       854   1.756312e+08  2.638851e+08  5.730092e+03   8905469   1
       855   2.248800e+08  2.638993e+08  5.739938e+03   8915701   1
       856   2.422748e+08  2.639519e+08  5.749844e+03   8926117   1
       857   2.511530e+08  2.642022e+08  5.759792e+03   8936285   1
       858   3.209682e+08  2.642086e+08  5.769737e+03   8946671   1
       859   4.730127e+08  2.642213e+08  5.779789e+03   8956912   1
       860   3.158553e+08  2.642380e+08  5.800848e+03   8967533   1
       861   1.334860e+08  2.643470e+08  5.810678e+03   8977806   1
       862   2.326118e+08  2.643496e+08  5.820591e+03   8987938   1
       863   2.076301e+08  2.644704e+08  5.830404e+03   8998262   1
       864   2.809439e+08  2.645874e+08  5.840173e+03   9008651   1
       865   3.059747e+08  2.646763e+08  5.849997e+03   9019094   1
       866   2.176493e+08  2.649959e+08  5.859947e+03   9029755   1
       867   1.932967e+08  2.650163e+08  5.869818e+03   9040355   1
       868   1.908951e+08  2.650578e+08  5.879670e+03   9050939   1
       869   2.333707e+08  2.650636e+08  5.889641e+03   9061224   1
       870   2.154211e+08  2.651850e+08  5.899624e+03   9071828   1
       871   1.477429e+08  2.651869e+08  5.909571e+03   9082010   1
       872   2.417089e+08  2.652853e+08  5.919695e+03   9092663   1
       873   3.509798e+08  2.654240e+08  5.929645e+03   9102993   1
       874   3.076234e+08  2.654440e+08  5.939951e+03   9113584   1
       875   3.105748e+08  2.655624e+08  5.950054e+03   9124042   1
       876   3.681713e+08  2.655732e+08  5.971832e+03   9134399   1
       877   2.577934e+08  2.655940e+08  5.981701e+03   9144426   1
       878   1.927572e+08  2.656450e+08  5.991597e+03   9154953   1
       879   2.552460e+08  2.657113e+08  6.001630e+03   9165292   1
       880   5.259618e+08  2.657540e+08  6.011527e+03   9175492   1
       881   2.126165e+08  2.657889e+08  6.021710e+03   9186096   1
       882   3.867666e+08  2.658025e+08  6.031864e+03   9196243   1
       883   2.458495e+08  2.658081e+08  6.041868e+03   9206465   1
       884   4.661788e+08  2.658122e+08  6.051799e+03   9216988   1
       885   2.667940e+08  2.658686e+08  6.061991e+03   9227666   1
       886   5.313506e+08  2.658756e+08  6.071953e+03   9238149   1
       887   3.358433e+08  2.658838e+08  6.082029e+03   9248607   1
       888   3.263618e+08  2.658952e+08  6.092035e+03   9259084   1
       889   1.985188e+08  2.659004e+08  6.102184e+03   9269448   1
       890   2.954189e+08  2.659344e+08  6.112325e+03   9279714   1
       891   2.082614e+08  2.659620e+08  6.122746e+03   9290185   1
       892   5.955268e+08  2.660689e+08  6.132938e+03   9300290   1
       893   3.144860e+08  2.661343e+08  6.154758e+03   9310839   1
       894   2.464313e+08  2.661884e+08  6.164746e+03   9321420   1
       895   2.731062e+08  2.661899e+08  6.174701e+03   9331818   1
       896   2.308693e+08  2.661996e+08  6.184832e+03   9342136   1
       897   1.704171e+08  2.662084e+08  6.194942e+03   9352824   1
       898   2.755423e+08  2.662163e+08  6.205050e+03   9363471   1
       899   2.057726e+08  2.662665e+08  6.215215e+03   9373712   1
       900   2.696412e+08  2.662698e+08  6.225472e+03   9383979   1
       901   3.506750e+08  2.663357e+08  6.235621e+03   9394585   1
       902   2.926202e+08  2.663374e+08  6.245940e+03   9405091   1
       903   2.621028e+08  2.663625e+08  6.256102e+03   9415705   1
       904   2.715871e+08  2.663673e+08  6.266383e+03   9426271   1
       905   2.422792e+08  2.663737e+08  6.276681e+03   9436750   1
       906   2.649114e+08  2.663999e+08  6.286957e+03   9447237   1
       907   4.077344e+08  2.664475e+08  6.297484e+03   9457234   1
       908   3.576390e+08  2.664610e+08  6.307856e+03   9467772   1
       909   2.697546e+08  2.664624e+08  6.330215e+03   9478185   1
       910   2.314921e+08  2.664808e+08  6.340315e+03   9488822   1
       911   2.603462e+08  2.665035e+08  6.350572e+03   9498928   1
       912   3.851012e+08  2.665053e+08  6.360939e+03   9509418   1
       913   4.362929e+08  2.665327e+08  6.371176e+03   9519716   1
       914   4.359498e+08  2.665972e+08  6.381269e+03   9530233   1
       915   2.140348e+08  2.666096e+08  6.391616e+03   9541074   1
       916   2.866261e+08  2.666257e+08  6.401828e+03   9551460   1
       917   3.271116e+08  2.666314e+08  6.412000e+03   9562017   1
       918   2.999203e+08  2.666401e+08  6.422381e+03   9572332   1
       919   3.565922e+08  2.667166e+08  6.432792e+03   9582903   1
       920   3.360998e+08  2.667511e+08  6.443060e+03   9593592   1
       921   1.593454e+08  2.667554e+08  6.453484e+03   9604406   1
       922   3.532100e+08  2.667684e+08  6.464017e+03   9615060   1
       923   4.122363e+08  2.668415e+08  6.474426e+03   9625470   1
       924   6.153779e+08  2.668713e+08  6.484928e+03   9635666   1
       925   5.669105e+08  2.668952e+08  6.495437e+03   9645929   1
       926   3.592097e+08  2.669073e+08  6.517912e+03   9656307   1
       927   1.728219e+08  2.669306e+08  6.528193e+03   9666839   1
       928   2.741825e+08  2.669547e+08  6.538610e+03   9676924   1
       929   2.525994e+08  2.670345e+08  6.548964e+03   9687638   1
       930   2.020814e+08  2.670613e+08  6.559418e+03   9697855   1
       931   5.985049e+08  2.670778e+08  6.569803e+03   9708187   1
       932   1.832889e+08  2.671103e+08  6.580133e+03   9718843   1
       933   3.027886e+08  2.671631e+08  6.590545e+03   9729418   1
       934   2.939921e+08  2.672304e+08  6.600986e+03   9740002   1
       935   5.263137e+08  2.672336e+08  6.611448e+03   9750310   1
       936   4.533927e+08  2.673389e+08  6.621813e+03   9760974   1
       937   2.376646e+08  2.673918e+08  6.632430e+03   9771554   1
       938   1.903268e+08  2.674170e+08  6.642991e+03   9782043   1
       939   2.021421e+08  2.674702e+08  6.653545e+03   9792760   1
       940   2.104774e+08  2.675218e+08  6.664300e+03   9803207   1
       941   2.939549e+08  2.675332e+08  6.674996e+03   9813821   1
       942   4.246761e+08  2.675953e+08  6.685645e+03   9824181   1
       943   3.396108e+08  2.675961e+08  6.696378e+03   9834606   1
       944   4.045376e+08  2.676270e+08  6.719214e+03   9845219   1
       945   4.245929e+08  2.676314e+08  6.729685e+03   9855582   1
       946   4.427428e+08  2.676378e+08  6.740198e+03   9866046   1
       947   2.859898e+08  2.677664e+08  6.750735e+03   9876386   1
       948   7.986466e+08  2.677756e+08  6.761202e+03   9886746   1
       949   2.393738e+08  2.677887e+08  6.771935e+03   9897228   1
       950   1.557034e+08  2.677923e+08  6.782494e+03   9907270   1
       951   5.144764e+08  2.678119e+08  6.793208e+03   9917203   1
       952   2.760706e+08  2.678457e+08  6.803873e+03   9927469   1
       953   2.152565e+08  2.678683e+08  6.814527e+03   9938227   1
       954   3.018431e+08  2.678743e+08  6.825095e+03   9948636   1
       955   3.241139e+08  2.678864e+08  6.835717e+03   9959032   1
       956   3.111297e+08  2.679046e+08  6.846424e+03   9969719   1
       957   2.302940e+08  2.679098e+08  6.857321e+03   9980289   1
       958   3.847365e+08  2.679143e+08  6.868133e+03   9990629   1
       959   2.117155e+08  2.679276e+08  6.879110e+03  10000982   1
       960   4.868073e+08  2.679495e+08  6.890137e+03  10011323   1
       961   4.178770e+08  2.680218e+08  6.913395e+03  10021533   1
       962   2.795122e+08  2.680632e+08  6.924176e+03  10032017   1
       963   3.068461e+08  2.680891e+08  6.934848e+03  10042388   1
       964   3.457168e+08  2.680934e+08  6.945530e+03  10052777   1
       965   2.507797e+08  2.680939e+08  6.956273e+03  10063188   1
       966   1.994668e+08  2.681005e+08  6.967016e+03  10073501   1
       967   2.549809e+08  2.681386e+08  6.977867e+03  10083877   1
       968   2.396031e+08  2.681933e+08  6.988621e+03  10094711   1
       969   2.028132e+08  2.681940e+08  6.999358e+03  10105285   1
       970   2.053965e+08  2.682065e+08  7.010117e+03  10115411   1
       971   4.601681e+08  2.682249e+08  7.020939e+03  10125525   1
       972   4.079953e+08  2.682286e+08  7.031513e+03  10135678   1
       973   2.803765e+08  2.682374e+08  7.042321e+03  10146362   1
       974   2.483405e+08  2.682587e+08  7.053238e+03  10157085   1
       975   1.767638e+08  2.682721e+08  7.064297e+03  10167682   1
       976   5.853692e+08  2.682774e+08  7.075276e+03  10177814   1
       977   2.160758e+08  2.682854e+08  7.086262e+03  10188547   1
       978   2.635991e+08  2.682880e+08  7.109949e+03  10199034   1
       979   2.785941e+08  2.682981e+08  7.120745e+03  10209335   1
       980   2.335628e+08  2.682998e+08  7.131555e+03  10219733   1
       981   3.700562e+08  2.683046e+08  7.142323e+03  10230267   1
       982   1.774587e+08  2.683241e+08  7.153215e+03  10240860   1
       983   5.512334e+08  2.683262e+08  7.164004e+03  10251389   1
       984   1.878750e+08  2.683438e+08  7.174926e+03  10261764   1
       985   1.929938e+08  2.683522e+08  7.185877e+03  10272230   1
       986   2.682582e+08  2.683588e+08  7.196845e+03  10282536   1
       987   5.330492e+08  2.683610e+08  7.207748e+03  10293035   1
-------------------------------------------------------------------
status         : time_limit
total time (s) : 7.207748e+03
total solves   : 10293035
best bound     :  2.683610e+08
simulation ci  :  3.327421e+08  9.880328e+06
numeric issues : 0
-------------------------------------------------------------------

 
                                        Time                    Allocations      
                                  
       Tot / % measured:            2.00h /  99.9%            867GiB /  99.9%    

 Section               ncalls     time    %tot     avg     alloc    %tot      avg
 
 backward_pass            987    1.99h   99.5%   7.26s    858GiB   99.1%   890MiB
   solve_subproblem     10.2M    2534s   35.2%   249s    516GiB   59.7%  53.2KiB
     get_dual_solution  10.2M    67.7s    0.9%  6.66s   14.6GiB    1.7%  1.50KiB
   prepare_backward...  1.97k    1.07s    0.0%   541s    315MiB    0.0%   163KiB
 forward_pass             987    34.7s    0.5%  35.2ms   6.84GiB    0.8%  7.10MiB
   solve_subproblem      118k    31.9s    0.4%   270s   5.96GiB    0.7%  52.8KiB
     get_dual_solution   118k    115ms    0.0%   975ns   63.3MiB    0.0%     560B
   sample_scenario        987    280ms    0.0%   283s   9.60MiB    0.0%  10.0KiB
 calculate_bound          987    1.82s    0.0%  1.84ms    845MiB    0.1%   877KiB
   get_dual_solution      987   1.32ms    0.0%  1.34s    540KiB    0.0%     560B
 


||||||||||||||||||||||||||||||||||||||||||||||||||||||||||||||||||||||||||||||||||||||||||||||||||||||||||||||||||||||||||||||||||||||||
SIMULATION RESULTS
LogLinearSDDP.NoSimulation()
markov
Lower bound: 2.683610181909843e8
Statistical upper bound (confidence interval): 3.193181356490099e8  6.246920146015279e6
Pessimistic upper bound: 3.2556505579502517e8

||||||||||||||||||||||||||||||||||||||||||||||||||||||||||||||||||||||||||||||||||||||||||||||||||||||||||||||||||||||||||||||||||||||||
SIMULATION RESULTS
LogLinearSDDP.NoSimulation()
markov
Lower bound: 2.683610181909843e8
Statistical upper bound (confidence interval): 2.05242935051637e8  4.915480326672105e6
Pessimistic upper bound: 2.101584153783091e8

||||||||||||||||||||||||||||||||||||||||||||||||||||||||||||||||||||||||||||||||||||||||||||||||||||||||||||||||||||||||||||||||||||||||
SIMULATION RESULTS
LogLinearSDDP.NoSimulation()
custom_model
Lower bound: 2.683610181909843e8
Statistical upper bound (confidence interval): 3.912932410071632e8  8.234724869628164e6
Pessimistic upper bound: 3.995279658767914e8

||||||||||||||||||||||||||||||||||||||||||||||||||||||||||||||||||||||||||||||||||||||||||||||||||||||||||||||||||||||||||||||||||||||||
SIMULATION RESULTS
LogLinearSDDP.NoSimulation()
custom_model
Lower bound: 2.683610181909843e8
Statistical upper bound (confidence interval): 2.490083863631745e8  6.482896389309797e6
Pessimistic upper bound: 2.554912827524843e8

||||||||||||||||||||||||||||||||||||||||||||||||||||||||||||||||||||||||||||||||||||||||||||||||||||||||||||||||||||||||||||||||||||||||
SIMULATION RESULTS
LogLinearSDDP.NoSimulation()
fitted_model
Lower bound: 2.683610181909843e8
Statistical upper bound (confidence interval): 2.8435061392760134e8  5.033826748441219e6
Pessimistic upper bound: 2.8938444067604256e8

||||||||||||||||||||||||||||||||||||||||||||||||||||||||||||||||||||||||||||||||||||||||||||||||||||||||||||||||||||||||||||||||||||||||
SIMULATION RESULTS
LogLinearSDDP.NoSimulation()
fitted_model
Lower bound: 2.683610181909843e8
Statistical upper bound (confidence interval): 1.8875197448790348e8  4.001587451177886e6
Pessimistic upper bound: 1.9275356193908137e8

||||||||||||||||||||||||||||||||||||||||||||||||||||||||||||||||||||||||||||||||||||||||||||||||||||||||||||||||||||||||||||||||||||||||
SIMULATION RESULTS
LogLinearSDDP.NoSimulation()
shapiro_model
Lower bound: 2.683610181909843e8
Statistical upper bound (confidence interval): 2.88714271259248e8  5.53668335134931e6
Pessimistic upper bound: 2.942509546105973e8

||||||||||||||||||||||||||||||||||||||||||||||||||||||||||||||||||||||||||||||||||||||||||||||||||||||||||||||||||||||||||||||||||||||||
SIMULATION RESULTS
LogLinearSDDP.NoSimulation()
shapiro_model
Lower bound: 2.683610181909843e8
Statistical upper bound (confidence interval): 1.9058369196488854e8  4.389273382825069e6
Pessimistic upper bound: 1.9497296534771362e8

||||||||||||||||||||||||||||||||||||||||||||||||||||||||||||||||||||||||||||||||||||||||||||||||||||||||||||||||||||||||||||||||||||||||
SIMULATION RESULTS
LogLinearSDDP.NoSimulation()
markov
Lower bound: 2.6804923409781688e8
Statistical upper bound (confidence interval): 4.756098474805303e8  8.046564145432225e7
Pessimistic upper bound: 5.560754889348526e8

||||||||||||||||||||||||||||||||||||||||||||||||||||||||||||||||||||||||||||||||||||||||||||||||||||||||||||||||||||||||||||||||||||||||
SIMULATION RESULTS
LogLinearSDDP.NoSimulation()
markov
Lower bound: 2.6804923409781688e8
Statistical upper bound (confidence interval): 3.119385192959741e8  6.550941815623432e7
Pessimistic upper bound: 3.774479374522084e8
