||||||||||||||||||||||||||||||||||||||||||||||||||||||||||||||||||||||||||||||||||||||||||||||||||||||||||||||||||||||||||||||||||||||||
PATH
calling 
C:\Users\cg4102\Documents\New LogLinearSDDP\LogLinearSDDP.jl\Examples\Hydrothermal
C:\Users\cg4102\Documents\New LogLinearSDDP\LogLinearSDDP.jl\Examples\Hydrothermal\run_model_linearized.jl
DATETIME
2025-04-03T17:31:38.055
RUN DESCRIPTION
LogLinearSDDP.AlgoParams(SDDP.AbstractStoppingRule[SDDP.TimeLimit(7200.0)], LogLinearSDDP.Simulation(SDDP.InSampleMonteCarlo(0, false, true, SDDP.var"#155#158"{SDDP.var"#156#159"}(SDDP.var"#156#159"(), Core.Box(0)), nothing), 2000, 11111), false, 2, 1, "C:/Users/cg4102/Documents/julia_logs/Cut-sharing Final Run (2h) - NoCS/Run_shapiro_model_55555/LinearizedSDDP.log", false, false, false, 55555, "", :fitted_model)
-------------------------------------------------------------------
         SDDP.jl (c) Oscar Dowson and contributors, 2017-23
-------------------------------------------------------------------
problem
  nodes           : 120
  state variables : 8
  scenarios       : 1.00000e+238
  existing cuts   : false
options
  solver          : serial mode
  risk measure    : SDDP.Expectation()
  sampling scheme : SDDP.InSampleMonteCarlo
subproblem structure
  VariableRef                                  : [170, 174]
  JuMP.AffExpr in MOI.EqualTo{Float64}         : [13, 13]
  JuMP.VariableRef in MOI.EqualTo{Float64}     : [1, 1]
  JuMP.VariableRef in MOI.GreaterThan{Float64} : [157, 157]
  JuMP.VariableRef in MOI.LessThan{Float64}    : [148, 149]
-------------------------------------------------------------------
 iteration    simulation      bound        time (s)     solves  pid
-------------------------------------------------------------------
         1   2.664717e+09  2.450955e+05  2.282000e+00     12021   1
         2   1.770460e+09  2.450955e+05  4.470000e+00     24042   1
         3   1.070515e+09  2.450955e+05  6.719000e+00     36063   1
         4   1.118036e+09  7.408832e+05  8.938000e+00     48084   1
         5   7.161832e+08  4.778435e+06  1.117300e+01     60105   1
         6   6.456575e+08  5.697025e+06  1.345500e+01     72126   1
         7   1.084585e+09  6.189975e+06  1.572100e+01     84147   1
         8   7.269876e+08  6.522251e+06  1.798800e+01     96168   1
         9   5.598178e+08  7.541323e+06  2.030000e+01    108189   1
        10   5.950762e+08  8.015435e+06  2.258200e+01    120210   1
        11   6.649514e+08  8.339560e+06  2.484800e+01    132231   1
        12   4.363103e+08  1.118187e+07  2.714500e+01    144252   1
        13   4.438656e+08  1.141633e+07  2.945800e+01    156273   1
        14   5.346154e+08  1.176135e+07  3.172500e+01    168294   1
        15   3.567487e+08  1.890091e+07  3.403800e+01    180315   1
        16   4.341624e+08  1.941729e+07  3.628800e+01    192336   1
        17   3.032620e+08  2.470848e+07  3.853800e+01    204357   1
        18   1.066487e+09  2.716551e+07  4.083500e+01    216378   1
        19   3.850164e+08  2.827832e+07  4.313200e+01    228399   1
        20   5.952752e+08  2.891792e+07  4.541300e+01    240420   1
        21   8.184057e+08  2.964403e+07  4.771100e+01    252441   1
        22   3.736183e+08  3.338473e+07  4.999200e+01    264462   1
        23   1.914083e+08  3.678794e+07  5.225800e+01    276483   1
        24   6.363718e+08  3.706139e+07  5.458600e+01    288504   1
        25   2.468927e+08  4.677993e+07  5.685200e+01    300525   1
        26   5.818097e+08  4.681104e+07  5.919600e+01    312546   1
        27   3.214661e+08  4.737978e+07  6.155600e+01    324567   1
        28   4.685984e+08  5.411286e+07  6.390000e+01    336588   1
        29   2.435407e+08  5.601760e+07  6.622800e+01    348609   1
        30   3.330854e+08  6.307331e+07  6.861900e+01    360630   1
        31   3.692874e+08  8.384017e+07  7.094700e+01    372651   1
        32   3.220959e+08  8.529852e+07  7.330700e+01    384672   1
        33   2.983124e+08  8.538756e+07  7.573000e+01    396693   1
        34   2.732496e+08  8.568123e+07  7.815200e+01    408714   1
        35   2.108477e+08  8.840178e+07  8.054300e+01    420735   1
        36   2.286173e+08  8.887172e+07  8.301100e+01    432756   1
        37   7.036401e+08  8.971993e+07  8.540200e+01    444777   1
        38   4.595815e+08  9.110175e+07  8.780900e+01    456798   1
        39   7.536527e+08  9.208102e+07  9.024800e+01    468819   1
        40   4.883396e+08  9.360287e+07  9.270200e+01    480840   1
        41   2.121628e+08  9.388355e+07  9.514000e+01    492861   1
        42   7.739466e+08  9.394141e+07  9.765500e+01    504882   1
        43   5.537615e+08  9.441034e+07  1.001400e+02    516903   1
        44   2.055635e+08  9.600947e+07  1.025620e+02    528924   1
        45   3.643904e+08  9.606739e+07  1.050630e+02    540945   1
        46   4.550709e+08  9.915125e+07  1.075320e+02    552966   1
        47   3.018846e+08  9.961879e+07  1.100320e+02    564987   1
        48   2.823864e+08  9.978035e+07  1.125800e+02    577008   1
        49   3.874009e+08  1.010842e+08  1.150960e+02    589029   1
        50   4.097182e+08  1.011567e+08  1.176270e+02    601050   1
        51   2.091851e+08  1.014876e+08  1.201910e+02    613071   1
        52   1.936880e+08  1.069460e+08  1.227070e+02    625092   1
        53   2.453578e+08  1.098663e+08  1.252380e+02    637113   1
        54   1.757759e+08  1.105759e+08  1.278320e+02    649134   1
        55   3.068766e+08  1.113804e+08  1.304410e+02    661155   1
        56   2.765386e+08  1.120631e+08  1.330350e+02    673176   1
        57   1.778109e+08  1.125190e+08  1.356620e+02    685197   1
        58   4.865964e+08  1.129473e+08  1.382870e+02    697218   1
        59   2.255848e+08  1.130859e+08  1.408960e+02    709239   1
        60   1.739202e+08  1.131839e+08  1.435540e+02    721260   1
        61   1.915178e+08  1.135114e+08  1.462260e+02    733281   1
        62   2.577595e+08  1.135441e+08  1.488370e+02    745302   1
        63   2.291893e+08  1.136119e+08  1.515260e+02    757323   1
        64   2.802017e+08  1.139102e+08  1.541980e+02    769344   1
        65   5.102027e+08  1.139233e+08  1.569010e+02    781365   1
        66   4.635366e+08  1.146793e+08  1.596050e+02    793386   1
        67   2.495130e+08  1.146819e+08  1.622620e+02    805407   1
        68   3.845780e+08  1.146992e+08  1.649820e+02    817428   1
        69   7.277132e+08  1.149697e+08  1.677160e+02    829449   1
        70   1.794548e+08  1.150183e+08  1.704030e+02    841470   1
        71   2.212540e+08  1.163130e+08  1.731060e+02    853491   1
        72   4.354421e+08  1.163134e+08  1.758260e+02    865512   1
        73   8.819707e+08  1.174127e+08  1.785610e+02    877533   1
        74   4.322313e+08  1.177170e+08  1.813290e+02    889554   1
        75   1.721843e+08  1.177976e+08  1.840470e+02    901575   1
        76   4.350108e+08  1.178370e+08  1.868290e+02    913596   1
        77   3.539105e+08  1.185739e+08  1.895790e+02    925617   1
        78   2.907050e+08  1.210560e+08  1.923920e+02    937638   1
        79   2.837864e+08  1.213575e+08  1.951750e+02    949659   1
        80   3.471514e+08  1.216438e+08  1.979250e+02    961680   1
        81   1.776844e+08  1.229005e+08  2.007070e+02    973701   1
        82   2.902444e+08  1.237851e+08  2.034720e+02    985722   1
        83   1.096548e+08  1.239224e+08  2.062220e+02    997743   1
        84   4.225812e+08  1.241839e+08  2.090360e+02   1009764   1
        85   6.295034e+08  1.251368e+08  2.118170e+02   1021785   1
        86   3.500477e+08  1.251433e+08  2.145830e+02   1033806   1
        87   4.632390e+08  1.257198e+08  2.175060e+02   1045827   1
        88   1.070880e+08  1.258360e+08  2.203180e+02   1057848   1
        89   2.003552e+08  1.263290e+08  2.231620e+02   1069869   1
        90   2.456583e+08  1.266156e+08  2.260690e+02   1081890   1
        91   2.624269e+08  1.267260e+08  2.289440e+02   1093911   1
        92   2.267671e+08  1.267878e+08  2.318500e+02   1105932   1
        93   2.827550e+08  1.268441e+08  2.348030e+02   1117953   1
        94   4.526598e+08  1.274495e+08  2.377270e+02   1129974   1
        95   3.187213e+08  1.276735e+08  2.406330e+02   1141995   1
        96   1.952535e+08  1.277946e+08  2.436020e+02   1154016   1
        97   5.339117e+08  1.283059e+08  2.465240e+02   1166037   1
        98   2.677693e+08  1.284491e+08  2.494770e+02   1178058   1
        99   3.553326e+08  1.285839e+08  2.524930e+02   1190079   1
       100   3.177836e+08  1.290049e+08  2.554300e+02   1202100   1
       101   4.119356e+08  1.290077e+08  2.583990e+02   1214121   1
       102   4.114299e+08  1.290754e+08  2.614150e+02   1226142   1
       103   3.495580e+08  1.296553e+08  2.643530e+02   1238163   1
       104   1.639091e+08  1.296995e+08  2.673230e+02   1250184   1
       105   5.842232e+08  1.310120e+08  2.703550e+02   1262205   1
       106   2.551185e+08  1.313256e+08  2.733550e+02   1274226   1
       107   3.488035e+08  1.314788e+08  2.763710e+02   1286247   1
       108   1.762825e+08  1.319813e+08  2.793710e+02   1298268   1
       109   1.754916e+08  1.320312e+08  2.823250e+02   1310289   1
       110   4.304601e+08  1.331822e+08  2.853410e+02   1322310   1
       111   3.069581e+08  1.332900e+08  2.883890e+02   1334331   1
       112   1.928605e+08  1.337146e+08  2.914040e+02   1346352   1
       113   2.030673e+08  1.338362e+08  2.944050e+02   1358373   1
       114   1.462558e+08  1.356123e+08  2.974380e+02   1370394   1
       115   1.931444e+08  1.362040e+08  3.005160e+02   1382415   1
       116   1.518764e+08  1.362470e+08  3.035160e+02   1394436   1
       117   3.018200e+08  1.364268e+08  3.066110e+02   1406457   1
       118   3.968300e+08  1.367314e+08  3.096890e+02   1418478   1
       119   2.279534e+08  1.368620e+08  3.127360e+02   1430499   1
       120   4.179772e+08  1.368973e+08  3.158610e+02   1442520   1
       121   1.799623e+08  1.369347e+08  3.188930e+02   1454541   1
       122   1.540412e+08  1.370199e+08  3.218770e+02   1466562   1
       123   5.224630e+08  1.370333e+08  3.250980e+02   1478583   1
       124   3.627701e+08  1.372017e+08  3.281930e+02   1490604   1
       125   4.375743e+08  1.372077e+08  3.313180e+02   1502625   1
       126   1.775342e+08  1.373020e+08  3.344740e+02   1514646   1
       127   2.313782e+08  1.373023e+08  3.375830e+02   1526667   1
       128   1.945437e+08  1.377045e+08  3.407410e+02   1538688   1
       129   2.843155e+08  1.377508e+08  3.438820e+02   1550709   1
       130   1.525376e+08  1.379225e+08  3.470080e+02   1562730   1
       131   7.685638e+08  1.380419e+08  3.501640e+02   1574751   1
       132   7.930140e+08  1.383697e+08  3.534300e+02   1586772   1
       133   2.448908e+08  1.385256e+08  3.565570e+02   1598793   1
       134   8.383943e+08  1.390225e+08  3.597440e+02   1610814   1
       135   1.837367e+08  1.392646e+08  3.629320e+02   1622835   1
       136   2.446075e+08  1.392846e+08  3.661040e+02   1634856   1
       137   5.064095e+08  1.394186e+08  3.693400e+02   1646877   1
       138   1.857571e+08  1.395352e+08  3.725120e+02   1658898   1
       139   2.922123e+08  1.396715e+08  3.757150e+02   1670919   1
       140   2.328403e+08  1.396904e+08  3.789190e+02   1682940   1
       141   5.115255e+08  1.398755e+08  3.822010e+02   1694961   1
       142   3.875067e+08  1.402406e+08  3.853900e+02   1706982   1
       143   1.712247e+08  1.411369e+08  3.885770e+02   1719003   1
       144   2.179689e+08  1.417556e+08  3.918430e+02   1731024   1
       145   3.159572e+08  1.419148e+08  3.950630e+02   1743045   1
       146   1.679119e+08  1.423201e+08  3.982670e+02   1755066   1
       147   2.977355e+08  1.423323e+08  4.015500e+02   1767087   1
       148   3.418000e+08  1.424401e+08  4.048160e+02   1779108   1
       149   5.344977e+08  1.425172e+08  4.080660e+02   1791129   1
       150   1.523409e+08  1.425183e+08  4.114090e+02   1803150   1
       151   6.805003e+08  1.431346e+08  4.146770e+02   1815171   1
       152   1.655225e+08  1.431714e+08  4.179270e+02   1827192   1
       153   1.101604e+09  1.436811e+08  4.212700e+02   1839213   1
       154   1.846542e+08  1.437510e+08  4.245520e+02   1851234   1
       155   4.851030e+08  1.439176e+08  4.278510e+02   1863255   1
       156   2.675822e+08  1.439642e+08  4.311970e+02   1875276   1
       157   4.105240e+08  1.441943e+08  4.345560e+02   1887297   1
       158   6.996028e+08  1.447571e+08  4.379620e+02   1899318   1
       159   2.029740e+08  1.448873e+08  4.412910e+02   1911339   1
       160   5.372521e+08  1.449903e+08  4.446360e+02   1923360   1
       161   4.410769e+08  1.450911e+08  4.480580e+02   1935381   1
       162   4.138439e+08  1.452400e+08  4.514800e+02   1947402   1
       163   3.485377e+08  1.453187e+08  4.548870e+02   1959423   1
       164   1.417382e+08  1.454489e+08  4.582490e+02   1971444   1
       165   2.179697e+08  1.455274e+08  4.616240e+02   1983465   1
       166   3.320097e+08  1.456003e+08  4.650610e+02   1995486   1
       167   1.624569e+08  1.456111e+08  4.684360e+02   2007507   1
       168   2.361680e+08  1.456315e+08  4.717670e+02   2019528   1
       169   2.498779e+08  1.460037e+08  4.751750e+02   2031549   1
       170   2.625016e+08  1.460787e+08  4.785810e+02   2043570   1
       171   1.548582e+08  1.461266e+08  4.819560e+02   2055591   1
       172   4.610665e+08  1.461933e+08  4.853790e+02   2067612   1
       173   4.918671e+08  1.462428e+08  4.890220e+02   2079633   1
       174   6.457153e+08  1.462924e+08  4.926160e+02   2091654   1
       175   6.148791e+08  1.463374e+08  4.963210e+02   2103675   1
       176   5.276399e+08  1.463897e+08  5.000250e+02   2115696   1
       177   5.858164e+08  1.466570e+08  5.037600e+02   2127717   1
       178   2.285390e+08  1.470114e+08  5.074160e+02   2139738   1
       179   2.243449e+08  1.471441e+08  5.111660e+02   2151759   1
       180   1.313694e+08  1.472198e+08  5.149000e+02   2163780   1
       181   6.532685e+08  1.473771e+08  5.186830e+02   2175801   1
       182   1.695041e+08  1.474175e+08  5.224180e+02   2187822   1
       183   3.589973e+08  1.475603e+08  5.261370e+02   2199843   1
       184   4.812473e+08  1.475612e+08  5.298880e+02   2211864   1
       185   1.716779e+08  1.479615e+08  5.336220e+02   2223885   1
       186   1.702837e+08  1.480610e+08  5.373420e+02   2235906   1
       187   3.870070e+08  1.483567e+08  5.411870e+02   2247927   1
       188   2.845008e+08  1.483694e+08  5.449370e+02   2259948   1
       189   2.845159e+08  1.485290e+08  5.486730e+02   2271969   1
       190   2.473151e+08  1.486070e+08  5.525020e+02   2283990   1
       191   4.957297e+08  1.486232e+08  5.563460e+02   2296011   1
       192   1.600151e+08  1.488021e+08  5.601270e+02   2308032   1
       193   1.884853e+08  1.490246e+08  5.639100e+02   2320053   1
       194   2.120624e+08  1.492343e+08  5.677380e+02   2332074   1
       195   3.895911e+08  1.495519e+08  5.715200e+02   2344095   1
       196   5.242546e+08  1.495723e+08  5.753810e+02   2356116   1
       197   1.580494e+08  1.497568e+08  5.791790e+02   2368137   1
       198   1.283929e+08  1.499850e+08  5.829750e+02   2380158   1
       199   2.345939e+08  1.500822e+08  5.868500e+02   2392179   1
       200   2.176091e+08  1.502504e+08  5.906470e+02   2404200   1
       201   2.502199e+08  1.504741e+08  5.944910e+02   2416221   1
       202   2.052387e+08  1.505063e+08  5.983980e+02   2428242   1
       203   2.083095e+08  1.506924e+08  6.023200e+02   2440263   1
       204   5.203915e+08  1.507730e+08  6.061980e+02   2452284   1
       205   1.742875e+08  1.509248e+08  6.100410e+02   2464305   1
       206   1.462239e+08  1.510141e+08  6.138540e+02   2476326   1
       207   2.245004e+08  1.510981e+08  6.176360e+02   2488347   1
       208   2.324222e+08  1.513107e+08  6.214510e+02   2500368   1
       209   2.134872e+08  1.513340e+08  6.252630e+02   2512389   1
       210   2.040301e+08  1.515673e+08  6.291550e+02   2524410   1
       211   2.136502e+08  1.517501e+08  6.330150e+02   2536431   1
       212   2.125066e+08  1.517948e+08  6.368430e+02   2548452   1
       213   1.485590e+08  1.522136e+08  6.406240e+02   2560473   1
       214   2.247280e+08  1.524213e+08  6.444680e+02   2572494   1
       215   3.713889e+08  1.525847e+08  6.483610e+02   2584515   1
       216   2.800321e+08  1.530236e+08  6.522200e+02   2596536   1
       217   2.285217e+08  1.530901e+08  6.561270e+02   2608557   1
       218   3.235872e+08  1.534383e+08  6.599870e+02   2620578   1
       219   2.107789e+08  1.536377e+08  6.638950e+02   2632599   1
       220   2.475918e+08  1.536507e+08  6.678020e+02   2644620   1
       221   3.407252e+08  1.537636e+08  6.717410e+02   2656641   1
       222   5.700103e+08  1.537727e+08  6.756780e+02   2668662   1
       223   4.170129e+08  1.539628e+08  6.796960e+02   2680683   1
       224   2.536800e+08  1.540442e+08  6.835560e+02   2692704   1
       225   7.207993e+08  1.540910e+08  6.875560e+02   2704725   1
       226   1.669569e+08  1.541673e+08  6.915410e+02   2716746   1
       227   2.896708e+08  1.542468e+08  6.954480e+02   2728767   1
       228   2.057248e+08  1.542498e+08  6.993860e+02   2740788   1
       229   1.702927e+08  1.544010e+08  7.033870e+02   2752809   1
       230   3.124227e+08  1.544071e+08  7.073890e+02   2764830   1
       231   1.672723e+08  1.545171e+08  7.113420e+02   2776851   1
       232   2.584622e+08  1.545372e+08  7.154040e+02   2788872   1
       233   7.718375e+08  1.546015e+08  7.194360e+02   2800893   1
       234   5.084379e+08  1.546530e+08  7.234830e+02   2812914   1
       235   1.776968e+08  1.549932e+08  7.275150e+02   2824935   1
       236   1.435205e+08  1.558125e+08  7.314690e+02   2836956   1
       237   5.351797e+08  1.561124e+08  7.355950e+02   2848977   1
       238   2.298296e+08  1.562766e+08  7.396900e+02   2860998   1
       239   1.318055e+08  1.563241e+08  7.437060e+02   2873019   1
       240   5.242239e+08  1.564584e+08  7.478460e+02   2885040   1
       241   1.415514e+08  1.571081e+08  7.519890e+02   2897061   1
       242   3.240832e+08  1.571087e+08  7.560820e+02   2909082   1
       243   4.025487e+08  1.572747e+08  7.602080e+02   2921103   1
       244   1.895214e+08  1.575045e+08  7.642700e+02   2933124   1
       245   3.037729e+08  1.577903e+08  7.683960e+02   2945145   1
       246   2.590474e+08  1.578298e+08  7.725210e+02   2957166   1
       247   2.807390e+08  1.579248e+08  7.766460e+02   2969187   1
       248   2.490343e+08  1.580803e+08  7.808190e+02   2981208   1
       249   2.566486e+08  1.581088e+08  7.850080e+02   2993229   1
       250   2.840803e+08  1.581095e+08  7.891640e+02   3005250   1
       251   3.769902e+08  1.581885e+08  7.933680e+02   3017271   1
       252   2.912427e+08  1.582257e+08  7.976040e+02   3029292   1
       253   1.847509e+08  1.582409e+08  8.017440e+02   3041313   1
       254   1.396405e+08  1.585986e+08  8.059160e+02   3053334   1
       255   4.342725e+08  1.586990e+08  8.101220e+02   3065355   1
       256   4.234037e+08  1.587267e+08  8.143720e+02   3077376   1
       257   2.076215e+08  1.591234e+08  8.185610e+02   3089397   1
       258   2.562710e+08  1.593829e+08  8.227650e+02   3101418   1
       259   3.086042e+08  1.594619e+08  8.270470e+02   3113439   1
       260   6.719020e+08  1.596351e+08  8.312510e+02   3125460   1
       261   4.546270e+08  1.599634e+08  8.355790e+02   3137481   1
       262   3.088486e+08  1.600317e+08  8.398760e+02   3149502   1
       263   1.779773e+08  1.602186e+08  8.441570e+02   3161523   1
       264   5.388243e+08  1.602644e+08  8.484710e+02   3173544   1
       265   2.494036e+08  1.602993e+08  8.527830e+02   3185565   1
       266   2.370112e+08  1.603579e+08  8.570500e+02   3197586   1
       267   6.306706e+08  1.604507e+08  8.614580e+02   3209607   1
       268   3.092250e+08  1.604655e+08  8.658490e+02   3221628   1
       269   1.810871e+08  1.604830e+08  8.701160e+02   3233649   1
       270   4.047435e+08  1.607388e+08  8.745080e+02   3245670   1
       271   3.431492e+08  1.608046e+08  8.788050e+02   3257691   1
       272   1.615789e+08  1.610379e+08  8.831340e+02   3269712   1
       273   2.451059e+08  1.610985e+08  8.875400e+02   3281733   1
       274   4.033447e+08  1.613483e+08  8.918530e+02   3293754   1
       275   4.588987e+08  1.615417e+08  8.961490e+02   3305775   1
       276   2.162982e+08  1.616233e+08  9.005250e+02   3317796   1
       277   1.974134e+08  1.621894e+08  9.049160e+02   3329817   1
       278   1.794787e+08  1.623532e+08  9.091970e+02   3341838   1
       279   1.736592e+08  1.625541e+08  9.135740e+02   3353859   1
       280   2.527139e+08  1.628225e+08  9.179480e+02   3365880   1
       281   5.288490e+08  1.628845e+08  9.223230e+02   3377901   1
       282   4.233186e+08  1.630038e+08  9.268220e+02   3389922   1
       283   1.552246e+08  1.630376e+08  9.311970e+02   3401943   1
       284   2.336635e+08  1.635848e+08  9.356500e+02   3413964   1
       285   9.859172e+08  1.639135e+08  9.401040e+02   3425985   1
       286   1.892789e+08  1.640121e+08  9.445730e+02   3438006   1
       287   2.141689e+08  1.641018e+08  9.490420e+02   3450027   1
       288   4.801014e+08  1.641339e+08  9.535260e+02   3462048   1
       289   2.132495e+08  1.642103e+08  9.579790e+02   3474069   1
       290   2.466355e+08  1.642136e+08  9.625100e+02   3486090   1
       291   2.558029e+08  1.643113e+08  9.670410e+02   3498111   1
       292   6.029688e+08  1.643219e+08  9.715400e+02   3510132   1
       293   3.531136e+08  1.646816e+08  9.760250e+02   3522153   1
       294   5.164613e+08  1.647512e+08  9.805560e+02   3534174   1
       295   1.913908e+08  1.650486e+08  9.849940e+02   3546195   1
       296   2.677278e+08  1.650837e+08  9.895420e+02   3558216   1
       297   1.804528e+08  1.651148e+08  9.940410e+02   3570237   1
       298   2.831164e+08  1.652054e+08  9.985100e+02   3582258   1
       299   2.931321e+08  1.653585e+08  1.003073e+03   3594279   1
       300   1.653198e+08  1.657236e+08  1.007589e+03   3606300   1
       301   2.082421e+08  1.658991e+08  1.012105e+03   3618321   1
       302   2.835851e+08  1.661969e+08  1.016654e+03   3630342   1
       303   6.457231e+08  1.662748e+08  1.021185e+03   3642363   1
       304   2.467598e+08  1.666592e+08  1.025748e+03   3654384   1
       305   1.906965e+08  1.668950e+08  1.030358e+03   3666405   1
       306   1.385986e+08  1.672211e+08  1.034906e+03   3678426   1
       307   4.857358e+08  1.673044e+08  1.039485e+03   3690447   1
       308   1.815005e+08  1.674479e+08  1.044078e+03   3702468   1
       309   7.074787e+08  1.677157e+08  1.048719e+03   3714489   1
       310   2.549647e+08  1.678064e+08  1.053328e+03   3726510   1
       311   2.898903e+08  1.680968e+08  1.057953e+03   3738531   1
       312   1.880921e+08  1.686567e+08  1.062516e+03   3750552   1
       313   2.360941e+08  1.687725e+08  1.067141e+03   3762573   1
       314   2.321525e+08  1.689939e+08  1.071798e+03   3774594   1
       315   3.459830e+08  1.691089e+08  1.076454e+03   3786615   1
       316   1.573429e+08  1.691663e+08  1.081063e+03   3798636   1
       317   6.355366e+08  1.692595e+08  1.085797e+03   3810657   1
       318   2.112054e+08  1.692812e+08  1.090423e+03   3822678   1
       319   3.400953e+08  1.693735e+08  1.095111e+03   3834699   1
       320   5.420376e+08  1.695914e+08  1.099830e+03   3846720   1
       321   4.531493e+08  1.697566e+08  1.104487e+03   3858741   1
       322   2.300351e+08  1.698189e+08  1.109174e+03   3870762   1
       323   1.825499e+08  1.698545e+08  1.113846e+03   3882783   1
       324   2.624254e+08  1.698895e+08  1.118564e+03   3894804   1
       325   2.507117e+08  1.699316e+08  1.123221e+03   3906825   1
       326   3.058619e+08  1.701329e+08  1.127972e+03   3918846   1
       327   1.721094e+08  1.701832e+08  1.132691e+03   3930867   1
       328   1.612034e+08  1.702781e+08  1.137394e+03   3942888   1
       329   2.302583e+08  1.703420e+08  1.142159e+03   3954909   1
       330   3.966906e+08  1.704628e+08  1.146800e+03   3966930   1
       331   1.634183e+08  1.705306e+08  1.151488e+03   3978951   1
       332   1.489705e+08  1.705393e+08  1.156176e+03   3990972   1
       333   2.362135e+08  1.705626e+08  1.160926e+03   4002993   1
       334   1.840612e+08  1.707334e+08  1.165614e+03   4015014   1
       335   3.196622e+08  1.708443e+08  1.170318e+03   4027035   1
       336   2.832953e+08  1.708810e+08  1.174958e+03   4039056   1
       337   1.583906e+08  1.711084e+08  1.179739e+03   4051077   1
       338   5.004317e+08  1.712119e+08  1.184442e+03   4063098   1
       339   4.406115e+08  1.712174e+08  1.189177e+03   4075119   1
       340   3.244898e+08  1.713089e+08  1.193976e+03   4087140   1
       341   4.102884e+08  1.715976e+08  1.198803e+03   4099161   1
       342   1.975502e+08  1.716477e+08  1.203553e+03   4111182   1
       343   2.345041e+08  1.717042e+08  1.208304e+03   4123203   1
       344   2.543845e+08  1.717176e+08  1.213054e+03   4135224   1
       345   1.976927e+08  1.717428e+08  1.217803e+03   4147245   1
       346   1.951224e+08  1.717799e+08  1.222602e+03   4159266   1
       347   2.097347e+08  1.717940e+08  1.227369e+03   4171287   1
       348   3.418781e+08  1.718849e+08  1.232229e+03   4183308   1
       349   6.896852e+08  1.719114e+08  1.237090e+03   4195329   1
       350   2.553177e+08  1.719663e+08  1.241949e+03   4207350   1
       351   2.279163e+08  1.719954e+08  1.246808e+03   4219371   1
       352   2.914860e+08  1.721150e+08  1.251730e+03   4231392   1
       353   2.305560e+08  1.721517e+08  1.256620e+03   4243413   1
       354   3.041064e+08  1.722009e+08  1.261495e+03   4255434   1
       355   1.500708e+08  1.722263e+08  1.266371e+03   4267455   1
       356   3.126202e+08  1.722544e+08  1.271262e+03   4279476   1
       357   1.806489e+08  1.722693e+08  1.276214e+03   4291497   1
       358   4.014496e+08  1.722956e+08  1.281122e+03   4303518   1
       359   2.633323e+08  1.723289e+08  1.286044e+03   4315539   1
       360   3.041969e+08  1.723328e+08  1.290981e+03   4327560   1
       361   2.531273e+08  1.723748e+08  1.295982e+03   4339581   1
       362   5.651096e+08  1.723934e+08  1.300889e+03   4351602   1
       363   2.201160e+08  1.724286e+08  1.305795e+03   4363623   1
       364   3.304557e+08  1.725048e+08  1.310796e+03   4375644   1
       365   2.774098e+08  1.725158e+08  1.315795e+03   4387665   1
       366   7.205838e+08  1.725211e+08  1.320732e+03   4399686   1
       367   1.902304e+08  1.726094e+08  1.325529e+03   4411707   1
       368   6.966068e+08  1.728372e+08  1.330404e+03   4423728   1
       369   3.600330e+08  1.728706e+08  1.335326e+03   4435749   1
       370   5.893308e+08  1.730552e+08  1.340279e+03   4447770   1
       371   2.308486e+08  1.731299e+08  1.345186e+03   4459791   1
       372   3.472022e+08  1.731848e+08  1.350092e+03   4471812   1
       373   2.166911e+08  1.731955e+08  1.354983e+03   4483833   1
       374   2.018603e+08  1.733828e+08  1.359905e+03   4495854   1
       375   3.427839e+08  1.734424e+08  1.364905e+03   4507875   1
       376   1.991986e+08  1.734934e+08  1.369829e+03   4519896   1
       377   2.096403e+08  1.735607e+08  1.374751e+03   4531917   1
       378   4.481242e+08  1.735865e+08  1.379673e+03   4543938   1
       379   2.526341e+08  1.737002e+08  1.384643e+03   4555959   1
       380   2.097233e+08  1.737516e+08  1.389565e+03   4567980   1
       381   1.337410e+08  1.738812e+08  1.394564e+03   4580001   1
       382   2.752307e+08  1.738910e+08  1.399550e+03   4592022   1
       383   2.160813e+08  1.739120e+08  1.404487e+03   4604043   1
       384   2.709511e+08  1.739754e+08  1.409471e+03   4616064   1
       385   4.426106e+08  1.740135e+08  1.414424e+03   4628085   1
       386   2.601784e+08  1.740695e+08  1.419393e+03   4640106   1
       387   5.646591e+08  1.740919e+08  1.424439e+03   4652127   1
       388   5.643081e+08  1.741082e+08  1.429425e+03   4664148   1
       389   6.531256e+08  1.741461e+08  1.434440e+03   4676169   1
       390   2.957460e+08  1.742541e+08  1.439471e+03   4688190   1
       391   2.182667e+08  1.742916e+08  1.444518e+03   4700211   1
       392   3.020941e+08  1.743634e+08  1.449551e+03   4712232   1
       393   2.484236e+08  1.743856e+08  1.454614e+03   4724253   1
       394   3.181488e+08  1.744965e+08  1.459601e+03   4736274   1
       395   2.346473e+08  1.745170e+08  1.464585e+03   4748295   1
       396   1.769387e+08  1.745860e+08  1.469617e+03   4760316   1
       397   3.400055e+08  1.745988e+08  1.474664e+03   4772337   1
       398   2.133917e+08  1.746522e+08  1.479633e+03   4784358   1
       399   2.485622e+08  1.747216e+08  1.484744e+03   4796379   1
       400   1.748842e+08  1.747527e+08  1.489791e+03   4808400   1
       401   1.572867e+08  1.747912e+08  1.494806e+03   4820421   1
       402   3.291559e+08  1.748731e+08  1.499885e+03   4832442   1
       403   2.548843e+08  1.750469e+08  1.504962e+03   4844463   1
       404   2.165718e+08  1.751412e+08  1.509994e+03   4856484   1
       405   1.440786e+08  1.753847e+08  1.515073e+03   4868505   1
       406   2.213638e+08  1.754441e+08  1.520166e+03   4880526   1
       407   1.900755e+08  1.755693e+08  1.525244e+03   4892547   1
       408   2.898966e+08  1.757026e+08  1.530370e+03   4904568   1
       409   2.623030e+08  1.758064e+08  1.535526e+03   4916589   1
       410   3.083870e+08  1.758407e+08  1.540682e+03   4928610   1
       411   2.169085e+08  1.759907e+08  1.545902e+03   4940631   1
       412   5.128000e+08  1.760651e+08  1.551089e+03   4952652   1
       413   6.244733e+08  1.761099e+08  1.556291e+03   4964673   1
       414   2.893269e+08  1.761255e+08  1.561402e+03   4976694   1
       415   1.392022e+08  1.761490e+08  1.566511e+03   4988715   1
       416   2.313848e+08  1.761679e+08  1.571699e+03   5000736   1
       417   4.557914e+08  1.763351e+08  1.576839e+03   5012757   1
       418   2.103382e+08  1.763840e+08  1.581964e+03   5024778   1
       419   2.950338e+08  1.764332e+08  1.587152e+03   5036799   1
       420   2.230484e+08  1.764538e+08  1.592371e+03   5048820   1
       421   3.869481e+08  1.764734e+08  1.597527e+03   5060841   1
       422   3.111805e+08  1.765744e+08  1.602715e+03   5072862   1
       423   2.719106e+08  1.766235e+08  1.607919e+03   5084883   1
       424   2.068164e+08  1.766676e+08  1.613106e+03   5096904   1
       425   2.115812e+08  1.767247e+08  1.618358e+03   5108925   1
       426   5.482150e+08  1.767356e+08  1.623592e+03   5120946   1
       427   2.671734e+08  1.769046e+08  1.628779e+03   5132967   1
       428   2.232448e+08  1.769726e+08  1.634092e+03   5144988   1
       429   2.807144e+08  1.770896e+08  1.639373e+03   5157009   1
       430   2.595895e+08  1.771300e+08  1.644591e+03   5169030   1
       431   2.519125e+08  1.774500e+08  1.649888e+03   5181051   1
       432   1.783257e+08  1.775332e+08  1.655139e+03   5193072   1
       433   2.031415e+08  1.776291e+08  1.660388e+03   5205093   1
       434   2.024515e+08  1.777099e+08  1.665748e+03   5217114   1
       435   5.491209e+08  1.777627e+08  1.671031e+03   5229135   1
       436   2.197611e+08  1.778362e+08  1.676233e+03   5241156   1
       437   2.192463e+08  1.778456e+08  1.681503e+03   5253177   1
       438   4.632614e+08  1.779428e+08  1.686827e+03   5265198   1
       439   1.676062e+08  1.779720e+08  1.692045e+03   5277219   1
       440   1.277404e+08  1.781477e+08  1.697279e+03   5289240   1
       441   1.855726e+08  1.782158e+08  1.702437e+03   5301261   1
       442   2.885034e+08  1.783809e+08  1.707751e+03   5313282   1
       443   5.406121e+08  1.784346e+08  1.712970e+03   5325303   1
       444   3.305964e+08  1.784464e+08  1.718221e+03   5337324   1
       445   2.384049e+08  1.785451e+08  1.723517e+03   5349345   1
       446   2.031527e+08  1.785863e+08  1.728783e+03   5361366   1
       447   2.368927e+08  1.786471e+08  1.734096e+03   5373387   1
       448   1.806332e+08  1.786795e+08  1.739424e+03   5385408   1
       449   1.655870e+08  1.787036e+08  1.744815e+03   5397429   1
       450   3.286228e+08  1.787338e+08  1.750128e+03   5409450   1
       451   2.654550e+08  1.787584e+08  1.755471e+03   5421471   1
       452   2.760587e+08  1.788730e+08  1.760769e+03   5433492   1
       453   1.549283e+08  1.789402e+08  1.766083e+03   5445513   1
       454   2.153537e+08  1.789969e+08  1.771520e+03   5457534   1
       455   4.906872e+08  1.790462e+08  1.776910e+03   5469555   1
       456   2.620020e+08  1.790795e+08  1.782317e+03   5481576   1
       457   1.913710e+08  1.791690e+08  1.787707e+03   5493597   1
       458   2.521262e+08  1.792577e+08  1.793067e+03   5505618   1
       459   1.964498e+08  1.792735e+08  1.798394e+03   5517639   1
       460   2.806716e+08  1.793502e+08  1.803800e+03   5529660   1
       461   2.290184e+08  1.794127e+08  1.809223e+03   5541681   1
       462   2.732022e+08  1.794534e+08  1.814678e+03   5553702   1
       463   2.265396e+08  1.794733e+08  1.820131e+03   5565723   1
       464   3.200957e+08  1.794981e+08  1.825631e+03   5577744   1
       465   5.136086e+08  1.795807e+08  1.831069e+03   5589765   1
       466   2.390001e+08  1.795974e+08  1.836553e+03   5601786   1
       467   2.175244e+08  1.796484e+08  1.841928e+03   5613807   1
       468   2.942969e+08  1.797586e+08  1.847412e+03   5625828   1
       469   3.191757e+08  1.797944e+08  1.852914e+03   5637849   1
       470   1.276679e+08  1.799300e+08  1.858241e+03   5649870   1
       471   1.838796e+08  1.801176e+08  1.863695e+03   5661891   1
       472   2.415180e+08  1.801284e+08  1.869243e+03   5673912   1
       473   3.745510e+08  1.802116e+08  1.874759e+03   5685933   1
       474   1.822982e+08  1.802701e+08  1.880243e+03   5697954   1
       475   2.474982e+08  1.803115e+08  1.885743e+03   5709975   1
       476   2.238241e+08  1.803601e+08  1.891243e+03   5721996   1
       477   5.207671e+08  1.804315e+08  1.896805e+03   5734017   1
       478   2.735597e+08  1.804748e+08  1.902352e+03   5746038   1
       479   1.938465e+08  1.805525e+08  1.907900e+03   5758059   1
       480   2.085643e+08  1.807126e+08  1.913417e+03   5770080   1
       481   1.557350e+08  1.807393e+08  1.918964e+03   5782101   1
       482   4.705766e+08  1.808696e+08  1.924543e+03   5794122   1
       483   2.000420e+08  1.808699e+08  1.930121e+03   5806143   1
       484   2.253565e+08  1.809854e+08  1.935637e+03   5818164   1
       485   2.511513e+08  1.811913e+08  1.941296e+03   5830185   1
       486   2.842485e+08  1.813309e+08  1.946921e+03   5842206   1
       487   1.560692e+08  1.813940e+08  1.952516e+03   5854227   1
       488   1.974968e+08  1.815088e+08  1.958063e+03   5866248   1
       489   1.548952e+08  1.815861e+08  1.963720e+03   5878269   1
       490   2.336671e+08  1.816506e+08  1.969330e+03   5890290   1
       491   1.775346e+08  1.817122e+08  1.974907e+03   5902311   1
       492   2.234404e+08  1.817395e+08  1.980548e+03   5914332   1
       493   2.844334e+08  1.818020e+08  1.986158e+03   5926353   1
       494   2.442679e+08  1.819049e+08  1.991813e+03   5938374   1
       495   3.308920e+08  1.819252e+08  1.997517e+03   5950395   1
       496   1.361809e+08  1.819535e+08  2.003188e+03   5962416   1
       497   2.153305e+08  1.819816e+08  2.008797e+03   5974437   1
       498   1.186447e+08  1.820385e+08  2.014517e+03   5986458   1
       499   2.172037e+08  1.821092e+08  2.020173e+03   5998479   1
       500   1.796361e+08  1.821583e+08  2.025845e+03   6010500   1
       501   2.230453e+08  1.821944e+08  2.031532e+03   6022521   1
       502   1.347488e+08  1.822276e+08  2.037220e+03   6034542   1
       503   6.648859e+08  1.822632e+08  2.042893e+03   6046563   1
       504   1.756020e+08  1.823131e+08  2.048642e+03   6058584   1
       505   3.019421e+08  1.824007e+08  2.054408e+03   6070605   1
       506   3.099835e+08  1.824246e+08  2.060176e+03   6082626   1
       507   2.384850e+08  1.825199e+08  2.065974e+03   6094647   1
       508   4.833621e+08  1.825461e+08  2.071756e+03   6106668   1
       509   3.002255e+08  1.825996e+08  2.077476e+03   6118689   1
       510   2.482412e+08  1.826021e+08  2.083272e+03   6130710   1
       511   1.434060e+08  1.826388e+08  2.088991e+03   6142731   1
       512   3.851691e+08  1.826750e+08  2.094835e+03   6154752   1
       513   2.347477e+08  1.827213e+08  2.100647e+03   6166773   1
       514   2.071915e+08  1.827784e+08  2.106506e+03   6178794   1
       515   2.214362e+08  1.828075e+08  2.112318e+03   6190815   1
       516   1.431394e+08  1.829178e+08  2.118194e+03   6202836   1
       517   1.883913e+08  1.829548e+08  2.124006e+03   6214857   1
       518   3.870128e+08  1.830988e+08  2.129787e+03   6226878   1
       519   4.557400e+08  1.831443e+08  2.135646e+03   6238899   1
       520   3.027647e+08  1.831882e+08  2.141474e+03   6250920   1
       521   2.489491e+08  1.832130e+08  2.147382e+03   6262941   1
       522   2.041151e+08  1.833025e+08  2.153287e+03   6274962   1
       523   1.640008e+08  1.833068e+08  2.159162e+03   6286983   1
       524   2.263391e+08  1.833353e+08  2.165084e+03   6299004   1
       525   2.223710e+08  1.833487e+08  2.170944e+03   6311025   1
       526   3.955247e+08  1.834086e+08  2.176897e+03   6323046   1
       527   4.086888e+08  1.834808e+08  2.182850e+03   6335067   1
       528   2.779531e+08  1.835213e+08  2.188802e+03   6347088   1
       529   3.219290e+08  1.835687e+08  2.194630e+03   6359109   1
       530   1.739153e+08  1.836002e+08  2.200568e+03   6371130   1
       531   4.909695e+08  1.837010e+08  2.206506e+03   6383151   1
       532   2.383675e+08  1.837360e+08  2.212459e+03   6395172   1
       533   3.550481e+08  1.837748e+08  2.218396e+03   6407193   1
       534   1.668583e+08  1.838076e+08  2.224240e+03   6419214   1
       535   4.303426e+08  1.838366e+08  2.230208e+03   6431235   1
       536   2.196150e+08  1.838595e+08  2.236162e+03   6443256   1
       537   2.112976e+08  1.838878e+08  2.242115e+03   6455277   1
       538   1.832108e+08  1.839174e+08  2.248131e+03   6467298   1
       539   1.578023e+08  1.841648e+08  2.254209e+03   6479319   1
       540   2.669297e+08  1.841942e+08  2.260224e+03   6491340   1
       541   1.889278e+08  1.842512e+08  2.266225e+03   6503361   1
       542   6.627616e+08  1.842515e+08  2.272194e+03   6515382   1
       543   2.823657e+08  1.843037e+08  2.278318e+03   6527403   1
       544   2.123842e+08  1.843407e+08  2.284333e+03   6539424   1
       545   1.680605e+08  1.843634e+08  2.290364e+03   6551445   1
       546   1.624727e+08  1.844915e+08  2.296366e+03   6563466   1
       547   1.753840e+08  1.845068e+08  2.302429e+03   6575487   1
       548   3.049306e+08  1.845283e+08  2.308538e+03   6587508   1
       549   4.946196e+08  1.845578e+08  2.314585e+03   6599529   1
       550   1.951267e+08  1.845687e+08  2.320757e+03   6611550   1
       551   2.767611e+08  1.846069e+08  2.326898e+03   6623571   1
       552   2.820239e+08  1.846925e+08  2.332993e+03   6635592   1
       553   1.893289e+08  1.847164e+08  2.339009e+03   6647613   1
       554   2.257438e+08  1.847618e+08  2.345102e+03   6659634   1
       555   2.020119e+08  1.848343e+08  2.351133e+03   6671655   1
       556   3.448375e+08  1.848844e+08  2.357227e+03   6683676   1
       557   2.325854e+08  1.849036e+08  2.363258e+03   6695697   1
       558   7.853588e+08  1.849279e+08  2.369368e+03   6707718   1
       559   3.795580e+08  1.849813e+08  2.375510e+03   6719739   1
       560   2.315651e+08  1.849861e+08  2.381635e+03   6731760   1
       561   2.307792e+08  1.850873e+08  2.387743e+03   6743781   1
       562   2.586512e+08  1.850958e+08  2.393947e+03   6755802   1
       563   2.716047e+08  1.851106e+08  2.400103e+03   6767823   1
       564   2.439530e+08  1.851734e+08  2.406228e+03   6779844   1
       565   3.191556e+08  1.852478e+08  2.412433e+03   6791865   1
       566   1.319666e+08  1.852668e+08  2.418527e+03   6803886   1
       567   2.685993e+08  1.853889e+08  2.424699e+03   6815907   1
       568   2.270503e+08  1.854236e+08  2.430886e+03   6827928   1
       569   1.884301e+08  1.854582e+08  2.436979e+03   6839949   1
       570   4.050873e+08  1.854689e+08  2.443198e+03   6851970   1
       571   2.527167e+08  1.854736e+08  2.449417e+03   6863991   1
       572   1.968977e+08  1.855073e+08  2.455653e+03   6876012   1
       573   2.058267e+08  1.855302e+08  2.461903e+03   6888033   1
       574   2.437278e+08  1.855452e+08  2.468121e+03   6900054   1
       575   2.430631e+08  1.856064e+08  2.474386e+03   6912075   1
       576   6.454334e+08  1.857401e+08  2.480683e+03   6924096   1
       577   6.022358e+08  1.857625e+08  2.486949e+03   6936117   1
       578   1.467668e+08  1.857994e+08  2.493183e+03   6948138   1
       579   4.467296e+08  1.858076e+08  2.499590e+03   6960159   1
       580   1.101209e+08  1.858208e+08  2.505888e+03   6972180   1
       581   1.225691e+08  1.858391e+08  2.512185e+03   6984201   1
       582   3.086262e+08  1.859657e+08  2.518481e+03   6996222   1
       583   3.040774e+08  1.859725e+08  2.524731e+03   7008243   1
       584   2.926681e+08  1.860170e+08  2.531012e+03   7020264   1
       585   4.217357e+08  1.860212e+08  2.537340e+03   7032285   1
       586   2.028456e+08  1.860355e+08  2.543668e+03   7044306   1
       587   1.625463e+08  1.860597e+08  2.550043e+03   7056327   1
       588   5.157542e+08  1.862252e+08  2.556402e+03   7068348   1
       589   1.092708e+08  1.863401e+08  2.562699e+03   7080369   1
       590   4.095439e+08  1.863834e+08  2.569089e+03   7092390   1
       591   2.008457e+08  1.864437e+08  2.575386e+03   7104411   1
       592   1.470780e+08  1.864766e+08  2.581777e+03   7116432   1
       593   2.274386e+08  1.865664e+08  2.588106e+03   7128453   1
       594   2.264669e+08  1.866069e+08  2.594434e+03   7140474   1
       595   1.974117e+08  1.866644e+08  2.600871e+03   7152495   1
       596   1.272570e+08  1.866766e+08  2.607246e+03   7164516   1
       597   1.995110e+08  1.866881e+08  2.613574e+03   7176537   1
       598   2.595382e+08  1.867308e+08  2.619933e+03   7188558   1
       599   8.215719e+08  1.867569e+08  2.626370e+03   7200579   1
       600   2.169069e+08  1.868018e+08  2.632839e+03   7212600   1
       601   2.598135e+08  1.868134e+08  2.639198e+03   7224621   1
       602   8.267853e+08  1.868488e+08  2.645574e+03   7236642   1
       603   2.579608e+08  1.868954e+08  2.651917e+03   7248663   1
       604   1.993210e+08  1.869587e+08  2.658387e+03   7260684   1
       605   2.573627e+08  1.870575e+08  2.664808e+03   7272705   1
       606   1.991853e+08  1.870662e+08  2.671198e+03   7284726   1
       607   1.565350e+08  1.870947e+08  2.677543e+03   7296747   1
       608   4.344500e+08  1.871841e+08  2.684012e+03   7308768   1
       609   2.469265e+08  1.871862e+08  2.690435e+03   7320789   1
       610   2.556281e+08  1.872580e+08  2.696937e+03   7332810   1
       611   2.171303e+08  1.872726e+08  2.703453e+03   7344831   1
       612   2.387632e+08  1.873906e+08  2.709985e+03   7356852   1
       613   3.124891e+08  1.874247e+08  2.716485e+03   7368873   1
       614   3.287604e+08  1.874526e+08  2.723049e+03   7380894   1
       615   1.687589e+08  1.874920e+08  2.729472e+03   7392915   1
       616   1.638833e+08  1.875148e+08  2.735972e+03   7404936   1
       617   1.659899e+08  1.875578e+08  2.742456e+03   7416957   1
       618   3.288749e+08  1.876400e+08  2.749035e+03   7428978   1
       619   1.559585e+08  1.876615e+08  2.755583e+03   7440999   1
       620   1.992362e+08  1.876972e+08  2.762083e+03   7453020   1
       621   3.562160e+08  1.877426e+08  2.768569e+03   7465041   1
       622   3.284881e+08  1.877688e+08  2.775165e+03   7477062   1
       623   3.355456e+08  1.877961e+08  2.781806e+03   7489083   1
       624   2.121619e+08  1.878490e+08  2.788448e+03   7501104   1
       625   2.206958e+08  1.878747e+08  2.795012e+03   7513125   1
       626   1.477356e+08  1.879202e+08  2.801544e+03   7525146   1
       627   2.808683e+08  1.880280e+08  2.808140e+03   7537167   1
       628   2.026186e+08  1.881083e+08  2.814749e+03   7549188   1
       629   7.697052e+08  1.881683e+08  2.821342e+03   7561209   1
       630   2.105925e+08  1.882149e+08  2.828014e+03   7573230   1
       631   2.793070e+08  1.882373e+08  2.834544e+03   7585251   1
       632   3.222852e+08  1.882630e+08  2.841169e+03   7597272   1
       633   4.067852e+08  1.882683e+08  2.847856e+03   7609293   1
       634   3.260013e+08  1.883116e+08  2.854497e+03   7621314   1
       635   3.945261e+08  1.883307e+08  2.861122e+03   7633335   1
       636   2.324255e+08  1.883529e+08  2.867826e+03   7645356   1
       637   1.803728e+08  1.883882e+08  2.874529e+03   7657377   1
       638   2.794056e+08  1.884137e+08  2.881139e+03   7669398   1
       639   2.452650e+08  1.884602e+08  2.887841e+03   7681419   1
       640   2.898471e+08  1.885054e+08  2.894436e+03   7693440   1
       641   1.504907e+08  1.885643e+08  2.901124e+03   7705461   1
       642   1.891192e+08  1.885885e+08  2.907874e+03   7717482   1
       643   1.717279e+08  1.886569e+08  2.914577e+03   7729503   1
       644   2.573840e+08  1.887006e+08  2.921187e+03   7741524   1
       645   7.091328e+08  1.887353e+08  2.927891e+03   7753545   1
       646   4.375408e+08  1.887596e+08  2.934579e+03   7765566   1
       647   1.611031e+08  1.887636e+08  2.941251e+03   7777587   1
       648   1.252723e+08  1.888203e+08  2.948047e+03   7789608   1
       649   2.152666e+08  1.888658e+08  2.954736e+03   7801629   1
       650   1.880066e+08  1.889146e+08  2.961517e+03   7813650   1
       651   2.673349e+08  1.889463e+08  2.968205e+03   7825671   1
       652   1.746347e+08  1.889693e+08  2.974816e+03   7837692   1
       653   2.042532e+08  1.890118e+08  2.981520e+03   7849713   1
       654   3.550694e+08  1.891393e+08  2.988208e+03   7861734   1
       655   1.780350e+08  1.892021e+08  2.994989e+03   7873755   1
       656   1.683579e+08  1.893521e+08  3.001724e+03   7885776   1
       657   4.705856e+08  1.893825e+08  3.008505e+03   7897797   1
       658   1.636216e+08  1.894190e+08  3.015286e+03   7909818   1
       659   4.174401e+08  1.895061e+08  3.022005e+03   7921839   1
       660   4.130480e+08  1.895640e+08  3.028771e+03   7933860   1
       661   2.289729e+08  1.895768e+08  3.035584e+03   7945881   1
       662   2.071680e+08  1.896248e+08  3.042381e+03   7957902   1
       663   2.171722e+08  1.896422e+08  3.049116e+03   7969923   1
       664   3.396219e+08  1.896794e+08  3.055959e+03   7981944   1
       665   2.487833e+08  1.896850e+08  3.062725e+03   7993965   1
       666   4.770781e+08  1.896964e+08  3.069584e+03   8005986   1
       667   4.476269e+08  1.897239e+08  3.076506e+03   8018007   1
       668   1.722882e+08  1.897639e+08  3.083380e+03   8030028   1
       669   1.130241e+08  1.898091e+08  3.090255e+03   8042049   1
       670   2.142337e+08  1.898254e+08  3.097114e+03   8054070   1
       671   2.595944e+08  1.899018e+08  3.104036e+03   8066091   1
       672   1.523932e+08  1.899397e+08  3.110989e+03   8078112   1
       673   2.256460e+08  1.899902e+08  3.117866e+03   8090133   1
       674   2.939711e+08  1.899999e+08  3.124709e+03   8102154   1
       675   2.593861e+08  1.900249e+08  3.131570e+03   8114175   1
       676   5.871699e+08  1.900375e+08  3.138570e+03   8126196   1
       677   2.158641e+08  1.900435e+08  3.145447e+03   8138217   1
       678   5.290912e+08  1.901013e+08  3.152431e+03   8150238   1
       679   1.742512e+08  1.901575e+08  3.159447e+03   8162259   1
       680   3.300248e+08  1.901844e+08  3.166416e+03   8174280   1
       681   1.857152e+08  1.902426e+08  3.173292e+03   8186301   1
       682   3.315247e+08  1.902787e+08  3.180213e+03   8198322   1
       683   2.437449e+08  1.903037e+08  3.187152e+03   8210343   1
       684   2.083947e+08  1.903377e+08  3.194058e+03   8222364   1
       685   2.670411e+08  1.903490e+08  3.201105e+03   8234385   1
       686   4.062825e+08  1.903895e+08  3.208074e+03   8246406   1
       687   3.327350e+08  1.904048e+08  3.215057e+03   8258427   1
       688   2.436916e+08  1.904561e+08  3.222011e+03   8270448   1
       689   1.958652e+08  1.904996e+08  3.228964e+03   8282469   1
       690   2.914632e+08  1.905253e+08  3.235980e+03   8294490   1
       691   2.674290e+08  1.905273e+08  3.243089e+03   8306511   1
       692   1.556914e+08  1.905707e+08  3.250106e+03   8318532   1
       693   2.557757e+08  1.905843e+08  3.257075e+03   8330553   1
       694   1.365912e+08  1.906264e+08  3.264169e+03   8342574   1
       695   3.300997e+08  1.906290e+08  3.271200e+03   8354595   1
       696   1.470102e+08  1.906681e+08  3.278108e+03   8366616   1
       697   2.174352e+08  1.906698e+08  3.285232e+03   8378637   1
       698   3.548265e+08  1.907181e+08  3.292233e+03   8390658   1
       699   2.322344e+08  1.907189e+08  3.299311e+03   8402679   1
       700   3.212365e+08  1.907528e+08  3.306438e+03   8414700   1
       701   2.899482e+08  1.907531e+08  3.313422e+03   8426721   1
       702   2.469689e+08  1.908636e+08  3.320516e+03   8438742   1
       703   1.904859e+08  1.908850e+08  3.327673e+03   8450763   1
       704   3.822687e+08  1.908851e+08  3.334658e+03   8462784   1
       705   2.463519e+08  1.909445e+08  3.341689e+03   8474805   1
       706   1.608048e+08  1.909702e+08  3.348955e+03   8486826   1
       707   1.904084e+08  1.909999e+08  3.356001e+03   8498847   1
       708   1.882360e+08  1.910083e+08  3.363095e+03   8510868   1
       709   1.886648e+08  1.910460e+08  3.370204e+03   8522889   1
       710   5.232595e+08  1.910973e+08  3.377314e+03   8534910   1
       711   1.683003e+08  1.911232e+08  3.384426e+03   8546931   1
       712   2.133053e+08  1.911665e+08  3.391552e+03   8558952   1
       713   1.674304e+08  1.911666e+08  3.398692e+03   8570973   1
       714   5.148043e+08  1.912121e+08  3.405913e+03   8582994   1
       715   2.309559e+08  1.912382e+08  3.413163e+03   8595015   1
       716   4.522938e+08  1.912707e+08  3.420240e+03   8607036   1
       717   2.307902e+08  1.913230e+08  3.427396e+03   8619057   1
       718   1.478293e+08  1.913362e+08  3.434631e+03   8631078   1
       719   1.790532e+08  1.913544e+08  3.441850e+03   8643099   1
       720   3.143154e+08  1.913791e+08  3.449146e+03   8655120   1
       721   2.625805e+08  1.914449e+08  3.456366e+03   8667141   1
       722   2.163520e+08  1.915029e+08  3.463554e+03   8679162   1
       723   6.119757e+08  1.915342e+08  3.470742e+03   8691183   1
       724   5.462817e+08  1.915442e+08  3.477945e+03   8703204   1
       725   2.284356e+08  1.915616e+08  3.485259e+03   8715225   1
       726   2.849921e+08  1.915666e+08  3.492526e+03   8727246   1
       727   2.928676e+08  1.915838e+08  3.499713e+03   8739267   1
       728   2.962772e+08  1.916240e+08  3.507010e+03   8751288   1
       729   1.755818e+08  1.916401e+08  3.514323e+03   8763309   1
       730   1.444049e+08  1.916583e+08  3.521573e+03   8775330   1
       731   1.484078e+08  1.916731e+08  3.528949e+03   8787351   1
       732   2.740133e+08  1.916807e+08  3.536231e+03   8799372   1
       733   1.515868e+08  1.916947e+08  3.543466e+03   8811393   1
       734   2.907838e+08  1.917504e+08  3.550793e+03   8823414   1
       735   6.037145e+08  1.917660e+08  3.558137e+03   8835435   1
       736   2.290572e+08  1.917982e+08  3.565403e+03   8847456   1
       737   4.265708e+08  1.918373e+08  3.572715e+03   8859477   1
       738   2.037312e+08  1.918967e+08  3.579949e+03   8871498   1
       739   5.011188e+08  1.919523e+08  3.587263e+03   8883519   1
       740   5.157945e+08  1.919601e+08  3.594578e+03   8895540   1
       741   1.842038e+08  1.919929e+08  3.602017e+03   8907561   1
       742   3.784268e+08  1.919936e+08  3.609314e+03   8919582   1
       743   2.724823e+08  1.920618e+08  3.616721e+03   8931603   1
       744   4.957835e+08  1.921010e+08  3.624096e+03   8943624   1
       745   2.721690e+08  1.921288e+08  3.631363e+03   8955645   1
       746   2.021283e+08  1.922019e+08  3.638706e+03   8967666   1
       747   2.424003e+08  1.922558e+08  3.646036e+03   8979687   1
       748   1.695534e+08  1.922655e+08  3.653380e+03   8991708   1
       749   2.486541e+08  1.923106e+08  3.660754e+03   9003729   1
       750   1.638435e+08  1.923265e+08  3.668160e+03   9015750   1
       751   2.752215e+08  1.923511e+08  3.675615e+03   9027771   1
       752   7.477604e+08  1.924233e+08  3.682959e+03   9039792   1
       753   3.844542e+08  1.924601e+08  3.690429e+03   9051813   1
       754   2.843674e+08  1.925163e+08  3.697851e+03   9063834   1
       755   2.161605e+08  1.925510e+08  3.705243e+03   9075855   1
       756   1.713093e+08  1.925595e+08  3.712727e+03   9087876   1
       757   3.149866e+08  1.926133e+08  3.720165e+03   9099897   1
       758   1.816039e+08  1.926145e+08  3.727539e+03   9111918   1
       759   2.007441e+08  1.926591e+08  3.735102e+03   9123939   1
       760   5.689065e+08  1.926599e+08  3.742602e+03   9135960   1
       761   2.135800e+08  1.927395e+08  3.750135e+03   9147981   1
       762   2.296187e+08  1.927690e+08  3.757635e+03   9160002   1
       763   2.511314e+08  1.927741e+08  3.765166e+03   9172023   1
       764   2.293745e+08  1.928216e+08  3.772650e+03   9184044   1
       765   1.551558e+08  1.928633e+08  3.780151e+03   9196065   1
       766   1.434143e+08  1.929224e+08  3.787635e+03   9208086   1
       767   3.120211e+08  1.929686e+08  3.795197e+03   9220107   1
       768   2.491058e+08  1.929828e+08  3.802744e+03   9232128   1
       769   1.842750e+08  1.930077e+08  3.810274e+03   9244149   1
       770   1.613152e+08  1.930200e+08  3.817758e+03   9256170   1
       771   3.895256e+08  1.930474e+08  3.825320e+03   9268191   1
       772   2.650757e+08  1.930790e+08  3.832945e+03   9280212   1
       773   2.755895e+08  1.931271e+08  3.840508e+03   9292233   1
       774   2.783945e+08  1.931345e+08  3.848071e+03   9304254   1
       775   3.636772e+08  1.932393e+08  3.855711e+03   9316275   1
       776   3.995430e+08  1.932800e+08  3.863242e+03   9328296   1
       777   8.042850e+08  1.933271e+08  3.870680e+03   9340317   1
       778   2.787373e+08  1.933382e+08  3.878227e+03   9352338   1
       779   2.411555e+08  1.933552e+08  3.885791e+03   9364359   1
       780   1.699590e+08  1.933665e+08  3.893525e+03   9376380   1
       781   1.622877e+08  1.933978e+08  3.901275e+03   9388401   1
       782   2.020136e+08  1.934381e+08  3.908981e+03   9400422   1
       783   3.715474e+08  1.934505e+08  3.916762e+03   9412443   1
       784   2.860377e+08  1.934780e+08  3.924246e+03   9424464   1
       785   2.252039e+08  1.934832e+08  3.931871e+03   9436485   1
       786   1.476551e+08  1.935098e+08  3.939559e+03   9448506   1
       787   3.763114e+08  1.935620e+08  3.947263e+03   9460527   1
       788   5.192362e+08  1.935646e+08  3.954920e+03   9472548   1
       789   2.840636e+08  1.936515e+08  3.962670e+03   9484569   1
       790   6.037279e+08  1.937052e+08  3.970234e+03   9496590   1
       791   1.993782e+08  1.937566e+08  3.977828e+03   9508611   1
       792   2.315156e+08  1.937749e+08  3.985547e+03   9520632   1
       793   3.122209e+08  1.937979e+08  3.993221e+03   9532653   1
       794   1.579922e+08  1.938098e+08  4.000971e+03   9544674   1
       795   2.977053e+08  1.938517e+08  4.008769e+03   9556695   1
       796   1.750362e+08  1.938755e+08  4.016565e+03   9568716   1
       797   2.966389e+08  1.938955e+08  4.024160e+03   9580737   1
       798   3.939853e+08  1.939406e+08  4.031816e+03   9592758   1
       799   6.314773e+08  1.939517e+08  4.039676e+03   9604779   1
       800   2.824552e+08  1.940198e+08  4.047472e+03   9616800   1
       801   3.053550e+08  1.940268e+08  4.055271e+03   9628821   1
       802   2.715806e+08  1.940293e+08  4.062990e+03   9640842   1
       803   3.118478e+08  1.940497e+08  4.070835e+03   9652863   1
       804   3.227542e+08  1.940500e+08  4.078616e+03   9664884   1
       805   2.995316e+08  1.940888e+08  4.086459e+03   9676905   1
       806   2.338136e+08  1.941180e+08  4.094365e+03   9688926   1
       807   2.573512e+08  1.942286e+08  4.102224e+03   9700947   1
       808   2.171067e+08  1.942509e+08  4.110146e+03   9712968   1
       809   2.137549e+08  1.942795e+08  4.118068e+03   9724989   1
       810   2.153642e+08  1.943063e+08  4.126146e+03   9737010   1
       811   2.252999e+08  1.943634e+08  4.134177e+03   9749031   1
       812   2.770637e+08  1.943922e+08  4.142303e+03   9761052   1
       813   1.654166e+08  1.944214e+08  4.150318e+03   9773073   1
       814   2.588834e+08  1.944664e+08  4.158397e+03   9785094   1
       815   3.444908e+08  1.944817e+08  4.166523e+03   9797115   1
       816   1.472650e+08  1.944881e+08  4.174571e+03   9809136   1
       817   1.197384e+08  1.945344e+08  4.182711e+03   9821157   1
       818   1.534327e+08  1.945586e+08  4.190790e+03   9833178   1
       819   6.648848e+08  1.945639e+08  4.198805e+03   9845199   1
       820   2.284381e+08  1.946061e+08  4.206806e+03   9857220   1
       821   4.205216e+08  1.946748e+08  4.214962e+03   9869241   1
       822   1.280122e+08  1.946995e+08  4.222996e+03   9881262   1
       823   1.463162e+08  1.947006e+08  4.231121e+03   9893283   1
       824   4.090667e+08  1.947154e+08  4.239261e+03   9905304   1
       825   1.793502e+08  1.947202e+08  4.247404e+03   9917325   1
       826   8.220802e+08  1.947983e+08  4.255435e+03   9929346   1
       827   2.013840e+08  1.948528e+08  4.263623e+03   9941367   1
       828   2.311096e+08  1.948556e+08  4.271763e+03   9953388   1
       829   2.012229e+08  1.949148e+08  4.279872e+03   9965409   1
       830   2.871525e+08  1.949235e+08  4.288137e+03   9977430   1
       831   2.311092e+08  1.949252e+08  4.296324e+03   9989451   1
       832   3.118298e+08  1.949916e+08  4.304435e+03  10001472   1
       833   2.305437e+08  1.950098e+08  4.312654e+03  10013493   1
       834   2.861514e+08  1.950228e+08  4.320812e+03  10025514   1
       835   1.330685e+08  1.950233e+08  4.329001e+03  10037535   1
       836   2.262367e+08  1.950538e+08  4.337313e+03  10049556   1
       837   1.362854e+08  1.950901e+08  4.345531e+03  10061577   1
       838   1.409258e+08  1.951199e+08  4.353798e+03  10073598   1
       839   2.600357e+08  1.951774e+08  4.361985e+03  10085619   1
       840   2.746977e+08  1.952439e+08  4.370281e+03  10097640   1
       841   2.117878e+08  1.952622e+08  4.378612e+03  10109661   1
       842   2.864485e+08  1.952698e+08  4.386971e+03  10121682   1
       843   2.248372e+08  1.953174e+08  4.395254e+03  10133703   1
       844   5.410370e+08  1.953510e+08  4.403646e+03  10145724   1
       845   3.852831e+08  1.953605e+08  4.411865e+03  10157745   1
       846   2.556627e+08  1.954054e+08  4.420179e+03  10169766   1
       847   7.712624e+08  1.954458e+08  4.428523e+03  10181787   1
       848   3.406334e+08  1.954556e+08  4.436920e+03  10193808   1
       849   1.608015e+08  1.955117e+08  4.445275e+03  10205829   1
       850   1.873315e+08  1.955302e+08  4.453698e+03  10217850   1
       851   2.410791e+08  1.955867e+08  4.462012e+03  10229871   1
       852   1.894700e+08  1.955995e+08  4.470403e+03  10241892   1
       853   1.750883e+08  1.956533e+08  4.478794e+03  10253913   1
       854   3.553616e+08  1.956547e+08  4.487216e+03  10265934   1
       855   1.937038e+08  1.957030e+08  4.495638e+03  10277955   1
       856   2.502137e+08  1.957043e+08  4.504043e+03  10289976   1
       857   1.616945e+08  1.957828e+08  4.512498e+03  10301997   1
       858   3.655196e+08  1.957835e+08  4.520874e+03  10314018   1
       859   2.539334e+08  1.958348e+08  4.529343e+03  10326039   1
       860   2.133416e+08  1.958437e+08  4.537781e+03  10338060   1
       861   1.726433e+08  1.958768e+08  4.546264e+03  10350081   1
       862   2.679429e+08  1.959248e+08  4.554782e+03  10362102   1
       863   1.662739e+08  1.959583e+08  4.563236e+03  10374123   1
       864   1.335542e+08  1.959644e+08  4.571737e+03  10386144   1
       865   3.226575e+08  1.959809e+08  4.580159e+03  10398165   1
       866   4.018195e+08  1.959862e+08  4.588658e+03  10410186   1
       867   1.975709e+08  1.959935e+08  4.597175e+03  10422207   1
       868   1.917696e+08  1.960039e+08  4.605691e+03  10434228   1
       869   2.120616e+08  1.960345e+08  4.614052e+03  10446249   1
       870   4.410932e+08  1.960500e+08  4.622553e+03  10458270   1
       871   2.480276e+08  1.960535e+08  4.631100e+03  10470291   1
       872   3.380410e+08  1.960763e+08  4.639616e+03  10482312   1
       873   3.323138e+08  1.960982e+08  4.648241e+03  10494333   1
       874   1.779189e+08  1.961022e+08  4.656850e+03  10506354   1
       875   2.576207e+08  1.961359e+08  4.665445e+03  10518375   1
       876   3.018918e+08  1.961448e+08  4.673976e+03  10530396   1
       877   1.989372e+08  1.961775e+08  4.682666e+03  10542417   1
       878   2.019163e+08  1.962116e+08  4.691228e+03  10554438   1
       879   3.619532e+08  1.962220e+08  4.699884e+03  10566459   1
       880   2.340746e+08  1.962489e+08  4.708415e+03  10578480   1
       881   2.245252e+08  1.962516e+08  4.716932e+03  10590501   1
       882   5.487015e+08  1.962729e+08  4.725573e+03  10602522   1
       883   6.615824e+08  1.962848e+08  4.734089e+03  10614543   1
       884   3.535640e+08  1.962952e+08  4.742808e+03  10626564   1
       885   5.246210e+08  1.963170e+08  4.751574e+03  10638585   1
       886   2.778305e+08  1.963352e+08  4.760199e+03  10650606   1
       887   5.836701e+08  1.963473e+08  4.768887e+03  10662627   1
       888   1.538827e+08  1.963698e+08  4.777590e+03  10674648   1
       889   2.046090e+08  1.963926e+08  4.786217e+03  10686669   1
       890   5.751041e+08  1.963982e+08  4.794937e+03  10698690   1
       891   2.254062e+08  1.964226e+08  4.803578e+03  10710711   1
       892   1.752765e+08  1.964500e+08  4.812390e+03  10722732   1
       893   1.350662e+08  1.964589e+08  4.821079e+03  10734753   1
       894   1.311454e+08  1.964666e+08  4.829719e+03  10746774   1
       895   6.203754e+08  1.964976e+08  4.838329e+03  10758795   1
       896   6.954863e+08  1.965073e+08  4.846956e+03  10770816   1
       897   1.417622e+08  1.965202e+08  4.855597e+03  10782837   1
       898   2.081681e+08  1.965372e+08  4.864366e+03  10794858   1
       899   2.793923e+08  1.965573e+08  4.873164e+03  10806879   1
       900   3.380892e+08  1.965795e+08  4.881898e+03  10818900   1
       901   1.986011e+08  1.966156e+08  4.890758e+03  10830921   1
       902   2.466234e+08  1.966420e+08  4.899526e+03  10842942   1
       903   2.262900e+08  1.966525e+08  4.908230e+03  10854963   1
       904   2.159274e+08  1.966590e+08  4.917135e+03  10866984   1
       905   1.502705e+08  1.966921e+08  4.925871e+03  10879005   1
       906   4.177690e+08  1.967104e+08  4.934699e+03  10891026   1
       907   1.526403e+08  1.967179e+08  4.943481e+03  10903047   1
       908   1.828926e+08  1.967516e+08  4.952452e+03  10915068   1
       909   2.760636e+08  1.967566e+08  4.961186e+03  10927089   1
       910   2.109935e+08  1.967572e+08  4.970061e+03  10939110   1
       911   3.921548e+08  1.967809e+08  4.978828e+03  10951131   1
       912   3.212126e+08  1.968052e+08  4.987718e+03  10963152   1
       913   3.016495e+08  1.968058e+08  4.996626e+03  10975173   1
       914   2.961459e+08  1.968337e+08  5.005564e+03  10987194   1
       915   2.244615e+08  1.968768e+08  5.014330e+03  10999215   1
       916   1.583026e+08  1.968770e+08  5.023409e+03  11011236   1
       917   2.621734e+08  1.968910e+08  5.032362e+03  11023257   1
       918   2.635500e+08  1.969251e+08  5.041222e+03  11035278   1
       919   2.032753e+08  1.969349e+08  5.050206e+03  11047299   1
       920   3.313921e+08  1.969751e+08  5.058973e+03  11059320   1
       921   1.850302e+08  1.970103e+08  5.067958e+03  11071341   1
       922   1.478427e+08  1.970298e+08  5.076944e+03  11083362   1
       923   1.313022e+08  1.970424e+08  5.085837e+03  11095383   1
       924   2.560796e+08  1.970559e+08  5.094838e+03  11107404   1
       925   2.249733e+08  1.970665e+08  5.103902e+03  11119425   1
       926   2.026123e+08  1.971389e+08  5.112840e+03  11131446   1
       927   2.609144e+08  1.971753e+08  5.121795e+03  11143467   1
       928   2.344547e+08  1.972059e+08  5.130750e+03  11155488   1
       929   1.423473e+08  1.972156e+08  5.139704e+03  11167509   1
       930   1.676113e+08  1.972743e+08  5.148768e+03  11179530   1
       931   2.515648e+08  1.973098e+08  5.157815e+03  11191551   1
       932   2.206485e+08  1.973255e+08  5.166815e+03  11203572   1
       933   9.619850e+07  1.973476e+08  5.175877e+03  11215593   1
       934   4.189961e+08  1.973859e+08  5.184909e+03  11227614   1
       935   2.574600e+08  1.974056e+08  5.193893e+03  11239635   1
       936   1.640522e+08  1.974302e+08  5.202988e+03  11251656   1
       937   2.493017e+08  1.974510e+08  5.212050e+03  11263677   1
       938   5.984051e+08  1.974728e+08  5.221112e+03  11275698   1
       939   4.581760e+08  1.974772e+08  5.230363e+03  11287719   1
       940   3.337037e+08  1.975021e+08  5.239503e+03  11299740   1
       941   1.745173e+08  1.975439e+08  5.248753e+03  11311761   1
       942   2.465906e+08  1.975583e+08  5.257989e+03  11323782   1
       943   1.610782e+08  1.975757e+08  5.266990e+03  11335803   1
       944   2.437627e+08  1.975919e+08  5.276038e+03  11347824   1
       945   3.694731e+08  1.976044e+08  5.285116e+03  11359845   1
       946   1.831136e+08  1.976211e+08  5.294272e+03  11371866   1
       947   2.446536e+08  1.976373e+08  5.303446e+03  11383887   1
       948   1.708213e+08  1.976896e+08  5.312570e+03  11395908   1
       949   2.657644e+08  1.977056e+08  5.321664e+03  11407929   1
       950   1.478407e+08  1.977257e+08  5.330962e+03  11419950   1
       951   1.849857e+08  1.977456e+08  5.340056e+03  11431971   1
       952   1.493210e+08  1.977555e+08  5.349213e+03  11443992   1
       953   1.980077e+08  1.977843e+08  5.358355e+03  11456013   1
       954   2.590920e+08  1.978262e+08  5.367557e+03  11468034   1
       955   3.341943e+08  1.978521e+08  5.376857e+03  11480055   1
       956   2.598541e+08  1.978856e+08  5.386076e+03  11492076   1
       957   3.361587e+08  1.979201e+08  5.395294e+03  11504097   1
       958   2.658350e+08  1.979693e+08  5.404326e+03  11516118   1
       959   3.176457e+08  1.979906e+08  5.413545e+03  11528139   1
       960   7.176038e+08  1.980142e+08  5.422592e+03  11540160   1
       961   1.485676e+08  1.980467e+08  5.431826e+03  11552181   1
       962   1.345461e+08  1.980822e+08  5.441060e+03  11564202   1
       963   2.082320e+08  1.981161e+08  5.450297e+03  11576223   1
       964   4.354855e+08  1.982135e+08  5.459578e+03  11588244   1
       965   1.703798e+08  1.982727e+08  5.468921e+03  11600265   1
       966   1.555657e+08  1.982940e+08  5.478236e+03  11612286   1
       967   1.796597e+08  1.983031e+08  5.487595e+03  11624307   1
       968   1.319860e+08  1.983393e+08  5.496801e+03  11636328   1
       969   4.557211e+08  1.983476e+08  5.506085e+03  11648349   1
       970   2.231011e+08  1.984145e+08  5.515319e+03  11660370   1
       971   2.847881e+08  1.984720e+08  5.524665e+03  11672391   1
       972   3.665748e+08  1.984873e+08  5.533965e+03  11684412   1
       973   2.874058e+08  1.985124e+08  5.543355e+03  11696433   1
       974   2.390939e+08  1.985261e+08  5.552717e+03  11708454   1
       975   3.211920e+08  1.985374e+08  5.561967e+03  11720475   1
       976   2.483131e+08  1.985437e+08  5.571388e+03  11732496   1
       977   3.784445e+08  1.985716e+08  5.580763e+03  11744517   1
       978   2.034886e+08  1.986226e+08  5.590153e+03  11756538   1
       979   2.260870e+08  1.986402e+08  5.599544e+03  11768559   1
       980   1.795865e+08  1.986853e+08  5.608731e+03  11780580   1
       981   1.844857e+08  1.987251e+08  5.617949e+03  11792601   1
       982   2.768430e+08  1.987629e+08  5.627453e+03  11804622   1
       983   4.267791e+08  1.987805e+08  5.636734e+03  11816643   1
       984   9.948907e+07  1.988184e+08  5.646249e+03  11828664   1
       985   4.848705e+08  1.988619e+08  5.655657e+03  11840685   1
       986   2.097086e+08  1.989674e+08  5.665204e+03  11852706   1
       987   2.974742e+08  1.989962e+08  5.674719e+03  11864727   1
       988   1.323766e+08  1.989994e+08  5.684110e+03  11876748   1
       989   6.206138e+08  1.990360e+08  5.693547e+03  11888769   1
       990   1.981992e+08  1.990554e+08  5.703031e+03  11900790   1
       991   3.736256e+08  1.990975e+08  5.712468e+03  11912811   1
       992   3.024472e+08  1.991267e+08  5.721860e+03  11924832   1
       993   2.400250e+08  1.991510e+08  5.731439e+03  11936853   1
       994   2.753672e+08  1.992119e+08  5.741064e+03  11948874   1
       995   2.559910e+08  1.992504e+08  5.750532e+03  11960895   1
       996   3.746557e+08  1.992657e+08  5.759954e+03  11972916   1
       997   4.032203e+08  1.993206e+08  5.769516e+03  11984937   1
       998   2.216640e+08  1.994024e+08  5.779032e+03  11996958   1
       999   6.595140e+08  1.994218e+08  5.788537e+03  12008979   1
      1000   2.723478e+08  1.994798e+08  5.798131e+03  12021000   1
      1001   1.422889e+08  1.995021e+08  5.807755e+03  12033021   1
      1002   2.452054e+08  1.995748e+08  5.817305e+03  12045042   1
      1003   3.295170e+08  1.995887e+08  5.826821e+03  12057063   1
      1004   3.144515e+08  1.996008e+08  5.836399e+03  12069084   1
      1005   4.339041e+08  1.996181e+08  5.845854e+03  12081105   1
      1006   2.739039e+08  1.996308e+08  5.855495e+03  12093126   1
      1007   2.845183e+08  1.996539e+08  5.865088e+03  12105147   1
      1008   1.961012e+08  1.996625e+08  5.874634e+03  12117168   1
      1009   4.652585e+08  1.996719e+08  5.884150e+03  12129189   1
      1010   3.425608e+08  1.996895e+08  5.893681e+03  12141210   1
      1011   7.864001e+08  1.997029e+08  5.903353e+03  12153231   1
      1012   1.868491e+08  1.997823e+08  5.913011e+03  12165252   1
      1013   1.831030e+08  1.997954e+08  5.922605e+03  12177273   1
      1014   2.169093e+08  1.998041e+08  5.932308e+03  12189294   1
      1015   5.780612e+08  1.998239e+08  5.942015e+03  12201315   1
      1016   2.292100e+08  1.998307e+08  5.951500e+03  12213336   1
      1017   2.595110e+08  1.998627e+08  5.961157e+03  12225357   1
      1018   2.082152e+08  1.998733e+08  5.970720e+03  12237378   1
      1019   4.058485e+08  1.998945e+08  5.980348e+03  12249399   1
      1020   1.278316e+08  1.998979e+08  5.990130e+03  12261420   1
      1021   2.019607e+08  1.999344e+08  5.999770e+03  12273441   1
      1022   2.356253e+08  1.999461e+08  6.009536e+03  12285462   1
      1023   1.583038e+08  1.999569e+08  6.019395e+03  12297483   1
      1024   1.511942e+08  1.999744e+08  6.029098e+03  12309504   1
      1025   4.313561e+08  2.000079e+08  6.038771e+03  12321525   1
      1026   4.067920e+08  2.000249e+08  6.048489e+03  12333546   1
      1027   3.060180e+08  2.000606e+08  6.058099e+03  12345567   1
      1028   2.916470e+08  2.000714e+08  6.067803e+03  12357588   1
      1029   5.377458e+08  2.000832e+08  6.077490e+03  12369609   1
      1030   1.563976e+08  2.000895e+08  6.087224e+03  12381630   1
      1031   1.678450e+08  2.001156e+08  6.096945e+03  12393651   1
      1032   1.647703e+08  2.001249e+08  6.106492e+03  12405672   1
      1033   2.431224e+08  2.001384e+08  6.116351e+03  12417693   1
      1034   2.668348e+08  2.001573e+08  6.126226e+03  12429714   1
      1035   1.877159e+08  2.001663e+08  6.136007e+03  12441735   1
      1036   3.396830e+08  2.002106e+08  6.145944e+03  12453756   1
      1037   3.010350e+08  2.002299e+08  6.155792e+03  12465777   1
      1038   3.054980e+08  2.002405e+08  6.165651e+03  12477798   1
      1039   2.981355e+08  2.002772e+08  6.175479e+03  12489819   1
      1040   2.318189e+08  2.003096e+08  6.185276e+03  12501840   1
      1041   4.927805e+08  2.003291e+08  6.195104e+03  12513861   1
      1042   1.708691e+08  2.003331e+08  6.204885e+03  12525882   1
      1043   2.361569e+08  2.003757e+08  6.214747e+03  12537903   1
      1044   1.750413e+08  2.003935e+08  6.224606e+03  12549924   1
      1045   3.791117e+08  2.004211e+08  6.234559e+03  12561945   1
      1046   2.337293e+08  2.004622e+08  6.244481e+03  12573966   1
      1047   1.939237e+08  2.004734e+08  6.254215e+03  12585987   1
      1048   1.857618e+08  2.004870e+08  6.264137e+03  12598008   1
      1049   2.341929e+08  2.005037e+08  6.274077e+03  12610029   1
      1050   1.065399e+08  2.005402e+08  6.283889e+03  12622050   1
      1051   5.567057e+08  2.005655e+08  6.293874e+03  12634071   1
      1052   2.197529e+08  2.006005e+08  6.303719e+03  12646092   1
      1053   2.396969e+08  2.006023e+08  6.313487e+03  12658113   1
      1054   2.775439e+08  2.006361e+08  6.323519e+03  12670134   1
      1055   9.865009e+07  2.006618e+08  6.333224e+03  12682155   1
      1056   3.310046e+08  2.006728e+08  6.343177e+03  12694176   1
      1057   3.287484e+08  2.006964e+08  6.353308e+03  12706197   1
      1058   1.682060e+08  2.007200e+08  6.363370e+03  12718218   1
      1059   2.075167e+08  2.007272e+08  6.373307e+03  12730239   1
      1060   2.357815e+08  2.007396e+08  6.383370e+03  12742260   1
      1061   4.322128e+08  2.007759e+08  6.393292e+03  12754281   1
      1062   2.630830e+08  2.007900e+08  6.403151e+03  12766302   1
      1063   3.389541e+08  2.008167e+08  6.413260e+03  12778323   1
      1064   2.351378e+08  2.008177e+08  6.423244e+03  12790344   1
      1065   2.863973e+08  2.008594e+08  6.433246e+03  12802365   1
      1066   1.524023e+08  2.009020e+08  6.443215e+03  12814386   1
      1067   2.633717e+08  2.009369e+08  6.453355e+03  12826407   1
      1068   2.103050e+08  2.009769e+08  6.463500e+03  12838428   1
      1069   1.342864e+08  2.009893e+08  6.473719e+03  12850449   1
      1070   1.458203e+08  2.010293e+08  6.483640e+03  12862470   1
      1071   2.351413e+08  2.010535e+08  6.493720e+03  12874491   1
      1072   1.913805e+08  2.010535e+08  6.503798e+03  12886512   1
      1073   4.283386e+08  2.010661e+08  6.513953e+03  12898533   1
      1074   2.293064e+08  2.010877e+08  6.524282e+03  12910554   1
      1075   4.093215e+08  2.011262e+08  6.534344e+03  12922575   1
      1076   1.636423e+08  2.011732e+08  6.544516e+03  12934596   1
      1077   2.788913e+08  2.012101e+08  6.554640e+03  12946617   1
      1078   1.555456e+08  2.012211e+08  6.564874e+03  12958638   1
      1079   1.847531e+08  2.012484e+08  6.575064e+03  12970659   1
      1080   3.329493e+08  2.012548e+08  6.585220e+03  12982680   1
      1081   2.042875e+08  2.013033e+08  6.595456e+03  12994701   1
      1082   1.949795e+08  2.013105e+08  6.605674e+03  13006722   1
      1083   1.868121e+08  2.013273e+08  6.615830e+03  13018743   1
      1084   1.790385e+08  2.013285e+08  6.626036e+03  13030764   1
      1085   2.528381e+08  2.013476e+08  6.636285e+03  13042785   1
      1086   2.308302e+08  2.013601e+08  6.646379e+03  13054806   1
      1087   2.107210e+08  2.013787e+08  6.656598e+03  13066827   1
      1088   2.242356e+08  2.014143e+08  6.666972e+03  13078848   1
      1089   1.992742e+08  2.014230e+08  6.677097e+03  13090869   1
      1090   1.993130e+08  2.014296e+08  6.687362e+03  13102890   1
      1091   2.884171e+08  2.014339e+08  6.697502e+03  13114911   1
      1092   1.297256e+08  2.014493e+08  6.707752e+03  13126932   1
      1093   2.143143e+08  2.014679e+08  6.718111e+03  13138953   1
      1094   3.507942e+08  2.014880e+08  6.728330e+03  13150974   1
      1095   1.409047e+08  2.015048e+08  6.738564e+03  13162995   1
      1096   1.644871e+08  2.015192e+08  6.748987e+03  13175016   1
      1097   2.949338e+08  2.015445e+08  6.759379e+03  13187037   1
      1098   2.119212e+08  2.015499e+08  6.769738e+03  13199058   1
      1099   1.768602e+08  2.016056e+08  6.780144e+03  13211079   1
      1100   1.356321e+08  2.016387e+08  6.790534e+03  13223100   1
      1101   5.211629e+08  2.016583e+08  6.800805e+03  13235121   1
      1102   1.998081e+08  2.016624e+08  6.811195e+03  13247142   1
      1103   1.504713e+08  2.016758e+08  6.821679e+03  13259163   1
      1104   2.267639e+08  2.016790e+08  6.831962e+03  13271184   1
      1105   3.774487e+08  2.016847e+08  6.842305e+03  13283205   1
      1106   2.316567e+08  2.016886e+08  6.852695e+03  13295226   1
      1107   1.281644e+08  2.017045e+08  6.862992e+03  13307247   1
      1108   2.275116e+08  2.017132e+08  6.873435e+03  13319268   1
      1109   7.180926e+08  2.017307e+08  6.883841e+03  13331289   1
      1110   3.018763e+08  2.017636e+08  6.894341e+03  13343310   1
      1111   3.036699e+08  2.017729e+08  6.904857e+03  13355331   1
      1112   2.245541e+08  2.017850e+08  6.915185e+03  13367352   1
      1113   1.640691e+08  2.017900e+08  6.925528e+03  13379373   1
      1114   2.558090e+08  2.017929e+08  6.935887e+03  13391394   1
      1115   2.502501e+08  2.018015e+08  6.946279e+03  13403415   1
      1116   3.071229e+08  2.018132e+08  6.956856e+03  13415436   1
      1117   3.191905e+08  2.018237e+08  6.967262e+03  13427457   1
      1118   2.146717e+08  2.018529e+08  6.977919e+03  13439478   1
      1119   2.041683e+08  2.018853e+08  6.988544e+03  13451499   1
      1120   1.996862e+08  2.018980e+08  6.999137e+03  13463520   1
      1121   1.844690e+08  2.019303e+08  7.009449e+03  13475541   1
      1122   1.691731e+08  2.019693e+08  7.019969e+03  13487562   1
      1123   2.793905e+08  2.019906e+08  7.030344e+03  13499583   1
      1124   1.696604e+08  2.020173e+08  7.040875e+03  13511604   1
      1125   1.399196e+08  2.020222e+08  7.051350e+03  13523625   1
      1126   2.762760e+08  2.020455e+08  7.061928e+03  13535646   1
      1127   3.028352e+08  2.020597e+08  7.072396e+03  13547667   1
      1128   1.175060e+08  2.020675e+08  7.083099e+03  13559688   1
      1129   1.887193e+08  2.020810e+08  7.093648e+03  13571709   1
      1130   1.862850e+08  2.020837e+08  7.104163e+03  13583730   1
      1131   8.165121e+08  2.021049e+08  7.114741e+03  13595751   1
      1132   2.680955e+08  2.021136e+08  7.125197e+03  13607772   1
      1133   1.706650e+08  2.021161e+08  7.135603e+03  13619793   1
      1134   1.964279e+08  2.021239e+08  7.146292e+03  13631814   1
      1135   1.622637e+08  2.021570e+08  7.156900e+03  13643835   1
      1136   1.669776e+08  2.021704e+08  7.167386e+03  13655856   1
      1137   1.871533e+08  2.021724e+08  7.177964e+03  13667877   1
      1138   3.167984e+08  2.021892e+08  7.188620e+03  13679898   1
      1139   2.852448e+08  2.021957e+08  7.199214e+03  13691919   1
      1140   4.032002e+08  2.022127e+08  7.209934e+03  13703940   1
-------------------------------------------------------------------
status         : time_limit
total time (s) : 7.209934e+03
total solves   : 13703940
best bound     :  2.022127e+08
simulation ci  :  3.000654e+08  1.011439e+07
numeric issues : 0
-------------------------------------------------------------------

 
                                        Time                    Allocations      
                                  
       Tot / % measured:            2.00h / 100.0%            504GiB / 100.0%    

 Section               ncalls     time    %tot     avg     alloc    %tot      avg
 
 backward_pass          1.14k    1.98h   98.7%   6.24s    498GiB   98.9%   447MiB
   solve_subproblem     13.6M    1.97h   98.3%   522s    490GiB   97.2%  37.8KiB
     get_dual_solution  13.6M     110s    1.5%  8.09s   30.7GiB    6.1%  2.38KiB
   prepare_backward...  2.28k   10.3ms    0.0%  4.53s   2.33MiB    0.0%  1.05KiB
 forward_pass           1.14k    91.3s    1.3%  80.1ms   5.65GiB    1.1%  5.07MiB
   solve_subproblem      137k    89.7s    1.2%   656s   5.17GiB    1.0%  39.6KiB
     get_dual_solution   137k    199ms    0.0%  1.46s   73.1MiB    0.0%     560B
   sample_scenario      1.14k    1.07s    0.0%   941s    327MiB    0.1%   294KiB
 calculate_bound        1.14k    613ms    0.0%   537s   48.0MiB    0.0%  43.1KiB
   get_dual_solution    1.14k   1.72ms    0.0%  1.51s    623KiB    0.0%     560B
 


||||||||||||||||||||||||||||||||||||||||||||||||||||||||||||||||||||||||||||||||||||||||||||||||||||||||||||||||||||||||||||||||||||||||
SIMULATION RESULTS
LogLinearSDDP.Simulation(SDDP.InSampleMonteCarlo(0, false, true, SDDP.var"#155#158"{SDDP.var"#156#159"}(SDDP.var"#156#159"(), Core.Box(2000)), nothing), 2000, 11111)
shapiro_model
Lower bound: 2.022127319681621e8
Statistical upper bound (confidence interval): 2.726856231729723e8  5.60235895366379e6
Pessimistic upper bound: 2.782879821266361e8

||||||||||||||||||||||||||||||||||||||||||||||||||||||||||||||||||||||||||||||||||||||||||||||||||||||||||||||||||||||||||||||||||||||||
SIMULATION RESULTS
LogLinearSDDP.Simulation(SDDP.InSampleMonteCarlo(0, false, true, SDDP.var"#155#158"{SDDP.var"#156#159"}(SDDP.var"#156#159"(), Core.Box(2000)), nothing), 2000, 11111)
shapiro_model
Lower bound: 2.022127319681621e8
Statistical upper bound (confidence interval): 1.75357807737172e8  4.596393897773977e6
Pessimistic upper bound: 1.79954201634946e8

||||||||||||||||||||||||||||||||||||||||||||||||||||||||||||||||||||||||||||||||||||||||||||||||||||||||||||||||||||||||||||||||||||||||
SIMULATION RESULTS
LogLinearSDDP.Simulation(SDDP.InSampleMonteCarlo(0, false, true, SDDP.var"#155#158"{SDDP.var"#156#159"}(SDDP.var"#156#159"(), Core.Box(2000)), nothing), 2000, 11111)
shapiro_model
Lower bound: 2.022127319681621e8
Statistical upper bound (confidence interval): 2.6837874055100137e8  5.299716675546194e6
Pessimistic upper bound: 2.7367845722654754e8

||||||||||||||||||||||||||||||||||||||||||||||||||||||||||||||||||||||||||||||||||||||||||||||||||||||||||||||||||||||||||||||||||||||||
SIMULATION RESULTS
LogLinearSDDP.Simulation(SDDP.InSampleMonteCarlo(0, false, true, SDDP.var"#155#158"{SDDP.var"#156#159"}(SDDP.var"#156#159"(), Core.Box(2000)), nothing), 2000, 11111)
shapiro_model
Lower bound: 2.022127319681621e8
Statistical upper bound (confidence interval): 1.714896278485056e8  4.203274882024694e6
Pessimistic upper bound: 1.756929027305303e8

||||||||||||||||||||||||||||||||||||||||||||||||||||||||||||||||||||||||||||||||||||||||||||||||||||||||||||||||||||||||||||||||||||||||
SIMULATION RESULTS
LogLinearSDDP.Simulation(SDDP.InSampleMonteCarlo(0, false, true, SDDP.var"#155#158"{SDDP.var"#156#159"}(SDDP.var"#156#159"(), Core.Box(2000)), nothing), 2000, 11111)
fitted_model
Lower bound: 2.022127319681621e8
Statistical upper bound (confidence interval): 2.5901736963781366e8  4.73300048786955e6
Pessimistic upper bound: 2.6375037012568322e8

||||||||||||||||||||||||||||||||||||||||||||||||||||||||||||||||||||||||||||||||||||||||||||||||||||||||||||||||||||||||||||||||||||||||
SIMULATION RESULTS
LogLinearSDDP.Simulation(SDDP.InSampleMonteCarlo(0, false, true, SDDP.var"#155#158"{SDDP.var"#156#159"}(SDDP.var"#156#159"(), Core.Box(2000)), nothing), 2000, 11111)
fitted_model
Lower bound: 2.022127319681621e8
Statistical upper bound (confidence interval): 1.6593540105951214e8  3.732097464435325e6
Pessimistic upper bound: 1.6966749852394748e8

||||||||||||||||||||||||||||||||||||||||||||||||||||||||||||||||||||||||||||||||||||||||||||||||||||||||||||||||||||||||||||||||||||||||
SIMULATION RESULTS
LogLinearSDDP.Simulation(SDDP.InSampleMonteCarlo(0, false, true, SDDP.var"#155#158"{SDDP.var"#156#159"}(SDDP.var"#156#159"(), Core.Box(2000)), nothing), 2000, 11111)
custom_model
Lower bound: 2.022127319681621e8
Statistical upper bound (confidence interval): 3.6313365996531236e8  7.655749516236404e6
Pessimistic upper bound: 3.707894094815488e8

||||||||||||||||||||||||||||||||||||||||||||||||||||||||||||||||||||||||||||||||||||||||||||||||||||||||||||||||||||||||||||||||||||||||
SIMULATION RESULTS
LogLinearSDDP.Simulation(SDDP.InSampleMonteCarlo(0, false, true, SDDP.var"#155#158"{SDDP.var"#156#159"}(SDDP.var"#156#159"(), Core.Box(2000)), nothing), 2000, 11111)
custom_model
Lower bound: 2.022127319681621e8
Statistical upper bound (confidence interval): 2.2045244049707782e8  5.911190196380009e6
Pessimistic upper bound: 2.2636363069345784e8

||||||||||||||||||||||||||||||||||||||||||||||||||||||||||||||||||||||||||||||||||||||||||||||||||||||||||||||||||||||||||||||||||||||||
SIMULATION RESULTS
LogLinearSDDP.Simulation(SDDP.InSampleMonteCarlo(0, false, true, SDDP.var"#155#158"{SDDP.var"#156#159"}(SDDP.var"#156#159"(), Core.Box(2000)), nothing), 2000, 11111)
bic_model
Lower bound: 2.022127319681621e8
Statistical upper bound (confidence interval): 3.738977131234829e8  7.927834970594965e6
Pessimistic upper bound: 3.818255480940778e8

||||||||||||||||||||||||||||||||||||||||||||||||||||||||||||||||||||||||||||||||||||||||||||||||||||||||||||||||||||||||||||||||||||||||
SIMULATION RESULTS
LogLinearSDDP.Simulation(SDDP.InSampleMonteCarlo(0, false, true, SDDP.var"#155#158"{SDDP.var"#156#159"}(SDDP.var"#156#159"(), Core.Box(2000)), nothing), 2000, 11111)
bic_model
Lower bound: 2.022127319681621e8
Statistical upper bound (confidence interval): 2.2810326545791975e8  6.135029005836885e6
Pessimistic upper bound: 2.3423829446375662e8

||||||||||||||||||||||||||||||||||||||||||||||||||||||||||||||||||||||||||||||||||||||||||||||||||||||||||||||||||||||||||||||||||||||||
SIMULATION RESULTS
LogLinearSDDP.Simulation(SDDP.InSampleMonteCarlo(0, false, true, SDDP.var"#155#158"{SDDP.var"#156#159"}(SDDP.var"#156#159"(), Core.Box(2000)), nothing), 2000, 11111)
shapiro_model
Lower bound: 2.0265486085466388e8
Statistical upper bound (confidence interval): 4.939246070725576e8  8.350030734023598e7
Pessimistic upper bound: 5.774249144127936e8

||||||||||||||||||||||||||||||||||||||||||||||||||||||||||||||||||||||||||||||||||||||||||||||||||||||||||||||||||||||||||||||||||||||||
SIMULATION RESULTS
LogLinearSDDP.Simulation(SDDP.InSampleMonteCarlo(0, false, true, SDDP.var"#155#158"{SDDP.var"#156#159"}(SDDP.var"#156#159"(), Core.Box(2000)), nothing), 2000, 11111)
shapiro_model
Lower bound: 2.0265486085466388e8
Statistical upper bound (confidence interval): 3.1724430672411954e8  6.700755635626287e7
Pessimistic upper bound: 3.842518630803824e8
