

#########################################################################################################################################
#########################################################################################################################################
LogLinearSDDP.jl (c) Christian Füllner, 2023
re-uses code from SDDP.jl (c) Oscar Dowson, 2017-2023


#########################################################################################################################################
#########################################################################################################################################
LogLinearSDDP.jl (c) Christian Füllner, 2023
re-uses code from SDDP.jl (c) Oscar Dowson, 2017-2023
problem
  nodes           : 2
  state variables : 1
  scenarios       : 1.00000e+00
  existing cuts   : false
options
  solver          : serial mode
  risk measure    : SDDP.Expectation()
  sampling scheme : SDDP.InSampleMonteCarlo
subproblem structure
  VariableRef                                  : [4, 5]
  JuMP.AffExpr in MOI.EqualTo{Float64}         : [1, 1]
  JuMP.AffExpr in MOI.GreaterThan{Float64}     : [1, 1]
  JuMP.AffExpr in MOI.LessThan{Float64}        : [2, 2]
  JuMP.VariableRef in MOI.GreaterThan{Float64} : [2, 3]
  JuMP.VariableRef in MOI.LessThan{Float64}    : [1, 1]
numerical stability report
  matrix range     [1e+00, 1e+00]
  objective range  [1e+00, 2e+00]
  bounds range     [0e+00, 0e+00]
  rhs range        [4e+00, 6e+00]


#########################################################################################################################################
#########################################################################################################################################
LogLinearSDDP.jl (c) Christian Füllner, 2023
re-uses code from SDDP.jl (c) Oscar Dowson, 2017-2023
problem
  nodes           : 2
  state variables : 1
  scenarios       : 1.00000e+00
  existing cuts   : false
options
  solver          : serial mode
  risk measure    : SDDP.Expectation()
  sampling scheme : SDDP.InSampleMonteCarlo
subproblem structure
  VariableRef                                  : [4, 5]
  JuMP.AffExpr in MOI.EqualTo{Float64}         : [1, 1]
  JuMP.AffExpr in MOI.GreaterThan{Float64}     : [1, 1]
  JuMP.AffExpr in MOI.LessThan{Float64}        : [2, 2]
  JuMP.VariableRef in MOI.GreaterThan{Float64} : [2, 3]
  JuMP.VariableRef in MOI.LessThan{Float64}    : [1, 1]
numerical stability report
  matrix range     [1e+00, 1e+00]
  objective range  [1e+00, 2e+00]
  bounds range     [0e+00, 0e+00]
  rhs range        [4e+00, 6e+00]
||||||||||||||||||||||||||||||||||||||||||||||||||||||||||||||||||||||||||||||||||||||||||||||||||||||||||||||||||||||||||||||||||||||||
PATH
calling 
c:\Users\cg4102\.julia\dev\LogLinearSDDP\src
c:\Users\cg4102\.julia\dev\LogLinearSDDP\examples\model_paper_1.jl
DATETIME
2023-09-11T14:52:18.493
RUN DESCRIPTION

||||||||||||||||||||||||||||||||||||||||||||||||||||||||||||||||||||||||||||||||||||||||||||||||||||||||||||||||||||||||||||||||||||||||
STOPPING RULES
SDDP.IterationLimit(100)
||||||||||||||||||||||||||||||||||||||||||||||||||||||||||||||||||||||||||||||||||||||||||||||||||||||||||||||||||||||||||||||||||||||||
APPLIED SOLVER
LogLinearSDDP.AppliedSolver("Gurobi", 0.0001, 300)
LogLinearSDDP.GAMS_Solver()
Numerical focus: false
Silent: true
||||||||||||||||||||||||||||||||||||||||||||||||||||||||||||||||||||||||||||||||||||||||||||||||||||||||||||||||||||||||||||||||||||||||
PROBLEM DESCRIPTION
Number of stages: 2
Number of realizations per stage: 2
||||||||||||||||||||||||||||||||||||||||||||||||||||||||||||||||||||||||||||||||||||||||||||||||||||||||||||||||||||||||||||||||||||||||
AUTOREGRESSIVE PROCESS DESCRIPTION
Lag order: 1
Max dimension of noises: 1

────────────────────────────────────────────────────────────────────────────────────────────────────────────────────────────────────────────────────────────────────────────────────────────────────────
It.#               LB           Sim.       Gap           Time        It_Time  
                                                          [%]            [s]            [s]      Total  
────────────────────────────────────────────────────────────────────────────────────────────────────────────────────────────────────────────────────────────────────────────────────────────────────────


#########################################################################################################################################
#########################################################################################################################################
LogLinearSDDP.jl (c) Christian Füllner, 2023
re-uses code from SDDP.jl (c) Oscar Dowson, 2017-2023
problem
  nodes           : 2
  state variables : 1
  scenarios       : 1.00000e+00
  existing cuts   : false
options
  solver          : serial mode
  risk measure    : SDDP.Expectation()
  sampling scheme : SDDP.InSampleMonteCarlo
subproblem structure
  VariableRef                                  : [4, 5]
  JuMP.AffExpr in MOI.EqualTo{Float64}         : [1, 1]
  JuMP.AffExpr in MOI.GreaterThan{Float64}     : [1, 1]
  JuMP.AffExpr in MOI.LessThan{Float64}        : [2, 2]
  JuMP.VariableRef in MOI.GreaterThan{Float64} : [2, 3]
  JuMP.VariableRef in MOI.LessThan{Float64}    : [1, 1]
numerical stability report
  matrix range     [1e+00, 1e+00]
  objective range  [1e+00, 2e+00]
  bounds range     [0e+00, 0e+00]
  rhs range        [4e+00, 6e+00]
||||||||||||||||||||||||||||||||||||||||||||||||||||||||||||||||||||||||||||||||||||||||||||||||||||||||||||||||||||||||||||||||||||||||
PATH
calling 
c:\Users\cg4102\.julia\dev\LogLinearSDDP\src
c:\Users\cg4102\.julia\dev\LogLinearSDDP\examples\model_paper_1.jl
DATETIME
2023-09-11T14:54:16.436
RUN DESCRIPTION

||||||||||||||||||||||||||||||||||||||||||||||||||||||||||||||||||||||||||||||||||||||||||||||||||||||||||||||||||||||||||||||||||||||||
STOPPING RULES
SDDP.IterationLimit(100)
||||||||||||||||||||||||||||||||||||||||||||||||||||||||||||||||||||||||||||||||||||||||||||||||||||||||||||||||||||||||||||||||||||||||
APPLIED SOLVER
LogLinearSDDP.AppliedSolver("Gurobi", 0.0001, 300)
LogLinearSDDP.GAMS_Solver()
Numerical focus: false
Silent: true
||||||||||||||||||||||||||||||||||||||||||||||||||||||||||||||||||||||||||||||||||||||||||||||||||||||||||||||||||||||||||||||||||||||||
PROBLEM DESCRIPTION
Number of stages: 2
Number of realizations per stage: 2
||||||||||||||||||||||||||||||||||||||||||||||||||||||||||||||||||||||||||||||||||||||||||||||||||||||||||||||||||||||||||||||||||||||||
AUTOREGRESSIVE PROCESS DESCRIPTION
Lag order: 1
Max dimension of noises: 1

────────────────────────────────────────────────────────────────────────────────────────────────────────────────────────────────────────────────────────────────────────────────────────────────────────
It.#               LB           Sim.       Gap           Time        It_Time  
                                                          [%]            [s]            [s]      Total  
────────────────────────────────────────────────────────────────────────────────────────────────────────────────────────────────────────────────────────────────────────────────────────────────────────


#########################################################################################################################################
#########################################################################################################################################
LogLinearSDDP.jl (c) Christian Füllner, 2023
re-uses code from SDDP.jl (c) Oscar Dowson, 2017-2023
problem
  nodes           : 2
  state variables : 1
  scenarios       : 1.00000e+00
  existing cuts   : false
options
  solver          : serial mode
  risk measure    : SDDP.Expectation()
  sampling scheme : SDDP.InSampleMonteCarlo
subproblem structure
  VariableRef                                  : [4, 5]
  JuMP.AffExpr in MOI.EqualTo{Float64}         : [1, 1]
  JuMP.AffExpr in MOI.GreaterThan{Float64}     : [1, 1]
  JuMP.AffExpr in MOI.LessThan{Float64}        : [2, 2]
  JuMP.VariableRef in MOI.GreaterThan{Float64} : [2, 3]
  JuMP.VariableRef in MOI.LessThan{Float64}    : [1, 1]
numerical stability report
  matrix range     [1e+00, 1e+00]
  objective range  [1e+00, 2e+00]
  bounds range     [0e+00, 0e+00]
  rhs range        [4e+00, 6e+00]
||||||||||||||||||||||||||||||||||||||||||||||||||||||||||||||||||||||||||||||||||||||||||||||||||||||||||||||||||||||||||||||||||||||||
PATH
calling 
c:\Users\cg4102\.julia\dev\LogLinearSDDP\src
c:\Users\cg4102\.julia\dev\LogLinearSDDP\examples\model_paper_1.jl
DATETIME
2023-09-11T14:59:05.535
RUN DESCRIPTION

||||||||||||||||||||||||||||||||||||||||||||||||||||||||||||||||||||||||||||||||||||||||||||||||||||||||||||||||||||||||||||||||||||||||
STOPPING RULES
SDDP.IterationLimit(100)
||||||||||||||||||||||||||||||||||||||||||||||||||||||||||||||||||||||||||||||||||||||||||||||||||||||||||||||||||||||||||||||||||||||||
APPLIED SOLVER
LogLinearSDDP.AppliedSolver("Gurobi", 0.0001, 300)
LogLinearSDDP.GAMS_Solver()
Numerical focus: false
Silent: true
||||||||||||||||||||||||||||||||||||||||||||||||||||||||||||||||||||||||||||||||||||||||||||||||||||||||||||||||||||||||||||||||||||||||
PROBLEM DESCRIPTION
Number of stages: 2
Number of realizations per stage: 2
||||||||||||||||||||||||||||||||||||||||||||||||||||||||||||||||||||||||||||||||||||||||||||||||||||||||||||||||||||||||||||||||||||||||
AUTOREGRESSIVE PROCESS DESCRIPTION
Lag order: 1
Max dimension of noises: 1

────────────────────────────────────────────────────────────────────────────────────────────────────────────────────────────────────────────────────────────────────────────────────────────────────────
It.#               LB           Sim.       Gap           Time        It_Time  
                                                          [%]            [s]            [s]      Total  
────────────────────────────────────────────────────────────────────────────────────────────────────────────────────────────────────────────────────────────────────────────────────────────────────────


#########################################################################################################################################
#########################################################################################################################################
LogLinearSDDP.jl (c) Christian Füllner, 2023
re-uses code from SDDP.jl (c) Oscar Dowson, 2017-2023
problem
  nodes           : 2
  state variables : 1
  scenarios       : 1.00000e+00
  existing cuts   : false
options
  solver          : serial mode
  risk measure    : SDDP.Expectation()
  sampling scheme : SDDP.InSampleMonteCarlo
subproblem structure
  VariableRef                                  : [4, 5]
  JuMP.AffExpr in MOI.EqualTo{Float64}         : [1, 1]
  JuMP.AffExpr in MOI.GreaterThan{Float64}     : [1, 1]
  JuMP.AffExpr in MOI.LessThan{Float64}        : [2, 2]
  JuMP.VariableRef in MOI.GreaterThan{Float64} : [2, 3]
  JuMP.VariableRef in MOI.LessThan{Float64}    : [1, 1]
numerical stability report
  matrix range     [1e+00, 1e+00]
  objective range  [1e+00, 2e+00]
  bounds range     [0e+00, 0e+00]
  rhs range        [4e+00, 6e+00]
||||||||||||||||||||||||||||||||||||||||||||||||||||||||||||||||||||||||||||||||||||||||||||||||||||||||||||||||||||||||||||||||||||||||
PATH
calling 
c:\Users\cg4102\.julia\dev\LogLinearSDDP\src
c:\Users\cg4102\.julia\dev\LogLinearSDDP\examples\model_paper_1.jl
DATETIME
2023-09-11T15:01:48.695
RUN DESCRIPTION

||||||||||||||||||||||||||||||||||||||||||||||||||||||||||||||||||||||||||||||||||||||||||||||||||||||||||||||||||||||||||||||||||||||||
STOPPING RULES
SDDP.IterationLimit(100)
||||||||||||||||||||||||||||||||||||||||||||||||||||||||||||||||||||||||||||||||||||||||||||||||||||||||||||||||||||||||||||||||||||||||
APPLIED SOLVER
LogLinearSDDP.AppliedSolver("Gurobi", 0.0001, 300)
LogLinearSDDP.GAMS_Solver()
Numerical focus: false
Silent: true
||||||||||||||||||||||||||||||||||||||||||||||||||||||||||||||||||||||||||||||||||||||||||||||||||||||||||||||||||||||||||||||||||||||||
PROBLEM DESCRIPTION
Number of stages: 2
Number of realizations per stage: 2
||||||||||||||||||||||||||||||||||||||||||||||||||||||||||||||||||||||||||||||||||||||||||||||||||||||||||||||||||||||||||||||||||||||||
AUTOREGRESSIVE PROCESS DESCRIPTION
Lag order: 1
Max dimension of noises: 1

────────────────────────────────────────────────────────────────────────────────────────────────────────────────────────────────────────────────────────────────────────────────────────────────────────
It.#               LB           Sim.       Gap           Time        It_Time  
                                                          [%]            [s]            [s]      Total  
────────────────────────────────────────────────────────────────────────────────────────────────────────────────────────────────────────────────────────────────────────────────────────────────────────


#########################################################################################################################################
#########################################################################################################################################
LogLinearSDDP.jl (c) Christian Füllner, 2023
re-uses code from SDDP.jl (c) Oscar Dowson, 2017-2023
problem
  nodes           : 2
  state variables : 1
  scenarios       : 1.00000e+00
  existing cuts   : false
options
  solver          : serial mode
  risk measure    : SDDP.Expectation()
  sampling scheme : SDDP.InSampleMonteCarlo
subproblem structure
  VariableRef                                  : [4, 5]
  JuMP.AffExpr in MOI.EqualTo{Float64}         : [1, 1]
  JuMP.AffExpr in MOI.GreaterThan{Float64}     : [1, 1]
  JuMP.AffExpr in MOI.LessThan{Float64}        : [2, 2]
  JuMP.VariableRef in MOI.GreaterThan{Float64} : [2, 3]
  JuMP.VariableRef in MOI.LessThan{Float64}    : [1, 1]
numerical stability report
  matrix range     [1e+00, 1e+00]
  objective range  [1e+00, 2e+00]
  bounds range     [0e+00, 0e+00]
  rhs range        [4e+00, 6e+00]
||||||||||||||||||||||||||||||||||||||||||||||||||||||||||||||||||||||||||||||||||||||||||||||||||||||||||||||||||||||||||||||||||||||||
PATH
calling 
c:\Users\cg4102\.julia\dev\LogLinearSDDP\src
c:\Users\cg4102\.julia\dev\LogLinearSDDP\examples\model_paper_1.jl
DATETIME
2023-09-11T15:21:05.389
RUN DESCRIPTION

||||||||||||||||||||||||||||||||||||||||||||||||||||||||||||||||||||||||||||||||||||||||||||||||||||||||||||||||||||||||||||||||||||||||
STOPPING RULES
SDDP.IterationLimit(100)
||||||||||||||||||||||||||||||||||||||||||||||||||||||||||||||||||||||||||||||||||||||||||||||||||||||||||||||||||||||||||||||||||||||||
APPLIED SOLVER
LogLinearSDDP.AppliedSolver("Gurobi", 0.0001, 300)
LogLinearSDDP.GAMS_Solver()
Numerical focus: false
Silent: true
||||||||||||||||||||||||||||||||||||||||||||||||||||||||||||||||||||||||||||||||||||||||||||||||||||||||||||||||||||||||||||||||||||||||
PROBLEM DESCRIPTION
Number of stages: 2
Number of realizations per stage: 2
||||||||||||||||||||||||||||||||||||||||||||||||||||||||||||||||||||||||||||||||||||||||||||||||||||||||||||||||||||||||||||||||||||||||
AUTOREGRESSIVE PROCESS DESCRIPTION
Lag order: 1
Max dimension of noises: 1

────────────────────────────────────────────────────────────────────────────────────────────────────────────────────────────────────────────────────────────────────────────────────────────────────────
It.#               LB           Sim.       Gap           Time        It_Time  
                                                          [%]            [s]            [s]      Total  
────────────────────────────────────────────────────────────────────────────────────────────────────────────────────────────────────────────────────────────────────────────────────────────────────────


#########################################################################################################################################
#########################################################################################################################################
LogLinearSDDP.jl (c) Christian Füllner, 2023
re-uses code from SDDP.jl (c) Oscar Dowson, 2017-2023
problem
  nodes           : 2
  state variables : 1
  scenarios       : 1.00000e+00
  existing cuts   : false
options
  solver          : serial mode
  risk measure    : SDDP.Expectation()
  sampling scheme : SDDP.InSampleMonteCarlo
subproblem structure
  VariableRef                                  : [4, 5]
  JuMP.AffExpr in MOI.EqualTo{Float64}         : [1, 1]
  JuMP.AffExpr in MOI.GreaterThan{Float64}     : [1, 1]
  JuMP.AffExpr in MOI.LessThan{Float64}        : [2, 2]
  JuMP.VariableRef in MOI.GreaterThan{Float64} : [2, 3]
  JuMP.VariableRef in MOI.LessThan{Float64}    : [1, 1]
numerical stability report
  matrix range     [1e+00, 1e+00]
  objective range  [1e+00, 2e+00]
  bounds range     [0e+00, 0e+00]
  rhs range        [4e+00, 6e+00]
||||||||||||||||||||||||||||||||||||||||||||||||||||||||||||||||||||||||||||||||||||||||||||||||||||||||||||||||||||||||||||||||||||||||
PATH
calling 
c:\Users\cg4102\.julia\dev\LogLinearSDDP\src
c:\Users\cg4102\.julia\dev\LogLinearSDDP\examples\model_paper_1.jl
DATETIME
2023-09-11T15:26:21.490
RUN DESCRIPTION

||||||||||||||||||||||||||||||||||||||||||||||||||||||||||||||||||||||||||||||||||||||||||||||||||||||||||||||||||||||||||||||||||||||||
STOPPING RULES
SDDP.IterationLimit(100)
||||||||||||||||||||||||||||||||||||||||||||||||||||||||||||||||||||||||||||||||||||||||||||||||||||||||||||||||||||||||||||||||||||||||
APPLIED SOLVER
LogLinearSDDP.AppliedSolver("Gurobi", 0.0001, 300)
LogLinearSDDP.GAMS_Solver()
Numerical focus: false
Silent: true
||||||||||||||||||||||||||||||||||||||||||||||||||||||||||||||||||||||||||||||||||||||||||||||||||||||||||||||||||||||||||||||||||||||||
PROBLEM DESCRIPTION
Number of stages: 2
Number of realizations per stage: 2
||||||||||||||||||||||||||||||||||||||||||||||||||||||||||||||||||||||||||||||||||||||||||||||||||||||||||||||||||||||||||||||||||||||||
AUTOREGRESSIVE PROCESS DESCRIPTION
Lag order: 1
Max dimension of noises: 1

────────────────────────────────────────────────────────────────────────────────────────────────────────────────────────────────────────────────────────────────────────────────────────────────────────
It.#               LB           Sim.       Gap           Time        It_Time  
                                                          [%]            [s]            [s]      Total  
────────────────────────────────────────────────────────────────────────────────────────────────────────────────────────────────────────────────────────────────────────────────────────────────────────


#########################################################################################################################################
#########################################################################################################################################
LogLinearSDDP.jl (c) Christian Füllner, 2023
re-uses code from SDDP.jl (c) Oscar Dowson, 2017-2023
problem
  nodes           : 2
  state variables : 1
  scenarios       : 1.00000e+00
  existing cuts   : false
options
  solver          : serial mode
  risk measure    : SDDP.Expectation()
  sampling scheme : SDDP.InSampleMonteCarlo
subproblem structure
  VariableRef                                  : [4, 5]
  JuMP.AffExpr in MOI.EqualTo{Float64}         : [1, 1]
  JuMP.AffExpr in MOI.GreaterThan{Float64}     : [1, 1]
  JuMP.AffExpr in MOI.LessThan{Float64}        : [2, 2]
  JuMP.VariableRef in MOI.GreaterThan{Float64} : [2, 3]
  JuMP.VariableRef in MOI.LessThan{Float64}    : [1, 1]
numerical stability report
  matrix range     [1e+00, 1e+00]
  objective range  [1e+00, 2e+00]
  bounds range     [0e+00, 0e+00]
  rhs range        [4e+00, 6e+00]
||||||||||||||||||||||||||||||||||||||||||||||||||||||||||||||||||||||||||||||||||||||||||||||||||||||||||||||||||||||||||||||||||||||||
PATH
calling 
c:\Users\cg4102\.julia\dev\LogLinearSDDP\src
c:\Users\cg4102\.julia\dev\LogLinearSDDP\examples\model_paper_1.jl
DATETIME
2023-09-11T15:27:52.074
RUN DESCRIPTION

||||||||||||||||||||||||||||||||||||||||||||||||||||||||||||||||||||||||||||||||||||||||||||||||||||||||||||||||||||||||||||||||||||||||
STOPPING RULES
SDDP.IterationLimit(100)
||||||||||||||||||||||||||||||||||||||||||||||||||||||||||||||||||||||||||||||||||||||||||||||||||||||||||||||||||||||||||||||||||||||||
APPLIED SOLVER
LogLinearSDDP.AppliedSolver("Gurobi", 0.0001, 300)
LogLinearSDDP.GAMS_Solver()
Numerical focus: false
Silent: true
||||||||||||||||||||||||||||||||||||||||||||||||||||||||||||||||||||||||||||||||||||||||||||||||||||||||||||||||||||||||||||||||||||||||
PROBLEM DESCRIPTION
Number of stages: 2
Number of realizations per stage: 2
||||||||||||||||||||||||||||||||||||||||||||||||||||||||||||||||||||||||||||||||||||||||||||||||||||||||||||||||||||||||||||||||||||||||
AUTOREGRESSIVE PROCESS DESCRIPTION
Lag order: 1
Max dimension of noises: 1

────────────────────────────────────────────────────────────────────────────────────────────────────────────────────────────────────────────────────────────────────────────────────────────────────────
It.#               LB           Sim.       Gap           Time        It_Time  
                                                          [%]            [s]            [s]      Total  
────────────────────────────────────────────────────────────────────────────────────────────────────────────────────────────────────────────────────────────────────────────────────────────────────────


#########################################################################################################################################
#########################################################################################################################################
LogLinearSDDP.jl (c) Christian Füllner, 2023
re-uses code from SDDP.jl (c) Oscar Dowson, 2017-2023
problem
  nodes           : 2
  state variables : 1
  scenarios       : 1.00000e+00
  existing cuts   : false
options
  solver          : serial mode
  risk measure    : SDDP.Expectation()
  sampling scheme : SDDP.InSampleMonteCarlo
subproblem structure
  VariableRef                                  : [4, 5]
  JuMP.AffExpr in MOI.EqualTo{Float64}         : [1, 1]
  JuMP.AffExpr in MOI.GreaterThan{Float64}     : [1, 1]
  JuMP.AffExpr in MOI.LessThan{Float64}        : [2, 2]
  JuMP.VariableRef in MOI.GreaterThan{Float64} : [2, 3]
  JuMP.VariableRef in MOI.LessThan{Float64}    : [1, 1]
numerical stability report
  matrix range     [1e+00, 1e+00]
  objective range  [1e+00, 2e+00]
  bounds range     [0e+00, 0e+00]
  rhs range        [4e+00, 6e+00]
||||||||||||||||||||||||||||||||||||||||||||||||||||||||||||||||||||||||||||||||||||||||||||||||||||||||||||||||||||||||||||||||||||||||
PATH
calling 
c:\Users\cg4102\.julia\dev\LogLinearSDDP\src
c:\Users\cg4102\.julia\dev\LogLinearSDDP\examples\model_paper_1.jl
DATETIME
2023-09-11T15:28:55.376
RUN DESCRIPTION

||||||||||||||||||||||||||||||||||||||||||||||||||||||||||||||||||||||||||||||||||||||||||||||||||||||||||||||||||||||||||||||||||||||||
STOPPING RULES
SDDP.IterationLimit(100)
||||||||||||||||||||||||||||||||||||||||||||||||||||||||||||||||||||||||||||||||||||||||||||||||||||||||||||||||||||||||||||||||||||||||
APPLIED SOLVER
LogLinearSDDP.AppliedSolver("Gurobi", 0.0001, 300)
LogLinearSDDP.GAMS_Solver()
Numerical focus: false
Silent: true
||||||||||||||||||||||||||||||||||||||||||||||||||||||||||||||||||||||||||||||||||||||||||||||||||||||||||||||||||||||||||||||||||||||||
PROBLEM DESCRIPTION
Number of stages: 2
Number of realizations per stage: 2
||||||||||||||||||||||||||||||||||||||||||||||||||||||||||||||||||||||||||||||||||||||||||||||||||||||||||||||||||||||||||||||||||||||||
AUTOREGRESSIVE PROCESS DESCRIPTION
Lag order: 1
Max dimension of noises: 1

────────────────────────────────────────────────────────────────────────────────────────────────────────────────────────────────────────────────────────────────────────────────────────────────────────
It.#               LB           Sim.       Gap           Time        It_Time  
                                                          [%]            [s]            [s]      Total  
────────────────────────────────────────────────────────────────────────────────────────────────────────────────────────────────────────────────────────────────────────────────────────────────────────


#########################################################################################################################################
#########################################################################################################################################
LogLinearSDDP.jl (c) Christian Füllner, 2023
re-uses code from SDDP.jl (c) Oscar Dowson, 2017-2023
problem
  nodes           : 2
  state variables : 1
  scenarios       : 1.00000e+00
  existing cuts   : false
options
  solver          : serial mode
  risk measure    : SDDP.Expectation()
  sampling scheme : SDDP.InSampleMonteCarlo
subproblem structure
  VariableRef                                  : [4, 5]
  JuMP.AffExpr in MOI.EqualTo{Float64}         : [1, 1]
  JuMP.AffExpr in MOI.GreaterThan{Float64}     : [1, 1]
  JuMP.AffExpr in MOI.LessThan{Float64}        : [2, 2]
  JuMP.VariableRef in MOI.GreaterThan{Float64} : [2, 3]
  JuMP.VariableRef in MOI.LessThan{Float64}    : [1, 1]
numerical stability report
  matrix range     [1e+00, 1e+00]
  objective range  [1e+00, 2e+00]
  bounds range     [0e+00, 0e+00]
  rhs range        [4e+00, 6e+00]
||||||||||||||||||||||||||||||||||||||||||||||||||||||||||||||||||||||||||||||||||||||||||||||||||||||||||||||||||||||||||||||||||||||||
PATH
calling 
c:\Users\cg4102\.julia\dev\LogLinearSDDP\src
c:\Users\cg4102\.julia\dev\LogLinearSDDP\examples\model_paper_1.jl
DATETIME
2023-09-11T15:31:11.075
RUN DESCRIPTION

||||||||||||||||||||||||||||||||||||||||||||||||||||||||||||||||||||||||||||||||||||||||||||||||||||||||||||||||||||||||||||||||||||||||
STOPPING RULES
SDDP.IterationLimit(100)
||||||||||||||||||||||||||||||||||||||||||||||||||||||||||||||||||||||||||||||||||||||||||||||||||||||||||||||||||||||||||||||||||||||||
APPLIED SOLVER
LogLinearSDDP.AppliedSolver("Gurobi", 0.0001, 300)
LogLinearSDDP.GAMS_Solver()
Numerical focus: false
Silent: true
||||||||||||||||||||||||||||||||||||||||||||||||||||||||||||||||||||||||||||||||||||||||||||||||||||||||||||||||||||||||||||||||||||||||
PROBLEM DESCRIPTION
Number of stages: 2
Number of realizations per stage: 2
||||||||||||||||||||||||||||||||||||||||||||||||||||||||||||||||||||||||||||||||||||||||||||||||||||||||||||||||||||||||||||||||||||||||
AUTOREGRESSIVE PROCESS DESCRIPTION
Lag order: 1
Max dimension of noises: 1

────────────────────────────────────────────────────────────────────────────────────────────────────────────────────────────────────────────────────────────────────────────────────────────────────────
It.#               LB           Sim.       Gap           Time        It_Time  
                                                          [%]            [s]            [s]      Total  
────────────────────────────────────────────────────────────────────────────────────────────────────────────────────────────────────────────────────────────────────────────────────────────────────────


#########################################################################################################################################
#########################################################################################################################################
LogLinearSDDP.jl (c) Christian Füllner, 2023
re-uses code from SDDP.jl (c) Oscar Dowson, 2017-2023
problem
  nodes           : 2
  state variables : 1
  scenarios       : 1.00000e+00
  existing cuts   : false
options
  solver          : serial mode
  risk measure    : SDDP.Expectation()
  sampling scheme : SDDP.InSampleMonteCarlo
subproblem structure
  VariableRef                                  : [4, 5]
  JuMP.AffExpr in MOI.EqualTo{Float64}         : [1, 1]
  JuMP.AffExpr in MOI.GreaterThan{Float64}     : [1, 1]
  JuMP.AffExpr in MOI.LessThan{Float64}        : [2, 2]
  JuMP.VariableRef in MOI.GreaterThan{Float64} : [2, 3]
  JuMP.VariableRef in MOI.LessThan{Float64}    : [1, 1]
numerical stability report
  matrix range     [1e+00, 1e+00]
  objective range  [1e+00, 2e+00]
  bounds range     [0e+00, 0e+00]
  rhs range        [4e+00, 6e+00]
||||||||||||||||||||||||||||||||||||||||||||||||||||||||||||||||||||||||||||||||||||||||||||||||||||||||||||||||||||||||||||||||||||||||
PATH
calling 
c:\Users\cg4102\.julia\dev\LogLinearSDDP\src
c:\Users\cg4102\.julia\dev\LogLinearSDDP\examples\model_paper_1.jl
DATETIME
2023-09-11T16:14:09.742
RUN DESCRIPTION

||||||||||||||||||||||||||||||||||||||||||||||||||||||||||||||||||||||||||||||||||||||||||||||||||||||||||||||||||||||||||||||||||||||||
STOPPING RULES
SDDP.IterationLimit(100)
||||||||||||||||||||||||||||||||||||||||||||||||||||||||||||||||||||||||||||||||||||||||||||||||||||||||||||||||||||||||||||||||||||||||
APPLIED SOLVER
LogLinearSDDP.AppliedSolver("Gurobi", 0.0001, 300)
LogLinearSDDP.GAMS_Solver()
Numerical focus: false
Silent: true
||||||||||||||||||||||||||||||||||||||||||||||||||||||||||||||||||||||||||||||||||||||||||||||||||||||||||||||||||||||||||||||||||||||||
PROBLEM DESCRIPTION
Number of stages: 2
Number of realizations per stage: 2
||||||||||||||||||||||||||||||||||||||||||||||||||||||||||||||||||||||||||||||||||||||||||||||||||||||||||||||||||||||||||||||||||||||||
AUTOREGRESSIVE PROCESS DESCRIPTION
Lag order: 1
Max dimension of noises: 1

────────────────────────────────────────────────────────────────────────────────────────────────────────────────────────────────────────────────────────────────────────────────────────────────────────
It.#               LB           Sim.       Gap           Time        It_Time  
                                                          [%]            [s]            [s]      Total  
────────────────────────────────────────────────────────────────────────────────────────────────────────────────────────────────────────────────────────────────────────────────────────────────────────


#########################################################################################################################################
#########################################################################################################################################
LogLinearSDDP.jl (c) Christian Füllner, 2023
re-uses code from SDDP.jl (c) Oscar Dowson, 2017-2023
problem
  nodes           : 2
  state variables : 1
  scenarios       : 1.00000e+00
  existing cuts   : false
options
  solver          : serial mode
  risk measure    : SDDP.Expectation()
  sampling scheme : SDDP.InSampleMonteCarlo
subproblem structure
  VariableRef                                  : [4, 5]
  JuMP.AffExpr in MOI.EqualTo{Float64}         : [1, 1]
  JuMP.AffExpr in MOI.GreaterThan{Float64}     : [1, 1]
  JuMP.AffExpr in MOI.LessThan{Float64}        : [2, 2]
  JuMP.VariableRef in MOI.GreaterThan{Float64} : [2, 3]
  JuMP.VariableRef in MOI.LessThan{Float64}    : [1, 1]
numerical stability report
  matrix range     [1e+00, 1e+00]
  objective range  [1e+00, 2e+00]
  bounds range     [0e+00, 0e+00]
  rhs range        [4e+00, 6e+00]
||||||||||||||||||||||||||||||||||||||||||||||||||||||||||||||||||||||||||||||||||||||||||||||||||||||||||||||||||||||||||||||||||||||||
PATH
calling 
c:\Users\cg4102\.julia\dev\LogLinearSDDP\src
c:\Users\cg4102\.julia\dev\LogLinearSDDP\examples\model_paper_1.jl
DATETIME
2023-09-11T16:14:48.688
RUN DESCRIPTION

||||||||||||||||||||||||||||||||||||||||||||||||||||||||||||||||||||||||||||||||||||||||||||||||||||||||||||||||||||||||||||||||||||||||
STOPPING RULES
SDDP.IterationLimit(100)
||||||||||||||||||||||||||||||||||||||||||||||||||||||||||||||||||||||||||||||||||||||||||||||||||||||||||||||||||||||||||||||||||||||||
APPLIED SOLVER
LogLinearSDDP.AppliedSolver("Gurobi", 0.0001, 300)
LogLinearSDDP.GAMS_Solver()
Numerical focus: false
Silent: true
||||||||||||||||||||||||||||||||||||||||||||||||||||||||||||||||||||||||||||||||||||||||||||||||||||||||||||||||||||||||||||||||||||||||
PROBLEM DESCRIPTION
Number of stages: 2
Number of realizations per stage: 2
||||||||||||||||||||||||||||||||||||||||||||||||||||||||||||||||||||||||||||||||||||||||||||||||||||||||||||||||||||||||||||||||||||||||
AUTOREGRESSIVE PROCESS DESCRIPTION
Lag order: 1
Max dimension of noises: 1

────────────────────────────────────────────────────────────────────────────────────────────────────────────────────────────────────────────────────────────────────────────────────────────────────────
It.#               LB           Sim.       Gap           Time        It_Time  
                                                          [%]            [s]            [s]      Total  
────────────────────────────────────────────────────────────────────────────────────────────────────────────────────────────────────────────────────────────────────────────────────────────────────────


#########################################################################################################################################
#########################################################################################################################################
LogLinearSDDP.jl (c) Christian Füllner, 2023
re-uses code from SDDP.jl (c) Oscar Dowson, 2017-2023
problem
  nodes           : 2
  state variables : 1
  scenarios       : 1.00000e+00
  existing cuts   : false
options
  solver          : serial mode
  risk measure    : SDDP.Expectation()
  sampling scheme : SDDP.InSampleMonteCarlo
subproblem structure
  VariableRef                                  : [4, 5]
  JuMP.AffExpr in MOI.EqualTo{Float64}         : [1, 1]
  JuMP.AffExpr in MOI.GreaterThan{Float64}     : [1, 1]
  JuMP.AffExpr in MOI.LessThan{Float64}        : [2, 2]
  JuMP.VariableRef in MOI.GreaterThan{Float64} : [2, 3]
  JuMP.VariableRef in MOI.LessThan{Float64}    : [1, 1]
numerical stability report
  matrix range     [1e+00, 1e+00]
  objective range  [1e+00, 2e+00]
  bounds range     [0e+00, 0e+00]
  rhs range        [4e+00, 6e+00]
||||||||||||||||||||||||||||||||||||||||||||||||||||||||||||||||||||||||||||||||||||||||||||||||||||||||||||||||||||||||||||||||||||||||
PATH
calling 
c:\Users\cg4102\.julia\dev\LogLinearSDDP\src
c:\Users\cg4102\.julia\dev\LogLinearSDDP\examples\model_paper_1.jl
DATETIME
2023-09-11T16:15:08.117
RUN DESCRIPTION

||||||||||||||||||||||||||||||||||||||||||||||||||||||||||||||||||||||||||||||||||||||||||||||||||||||||||||||||||||||||||||||||||||||||
STOPPING RULES
SDDP.IterationLimit(100)
||||||||||||||||||||||||||||||||||||||||||||||||||||||||||||||||||||||||||||||||||||||||||||||||||||||||||||||||||||||||||||||||||||||||
APPLIED SOLVER
LogLinearSDDP.AppliedSolver("Gurobi", 0.0001, 300)
LogLinearSDDP.GAMS_Solver()
Numerical focus: false
Silent: true
||||||||||||||||||||||||||||||||||||||||||||||||||||||||||||||||||||||||||||||||||||||||||||||||||||||||||||||||||||||||||||||||||||||||
PROBLEM DESCRIPTION
Number of stages: 2
Number of realizations per stage: 2
||||||||||||||||||||||||||||||||||||||||||||||||||||||||||||||||||||||||||||||||||||||||||||||||||||||||||||||||||||||||||||||||||||||||
AUTOREGRESSIVE PROCESS DESCRIPTION
Lag order: 1
Max dimension of noises: 1

────────────────────────────────────────────────────────────────────────────────────────────────────────────────────────────────────────────────────────────────────────────────────────────────────────
It.#               LB           Sim.       Gap           Time        It_Time  
                                                          [%]            [s]            [s]      Total  
────────────────────────────────────────────────────────────────────────────────────────────────────────────────────────────────────────────────────────────────────────────────────────────────────────


#########################################################################################################################################
#########################################################################################################################################
LogLinearSDDP.jl (c) Christian Füllner, 2023
re-uses code from SDDP.jl (c) Oscar Dowson, 2017-2023
problem
  nodes           : 2
  state variables : 1
  scenarios       : 1.00000e+00
  existing cuts   : false
options
  solver          : serial mode
  risk measure    : SDDP.Expectation()
  sampling scheme : SDDP.InSampleMonteCarlo
subproblem structure
  VariableRef                                  : [4, 5]
  JuMP.AffExpr in MOI.EqualTo{Float64}         : [1, 1]
  JuMP.AffExpr in MOI.GreaterThan{Float64}     : [1, 1]
  JuMP.AffExpr in MOI.LessThan{Float64}        : [2, 2]
  JuMP.VariableRef in MOI.GreaterThan{Float64} : [2, 3]
  JuMP.VariableRef in MOI.LessThan{Float64}    : [1, 1]
numerical stability report
  matrix range     [1e+00, 1e+00]
  objective range  [1e+00, 2e+00]
  bounds range     [0e+00, 0e+00]
  rhs range        [4e+00, 6e+00]
||||||||||||||||||||||||||||||||||||||||||||||||||||||||||||||||||||||||||||||||||||||||||||||||||||||||||||||||||||||||||||||||||||||||
PATH
calling 
c:\Users\cg4102\.julia\dev\LogLinearSDDP\src
c:\Users\cg4102\.julia\dev\LogLinearSDDP\examples\model_paper_1.jl
DATETIME
2023-09-11T16:16:27.184
RUN DESCRIPTION

||||||||||||||||||||||||||||||||||||||||||||||||||||||||||||||||||||||||||||||||||||||||||||||||||||||||||||||||||||||||||||||||||||||||
STOPPING RULES
SDDP.IterationLimit(100)
||||||||||||||||||||||||||||||||||||||||||||||||||||||||||||||||||||||||||||||||||||||||||||||||||||||||||||||||||||||||||||||||||||||||
APPLIED SOLVER
LogLinearSDDP.AppliedSolver("Gurobi", 0.0001, 300)
LogLinearSDDP.GAMS_Solver()
Numerical focus: false
Silent: true
||||||||||||||||||||||||||||||||||||||||||||||||||||||||||||||||||||||||||||||||||||||||||||||||||||||||||||||||||||||||||||||||||||||||
PROBLEM DESCRIPTION
Number of stages: 2
Number of realizations per stage: 2
||||||||||||||||||||||||||||||||||||||||||||||||||||||||||||||||||||||||||||||||||||||||||||||||||||||||||||||||||||||||||||||||||||||||
AUTOREGRESSIVE PROCESS DESCRIPTION
Lag order: 1
Max dimension of noises: 1

────────────────────────────────────────────────────────────────────────────────────────────────────────────────────────────────────────────────────────────────────────────────────────────────────────
It.#               LB           Sim.       Gap           Time        It_Time  
                                                          [%]            [s]            [s]      Total  
────────────────────────────────────────────────────────────────────────────────────────────────────────────────────────────────────────────────────────────────────────────────────────────────────────


#########################################################################################################################################
#########################################################################################################################################
LogLinearSDDP.jl (c) Christian Füllner, 2023
re-uses code from SDDP.jl (c) Oscar Dowson, 2017-2023
problem
  nodes           : 2
  state variables : 1
  scenarios       : 1.00000e+00
  existing cuts   : false
options
  solver          : serial mode
  risk measure    : SDDP.Expectation()
  sampling scheme : SDDP.InSampleMonteCarlo
subproblem structure
  VariableRef                                  : [4, 5]
  JuMP.AffExpr in MOI.EqualTo{Float64}         : [1, 1]
  JuMP.AffExpr in MOI.GreaterThan{Float64}     : [1, 1]
  JuMP.AffExpr in MOI.LessThan{Float64}        : [2, 2]
  JuMP.VariableRef in MOI.GreaterThan{Float64} : [2, 3]
  JuMP.VariableRef in MOI.LessThan{Float64}    : [1, 1]
numerical stability report
  matrix range     [1e+00, 1e+00]
  objective range  [1e+00, 2e+00]
  bounds range     [0e+00, 0e+00]
  rhs range        [4e+00, 6e+00]
||||||||||||||||||||||||||||||||||||||||||||||||||||||||||||||||||||||||||||||||||||||||||||||||||||||||||||||||||||||||||||||||||||||||
PATH
calling 
c:\Users\cg4102\.julia\dev\LogLinearSDDP\src
c:\Users\cg4102\.julia\dev\LogLinearSDDP\examples\model_paper_1.jl
DATETIME
2023-09-11T16:17:21.135
RUN DESCRIPTION

||||||||||||||||||||||||||||||||||||||||||||||||||||||||||||||||||||||||||||||||||||||||||||||||||||||||||||||||||||||||||||||||||||||||
STOPPING RULES
SDDP.IterationLimit(100)
||||||||||||||||||||||||||||||||||||||||||||||||||||||||||||||||||||||||||||||||||||||||||||||||||||||||||||||||||||||||||||||||||||||||
APPLIED SOLVER
LogLinearSDDP.AppliedSolver("Gurobi", 0.0001, 300)
LogLinearSDDP.GAMS_Solver()
Numerical focus: false
Silent: true
||||||||||||||||||||||||||||||||||||||||||||||||||||||||||||||||||||||||||||||||||||||||||||||||||||||||||||||||||||||||||||||||||||||||
PROBLEM DESCRIPTION
Number of stages: 2
Number of realizations per stage: 2
||||||||||||||||||||||||||||||||||||||||||||||||||||||||||||||||||||||||||||||||||||||||||||||||||||||||||||||||||||||||||||||||||||||||
AUTOREGRESSIVE PROCESS DESCRIPTION
Lag order: 1
Max dimension of noises: 1

────────────────────────────────────────────────────────────────────────────────────────────────────────────────────────────────────────────────────────────────────────────────────────────────────────
It.#               LB           Sim.       Gap           Time        It_Time  
                                                          [%]            [s]            [s]      Total  
────────────────────────────────────────────────────────────────────────────────────────────────────────────────────────────────────────────────────────────────────────────────────────────────────────


#########################################################################################################################################
#########################################################################################################################################
LogLinearSDDP.jl (c) Christian Füllner, 2023
re-uses code from SDDP.jl (c) Oscar Dowson, 2017-2023
problem
  nodes           : 2
  state variables : 1
  scenarios       : 1.00000e+00
  existing cuts   : false
options
  solver          : serial mode
  risk measure    : SDDP.Expectation()
  sampling scheme : SDDP.InSampleMonteCarlo
subproblem structure
  VariableRef                                  : [4, 5]
  JuMP.AffExpr in MOI.EqualTo{Float64}         : [1, 1]
  JuMP.AffExpr in MOI.GreaterThan{Float64}     : [1, 1]
  JuMP.AffExpr in MOI.LessThan{Float64}        : [2, 2]
  JuMP.VariableRef in MOI.GreaterThan{Float64} : [2, 3]
  JuMP.VariableRef in MOI.LessThan{Float64}    : [1, 1]
numerical stability report
  matrix range     [1e+00, 1e+00]
  objective range  [1e+00, 2e+00]
  bounds range     [0e+00, 0e+00]
  rhs range        [4e+00, 6e+00]
||||||||||||||||||||||||||||||||||||||||||||||||||||||||||||||||||||||||||||||||||||||||||||||||||||||||||||||||||||||||||||||||||||||||
PATH
calling 
c:\Users\cg4102\.julia\dev\LogLinearSDDP\src
c:\Users\cg4102\.julia\dev\LogLinearSDDP\examples\model_paper_1.jl
DATETIME
2023-09-11T16:18:00.552
RUN DESCRIPTION

||||||||||||||||||||||||||||||||||||||||||||||||||||||||||||||||||||||||||||||||||||||||||||||||||||||||||||||||||||||||||||||||||||||||
STOPPING RULES
SDDP.IterationLimit(100)
||||||||||||||||||||||||||||||||||||||||||||||||||||||||||||||||||||||||||||||||||||||||||||||||||||||||||||||||||||||||||||||||||||||||
APPLIED SOLVER
LogLinearSDDP.AppliedSolver("Gurobi", 0.0001, 300)
LogLinearSDDP.GAMS_Solver()
Numerical focus: false
Silent: true
||||||||||||||||||||||||||||||||||||||||||||||||||||||||||||||||||||||||||||||||||||||||||||||||||||||||||||||||||||||||||||||||||||||||
PROBLEM DESCRIPTION
Number of stages: 2
Number of realizations per stage: 2
||||||||||||||||||||||||||||||||||||||||||||||||||||||||||||||||||||||||||||||||||||||||||||||||||||||||||||||||||||||||||||||||||||||||
AUTOREGRESSIVE PROCESS DESCRIPTION
Lag order: 1
Max dimension of noises: 1

────────────────────────────────────────────────────────────────────────────────────────────────────────────────────────────────────────────────────────────────────────────────────────────────────────
It.#               LB           Sim.       Gap           Time        It_Time  
                                                          [%]            [s]            [s]      Total  
────────────────────────────────────────────────────────────────────────────────────────────────────────────────────────────────────────────────────────────────────────────────────────────────────────


#########################################################################################################################################
#########################################################################################################################################
LogLinearSDDP.jl (c) Christian Füllner, 2023
re-uses code from SDDP.jl (c) Oscar Dowson, 2017-2023
problem
  nodes           : 2
  state variables : 1
  scenarios       : 1.00000e+00
  existing cuts   : false
options
  solver          : serial mode
  risk measure    : SDDP.Expectation()
  sampling scheme : SDDP.InSampleMonteCarlo
subproblem structure
  VariableRef                                  : [4, 5]
  JuMP.AffExpr in MOI.EqualTo{Float64}         : [1, 1]
  JuMP.AffExpr in MOI.GreaterThan{Float64}     : [1, 1]
  JuMP.AffExpr in MOI.LessThan{Float64}        : [2, 2]
  JuMP.VariableRef in MOI.GreaterThan{Float64} : [2, 3]
  JuMP.VariableRef in MOI.LessThan{Float64}    : [1, 1]
numerical stability report
  matrix range     [1e+00, 1e+00]
  objective range  [1e+00, 2e+00]
  bounds range     [0e+00, 0e+00]
  rhs range        [4e+00, 6e+00]
||||||||||||||||||||||||||||||||||||||||||||||||||||||||||||||||||||||||||||||||||||||||||||||||||||||||||||||||||||||||||||||||||||||||
PATH
calling 
c:\Users\cg4102\.julia\dev\LogLinearSDDP\src
c:\Users\cg4102\.julia\dev\LogLinearSDDP\examples\model_paper_1.jl
DATETIME
2023-09-11T16:18:41.208
RUN DESCRIPTION

||||||||||||||||||||||||||||||||||||||||||||||||||||||||||||||||||||||||||||||||||||||||||||||||||||||||||||||||||||||||||||||||||||||||
STOPPING RULES
SDDP.IterationLimit(100)
||||||||||||||||||||||||||||||||||||||||||||||||||||||||||||||||||||||||||||||||||||||||||||||||||||||||||||||||||||||||||||||||||||||||
APPLIED SOLVER
LogLinearSDDP.AppliedSolver("Gurobi", 0.0001, 300)
LogLinearSDDP.GAMS_Solver()
Numerical focus: false
Silent: true
||||||||||||||||||||||||||||||||||||||||||||||||||||||||||||||||||||||||||||||||||||||||||||||||||||||||||||||||||||||||||||||||||||||||
PROBLEM DESCRIPTION
Number of stages: 2
Number of realizations per stage: 2
||||||||||||||||||||||||||||||||||||||||||||||||||||||||||||||||||||||||||||||||||||||||||||||||||||||||||||||||||||||||||||||||||||||||
AUTOREGRESSIVE PROCESS DESCRIPTION
Lag order: 1
Max dimension of noises: 1

────────────────────────────────────────────────────────────────────────────────────────────────────────────────────────────────────────────────────────────────────────────────────────────────────────
It.#               LB           Sim.       Gap           Time        It_Time  
                                                          [%]            [s]            [s]      Total  
────────────────────────────────────────────────────────────────────────────────────────────────────────────────────────────────────────────────────────────────────────────────────────────────────────


#########################################################################################################################################
#########################################################################################################################################
LogLinearSDDP.jl (c) Christian Füllner, 2023
re-uses code from SDDP.jl (c) Oscar Dowson, 2017-2023
problem
  nodes           : 2
  state variables : 1
  scenarios       : 1.00000e+00
  existing cuts   : false
options
  solver          : serial mode
  risk measure    : SDDP.Expectation()
  sampling scheme : SDDP.InSampleMonteCarlo
subproblem structure
  VariableRef                                  : [4, 5]
  JuMP.AffExpr in MOI.EqualTo{Float64}         : [1, 1]
  JuMP.AffExpr in MOI.GreaterThan{Float64}     : [1, 1]
  JuMP.AffExpr in MOI.LessThan{Float64}        : [2, 2]
  JuMP.VariableRef in MOI.GreaterThan{Float64} : [2, 3]
  JuMP.VariableRef in MOI.LessThan{Float64}    : [1, 1]
numerical stability report
  matrix range     [1e+00, 1e+00]
  objective range  [1e+00, 2e+00]
  bounds range     [0e+00, 0e+00]
  rhs range        [4e+00, 6e+00]
||||||||||||||||||||||||||||||||||||||||||||||||||||||||||||||||||||||||||||||||||||||||||||||||||||||||||||||||||||||||||||||||||||||||
PATH
calling 
c:\Users\cg4102\.julia\dev\LogLinearSDDP\src
c:\Users\cg4102\.julia\dev\LogLinearSDDP\examples\model_paper_1.jl
DATETIME
2023-09-11T16:20:38.015
RUN DESCRIPTION

||||||||||||||||||||||||||||||||||||||||||||||||||||||||||||||||||||||||||||||||||||||||||||||||||||||||||||||||||||||||||||||||||||||||
STOPPING RULES
SDDP.IterationLimit(100)
||||||||||||||||||||||||||||||||||||||||||||||||||||||||||||||||||||||||||||||||||||||||||||||||||||||||||||||||||||||||||||||||||||||||
APPLIED SOLVER
LogLinearSDDP.AppliedSolver("Gurobi", 0.0001, 300)
LogLinearSDDP.GAMS_Solver()
Numerical focus: false
Silent: true
||||||||||||||||||||||||||||||||||||||||||||||||||||||||||||||||||||||||||||||||||||||||||||||||||||||||||||||||||||||||||||||||||||||||
PROBLEM DESCRIPTION
Number of stages: 2
Number of realizations per stage: 2
||||||||||||||||||||||||||||||||||||||||||||||||||||||||||||||||||||||||||||||||||||||||||||||||||||||||||||||||||||||||||||||||||||||||
AUTOREGRESSIVE PROCESS DESCRIPTION
Lag order: 1
Max dimension of noises: 1

────────────────────────────────────────────────────────────────────────────────────────────────────────────────────────────────────────────────────────────────────────────────────────────────────────
It.#               LB           Sim.       Gap           Time        It_Time  
                                                          [%]            [s]            [s]      Total  
────────────────────────────────────────────────────────────────────────────────────────────────────────────────────────────────────────────────────────────────────────────────────────────────────────


#########################################################################################################################################
#########################################################################################################################################
LogLinearSDDP.jl (c) Christian Füllner, 2023
re-uses code from SDDP.jl (c) Oscar Dowson, 2017-2023
problem
  nodes           : 2
  state variables : 1
  scenarios       : 1.00000e+00
  existing cuts   : false
options
  solver          : serial mode
  risk measure    : SDDP.Expectation()
  sampling scheme : SDDP.InSampleMonteCarlo
subproblem structure
  VariableRef                                  : [4, 5]
  JuMP.AffExpr in MOI.EqualTo{Float64}         : [1, 1]
  JuMP.AffExpr in MOI.GreaterThan{Float64}     : [1, 1]
  JuMP.AffExpr in MOI.LessThan{Float64}        : [2, 2]
  JuMP.VariableRef in MOI.GreaterThan{Float64} : [2, 3]
  JuMP.VariableRef in MOI.LessThan{Float64}    : [1, 1]
numerical stability report
  matrix range     [1e+00, 1e+00]
  objective range  [1e+00, 2e+00]
  bounds range     [0e+00, 0e+00]
  rhs range        [4e+00, 6e+00]
||||||||||||||||||||||||||||||||||||||||||||||||||||||||||||||||||||||||||||||||||||||||||||||||||||||||||||||||||||||||||||||||||||||||
PATH
calling 
c:\Users\cg4102\.julia\dev\LogLinearSDDP\src
c:\Users\cg4102\.julia\dev\LogLinearSDDP\examples\model_paper_1.jl
DATETIME
2023-09-11T16:27:33.043
RUN DESCRIPTION

||||||||||||||||||||||||||||||||||||||||||||||||||||||||||||||||||||||||||||||||||||||||||||||||||||||||||||||||||||||||||||||||||||||||
STOPPING RULES
SDDP.IterationLimit(100)
||||||||||||||||||||||||||||||||||||||||||||||||||||||||||||||||||||||||||||||||||||||||||||||||||||||||||||||||||||||||||||||||||||||||
APPLIED SOLVER
LogLinearSDDP.AppliedSolver("Gurobi", 0.0001, 300)
LogLinearSDDP.GAMS_Solver()
Numerical focus: false
Silent: true
||||||||||||||||||||||||||||||||||||||||||||||||||||||||||||||||||||||||||||||||||||||||||||||||||||||||||||||||||||||||||||||||||||||||
PROBLEM DESCRIPTION
Number of stages: 2
Number of realizations per stage: 2
||||||||||||||||||||||||||||||||||||||||||||||||||||||||||||||||||||||||||||||||||||||||||||||||||||||||||||||||||||||||||||||||||||||||
AUTOREGRESSIVE PROCESS DESCRIPTION
Lag order: 1
Max dimension of noises: 1

────────────────────────────────────────────────────────────────────────────────────────────────────────────────────────────────────────────────────────────────────────────────────────────────────────
It.#               LB           Sim.       Gap           Time        It_Time  
                                                          [%]            [s]            [s]      Total  
────────────────────────────────────────────────────────────────────────────────────────────────────────────────────────────────────────────────────────────────────────────────────────────────────────


#########################################################################################################################################
#########################################################################################################################################
LogLinearSDDP.jl (c) Christian Füllner, 2023
re-uses code from SDDP.jl (c) Oscar Dowson, 2017-2023
problem
  nodes           : 2
  state variables : 1
  scenarios       : 1.00000e+00
  existing cuts   : false
options
  solver          : serial mode
  risk measure    : SDDP.Expectation()
  sampling scheme : SDDP.InSampleMonteCarlo
subproblem structure
  VariableRef                                  : [4, 5]
  JuMP.AffExpr in MOI.EqualTo{Float64}         : [1, 1]
  JuMP.AffExpr in MOI.GreaterThan{Float64}     : [1, 1]
  JuMP.AffExpr in MOI.LessThan{Float64}        : [2, 2]
  JuMP.VariableRef in MOI.GreaterThan{Float64} : [2, 3]
  JuMP.VariableRef in MOI.LessThan{Float64}    : [1, 1]
numerical stability report
  matrix range     [1e+00, 1e+00]
  objective range  [1e+00, 2e+00]
  bounds range     [0e+00, 0e+00]
  rhs range        [4e+00, 6e+00]
||||||||||||||||||||||||||||||||||||||||||||||||||||||||||||||||||||||||||||||||||||||||||||||||||||||||||||||||||||||||||||||||||||||||
PATH
calling 
c:\Users\cg4102\.julia\dev\LogLinearSDDP\src
c:\Users\cg4102\.julia\dev\LogLinearSDDP\examples\model_paper_1.jl
DATETIME
2023-09-11T16:28:20.599
RUN DESCRIPTION

||||||||||||||||||||||||||||||||||||||||||||||||||||||||||||||||||||||||||||||||||||||||||||||||||||||||||||||||||||||||||||||||||||||||
STOPPING RULES
SDDP.IterationLimit(100)
||||||||||||||||||||||||||||||||||||||||||||||||||||||||||||||||||||||||||||||||||||||||||||||||||||||||||||||||||||||||||||||||||||||||
APPLIED SOLVER
LogLinearSDDP.AppliedSolver("Gurobi", 0.0001, 300)
LogLinearSDDP.GAMS_Solver()
Numerical focus: false
Silent: true
||||||||||||||||||||||||||||||||||||||||||||||||||||||||||||||||||||||||||||||||||||||||||||||||||||||||||||||||||||||||||||||||||||||||
PROBLEM DESCRIPTION
Number of stages: 2
Number of realizations per stage: 2
||||||||||||||||||||||||||||||||||||||||||||||||||||||||||||||||||||||||||||||||||||||||||||||||||||||||||||||||||||||||||||||||||||||||
AUTOREGRESSIVE PROCESS DESCRIPTION
Lag order: 1
Max dimension of noises: 1

────────────────────────────────────────────────────────────────────────────────────────────────────────────────────────────────────────────────────────────────────────────────────────────────────────
It.#               LB           Sim.       Gap           Time        It_Time  
                                                          [%]            [s]            [s]      Total  
────────────────────────────────────────────────────────────────────────────────────────────────────────────────────────────────────────────────────────────────────────────────────────────────────────


#########################################################################################################################################
#########################################################################################################################################
LogLinearSDDP.jl (c) Christian Füllner, 2023
re-uses code from SDDP.jl (c) Oscar Dowson, 2017-2023
problem
  nodes           : 2
  state variables : 1
  scenarios       : 1.00000e+00
  existing cuts   : false
options
  solver          : serial mode
  risk measure    : SDDP.Expectation()
  sampling scheme : SDDP.InSampleMonteCarlo
subproblem structure
  VariableRef                                  : [4, 5]
  JuMP.AffExpr in MOI.EqualTo{Float64}         : [1, 1]
  JuMP.AffExpr in MOI.GreaterThan{Float64}     : [1, 1]
  JuMP.AffExpr in MOI.LessThan{Float64}        : [2, 2]
  JuMP.VariableRef in MOI.GreaterThan{Float64} : [2, 3]
  JuMP.VariableRef in MOI.LessThan{Float64}    : [1, 1]
numerical stability report
  matrix range     [1e+00, 1e+00]
  objective range  [1e+00, 2e+00]
  bounds range     [0e+00, 0e+00]
  rhs range        [4e+00, 6e+00]
||||||||||||||||||||||||||||||||||||||||||||||||||||||||||||||||||||||||||||||||||||||||||||||||||||||||||||||||||||||||||||||||||||||||
PATH
calling 
c:\Users\cg4102\.julia\dev\LogLinearSDDP\src
c:\Users\cg4102\.julia\dev\LogLinearSDDP\examples\model_paper_1.jl
DATETIME
2023-09-11T16:29:23.842
RUN DESCRIPTION

||||||||||||||||||||||||||||||||||||||||||||||||||||||||||||||||||||||||||||||||||||||||||||||||||||||||||||||||||||||||||||||||||||||||
STOPPING RULES
SDDP.IterationLimit(100)
||||||||||||||||||||||||||||||||||||||||||||||||||||||||||||||||||||||||||||||||||||||||||||||||||||||||||||||||||||||||||||||||||||||||
APPLIED SOLVER
LogLinearSDDP.AppliedSolver("Gurobi", 0.0001, 300)
LogLinearSDDP.GAMS_Solver()
Numerical focus: false
Silent: true
||||||||||||||||||||||||||||||||||||||||||||||||||||||||||||||||||||||||||||||||||||||||||||||||||||||||||||||||||||||||||||||||||||||||
PROBLEM DESCRIPTION
Number of stages: 2
Number of realizations per stage: 2
||||||||||||||||||||||||||||||||||||||||||||||||||||||||||||||||||||||||||||||||||||||||||||||||||||||||||||||||||||||||||||||||||||||||
AUTOREGRESSIVE PROCESS DESCRIPTION
Lag order: 1
Max dimension of noises: 1

────────────────────────────────────────────────────────────────────────────────────────────────────────────────────────────────────────────────────────────────────────────────────────────────────────
It.#               LB           Sim.       Gap           Time        It_Time  
                                                          [%]            [s]            [s]      Total  
────────────────────────────────────────────────────────────────────────────────────────────────────────────────────────────────────────────────────────────────────────────────────────────────────────


#########################################################################################################################################
#########################################################################################################################################
LogLinearSDDP.jl (c) Christian Füllner, 2023
re-uses code from SDDP.jl (c) Oscar Dowson, 2017-2023
problem
  nodes           : 2
  state variables : 1
  scenarios       : 1.00000e+00
  existing cuts   : false
options
  solver          : serial mode
  risk measure    : SDDP.Expectation()
  sampling scheme : SDDP.InSampleMonteCarlo
subproblem structure
  VariableRef                                  : [4, 5]
  JuMP.AffExpr in MOI.EqualTo{Float64}         : [1, 1]
  JuMP.AffExpr in MOI.GreaterThan{Float64}     : [1, 1]
  JuMP.AffExpr in MOI.LessThan{Float64}        : [2, 2]
  JuMP.VariableRef in MOI.GreaterThan{Float64} : [2, 3]
  JuMP.VariableRef in MOI.LessThan{Float64}    : [1, 1]
numerical stability report
  matrix range     [1e+00, 1e+00]
  objective range  [1e+00, 2e+00]
  bounds range     [0e+00, 0e+00]
  rhs range        [4e+00, 6e+00]
||||||||||||||||||||||||||||||||||||||||||||||||||||||||||||||||||||||||||||||||||||||||||||||||||||||||||||||||||||||||||||||||||||||||
PATH
calling 
c:\Users\cg4102\.julia\dev\LogLinearSDDP\src
c:\Users\cg4102\.julia\dev\LogLinearSDDP\examples\model_paper_1.jl
DATETIME
2023-09-11T16:36:01.222
RUN DESCRIPTION

||||||||||||||||||||||||||||||||||||||||||||||||||||||||||||||||||||||||||||||||||||||||||||||||||||||||||||||||||||||||||||||||||||||||
STOPPING RULES
SDDP.IterationLimit(100)
||||||||||||||||||||||||||||||||||||||||||||||||||||||||||||||||||||||||||||||||||||||||||||||||||||||||||||||||||||||||||||||||||||||||
APPLIED SOLVER
LogLinearSDDP.AppliedSolver("Gurobi", 0.0001, 300)
LogLinearSDDP.GAMS_Solver()
Numerical focus: false
Silent: true
||||||||||||||||||||||||||||||||||||||||||||||||||||||||||||||||||||||||||||||||||||||||||||||||||||||||||||||||||||||||||||||||||||||||
PROBLEM DESCRIPTION
Number of stages: 2
Number of realizations per stage: 2
||||||||||||||||||||||||||||||||||||||||||||||||||||||||||||||||||||||||||||||||||||||||||||||||||||||||||||||||||||||||||||||||||||||||
AUTOREGRESSIVE PROCESS DESCRIPTION
Lag order: 1
Max dimension of noises: 1

────────────────────────────────────────────────────────────────────────────────────────────────────────────────────────────────────────────────────────────────────────────────────────────────────────
It.#               LB           Sim.       Gap           Time        It_Time  
                                                          [%]            [s]            [s]      Total  
────────────────────────────────────────────────────────────────────────────────────────────────────────────────────────────────────────────────────────────────────────────────────────────────────────
