||||||||||||||||||||||||||||||||||||||||||||||||||||||||||||||||||||||||||||||||||||||||||||||||||||||||||||||||||||||||||||||||||||||||
PATH
calling 
C:\Users\cg4102\Documents\New LogLinearSDDP\LogLinearSDDP.jl\Examples\Hydrothermal
C:\Users\cg4102\Documents\New LogLinearSDDP\LogLinearSDDP.jl\Examples\Hydrothermal\run_model_linearized.jl
DATETIME
2025-04-03T19:52:50.712
RUN DESCRIPTION
LogLinearSDDP.AlgoParams(SDDP.AbstractStoppingRule[SDDP.TimeLimit(7200.0)], LogLinearSDDP.Simulation(SDDP.InSampleMonteCarlo(0, false, true, SDDP.var"#155#158"{SDDP.var"#156#159"}(SDDP.var"#156#159"(), Core.Box(0)), nothing), 2000, 11111), false, 2, 1, "C:/Users/cg4102/Documents/julia_logs/Cut-sharing Final Run (2h) - NoCS/Run_fitted_model_11111/LinearizedSDDP.log", false, false, false, 11111, "", :fitted_model)
-------------------------------------------------------------------
         SDDP.jl (c) Oscar Dowson and contributors, 2017-23
-------------------------------------------------------------------
problem
  nodes           : 120
  state variables : 8
  scenarios       : 1.00000e+238
  existing cuts   : false
options
  solver          : serial mode
  risk measure    : SDDP.Expectation()
  sampling scheme : SDDP.InSampleMonteCarlo
subproblem structure
  VariableRef                                  : [170, 174]
  JuMP.AffExpr in MOI.EqualTo{Float64}         : [13, 13]
  JuMP.VariableRef in MOI.EqualTo{Float64}     : [1, 1]
  JuMP.VariableRef in MOI.GreaterThan{Float64} : [157, 157]
  JuMP.VariableRef in MOI.LessThan{Float64}    : [148, 149]
-------------------------------------------------------------------
 iteration    simulation      bound        time (s)     solves  pid
-------------------------------------------------------------------
         1   2.136785e+09  2.450955e+05  2.344000e+00     12021   1
         2   1.599162e+09  2.450955e+05  4.562000e+00     24042   1
         3   1.489163e+09  2.450955e+05  6.844000e+00     36063   1
         4   9.336818e+08  1.480408e+06  9.095000e+00     48084   1
         5   8.426953e+08  2.772403e+06  1.136000e+01     60105   1
         6   9.139901e+08  2.884746e+06  1.368800e+01     72126   1
         7   8.190718e+08  3.012578e+06  1.596900e+01     84147   1
         8   7.221363e+08  3.063087e+06  1.825100e+01     96168   1
         9   7.168385e+08  3.850452e+06  2.056300e+01    108189   1
        10   8.057198e+08  4.839936e+06  2.287600e+01    120210   1
        11   3.898276e+08  4.953046e+06  2.517300e+01    132231   1
        12   4.186024e+08  1.099879e+07  2.748600e+01    144252   1
        13   6.244902e+08  1.370939e+07  2.981400e+01    156273   1
        14   6.637460e+08  1.468682e+07  3.212600e+01    168294   1
        15   5.166339e+08  1.477043e+07  3.447000e+01    180315   1
        16   4.006627e+08  1.723937e+07  3.678400e+01    192336   1
        17   3.131921e+08  1.761992e+07  3.909600e+01    204357   1
        18   3.340621e+08  2.368166e+07  4.145500e+01    216378   1
        19   4.122924e+08  2.631279e+07  4.379900e+01    228399   1
        20   4.348115e+08  2.678260e+07  4.611200e+01    240420   1
        21   9.971409e+08  2.714666e+07  4.853400e+01    252441   1
        22   4.728764e+08  2.771530e+07  5.088000e+01    264462   1
        23   5.607958e+08  2.847008e+07  5.323900e+01    276483   1
        24   2.445285e+08  2.864452e+07  5.561400e+01    288504   1
        25   2.631400e+08  2.999138e+07  5.797400e+01    300525   1
        26   5.978396e+08  3.018246e+07  6.034800e+01    312546   1
        27   5.361912e+08  3.043100e+07  6.277000e+01    324567   1
        28   3.241660e+08  3.076944e+07  6.517600e+01    336588   1
        29   4.832524e+08  3.091316e+07  6.761500e+01    348609   1
        30   1.983965e+08  4.204964e+07  6.997500e+01    360630   1
        31   8.049310e+08  4.239955e+07  7.241200e+01    372651   1
        32   2.962838e+08  4.276626e+07  7.484900e+01    384672   1
        33   2.560404e+08  4.291208e+07  7.728700e+01    396693   1
        34   2.261734e+08  6.229528e+07  7.969500e+01    408714   1
        35   3.756539e+08  6.239780e+07  8.214800e+01    420735   1
        36   2.219833e+08  6.349001e+07  8.464800e+01    432756   1
        37   3.459129e+08  6.552634e+07  8.711700e+01    444777   1
        38   3.230433e+08  6.583966e+07  8.955400e+01    456798   1
        39   4.209056e+08  6.587037e+07  9.210100e+01    468819   1
        40   2.583232e+08  7.675818e+07  9.458500e+01    480840   1
        41   9.021378e+08  7.762440e+07  9.711800e+01    492861   1
        42   4.896098e+08  7.802453e+07  9.964900e+01    504882   1
        43   2.134718e+08  7.803190e+07  1.021490e+02    516903   1
        44   3.774813e+08  7.808013e+07  1.046960e+02    528924   1
        45   4.889309e+08  7.809725e+07  1.072580e+02    540945   1
        46   3.282056e+08  7.824418e+07  1.098070e+02    552966   1
        47   3.795562e+08  7.843493e+07  1.123860e+02    564987   1
        48   5.128787e+08  7.917629e+07  1.149800e+02    577008   1
        49   2.211116e+08  7.918647e+07  1.175110e+02    589029   1
        50   1.833002e+08  7.938621e+07  1.200890e+02    601050   1
        51   3.881980e+08  7.941622e+07  1.227450e+02    613071   1
        52   3.990060e+08  7.942073e+07  1.253710e+02    625092   1
        53   5.499363e+08  8.000081e+07  1.280120e+02    637113   1
        54   1.286062e+09  8.025743e+07  1.307300e+02    649134   1
        55   3.527593e+08  8.072783e+07  1.334030e+02    661155   1
        56   3.878475e+08  8.086427e+07  1.360280e+02    673176   1
        57   2.228466e+08  8.171985e+07  1.386990e+02    685197   1
        58   2.674869e+08  8.181019e+07  1.413870e+02    697218   1
        59   1.915252e+08  9.089332e+07  1.440280e+02    709239   1
        60   5.255570e+08  9.101069e+07  1.467470e+02    721260   1
        61   8.103767e+08  9.109428e+07  1.494650e+02    733281   1
        62   1.732119e+08  9.116934e+07  1.521680e+02    745302   1
        63   3.543232e+08  9.150586e+07  1.549360e+02    757323   1
        64   1.830657e+08  9.170316e+07  1.576230e+02    769344   1
        65   3.172507e+08  9.170345e+07  1.603730e+02    781365   1
        66   2.082170e+08  9.498427e+07  1.631540e+02    793386   1
        67   2.512253e+08  9.509454e+07  1.659200e+02    805407   1
        68   2.017644e+08  9.514049e+07  1.686230e+02    817428   1
        69   2.505761e+08  9.526695e+07  1.714210e+02    829449   1
        70   6.004980e+08  9.573894e+07  1.741860e+02    841470   1
        71   1.901476e+08  9.626573e+07  1.769370e+02    853491   1
        72   4.671528e+08  1.039595e+08  1.797490e+02    865512   1
        73   3.998061e+08  1.043954e+08  1.825630e+02    877533   1
        74   1.477036e+08  1.051202e+08  1.853290e+02    889554   1
        75   2.430723e+08  1.054755e+08  1.881890e+02    901575   1
        76   3.364677e+08  1.056548e+08  1.910490e+02    913596   1
        77   2.503084e+08  1.060511e+08  1.938620e+02    925617   1
        78   2.852619e+08  1.065538e+08  1.967540e+02    937638   1
        79   2.836260e+08  1.067520e+08  1.995670e+02    949659   1
        80   2.250269e+08  1.072207e+08  2.024260e+02    961680   1
        81   1.373850e+08  1.081693e+08  2.052860e+02    973701   1
        82   2.103117e+08  1.082275e+08  2.081450e+02    985722   1
        83   6.953821e+08  1.088402e+08  2.110360e+02    997743   1
        84   2.571766e+08  1.098523e+08  2.139590e+02   1009764   1
        85   2.550630e+08  1.099564e+08  2.168340e+02   1021785   1
        86   1.569442e+08  1.106422e+08  2.197090e+02   1033806   1
        87   2.831931e+08  1.108031e+08  2.226930e+02   1045827   1
        88   2.886639e+08  1.111045e+08  2.256780e+02   1057848   1
        89   7.559085e+08  1.111749e+08  2.286630e+02   1069869   1
        90   3.546821e+08  1.113388e+08  2.316940e+02   1081890   1
        91   3.882386e+08  1.113452e+08  2.347100e+02   1093911   1
        92   3.372935e+08  1.114079e+08  2.376940e+02   1105932   1
        93   4.785090e+08  1.114756e+08  2.406790e+02   1117953   1
        94   2.704782e+08  1.115696e+08  2.436480e+02   1129974   1
        95   2.879549e+08  1.118380e+08  2.466640e+02   1141995   1
        96   3.003353e+08  1.120921e+08  2.497110e+02   1154016   1
        97   5.039082e+08  1.122102e+08  2.527580e+02   1166037   1
        98   4.602034e+08  1.122625e+08  2.558050e+02   1178058   1
        99   2.247040e+08  1.124025e+08  2.588380e+02   1190079   1
       100   2.082239e+08  1.189860e+08  2.618220e+02   1202100   1
       101   1.350978e+08  1.191175e+08  2.647910e+02   1214121   1
       102   2.633490e+08  1.196144e+08  2.678690e+02   1226142   1
       103   4.878445e+08  1.200941e+08  2.709000e+02   1238163   1
       104   6.341725e+08  1.204710e+08  2.739950e+02   1250184   1
       105   2.129919e+08  1.206268e+08  2.771040e+02   1262205   1
       106   3.549542e+08  1.209590e+08  2.801970e+02   1274226   1
       107   2.149145e+08  1.211602e+08  2.832440e+02   1286247   1
       108   4.230540e+08  1.211903e+08  2.863550e+02   1298268   1
       109   5.425539e+08  1.213505e+08  2.894180e+02   1310289   1
       110   4.371516e+08  1.213972e+08  2.925270e+02   1322310   1
       111   1.159437e+08  1.214854e+08  2.956210e+02   1334331   1
       112   1.952129e+08  1.215501e+08  2.987300e+02   1346352   1
       113   2.040266e+08  1.216698e+08  3.018080e+02   1358373   1
       114   4.531623e+08  1.217155e+08  3.049480e+02   1370394   1
       115   2.412585e+08  1.217902e+08  3.080420e+02   1382415   1
       116   2.431787e+08  1.218412e+08  3.111830e+02   1394436   1
       117   2.449079e+08  1.218699e+08  3.143700e+02   1406457   1
       118   1.543445e+08  1.219076e+08  3.174660e+02   1418478   1
       119   2.712862e+08  1.225852e+08  3.206850e+02   1430499   1
       120   2.930172e+08  1.227520e+08  3.239030e+02   1442520   1
       121   1.675708e+08  1.228227e+08  3.270440e+02   1454541   1
       122   2.316933e+08  1.235044e+08  3.302000e+02   1466562   1
       123   4.203803e+08  1.236867e+08  3.333720e+02   1478583   1
       124   1.641493e+08  1.237574e+08  3.365280e+02   1490604   1
       125   3.399605e+08  1.238616e+08  3.397000e+02   1502625   1
       126   2.965972e+08  1.238968e+08  3.429660e+02   1514646   1
       127   1.977364e+08  1.239247e+08  3.461530e+02   1526667   1
       128   4.791264e+08  1.253104e+08  3.493560e+02   1538688   1
       129   2.512576e+08  1.267867e+08  3.526060e+02   1550709   1
       130   1.700888e+08  1.273091e+08  3.557780e+02   1562730   1
       131   4.122222e+08  1.276981e+08  3.590430e+02   1574751   1
       132   2.396178e+08  1.278530e+08  3.623400e+02   1586772   1
       133   1.979126e+08  1.279693e+08  3.656380e+02   1598793   1
       134   2.130649e+08  1.280329e+08  3.688570e+02   1610814   1
       135   1.466890e+08  1.280896e+08  3.721550e+02   1622835   1
       136   4.921816e+08  1.281061e+08  3.755300e+02   1634856   1
       137   5.980432e+08  1.283797e+08  3.788740e+02   1646877   1
       138   3.234061e+08  1.285851e+08  3.822030e+02   1658898   1
       139   3.176323e+08  1.303842e+08  3.855620e+02   1670919   1
       140   2.348856e+08  1.304630e+08  3.888760e+02   1682940   1
       141   1.606409e+08  1.315310e+08  3.922510e+02   1694961   1
       142   5.055552e+08  1.316432e+08  3.956110e+02   1706982   1
       143   2.172583e+08  1.317541e+08  3.989710e+02   1719003   1
       144   7.253232e+08  1.320335e+08  4.023450e+02   1731024   1
       145   2.557751e+08  1.321165e+08  4.057210e+02   1743045   1
       146   6.257604e+08  1.321626e+08  4.090800e+02   1755066   1
       147   2.337455e+08  1.322840e+08  4.124870e+02   1767087   1
       148   8.131347e+08  1.323805e+08  4.159090e+02   1779108   1
       149   3.736593e+08  1.325009e+08  4.192840e+02   1791129   1
       150   2.644261e+08  1.325773e+08  4.227220e+02   1803150   1
       151   2.185115e+08  1.326014e+08  4.260970e+02   1815171   1
       152   4.082314e+08  1.326073e+08  4.295660e+02   1827192   1
       153   1.817415e+08  1.326351e+08  4.329730e+02   1839213   1
       154   1.876822e+08  1.327105e+08  4.363490e+02   1851234   1
       155   2.169633e+08  1.328062e+08  4.397870e+02   1863255   1
       156   1.354167e+08  1.328376e+08  4.432250e+02   1875276   1
       157   2.444513e+08  1.331245e+08  4.466470e+02   1887297   1
       158   1.400602e+08  1.335042e+08  4.501000e+02   1899318   1
       159   1.479252e+08  1.340207e+08  4.535540e+02   1911339   1
       160   2.275051e+08  1.341084e+08  4.570240e+02   1923360   1
       161   4.314829e+08  1.343177e+08  4.605390e+02   1935381   1
       162   1.722708e+08  1.345961e+08  4.640550e+02   1947402   1
       163   3.987264e+08  1.347839e+08  4.676170e+02   1959423   1
       164   1.462673e+08  1.347861e+08  4.711330e+02   1971444   1
       165   1.531932e+08  1.348211e+08  4.746320e+02   1983465   1
       166   2.510062e+08  1.350025e+08  4.781640e+02   1995486   1
       167   1.815402e+08  1.352960e+08  4.816640e+02   2007507   1
       168   3.139047e+08  1.354910e+08  4.851640e+02   2019528   1
       169   1.810219e+08  1.356468e+08  4.886490e+02   2031549   1
       170   1.953402e+08  1.357077e+08  4.921950e+02   2043570   1
       171   5.001009e+08  1.358252e+08  4.957270e+02   2055591   1
       172   1.964097e+08  1.360033e+08  4.992420e+02   2067612   1
       173   3.310535e+08  1.363836e+08  5.029920e+02   2079633   1
       174   2.562371e+08  1.365938e+08  5.066330e+02   2091654   1
       175   4.027475e+08  1.366468e+08  5.103670e+02   2103675   1
       176   2.032679e+08  1.367476e+08  5.141010e+02   2115696   1
       177   2.098372e+08  1.369318e+08  5.178050e+02   2127717   1
       178   3.074715e+08  1.370112e+08  5.215870e+02   2139738   1
       179   4.138015e+08  1.373890e+08  5.254620e+02   2151759   1
       180   1.421137e+08  1.375136e+08  5.292280e+02   2163780   1
       181   4.276894e+08  1.375453e+08  5.330400e+02   2175801   1
       182   1.734523e+08  1.379885e+08  5.368540e+02   2187822   1
       183   2.568351e+08  1.381115e+08  5.406190e+02   2199843   1
       184   1.782314e+08  1.383632e+08  5.444320e+02   2211864   1
       185   2.674470e+08  1.385034e+08  5.483380e+02   2223885   1
       186   1.903395e+08  1.386132e+08  5.521520e+02   2235906   1
       187   3.247481e+08  1.387419e+08  5.561050e+02   2247927   1
       188   1.634576e+08  1.388611e+08  5.599500e+02   2259948   1
       189   2.578864e+08  1.394825e+08  5.638250e+02   2271969   1
       190   1.490066e+08  1.394882e+08  5.676540e+02   2283990   1
       191   1.567153e+08  1.398372e+08  5.715620e+02   2296011   1
       192   4.364048e+08  1.399192e+08  5.755000e+02   2308032   1
       193   3.013066e+08  1.399220e+08  5.794680e+02   2320053   1
       194   2.719778e+08  1.404282e+08  5.833740e+02   2332074   1
       195   3.178762e+08  1.405182e+08  5.872820e+02   2344095   1
       196   2.892917e+08  1.405493e+08  5.912820e+02   2356116   1
       197   3.412198e+08  1.405885e+08  5.952500e+02   2368137   1
       198   3.598495e+08  1.409170e+08  5.991880e+02   2380158   1
       199   3.738759e+08  1.409345e+08  6.031410e+02   2392179   1
       200   3.175394e+08  1.411391e+08  6.071410e+02   2404200   1
       201   1.795902e+08  1.411489e+08  6.110640e+02   2416221   1
       202   2.060525e+08  1.412087e+08  6.150170e+02   2428242   1
       203   1.623404e+08  1.414332e+08  6.190170e+02   2440263   1
       204   2.014023e+08  1.415561e+08  6.229700e+02   2452284   1
       205   3.076325e+08  1.419456e+08  6.270170e+02   2464305   1
       206   2.266022e+08  1.420636e+08  6.310170e+02   2476326   1
       207   3.346096e+08  1.421861e+08  6.349860e+02   2488347   1
       208   2.743887e+08  1.422731e+08  6.388930e+02   2500368   1
       209   2.597286e+08  1.424048e+08  6.427840e+02   2512389   1
       210   1.751354e+08  1.424421e+08  6.466270e+02   2524410   1
       211   1.670438e+08  1.424958e+08  6.505180e+02   2536431   1
       212   1.951148e+08  1.425194e+08  6.543460e+02   2548452   1
       213   2.356581e+08  1.425675e+08  6.582360e+02   2560473   1
       214   1.803916e+08  1.426031e+08  6.621420e+02   2572494   1
       215   2.256244e+08  1.426712e+08  6.660800e+02   2584515   1
       216   1.401814e+08  1.431456e+08  6.699410e+02   2596536   1
       217   5.517866e+08  1.431862e+08  6.738940e+02   2608557   1
       218   2.043516e+08  1.433239e+08  6.778310e+02   2620578   1
       219   4.016639e+08  1.437440e+08  6.817850e+02   2632599   1
       220   1.483456e+08  1.438770e+08  6.857850e+02   2644620   1
       221   5.508750e+08  1.439464e+08  6.897540e+02   2656641   1
       222   4.461625e+08  1.439758e+08  6.937070e+02   2668662   1
       223   2.025290e+08  1.442238e+08  6.977230e+02   2680683   1
       224   2.539945e+08  1.448563e+08  7.017230e+02   2692704   1
       225   3.227405e+08  1.454203e+08  7.057540e+02   2704725   1
       226   2.992737e+08  1.454319e+08  7.097850e+02   2716746   1
       227   3.452693e+08  1.455832e+08  7.138330e+02   2728767   1
       228   2.483168e+08  1.456287e+08  7.178640e+02   2740788   1
       229   2.085216e+08  1.456737e+08  7.219740e+02   2752809   1
       230   4.100547e+08  1.458754e+08  7.260360e+02   2764830   1
       231   1.709620e+08  1.460598e+08  7.301140e+02   2776851   1
       232   2.406028e+08  1.461889e+08  7.342390e+02   2788872   1
       233   2.262887e+08  1.464547e+08  7.383320e+02   2800893   1
       234   2.006759e+08  1.464549e+08  7.423320e+02   2812914   1
       235   1.706751e+08  1.465209e+08  7.464260e+02   2824935   1
       236   4.579367e+08  1.465802e+08  7.505510e+02   2836956   1
       237   2.776154e+08  1.466720e+08  7.546600e+02   2848977   1
       238   1.369079e+08  1.467704e+08  7.587850e+02   2860998   1
       239   6.730782e+08  1.468169e+08  7.629730e+02   2873019   1
       240   2.819442e+08  1.468789e+08  7.670970e+02   2885040   1
       241   2.464346e+08  1.469891e+08  7.712390e+02   2897061   1
       242   2.405786e+08  1.470431e+08  7.753960e+02   2909082   1
       243   1.918857e+08  1.474135e+08  7.796140e+02   2921103   1
       244   5.560498e+08  1.475433e+08  7.837390e+02   2933124   1
       245   1.582736e+08  1.476652e+08  7.878980e+02   2945145   1
       246   2.200082e+08  1.479032e+08  7.922100e+02   2957166   1
       247   2.762904e+08  1.479077e+08  7.964600e+02   2969187   1
       248   5.634982e+08  1.480301e+08  8.007600e+02   2981208   1
       249   2.622129e+08  1.484053e+08  8.050410e+02   2993229   1
       250   1.833239e+08  1.484526e+08  8.092910e+02   3005250   1
       251   6.852772e+08  1.487049e+08  8.136040e+02   3017271   1
       252   1.824209e+08  1.489463e+08  8.178700e+02   3029292   1
       253   1.422636e+08  1.489948e+08  8.221200e+02   3041313   1
       254   2.658294e+08  1.490243e+08  8.264320e+02   3053334   1
       255   5.780098e+08  1.491094e+08  8.307760e+02   3065355   1
       256   1.614028e+08  1.492357e+08  8.349960e+02   3077376   1
       257   5.834191e+08  1.493797e+08  8.393240e+02   3089397   1
       258   1.668072e+08  1.494060e+08  8.436370e+02   3101418   1
       259   5.333867e+08  1.495146e+08  8.479960e+02   3113439   1
       260   2.409551e+08  1.495522e+08  8.522930e+02   3125460   1
       261   2.123211e+08  1.497070e+08  8.566210e+02   3137481   1
       262   3.085157e+08  1.498725e+08  8.609820e+02   3149502   1
       263   3.332847e+08  1.499847e+08  8.653250e+02   3161523   1
       264   1.528286e+08  1.500319e+08  8.697000e+02   3173544   1
       265   1.653381e+08  1.500879e+08  8.740920e+02   3185565   1
       266   2.224789e+08  1.501379e+08  8.784980e+02   3197586   1
       267   1.559816e+08  1.502197e+08  8.829200e+02   3209607   1
       268   2.073244e+08  1.502599e+08  8.872950e+02   3221628   1
       269   1.763691e+08  1.502962e+08  8.916720e+02   3233649   1
       270   2.414681e+08  1.503923e+08  8.960940e+02   3245670   1
       271   2.962862e+08  1.504378e+08  9.005000e+02   3257691   1
       272   2.913921e+08  1.505666e+08  9.049540e+02   3269712   1
       273   3.749333e+08  1.505939e+08  9.093920e+02   3281733   1
       274   2.140692e+08  1.508365e+08  9.138290e+02   3293754   1
       275   3.395586e+08  1.508776e+08  9.182360e+02   3305775   1
       276   7.452990e+08  1.512568e+08  9.227370e+02   3317796   1
       277   4.145337e+08  1.514200e+08  9.272050e+02   3329817   1
       278   2.176656e+08  1.514903e+08  9.316430e+02   3341838   1
       279   2.713184e+08  1.515293e+08  9.361420e+02   3353859   1
       280   2.259189e+08  1.516526e+08  9.405650e+02   3365880   1
       281   2.028569e+08  1.518310e+08  9.450330e+02   3377901   1
       282   3.828297e+08  1.518537e+08  9.495180e+02   3389922   1
       283   3.682640e+08  1.519520e+08  9.540340e+02   3401943   1
       284   2.023100e+08  1.519551e+08  9.585960e+02   3413964   1
       285   2.175163e+08  1.521238e+08  9.631140e+02   3425985   1
       286   4.024471e+08  1.521449e+08  9.676600e+02   3438006   1
       287   2.128945e+08  1.522309e+08  9.722390e+02   3450027   1
       288   4.246964e+08  1.523500e+08  9.768020e+02   3462048   1
       289   3.753220e+08  1.523927e+08  9.813490e+02   3474069   1
       290   1.733742e+08  1.524445e+08  9.859270e+02   3486090   1
       291   2.913360e+08  1.525214e+08  9.904270e+02   3498111   1
       292   6.538079e+08  1.525889e+08  9.950200e+02   3510132   1
       293   2.205341e+08  1.526701e+08  9.996140e+02   3522153   1
       294   1.927096e+08  1.527239e+08  1.004254e+03   3534174   1
       295   2.029530e+08  1.527294e+08  1.008817e+03   3546195   1
       296   2.618975e+08  1.528778e+08  1.013412e+03   3558216   1
       297   4.185258e+08  1.529361e+08  1.018068e+03   3570237   1
       298   1.962128e+08  1.532050e+08  1.022665e+03   3582258   1
       299   3.558909e+08  1.532661e+08  1.027336e+03   3594279   1
       300   1.959124e+08  1.532992e+08  1.031883e+03   3606300   1
       301   1.796470e+08  1.533826e+08  1.036401e+03   3618321   1
       302   3.666614e+08  1.534508e+08  1.041042e+03   3630342   1
       303   3.163234e+08  1.535110e+08  1.045636e+03   3642363   1
       304   5.034590e+08  1.535437e+08  1.050310e+03   3654384   1
       305   1.552781e+08  1.536058e+08  1.054966e+03   3666405   1
       306   1.903549e+08  1.537067e+08  1.059482e+03   3678426   1
       307   1.837401e+08  1.537691e+08  1.064030e+03   3690447   1
       308   1.763532e+08  1.539991e+08  1.068655e+03   3702468   1
       309   2.957645e+08  1.540538e+08  1.073265e+03   3714489   1
       310   1.682503e+08  1.540778e+08  1.077859e+03   3726510   1
       311   1.855059e+08  1.540956e+08  1.082500e+03   3738531   1
       312   4.064712e+08  1.542260e+08  1.087172e+03   3750552   1
       313   1.959452e+08  1.543164e+08  1.091828e+03   3762573   1
       314   7.684791e+08  1.544150e+08  1.096453e+03   3774594   1
       315   1.269746e+08  1.544745e+08  1.101110e+03   3786615   1
       316   2.109446e+08  1.546695e+08  1.105797e+03   3798636   1
       317   1.804566e+08  1.549091e+08  1.110518e+03   3810657   1
       318   2.789834e+08  1.552049e+08  1.115176e+03   3822678   1
       319   3.509920e+08  1.553277e+08  1.119880e+03   3834699   1
       320   2.026885e+08  1.554849e+08  1.124677e+03   3846720   1
       321   9.698572e+07  1.556052e+08  1.129333e+03   3858741   1
       322   1.878925e+08  1.556122e+08  1.134036e+03   3870762   1
       323   2.467022e+08  1.557792e+08  1.138787e+03   3882783   1
       324   1.820123e+08  1.558018e+08  1.143490e+03   3894804   1
       325   4.893682e+08  1.558972e+08  1.148271e+03   3906825   1
       326   3.461686e+08  1.559884e+08  1.153006e+03   3918846   1
       327   2.791002e+08  1.560821e+08  1.157709e+03   3930867   1
       328   2.936169e+08  1.561284e+08  1.162397e+03   3942888   1
       329   2.792455e+08  1.561975e+08  1.167055e+03   3954909   1
       330   1.604654e+08  1.562188e+08  1.171821e+03   3966930   1
       331   1.472285e+08  1.562417e+08  1.176602e+03   3978951   1
       332   3.303636e+08  1.563142e+08  1.181321e+03   3990972   1
       333   1.327633e+08  1.563817e+08  1.185977e+03   4002993   1
       334   1.247006e+08  1.564085e+08  1.190649e+03   4015014   1
       335   2.883298e+08  1.565200e+08  1.195461e+03   4027035   1
       336   2.072817e+08  1.565342e+08  1.200180e+03   4039056   1
       337   2.166898e+08  1.566522e+08  1.204962e+03   4051077   1
       338   3.369725e+08  1.566745e+08  1.209743e+03   4063098   1
       339   3.151013e+08  1.567078e+08  1.214540e+03   4075119   1
       340   3.515384e+08  1.567966e+08  1.219415e+03   4087140   1
       341   2.350740e+08  1.568717e+08  1.224212e+03   4099161   1
       342   4.601330e+08  1.570006e+08  1.229010e+03   4111182   1
       343   2.867556e+08  1.571146e+08  1.233839e+03   4123203   1
       344   1.672292e+08  1.572025e+08  1.238682e+03   4135224   1
       345   1.632709e+08  1.572794e+08  1.243401e+03   4147245   1
       346   1.599011e+08  1.573509e+08  1.248214e+03   4159266   1
       347   1.834138e+08  1.575468e+08  1.252964e+03   4171287   1
       348   2.166248e+08  1.576832e+08  1.257839e+03   4183308   1
       349   3.221048e+08  1.577761e+08  1.262745e+03   4195329   1
       350   3.866203e+08  1.578102e+08  1.267557e+03   4207350   1
       351   2.725281e+08  1.579124e+08  1.272433e+03   4219371   1
       352   4.016839e+08  1.581160e+08  1.277308e+03   4231392   1
       353   2.207966e+08  1.581175e+08  1.282167e+03   4243413   1
       354   1.335386e+08  1.582053e+08  1.287012e+03   4255434   1
       355   3.675599e+08  1.582724e+08  1.291997e+03   4267455   1
       356   2.178557e+08  1.583203e+08  1.296841e+03   4279476   1
       357   1.823102e+08  1.583860e+08  1.301685e+03   4291497   1
       358   1.952589e+08  1.583991e+08  1.306591e+03   4303518   1
       359   1.728538e+08  1.584534e+08  1.311545e+03   4315539   1
       360   4.563722e+08  1.585045e+08  1.316501e+03   4327560   1
       361   2.955120e+08  1.585145e+08  1.321454e+03   4339581   1
       362   5.341029e+08  1.586284e+08  1.326485e+03   4351602   1
       363   3.501484e+08  1.587337e+08  1.331580e+03   4363623   1
       364   2.554356e+08  1.587798e+08  1.336565e+03   4375644   1
       365   2.187285e+08  1.588651e+08  1.341549e+03   4387665   1
       366   1.860527e+08  1.589236e+08  1.346535e+03   4399686   1
       367   2.969724e+08  1.589597e+08  1.351441e+03   4411707   1
       368   2.458344e+08  1.591270e+08  1.356332e+03   4423728   1
       369   2.065475e+08  1.592388e+08  1.361256e+03   4435749   1
       370   2.093579e+08  1.592861e+08  1.366131e+03   4447770   1
       371   1.905963e+08  1.593875e+08  1.371053e+03   4459791   1
       372   1.370870e+08  1.596104e+08  1.376023e+03   4471812   1
       373   1.767213e+08  1.596482e+08  1.381023e+03   4483833   1
       374   7.045407e+08  1.596744e+08  1.385915e+03   4495854   1
       375   5.047769e+08  1.597193e+08  1.390852e+03   4507875   1
       376   4.246997e+08  1.597933e+08  1.395821e+03   4519896   1
       377   2.250725e+08  1.598868e+08  1.400806e+03   4531917   1
       378   2.793609e+08  1.599391e+08  1.405838e+03   4543938   1
       379   2.489101e+08  1.600267e+08  1.410823e+03   4555959   1
       380   2.955121e+08  1.601079e+08  1.415839e+03   4567980   1
       381   1.710196e+08  1.603755e+08  1.420823e+03   4580001   1
       382   1.637266e+08  1.605654e+08  1.425792e+03   4592022   1
       383   4.332292e+08  1.605953e+08  1.430839e+03   4604043   1
       384   1.344168e+08  1.608753e+08  1.435823e+03   4616064   1
       385   5.116906e+08  1.609932e+08  1.440839e+03   4628085   1
       386   2.881227e+08  1.612094e+08  1.445776e+03   4640106   1
       387   1.943727e+08  1.612307e+08  1.450839e+03   4652127   1
       388   3.614135e+08  1.612486e+08  1.455902e+03   4664148   1
       389   2.162781e+08  1.614477e+08  1.460920e+03   4676169   1
       390   3.222566e+08  1.615992e+08  1.465920e+03   4688190   1
       391   2.535481e+08  1.617102e+08  1.470873e+03   4700211   1
       392   3.892858e+08  1.617773e+08  1.475952e+03   4712232   1
       393   2.560214e+08  1.618148e+08  1.480951e+03   4724253   1
       394   3.331455e+08  1.619515e+08  1.485951e+03   4736274   1
       395   1.732194e+08  1.620365e+08  1.490984e+03   4748295   1
       396   1.845597e+08  1.621269e+08  1.496031e+03   4760316   1
       397   3.828429e+08  1.622141e+08  1.501109e+03   4772337   1
       398   2.250004e+08  1.622531e+08  1.506156e+03   4784358   1
       399   1.802115e+08  1.622842e+08  1.511219e+03   4796379   1
       400   2.222684e+08  1.624046e+08  1.516376e+03   4808400   1
       401   1.693722e+08  1.625140e+08  1.521485e+03   4820421   1
       402   2.464562e+08  1.625893e+08  1.526610e+03   4832442   1
       403   1.906788e+08  1.626411e+08  1.531766e+03   4844463   1
       404   1.672364e+08  1.627155e+08  1.536846e+03   4856484   1
       405   2.288440e+08  1.627676e+08  1.541972e+03   4868505   1
       406   1.391747e+08  1.628950e+08  1.547066e+03   4880526   1
       407   3.522211e+08  1.629729e+08  1.552285e+03   4892547   1
       408   2.745348e+08  1.630952e+08  1.557411e+03   4904568   1
       409   2.967909e+08  1.631030e+08  1.562553e+03   4916589   1
       410   2.094115e+08  1.631503e+08  1.567803e+03   4928610   1
       411   2.278800e+08  1.632878e+08  1.572991e+03   4940631   1
       412   1.305199e+08  1.632886e+08  1.578085e+03   4952652   1
       413   2.050502e+08  1.633292e+08  1.583256e+03   4964673   1
       414   3.875199e+08  1.633515e+08  1.588398e+03   4976694   1
       415   2.944738e+08  1.633855e+08  1.593587e+03   4988715   1
       416   1.616979e+08  1.634712e+08  1.598791e+03   5000736   1
       417   4.994875e+08  1.635203e+08  1.603932e+03   5012757   1
       418   2.895627e+08  1.635560e+08  1.609169e+03   5024778   1
       419   3.414365e+08  1.636694e+08  1.614404e+03   5036799   1
       420   3.100427e+08  1.637287e+08  1.619686e+03   5048820   1
       421   3.722401e+08  1.638441e+08  1.624937e+03   5060841   1
       422   3.251381e+08  1.638858e+08  1.630156e+03   5072862   1
       423   1.781567e+08  1.639667e+08  1.635360e+03   5084883   1
       424   3.637157e+08  1.640428e+08  1.640548e+03   5096904   1
       425   1.291920e+08  1.641620e+08  1.645798e+03   5108925   1
       426   1.683457e+08  1.641783e+08  1.651110e+03   5120946   1
       427   1.915251e+08  1.642089e+08  1.656423e+03   5132967   1
       428   1.849738e+08  1.642659e+08  1.661752e+03   5144988   1
       429   1.715127e+08  1.642836e+08  1.667003e+03   5157009   1
       430   6.096493e+08  1.643269e+08  1.672299e+03   5169030   1
       431   1.936374e+08  1.643685e+08  1.677534e+03   5181051   1
       432   1.333128e+08  1.643911e+08  1.682755e+03   5193072   1
       433   3.139062e+08  1.646035e+08  1.688067e+03   5205093   1
       434   3.165675e+08  1.646597e+08  1.693319e+03   5217114   1
       435   3.258349e+08  1.648045e+08  1.698602e+03   5229135   1
       436   2.464884e+08  1.648765e+08  1.703931e+03   5241156   1
       437   2.097735e+08  1.649135e+08  1.709181e+03   5253177   1
       438   1.677914e+08  1.649930e+08  1.714478e+03   5265198   1
       439   4.634812e+08  1.650545e+08  1.719806e+03   5277219   1
       440   2.461219e+08  1.651065e+08  1.725056e+03   5289240   1
       441   2.642501e+08  1.651802e+08  1.730322e+03   5301261   1
       442   2.053438e+08  1.652623e+08  1.735651e+03   5313282   1
       443   3.279827e+08  1.652707e+08  1.740903e+03   5325303   1
       444   3.405105e+08  1.653941e+08  1.746169e+03   5337324   1
       445   3.857625e+08  1.654705e+08  1.751497e+03   5349345   1
       446   3.330542e+08  1.655245e+08  1.756779e+03   5361366   1
       447   2.676251e+08  1.655869e+08  1.762060e+03   5373387   1
       448   1.893374e+08  1.656813e+08  1.767404e+03   5385408   1
       449   1.804809e+08  1.656913e+08  1.772748e+03   5397429   1
       450   2.437395e+08  1.657006e+08  1.778107e+03   5409450   1
       451   1.834860e+08  1.657846e+08  1.783467e+03   5421471   1
       452   3.149494e+08  1.658060e+08  1.788842e+03   5433492   1
       453   3.417261e+08  1.658439e+08  1.794202e+03   5445513   1
       454   4.049113e+08  1.658944e+08  1.799595e+03   5457534   1
       455   2.268780e+08  1.659056e+08  1.804954e+03   5469555   1
       456   2.237669e+08  1.659443e+08  1.810313e+03   5481576   1
       457   4.476555e+08  1.660367e+08  1.815691e+03   5493597   1
       458   1.823561e+08  1.660467e+08  1.821115e+03   5505618   1
       459   3.335026e+08  1.660886e+08  1.826506e+03   5517639   1
       460   2.213338e+08  1.661505e+08  1.831943e+03   5529660   1
       461   6.966152e+08  1.662185e+08  1.837397e+03   5541681   1
       462   3.320085e+08  1.662534e+08  1.842822e+03   5553702   1
       463   1.478736e+08  1.662799e+08  1.848165e+03   5565723   1
       464   2.471598e+08  1.663220e+08  1.853634e+03   5577744   1
       465   3.757688e+08  1.663312e+08  1.859122e+03   5589765   1
       466   2.868552e+08  1.663648e+08  1.864575e+03   5601786   1
       467   2.285398e+08  1.664763e+08  1.870028e+03   5613807   1
       468   4.686495e+08  1.665214e+08  1.875577e+03   5625828   1
       469   2.498239e+08  1.665432e+08  1.880984e+03   5637849   1
       470   3.957890e+08  1.666213e+08  1.886390e+03   5649870   1
       471   2.231661e+08  1.667121e+08  1.891938e+03   5661891   1
       472   1.737012e+08  1.668499e+08  1.897517e+03   5673912   1
       473   1.665854e+08  1.669104e+08  1.902956e+03   5685933   1
       474   4.174706e+08  1.669967e+08  1.908518e+03   5697954   1
       475   1.696516e+08  1.670554e+08  1.913987e+03   5709975   1
       476   3.056085e+08  1.671061e+08  1.919518e+03   5721996   1
       477   3.707561e+08  1.671504e+08  1.925159e+03   5734017   1
       478   4.514424e+08  1.671955e+08  1.930643e+03   5746038   1
       479   3.597524e+08  1.672358e+08  1.936158e+03   5758059   1
       480   2.811935e+08  1.673093e+08  1.941753e+03   5770080   1
       481   2.179926e+08  1.674021e+08  1.947300e+03   5782101   1
       482   2.485622e+08  1.674598e+08  1.952926e+03   5794122   1
       483   3.282629e+08  1.674641e+08  1.958520e+03   5806143   1
       484   1.879911e+08  1.675171e+08  1.964082e+03   5818164   1
       485   1.923735e+08  1.675264e+08  1.969645e+03   5830185   1
       486   1.520295e+08  1.676008e+08  1.975317e+03   5842206   1
       487   1.453800e+08  1.676355e+08  1.980848e+03   5854227   1
       488   1.771147e+08  1.676602e+08  1.986411e+03   5866248   1
       489   2.979947e+08  1.677193e+08  1.992068e+03   5878269   1
       490   2.994465e+08  1.677446e+08  1.997662e+03   5890290   1
       491   1.598692e+08  1.677616e+08  2.003302e+03   5902311   1
       492   1.681494e+08  1.677912e+08  2.008974e+03   5914332   1
       493   2.231366e+08  1.678178e+08  2.014677e+03   5926353   1
       494   1.367799e+08  1.678508e+08  2.020303e+03   5938374   1
       495   1.667206e+08  1.678828e+08  2.025990e+03   5950395   1
       496   2.641531e+08  1.679380e+08  2.031599e+03   5962416   1
       497   3.946347e+08  1.679488e+08  2.037225e+03   5974437   1
       498   1.164810e+08  1.679658e+08  2.042819e+03   5986458   1
       499   2.211188e+08  1.680157e+08  2.048412e+03   5998479   1
       500   1.790465e+08  1.680308e+08  2.054179e+03   6010500   1
       501   2.403907e+08  1.680548e+08  2.059945e+03   6022521   1
       502   3.947501e+08  1.680715e+08  2.065666e+03   6034542   1
       503   2.263675e+08  1.680784e+08  2.071369e+03   6046563   1
       504   2.413265e+08  1.681064e+08  2.077107e+03   6058584   1
       505   1.693994e+08  1.681984e+08  2.082825e+03   6070605   1
       506   9.425655e+08  1.682320e+08  2.088607e+03   6082626   1
       507   1.903147e+08  1.682403e+08  2.094404e+03   6094647   1
       508   2.372784e+08  1.683003e+08  2.100093e+03   6106668   1
       509   1.189595e+08  1.683056e+08  2.105874e+03   6118689   1
       510   2.224700e+08  1.684270e+08  2.111593e+03   6130710   1
       511   2.314876e+08  1.684682e+08  2.117422e+03   6142731   1
       512   2.286987e+08  1.684999e+08  2.123298e+03   6154752   1
       513   1.961723e+08  1.685192e+08  2.129094e+03   6166773   1
       514   3.046588e+08  1.685600e+08  2.134923e+03   6178794   1
       515   1.896787e+08  1.686310e+08  2.140830e+03   6190815   1
       516   2.048927e+08  1.686323e+08  2.146642e+03   6202836   1
       517   2.148890e+08  1.686704e+08  2.152489e+03   6214857   1
       518   2.802999e+08  1.686863e+08  2.158363e+03   6226878   1
       519   6.055558e+08  1.686882e+08  2.164223e+03   6238899   1
       520   2.193498e+08  1.688237e+08  2.170084e+03   6250920   1
       521   1.613394e+08  1.688238e+08  2.176021e+03   6262941   1
       522   2.682902e+08  1.688993e+08  2.181915e+03   6274962   1
       523   2.200010e+08  1.690806e+08  2.187806e+03   6286983   1
       524   1.524405e+08  1.690869e+08  2.193775e+03   6299004   1
       525   5.022287e+08  1.691532e+08  2.199681e+03   6311025   1
       526   5.182949e+08  1.692160e+08  2.205540e+03   6323046   1
       527   2.062814e+08  1.693007e+08  2.211384e+03   6335067   1
       528   1.675572e+08  1.693055e+08  2.217243e+03   6347088   1
       529   1.466657e+08  1.693551e+08  2.223118e+03   6359109   1
       530   1.615480e+08  1.693913e+08  2.228961e+03   6371130   1
       531   1.924147e+08  1.694046e+08  2.235024e+03   6383151   1
       532   1.827655e+08  1.695005e+08  2.240963e+03   6395172   1
       533   2.520901e+08  1.695218e+08  2.246931e+03   6407193   1
       534   3.186652e+08  1.695218e+08  2.252917e+03   6419214   1
       535   3.157250e+08  1.696134e+08  2.258917e+03   6431235   1
       536   2.009286e+08  1.696199e+08  2.264902e+03   6443256   1
       537   1.679394e+08  1.696663e+08  2.270887e+03   6455277   1
       538   2.951221e+08  1.697199e+08  2.276887e+03   6467298   1
       539   1.793708e+08  1.697476e+08  2.282840e+03   6479319   1
       540   2.105810e+08  1.698627e+08  2.288840e+03   6491340   1
       541   4.259900e+08  1.699302e+08  2.294918e+03   6503361   1
       542   3.209858e+08  1.700524e+08  2.301013e+03   6515382   1
       543   2.510065e+08  1.700853e+08  2.307061e+03   6527403   1
       544   1.378652e+08  1.701476e+08  2.313141e+03   6539424   1
       545   1.494048e+08  1.701522e+08  2.319203e+03   6551445   1
       546   4.068295e+08  1.701879e+08  2.325234e+03   6563466   1
       547   1.802038e+08  1.702352e+08  2.331297e+03   6575487   1
       548   1.123716e+08  1.702887e+08  2.337299e+03   6587508   1
       549   2.799007e+08  1.703329e+08  2.343396e+03   6599529   1
       550   4.160975e+08  1.703463e+08  2.349505e+03   6611550   1
       551   1.697936e+08  1.704296e+08  2.355506e+03   6623571   1
       552   3.624532e+08  1.704338e+08  2.361678e+03   6635592   1
       553   2.119906e+08  1.704978e+08  2.367741e+03   6647613   1
       554   2.276172e+08  1.705013e+08  2.373900e+03   6659634   1
       555   2.092981e+08  1.705471e+08  2.379995e+03   6671655   1
       556   1.601064e+08  1.706348e+08  2.386138e+03   6683676   1
       557   1.917974e+08  1.706688e+08  2.392262e+03   6695697   1
       558   1.808564e+08  1.707415e+08  2.398325e+03   6707718   1
       559   4.298841e+08  1.707745e+08  2.404482e+03   6719739   1
       560   1.393187e+08  1.708481e+08  2.410591e+03   6731760   1
       561   1.688408e+08  1.708513e+08  2.416734e+03   6743781   1
       562   1.416625e+08  1.708767e+08  2.422875e+03   6755802   1
       563   1.718920e+08  1.709217e+08  2.428954e+03   6767823   1
       564   1.712254e+08  1.709560e+08  2.435144e+03   6779844   1
       565   1.455570e+08  1.710437e+08  2.441363e+03   6791865   1
       566   1.634610e+08  1.710595e+08  2.447426e+03   6803886   1
       567   2.707368e+08  1.710952e+08  2.453645e+03   6815907   1
       568   2.126849e+08  1.711860e+08  2.459865e+03   6827928   1
       569   6.200716e+08  1.712136e+08  2.466070e+03   6839949   1
       570   2.125842e+08  1.712696e+08  2.472259e+03   6851970   1
       571   2.166132e+08  1.714396e+08  2.478399e+03   6863991   1
       572   2.289177e+08  1.715013e+08  2.484681e+03   6876012   1
       573   1.458194e+08  1.715028e+08  2.490902e+03   6888033   1
       574   8.482888e+08  1.715739e+08  2.497043e+03   6900054   1
       575   1.971396e+08  1.715754e+08  2.503215e+03   6912075   1
       576   2.007901e+08  1.716094e+08  2.509434e+03   6924096   1
       577   2.347892e+08  1.717095e+08  2.515669e+03   6936117   1
       578   4.908080e+08  1.717556e+08  2.522076e+03   6948138   1
       579   5.926180e+08  1.717609e+08  2.528341e+03   6960159   1
       580   3.416446e+08  1.718142e+08  2.534639e+03   6972180   1
       581   2.268505e+08  1.718260e+08  2.540983e+03   6984201   1
       582   1.894732e+08  1.719061e+08  2.547187e+03   6996222   1
       583   3.853558e+08  1.719695e+08  2.553516e+03   7008243   1
       584   1.742104e+08  1.720036e+08  2.559861e+03   7020264   1
       585   3.040937e+08  1.720358e+08  2.566251e+03   7032285   1
       586   2.243769e+08  1.720990e+08  2.572627e+03   7044306   1
       587   2.093897e+08  1.721449e+08  2.579066e+03   7056327   1
       588   1.981813e+08  1.721858e+08  2.585395e+03   7068348   1
       589   5.088818e+08  1.722154e+08  2.591723e+03   7080369   1
       590   2.244930e+08  1.722600e+08  2.598098e+03   7092390   1
       591   1.816179e+08  1.722688e+08  2.604410e+03   7104411   1
       592   2.003335e+08  1.722962e+08  2.610769e+03   7116432   1
       593   2.028235e+08  1.723000e+08  2.617144e+03   7128453   1
       594   4.356261e+08  1.723448e+08  2.623441e+03   7140474   1
       595   2.639568e+08  1.723744e+08  2.629863e+03   7152495   1
       596   3.285516e+08  1.724242e+08  2.636254e+03   7164516   1
       597   4.263171e+08  1.724798e+08  2.642660e+03   7176537   1
       598   1.921984e+08  1.724832e+08  2.649067e+03   7188558   1
       599   4.790871e+08  1.725036e+08  2.655473e+03   7200579   1
       600   2.674591e+08  1.725576e+08  2.661865e+03   7212600   1
       601   3.122866e+08  1.726024e+08  2.668303e+03   7224621   1
       602   3.516417e+08  1.726535e+08  2.674742e+03   7236642   1
       603   1.616255e+08  1.726796e+08  2.681164e+03   7248663   1
       604   1.624350e+08  1.727515e+08  2.687570e+03   7260684   1
       605   1.379378e+08  1.727607e+08  2.693977e+03   7272705   1
       606   1.819576e+08  1.727967e+08  2.700414e+03   7284726   1
       607   2.950349e+08  1.728018e+08  2.706883e+03   7296747   1
       608   4.710041e+08  1.728316e+08  2.713321e+03   7308768   1
       609   1.147932e+08  1.728480e+08  2.719790e+03   7320789   1
       610   2.388487e+08  1.728685e+08  2.726275e+03   7332810   1
       611   7.714024e+08  1.728852e+08  2.732728e+03   7344831   1
       612   3.168300e+08  1.729015e+08  2.739229e+03   7356852   1
       613   1.987593e+08  1.729061e+08  2.745699e+03   7368873   1
       614   1.902435e+08  1.729272e+08  2.752123e+03   7380894   1
       615   1.993599e+08  1.729403e+08  2.758717e+03   7392915   1
       616   3.149231e+08  1.729573e+08  2.765139e+03   7404936   1
       617   2.476941e+08  1.730140e+08  2.771733e+03   7416957   1
       618   4.185626e+08  1.730367e+08  2.778249e+03   7428978   1
       619   9.099138e+08  1.730507e+08  2.784734e+03   7440999   1
       620   1.448136e+08  1.730758e+08  2.791235e+03   7453020   1
       621   3.065852e+08  1.730869e+08  2.797752e+03   7465041   1
       622   1.388480e+08  1.731349e+08  2.804268e+03   7477062   1
       623   3.171304e+08  1.731450e+08  2.810707e+03   7489083   1
       624   1.582053e+08  1.732170e+08  2.817207e+03   7501104   1
       625   2.125232e+08  1.732225e+08  2.823833e+03   7513125   1
       626   2.090252e+08  1.732514e+08  2.830442e+03   7525146   1
       627   2.813816e+08  1.732858e+08  2.837115e+03   7537167   1
       628   2.913110e+08  1.733169e+08  2.843711e+03   7549188   1
       629   2.448057e+08  1.733534e+08  2.850259e+03   7561209   1
       630   5.214505e+08  1.733755e+08  2.856790e+03   7573230   1
       631   2.819579e+08  1.734879e+08  2.863462e+03   7585251   1
       632   2.044812e+08  1.735068e+08  2.870011e+03   7597272   1
       633   1.755962e+08  1.735680e+08  2.876557e+03   7609293   1
       634   3.477928e+08  1.736170e+08  2.883153e+03   7621314   1
       635   3.785089e+08  1.736541e+08  2.889887e+03   7633335   1
       636   1.001129e+08  1.736953e+08  2.896388e+03   7645356   1
       637   2.342543e+08  1.737591e+08  2.902997e+03   7657377   1
       638   2.542515e+08  1.737593e+08  2.909622e+03   7669398   1
       639   2.655154e+08  1.738528e+08  2.916263e+03   7681419   1
       640   4.471313e+08  1.739102e+08  2.922919e+03   7693440   1
       641   2.067621e+08  1.739217e+08  2.929544e+03   7705461   1
       642   2.048369e+08  1.739798e+08  2.936091e+03   7717482   1
       643   2.644613e+08  1.739955e+08  2.942872e+03   7729503   1
       644   2.319829e+08  1.740344e+08  2.949624e+03   7741524   1
       645   2.362931e+08  1.741290e+08  2.956326e+03   7753545   1
       646   3.098095e+08  1.742129e+08  2.963033e+03   7765566   1
       647   1.800246e+08  1.742573e+08  2.969768e+03   7777587   1
       648   4.111268e+08  1.743785e+08  2.976424e+03   7789608   1
       649   1.945069e+08  1.743817e+08  2.983113e+03   7801629   1
       650   1.436604e+08  1.743894e+08  2.989816e+03   7813650   1
       651   2.160506e+08  1.744330e+08  2.996597e+03   7825671   1
       652   2.049179e+08  1.744363e+08  3.003334e+03   7837692   1
       653   2.213386e+08  1.744824e+08  3.010147e+03   7849713   1
       654   2.495474e+08  1.745381e+08  3.016850e+03   7861734   1
       655   1.484209e+08  1.745406e+08  3.023633e+03   7873755   1
       656   1.394760e+08  1.745608e+08  3.030337e+03   7885776   1
       657   1.795815e+08  1.746262e+08  3.036995e+03   7897797   1
       658   2.995039e+08  1.746559e+08  3.043698e+03   7909818   1
       659   3.878632e+08  1.747192e+08  3.050526e+03   7921839   1
       660   2.955225e+08  1.747221e+08  3.057354e+03   7933860   1
       661   1.420171e+08  1.747776e+08  3.064137e+03   7945881   1
       662   1.723564e+08  1.747908e+08  3.070980e+03   7957902   1
       663   2.202349e+08  1.748596e+08  3.077826e+03   7969923   1
       664   1.765951e+08  1.748626e+08  3.084717e+03   7981944   1
       665   2.400192e+08  1.749334e+08  3.091515e+03   7993965   1
       666   2.029766e+08  1.749688e+08  3.098281e+03   8005986   1
       667   2.044605e+08  1.749726e+08  3.105219e+03   8018007   1
       668   2.554986e+08  1.750181e+08  3.112063e+03   8030028   1
       669   1.556878e+08  1.750188e+08  3.118892e+03   8042049   1
       670   2.988570e+08  1.750606e+08  3.125816e+03   8054070   1
       671   5.105510e+08  1.750713e+08  3.132675e+03   8066091   1
       672   6.948680e+08  1.751841e+08  3.139582e+03   8078112   1
       673   2.658540e+08  1.751875e+08  3.146489e+03   8090133   1
       674   3.968802e+08  1.752232e+08  3.153410e+03   8102154   1
       675   4.696529e+08  1.752483e+08  3.160129e+03   8114175   1
       676   3.626837e+08  1.752507e+08  3.166912e+03   8126196   1
       677   2.199223e+08  1.752983e+08  3.173741e+03   8138217   1
       678   2.222360e+08  1.753225e+08  3.180649e+03   8150238   1
       679   2.926843e+08  1.753507e+08  3.187665e+03   8162259   1
       680   2.275937e+08  1.753777e+08  3.194682e+03   8174280   1
       681   1.509683e+08  1.753888e+08  3.201527e+03   8186301   1
       682   2.403765e+08  1.754501e+08  3.208467e+03   8198322   1
       683   2.164940e+08  1.754708e+08  3.215312e+03   8210343   1
       684   3.515536e+08  1.754906e+08  3.222109e+03   8222364   1
       685   2.254908e+08  1.755320e+08  3.229031e+03   8234385   1
       686   2.891617e+08  1.755566e+08  3.236032e+03   8246406   1
       687   3.422341e+08  1.756652e+08  3.243049e+03   8258427   1
       688   5.061879e+08  1.756985e+08  3.250002e+03   8270448   1
       689   2.309242e+08  1.757200e+08  3.257001e+03   8282469   1
       690   2.433563e+08  1.757399e+08  3.263970e+03   8294490   1
       691   1.711395e+08  1.757852e+08  3.270893e+03   8306511   1
       692   1.691806e+08  1.758137e+08  3.277816e+03   8318532   1
       693   2.364478e+08  1.758795e+08  3.284769e+03   8330553   1
       694   2.720677e+08  1.759404e+08  3.291770e+03   8342574   1
       695   1.115233e+08  1.759667e+08  3.298741e+03   8354595   1
       696   2.311012e+08  1.759792e+08  3.305837e+03   8366616   1
       697   4.295539e+08  1.759954e+08  3.312947e+03   8378637   1
       698   1.909839e+08  1.760131e+08  3.319963e+03   8390658   1
       699   2.444040e+08  1.760752e+08  3.327012e+03   8402679   1
       700   4.307991e+08  1.760819e+08  3.334091e+03   8414700   1
       701   2.002670e+08  1.761043e+08  3.341126e+03   8426721   1
       702   2.011679e+08  1.761081e+08  3.348157e+03   8438742   1
       703   1.791690e+08  1.761306e+08  3.355111e+03   8450763   1
       704   3.042394e+08  1.761617e+08  3.362160e+03   8462784   1
       705   3.672589e+08  1.761980e+08  3.369316e+03   8474805   1
       706   1.586123e+08  1.762144e+08  3.376347e+03   8486826   1
       707   2.134619e+08  1.762459e+08  3.383395e+03   8498847   1
       708   1.715850e+08  1.763003e+08  3.390537e+03   8510868   1
       709   2.392683e+08  1.763635e+08  3.397617e+03   8522889   1
       710   1.399408e+08  1.764025e+08  3.404821e+03   8534910   1
       711   3.363987e+08  1.764597e+08  3.412008e+03   8546931   1
       712   4.943408e+08  1.764664e+08  3.419135e+03   8558952   1
       713   1.952802e+08  1.764911e+08  3.426323e+03   8570973   1
       714   2.540242e+08  1.765262e+08  3.433621e+03   8582994   1
       715   2.932903e+08  1.765947e+08  3.440606e+03   8595015   1
       716   2.691397e+08  1.766172e+08  3.447778e+03   8607036   1
       717   2.444272e+08  1.766777e+08  3.454998e+03   8619057   1
       718   4.114912e+08  1.766849e+08  3.462218e+03   8631078   1
       719   1.841193e+08  1.767817e+08  3.469531e+03   8643099   1
       720   2.249333e+08  1.768285e+08  3.476672e+03   8655120   1
       721   6.271820e+08  1.768977e+08  3.483797e+03   8667141   1
       722   5.233032e+08  1.769279e+08  3.491078e+03   8679162   1
       723   1.247358e+08  1.769683e+08  3.498173e+03   8691183   1
       724   4.388248e+08  1.769822e+08  3.505409e+03   8703204   1
       725   2.953669e+08  1.770335e+08  3.512708e+03   8715225   1
       726   3.082040e+08  1.770565e+08  3.519973e+03   8727246   1
       727   1.357657e+08  1.770906e+08  3.527176e+03   8739267   1
       728   2.136833e+08  1.771073e+08  3.534396e+03   8751288   1
       729   3.241900e+08  1.771572e+08  3.541662e+03   8763309   1
       730   1.545269e+08  1.771612e+08  3.548898e+03   8775330   1
       731   1.602256e+08  1.771825e+08  3.556164e+03   8787351   1
       732   2.253093e+08  1.771940e+08  3.563385e+03   8799372   1
       733   2.143106e+08  1.771952e+08  3.570604e+03   8811393   1
       734   2.248800e+08  1.772131e+08  3.577871e+03   8823414   1
       735   3.177404e+08  1.772328e+08  3.585106e+03   8835435   1
       736   2.693219e+08  1.772415e+08  3.592449e+03   8847456   1
       737   2.043969e+08  1.772772e+08  3.599606e+03   8859477   1
       738   1.943086e+08  1.772822e+08  3.606907e+03   8871498   1
       739   1.508694e+08  1.773136e+08  3.614205e+03   8883519   1
       740   2.593207e+08  1.773210e+08  3.621393e+03   8895540   1
       741   3.943300e+08  1.773463e+08  3.628721e+03   8907561   1
       742   2.059746e+08  1.773510e+08  3.636018e+03   8919582   1
       743   1.804983e+08  1.773742e+08  3.643268e+03   8931603   1
       744   4.147760e+08  1.773792e+08  3.650580e+03   8943624   1
       745   2.773611e+08  1.774124e+08  3.657861e+03   8955645   1
       746   1.808631e+08  1.774130e+08  3.665112e+03   8967666   1
       747   3.122787e+08  1.774477e+08  3.672487e+03   8979687   1
       748   2.799175e+08  1.774954e+08  3.679908e+03   8991708   1
       749   2.626141e+08  1.774998e+08  3.687315e+03   9003729   1
       750   2.739374e+08  1.775247e+08  3.694643e+03   9015750   1
       751   2.392675e+08  1.775428e+08  3.702050e+03   9027771   1
       752   2.739416e+08  1.775564e+08  3.709363e+03   9039792   1
       753   2.062103e+08  1.775724e+08  3.716597e+03   9051813   1
       754   2.460218e+08  1.775885e+08  3.723975e+03   9063834   1
       755   2.639561e+08  1.775998e+08  3.731444e+03   9075855   1
       756   2.803372e+08  1.776352e+08  3.738834e+03   9087876   1
       757   3.462287e+08  1.776630e+08  3.746287e+03   9099897   1
       758   2.369706e+08  1.776713e+08  3.753757e+03   9111918   1
       759   2.472205e+08  1.776826e+08  3.761194e+03   9123939   1
       760   3.275251e+08  1.776931e+08  3.768616e+03   9135960   1
       761   3.168824e+08  1.777407e+08  3.776085e+03   9147981   1
       762   2.295419e+08  1.777915e+08  3.783540e+03   9160002   1
       763   2.878481e+08  1.778118e+08  3.791041e+03   9172023   1
       764   1.868432e+08  1.778235e+08  3.798557e+03   9184044   1
       765   2.296985e+08  1.778279e+08  3.806041e+03   9196065   1
       766   4.997974e+08  1.778726e+08  3.813449e+03   9208086   1
       767   2.973577e+08  1.778894e+08  3.820949e+03   9220107   1
       768   2.947180e+08  1.778965e+08  3.828324e+03   9232128   1
       769   1.861564e+08  1.779067e+08  3.835700e+03   9244149   1
       770   2.272824e+08  1.779251e+08  3.843247e+03   9256170   1
       771   2.961275e+08  1.779661e+08  3.850857e+03   9268191   1
       772   2.943005e+08  1.779877e+08  3.858216e+03   9280212   1
       773   2.554253e+08  1.779891e+08  3.865762e+03   9292233   1
       774   2.805586e+08  1.780306e+08  3.873264e+03   9304254   1
       775   3.760626e+08  1.780319e+08  3.880811e+03   9316275   1
       776   2.788325e+08  1.780445e+08  3.888374e+03   9328296   1
       777   2.573221e+08  1.780934e+08  3.895955e+03   9340317   1
       778   2.965793e+08  1.780944e+08  3.903565e+03   9352338   1
       779   2.062072e+08  1.781042e+08  3.911096e+03   9364359   1
       780   2.117119e+08  1.781204e+08  3.918580e+03   9376380   1
       781   1.780207e+08  1.781346e+08  3.926190e+03   9388401   1
       782   2.215322e+08  1.781550e+08  3.933783e+03   9400422   1
       783   2.532070e+08  1.781723e+08  3.941426e+03   9412443   1
       784   2.228331e+08  1.781768e+08  3.949066e+03   9424464   1
       785   3.306447e+08  1.781848e+08  3.956707e+03   9436485   1
       786   1.929399e+08  1.782246e+08  3.964441e+03   9448506   1
       787   1.918591e+08  1.782400e+08  3.972082e+03   9460527   1
       788   3.436515e+08  1.782558e+08  3.979630e+03   9472548   1
       789   1.912430e+08  1.782589e+08  3.987271e+03   9484569   1
       790   6.909112e+08  1.782745e+08  3.994866e+03   9496590   1
       791   2.151945e+08  1.783129e+08  4.002478e+03   9508611   1
       792   1.692580e+08  1.783409e+08  4.010198e+03   9520632   1
       793   2.331906e+08  1.783629e+08  4.017839e+03   9532653   1
       794   2.575820e+08  1.783997e+08  4.025576e+03   9544674   1
       795   3.085636e+08  1.784739e+08  4.033185e+03   9556695   1
       796   3.319645e+08  1.785116e+08  4.041013e+03   9568716   1
       797   2.555251e+08  1.785259e+08  4.048733e+03   9580737   1
       798   2.229802e+08  1.785477e+08  4.056249e+03   9592758   1
       799   2.103628e+08  1.785710e+08  4.063876e+03   9604779   1
       800   1.941159e+08  1.786227e+08  4.071643e+03   9616800   1
       801   1.581766e+08  1.786522e+08  4.079362e+03   9628821   1
       802   3.330876e+08  1.786552e+08  4.087114e+03   9640842   1
       803   1.635519e+08  1.786753e+08  4.094896e+03   9652863   1
       804   1.962069e+08  1.786941e+08  4.102820e+03   9664884   1
       805   2.608964e+08  1.788058e+08  4.110632e+03   9676905   1
       806   2.136890e+08  1.789051e+08  4.118492e+03   9688926   1
       807   2.132261e+08  1.789281e+08  4.126336e+03   9700947   1
       808   1.804062e+08  1.789421e+08  4.134197e+03   9712968   1
       809   1.418960e+08  1.789590e+08  4.142087e+03   9724989   1
       810   3.347974e+08  1.789628e+08  4.150027e+03   9737010   1
       811   4.308968e+08  1.790331e+08  4.157995e+03   9749031   1
       812   1.361680e+08  1.790470e+08  4.166027e+03   9761052   1
       813   1.680845e+08  1.790620e+08  4.174043e+03   9773073   1
       814   1.662175e+08  1.790715e+08  4.182183e+03   9785094   1
       815   2.915212e+08  1.791171e+08  4.190418e+03   9797115   1
       816   2.050660e+08  1.791546e+08  4.198450e+03   9809136   1
       817   1.918959e+08  1.792062e+08  4.206544e+03   9821157   1
       818   1.722468e+08  1.792205e+08  4.214608e+03   9833178   1
       819   1.874582e+08  1.792550e+08  4.222595e+03   9845199   1
       820   3.794161e+08  1.792996e+08  4.230829e+03   9857220   1
       821   1.726823e+08  1.793236e+08  4.238971e+03   9869241   1
       822   1.949786e+08  1.793335e+08  4.247064e+03   9881262   1
       823   2.388145e+08  1.793995e+08  4.255222e+03   9893283   1
       824   4.449716e+08  1.794057e+08  4.263442e+03   9905304   1
       825   3.459701e+08  1.794646e+08  4.271551e+03   9917325   1
       826   4.522779e+08  1.794920e+08  4.279726e+03   9929346   1
       827   2.606726e+08  1.795687e+08  4.287836e+03   9941367   1
       828   2.109630e+08  1.796122e+08  4.295962e+03   9953388   1
       829   2.133963e+08  1.796334e+08  4.304261e+03   9965409   1
       830   1.896642e+08  1.796721e+08  4.312391e+03   9977430   1
       831   1.809290e+08  1.796942e+08  4.320532e+03   9989451   1
       832   4.630357e+08  1.797165e+08  4.328782e+03  10001472   1
       833   2.897045e+08  1.797659e+08  4.337017e+03  10013493   1
       834   2.353069e+08  1.797851e+08  4.345252e+03  10025514   1
       835   3.290310e+08  1.797976e+08  4.353565e+03  10037535   1
       836   1.553949e+08  1.798249e+08  4.361925e+03  10049556   1
       837   2.266110e+08  1.798419e+08  4.370085e+03  10061577   1
       838   2.583399e+08  1.799257e+08  4.378414e+03  10073598   1
       839   3.770766e+08  1.799408e+08  4.386664e+03  10085619   1
       840   2.538353e+08  1.799540e+08  4.394945e+03  10097640   1
       841   1.152505e+08  1.799991e+08  4.403180e+03  10109661   1
       842   2.964236e+08  1.800039e+08  4.411462e+03  10121682   1
       843   2.909272e+08  1.800638e+08  4.419869e+03  10133703   1
       844   2.979596e+08  1.800839e+08  4.428106e+03  10145724   1
       845   2.244311e+08  1.800848e+08  4.436450e+03  10157745   1
       846   6.562705e+08  1.801302e+08  4.444798e+03  10169766   1
       847   2.661009e+08  1.801678e+08  4.453049e+03  10181787   1
       848   2.139647e+08  1.801896e+08  4.461393e+03  10193808   1
       849   1.606713e+08  1.802296e+08  4.469722e+03  10205829   1
       850   1.937912e+08  1.802381e+08  4.478190e+03  10217850   1
       851   6.694687e+08  1.802508e+08  4.486536e+03  10229871   1
       852   1.771646e+08  1.803381e+08  4.494911e+03  10241892   1
       853   3.189162e+08  1.803546e+08  4.503323e+03  10253913   1
       854   4.963193e+08  1.803980e+08  4.511698e+03  10265934   1
       855   1.709530e+08  1.804257e+08  4.520262e+03  10277955   1
       856   4.083381e+08  1.804732e+08  4.528654e+03  10289976   1
       857   2.088303e+08  1.804819e+08  4.537013e+03  10301997   1
       858   2.436088e+08  1.805142e+08  4.545518e+03  10314018   1
       859   5.093399e+08  1.805801e+08  4.554050e+03  10326039   1
       860   4.126961e+08  1.806629e+08  4.562442e+03  10338060   1
       861   2.493977e+08  1.807049e+08  4.571099e+03  10350081   1
       862   2.535532e+08  1.807312e+08  4.579599e+03  10362102   1
       863   5.636865e+08  1.807603e+08  4.588087e+03  10374123   1
       864   2.218480e+08  1.808099e+08  4.596604e+03  10386144   1
       865   4.017383e+08  1.808395e+08  4.605105e+03  10398165   1
       866   2.682360e+08  1.808705e+08  4.613607e+03  10410186   1
       867   1.993898e+08  1.809101e+08  4.622028e+03  10422207   1
       868   2.221387e+08  1.810030e+08  4.630514e+03  10434228   1
       869   1.967945e+08  1.810137e+08  4.638967e+03  10446249   1
       870   6.806910e+08  1.810409e+08  4.647456e+03  10458270   1
       871   1.741035e+08  1.810496e+08  4.655972e+03  10470291   1
       872   2.176863e+08  1.810891e+08  4.664582e+03  10482312   1
       873   1.591932e+08  1.811364e+08  4.673098e+03  10494333   1
       874   3.034063e+08  1.811844e+08  4.681504e+03  10506354   1
       875   3.507670e+08  1.812142e+08  4.689973e+03  10518375   1
       876   3.348113e+08  1.812263e+08  4.698457e+03  10530396   1
       877   2.110885e+08  1.812446e+08  4.707041e+03  10542417   1
       878   2.662400e+08  1.812688e+08  4.715760e+03  10554438   1
       879   1.995863e+08  1.812964e+08  4.724400e+03  10566459   1
       880   3.234070e+08  1.813224e+08  4.733041e+03  10578480   1
       881   6.314049e+08  1.813331e+08  4.741697e+03  10590501   1
       882   2.361941e+08  1.813557e+08  4.750261e+03  10602522   1
       883   1.966897e+08  1.814000e+08  4.758901e+03  10614543   1
       884   2.966128e+08  1.814557e+08  4.767516e+03  10626564   1
       885   2.520699e+08  1.814596e+08  4.776253e+03  10638585   1
       886   2.198850e+08  1.814967e+08  4.785066e+03  10650606   1
       887   1.298911e+08  1.815139e+08  4.793816e+03  10662627   1
       888   5.387868e+08  1.815188e+08  4.802582e+03  10674648   1
       889   1.339015e+08  1.815350e+08  4.811290e+03  10686669   1
       890   2.544998e+08  1.815517e+08  4.820010e+03  10698690   1
       891   3.637105e+08  1.816092e+08  4.828809e+03  10710711   1
       892   1.793032e+08  1.816378e+08  4.837655e+03  10722732   1
       893   2.796060e+08  1.816465e+08  4.846360e+03  10734753   1
       894   1.992509e+08  1.816798e+08  4.854955e+03  10746774   1
       895   2.456214e+08  1.816974e+08  4.863768e+03  10758795   1
       896   5.064344e+08  1.817320e+08  4.872534e+03  10770816   1
       897   1.834885e+08  1.817644e+08  4.881237e+03  10782837   1
       898   3.097612e+08  1.818204e+08  4.889942e+03  10794858   1
       899   2.837393e+08  1.818332e+08  4.898822e+03  10806879   1
       900   2.531451e+08  1.818541e+08  4.907637e+03  10818900   1
       901   2.790812e+08  1.818628e+08  4.916324e+03  10830921   1
       902   2.154569e+08  1.818956e+08  4.925075e+03  10842942   1
       903   4.939598e+08  1.819111e+08  4.933983e+03  10854963   1
       904   1.789044e+08  1.819282e+08  4.942874e+03  10866984   1
       905   3.698573e+08  1.819450e+08  4.951703e+03  10879005   1
       906   2.467827e+08  1.819717e+08  4.960485e+03  10891026   1
       907   1.453335e+08  1.819795e+08  4.969255e+03  10903047   1
       908   2.869847e+08  1.820010e+08  4.978082e+03  10915068   1
       909   4.688442e+08  1.820174e+08  4.986947e+03  10927089   1
       910   1.630282e+08  1.820211e+08  4.995868e+03  10939110   1
       911   2.223917e+08  1.820332e+08  5.004712e+03  10951131   1
       912   1.719548e+08  1.820797e+08  5.013529e+03  10963152   1
       913   3.751261e+08  1.820917e+08  5.022389e+03  10975173   1
       914   1.463100e+08  1.821216e+08  5.031391e+03  10987194   1
       915   1.552464e+08  1.821292e+08  5.040329e+03  10999215   1
       916   2.403294e+08  1.821761e+08  5.049220e+03  11011236   1
       917   1.454581e+08  1.821819e+08  5.058157e+03  11023257   1
       918   3.104228e+08  1.821972e+08  5.067157e+03  11035278   1
       919   1.995734e+08  1.822159e+08  5.075976e+03  11047299   1
       920   1.335050e+08  1.822324e+08  5.084882e+03  11059320   1
       921   4.225706e+08  1.822362e+08  5.093804e+03  11071341   1
       922   3.104417e+08  1.822833e+08  5.102838e+03  11083362   1
       923   2.875084e+08  1.822981e+08  5.111840e+03  11095383   1
       924   3.544731e+08  1.823503e+08  5.120808e+03  11107404   1
       925   2.046119e+08  1.823591e+08  5.129918e+03  11119425   1
       926   4.220108e+08  1.823753e+08  5.139058e+03  11131446   1
       927   1.551792e+08  1.823975e+08  5.147998e+03  11143467   1
       928   2.046729e+08  1.824132e+08  5.157035e+03  11155488   1
       929   5.479025e+08  1.824209e+08  5.166191e+03  11167509   1
       930   2.000455e+08  1.824384e+08  5.175224e+03  11179530   1
       931   4.150563e+08  1.824615e+08  5.184334e+03  11191551   1
       932   1.438437e+08  1.824950e+08  5.193383e+03  11203572   1
       933   2.189579e+08  1.825276e+08  5.202464e+03  11215593   1
       934   3.258547e+08  1.825875e+08  5.211527e+03  11227614   1
       935   3.168473e+08  1.826262e+08  5.220732e+03  11239635   1
       936   1.199046e+08  1.826300e+08  5.229796e+03  11251656   1
       937   1.831360e+08  1.826372e+08  5.238890e+03  11263677   1
       938   2.182862e+08  1.826559e+08  5.248046e+03  11275698   1
       939   1.924024e+08  1.826758e+08  5.257203e+03  11287719   1
       940   2.527895e+08  1.827036e+08  5.266359e+03  11299740   1
       941   1.728377e+08  1.827202e+08  5.275500e+03  11311761   1
       942   2.810506e+08  1.827395e+08  5.284625e+03  11323782   1
       943   4.066765e+08  1.827513e+08  5.293798e+03  11335803   1
       944   2.839173e+08  1.827601e+08  5.302942e+03  11347824   1
       945   4.071520e+08  1.827659e+08  5.312005e+03  11359845   1
       946   2.510017e+08  1.827755e+08  5.321194e+03  11371866   1
       947   3.803998e+08  1.828060e+08  5.330350e+03  11383887   1
       948   1.997013e+08  1.828229e+08  5.339569e+03  11395908   1
       949   3.057397e+08  1.828424e+08  5.348725e+03  11407929   1
       950   2.422760e+08  1.828455e+08  5.358006e+03  11419950   1
       951   1.536990e+08  1.828642e+08  5.367163e+03  11431971   1
       952   1.385520e+08  1.828854e+08  5.376383e+03  11443992   1
       953   5.747154e+08  1.829129e+08  5.385695e+03  11456013   1
       954   1.460108e+08  1.829248e+08  5.394930e+03  11468034   1
       955   1.914656e+08  1.829722e+08  5.403977e+03  11480055   1
       956   1.771531e+08  1.829923e+08  5.413258e+03  11492076   1
       957   2.956444e+08  1.830197e+08  5.422384e+03  11504097   1
       958   2.200564e+08  1.830441e+08  5.431510e+03  11516118   1
       959   2.025644e+08  1.830674e+08  5.440809e+03  11528139   1
       960   2.128827e+08  1.830695e+08  5.450061e+03  11540160   1
       961   1.313807e+08  1.830863e+08  5.459342e+03  11552181   1
       962   2.783713e+08  1.830887e+08  5.468749e+03  11564202   1
       963   1.964049e+08  1.831325e+08  5.478052e+03  11576223   1
       964   1.858327e+08  1.831456e+08  5.487351e+03  11588244   1
       965   2.729338e+08  1.831492e+08  5.496698e+03  11600265   1
       966   1.762338e+08  1.831802e+08  5.505996e+03  11612286   1
       967   1.814757e+08  1.832165e+08  5.515377e+03  11624307   1
       968   1.905922e+08  1.832292e+08  5.524612e+03  11636328   1
       969   3.974082e+08  1.832419e+08  5.534065e+03  11648349   1
       970   2.535623e+08  1.832940e+08  5.543570e+03  11660370   1
       971   4.592682e+08  1.832954e+08  5.552884e+03  11672391   1
       972   1.625419e+08  1.833123e+08  5.562150e+03  11684412   1
       973   3.115330e+08  1.833310e+08  5.571650e+03  11696433   1
       974   1.505624e+08  1.833576e+08  5.581076e+03  11708454   1
       975   1.749416e+08  1.833984e+08  5.590497e+03  11720475   1
       976   2.194214e+08  1.834467e+08  5.599888e+03  11732496   1
       977   4.873939e+08  1.834492e+08  5.609309e+03  11744517   1
       978   3.645084e+08  1.834679e+08  5.618737e+03  11756538   1
       979   2.212360e+08  1.835008e+08  5.628159e+03  11768559   1
       980   2.599680e+08  1.835400e+08  5.637565e+03  11780580   1
       981   3.133128e+08  1.835406e+08  5.647130e+03  11792601   1
       982   3.164501e+08  1.835794e+08  5.656617e+03  11804622   1
       983   2.064574e+08  1.836001e+08  5.666117e+03  11816643   1
       984   2.375014e+08  1.836014e+08  5.675605e+03  11828664   1
       985   5.939284e+08  1.836390e+08  5.685122e+03  11840685   1
       986   1.925962e+08  1.836482e+08  5.694606e+03  11852706   1
       987   4.637022e+08  1.836800e+08  5.704138e+03  11864727   1
       988   1.820338e+08  1.836819e+08  5.713670e+03  11876748   1
       989   4.119310e+08  1.837111e+08  5.723154e+03  11888769   1
       990   1.985059e+08  1.837224e+08  5.732732e+03  11900790   1
       991   2.704057e+08  1.837369e+08  5.742138e+03  11912811   1
       992   2.626537e+08  1.837516e+08  5.751676e+03  11924832   1
       993   2.559607e+08  1.837533e+08  5.761191e+03  11936853   1
       994   3.684733e+08  1.837730e+08  5.770614e+03  11948874   1
       995   1.800784e+08  1.837808e+08  5.780072e+03  11960895   1
       996   5.327053e+08  1.838103e+08  5.789634e+03  11972916   1
       997   1.779081e+08  1.838240e+08  5.799138e+03  11984937   1
       998   4.210969e+08  1.838524e+08  5.808644e+03  11996958   1
       999   3.114490e+08  1.838852e+08  5.818192e+03  12008979   1
      1000   2.663755e+08  1.839244e+08  5.827536e+03  12021000   1
      1001   1.769423e+08  1.839386e+08  5.837196e+03  12033021   1
      1002   1.990032e+08  1.839494e+08  5.846860e+03  12045042   1
      1003   3.394020e+08  1.839701e+08  5.856404e+03  12057063   1
      1004   2.997533e+08  1.839841e+08  5.866019e+03  12069084   1
      1005   2.135843e+08  1.839852e+08  5.875603e+03  12081105   1
      1006   1.715259e+08  1.840108e+08  5.885181e+03  12093126   1
      1007   2.407026e+08  1.840294e+08  5.894884e+03  12105147   1
      1008   2.570400e+08  1.840450e+08  5.904525e+03  12117168   1
      1009   1.652679e+08  1.840630e+08  5.914196e+03  12129189   1
      1010   1.854474e+08  1.840836e+08  5.923790e+03  12141210   1
      1011   1.990402e+08  1.840980e+08  5.933524e+03  12153231   1
      1012   2.165252e+08  1.841167e+08  5.943118e+03  12165252   1
      1013   1.887705e+08  1.841318e+08  5.952820e+03  12177273   1
      1014   2.490312e+08  1.841431e+08  5.962493e+03  12189294   1
      1015   2.536902e+08  1.841486e+08  5.972211e+03  12201315   1
      1016   3.812432e+08  1.841704e+08  5.981977e+03  12213336   1
      1017   1.880625e+08  1.841787e+08  5.991556e+03  12225357   1
      1018   2.613023e+08  1.841795e+08  6.001293e+03  12237378   1
      1019   3.705229e+08  1.841970e+08  6.010934e+03  12249399   1
      1020   1.882623e+08  1.842153e+08  6.020559e+03  12261420   1
      1021   1.447400e+08  1.842474e+08  6.030237e+03  12273441   1
      1022   1.399195e+08  1.842493e+08  6.039877e+03  12285462   1
      1023   2.630365e+08  1.842717e+08  6.049644e+03  12297483   1
      1024   2.781329e+08  1.842848e+08  6.059304e+03  12309504   1
      1025   1.798490e+08  1.842996e+08  6.069085e+03  12321525   1
      1026   2.601075e+08  1.843405e+08  6.078902e+03  12333546   1
      1027   1.682626e+08  1.843635e+08  6.088669e+03  12345567   1
      1028   1.642498e+08  1.843976e+08  6.098513e+03  12357588   1
      1029   1.575538e+08  1.844344e+08  6.108327e+03  12369609   1
      1030   2.080956e+08  1.845029e+08  6.118032e+03  12381630   1
      1031   1.572771e+08  1.845274e+08  6.128001e+03  12393651   1
      1032   2.807338e+08  1.845471e+08  6.137910e+03  12405672   1
      1033   2.346765e+08  1.845794e+08  6.147865e+03  12417693   1
      1034   1.653756e+08  1.845930e+08  6.157506e+03  12429714   1
      1035   1.507733e+08  1.846552e+08  6.167337e+03  12441735   1
      1036   2.234890e+08  1.846725e+08  6.177152e+03  12453756   1
      1037   2.272183e+08  1.846950e+08  6.187105e+03  12465777   1
      1038   1.070175e+08  1.847105e+08  6.197000e+03  12477798   1
      1039   1.423236e+08  1.847290e+08  6.206816e+03  12489819   1
      1040   2.872338e+08  1.847541e+08  6.216613e+03  12501840   1
      1041   3.976599e+08  1.847715e+08  6.226551e+03  12513861   1
      1042   3.863521e+08  1.848176e+08  6.236519e+03  12525882   1
      1043   2.176127e+08  1.848660e+08  6.246394e+03  12537903   1
      1044   1.677395e+08  1.848846e+08  6.256255e+03  12549924   1
      1045   2.983974e+08  1.848896e+08  6.266084e+03  12561945   1
      1046   5.221422e+08  1.849135e+08  6.276025e+03  12573966   1
      1047   2.358240e+08  1.849207e+08  6.285962e+03  12585987   1
      1048   1.172384e+08  1.849385e+08  6.295884e+03  12598008   1
      1049   1.225487e+08  1.849902e+08  6.305759e+03  12610029   1
      1050   3.401126e+08  1.849992e+08  6.315587e+03  12622050   1
      1051   3.143552e+08  1.850077e+08  6.325712e+03  12634071   1
      1052   1.526595e+08  1.850336e+08  6.335696e+03  12646092   1
      1053   2.195366e+08  1.850379e+08  6.345728e+03  12658113   1
      1054   2.139421e+08  1.850674e+08  6.355790e+03  12670134   1
      1055   2.165489e+08  1.851294e+08  6.365792e+03  12682155   1
      1056   1.894434e+08  1.851731e+08  6.375823e+03  12694176   1
      1057   2.906971e+08  1.852103e+08  6.385870e+03  12706197   1
      1058   2.010930e+08  1.852158e+08  6.395981e+03  12718218   1
      1059   1.417682e+08  1.852307e+08  6.406137e+03  12730239   1
      1060   3.831966e+08  1.852633e+08  6.416074e+03  12742260   1
      1061   2.673995e+08  1.853172e+08  6.426044e+03  12754281   1
      1062   2.376630e+08  1.853373e+08  6.436216e+03  12766302   1
      1063   2.138290e+08  1.853543e+08  6.446154e+03  12778323   1
      1064   2.354695e+08  1.853817e+08  6.456357e+03  12790344   1
      1065   3.031047e+08  1.853942e+08  6.466389e+03  12802365   1
      1066   3.932618e+08  1.854381e+08  6.476406e+03  12814386   1
      1067   1.987010e+08  1.855321e+08  6.486471e+03  12826407   1
      1068   4.435272e+08  1.855588e+08  6.496611e+03  12838428   1
      1069   3.335787e+08  1.855602e+08  6.506767e+03  12850449   1
      1070   2.143573e+08  1.855613e+08  6.516798e+03  12862470   1
      1071   3.983582e+08  1.855961e+08  6.526910e+03  12874491   1
      1072   1.836927e+08  1.856645e+08  6.537050e+03  12886512   1
      1073   2.366543e+08  1.857066e+08  6.547175e+03  12898533   1
      1074   2.600182e+08  1.857247e+08  6.557379e+03  12910554   1
      1075   2.654419e+08  1.857290e+08  6.567535e+03  12922575   1
      1076   2.038304e+08  1.857395e+08  6.577722e+03  12934596   1
      1077   2.314298e+08  1.857528e+08  6.588068e+03  12946617   1
      1078   1.494029e+08  1.857653e+08  6.598287e+03  12958638   1
      1079   1.623447e+08  1.857888e+08  6.608505e+03  12970659   1
      1080   2.019276e+08  1.858079e+08  6.618864e+03  12982680   1
      1081   1.916680e+08  1.858181e+08  6.629131e+03  12994701   1
      1082   2.991287e+08  1.858427e+08  6.639491e+03  13006722   1
      1083   1.838658e+08  1.858608e+08  6.649804e+03  13018743   1
      1084   1.810837e+08  1.858744e+08  6.660185e+03  13030764   1
      1085   1.813876e+08  1.858910e+08  6.670263e+03  13042785   1
      1086   1.792664e+08  1.859050e+08  6.680607e+03  13054806   1
      1087   2.323336e+08  1.859339e+08  6.690844e+03  13066827   1
      1088   3.515951e+08  1.859597e+08  6.701282e+03  13078848   1
      1089   1.798901e+08  1.859681e+08  6.711594e+03  13090869   1
      1090   3.150203e+08  1.859964e+08  6.721891e+03  13102890   1
      1091   1.515148e+08  1.860082e+08  6.732095e+03  13114911   1
      1092   2.135291e+08  1.860353e+08  6.742454e+03  13126932   1
      1093   2.392686e+08  1.860454e+08  6.752844e+03  13138953   1
      1094   1.564093e+08  1.860633e+08  6.763362e+03  13150974   1
      1095   1.306523e+08  1.860704e+08  6.773693e+03  13162995   1
      1096   3.729525e+08  1.860849e+08  6.784021e+03  13175016   1
      1097   1.528646e+08  1.860977e+08  6.794567e+03  13187037   1
      1098   1.166200e+08  1.861190e+08  6.804899e+03  13199058   1
      1099   2.580341e+08  1.861330e+08  6.815289e+03  13211079   1
      1100   2.526853e+08  1.861493e+08  6.825758e+03  13223100   1
      1101   2.822809e+08  1.861604e+08  6.836182e+03  13235121   1
      1102   3.511673e+08  1.861811e+08  6.846670e+03  13247142   1
      1103   1.753015e+08  1.861843e+08  6.857113e+03  13259163   1
      1104   1.904095e+08  1.862295e+08  6.867472e+03  13271184   1
      1105   1.410602e+08  1.862399e+08  6.877977e+03  13283205   1
      1106   1.513262e+08  1.862671e+08  6.888431e+03  13295226   1
      1107   1.958654e+08  1.862932e+08  6.898887e+03  13307247   1
      1108   3.546295e+08  1.862999e+08  6.909390e+03  13319268   1
      1109   4.904271e+08  1.863329e+08  6.919655e+03  13331289   1
      1110   1.838324e+08  1.863473e+08  6.930063e+03  13343310   1
      1111   1.881537e+08  1.863581e+08  6.940504e+03  13355331   1
      1112   1.941080e+08  1.863918e+08  6.950926e+03  13367352   1
      1113   1.678040e+08  1.864075e+08  6.961316e+03  13379373   1
      1114   2.397778e+08  1.864179e+08  6.971787e+03  13391394   1
      1115   1.630177e+08  1.864386e+08  6.982259e+03  13403415   1
      1116   1.572079e+08  1.864515e+08  6.992932e+03  13415436   1
      1117   1.475664e+08  1.864648e+08  7.003449e+03  13427457   1
      1118   1.944302e+08  1.864844e+08  7.013985e+03  13439478   1
      1119   1.909278e+08  1.864926e+08  7.024597e+03  13451499   1
      1120   1.536015e+08  1.865244e+08  7.035160e+03  13463520   1
      1121   2.171864e+08  1.865619e+08  7.045708e+03  13475541   1
      1122   2.229605e+08  1.865755e+08  7.056321e+03  13487562   1
      1123   1.863917e+08  1.865993e+08  7.066821e+03  13499583   1
      1124   4.336503e+08  1.866098e+08  7.077227e+03  13511604   1
      1125   2.105100e+08  1.866213e+08  7.087884e+03  13523625   1
      1126   1.983273e+08  1.866509e+08  7.098479e+03  13535646   1
      1127   2.496883e+08  1.866766e+08  7.108963e+03  13547667   1
      1128   2.662885e+08  1.867023e+08  7.119528e+03  13559688   1
      1129   2.131032e+08  1.867276e+08  7.130059e+03  13571709   1
      1130   1.999129e+08  1.867337e+08  7.140562e+03  13583730   1
      1131   2.141952e+08  1.867514e+08  7.151349e+03  13595751   1
      1132   1.779869e+08  1.867707e+08  7.161865e+03  13607772   1
      1133   2.767911e+08  1.867883e+08  7.172383e+03  13619793   1
      1134   1.394226e+08  1.868131e+08  7.182851e+03  13631814   1
      1135   2.054069e+08  1.868319e+08  7.193523e+03  13643835   1
      1136   2.284969e+08  1.868635e+08  7.204056e+03  13655856   1
-------------------------------------------------------------------
status         : time_limit
total time (s) : 7.204056e+03
total solves   : 13655856
best bound     :  1.868635e+08
simulation ci  :  2.851650e+08  9.174216e+06
numeric issues : 0
-------------------------------------------------------------------

 
                                        Time                    Allocations      
                                  
       Tot / % measured:            2.00h / 100.0%            502GiB / 100.0%    

 Section               ncalls     time    %tot     avg     alloc    %tot      avg
 
 backward_pass          1.14k    1.98h   98.7%   6.26s    496GiB   98.9%   447MiB
   solve_subproblem     13.5M    1.97h   98.3%   524s    488GiB   97.2%  37.8KiB
     get_dual_solution  13.5M     112s    1.6%  8.29s   30.6GiB    6.1%  2.38KiB
   prepare_backward...  2.27k   10.2ms    0.0%  4.49s   2.32MiB    0.0%  1.05KiB
 forward_pass           1.14k    91.5s    1.3%  80.6ms   5.63GiB    1.1%  5.08MiB
   solve_subproblem      136k    89.9s    1.2%   660s   5.15GiB    1.0%  39.6KiB
     get_dual_solution   136k    226ms    0.0%  1.66s   72.8MiB    0.0%     560B
   sample_scenario      1.14k    1.07s    0.0%   942s    326MiB    0.1%   294KiB
 calculate_bound        1.14k    614ms    0.0%   541s   47.8MiB    0.0%  43.1KiB
   get_dual_solution    1.14k   1.65ms    0.0%  1.45s    621KiB    0.0%     560B
 


||||||||||||||||||||||||||||||||||||||||||||||||||||||||||||||||||||||||||||||||||||||||||||||||||||||||||||||||||||||||||||||||||||||||
SIMULATION RESULTS
LogLinearSDDP.Simulation(SDDP.InSampleMonteCarlo(0, false, true, SDDP.var"#155#158"{SDDP.var"#156#159"}(SDDP.var"#156#159"(), Core.Box(2000)), nothing), 2000, 11111)
fitted_model
Lower bound: 1.8686346368999854e8
Statistical upper bound (confidence interval): 2.6322218774161726e8  5.253484660160207e6
Pessimistic upper bound: 2.6847567240177745e8

||||||||||||||||||||||||||||||||||||||||||||||||||||||||||||||||||||||||||||||||||||||||||||||||||||||||||||||||||||||||||||||||||||||||
SIMULATION RESULTS
LogLinearSDDP.Simulation(SDDP.InSampleMonteCarlo(0, false, true, SDDP.var"#155#158"{SDDP.var"#156#159"}(SDDP.var"#156#159"(), Core.Box(2000)), nothing), 2000, 11111)
fitted_model
Lower bound: 1.8686346368999854e8
Statistical upper bound (confidence interval): 1.6829486688834357e8  4.197759683257655e6
Pessimistic upper bound: 1.7249262657160124e8

||||||||||||||||||||||||||||||||||||||||||||||||||||||||||||||||||||||||||||||||||||||||||||||||||||||||||||||||||||||||||||||||||||||||
SIMULATION RESULTS
LogLinearSDDP.Simulation(SDDP.InSampleMonteCarlo(0, false, true, SDDP.var"#155#158"{SDDP.var"#156#159"}(SDDP.var"#156#159"(), Core.Box(2000)), nothing), 2000, 11111)
fitted_model
Lower bound: 1.8686346368999854e8
Statistical upper bound (confidence interval): 2.810490867944613e8  5.623629211805361e6
Pessimistic upper bound: 2.8667271600626665e8

||||||||||||||||||||||||||||||||||||||||||||||||||||||||||||||||||||||||||||||||||||||||||||||||||||||||||||||||||||||||||||||||||||||||
SIMULATION RESULTS
LogLinearSDDP.Simulation(SDDP.InSampleMonteCarlo(0, false, true, SDDP.var"#155#158"{SDDP.var"#156#159"}(SDDP.var"#156#159"(), Core.Box(2000)), nothing), 2000, 11111)
fitted_model
Lower bound: 1.8686346368999854e8
Statistical upper bound (confidence interval): 1.8367915737075776e8  4.636242174193629e6
Pessimistic upper bound: 1.8831539954495138e8

||||||||||||||||||||||||||||||||||||||||||||||||||||||||||||||||||||||||||||||||||||||||||||||||||||||||||||||||||||||||||||||||||||||||
SIMULATION RESULTS
LogLinearSDDP.Simulation(SDDP.InSampleMonteCarlo(0, false, true, SDDP.var"#155#158"{SDDP.var"#156#159"}(SDDP.var"#156#159"(), Core.Box(2000)), nothing), 2000, 11111)
shapiro_model
Lower bound: 1.8686346368999854e8
Statistical upper bound (confidence interval): 2.9600935228563184e8  6.392147666362143e6
Pessimistic upper bound: 3.02401499951994e8

||||||||||||||||||||||||||||||||||||||||||||||||||||||||||||||||||||||||||||||||||||||||||||||||||||||||||||||||||||||||||||||||||||||||
SIMULATION RESULTS
LogLinearSDDP.Simulation(SDDP.InSampleMonteCarlo(0, false, true, SDDP.var"#155#158"{SDDP.var"#156#159"}(SDDP.var"#156#159"(), Core.Box(2000)), nothing), 2000, 11111)
shapiro_model
Lower bound: 1.8686346368999854e8
Statistical upper bound (confidence interval): 1.924592843253591e8  5.2375734576993985e6
Pessimistic upper bound: 1.976968577830585e8

||||||||||||||||||||||||||||||||||||||||||||||||||||||||||||||||||||||||||||||||||||||||||||||||||||||||||||||||||||||||||||||||||||||||
SIMULATION RESULTS
LogLinearSDDP.Simulation(SDDP.InSampleMonteCarlo(0, false, true, SDDP.var"#155#158"{SDDP.var"#156#159"}(SDDP.var"#156#159"(), Core.Box(2000)), nothing), 2000, 11111)
custom_model
Lower bound: 1.8686346368999854e8
Statistical upper bound (confidence interval): 3.9992778697391975e8  8.741093131555576e6
Pessimistic upper bound: 4.086688801054753e8

||||||||||||||||||||||||||||||||||||||||||||||||||||||||||||||||||||||||||||||||||||||||||||||||||||||||||||||||||||||||||||||||||||||||
SIMULATION RESULTS
LogLinearSDDP.Simulation(SDDP.InSampleMonteCarlo(0, false, true, SDDP.var"#155#158"{SDDP.var"#156#159"}(SDDP.var"#156#159"(), Core.Box(2000)), nothing), 2000, 11111)
custom_model
Lower bound: 1.8686346368999854e8
Statistical upper bound (confidence interval): 2.5121692775855303e8  7.107844814959647e6
Pessimistic upper bound: 2.5832477257351267e8

||||||||||||||||||||||||||||||||||||||||||||||||||||||||||||||||||||||||||||||||||||||||||||||||||||||||||||||||||||||||||||||||||||||||
SIMULATION RESULTS
LogLinearSDDP.Simulation(SDDP.InSampleMonteCarlo(0, false, true, SDDP.var"#155#158"{SDDP.var"#156#159"}(SDDP.var"#156#159"(), Core.Box(2000)), nothing), 2000, 11111)
bic_model
Lower bound: 1.8686346368999854e8
Statistical upper bound (confidence interval): 4.114038009720825e8  8.989006937231194e6
Pessimistic upper bound: 4.203928079093137e8

||||||||||||||||||||||||||||||||||||||||||||||||||||||||||||||||||||||||||||||||||||||||||||||||||||||||||||||||||||||||||||||||||||||||
SIMULATION RESULTS
LogLinearSDDP.Simulation(SDDP.InSampleMonteCarlo(0, false, true, SDDP.var"#155#158"{SDDP.var"#156#159"}(SDDP.var"#156#159"(), Core.Box(2000)), nothing), 2000, 11111)
bic_model
Lower bound: 1.8686346368999854e8
Statistical upper bound (confidence interval): 2.589715239981809e8  7.297894396434351e6
Pessimistic upper bound: 2.6626941839461523e8

||||||||||||||||||||||||||||||||||||||||||||||||||||||||||||||||||||||||||||||||||||||||||||||||||||||||||||||||||||||||||||||||||||||||
SIMULATION RESULTS
LogLinearSDDP.Simulation(SDDP.InSampleMonteCarlo(0, false, true, SDDP.var"#155#158"{SDDP.var"#156#159"}(SDDP.var"#156#159"(), Core.Box(2000)), nothing), 2000, 11111)
fitted_model
Lower bound: 1.8658544966863072e8
Statistical upper bound (confidence interval): 5.092607365082561e8  8.615158893000893e7
Pessimistic upper bound: 5.95412325438265e8

||||||||||||||||||||||||||||||||||||||||||||||||||||||||||||||||||||||||||||||||||||||||||||||||||||||||||||||||||||||||||||||||||||||||
SIMULATION RESULTS
LogLinearSDDP.Simulation(SDDP.InSampleMonteCarlo(0, false, true, SDDP.var"#155#158"{SDDP.var"#156#159"}(SDDP.var"#156#159"(), Core.Box(2000)), nothing), 2000, 11111)
fitted_model
Lower bound: 1.8658544966863072e8
Statistical upper bound (confidence interval): 3.258374933143483e8  6.932538091362658e7
Pessimistic upper bound: 3.951628742279749e8
