||||||||||||||||||||||||||||||||||||||||||||||||||||||||||||||||||||||||||||||||||||||||||||||||||||||||||||||||||||||||||||||||||||||||
PATH
calling 
C:\Users\cg4102\Documents\New LogLinearSDDP\LogLinearSDDP.jl\Examples\Hydrothermal
C:\Users\cg4102\Documents\New LogLinearSDDP\LogLinearSDDP.jl\Examples\Hydrothermal\run_model_markov.jl
DATETIME
2025-04-28T09:02:13.919
RUN DESCRIPTION
LogLinearSDDP.AlgoParams(SDDP.AbstractStoppingRule[SDDP.TimeLimit(7200.0)], LogLinearSDDP.NoSimulation(), false, 2, 1, "C:/Users/cg4102/Documents/julia_logs/Cut-sharing Re-Run (2h)/Run_MC-SDDP_lattice_55555/MC-SDDP.log", false, false, false, 55555, "MC-SDDP: 100 nodes, lattice", :fitted_model)
-------------------------------------------------------------------
         SDDP.jl (c) Oscar Dowson and contributors, 2017-23
-------------------------------------------------------------------
problem
  nodes           : 11901
  state variables : 4
  scenarios       : 6.68857e+229
  existing cuts   : false
options
  solver          : serial mode
  risk measure    : SDDP.Expectation()
  sampling scheme : SDDP.InSampleMonteCarlo
subproblem structure
  VariableRef                                  : [142, 142]
  JuMP.AffExpr in MOI.EqualTo{Float64}         : [13, 13]
  JuMP.VariableRef in MOI.GreaterThan{Float64} : [138, 138]
  JuMP.VariableRef in MOI.LessThan{Float64}    : [129, 130]
-------------------------------------------------------------------
 iteration    simulation      bound        time (s)     solves  pid
-------------------------------------------------------------------
         1   2.110511e+09  5.083378e+05  1.036200e+01     10629   1
         2   1.570326e+09  7.319363e+05  1.362400e+01     20965   1
         3   1.037735e+09  1.105876e+06  1.673600e+01     31170   1
         4   5.291780e+08  1.810650e+06  1.985500e+01     41665   1
         5   8.641122e+08  1.850890e+06  2.295400e+01     52120   1
         6   5.961842e+08  7.055642e+06  2.638100e+01     62755   1
         7   4.172022e+08  1.970008e+07  2.973600e+01     73419   1
         8   5.603136e+08  2.131872e+07  3.262100e+01     83368   1
         9   4.500171e+08  3.845685e+07  3.559900e+01     93613   1
        10   4.082678e+08  4.820861e+07  3.878500e+01    103995   1
        11   3.778107e+08  4.972291e+07  4.193500e+01    114472   1
        12   5.467053e+08  4.981334e+07  4.484200e+01    124620   1
        13   8.875740e+08  4.992719e+07  4.794200e+01    135056   1
        14   1.090303e+09  5.057738e+07  5.081400e+01    145291   1
        15   1.947954e+08  5.101082e+07  5.359600e+01    155387   1
        16   2.440716e+08  5.111055e+07  5.696600e+01    165686   1
        17   4.935357e+08  5.370696e+07  6.034400e+01    176402   1
        18   5.660053e+08  5.468511e+07  6.321000e+01    186451   1
        19   2.664713e+08  5.998376e+07  6.633500e+01    196927   1
        20   2.592964e+08  6.041958e+07  6.949500e+01    207622   1
        21   4.163451e+08  7.378643e+07  7.256700e+01    218026   1
        22   1.585119e+08  7.390128e+07  7.538100e+01    227826   1
        23   4.572144e+08  7.393639e+07  7.836200e+01    238072   1
        24   1.987230e+08  7.828752e+07  8.154300e+01    248415   1
        25   4.673152e+08  8.375784e+07  8.472800e+01    259039   1
        26   4.061453e+08  8.654968e+07  8.791100e+01    269472   1
        27   2.361626e+08  8.764996e+07  9.124400e+01    280081   1
        28   3.218554e+08  9.042606e+07  9.437300e+01    290455   1
        29   6.391739e+08  9.097624e+07  9.751600e+01    300681   1
        30   3.889716e+08  9.176585e+07  1.007080e+02    311318   1
        31   1.097912e+09  9.378900e+07  1.038680e+02    321728   1
        32   3.444066e+08  9.580332e+07  1.099530e+02    332258   1
        33   4.393381e+08  1.000065e+08  1.130090e+02    342702   1
        34   4.257527e+08  1.015261e+08  1.160680e+02    353460   1
        35   2.355155e+08  1.041986e+08  1.191860e+02    364026   1
        36   9.064050e+08  1.042082e+08  1.220070e+02    374324   1
        37   1.963274e+08  1.042247e+08  1.251230e+02    384955   1
        38   2.750805e+08  1.058158e+08  1.285330e+02    395385   1
        39   1.890396e+08  1.065456e+08  1.317370e+02    405820   1
        40   3.622129e+08  1.086961e+08  1.348340e+02    416352   1
        41   6.347352e+08  1.129089e+08  1.378270e+02    426645   1
        42   4.694707e+08  1.129542e+08  1.409270e+02    437224   1
        43   4.973795e+08  1.150677e+08  1.440360e+02    447753   1
        44   2.245677e+08  1.167529e+08  1.471550e+02    458420   1
        45   5.390473e+08  1.173507e+08  1.500540e+02    468598   1
        46   4.420716e+08  1.199669e+08  1.532640e+02    479152   1
        47   3.510327e+08  1.205269e+08  1.562550e+02    489694   1
        48   3.200995e+08  1.205295e+08  1.593110e+02    499942   1
        49   5.827164e+08  1.212076e+08  1.625610e+02    510428   1
        50   1.640543e+08  1.225958e+08  1.656990e+02    520825   1
        51   3.248773e+08  1.232488e+08  1.689490e+02    531397   1
        52   2.932389e+08  1.238371e+08  1.720610e+02    541852   1
        53   3.285774e+08  1.241741e+08  1.753030e+02    552379   1
        54   4.512993e+08  1.256649e+08  1.784280e+02    562626   1
        55   3.582677e+08  1.262073e+08  1.816010e+02    573208   1
        56   5.154613e+08  1.270106e+08  1.847440e+02    583809   1
        57   1.874558e+08  1.274364e+08  1.879310e+02    594370   1
        58   5.477916e+08  1.280790e+08  1.911490e+02    604682   1
        59   5.426109e+08  1.304785e+08  1.944350e+02    615345   1
        60   2.904382e+08  1.322097e+08  1.978570e+02    625743   1
        61   1.921893e+08  1.322682e+08  2.011320e+02    635979   1
        62   3.247706e+08  1.326444e+08  2.045930e+02    646394   1
        63   1.698076e+08  1.331609e+08  2.108020e+02    656449   1
        64   2.495673e+08  1.366640e+08  2.140580e+02    666939   1
        65   2.328331e+08  1.368823e+08  2.172860e+02    677558   1
        66   6.850251e+08  1.372007e+08  2.204030e+02    687963   1
        67   5.811408e+08  1.373015e+08  2.235120e+02    698037   1
        68   2.895695e+08  1.402272e+08  2.267040e+02    708577   1
        69   4.480389e+08  1.412980e+08  2.299370e+02    718925   1
        70   3.628257e+08  1.423590e+08  2.332420e+02    729560   1
        71   2.818657e+08  1.428617e+08  2.364350e+02    739840   1
        72   4.440430e+08  1.431360e+08  2.395980e+02    750354   1
        73   2.523593e+08  1.473703e+08  2.428760e+02    761042   1
        74   3.349904e+08  1.481761e+08  2.461150e+02    771424   1
        75   2.185016e+08  1.492618e+08  2.493960e+02    781946   1
        76   2.576981e+08  1.492912e+08  2.528120e+02    792660   1
        77   2.398750e+08  1.493032e+08  2.561790e+02    803215   1
        78   1.919744e+08  1.497722e+08  2.593920e+02    813593   1
        79   4.497925e+08  1.499547e+08  2.627070e+02    824038   1
        80   2.258231e+08  1.501042e+08  2.661580e+02    834483   1
        81   2.019373e+08  1.504159e+08  2.695870e+02    844947   1
        82   2.489417e+08  1.504908e+08  2.730060e+02    855596   1
        83   2.959546e+08  1.506117e+08  2.765550e+02    865983   1
        84   4.826324e+08  1.515427e+08  2.799320e+02    876316   1
        85   1.991090e+08  1.552585e+08  2.834930e+02    886927   1
        86   3.775618e+08  1.565568e+08  2.868710e+02    897489   1
        87   1.889532e+08  1.591247e+08  2.902650e+02    907839   1
        88   2.133216e+08  1.595113e+08  2.937970e+02    918388   1
        89   4.106641e+08  1.597251e+08  2.972130e+02    928934   1
        90   1.937055e+08  1.608013e+08  3.007320e+02    939374   1
        91   2.834969e+08  1.612153e+08  3.042880e+02    949745   1
        92   3.863929e+08  1.618308e+08  3.078620e+02    960194   1
        93   5.678283e+08  1.618599e+08  3.142940e+02    970664   1
        94   1.782610e+08  1.624459e+08  3.177740e+02    981227   1
        95   5.489817e+08  1.634024e+08  3.211590e+02    991451   1
        96   3.989967e+08  1.640488e+08  3.245230e+02   1001908   1
        97   6.494927e+08  1.651378e+08  3.279750e+02   1012498   1
        98   4.932195e+08  1.651465e+08  3.313580e+02   1022974   1
        99   2.167635e+08  1.660761e+08  3.348360e+02   1033529   1
       100   8.141312e+08  1.685159e+08  3.381800e+02   1043739   1
       101   2.517036e+08  1.703497e+08  3.416370e+02   1054266   1
       102   2.931814e+08  1.719414e+08  3.450430e+02   1064552   1
       103   2.217412e+08  1.736243e+08  3.485630e+02   1074981   1
       104   1.042567e+09  1.743904e+08  3.518880e+02   1084943   1
       105   2.466887e+08  1.743991e+08  3.553950e+02   1095486   1
       106   2.957724e+08  1.749057e+08  3.590270e+02   1106212   1
       107   4.185854e+08  1.751848e+08  3.625400e+02   1116626   1
       108   5.163753e+08  1.752817e+08  3.660790e+02   1127107   1
       109   2.997719e+08  1.757497e+08  3.697000e+02   1137843   1
       110   4.042359e+08  1.757771e+08  3.732200e+02   1148010   1
       111   6.806145e+08  1.758078e+08  3.768240e+02   1158509   1
       112   7.013797e+08  1.758408e+08  3.803870e+02   1168882   1
       113   2.843801e+08  1.766828e+08  3.840690e+02   1179416   1
       114   2.893414e+08  1.770764e+08  3.877770e+02   1190086   1
       115   2.697374e+08  1.777276e+08  3.914410e+02   1200535   1
       116   2.114322e+08  1.779528e+08  3.950850e+02   1211191   1
       117   2.381006e+08  1.791548e+08  3.987810e+02   1221908   1
       118   4.492017e+08  1.794522e+08  4.024680e+02   1232586   1
       119   5.252634e+08  1.797561e+08  4.061260e+02   1243078   1
       120   2.887629e+08  1.798448e+08  4.099490e+02   1253722   1
       121   2.966939e+08  1.798872e+08  4.170080e+02   1264455   1
       122   3.541650e+08  1.799018e+08  4.206650e+02   1274782   1
       123   2.509912e+08  1.799787e+08  4.243060e+02   1285624   1
       124   1.534085e+08  1.804847e+08  4.279000e+02   1295992   1
       125   3.026492e+08  1.805957e+08  4.314920e+02   1306212   1
       126   3.614345e+08  1.809714e+08  4.350890e+02   1316670   1
       127   2.840883e+08  1.815384e+08  4.387090e+02   1327113   1
       128   3.232782e+08  1.815680e+08  4.423380e+02   1337279   1
       129   4.904928e+08  1.822448e+08  4.460290e+02   1347918   1
       130   3.789246e+08  1.823455e+08  4.496630e+02   1358350   1
       131   2.035919e+08  1.823617e+08  4.534470e+02   1369018   1
       132   2.394576e+08  1.825417e+08  4.571680e+02   1379596   1
       133   2.309275e+08  1.825487e+08  4.608550e+02   1389880   1
       134   3.888811e+08  1.829999e+08  4.644740e+02   1399754   1
       135   2.688159e+08  1.843504e+08  4.681610e+02   1410100   1
       136   3.882272e+08  1.847606e+08  4.718350e+02   1420487   1
       137   2.194683e+08  1.847775e+08  4.755290e+02   1430798   1
       138   2.199916e+08  1.848071e+08  4.794170e+02   1441559   1
       139   2.766074e+08  1.848338e+08  4.832360e+02   1452098   1
       140   4.077700e+08  1.852402e+08  4.870540e+02   1462361   1
       141   8.669892e+08  1.853186e+08  4.908420e+02   1472682   1
       142   4.684558e+08  1.853256e+08  4.947410e+02   1483098   1
       143   4.380126e+08  1.870747e+08  4.986290e+02   1493525   1
       144   2.038584e+08  1.873158e+08  5.025520e+02   1504155   1
       145   2.402418e+08  1.878506e+08  5.064140e+02   1514524   1
       146   4.055259e+08  1.878625e+08  5.103380e+02   1525086   1
       147   4.759760e+08  1.879041e+08  5.142460e+02   1535453   1
       148   3.253876e+08  1.899516e+08  5.182180e+02   1545873   1
       149   3.262771e+08  1.905286e+08  5.222370e+02   1556503   1
       150   3.308117e+08  1.920055e+08  5.262730e+02   1566876   1
       151   5.155676e+08  1.926507e+08  5.439110e+02   1577212   1
       152   7.987689e+08  1.927236e+08  5.477530e+02   1587464   1
       153   8.336501e+08  1.928081e+08  5.514940e+02   1597515   1
       154   2.670913e+08  1.935118e+08  5.553990e+02   1608106   1
       155   2.095357e+08  1.937436e+08  5.593560e+02   1618727   1
       156   1.938038e+08  1.937788e+08  5.633410e+02   1629163   1
       157   3.392756e+08  1.941656e+08  5.672520e+02   1639505   1
       158   3.821176e+08  1.944294e+08  5.712620e+02   1649856   1
       159   2.707715e+08  1.947920e+08  5.752150e+02   1660603   1
       160   2.202126e+08  1.949237e+08  5.790600e+02   1670955   1
       161   2.214988e+08  1.949962e+08  5.829910e+02   1681176   1
       162   1.919549e+08  1.965119e+08  5.871040e+02   1691627   1
       163   3.650029e+08  1.973100e+08  5.911350e+02   1702138   1
       164   2.660743e+08  1.974419e+08  5.951810e+02   1712571   1
       165   2.337358e+08  1.975842e+08  5.992370e+02   1723149   1
       166   3.166120e+08  1.983060e+08  6.032840e+02   1733687   1
       167   1.876589e+08  1.985988e+08  6.073320e+02   1744289   1
       168   3.898391e+08  1.986723e+08  6.115360e+02   1754612   1
       169   2.112954e+08  1.989988e+08  6.158940e+02   1765223   1
       170   2.231930e+08  1.992304e+08  6.202540e+02   1775588   1
       171   5.026516e+08  1.995516e+08  6.245590e+02   1785835   1
       172   3.713245e+08  1.997515e+08  6.289030e+02   1796424   1
       173   2.769306e+08  1.998071e+08  6.332310e+02   1806711   1
       174   2.884416e+08  2.002489e+08  6.424270e+02   1817118   1
       175   4.665015e+08  2.007392e+08  6.464660e+02   1827628   1
       176   4.850125e+08  2.007394e+08  6.504510e+02   1837697   1
       177   5.554300e+08  2.007415e+08  6.544420e+02   1847797   1
       178   2.089702e+08  2.008851e+08  6.585120e+02   1858060   1
       179   5.629072e+08  2.010364e+08  6.626250e+02   1868666   1
       180   6.684927e+08  2.010929e+08  6.667820e+02   1879241   1
       181   2.497627e+08  2.012387e+08  6.709310e+02   1889600   1
       182   1.852523e+08  2.023027e+08  6.751880e+02   1899919   1
       183   5.484468e+08  2.025141e+08  6.794340e+02   1910118   1
       184   1.629260e+08  2.032246e+08  6.839070e+02   1920619   1
       185   1.841218e+08  2.034991e+08  6.883190e+02   1931263   1
       186   2.947052e+08  2.035442e+08  6.926520e+02   1941758   1
       187   1.881175e+08  2.040049e+08  6.971530e+02   1952075   1
       188   3.784998e+08  2.041701e+08  7.016800e+02   1962292   1
       189   1.894751e+08  2.044677e+08  7.061330e+02   1972529   1
       190   3.363856e+08  2.044836e+08  7.105570e+02   1982942   1
       191   4.491666e+08  2.046676e+08  7.194350e+02   1993642   1
       192   2.579173e+08  2.065917e+08  7.236540e+02   2004014   1
       193   2.620308e+08  2.070157e+08  7.278710e+02   2014587   1
       194   4.810621e+08  2.074150e+08  7.320590e+02   2024997   1
       195   3.771575e+08  2.074320e+08  7.363610e+02   2035388   1
       196   6.364880e+08  2.083726e+08  7.405890e+02   2045668   1
       197   3.099974e+08  2.087669e+08  7.448540e+02   2056041   1
       198   2.638693e+08  2.088788e+08  7.491110e+02   2066168   1
       199   2.187314e+08  2.089837e+08  7.534720e+02   2076880   1
       200   1.978487e+08  2.089959e+08  7.578820e+02   2087150   1
       201   3.193869e+08  2.090379e+08  7.623100e+02   2097689   1
       202   6.442877e+08  2.092495e+08  7.667460e+02   2108230   1
       203   2.347005e+08  2.092683e+08  7.712400e+02   2118894   1
       204   3.228160e+08  2.093228e+08  7.756980e+02   2129083   1
       205   2.273801e+08  2.093251e+08  7.802340e+02   2139728   1
       206   2.057356e+08  2.096382e+08  7.889670e+02   2150095   1
       207   2.793518e+08  2.100924e+08  7.932510e+02   2160478   1
       208   2.894254e+08  2.101012e+08  7.975810e+02   2170966   1
       209   3.176805e+08  2.103578e+08  8.018620e+02   2181395   1
       210   2.862201e+08  2.104770e+08  8.062930e+02   2192022   1
       211   5.971925e+08  2.105022e+08  8.106130e+02   2202532   1
       212   7.188568e+08  2.109762e+08  8.150840e+02   2212815   1
       213   2.619796e+08  2.120191e+08  8.195530e+02   2223460   1
       214   1.540636e+08  2.120588e+08  8.240700e+02   2234044   1
       215   2.451520e+08  2.122793e+08  8.285800e+02   2244346   1
       216   2.695331e+08  2.123780e+08  8.332050e+02   2254820   1
       217   2.372821e+08  2.126596e+08  8.378050e+02   2265396   1
       218   5.639144e+08  2.126769e+08  8.423880e+02   2275745   1
       219   2.308099e+08  2.127386e+08  8.513110e+02   2286016   1
       220   5.327621e+08  2.131714e+08  8.557480e+02   2296232   1
       221   3.276287e+08  2.133210e+08  8.602550e+02   2306884   1
       222   3.046251e+08  2.133528e+08  8.648220e+02   2317137   1
       223   3.167931e+08  2.134754e+08  8.693180e+02   2327603   1
       224   5.621176e+08  2.138583e+08  8.737450e+02   2337849   1
       225   1.339337e+08  2.139556e+08  8.782440e+02   2348247   1
       226   2.245647e+08  2.139955e+08  8.829420e+02   2358678   1
       227   3.681994e+08  2.145312e+08  8.875350e+02   2368969   1
       228   3.526738e+08  2.154681e+08  8.921560e+02   2379172   1
       229   3.226084e+08  2.155162e+08  8.968590e+02   2389937   1
       230   2.894026e+08  2.155943e+08  9.058360e+02   2400462   1
       231   5.088113e+08  2.156253e+08  9.102930e+02   2410363   1
       232   3.732228e+08  2.163037e+08  9.148320e+02   2420759   1
       233   4.112892e+08  2.164519e+08  9.194490e+02   2431209   1
       234   4.651660e+08  2.167734e+08  9.240590e+02   2441586   1
       235   5.258046e+08  2.170517e+08  9.287240e+02   2452237   1
       236   1.942727e+08  2.171765e+08  9.334470e+02   2463063   1
       237   5.539662e+08  2.172363e+08  9.379980e+02   2473196   1
       238   2.554697e+08  2.174810e+08  9.427700e+02   2483794   1
       239   1.590667e+08  2.175961e+08  9.475560e+02   2494254   1
       240   8.813479e+08  2.176156e+08  9.523050e+02   2504785   1
       241   8.549766e+08  2.177762e+08  9.613260e+02   2514850   1
       242   2.784087e+08  2.179719e+08  9.659880e+02   2525429   1
       243   2.309064e+08  2.180862e+08  9.706570e+02   2535904   1
       244   5.021677e+08  2.180924e+08  9.753360e+02   2546363   1
       245   5.229490e+08  2.181163e+08  9.799900e+02   2556583   1
       246   4.109123e+08  2.181164e+08  9.847700e+02   2567205   1
       247   3.318114e+08  2.182002e+08  9.894240e+02   2577579   1
       248   4.318782e+08  2.182519e+08  9.942370e+02   2588177   1
       249   5.505987e+08  2.184070e+08  9.990270e+02   2598625   1
       250   1.591904e+08  2.185024e+08  1.003903e+03   2609083   1
       251   4.171271e+08  2.185355e+08  1.013138e+03   2619525   1
       252   2.493031e+08  2.186285e+08  1.017899e+03   2630230   1
       253   2.951138e+08  2.186955e+08  1.022663e+03   2640813   1
       254   3.334156e+08  2.190161e+08  1.027475e+03   2651043   1
       255   3.747123e+08  2.192179e+08  1.032323e+03   2661796   1
       256   2.207636e+08  2.192182e+08  1.037090e+03   2671925   1
       257   4.098649e+08  2.193781e+08  1.041957e+03   2682225   1
       258   3.804538e+08  2.193786e+08  1.046792e+03   2692756   1
       259   1.817363e+08  2.194089e+08  1.051705e+03   2703297   1
       260   8.247893e+08  2.194666e+08  1.056578e+03   2713286   1
       261   2.525771e+08  2.199353e+08  1.066054e+03   2723670   1
       262   2.419872e+08  2.199411e+08  1.070835e+03   2734025   1
       263   2.805946e+08  2.201787e+08  1.075641e+03   2744316   1
       264   2.096769e+08  2.203192e+08  1.080531e+03   2754822   1
       265   2.879670e+08  2.203781e+08  1.085459e+03   2765664   1
       266   3.281830e+08  2.206305e+08  1.090359e+03   2775940   1
       267   4.235903e+08  2.209770e+08  1.095234e+03   2786254   1
       268   1.715025e+08  2.210542e+08  1.100216e+03   2796918   1
       269   2.679741e+08  2.211761e+08  1.105328e+03   2807514   1
       270   4.466542e+08  2.213761e+08  1.110289e+03   2817753   1
       271   2.049461e+08  2.214006e+08  1.119836e+03   2827860   1
       272   2.499124e+08  2.218252e+08  1.124793e+03   2838061   1
       273   3.293224e+08  2.224242e+08  1.129734e+03   2848763   1
       274   4.215895e+08  2.225343e+08  1.134677e+03   2859314   1
       275   2.505097e+08  2.233795e+08  1.139687e+03   2869898   1
       276   7.320301e+08  2.234745e+08  1.144623e+03   2880185   1
       277   2.618134e+08  2.236423e+08  1.149601e+03   2890595   1
       278   4.370287e+08  2.236610e+08  1.154647e+03   2901226   1
       279   4.046203e+08  2.236792e+08  1.159723e+03   2911481   1
       280   1.633088e+08  2.236933e+08  1.164821e+03   2921681   1
       281   3.892569e+08  2.238800e+08  1.174567e+03   2932065   1
       282   3.422993e+08  2.239595e+08  1.179528e+03   2942279   1
       283   2.278440e+08  2.240666e+08  1.184551e+03   2952790   1
       284   2.263156e+08  2.240971e+08  1.189535e+03   2963070   1
       285   2.088624e+08  2.242468e+08  1.194589e+03   2973319   1
       286   3.233392e+08  2.244063e+08  1.199710e+03   2983918   1
       287   1.722153e+08  2.244076e+08  1.204861e+03   2994480   1
       288   3.127204e+08  2.247478e+08  1.210040e+03   3004895   1
       289   3.241257e+08  2.247657e+08  1.215166e+03   3015129   1
       290   6.628855e+08  2.247974e+08  1.225317e+03   3025560   1
       291   2.341756e+08  2.249498e+08  1.230439e+03   3036322   1
       292   2.318935e+08  2.249711e+08  1.235576e+03   3046576   1
       293   2.140398e+08  2.251401e+08  1.240752e+03   3057381   1
       294   5.430985e+08  2.251539e+08  1.245873e+03   3067619   1
       295   2.842252e+08  2.251586e+08  1.250995e+03   3077932   1
       296   5.407515e+08  2.253638e+08  1.256119e+03   3088360   1
       297   2.079098e+08  2.254408e+08  1.261333e+03   3098601   1
       298   2.434483e+08  2.257415e+08  1.266643e+03   3108986   1
       299   2.597465e+08  2.263596e+08  1.271977e+03   3119502   1
       300   4.222115e+08  2.264274e+08  1.282430e+03   3129986   1
       301   2.539059e+08  2.264533e+08  1.287694e+03   3140361   1
       302   2.138760e+08  2.264771e+08  1.292939e+03   3151007   1
       303   5.299440e+08  2.265879e+08  1.298126e+03   3161493   1
       304   4.116393e+08  2.267984e+08  1.303411e+03   3172148   1
       305   3.155775e+08  2.268270e+08  1.308824e+03   3182994   1
       306   2.504356e+08  2.269239e+08  1.314151e+03   3193405   1
       307   2.406127e+08  2.269687e+08  1.319474e+03   3203898   1
       308   2.453866e+08  2.270651e+08  1.324776e+03   3214358   1
       309   3.307563e+08  2.273822e+08  1.330205e+03   3224783   1
       310   1.898144e+08  2.273827e+08  1.335659e+03   3235553   1
       311   4.808175e+08  2.273908e+08  1.346339e+03   3246047   1
       312   3.501446e+08  2.275322e+08  1.351641e+03   3256525   1
       313   3.926447e+08  2.276324e+08  1.356920e+03   3267068   1
       314   2.856350e+08  2.280611e+08  1.362353e+03   3277900   1
       315   2.850178e+08  2.281785e+08  1.367732e+03   3288324   1
       316   1.491379e+08  2.284088e+08  1.373167e+03   3298642   1
       317   1.966737e+08  2.284929e+08  1.378684e+03   3309163   1
       318   4.239659e+08  2.285279e+08  1.384077e+03   3319707   1
       319   2.077944e+08  2.285516e+08  1.389539e+03   3330042   1
       320   2.252522e+08  2.286163e+08  1.395107e+03   3340611   1
       321   4.384201e+08  2.286457e+08  1.405909e+03   3350781   1
       322   2.359232e+08  2.286645e+08  1.411331e+03   3361310   1
       323   2.071364e+08  2.287532e+08  1.416836e+03   3372062   1
       324   6.298777e+08  2.289136e+08  1.422300e+03   3382460   1
       325   1.790450e+08  2.289904e+08  1.427781e+03   3393066   1
       326   2.206405e+08  2.290228e+08  1.433286e+03   3403483   1
       327   3.153625e+08  2.290260e+08  1.438764e+03   3413516   1
       328   2.483992e+08  2.291016e+08  1.444262e+03   3423767   1
       329   3.877981e+08  2.296628e+08  1.449783e+03   3434077   1
       330   3.560413e+08  2.299292e+08  1.455412e+03   3444582   1
       331   4.871076e+08  2.307292e+08  1.466344e+03   3454930   1
       332   4.151923e+08  2.309125e+08  1.471750e+03   3465320   1
       333   3.023919e+08  2.309732e+08  1.477202e+03   3475725   1
       334   2.485593e+08  2.310062e+08  1.482643e+03   3485857   1
       335   2.698332e+08  2.311420e+08  1.488160e+03   3496239   1
       336   2.725157e+08  2.311533e+08  1.493671e+03   3506318   1
       337   2.720461e+08  2.315984e+08  1.499173e+03   3516814   1
       338   2.391953e+08  2.316299e+08  1.504687e+03   3526949   1
       339   3.876647e+08  2.320656e+08  1.510263e+03   3537372   1
       340   8.049118e+08  2.322799e+08  1.515881e+03   3547438   1
       341   2.688651e+08  2.323623e+08  1.527177e+03   3557894   1
       342   4.226924e+08  2.323638e+08  1.532731e+03   3568133   1
       343   2.231612e+08  2.328149e+08  1.538289e+03   3578325   1
       344   6.419908e+08  2.329169e+08  1.543840e+03   3588711   1
       345   2.722439e+08  2.330127e+08  1.549411e+03   3599015   1
       346   6.993220e+08  2.330337e+08  1.554990e+03   3609580   1
       347   4.159944e+08  2.330347e+08  1.560566e+03   3619906   1
       348   3.149801e+08  2.332089e+08  1.566179e+03   3630123   1
       349   2.592467e+08  2.333735e+08  1.571905e+03   3640552   1
       350   2.666142e+08  2.333920e+08  1.577693e+03   3651122   1
       351   1.919560e+08  2.334991e+08  1.583606e+03   3661789   1
       352   2.741008e+08  2.336359e+08  1.594963e+03   3672574   1
       353   2.518309e+08  2.336679e+08  1.600653e+03   3683040   1
       354   2.104224e+08  2.339046e+08  1.606207e+03   3693099   1
       355   1.974656e+08  2.342173e+08  1.611877e+03   3703356   1
       356   3.464551e+08  2.342444e+08  1.617622e+03   3713557   1
       357   2.408248e+08  2.344602e+08  1.623291e+03   3724181   1
       358   2.336456e+08  2.349179e+08  1.629029e+03   3734712   1
       359   2.644931e+08  2.349693e+08  1.634760e+03   3745266   1
       360   2.557594e+08  2.350146e+08  1.640636e+03   3755730   1
       361   9.039259e+08  2.351745e+08  1.646502e+03   3765932   1
       362   2.296530e+08  2.354400e+08  1.658141e+03   3776473   1
       363   4.458688e+08  2.355442e+08  1.663866e+03   3786814   1
       364   7.161423e+08  2.355963e+08  1.669505e+03   3796911   1
       365   2.729902e+08  2.357645e+08  1.675268e+03   3807496   1
       366   2.173534e+08  2.358777e+08  1.681054e+03   3817909   1
       367   1.987454e+08  2.362520e+08  1.686783e+03   3828340   1
       368   2.799318e+08  2.364596e+08  1.692544e+03   3839008   1
       369   4.276487e+08  2.371036e+08  1.698299e+03   3849267   1
       370   2.449999e+08  2.372024e+08  1.704235e+03   3859765   1
       371   4.578498e+08  2.372125e+08  1.710105e+03   3870274   1
       372   2.133394e+08  2.373463e+08  1.716114e+03   3880720   1
       373   2.172708e+08  2.373507e+08  1.727796e+03   3891261   1
       374   3.757209e+08  2.373723e+08  1.733597e+03   3901734   1
       375   2.828946e+08  2.376352e+08  1.739504e+03   3911836   1
       376   2.789054e+08  2.377420e+08  1.745357e+03   3922243   1
       377   1.920084e+08  2.378608e+08  1.751266e+03   3932892   1
       378   2.650452e+08  2.379956e+08  1.757233e+03   3943427   1
       379   1.662269e+08  2.380095e+08  1.763305e+03   3953803   1
       380   3.476924e+08  2.380283e+08  1.769240e+03   3963960   1
       381   1.499043e+08  2.380956e+08  1.775235e+03   3974411   1
       382   2.235836e+08  2.381703e+08  1.781295e+03   3985030   1
       383   3.389715e+08  2.382715e+08  1.787448e+03   3995619   1
       384   2.682174e+08  2.382955e+08  1.799517e+03   4005900   1
       385   2.051791e+08  2.383198e+08  1.805502e+03   4016510   1
       386   2.413409e+08  2.385149e+08  1.811505e+03   4026932   1
       387   4.048778e+08  2.385173e+08  1.817513e+03   4037016   1
       388   7.505792e+08  2.385827e+08  1.823416e+03   4047087   1
       389   1.906205e+08  2.387638e+08  1.829462e+03   4057681   1
       390   2.399960e+08  2.390579e+08  1.835495e+03   4068066   1
       391   3.046271e+08  2.390931e+08  1.841492e+03   4078647   1
       392   2.282486e+08  2.392866e+08  1.847606e+03   4089225   1
       393   2.651469e+08  2.395847e+08  1.853724e+03   4099803   1
       394   2.707941e+08  2.396951e+08  1.866160e+03   4110448   1
       395   2.353236e+08  2.397687e+08  1.872172e+03   4121171   1
       396   5.795342e+08  2.397790e+08  1.878131e+03   4131459   1
       397   1.708885e+08  2.398593e+08  1.884229e+03   4141672   1
       398   6.267137e+08  2.400350e+08  1.890352e+03   4152217   1
       399   1.819831e+08  2.401544e+08  1.896556e+03   4162766   1
       400   3.021919e+08  2.401577e+08  1.902682e+03   4173050   1
       401   3.333045e+08  2.402287e+08  1.908753e+03   4183376   1
       402   3.711885e+08  2.402533e+08  1.914900e+03   4193735   1
       403   2.548699e+08  2.404142e+08  1.921249e+03   4204231   1
       404   3.588744e+08  2.404713e+08  1.927437e+03   4214476   1
       405   2.089559e+08  2.405265e+08  1.940207e+03   4224942   1
       406   1.990678e+08  2.405290e+08  1.946339e+03   4235223   1
       407   1.636360e+08  2.405368e+08  1.952473e+03   4245410   1
       408   3.286548e+08  2.406167e+08  1.958708e+03   4256112   1
       409   2.607526e+08  2.406285e+08  1.964848e+03   4266306   1
       410   2.163287e+08  2.406310e+08  1.971027e+03   4276528   1
       411   6.461339e+08  2.406606e+08  1.977180e+03   4286880   1
       412   2.567572e+08  2.407492e+08  1.983299e+03   4296922   1
       413   6.229444e+08  2.408100e+08  1.989425e+03   4307075   1
       414   6.182441e+08  2.409620e+08  1.995739e+03   4317378   1
       415   2.729400e+08  2.410075e+08  2.002110e+03   4327765   1
       416   3.221146e+08  2.410779e+08  2.014994e+03   4337816   1
       417   5.016194e+08  2.411064e+08  2.021208e+03   4348273   1
       418   2.587228e+08  2.412827e+08  2.027490e+03   4358814   1
       419   5.331076e+08  2.412999e+08  2.033712e+03   4369297   1
       420   2.904302e+08  2.414537e+08  2.040079e+03   4379851   1
       421   5.001024e+08  2.419016e+08  2.046270e+03   4390328   1
       422   2.707711e+08  2.419219e+08  2.052449e+03   4400750   1
       423   3.196937e+08  2.421219e+08  2.058723e+03   4410883   1
       424   2.153395e+08  2.421368e+08  2.065052e+03   4421207   1
       425   3.936442e+08  2.422554e+08  2.071408e+03   4431758   1
       426   1.976716e+08  2.423735e+08  2.077862e+03   4441873   1
       427   2.069841e+08  2.423842e+08  2.084344e+03   4452296   1
       428   2.630991e+08  2.423931e+08  2.097173e+03   4462833   1
       429   2.833955e+08  2.423990e+08  2.103525e+03   4473535   1
       430   3.527610e+08  2.427935e+08  2.109803e+03   4483835   1
       431   3.228340e+08  2.430803e+08  2.116106e+03   4494582   1
       432   3.995664e+08  2.431536e+08  2.122473e+03   4504825   1
       433   3.222977e+08  2.431614e+08  2.128816e+03   4515236   1
       434   2.276625e+08  2.432273e+08  2.135170e+03   4525710   1
       435   3.450444e+08  2.432311e+08  2.141502e+03   4535970   1
       436   3.125175e+08  2.433035e+08  2.147909e+03   4546827   1
       437   7.929142e+08  2.433546e+08  2.154276e+03   4557117   1
       438   4.251290e+08  2.436075e+08  2.160807e+03   4567313   1
       439   2.384404e+08  2.436207e+08  2.173916e+03   4577829   1
       440   4.300716e+08  2.436232e+08  2.180337e+03   4588404   1
       441   3.775538e+08  2.437066e+08  2.186730e+03   4598865   1
       442   2.746941e+08  2.437690e+08  2.193094e+03   4609369   1
       443   4.039882e+08  2.438011e+08  2.199502e+03   4619759   1
       444   4.397966e+08  2.441549e+08  2.205971e+03   4630247   1
       445   1.845845e+08  2.442591e+08  2.212440e+03   4640655   1
       446   3.221212e+08  2.443586e+08  2.219016e+03   4651259   1
       447   1.774201e+08  2.443616e+08  2.225525e+03   4661594   1
       448   2.243866e+08  2.445027e+08  2.232137e+03   4672244   1
       449   5.061796e+08  2.446561e+08  2.238760e+03   4682537   1
       450   2.485227e+08  2.447119e+08  2.245502e+03   4692819   1
       451   3.675271e+08  2.447801e+08  2.258755e+03   4703354   1
       452   2.355074e+08  2.448253e+08  2.265266e+03   4713995   1
       453   2.765325e+08  2.448433e+08  2.271749e+03   4724396   1
       454   1.890840e+08  2.448471e+08  2.278300e+03   4734613   1
       455   3.857842e+08  2.448487e+08  2.284814e+03   4745250   1
       456   1.869675e+08  2.448568e+08  2.291494e+03   4755768   1
       457   1.912298e+08  2.448819e+08  2.298067e+03   4766452   1
       458   1.813724e+08  2.451659e+08  2.304666e+03   4777086   1
       459   2.601380e+08  2.451945e+08  2.311299e+03   4787804   1
       460   7.593778e+08  2.451995e+08  2.317930e+03   4797830   1
       461   1.838996e+08  2.452321e+08  2.324670e+03   4808202   1
       462   3.427055e+08  2.452369e+08  2.331475e+03   4818726   1
       463   2.173995e+08  2.452468e+08  2.345086e+03   4829397   1
       464   3.239033e+08  2.452651e+08  2.351686e+03   4839504   1
       465   3.267305e+08  2.452737e+08  2.358290e+03   4849705   1
       466   3.200882e+08  2.452988e+08  2.364962e+03   4860461   1
       467   2.772043e+08  2.453052e+08  2.371730e+03   4870992   1
       468   3.152312e+08  2.453241e+08  2.378422e+03   4881400   1
       469   3.762923e+08  2.454534e+08  2.385108e+03   4891820   1
       470   7.682045e+08  2.458223e+08  2.391758e+03   4902048   1
       471   2.840978e+08  2.458585e+08  2.398609e+03   4912611   1
       472   2.834572e+08  2.460292e+08  2.405369e+03   4922857   1
       473   2.144464e+08  2.460554e+08  2.412264e+03   4933408   1
       474   4.022430e+08  2.462728e+08  2.426443e+03   4943869   1
       475   3.944872e+08  2.463055e+08  2.433237e+03   4954550   1
       476   2.769831e+08  2.463283e+08  2.440034e+03   4965149   1
       477   2.912265e+08  2.463477e+08  2.446754e+03   4975623   1
       478   2.545515e+08  2.464193e+08  2.453632e+03   4986234   1
       479   2.786127e+08  2.464369e+08  2.460490e+03   4996555   1
       480   4.158650e+08  2.466062e+08  2.467294e+03   5007199   1
       481   3.583615e+08  2.466771e+08  2.474032e+03   5017278   1
       482   2.451421e+08  2.467106e+08  2.480913e+03   5027644   1
       483   2.672181e+08  2.467144e+08  2.487828e+03   5037986   1
       484   3.310984e+08  2.467352e+08  2.494753e+03   5048300   1
       485   2.404245e+08  2.467426e+08  2.501801e+03   5058471   1
       486   3.402625e+08  2.468345e+08  2.516044e+03   5068670   1
       487   2.467644e+08  2.468358e+08  2.522889e+03   5079113   1
       488   1.875490e+08  2.469917e+08  2.529759e+03   5089817   1
       489   3.649285e+08  2.470704e+08  2.536597e+03   5100169   1
       490   2.623366e+08  2.470747e+08  2.543580e+03   5110342   1
       491   3.001460e+08  2.471465e+08  2.550469e+03   5120730   1
       492   7.601349e+08  2.471471e+08  2.557333e+03   5131022   1
       493   2.417869e+08  2.472327e+08  2.564311e+03   5141555   1
       494   2.694356e+08  2.473967e+08  2.571246e+03   5151685   1
       495   3.997894e+08  2.474019e+08  2.578233e+03   5162273   1
       496   2.392245e+08  2.474137e+08  2.585211e+03   5172715   1
       497   4.559770e+08  2.476069e+08  2.592206e+03   5183217   1
       498   3.458318e+08  2.476578e+08  2.606851e+03   5193879   1
       499   1.800499e+08  2.476627e+08  2.613860e+03   5204553   1
       500   1.962271e+08  2.477058e+08  2.620838e+03   5214999   1
       501   2.838800e+08  2.477071e+08  2.627819e+03   5225618   1
       502   7.368843e+08  2.478065e+08  2.634713e+03   5235835   1
       503   3.181089e+08  2.478087e+08  2.641716e+03   5246175   1
       504   3.278252e+08  2.478145e+08  2.648703e+03   5256102   1
       505   3.074355e+08  2.478866e+08  2.655705e+03   5266905   1
       506   3.893929e+08  2.481061e+08  2.662749e+03   5277264   1
       507   1.737098e+08  2.481585e+08  2.669946e+03   5287542   1
       508   2.364240e+08  2.481894e+08  2.677039e+03   5297897   1
       509   1.804679e+08  2.482061e+08  2.684130e+03   5308276   1
       510   3.017768e+08  2.482170e+08  2.691395e+03   5318722   1
       511   2.411502e+08  2.483131e+08  2.705968e+03   5329345   1
       512   2.468128e+08  2.483191e+08  2.713018e+03   5339817   1
       513   5.154655e+08  2.483898e+08  2.720021e+03   5350471   1
       514   2.471800e+08  2.484468e+08  2.727164e+03   5360823   1
       515   7.460522e+08  2.485810e+08  2.734151e+03   5371254   1
       516   4.798864e+08  2.485869e+08  2.741313e+03   5381918   1
       517   2.274637e+08  2.486686e+08  2.748493e+03   5392655   1
       518   2.608608e+08  2.486693e+08  2.755730e+03   5403086   1
       519   1.919062e+08  2.486724e+08  2.762949e+03   5413797   1
       520   3.556939e+08  2.486735e+08  2.770143e+03   5424325   1
       521   2.685053e+08  2.487125e+08  2.777378e+03   5434729   1
       522   2.125127e+08  2.489417e+08  2.784706e+03   5445262   1
       523   3.148470e+08  2.489857e+08  2.799779e+03   5455842   1
       524   2.780579e+08  2.490353e+08  2.806937e+03   5465689   1
       525   2.432878e+08  2.493683e+08  2.814072e+03   5476247   1
       526   2.319016e+08  2.494915e+08  2.821244e+03   5486702   1
       527   3.030280e+08  2.495000e+08  2.828517e+03   5497008   1
       528   2.296087e+08  2.496537e+08  2.835723e+03   5507494   1
       529   2.675796e+08  2.496774e+08  2.842989e+03   5517995   1
       530   3.135128e+08  2.497249e+08  2.850277e+03   5528399   1
       531   2.291930e+08  2.498590e+08  2.857675e+03   5538963   1
       532   2.198011e+08  2.499940e+08  2.865021e+03   5549613   1
       533   1.826032e+08  2.499980e+08  2.872411e+03   5560238   1
       534   1.597724e+08  2.500279e+08  2.879899e+03   5570457   1
       535   5.361710e+08  2.500352e+08  2.895116e+03   5580838   1
       536   2.698942e+08  2.500419e+08  2.902449e+03   5591291   1
       537   2.447039e+08  2.500884e+08  2.909839e+03   5601661   1
       538   3.434612e+08  2.502957e+08  2.917093e+03   5611944   1
       539   4.088506e+08  2.503076e+08  2.924336e+03   5621976   1
       540   3.292486e+08  2.503715e+08  2.931677e+03   5632448   1
       541   3.652283e+08  2.503861e+08  2.938953e+03   5642983   1
       542   3.813780e+08  2.504284e+08  2.946280e+03   5653348   1
       543   4.351458e+08  2.504309e+08  2.953639e+03   5663630   1
       544   2.682088e+08  2.506331e+08  2.961001e+03   5673986   1
       545   7.028118e+08  2.507660e+08  2.968446e+03   5684608   1
       546   1.715272e+08  2.507688e+08  2.976011e+03   5694845   1
       547   3.370038e+08  2.508413e+08  2.983556e+03   5705253   1
       548   2.157965e+08  2.509598e+08  2.998975e+03   5715768   1
       549   1.792127e+08  2.510011e+08  3.006316e+03   5726166   1
       550   3.790742e+08  2.510747e+08  3.013676e+03   5736574   1
       551   3.103730e+08  2.513313e+08  3.021127e+03   5746909   1
       552   4.530806e+08  2.514192e+08  3.028488e+03   5757378   1
       553   2.671935e+08  2.514339e+08  3.035962e+03   5767955   1
       554   1.980936e+08  2.517752e+08  3.043434e+03   5778308   1
       555   2.355046e+08  2.518079e+08  3.050904e+03   5789036   1
       556   2.755509e+08  2.518537e+08  3.058461e+03   5799325   1
       557   2.209634e+08  2.521579e+08  3.066089e+03   5810005   1
       558   2.172949e+08  2.522966e+08  3.073678e+03   5820722   1
       559   2.951252e+08  2.523338e+08  3.081291e+03   5831032   1
       560   2.505615e+08  2.524154e+08  3.088982e+03   5841646   1
       561   5.180507e+08  2.524675e+08  3.104589e+03   5852015   1
       562   4.082227e+08  2.524822e+08  3.112037e+03   5862518   1
       563   2.329152e+08  2.525110e+08  3.119557e+03   5872988   1
       564   8.749016e+08  2.525554e+08  3.127009e+03   5883477   1
       565   2.949149e+08  2.526553e+08  3.134515e+03   5893792   1
       566   2.667116e+08  2.526749e+08  3.142033e+03   5904280   1
       567   2.184865e+08  2.526758e+08  3.149594e+03   5914556   1
       568   2.859819e+08  2.526787e+08  3.157231e+03   5925207   1
       569   2.769219e+08  2.527475e+08  3.164840e+03   5935856   1
       570   2.413443e+08  2.527602e+08  3.172451e+03   5946265   1
       571   4.684980e+08  2.527765e+08  3.180156e+03   5956766   1
       572   2.790804e+08  2.529142e+08  3.188009e+03   5967277   1
       573   2.476065e+08  2.529147e+08  3.195867e+03   5977714   1
       574   2.441034e+08  2.529315e+08  3.211868e+03   5988365   1
       575   2.203218e+08  2.529412e+08  3.219470e+03   5998810   1
       576   2.612631e+08  2.530372e+08  3.227041e+03   6009425   1
       577   2.081429e+08  2.530438e+08  3.234698e+03   6020081   1
       578   2.011110e+08  2.530563e+08  3.242284e+03   6030521   1
       579   2.317284e+08  2.530843e+08  3.249836e+03   6040933   1
       580   1.974354e+08  2.531616e+08  3.257407e+03   6051095   1
       581   2.111787e+08  2.531646e+08  3.265083e+03   6061550   1
       582   1.955880e+08  2.531873e+08  3.272757e+03   6071922   1
       583   2.252378e+08  2.532417e+08  3.280474e+03   6082500   1
       584   3.048126e+08  2.532857e+08  3.288229e+03   6092858   1
       585   5.432867e+08  2.533037e+08  3.296021e+03   6103175   1
       586   3.300182e+08  2.533114e+08  3.303987e+03   6113498   1
       587   3.015471e+08  2.533398e+08  3.319839e+03   6123832   1
       588   1.826231e+08  2.533847e+08  3.327421e+03   6134266   1
       589   9.878780e+08  2.534977e+08  3.334963e+03   6144574   1
       590   4.415564e+08  2.535745e+08  3.342641e+03   6154842   1
       591   2.018231e+08  2.535843e+08  3.350437e+03   6165120   1
       592   6.585195e+08  2.535910e+08  3.358038e+03   6175285   1
       593   3.362783e+08  2.537848e+08  3.365650e+03   6185928   1
       594   3.586022e+08  2.538182e+08  3.373390e+03   6196385   1
       595   3.077242e+08  2.539232e+08  3.381141e+03   6206935   1
       596   2.506886e+08  2.539455e+08  3.388992e+03   6217404   1
       597   2.129136e+08  2.539646e+08  3.396866e+03   6227817   1
       598   1.961793e+08  2.539668e+08  3.404756e+03   6238406   1
       599   2.264894e+08  2.539790e+08  3.412688e+03   6248603   1
       600   6.731980e+08  2.539827e+08  3.428986e+03   6258684   1
       601   4.567908e+08  2.539854e+08  3.436730e+03   6268965   1
       602   2.485656e+08  2.540685e+08  3.444515e+03   6279500   1
       603   2.949902e+08  2.540812e+08  3.452241e+03   6290139   1
       604   2.623240e+08  2.540841e+08  3.459994e+03   6300665   1
       605   5.721632e+08  2.541104e+08  3.467763e+03   6310838   1
       606   5.687347e+08  2.541471e+08  3.475440e+03   6320973   1
       607   3.647011e+08  2.541597e+08  3.483271e+03   6331673   1
       608   4.164806e+08  2.542481e+08  3.491046e+03   6342328   1
       609   2.499415e+08  2.542666e+08  3.498951e+03   6352795   1
       610   2.569331e+08  2.543546e+08  3.507025e+03   6363120   1
       611   2.773654e+08  2.543705e+08  3.514931e+03   6373929   1
       612   3.192321e+08  2.544457e+08  3.522970e+03   6384418   1
       613   2.106206e+08  2.545021e+08  3.539497e+03   6394789   1
       614   2.686143e+08  2.545062e+08  3.547382e+03   6405539   1
       615   2.518771e+08  2.546441e+08  3.555299e+03   6416128   1
       616   2.860664e+08  2.546743e+08  3.563175e+03   6426668   1
       617   3.138586e+08  2.547017e+08  3.571071e+03   6437280   1
       618   2.614487e+08  2.547027e+08  3.579078e+03   6447886   1
       619   3.151861e+08  2.547161e+08  3.586986e+03   6458275   1
       620   3.682527e+08  2.547756e+08  3.594942e+03   6468609   1
       621   4.790435e+08  2.547772e+08  3.602886e+03   6479053   1
       622   1.797606e+08  2.549833e+08  3.610805e+03   6489306   1
       623   3.816346e+08  2.550648e+08  3.618793e+03   6499871   1
       624   2.452255e+08  2.550728e+08  3.626982e+03   6510315   1
       625   2.103133e+08  2.552865e+08  3.635115e+03   6521075   1
       626   5.398917e+08  2.553399e+08  3.643339e+03   6531161   1
       627   5.303004e+08  2.553552e+08  3.660059e+03   6541363   1
       628   3.441625e+08  2.553672e+08  3.668048e+03   6551863   1
       629   2.328848e+08  2.556251e+08  3.676101e+03   6562372   1
       630   3.048441e+08  2.556291e+08  3.684034e+03   6572716   1
       631   4.480567e+08  2.556417e+08  3.691996e+03   6583296   1
       632   4.017071e+08  2.556557e+08  3.700008e+03   6593444   1
       633   1.827632e+08  2.556592e+08  3.708104e+03   6603850   1
       634   2.109313e+08  2.556904e+08  3.716120e+03   6614379   1
       635   2.561469e+08  2.556913e+08  3.724198e+03   6624722   1
       636   2.029258e+08  2.557383e+08  3.732258e+03   6635361   1
       637   3.796297e+08  2.558765e+08  3.740351e+03   6645827   1
       638   2.071392e+08  2.558959e+08  3.748560e+03   6656301   1
       639   2.235273e+08  2.559803e+08  3.756814e+03   6666414   1
       640   5.003622e+08  2.559824e+08  3.773847e+03   6676737   1
       641   2.336387e+08  2.560062e+08  3.781858e+03   6686893   1
       642   3.267096e+08  2.560063e+08  3.789904e+03   6697418   1
       643   1.967372e+08  2.560143e+08  3.798001e+03   6707855   1
       644   2.003332e+08  2.560753e+08  3.806110e+03   6718152   1
       645   2.751407e+08  2.560858e+08  3.814229e+03   6728703   1
       646   2.105590e+08  2.560981e+08  3.822315e+03   6739078   1
       647   2.996977e+08  2.561445e+08  3.830406e+03   6749576   1
       648   2.787613e+08  2.561474e+08  3.838547e+03   6759881   1
       649   3.704357e+08  2.562324e+08  3.846667e+03   6770453   1
       650   2.857723e+08  2.562980e+08  3.854882e+03   6780996   1
       651   4.437640e+08  2.564583e+08  3.863147e+03   6791122   1
       652   3.495187e+08  2.564672e+08  3.871506e+03   6801708   1
       653   2.421185e+08  2.565185e+08  3.879897e+03   6812437   1
       654   5.351359e+08  2.566387e+08  3.897135e+03   6823037   1
       655   3.418437e+08  2.566842e+08  3.905299e+03   6833464   1
       656   2.329426e+08  2.567303e+08  3.913427e+03   6844102   1
       657   2.477645e+08  2.567761e+08  3.921622e+03   6854605   1
       658   4.021972e+08  2.569306e+08  3.929810e+03   6864596   1
       659   5.052964e+08  2.569805e+08  3.937985e+03   6874975   1
       660   4.077045e+08  2.570117e+08  3.946143e+03   6885359   1
       661   2.793972e+08  2.570522e+08  3.954430e+03   6895901   1
       662   5.662764e+08  2.570976e+08  3.962671e+03   6906096   1
       663   1.865521e+08  2.571623e+08  3.970944e+03   6916761   1
       664   2.207615e+08  2.571725e+08  3.979288e+03   6927408   1
       665   2.704395e+08  2.572087e+08  3.987722e+03   6937979   1
       666   3.100892e+08  2.572727e+08  3.996095e+03   6948521   1
       667   2.529023e+08  2.572931e+08  4.004528e+03   6958844   1
       668   3.882008e+08  2.573475e+08  4.022078e+03   6969426   1
       669   2.645326e+08  2.573486e+08  4.030379e+03   6980194   1
       670   2.993370e+08  2.573659e+08  4.038727e+03   6990664   1
       671   4.715747e+08  2.573695e+08  4.047119e+03   7001041   1
       672   5.329358e+08  2.574928e+08  4.055343e+03   7011229   1
       673   4.731767e+08  2.575604e+08  4.063610e+03   7021455   1
       674   3.476416e+08  2.575896e+08  4.072095e+03   7031872   1
       675   2.741247e+08  2.576037e+08  4.080515e+03   7042243   1
       676   2.331009e+08  2.576390e+08  4.088851e+03   7052563   1
       677   2.023381e+08  2.576411e+08  4.097278e+03   7062801   1
       678   3.824898e+08  2.577687e+08  4.105661e+03   7073501   1
       679   3.344658e+08  2.577836e+08  4.114116e+03   7083724   1
       680   1.905362e+08  2.577914e+08  4.122719e+03   7094234   1
       681   2.351565e+08  2.578082e+08  4.131373e+03   7104998   1
       682   2.139788e+08  2.578110e+08  4.149289e+03   7115341   1
       683   2.103251e+08  2.579041e+08  4.157682e+03   7125784   1
       684   2.095952e+08  2.579667e+08  4.166128e+03   7136413   1
       685   2.224308e+08  2.580412e+08  4.174515e+03   7146880   1
       686   2.911378e+08  2.580415e+08  4.183041e+03   7156961   1
       687   4.263705e+08  2.580754e+08  4.191541e+03   7167208   1
       688   1.939133e+08  2.580905e+08  4.200136e+03   7177803   1
       689   3.075967e+08  2.580964e+08  4.208631e+03   7188309   1
       690   2.246843e+08  2.582104e+08  4.217220e+03   7198786   1
       691   3.113789e+08  2.582737e+08  4.225825e+03   7208973   1
       692   2.335629e+08  2.584227e+08  4.234367e+03   7219198   1
       693   2.873320e+08  2.584302e+08  4.243068e+03   7229664   1
       694   3.001004e+08  2.585930e+08  4.251715e+03   7240316   1
       695   2.800192e+08  2.586240e+08  4.260469e+03   7250722   1
       696   5.333595e+08  2.586370e+08  4.278694e+03   7261082   1
       697   5.351284e+08  2.586392e+08  4.287126e+03   7271365   1
       698   1.647683e+08  2.586567e+08  4.295636e+03   7281422   1
       699   2.355049e+08  2.586628e+08  4.304243e+03   7291805   1
       700   2.643272e+08  2.587537e+08  4.312766e+03   7302380   1
       701   1.545404e+08  2.588186e+08  4.321292e+03   7312958   1
       702   2.258445e+08  2.589439e+08  4.329885e+03   7323443   1
       703   2.205484e+08  2.589839e+08  4.338509e+03   7334044   1
       704   7.539901e+08  2.589993e+08  4.347036e+03   7344375   1
       705   1.861849e+08  2.590069e+08  4.355864e+03   7354693   1
       706   1.748162e+08  2.592174e+08  4.364492e+03   7365244   1
       707   1.635016e+08  2.592206e+08  4.373180e+03   7375792   1
       708   3.964045e+08  2.592275e+08  4.382142e+03   7386253   1
       709   2.265405e+08  2.592281e+08  4.391221e+03   7396891   1
       710   4.775252e+08  2.594137e+08  4.400245e+03   7407178   1
       711   3.940855e+08  2.594349e+08  4.418443e+03   7417518   1
       712   3.035500e+08  2.594352e+08  4.427067e+03   7427848   1
       713   2.366196e+08  2.594540e+08  4.435726e+03   7438215   1
       714   2.520571e+08  2.594575e+08  4.444451e+03   7448842   1
       715   2.169839e+08  2.594787e+08  4.453122e+03   7459404   1
       716   8.717034e+08  2.594788e+08  4.461842e+03   7469903   1
       717   2.479468e+08  2.594825e+08  4.470622e+03   7480225   1
       718   2.120287e+08  2.595801e+08  4.479395e+03   7490839   1
       719   2.256236e+08  2.596180e+08  4.488215e+03   7501404   1
       720   1.631388e+08  2.598685e+08  4.496937e+03   7512115   1
       721   3.258384e+08  2.599495e+08  4.505739e+03   7522495   1
       722   5.153614e+08  2.599661e+08  4.514640e+03   7532764   1
       723   3.666939e+08  2.600432e+08  4.523538e+03   7543092   1
       724   2.794400e+08  2.600646e+08  4.532608e+03   7553424   1
       725   1.653438e+08  2.600779e+08  4.551436e+03   7563733   1
       726   5.182125e+08  2.601985e+08  4.560068e+03   7574002   1
       727   2.653432e+08  2.602854e+08  4.568828e+03   7584609   1
       728   1.681816e+08  2.603073e+08  4.577659e+03   7595061   1
       729   3.048311e+08  2.603611e+08  4.586416e+03   7605305   1
       730   2.000260e+08  2.604001e+08  4.595207e+03   7615315   1
       731   2.694359e+08  2.604235e+08  4.604013e+03   7625795   1
       732   2.441702e+08  2.604546e+08  4.612950e+03   7636078   1
       733   2.380952e+08  2.604599e+08  4.621909e+03   7646616   1
       734   3.756917e+08  2.604974e+08  4.630761e+03   7657139   1
       735   2.632136e+08  2.605055e+08  4.639779e+03   7667588   1
       736   3.368204e+08  2.605088e+08  4.648782e+03   7678062   1
       737   1.129552e+09  2.605116e+08  4.657679e+03   7688350   1
       738   2.495371e+08  2.605150e+08  4.666735e+03   7698575   1
       739   2.375304e+08  2.605498e+08  4.675954e+03   7708822   1
       740   2.744519e+08  2.605886e+08  4.694868e+03   7719496   1
       741   4.342765e+08  2.606417e+08  4.703707e+03   7729949   1
       742   3.442528e+08  2.606958e+08  4.712611e+03   7740638   1
       743   1.914429e+08  2.607158e+08  4.721515e+03   7751098   1
       744   6.542325e+08  2.607183e+08  4.730398e+03   7761415   1
       745   2.374356e+08  2.607273e+08  4.739515e+03   7771692   1
       746   2.361815e+08  2.607622e+08  4.748478e+03   7782302   1
       747   2.097494e+08  2.607723e+08  4.757436e+03   7792748   1
       748   2.114124e+08  2.607830e+08  4.766432e+03   7803244   1
       749   1.775491e+08  2.608696e+08  4.775520e+03   7813795   1
       750   6.050351e+08  2.608746e+08  4.784461e+03   7824313   1
       751   3.522392e+08  2.608892e+08  4.793502e+03   7834699   1
       752   3.255394e+08  2.609121e+08  4.802654e+03   7845001   1
       753   4.910973e+08  2.609213e+08  4.811698e+03   7855501   1
       754   3.343605e+08  2.609224e+08  4.820924e+03   7866069   1
       755   2.901269e+08  2.609408e+08  4.840290e+03   7876513   1
       756   3.798965e+08  2.609441e+08  4.849334e+03   7887133   1
       757   2.329858e+08  2.610138e+08  4.858405e+03   7897564   1
       758   3.719588e+08  2.610932e+08  4.867393e+03   7908010   1
       759   2.891156e+08  2.610939e+08  4.876548e+03   7918758   1
       760   5.502182e+08  2.611461e+08  4.885671e+03   7928954   1
       761   2.588661e+08  2.611842e+08  4.894827e+03   7939458   1
       762   2.178056e+08  2.611863e+08  4.904042e+03   7949972   1
       763   5.100807e+08  2.612111e+08  4.913066e+03   7960219   1
       764   1.763115e+08  2.612450e+08  4.922359e+03   7970453   1
       765   2.679023e+08  2.612836e+08  4.931663e+03   7980727   1
       766   3.959394e+08  2.613355e+08  4.940856e+03   7990726   1
       767   3.338509e+08  2.614813e+08  4.950229e+03   8001072   1
       768   5.367502e+08  2.615012e+08  4.959472e+03   8011591   1
       769   1.249848e+09  2.615500e+08  4.968658e+03   8021577   1
       770   3.279515e+08  2.615503e+08  4.978144e+03   8031851   1
       771   2.368545e+08  2.615675e+08  4.997805e+03   8042588   1
       772   2.501640e+08  2.616374e+08  5.006863e+03   8052858   1
       773   2.599271e+08  2.616479e+08  5.015996e+03   8063325   1
       774   2.875777e+08  2.616685e+08  5.025128e+03   8073835   1
       775   4.276972e+08  2.617425e+08  5.034323e+03   8084338   1
       776   2.318011e+08  2.619165e+08  5.043635e+03   8094900   1
       777   6.677781e+08  2.619185e+08  5.052806e+03   8105450   1
       778   1.896713e+08  2.619602e+08  5.062121e+03   8115862   1
       779   3.271513e+08  2.619609e+08  5.071497e+03   8126312   1
       780   1.956473e+08  2.619782e+08  5.080802e+03   8136502   1
       781   4.288343e+08  2.620724e+08  5.090193e+03   8147135   1
       782   2.032005e+08  2.620835e+08  5.099524e+03   8157683   1
       783   3.232932e+08  2.621495e+08  5.108938e+03   8168053   1
       784   2.377707e+08  2.621523e+08  5.118380e+03   8178361   1
       785   4.450147e+08  2.621561e+08  5.127921e+03   8188897   1
       786   2.357243e+08  2.622228e+08  5.147978e+03   8199113   1
       787   7.934548e+08  2.622319e+08  5.157211e+03   8209418   1
       788   2.482501e+08  2.622404e+08  5.166662e+03   8219877   1
       789   2.329168e+08  2.622478e+08  5.176092e+03   8230209   1
       790   4.461406e+08  2.623253e+08  5.185463e+03   8240622   1
       791   4.020162e+08  2.623663e+08  5.194787e+03   8251179   1
       792   5.528837e+08  2.624278e+08  5.204077e+03   8261265   1
       793   2.009247e+08  2.624296e+08  5.213571e+03   8271534   1
       794   2.645167e+08  2.624433e+08  5.223041e+03   8281914   1
       795   1.823071e+08  2.627256e+08  5.232439e+03   8292624   1
       796   2.950231e+08  2.627312e+08  5.241817e+03   8303448   1
       797   3.239167e+08  2.627780e+08  5.251186e+03   8313921   1
       798   3.907800e+08  2.628238e+08  5.260706e+03   8324332   1
       799   2.832710e+08  2.628343e+08  5.270418e+03   8334551   1
       800   2.347784e+08  2.628376e+08  5.280227e+03   8344756   1
       801   2.012187e+08  2.628536e+08  5.289974e+03   8355279   1
       802   2.188474e+08  2.628594e+08  5.310175e+03   8365674   1
       803   2.357538e+08  2.628938e+08  5.319721e+03   8376041   1
       804   1.837549e+08  2.629342e+08  5.329201e+03   8386411   1
       805   2.103859e+08  2.629439e+08  5.338612e+03   8396815   1
       806   2.887309e+08  2.629456e+08  5.348036e+03   8407192   1
       807   3.327006e+08  2.629529e+08  5.357486e+03   8417651   1
       808   3.379026e+08  2.629660e+08  5.367015e+03   8427958   1
       809   1.877657e+08  2.629833e+08  5.376667e+03   8438148   1
       810   1.909492e+08  2.629992e+08  5.386232e+03   8448258   1
       811   4.657064e+08  2.630016e+08  5.395754e+03   8458646   1
       812   3.973840e+08  2.630471e+08  5.405280e+03   8469019   1
       813   1.111428e+09  2.630476e+08  5.414766e+03   8479056   1
       814   1.873519e+08  2.630562e+08  5.424632e+03   8489191   1
       815   3.456332e+08  2.630710e+08  5.434358e+03   8499485   1
       816   5.332563e+08  2.630719e+08  5.444153e+03   8509773   1
       817   3.400907e+08  2.630975e+08  5.464886e+03   8520038   1
       818   2.273524e+08  2.631027e+08  5.474414e+03   8530239   1
       819   1.559695e+08  2.631031e+08  5.483958e+03   8540525   1
       820   2.486906e+08  2.631148e+08  5.493576e+03   8551052   1
       821   2.339390e+08  2.631876e+08  5.503290e+03   8561508   1
       822   2.459901e+08  2.631892e+08  5.512947e+03   8572094   1
       823   2.423832e+08  2.632351e+08  5.522637e+03   8582797   1
       824   2.129455e+08  2.632960e+08  5.532230e+03   8593258   1
       825   8.045049e+08  2.633005e+08  5.541762e+03   8603726   1
       826   2.723029e+08  2.633403e+08  5.551475e+03   8614220   1
       827   2.652324e+08  2.634321e+08  5.561224e+03   8624508   1
       828   1.924770e+08  2.634330e+08  5.570977e+03   8634912   1
       829   3.490440e+08  2.634474e+08  5.580795e+03   8645251   1
       830   2.180968e+08  2.634506e+08  5.590650e+03   8655822   1
       831   4.741087e+08  2.634957e+08  5.600483e+03   8666156   1
       832   3.014976e+08  2.635078e+08  5.610436e+03   8676631   1
       833   2.257063e+08  2.636422e+08  5.631555e+03   8687337   1
       834   2.482548e+08  2.637114e+08  5.641253e+03   8697761   1
       835   2.488472e+08  2.637188e+08  5.650930e+03   8708036   1
       836   5.533629e+08  2.637865e+08  5.660693e+03   8718349   1
       837   2.525506e+08  2.638925e+08  5.670454e+03   8729000   1
       838   3.795441e+08  2.638959e+08  5.680010e+03   8739474   1
       839   3.404443e+08  2.639687e+08  5.689791e+03   8749561   1
       840   2.809490e+08  2.639717e+08  5.699555e+03   8759728   1
       841   3.925030e+08  2.640057e+08  5.709423e+03   8770109   1
       842   2.493657e+08  2.640303e+08  5.719343e+03   8780434   1
       843   3.464399e+08  2.640537e+08  5.729197e+03   8790784   1
       844   2.120585e+08  2.640937e+08  5.739091e+03   8801604   1
       845   4.291318e+08  2.641274e+08  5.748955e+03   8812040   1
       846   3.868517e+08  2.641819e+08  5.758946e+03   8822439   1
       847   5.779517e+08  2.642248e+08  5.768784e+03   8832648   1
       848   3.511279e+08  2.642438e+08  5.778798e+03   8843132   1
       849   3.698320e+08  2.642442e+08  5.789036e+03   8853492   1
       850   2.197682e+08  2.642488e+08  5.810124e+03   8864025   1
       851   2.558824e+08  2.642732e+08  5.819941e+03   8874250   1
       852   2.967018e+08  2.642735e+08  5.829726e+03   8884338   1
       853   2.767234e+08  2.642938e+08  5.839606e+03   8894786   1
       854   1.849225e+08  2.643164e+08  5.849475e+03   8905602   1
       855   2.638404e+08  2.643332e+08  5.859394e+03   8916202   1
       856   2.853920e+08  2.643559e+08  5.869350e+03   8926738   1
       857   5.699060e+08  2.643563e+08  5.879369e+03   8937116   1
       858   2.550929e+08  2.643847e+08  5.889384e+03   8947683   1
       859   2.772151e+08  2.644283e+08  5.899326e+03   8958130   1
       860   3.584102e+08  2.644292e+08  5.909259e+03   8968700   1
       861   2.234773e+08  2.644436e+08  5.919280e+03   8979201   1
       862   2.315920e+08  2.644502e+08  5.929427e+03   8989819   1
       863   2.267203e+08  2.644656e+08  5.939486e+03   9000591   1
       864   1.956280e+08  2.644777e+08  5.949608e+03   9010967   1
       865   2.291200e+08  2.644785e+08  5.959741e+03   9021480   1
       866   5.121761e+08  2.644902e+08  5.981370e+03   9031833   1
       867   1.630245e+08  2.644958e+08  5.991396e+03   9042396   1
       868   2.863135e+08  2.645490e+08  6.001377e+03   9052767   1
       869   1.712287e+08  2.645516e+08  6.011489e+03   9063163   1
       870   4.440108e+08  2.645541e+08  6.021410e+03   9073546   1
       871   1.965853e+08  2.645708e+08  6.031570e+03   9084067   1
       872   3.027355e+08  2.645795e+08  6.041607e+03   9094173   1
       873   3.236872e+08  2.645938e+08  6.051710e+03   9104687   1
       874   1.573232e+08  2.646457e+08  6.061828e+03   9115231   1
       875   8.849318e+08  2.646504e+08  6.071932e+03   9125502   1
       876   3.534263e+08  2.646812e+08  6.081926e+03   9136216   1
       877   2.104750e+08  2.646965e+08  6.092173e+03   9146283   1
       878   3.588470e+08  2.647676e+08  6.102249e+03   9156866   1
       879   2.436077e+08  2.647883e+08  6.112355e+03   9167271   1
       880   2.127249e+08  2.648016e+08  6.122729e+03   9177832   1
       881   4.408955e+08  2.648500e+08  6.132898e+03   9188240   1
       882   3.002781e+08  2.648623e+08  6.143207e+03   9198358   1
       883   3.181446e+08  2.648631e+08  6.165087e+03   9208421   1
       884   4.288338e+08  2.648785e+08  6.175177e+03   9218677   1
       885   2.883194e+08  2.648994e+08  6.185290e+03   9229480   1
       886   3.368705e+08  2.649005e+08  6.195451e+03   9240079   1
       887   1.974748e+08  2.649037e+08  6.205660e+03   9250755   1
       888   6.244805e+08  2.649241e+08  6.215727e+03   9261070   1
       889   3.428960e+08  2.649287e+08  6.225807e+03   9271423   1
       890   1.962560e+08  2.649566e+08  6.236066e+03   9282057   1
       891   2.115380e+08  2.649569e+08  6.246255e+03   9292542   1
       892   2.704349e+08  2.649840e+08  6.256410e+03   9303257   1
       893   4.075650e+08  2.649856e+08  6.266734e+03   9313563   1
       894   4.640469e+08  2.650075e+08  6.276899e+03   9324221   1
       895   5.565019e+08  2.650496e+08  6.287181e+03   9334478   1
       896   1.475607e+08  2.650705e+08  6.297670e+03   9345022   1
       897   1.847487e+08  2.650987e+08  6.308045e+03   9355598   1
       898   5.590031e+08  2.650990e+08  6.318421e+03   9365872   1
       899   2.038229e+08  2.651189e+08  6.340919e+03   9376025   1
       900   2.515714e+08  2.651756e+08  6.351151e+03   9386370   1
       901   5.633086e+08  2.652647e+08  6.361358e+03   9396771   1
       902   2.303470e+08  2.652649e+08  6.371514e+03   9407366   1
       903   3.177659e+08  2.652810e+08  6.381783e+03   9417788   1
       904   2.213214e+08  2.653645e+08  6.392042e+03   9428194   1
       905   4.534237e+08  2.654103e+08  6.402310e+03   9438719   1
       906   1.996044e+08  2.654168e+08  6.412587e+03   9449269   1
       907   1.905379e+08  2.654188e+08  6.422977e+03   9459703   1
       908   2.209971e+08  2.655110e+08  6.433347e+03   9470230   1
       909   4.147879e+08  2.655113e+08  6.443784e+03   9480723   1
       910   6.440037e+08  2.655238e+08  6.453931e+03   9491155   1
       911   4.075093e+08  2.655352e+08  6.464224e+03   9501623   1
       912   6.750399e+08  2.655726e+08  6.474682e+03   9511912   1
       913   6.477841e+08  2.656209e+08  6.485117e+03   9522116   1
       914   2.311288e+08  2.656210e+08  6.495781e+03   9532608   1
       915   2.607458e+08  2.656217e+08  6.506444e+03   9543077   1
       916   2.661219e+08  2.656549e+08  6.529254e+03   9553460   1
       917   1.912752e+08  2.656641e+08  6.539672e+03   9563869   1
       918   3.975189e+08  2.656860e+08  6.550084e+03   9574072   1
       919   2.121532e+08  2.656861e+08  6.560452e+03   9584751   1
       920   3.576694e+08  2.657120e+08  6.570754e+03   9595351   1
       921   1.814252e+08  2.657614e+08  6.581335e+03   9605561   1
       922   1.966420e+08  2.657617e+08  6.591925e+03   9616036   1
       923   2.429907e+08  2.657665e+08  6.602395e+03   9626701   1
       924   3.285915e+08  2.658296e+08  6.612821e+03   9637057   1
       925   7.500412e+08  2.658308e+08  6.623216e+03   9647345   1
       926   5.634687e+08  2.659043e+08  6.633621e+03   9657549   1
       927   5.688242e+08  2.659064e+08  6.644071e+03   9667987   1
       928   2.026777e+08  2.659069e+08  6.654714e+03   9678048   1
       929   2.447960e+08  2.659478e+08  6.665435e+03   9688329   1
       930   4.483720e+08  2.659515e+08  6.676079e+03   9698660   1
       931   2.107248e+08  2.659948e+08  6.686860e+03   9709007   1
       932   1.876746e+08  2.661400e+08  6.697723e+03   9718844   1
       933   2.826345e+08  2.661429e+08  6.720706e+03   9729370   1
       934   3.460033e+08  2.661607e+08  6.731131e+03   9739927   1
       935   2.668380e+08  2.661645e+08  6.741777e+03   9750241   1
       936   2.476619e+08  2.662616e+08  6.752390e+03   9760954   1
       937   2.575080e+08  2.663010e+08  6.762928e+03   9771423   1
       938   2.568457e+08  2.663016e+08  6.773517e+03   9782215   1
       939   3.405413e+08  2.663607e+08  6.783976e+03   9792672   1
       940   3.704927e+08  2.663723e+08  6.794444e+03   9803404   1
       941   1.502597e+08  2.663748e+08  6.805155e+03   9813969   1
       942   3.658182e+08  2.664023e+08  6.815875e+03   9824583   1
       943   2.943241e+08  2.664034e+08  6.826641e+03   9835165   1
       944   2.291962e+08  2.664602e+08  6.837218e+03   9845824   1
       945   2.340928e+08  2.664611e+08  6.848006e+03   9856010   1
       946   1.811179e+08  2.665156e+08  6.858854e+03   9866568   1
       947   8.827217e+08  2.665653e+08  6.869622e+03   9876362   1
       948   3.471626e+08  2.665819e+08  6.880514e+03   9886911   1
       949   5.627666e+08  2.665986e+08  6.891180e+03   9897482   1
       950   2.370835e+08  2.666360e+08  6.914659e+03   9907469   1
       951   1.281962e+09  2.667188e+08  6.925165e+03   9917680   1
       952   2.705211e+08  2.667245e+08  6.935924e+03   9928389   1
       953   2.617677e+08  2.667469e+08  6.946557e+03   9938888   1
       954   3.140596e+08  2.667495e+08  6.957376e+03   9949551   1
       955   2.052200e+08  2.667749e+08  6.968162e+03   9959917   1
       956   1.635480e+08  2.667761e+08  6.978738e+03   9970224   1
       957   2.199773e+08  2.668055e+08  6.989477e+03   9980578   1
       958   2.122019e+08  2.668118e+08  7.000449e+03   9990970   1
       959   2.118453e+08  2.668144e+08  7.011240e+03  10001655   1
       960   3.885958e+08  2.668325e+08  7.021898e+03  10012239   1
       961   2.894319e+08  2.668360e+08  7.032647e+03  10022585   1
       962   1.902517e+08  2.668850e+08  7.043531e+03  10033018   1
       963   3.266683e+08  2.668878e+08  7.054320e+03  10043283   1
       964   1.568314e+08  2.668916e+08  7.065411e+03  10053829   1
       965   2.482382e+08  2.669007e+08  7.076401e+03  10064407   1
       966   2.545659e+08  2.669008e+08  7.087526e+03  10074965   1
       967   2.346567e+08  2.669033e+08  7.098626e+03  10085538   1
       968   4.603224e+08  2.669035e+08  7.122161e+03  10095730   1
       969   1.913049e+08  2.669416e+08  7.132960e+03  10106110   1
       970   1.806953e+08  2.669931e+08  7.143742e+03  10116745   1
       971   2.406837e+08  2.670190e+08  7.154498e+03  10127244   1
       972   2.358834e+08  2.670335e+08  7.165406e+03  10137794   1
       973   3.314644e+08  2.670365e+08  7.176307e+03  10148390   1
       974   2.117789e+08  2.670560e+08  7.187210e+03  10158907   1
       975   2.682989e+08  2.670571e+08  7.198096e+03  10169439   1
       976   8.367015e+08  2.670769e+08  7.208917e+03  10179628   1
-------------------------------------------------------------------
status         : time_limit
total time (s) : 7.208917e+03
total solves   : 10179628
best bound     :  2.670769e+08
simulation ci  :  3.414303e+08  1.116073e+07
numeric issues : 0
-------------------------------------------------------------------

 
                                        Time                    Allocations      
                                  
       Tot / % measured:            2.00h /  99.9%            854GiB /  99.9%    

 Section               ncalls     time    %tot     avg     alloc    %tot      avg
 
 backward_pass            976    1.99h   99.5%   7.35s    845GiB   99.1%   887MiB
   solve_subproblem     10.1M    2538s   35.2%   252s    511GiB   59.9%  53.2KiB
     get_dual_solution  10.1M    50.6s    0.7%  5.03s   14.4GiB    1.7%  1.50KiB
   prepare_backward...  1.95k    1.33s    0.0%   682s    311MiB    0.0%   163KiB
 forward_pass             976    35.0s    0.5%  35.9ms   6.77GiB    0.8%  7.10MiB
   solve_subproblem      117k    27.8s    0.4%   237s   5.90GiB    0.7%  52.8KiB
     get_dual_solution   117k    118ms    0.0%  1.01s   62.5MiB    0.0%     560B
   sample_scenario        976    285ms    0.0%   292s   9.49MiB    0.0%  10.0KiB
 calculate_bound          976    2.40s    0.0%  2.46ms    836MiB    0.1%   877KiB
   get_dual_solution      976   1.31ms    0.0%  1.34s    534KiB    0.0%     560B
 


||||||||||||||||||||||||||||||||||||||||||||||||||||||||||||||||||||||||||||||||||||||||||||||||||||||||||||||||||||||||||||||||||||||||
SIMULATION RESULTS
LogLinearSDDP.NoSimulation()
markov
Lower bound: 2.6707691961839008e8
Statistical upper bound (confidence interval): 3.236121830257887e8  6.125778454383789e6
Pessimistic upper bound: 3.297379614801725e8

||||||||||||||||||||||||||||||||||||||||||||||||||||||||||||||||||||||||||||||||||||||||||||||||||||||||||||||||||||||||||||||||||||||||
SIMULATION RESULTS
LogLinearSDDP.NoSimulation()
markov
Lower bound: 2.6707691961839008e8
Statistical upper bound (confidence interval): 2.0890159766186932e8  4.867125167526912e6
Pessimistic upper bound: 2.1376872282939622e8

||||||||||||||||||||||||||||||||||||||||||||||||||||||||||||||||||||||||||||||||||||||||||||||||||||||||||||||||||||||||||||||||||||||||
SIMULATION RESULTS
LogLinearSDDP.NoSimulation()
custom_model
Lower bound: 2.6707691961839008e8
Statistical upper bound (confidence interval): 3.5404126521451527e8  6.780068565477995e6
Pessimistic upper bound: 3.6082133377999324e8

||||||||||||||||||||||||||||||||||||||||||||||||||||||||||||||||||||||||||||||||||||||||||||||||||||||||||||||||||||||||||||||||||||||||
SIMULATION RESULTS
LogLinearSDDP.NoSimulation()
custom_model
Lower bound: 2.6707691961839008e8
Statistical upper bound (confidence interval): 2.2159626897598925e8  5.197802820081578e6
Pessimistic upper bound: 2.2679407179607084e8

||||||||||||||||||||||||||||||||||||||||||||||||||||||||||||||||||||||||||||||||||||||||||||||||||||||||||||||||||||||||||||||||||||||||
SIMULATION RESULTS
LogLinearSDDP.NoSimulation()
fitted_model
Lower bound: 2.6707691961839008e8
Statistical upper bound (confidence interval): 2.6318502505409405e8  4.0392885495099337e6
Pessimistic upper bound: 2.67224313603604e8

||||||||||||||||||||||||||||||||||||||||||||||||||||||||||||||||||||||||||||||||||||||||||||||||||||||||||||||||||||||||||||||||||||||||
SIMULATION RESULTS
LogLinearSDDP.NoSimulation()
fitted_model
Lower bound: 2.6707691961839008e8
Statistical upper bound (confidence interval): 1.7430728380572844e8  3.2100527453237525e6
Pessimistic upper bound: 1.7751733655105218e8

||||||||||||||||||||||||||||||||||||||||||||||||||||||||||||||||||||||||||||||||||||||||||||||||||||||||||||||||||||||||||||||||||||||||
SIMULATION RESULTS
LogLinearSDDP.NoSimulation()
shapiro_model
Lower bound: 2.6707691961839008e8
Statistical upper bound (confidence interval): 2.706230471856835e8  4.592901095020305e6
Pessimistic upper bound: 2.752159482807038e8

||||||||||||||||||||||||||||||||||||||||||||||||||||||||||||||||||||||||||||||||||||||||||||||||||||||||||||||||||||||||||||||||||||||||
SIMULATION RESULTS
LogLinearSDDP.NoSimulation()
shapiro_model
Lower bound: 2.6707691961839008e8
Statistical upper bound (confidence interval): 1.7932802735894546e8  3.673473046879126e6
Pessimistic upper bound: 1.8300150040582457e8

||||||||||||||||||||||||||||||||||||||||||||||||||||||||||||||||||||||||||||||||||||||||||||||||||||||||||||||||||||||||||||||||||||||||
SIMULATION RESULTS
LogLinearSDDP.NoSimulation()
markov
Lower bound: 2.6696719539337417e8
Statistical upper bound (confidence interval): 4.79349298952215e8  8.016894569151455e7
Pessimistic upper bound: 5.595182446437296e8

||||||||||||||||||||||||||||||||||||||||||||||||||||||||||||||||||||||||||||||||||||||||||||||||||||||||||||||||||||||||||||||||||||||||
SIMULATION RESULTS
LogLinearSDDP.NoSimulation()
markov
Lower bound: 2.6696719539337417e8
Statistical upper bound (confidence interval): 3.1275427846593e8  6.524337817169841e7
Pessimistic upper bound: 3.779976566376284e8
