||||||||||||||||||||||||||||||||||||||||||||||||||||||||||||||||||||||||||||||||||||||||||||||||||||||||||||||||||||||||||||||||||||||||
PATH
calling 
C:\Users\cg4102\Documents\New LogLinearSDDP\LogLinearSDDP.jl\Examples\Hydrothermal
C:\Users\cg4102\Documents\New LogLinearSDDP\LogLinearSDDP.jl\Examples\Hydrothermal\run_model_markov.jl
DATETIME
2025-04-30T21:20:22.153
RUN DESCRIPTION
LogLinearSDDP.AlgoParams(SDDP.AbstractStoppingRule[SDDP.TimeLimit(7200.0)], LogLinearSDDP.NoSimulation(), false, 2, 1, "C:/Users/cg4102/Documents/julia_logs/Cut-sharing Re-Run - NoCS (2h)/Run_MC-SDDP_lattice_55555/MC-SDDP.log", false, false, false, 55555, "MC-SDDP: 100 nodes, lattice", :fitted_model)
-------------------------------------------------------------------
         SDDP.jl (c) Oscar Dowson and contributors, 2017-23
-------------------------------------------------------------------
problem
  nodes           : 11901
  state variables : 4
  scenarios       : 6.68857e+229
  existing cuts   : false
options
  solver          : serial mode
  risk measure    : SDDP.Expectation()
  sampling scheme : SDDP.InSampleMonteCarlo
subproblem structure
  VariableRef                                  : [142, 142]
  JuMP.AffExpr in MOI.EqualTo{Float64}         : [13, 13]
  JuMP.VariableRef in MOI.GreaterThan{Float64} : [138, 138]
  JuMP.VariableRef in MOI.LessThan{Float64}    : [129, 130]
-------------------------------------------------------------------
 iteration    simulation      bound        time (s)     solves  pid
-------------------------------------------------------------------
         1   2.110511e+09  5.083378e+05  2.904100e+01     10629   1
         2   1.570326e+09  7.319363e+05  3.387700e+01     20965   1
         3   1.039232e+09  1.105876e+06  3.745300e+01     31170   1
         4   5.305343e+08  1.775265e+06  4.067000e+01     41665   1
         5   8.617760e+08  1.776531e+06  4.357600e+01     52120   1
         6   5.803032e+08  4.275084e+06  4.655100e+01     62755   1
         7   4.337632e+08  1.911700e+07  4.992300e+01     73419   1
         8   6.055876e+08  2.038830e+07  5.273400e+01     83368   1
         9   4.183949e+08  2.068527e+07  5.673200e+01     93613   1
        10   4.872629e+08  3.931096e+07  5.940300e+01    103995   1
        11   3.453139e+08  4.225807e+07  6.226800e+01    114472   1
        12   5.071512e+08  4.234414e+07  6.513900e+01    124620   1
        13   9.295648e+08  4.285544e+07  6.772300e+01    135056   1
        14   1.020054e+09  4.405249e+07  7.075200e+01    145291   1
        15   1.932027e+08  4.542257e+07  7.375500e+01    155387   1
        16   2.318575e+08  4.572912e+07  7.658700e+01    165686   1
        17   3.858106e+08  5.778019e+07  7.915900e+01    176402   1
        18   6.015432e+08  5.915891e+07  8.166600e+01    186451   1
        19   2.615380e+08  6.500799e+07  8.435800e+01    196927   1
        20   2.378299e+08  6.547540e+07  8.858600e+01    207622   1
        21   3.728833e+08  7.175375e+07  9.109400e+01    218026   1
        22   1.574039e+08  7.179428e+07  9.349600e+01    227826   1
        23   4.042452e+08  7.183062e+07  9.606600e+01    238072   1
        24   1.798017e+08  7.401468e+07  9.869600e+01    248415   1
        25   4.653364e+08  7.812099e+07  1.017590e+02    259039   1
        26   3.724649e+08  8.124541e+07  1.053810e+02    269472   1
        27   2.260409e+08  8.214946e+07  1.097120e+02    280081   1
        28   3.139858e+08  8.342783e+07  1.144050e+02    290455   1
        29   5.481158e+08  8.396033e+07  1.194410e+02    300681   1
        30   4.104468e+08  8.673631e+07  1.248750e+02    311318   1
        31   1.093323e+09  8.832071e+07  1.298710e+02    321728   1
        32   3.832230e+08  9.012000e+07  1.353720e+02    332258   1
        33   4.726129e+08  9.537985e+07  1.396450e+02    342702   1
        34   3.631299e+08  9.770242e+07  1.444470e+02    353460   1
        35   2.480905e+08  1.014688e+08  1.497560e+02    364026   1
        36   8.082595e+08  1.014692e+08  1.554370e+02    374324   1
        37   1.749211e+08  1.015658e+08  1.619910e+02    384955   1
        38   2.868396e+08  1.028606e+08  1.661590e+02    395385   1
        39   1.908264e+08  1.035070e+08  1.689970e+02    405820   1
        40   3.098506e+08  1.044989e+08  1.726690e+02    416352   1
        41   6.104427e+08  1.104211e+08  1.778420e+02    426645   1
        42   4.414348e+08  1.105588e+08  1.847460e+02    437224   1
        43   5.205900e+08  1.140636e+08  1.933440e+02    447753   1
        44   2.414844e+08  1.163988e+08  2.023200e+02    458420   1
        45   5.206977e+08  1.179595e+08  2.118240e+02    468598   1
        46   4.188189e+08  1.221111e+08  2.229810e+02    479152   1
        47   3.385412e+08  1.228737e+08  2.350170e+02    489694   1
        48   2.899474e+08  1.229027e+08  2.467690e+02    499942   1
        49   5.764392e+08  1.237250e+08  2.581420e+02    510428   1
        50   1.644540e+08  1.252939e+08  2.695640e+02    520825   1
        51   3.073302e+08  1.258188e+08  2.809520e+02    531397   1
        52   3.134104e+08  1.264613e+08  2.930330e+02    541852   1
        53   2.865546e+08  1.270919e+08  3.062120e+02    552379   1
        54   4.207066e+08  1.297056e+08  3.199290e+02    562626   1
        55   3.721786e+08  1.304169e+08  3.362430e+02    573208   1
        56   5.340077e+08  1.316403e+08  3.519430e+02    583809   1
        57   2.032093e+08  1.323742e+08  3.674970e+02    594370   1
        58   6.229793e+08  1.330287e+08  3.834670e+02    604682   1
        59   5.676405e+08  1.342131e+08  4.006900e+02    615345   1
        60   3.125972e+08  1.352690e+08  4.178690e+02    625743   1
        61   2.017366e+08  1.353550e+08  4.350980e+02    635979   1
        62   3.250997e+08  1.358595e+08  4.529830e+02    646394   1
        63   1.718501e+08  1.368912e+08  4.710620e+02    656449   1
        64   2.774012e+08  1.398256e+08  4.893020e+02    666939   1
        65   2.409796e+08  1.400117e+08  5.087160e+02    677558   1
        66   6.580934e+08  1.400971e+08  5.297570e+02    687963   1
        67   5.933101e+08  1.400998e+08  5.497930e+02    698037   1
        68   2.750302e+08  1.434821e+08  5.719640e+02    708577   1
        69   4.452422e+08  1.451248e+08  5.933860e+02    718925   1
        70   3.671147e+08  1.464958e+08  6.145360e+02    729560   1
        71   2.904413e+08  1.470192e+08  6.349710e+02    739840   1
        72   4.298065e+08  1.472275e+08  6.566670e+02    750354   1
        73   2.619793e+08  1.510802e+08  6.790000e+02    761042   1
        74   3.481530e+08  1.518751e+08  7.003820e+02    771424   1
        75   2.245031e+08  1.529593e+08  7.217300e+02    781946   1
        76   2.533826e+08  1.530082e+08  7.433070e+02    792660   1
        77   2.362634e+08  1.531008e+08  7.646900e+02    803215   1
        78   1.889527e+08  1.536857e+08  7.874620e+02    813593   1
        79   4.635951e+08  1.541486e+08  8.095000e+02    824038   1
        80   2.518854e+08  1.547333e+08  8.313630e+02    834483   1
        81   2.151689e+08  1.550707e+08  8.536470e+02    844947   1
        82   2.483687e+08  1.550930e+08  8.755670e+02    855596   1
        83   2.880317e+08  1.553797e+08  8.967370e+02    865983   1
        84   4.799302e+08  1.565990e+08  9.196490e+02    876316   1
        85   2.046407e+08  1.597664e+08  9.444790e+02    886927   1
        86   4.304777e+08  1.605158e+08  9.690000e+02    897489   1
        87   1.865512e+08  1.616276e+08  9.932620e+02    907839   1
        88   2.093720e+08  1.619123e+08  1.017166e+03    918388   1
        89   4.139746e+08  1.620579e+08  1.041683e+03    928934   1
        90   2.028232e+08  1.625353e+08  1.064861e+03    939374   1
        91   2.774247e+08  1.629876e+08  1.087906e+03    949745   1
        92   3.768699e+08  1.640242e+08  1.111942e+03    960194   1
        93   5.355861e+08  1.640542e+08  1.136805e+03    970664   1
        94   1.866140e+08  1.645058e+08  1.162488e+03    981227   1
        95   5.247875e+08  1.653343e+08  1.188553e+03    991451   1
        96   3.815765e+08  1.660206e+08  1.217020e+03   1001908   1
        97   6.039471e+08  1.680813e+08  1.246682e+03   1012498   1
        98   5.077586e+08  1.680912e+08  1.277192e+03   1022974   1
        99   1.903945e+08  1.687739e+08  1.308640e+03   1033529   1
       100   8.419997e+08  1.708644e+08  1.339901e+03   1043739   1
       101   2.416545e+08  1.727055e+08  1.373893e+03   1054266   1
       102   2.863069e+08  1.747396e+08  1.407320e+03   1064552   1
       103   2.003708e+08  1.764265e+08  1.440949e+03   1074981   1
       104   1.024290e+09  1.775190e+08  1.473788e+03   1084943   1
       105   2.182005e+08  1.775310e+08  1.508577e+03   1095486   1
       106   2.770498e+08  1.780105e+08  1.544429e+03   1106212   1
       107   4.060744e+08  1.783523e+08  1.579293e+03   1116626   1
       108   5.139891e+08  1.784912e+08  1.615611e+03   1127107   1
       109   2.895884e+08  1.790317e+08  1.652827e+03   1137843   1
       110   4.135059e+08  1.790669e+08  1.687294e+03   1148010   1
       111   6.578146e+08  1.791038e+08  1.722118e+03   1158509   1
       112   6.841896e+08  1.791322e+08  1.756130e+03   1168882   1
       113   2.760967e+08  1.795727e+08  1.791348e+03   1179416   1
       114   3.857446e+08  1.797791e+08  1.826266e+03   1190086   1
       115   2.645782e+08  1.806014e+08  1.859891e+03   1200535   1
       116   2.136046e+08  1.808093e+08  1.895204e+03   1211191   1
       117   2.212905e+08  1.814400e+08  1.930872e+03   1221908   1
       118   5.174012e+08  1.816605e+08  1.966042e+03   1232586   1
       119   5.002881e+08  1.818082e+08  2.000717e+03   1243078   1
       120   2.820480e+08  1.819232e+08  2.035949e+03   1253722   1
       121   2.747846e+08  1.819667e+08  2.070646e+03   1264455   1
       122   3.508266e+08  1.819804e+08  2.103174e+03   1274782   1
       123   2.603519e+08  1.821744e+08  2.137097e+03   1285624   1
       124   1.527441e+08  1.826910e+08  2.169746e+03   1295992   1
       125   3.005365e+08  1.830055e+08  2.200946e+03   1306212   1
       126   3.571505e+08  1.834953e+08  2.233570e+03   1316670   1
       127   2.679045e+08  1.844577e+08  2.267350e+03   1327113   1
       128   3.234035e+08  1.845429e+08  2.300706e+03   1337279   1
       129   5.101276e+08  1.855496e+08  2.332901e+03   1347918   1
       130   3.611981e+08  1.859167e+08  2.365540e+03   1358350   1
       131   1.883737e+08  1.859171e+08  2.397432e+03   1369018   1
       132   2.194647e+08  1.859582e+08  2.428972e+03   1379596   1
       133   2.348051e+08  1.860050e+08  2.459729e+03   1389880   1
       134   3.882300e+08  1.863863e+08  2.489365e+03   1399754   1
       135   2.488244e+08  1.873846e+08  2.520285e+03   1410100   1
       136   3.872854e+08  1.877866e+08  2.552201e+03   1420487   1
       137   2.598293e+08  1.877991e+08  2.583282e+03   1430798   1
       138   2.155782e+08  1.878626e+08  2.616287e+03   1441559   1
       139   2.835911e+08  1.879004e+08  2.648061e+03   1452098   1
       140   3.967773e+08  1.882900e+08  2.679087e+03   1462361   1
       141   9.004134e+08  1.883697e+08  2.710858e+03   1472682   1
       142   4.124274e+08  1.883751e+08  2.743316e+03   1483098   1
       143   4.347784e+08  1.897566e+08  2.774870e+03   1493525   1
       144   2.069773e+08  1.899397e+08  2.807383e+03   1504155   1
       145   2.681206e+08  1.903112e+08  2.838980e+03   1514524   1
       146   4.227010e+08  1.903226e+08  2.871442e+03   1525086   1
       147   4.779357e+08  1.903599e+08  2.904398e+03   1535453   1
       148   3.251568e+08  1.920432e+08  2.935835e+03   1545873   1
       149   3.299479e+08  1.925531e+08  2.968670e+03   1556503   1
       150   3.176342e+08  1.937502e+08  3.001094e+03   1566876   1
       151   5.112604e+08  1.943366e+08  3.033019e+03   1577212   1
       152   8.057240e+08  1.944181e+08  3.064958e+03   1587464   1
       153   8.271555e+08  1.944985e+08  3.096067e+03   1597515   1
       154   2.630172e+08  1.951302e+08  3.129608e+03   1608106   1
       155   1.975430e+08  1.953097e+08  3.163363e+03   1618727   1
       156   1.972597e+08  1.953353e+08  3.196504e+03   1629163   1
       157   3.229686e+08  1.956332e+08  3.229549e+03   1639505   1
       158   3.791699e+08  1.958579e+08  3.263121e+03   1649856   1
       159   2.725598e+08  1.961382e+08  3.296675e+03   1660603   1
       160   2.316416e+08  1.962052e+08  3.329146e+03   1670955   1
       161   2.305849e+08  1.962210e+08  3.361190e+03   1681176   1
       162   1.967547e+08  1.971028e+08  3.394164e+03   1691627   1
       163   3.655608e+08  1.976783e+08  3.427814e+03   1702138   1
       164   2.621692e+08  1.977967e+08  3.460800e+03   1712571   1
       165   2.259749e+08  1.979499e+08  3.494855e+03   1723149   1
       166   3.048566e+08  1.985860e+08  3.528561e+03   1733687   1
       167   1.923673e+08  1.988188e+08  3.563866e+03   1744289   1
       168   3.792380e+08  1.988772e+08  3.597265e+03   1754612   1
       169   2.124711e+08  1.991645e+08  3.632361e+03   1765223   1
       170   2.268175e+08  1.993839e+08  3.667893e+03   1775588   1
       171   5.211886e+08  1.995030e+08  3.701576e+03   1785835   1
       172   3.715013e+08  1.997067e+08  3.736367e+03   1796424   1
       173   2.548483e+08  1.997127e+08  3.769842e+03   1806711   1
       174   2.884691e+08  2.000608e+08  3.805106e+03   1817118   1
       175   4.578384e+08  2.005476e+08  3.840661e+03   1827628   1
       176   4.737358e+08  2.005619e+08  3.875169e+03   1837697   1
       177   5.305014e+08  2.005649e+08  3.910015e+03   1847797   1
       178   2.078366e+08  2.006463e+08  3.945702e+03   1858060   1
       179   5.646381e+08  2.007736e+08  3.982804e+03   1868666   1
       180   6.459126e+08  2.007800e+08  4.019926e+03   1879241   1
       181   2.404538e+08  2.008505e+08  4.058274e+03   1889600   1
       182   1.941110e+08  2.012915e+08  4.095023e+03   1899919   1
       183   5.249166e+08  2.014668e+08  4.131684e+03   1910118   1
       184   1.619062e+08  2.022863e+08  4.169166e+03   1920619   1
       185   1.894123e+08  2.026924e+08  4.207513e+03   1931263   1
       186   2.863758e+08  2.027476e+08  4.245006e+03   1941758   1
       187   1.867899e+08  2.032164e+08  4.281637e+03   1952075   1
       188   3.583187e+08  2.033493e+08  4.318445e+03   1962292   1
       189   1.863804e+08  2.036345e+08  4.355381e+03   1972529   1
       190   3.157445e+08  2.036580e+08  4.393374e+03   1982942   1
       191   4.295074e+08  2.037702e+08  4.432654e+03   1993642   1
       192   2.658089e+08  2.057831e+08  4.470559e+03   2004014   1
       193   2.460602e+08  2.062469e+08  4.509377e+03   2014587   1
       194   5.094726e+08  2.066477e+08  4.547853e+03   2024997   1
       195   3.549457e+08  2.066747e+08  4.586370e+03   2035388   1
       196   5.872214e+08  2.075606e+08  4.624341e+03   2045668   1
       197   3.001032e+08  2.079081e+08  4.663084e+03   2056041   1
       198   2.496877e+08  2.080346e+08  4.700435e+03   2066168   1
       199   2.129493e+08  2.081388e+08  4.742097e+03   2076880   1
       200   1.923901e+08  2.081519e+08  4.780159e+03   2087150   1
       201   3.241594e+08  2.081792e+08  4.820303e+03   2097689   1
       202   6.378954e+08  2.083212e+08  4.898974e+03   2108230   1
       203   2.395391e+08  2.083398e+08  4.934297e+03   2118894   1
       204   3.246892e+08  2.084066e+08  4.967317e+03   2129083   1
       205   2.217171e+08  2.084076e+08  5.001914e+03   2139728   1
       206   2.105485e+08  2.087554e+08  5.035436e+03   2150095   1
       207   2.518989e+08  2.092348e+08  5.069175e+03   2160478   1
       208   2.876892e+08  2.092602e+08  5.103842e+03   2170966   1
       209   3.379540e+08  2.097894e+08  5.137643e+03   2181395   1
       210   2.899964e+08  2.099298e+08  5.172182e+03   2192022   1
       211   5.966286e+08  2.100155e+08  5.206413e+03   2202532   1
       212   7.507225e+08  2.105635e+08  5.239849e+03   2212815   1
       213   2.776151e+08  2.115927e+08  5.274409e+03   2223460   1
       214   1.573663e+08  2.116349e+08  5.308982e+03   2234044   1
       215   2.494752e+08  2.119534e+08  5.343002e+03   2244346   1
       216   2.695353e+08  2.120646e+08  5.377975e+03   2254820   1
       217   2.371884e+08  2.122222e+08  5.413440e+03   2265396   1
       218   5.884158e+08  2.122392e+08  5.448139e+03   2275745   1
       219   2.174195e+08  2.123105e+08  5.485284e+03   2286016   1
       220   5.404674e+08  2.127365e+08  5.519147e+03   2296232   1
       221   3.424726e+08  2.128718e+08  5.554773e+03   2306884   1
       222   3.037806e+08  2.128963e+08  5.588470e+03   2317137   1
       223   3.254211e+08  2.129464e+08  5.622919e+03   2327603   1
       224   5.403300e+08  2.132716e+08  5.657181e+03   2337849   1
       225   1.422697e+08  2.133262e+08  5.692307e+03   2348247   1
       226   2.350984e+08  2.133597e+08  5.727328e+03   2358678   1
       227   3.644028e+08  2.136230e+08  5.762253e+03   2368969   1
       228   3.653813e+08  2.139811e+08  5.797289e+03   2379172   1
       229   3.280150e+08  2.139980e+08  5.834042e+03   2389937   1
       230   2.871589e+08  2.140826e+08  5.870159e+03   2400462   1
       231   4.779235e+08  2.141032e+08  5.903917e+03   2410363   1
       232   3.578253e+08  2.146735e+08  5.939756e+03   2420759   1
       233   4.137918e+08  2.148336e+08  5.976458e+03   2431209   1
       234   4.497119e+08  2.151488e+08  6.016190e+03   2441586   1
       235   5.135253e+08  2.153921e+08  6.053218e+03   2452237   1
       236   1.755932e+08  2.155929e+08  6.091222e+03   2463063   1
       237   5.694173e+08  2.156255e+08  6.126704e+03   2473196   1
       238   2.510057e+08  2.160520e+08  6.164084e+03   2483794   1
       239   1.578652e+08  2.162203e+08  6.200908e+03   2494254   1
       240   8.811420e+08  2.162606e+08  6.237621e+03   2504785   1
       241   8.573145e+08  2.164258e+08  6.273680e+03   2514850   1
       242   2.693321e+08  2.167342e+08  6.312203e+03   2525429   1
       243   2.294913e+08  2.169007e+08  6.350224e+03   2535904   1
       244   4.858352e+08  2.169406e+08  6.389680e+03   2546363   1
       245   5.258437e+08  2.169854e+08  6.427807e+03   2556583   1
       246   4.014327e+08  2.170219e+08  6.465771e+03   2567205   1
       247   3.365179e+08  2.171624e+08  6.506146e+03   2577579   1
       248   4.413879e+08  2.172916e+08  6.545022e+03   2588177   1
       249   5.501093e+08  2.179494e+08  6.583525e+03   2598625   1
       250   1.677909e+08  2.183545e+08  6.622192e+03   2609083   1
       251   4.375678e+08  2.187085e+08  6.660827e+03   2619525   1
       252   2.428013e+08  2.188903e+08  6.700490e+03   2630230   1
       253   3.044391e+08  2.191998e+08  6.741480e+03   2640813   1
       254   3.352089e+08  2.200079e+08  6.782609e+03   2651043   1
       255   3.707839e+08  2.204026e+08  6.826845e+03   2661796   1
       256   2.162555e+08  2.204118e+08  6.869080e+03   2671925   1
       257   4.202316e+08  2.207429e+08  6.912163e+03   2682225   1
       258   3.888901e+08  2.207512e+08  6.956112e+03   2692756   1
       259   1.771403e+08  2.207565e+08  7.002619e+03   2703297   1
       260   8.218956e+08  2.208540e+08  7.042731e+03   2713286   1
       261   2.526410e+08  2.212904e+08  7.083885e+03   2723670   1
       262   2.456234e+08  2.213501e+08  7.124858e+03   2734025   1
       263   2.710821e+08  2.216485e+08  7.165905e+03   2744316   1
       264   2.141801e+08  2.218166e+08  7.208646e+03   2754822   1
-------------------------------------------------------------------
status         : time_limit
total time (s) : 7.208646e+03
total solves   : 2754822
best bound     :  2.218166e+08
simulation ci  :  3.838291e+08 ± 2.689308e+07
numeric issues : 0
-------------------------------------------------------------------

 ────────────────────────────────────────────────────────────────────────────────
                                        Time                    Allocations      
                               ───────────────────────   ────────────────────────
       Tot / % measured:            2.00h /  99.9%            165GiB /  99.3%    

 Section               ncalls     time    %tot     avg     alloc    %tot      avg
 ────────────────────────────────────────────────────────────────────────────────
 backward_pass            264    1.98h   98.9%   27.0s    162GiB   98.7%   627MiB
   solve_subproblem     2.72M    1.95h   97.3%  2.58ms    139GiB   84.8%  53.5KiB
     get_dual_solution  2.72M    16.2s    0.2%  5.95μs   3.90GiB    2.4%  1.50KiB
   prepare_backward...    528    441ms    0.0%   835μs   84.2MiB    0.1%   163KiB
 forward_pass             264    79.2s    1.1%   300ms   1.84GiB    1.1%  7.13MiB
   solve_subproblem     31.7k    78.4s    1.1%  2.47ms   1.60GiB    1.0%  53.1KiB
     get_dual_solution  31.7k   35.9ms    0.0%  1.13μs   16.9MiB    0.0%     560B
   sample_scenario        264   76.4ms    0.0%   289μs   2.57MiB    0.0%  10.0KiB
 calculate_bound          264    1.32s    0.0%  5.02ms    226MiB    0.1%   876KiB
   get_dual_solution      264    364μs    0.0%  1.38μs    144KiB    0.0%     560B
 ────────────────────────────────────────────────────────────────────────────────


||||||||||||||||||||||||||||||||||||||||||||||||||||||||||||||||||||||||||||||||||||||||||||||||||||||||||||||||||||||||||||||||||||||||
SIMULATION RESULTS
LogLinearSDDP.NoSimulation()
markov
Lower bound: 2.2181657603739685e8
Statistical upper bound (confidence interval): 3.386301850709319e8 ± 6.831169432152093e6
Pessimistic upper bound: 3.45461354503084e8

||||||||||||||||||||||||||||||||||||||||||||||||||||||||||||||||||||||||||||||||||||||||||||||||||||||||||||||||||||||||||||||||||||||||
SIMULATION RESULTS
LogLinearSDDP.NoSimulation()
markov
Lower bound: 2.2181657603739685e8
Statistical upper bound (confidence interval): 2.183656104635665e8 ± 5.369009616557816e6
Pessimistic upper bound: 2.2373462008012432e8

||||||||||||||||||||||||||||||||||||||||||||||||||||||||||||||||||||||||||||||||||||||||||||||||||||||||||||||||||||||||||||||||||||||||
SIMULATION RESULTS
LogLinearSDDP.NoSimulation()
custom_model
Lower bound: 2.2181657603739685e8
Statistical upper bound (confidence interval): 3.7568376908786094e8 ± 7.376477635001837e6
Pessimistic upper bound: 3.830602467228628e8

||||||||||||||||||||||||||||||||||||||||||||||||||||||||||||||||||||||||||||||||||||||||||||||||||||||||||||||||||||||||||||||||||||||||
SIMULATION RESULTS
LogLinearSDDP.NoSimulation()
custom_model
Lower bound: 2.2181657603739685e8
Statistical upper bound (confidence interval): 2.3519302974207994e8 ± 5.763427799949303e6
Pessimistic upper bound: 2.4095645754202926e8

||||||||||||||||||||||||||||||||||||||||||||||||||||||||||||||||||||||||||||||||||||||||||||||||||||||||||||||||||||||||||||||||||||||||
SIMULATION RESULTS
LogLinearSDDP.NoSimulation()
fitted_model
Lower bound: 2.2181657603739685e8
Statistical upper bound (confidence interval): 2.770769348436886e8 ± 4.464967171390846e6
Pessimistic upper bound: 2.8154190201507944e8

||||||||||||||||||||||||||||||||||||||||||||||||||||||||||||||||||||||||||||||||||||||||||||||||||||||||||||||||||||||||||||||||||||||||
SIMULATION RESULTS
LogLinearSDDP.NoSimulation()
fitted_model
Lower bound: 2.2181657603739685e8
Statistical upper bound (confidence interval): 1.8339916295803678e8 ± 3.6040971919504087e6
Pessimistic upper bound: 1.870032601499872e8

||||||||||||||||||||||||||||||||||||||||||||||||||||||||||||||||||||||||||||||||||||||||||||||||||||||||||||||||||||||||||||||||||||||||
SIMULATION RESULTS
LogLinearSDDP.NoSimulation()
shapiro_model
Lower bound: 2.2181657603739685e8
Statistical upper bound (confidence interval): 2.846616793580656e8 ± 5.018463021164157e6
Pessimistic upper bound: 2.896801423792298e8

||||||||||||||||||||||||||||||||||||||||||||||||||||||||||||||||||||||||||||||||||||||||||||||||||||||||||||||||||||||||||||||||||||||||
SIMULATION RESULTS
LogLinearSDDP.NoSimulation()
shapiro_model
Lower bound: 2.2181657603739685e8
Statistical upper bound (confidence interval): 1.88261847654131e8 ± 4.060375925084784e6
Pessimistic upper bound: 1.9232222357921576e8

||||||||||||||||||||||||||||||||||||||||||||||||||||||||||||||||||||||||||||||||||||||||||||||||||||||||||||||||||||||||||||||||||||||||
SIMULATION RESULTS
LogLinearSDDP.NoSimulation()
markov
Lower bound: 2.22059577058577e8
Statistical upper bound (confidence interval): 5.0742757958250797e8 ± 8.36238934436707e7
Pessimistic upper bound: 5.910514730261787e8

||||||||||||||||||||||||||||||||||||||||||||||||||||||||||||||||||||||||||||||||||||||||||||||||||||||||||||||||||||||||||||||||||||||||
SIMULATION RESULTS
LogLinearSDDP.NoSimulation()
markov
Lower bound: 2.22059577058577e8
Statistical upper bound (confidence interval): 3.3343575573460734e8 ± 6.876260808643103e7
Pessimistic upper bound: 4.0219836382103837e8
