||||||||||||||||||||||||||||||||||||||||||||||||||||||||||||||||||||||||||||||||||||||||||||||||||||||||||||||||||||||||||||||||||||||||
PATH
calling 
C:\Users\cg4102\Documents\New LogLinearSDDP\LogLinearSDDP.jl\Examples\Hydrothermal
C:\Users\cg4102\Documents\New LogLinearSDDP\LogLinearSDDP.jl\Examples\Hydrothermal\run_model_linearized.jl
DATETIME
2025-04-04T05:17:37.434
RUN DESCRIPTION
LogLinearSDDP.AlgoParams(SDDP.AbstractStoppingRule[SDDP.TimeLimit(7200.0)], LogLinearSDDP.Simulation(SDDP.InSampleMonteCarlo(0, false, true, SDDP.var"#155#158"{SDDP.var"#156#159"}(SDDP.var"#156#159"(), Core.Box(0)), nothing), 2000, 11111), false, 2, 1, "C:/Users/cg4102/Documents/julia_logs/Cut-sharing Final Run (2h) - NoCS/Run_fitted_model_55555/LinearizedSDDP.log", false, false, false, 55555, "", :fitted_model)
-------------------------------------------------------------------
         SDDP.jl (c) Oscar Dowson and contributors, 2017-23
-------------------------------------------------------------------
problem
  nodes           : 120
  state variables : 8
  scenarios       : 1.00000e+238
  existing cuts   : false
options
  solver          : serial mode
  risk measure    : SDDP.Expectation()
  sampling scheme : SDDP.InSampleMonteCarlo
subproblem structure
  VariableRef                                  : [170, 174]
  JuMP.AffExpr in MOI.EqualTo{Float64}         : [13, 13]
  JuMP.VariableRef in MOI.EqualTo{Float64}     : [1, 1]
  JuMP.VariableRef in MOI.GreaterThan{Float64} : [157, 157]
  JuMP.VariableRef in MOI.LessThan{Float64}    : [148, 149]
-------------------------------------------------------------------
 iteration    simulation      bound        time (s)     solves  pid
-------------------------------------------------------------------
         1   2.617121e+09  2.450955e+05  2.438000e+00     12021   1
         2   1.606261e+09  2.450955e+05  4.736000e+00     24042   1
         3   1.140836e+09  2.450955e+05  7.158000e+00     36063   1
         4   1.141378e+09  2.450955e+05  9.534000e+00     48084   1
         5   7.280736e+08  1.104474e+06  1.186300e+01     60105   1
         6   6.896715e+08  1.496937e+06  1.423800e+01     72126   1
         7   1.103783e+09  1.843237e+06  1.659800e+01     84147   1
         8   6.869370e+08  2.451086e+06  1.895800e+01     96168   1
         9   6.982445e+08  3.399737e+06  2.133500e+01    108189   1
        10   6.154003e+08  4.229348e+06  2.367900e+01    120210   1
        11   6.784516e+08  4.750924e+06  2.603800e+01    132231   1
        12   4.192241e+08  5.299645e+06  2.835100e+01    144252   1
        13   5.435371e+08  5.726935e+06  3.067900e+01    156273   1
        14   5.087902e+08  7.509503e+06  3.305400e+01    168294   1
        15   3.756309e+08  2.211531e+07  3.541500e+01    180315   1
        16   3.892741e+08  2.247044e+07  3.772700e+01    192336   1
        17   3.038449e+08  3.370603e+07  4.007200e+01    204357   1
        18   1.116304e+09  3.506505e+07  4.238400e+01    216378   1
        19   5.665066e+08  3.681709e+07  4.474400e+01    228399   1
        20   6.492608e+08  4.173586e+07  4.711900e+01    240420   1
        21   7.900644e+08  4.242874e+07  4.949500e+01    252441   1
        22   3.990973e+08  4.283959e+07  5.190200e+01    264462   1
        23   2.240638e+08  4.439417e+07  5.426200e+01    276483   1
        24   5.267666e+08  4.458333e+07  5.665300e+01    288504   1
        25   2.543362e+08  5.003366e+07  5.901200e+01    300525   1
        26   6.177309e+08  5.168254e+07  6.148100e+01    312546   1
        27   3.928532e+08  5.381162e+07  6.395100e+01    324567   1
        28   3.943765e+08  5.680820e+07  6.638900e+01    336588   1
        29   3.233321e+08  5.767177e+07  6.887400e+01    348609   1
        30   3.810835e+08  5.948477e+07  7.135800e+01    360630   1
        31   4.513795e+08  8.314744e+07  7.379700e+01    372651   1
        32   3.502109e+08  8.323533e+07  7.626500e+01    384672   1
        33   3.487409e+08  8.339999e+07  7.875000e+01    396693   1
        34   3.126175e+08  8.349832e+07  8.125200e+01    408714   1
        35   2.136621e+08  8.352871e+07  8.383000e+01    420735   1
        36   2.664905e+08  8.364848e+07  8.639200e+01    432756   1
        37   8.135376e+08  8.407683e+07  8.892400e+01    444777   1
        38   4.553261e+08  8.407858e+07  9.153300e+01    456798   1
        39   7.761184e+08  8.409548e+07  9.411300e+01    468819   1
        40   4.807148e+08  8.428898e+07  9.670700e+01    480840   1
        41   2.165953e+08  8.438177e+07  9.933200e+01    492861   1
        42   7.304636e+08  8.440782e+07  1.019730e+02    504882   1
        43   5.031253e+08  8.443540e+07  1.046140e+02    516903   1
        44   2.263209e+08  8.455277e+07  1.072700e+02    528924   1
        45   3.490552e+08  8.455523e+07  1.098970e+02    540945   1
        46   3.493774e+08  8.811016e+07  1.124900e+02    552966   1
        47   3.032539e+08  8.851908e+07  1.151620e+02    564987   1
        48   2.415225e+08  8.863045e+07  1.178030e+02    577008   1
        49   4.105628e+08  8.871214e+07  1.204590e+02    589029   1
        50   3.192329e+08  8.875729e+07  1.231940e+02    601050   1
        51   2.169304e+08  8.956928e+07  1.258820e+02    613071   1
        52   2.506339e+08  9.139940e+07  1.285700e+02    625092   1
        53   2.579146e+08  9.701111e+07  1.313350e+02    637113   1
        54   1.884610e+08  9.783923e+07  1.340860e+02    649134   1
        55   4.138877e+08  9.809830e+07  1.368360e+02    661155   1
        56   2.345231e+08  9.857816e+07  1.396030e+02    673176   1
        57   2.025410e+08  9.880710e+07  1.424160e+02    685197   1
        58   4.523043e+08  9.927100e+07  1.451970e+02    697218   1
        59   3.106501e+08  9.941767e+07  1.480410e+02    709239   1
        60   1.993287e+08  9.947756e+07  1.508540e+02    721260   1
        61   1.883745e+08  1.002789e+08  1.536360e+02    733281   1
        62   3.079597e+08  1.002981e+08  1.564960e+02    745302   1
        63   2.097409e+08  1.005447e+08  1.593240e+02    757323   1
        64   2.947223e+08  1.044829e+08  1.621530e+02    769344   1
        65   4.829851e+08  1.045616e+08  1.650590e+02    781365   1
        66   4.165403e+08  1.051827e+08  1.678880e+02    793386   1
        67   2.118719e+08  1.067244e+08  1.707000e+02    805407   1
        68   4.168821e+08  1.071422e+08  1.735910e+02    817428   1
        69   7.127492e+08  1.072201e+08  1.764660e+02    829449   1
        70   1.516224e+08  1.072510e+08  1.792940e+02    841470   1
        71   2.100761e+08  1.082353e+08  1.821870e+02    853491   1
        72   4.054968e+08  1.082781e+08  1.850460e+02    865512   1
        73   8.070027e+08  1.085271e+08  1.879370e+02    877533   1
        74   4.916257e+08  1.086599e+08  1.908580e+02    889554   1
        75   1.786436e+08  1.086679e+08  1.937330e+02    901575   1
        76   4.543854e+08  1.087520e+08  1.966730e+02    913596   1
        77   3.377853e+08  1.090181e+08  1.996430e+02    925617   1
        78   3.647226e+08  1.102721e+08  2.025960e+02    937638   1
        79   2.319526e+08  1.103702e+08  2.055340e+02    949659   1
        80   2.997612e+08  1.104000e+08  2.085030e+02    961680   1
        81   1.974387e+08  1.114565e+08  2.114110e+02    973701   1
        82   2.664309e+08  1.126698e+08  2.143030e+02    985722   1
        83   1.356559e+08  1.127192e+08  2.172410e+02    997743   1
        84   3.871125e+08  1.129159e+08  2.201790e+02   1009764   1
        85   5.601762e+08  1.138969e+08  2.231470e+02   1021785   1
        86   2.968122e+08  1.140543e+08  2.261330e+02   1033806   1
        87   4.674743e+08  1.141953e+08  2.291810e+02   1045827   1
        88   1.088421e+08  1.142494e+08  2.322120e+02   1057848   1
        89   1.904441e+08  1.142811e+08  2.352130e+02   1069869   1
        90   2.244617e+08  1.146283e+08  2.382750e+02   1081890   1
        91   2.233050e+08  1.146882e+08  2.413070e+02   1093911   1
        92   2.492913e+08  1.147851e+08  2.444170e+02   1105932   1
        93   3.081547e+08  1.148487e+08  2.475260e+02   1117953   1
        94   4.303609e+08  1.150368e+08  2.506050e+02   1129974   1
        95   3.016396e+08  1.151573e+08  2.537450e+02   1141995   1
        96   1.856335e+08  1.153336e+08  2.568410e+02   1154016   1
        97   5.389615e+08  1.155885e+08  2.599200e+02   1166037   1
        98   2.593844e+08  1.156969e+08  2.631080e+02   1178058   1
        99   3.494095e+08  1.157119e+08  2.662340e+02   1190079   1
       100   3.160773e+08  1.163006e+08  2.693590e+02   1202100   1
       101   3.902417e+08  1.163727e+08  2.725480e+02   1214121   1
       102   4.420748e+08  1.166214e+08  2.757510e+02   1226142   1
       103   3.844073e+08  1.174039e+08  2.788780e+02   1238163   1
       104   1.940592e+08  1.175841e+08  2.821440e+02   1250184   1
       105   5.840416e+08  1.177128e+08  2.854110e+02   1262205   1
       106   2.400440e+08  1.178406e+08  2.886300e+02   1274226   1
       107   3.580929e+08  1.178717e+08  2.919130e+02   1286247   1
       108   2.151479e+08  1.179031e+08  2.951000e+02   1298268   1
       109   1.593483e+08  1.180227e+08  2.983040e+02   1310289   1
       110   4.626970e+08  1.187756e+08  3.015540e+02   1322310   1
       111   3.055152e+08  1.191305e+08  3.048040e+02   1334331   1
       112   1.984492e+08  1.191663e+08  3.080700e+02   1346352   1
       113   2.513502e+08  1.193332e+08  3.113520e+02   1358373   1
       114   1.619862e+08  1.199996e+08  3.146190e+02   1370394   1
       115   2.111518e+08  1.214688e+08  3.179320e+02   1382415   1
       116   1.497498e+08  1.216260e+08  3.212600e+02   1394436   1
       117   3.789215e+08  1.219281e+08  3.245900e+02   1406457   1
       118   3.367119e+08  1.220601e+08  3.279180e+02   1418478   1
       119   2.273035e+08  1.225658e+08  3.313100e+02   1430499   1
       120   4.474912e+08  1.228109e+08  3.346860e+02   1442520   1
       121   1.820094e+08  1.229230e+08  3.380450e+02   1454541   1
       122   1.531847e+08  1.230995e+08  3.413580e+02   1466562   1
       123   4.914855e+08  1.231611e+08  3.447960e+02   1478583   1
       124   3.982071e+08  1.233642e+08  3.481560e+02   1490604   1
       125   4.753419e+08  1.235238e+08  3.515940e+02   1502625   1
       126   1.756929e+08  1.242843e+08  3.549220e+02   1514646   1
       127   2.203528e+08  1.243887e+08  3.582670e+02   1526667   1
       128   2.334096e+08  1.250562e+08  3.617360e+02   1538688   1
       129   3.345135e+08  1.251360e+08  3.651580e+02   1550709   1
       130   1.424290e+08  1.254387e+08  3.685330e+02   1562730   1
       131   7.694763e+08  1.258661e+08  3.720180e+02   1574751   1
       132   7.768416e+08  1.259440e+08  3.755020e+02   1586772   1
       133   2.601346e+08  1.260132e+08  3.789730e+02   1598793   1
       134   8.585185e+08  1.270088e+08  3.824880e+02   1610814   1
       135   1.614711e+08  1.270660e+08  3.859260e+02   1622835   1
       136   2.544296e+08  1.271660e+08  3.893630e+02   1634856   1
       137   5.539155e+08  1.275853e+08  3.929410e+02   1646877   1
       138   1.668204e+08  1.277568e+08  3.964100e+02   1658898   1
       139   2.805506e+08  1.278785e+08  3.999410e+02   1670919   1
       140   2.303638e+08  1.278826e+08  4.034900e+02   1682940   1
       141   4.841408e+08  1.280037e+08  4.070530e+02   1694961   1
       142   3.514321e+08  1.282898e+08  4.105690e+02   1706982   1
       143   1.437374e+08  1.285341e+08  4.141310e+02   1719003   1
       144   2.134071e+08  1.287314e+08  4.176630e+02   1731024   1
       145   3.784068e+08  1.288060e+08  4.211940e+02   1743045   1
       146   1.553299e+08  1.289397e+08  4.247250e+02   1755066   1
       147   2.667536e+08  1.289588e+08  4.282570e+02   1767087   1
       148   3.553595e+08  1.290091e+08  4.318350e+02   1779108   1
       149   5.028970e+08  1.290726e+08  4.354140e+02   1791129   1
       150   1.556097e+08  1.293599e+08  4.390240e+02   1803150   1
       151   6.044433e+08  1.295429e+08  4.425860e+02   1815171   1
       152   1.615527e+08  1.295510e+08  4.461660e+02   1827192   1
       153   9.630992e+08  1.296152e+08  4.497760e+02   1839213   1
       154   1.934529e+08  1.296621e+08  4.533880e+02   1851234   1
       155   4.680824e+08  1.298556e+08  4.570590e+02   1863255   1
       156   2.635644e+08  1.299494e+08  4.607310e+02   1875276   1
       157   3.911518e+08  1.300228e+08  4.644210e+02   1887297   1
       158   6.481424e+08  1.302377e+08  4.681240e+02   1899318   1
       159   2.141669e+08  1.303527e+08  4.717960e+02   1911339   1
       160   5.975445e+08  1.308008e+08  4.754990e+02   1923360   1
       161   3.768283e+08  1.308013e+08  4.792820e+02   1935381   1
       162   4.219085e+08  1.316692e+08  4.830010e+02   1947402   1
       163   3.945272e+08  1.321171e+08  4.867670e+02   1959423   1
       164   1.300470e+08  1.322416e+08  4.904090e+02   1971444   1
       165   1.843904e+08  1.323391e+08  4.941290e+02   1983465   1
       166   3.132547e+08  1.357305e+08  4.978940e+02   1995486   1
       167   1.794812e+08  1.361781e+08  5.015970e+02   2007507   1
       168   2.731482e+08  1.361800e+08  5.052860e+02   2019528   1
       169   2.338583e+08  1.364003e+08  5.090530e+02   2031549   1
       170   2.760094e+08  1.365602e+08  5.128040e+02   2043570   1
       171   1.417248e+08  1.368026e+08  5.165230e+02   2055591   1
       172   5.217763e+08  1.368670e+08  5.203220e+02   2067612   1
       173   4.724967e+08  1.369600e+08  5.242280e+02   2079633   1
       174   6.234516e+08  1.369641e+08  5.281680e+02   2091654   1
       175   5.799070e+08  1.374250e+08  5.322150e+02   2103675   1
       176   5.340457e+08  1.376932e+08  5.362170e+02   2115696   1
       177   5.751308e+08  1.378237e+08  5.402950e+02   2127717   1
       178   2.112470e+08  1.381294e+08  5.443580e+02   2139738   1
       179   2.118873e+08  1.382164e+08  5.484050e+02   2151759   1
       180   1.319483e+08  1.383410e+08  5.524690e+02   2163780   1
       181   5.361406e+08  1.386309e+08  5.566250e+02   2175801   1
       182   1.717437e+08  1.386768e+08  5.606880e+02   2187822   1
       183   3.453221e+08  1.386912e+08  5.647830e+02   2199843   1
       184   4.414945e+08  1.387333e+08  5.688770e+02   2211864   1
       185   1.723707e+08  1.389468e+08  5.729860e+02   2223885   1
       186   1.868639e+08  1.390261e+08  5.770640e+02   2235906   1
       187   4.155457e+08  1.391395e+08  5.812060e+02   2247927   1
       188   2.617447e+08  1.391727e+08  5.853620e+02   2259948   1
       189   2.890153e+08  1.392493e+08  5.894550e+02   2271969   1
       190   2.315222e+08  1.392881e+08  5.936590e+02   2283990   1
       191   5.095051e+08  1.393048e+08  5.978780e+02   2296011   1
       192   1.686608e+08  1.396043e+08  6.020040e+02   2308032   1
       193   1.920740e+08  1.397753e+08  6.062230e+02   2320053   1
       194   2.207919e+08  1.399300e+08  6.103790e+02   2332074   1
       195   3.903694e+08  1.401913e+08  6.145680e+02   2344095   1
       196   4.962107e+08  1.403585e+08  6.188020e+02   2356116   1
       197   1.795558e+08  1.404584e+08  6.229440e+02   2368137   1
       198   1.304113e+08  1.406794e+08  6.271010e+02   2380158   1
       199   2.369281e+08  1.407686e+08  6.313360e+02   2392179   1
       200   2.000047e+08  1.409760e+08  6.354920e+02   2404200   1
       201   2.057337e+08  1.412720e+08  6.396820e+02   2416221   1
       202   1.934635e+08  1.413155e+08  6.439490e+02   2428242   1
       203   2.361061e+08  1.415095e+08  6.482150e+02   2440263   1
       204   4.179257e+08  1.415891e+08  6.524660e+02   2452284   1
       205   2.035182e+08  1.417617e+08  6.566860e+02   2464305   1
       206   1.383095e+08  1.418971e+08  6.608740e+02   2476326   1
       207   2.412816e+08  1.419817e+08  6.650450e+02   2488347   1
       208   2.263942e+08  1.421912e+08  6.691720e+02   2500368   1
       209   2.043570e+08  1.422828e+08  6.733140e+02   2512389   1
       210   1.705815e+08  1.425105e+08  6.774870e+02   2524410   1
       211   1.798268e+08  1.427661e+08  6.816140e+02   2536431   1
       212   2.140880e+08  1.428726e+08  6.857540e+02   2548452   1
       213   1.482955e+08  1.430498e+08  6.898950e+02   2560473   1
       214   2.253774e+08  1.431668e+08  6.940200e+02   2572494   1
       215   4.035089e+08  1.433919e+08  6.982080e+02   2584515   1
       216   2.941928e+08  1.435173e+08  7.023810e+02   2596536   1
       217   2.014638e+08  1.435658e+08  7.065520e+02   2608557   1
       218   3.915774e+08  1.440337e+08  7.107550e+02   2620578   1
       219   2.217732e+08  1.441204e+08  7.149740e+02   2632599   1
       220   2.243944e+08  1.441513e+08  7.191180e+02   2644620   1
       221   3.363618e+08  1.442104e+08  7.233520e+02   2656641   1
       222   5.096729e+08  1.442291e+08  7.276040e+02   2668662   1
       223   3.865026e+08  1.444004e+08  7.318540e+02   2680683   1
       224   1.942643e+08  1.447221e+08  7.360100e+02   2692704   1
       225   7.592972e+08  1.448331e+08  7.403410e+02   2704725   1
       226   1.611685e+08  1.449061e+08  7.445750e+02   2716746   1
       227   2.760549e+08  1.450139e+08  7.487940e+02   2728767   1
       228   2.539649e+08  1.450715e+08  7.530440e+02   2740788   1
       229   1.950215e+08  1.452293e+08  7.573120e+02   2752809   1
       230   3.179765e+08  1.452841e+08  7.616250e+02   2764830   1
       231   1.561571e+08  1.454106e+08  7.659680e+02   2776851   1
       232   2.594380e+08  1.459689e+08  7.702830e+02   2788872   1
       233   7.780781e+08  1.460082e+08  7.746580e+02   2800893   1
       234   4.950638e+08  1.461073e+08  7.790800e+02   2812914   1
       235   1.716239e+08  1.462095e+08  7.834390e+02   2824935   1
       236   1.392650e+08  1.463215e+08  7.877850e+02   2836956   1
       237   5.396086e+08  1.464402e+08  7.923160e+02   2848977   1
       238   2.707085e+08  1.466134e+08  7.967380e+02   2860998   1
       239   1.100880e+08  1.466290e+08  8.011150e+02   2873019   1
       240   4.527220e+08  1.467394e+08  8.056460e+02   2885040   1
       241   1.321027e+08  1.473993e+08  8.101460e+02   2897061   1
       242   3.327983e+08  1.474548e+08  8.146020e+02   2909082   1
       243   3.401491e+08  1.477241e+08  8.191340e+02   2921103   1
       244   1.900934e+08  1.478455e+08  8.235560e+02   2933124   1
       245   3.286961e+08  1.478861e+08  8.281030e+02   2945145   1
       246   2.159769e+08  1.479580e+08  8.325410e+02   2957166   1
       247   2.536762e+08  1.480270e+08  8.370270e+02   2969187   1
       248   2.572553e+08  1.480876e+08  8.415580e+02   2981208   1
       249   2.962694e+08  1.480973e+08  8.461070e+02   2993229   1
       250   2.986030e+08  1.481331e+08  8.505930e+02   3005250   1
       251   2.792636e+08  1.483151e+08  8.551870e+02   3017271   1
       252   2.508275e+08  1.483821e+08  8.597510e+02   3029292   1
       253   1.965455e+08  1.485062e+08  8.642990e+02   3041313   1
       254   1.414012e+08  1.493652e+08  8.689090e+02   3053334   1
       255   4.770372e+08  1.495058e+08  8.734580e+02   3065355   1
       256   4.992089e+08  1.495933e+08  8.780680e+02   3077376   1
       257   2.145445e+08  1.497739e+08  8.827090e+02   3089397   1
       258   2.699864e+08  1.498854e+08  8.873360e+02   3101418   1
       259   3.133928e+08  1.499223e+08  8.919620e+02   3113439   1
       260   6.843726e+08  1.501263e+08  8.965870e+02   3125460   1
       261   4.369408e+08  1.505008e+08  9.012590e+02   3137481   1
       262   2.903825e+08  1.505636e+08  9.059630e+02   3149502   1
       263   1.609635e+08  1.507183e+08  9.106660e+02   3161523   1
       264   5.275873e+08  1.508985e+08  9.152750e+02   3173544   1
       265   2.212587e+08  1.509447e+08  9.199640e+02   3185565   1
       266   2.252410e+08  1.509636e+08  9.246510e+02   3197586   1
       267   6.318348e+08  1.510661e+08  9.293390e+02   3209607   1
       268   3.435482e+08  1.510759e+08  9.341070e+02   3221628   1
       269   1.890484e+08  1.511153e+08  9.388580e+02   3233649   1
       270   3.486490e+08  1.513304e+08  9.435920e+02   3245670   1
       271   3.207700e+08  1.514249e+08  9.483120e+02   3257691   1
       272   1.701801e+08  1.517043e+08  9.530460e+02   3269712   1
       273   2.294041e+08  1.517800e+08  9.577810e+02   3281733   1
       274   4.009805e+08  1.518535e+08  9.624700e+02   3293754   1
       275   4.071546e+08  1.519200e+08  9.672210e+02   3305775   1
       276   2.031517e+08  1.520169e+08  9.719250e+02   3317796   1
       277   1.764340e+08  1.522989e+08  9.766300e+02   3329817   1
       278   1.759611e+08  1.523843e+08  9.813490e+02   3341838   1
       279   1.641917e+08  1.524979e+08  9.860690e+02   3353859   1
       280   2.389794e+08  1.526360e+08  9.908060e+02   3365880   1
       281   5.321651e+08  1.527793e+08  9.956030e+02   3377901   1
       282   3.905696e+08  1.528526e+08  1.000417e+03   3389922   1
       283   1.626796e+08  1.528837e+08  1.005230e+03   3401943   1
       284   2.191824e+08  1.530568e+08  1.010059e+03   3413964   1
       285   8.854920e+08  1.531491e+08  1.014825e+03   3425985   1
       286   1.730551e+08  1.532292e+08  1.019672e+03   3438006   1
       287   1.852843e+08  1.533219e+08  1.024500e+03   3450027   1
       288   4.942683e+08  1.533557e+08  1.029282e+03   3462048   1
       289   2.244042e+08  1.533818e+08  1.034159e+03   3474069   1
       290   2.449946e+08  1.535109e+08  1.039003e+03   3486090   1
       291   2.285104e+08  1.535501e+08  1.043847e+03   3498111   1
       292   4.823715e+08  1.535990e+08  1.048721e+03   3510132   1
       293   3.165501e+08  1.536990e+08  1.053535e+03   3522153   1
       294   4.767305e+08  1.537830e+08  1.058396e+03   3534174   1
       295   1.883185e+08  1.539009e+08  1.063209e+03   3546195   1
       296   2.543889e+08  1.539084e+08  1.068068e+03   3558216   1
       297   1.928857e+08  1.539591e+08  1.072850e+03   3570237   1
       298   3.046318e+08  1.539601e+08  1.077772e+03   3582258   1
       299   2.457190e+08  1.540584e+08  1.082616e+03   3594279   1
       300   1.494238e+08  1.541020e+08  1.087429e+03   3606300   1
       301   2.125360e+08  1.541931e+08  1.092304e+03   3618321   1
       302   2.657515e+08  1.543005e+08  1.097134e+03   3630342   1
       303   6.093593e+08  1.543987e+08  1.102010e+03   3642363   1
       304   2.668523e+08  1.545184e+08  1.106963e+03   3654384   1
       305   1.954677e+08  1.546196e+08  1.111854e+03   3666405   1
       306   1.295323e+08  1.549361e+08  1.116667e+03   3678426   1
       307   5.175386e+08  1.550202e+08  1.121620e+03   3690447   1
       308   2.105816e+08  1.552783e+08  1.126543e+03   3702468   1
       309   7.043096e+08  1.553160e+08  1.131512e+03   3714489   1
       310   2.475688e+08  1.554130e+08  1.136497e+03   3726510   1
       311   2.976646e+08  1.556638e+08  1.141356e+03   3738531   1
       312   1.907699e+08  1.560671e+08  1.146310e+03   3750552   1
       313   2.405472e+08  1.561976e+08  1.151263e+03   3762573   1
       314   2.158920e+08  1.563966e+08  1.156201e+03   3774594   1
       315   3.537866e+08  1.565893e+08  1.161217e+03   3786615   1
       316   1.695456e+08  1.566817e+08  1.166235e+03   3798636   1
       317   6.279956e+08  1.567741e+08  1.171283e+03   3810657   1
       318   2.002336e+08  1.567913e+08  1.176299e+03   3822678   1
       319   3.822087e+08  1.568780e+08  1.181318e+03   3834699   1
       320   5.900552e+08  1.569803e+08  1.186349e+03   3846720   1
       321   3.896163e+08  1.570410e+08  1.191396e+03   3858741   1
       322   2.586231e+08  1.572194e+08  1.196397e+03   3870762   1
       323   1.979882e+08  1.572488e+08  1.201381e+03   3882783   1
       324   2.309070e+08  1.572932e+08  1.206461e+03   3894804   1
       325   2.791882e+08  1.574046e+08  1.211476e+03   3906825   1
       326   3.001598e+08  1.574598e+08  1.216555e+03   3918846   1
       327   1.595412e+08  1.575234e+08  1.221649e+03   3930867   1
       328   1.774082e+08  1.577628e+08  1.226698e+03   3942888   1
       329   2.326842e+08  1.577965e+08  1.231745e+03   3954909   1
       330   3.871447e+08  1.579793e+08  1.236713e+03   3966930   1
       331   1.499584e+08  1.580647e+08  1.241669e+03   3978951   1
       332   1.388496e+08  1.580778e+08  1.246622e+03   3990972   1
       333   2.824955e+08  1.581485e+08  1.251716e+03   4002993   1
       334   1.699239e+08  1.581799e+08  1.256719e+03   4015014   1
       335   3.141372e+08  1.583566e+08  1.261688e+03   4027035   1
       336   2.574590e+08  1.584357e+08  1.266688e+03   4039056   1
       337   1.492290e+08  1.585897e+08  1.271783e+03   4051077   1
       338   4.903504e+08  1.586679e+08  1.276754e+03   4063098   1
       339   4.320008e+08  1.586793e+08  1.281848e+03   4075119   1
       340   3.469678e+08  1.587252e+08  1.286927e+03   4087140   1
       341   3.861527e+08  1.589448e+08  1.292038e+03   4099161   1
       342   1.950230e+08  1.590370e+08  1.297131e+03   4111182   1
       343   2.250748e+08  1.591065e+08  1.302178e+03   4123203   1
       344   2.647798e+08  1.591378e+08  1.307274e+03   4135224   1
       345   1.748023e+08  1.591633e+08  1.312369e+03   4147245   1
       346   2.332323e+08  1.591942e+08  1.317479e+03   4159266   1
       347   1.939388e+08  1.592380e+08  1.322572e+03   4171287   1
       348   3.545937e+08  1.593266e+08  1.327775e+03   4183308   1
       349   6.982198e+08  1.593420e+08  1.332870e+03   4195329   1
       350   2.472191e+08  1.594085e+08  1.338027e+03   4207350   1
       351   2.341562e+08  1.594274e+08  1.343199e+03   4219371   1
       352   3.042668e+08  1.594940e+08  1.348436e+03   4231392   1
       353   2.369261e+08  1.596015e+08  1.353639e+03   4243413   1
       354   2.914627e+08  1.596524e+08  1.358830e+03   4255434   1
       355   1.316424e+08  1.596813e+08  1.363970e+03   4267455   1
       356   2.905884e+08  1.597098e+08  1.369221e+03   4279476   1
       357   1.741525e+08  1.597358e+08  1.374474e+03   4291497   1
       358   4.055159e+08  1.597603e+08  1.379661e+03   4303518   1
       359   2.454825e+08  1.598330e+08  1.384896e+03   4315539   1
       360   3.256040e+08  1.598707e+08  1.390116e+03   4327560   1
       361   2.431550e+08  1.599342e+08  1.395429e+03   4339581   1
       362   5.586855e+08  1.599952e+08  1.400710e+03   4351602   1
       363   2.136386e+08  1.600879e+08  1.405945e+03   4363623   1
       364   2.903151e+08  1.602390e+08  1.411258e+03   4375644   1
       365   2.684627e+08  1.604190e+08  1.416588e+03   4387665   1
       366   5.697077e+08  1.604367e+08  1.421823e+03   4399686   1
       367   1.896239e+08  1.606759e+08  1.426995e+03   4411707   1
       368   6.088560e+08  1.608037e+08  1.432262e+03   4423728   1
       369   3.226954e+08  1.608977e+08  1.437498e+03   4435749   1
       370   5.777775e+08  1.610088e+08  1.442795e+03   4447770   1
       371   2.413465e+08  1.610939e+08  1.448031e+03   4459791   1
       372   3.471696e+08  1.611750e+08  1.453204e+03   4471812   1
       373   2.403235e+08  1.612138e+08  1.458485e+03   4483833   1
       374   2.075655e+08  1.614768e+08  1.463719e+03   4495854   1
       375   3.517709e+08  1.616260e+08  1.469033e+03   4507875   1
       376   1.724277e+08  1.616502e+08  1.474283e+03   4519896   1
       377   2.117713e+08  1.617224e+08  1.479533e+03   4531917   1
       378   3.895510e+08  1.617686e+08  1.484799e+03   4543938   1
       379   2.648036e+08  1.620228e+08  1.490114e+03   4555959   1
       380   2.132510e+08  1.620738e+08  1.495365e+03   4567980   1
       381   1.461770e+08  1.621217e+08  1.500647e+03   4580001   1
       382   3.122209e+08  1.621551e+08  1.505993e+03   4592022   1
       383   2.488526e+08  1.622065e+08  1.511259e+03   4604043   1
       384   2.698029e+08  1.622334e+08  1.516557e+03   4616064   1
       385   4.427389e+08  1.622568e+08  1.521932e+03   4628085   1
       386   2.630975e+08  1.623105e+08  1.527276e+03   4640106   1
       387   5.495005e+08  1.623374e+08  1.532636e+03   4652127   1
       388   5.027422e+08  1.623432e+08  1.537982e+03   4664148   1
       389   5.702370e+08  1.623625e+08  1.543311e+03   4676169   1
       390   2.857748e+08  1.623942e+08  1.548642e+03   4688190   1
       391   1.957559e+08  1.624343e+08  1.554033e+03   4700211   1
       392   2.587312e+08  1.624601e+08  1.559409e+03   4712232   1
       393   2.231442e+08  1.625106e+08  1.564740e+03   4724253   1
       394   3.132938e+08  1.626138e+08  1.570116e+03   4736274   1
       395   2.751161e+08  1.626526e+08  1.575491e+03   4748295   1
       396   1.810647e+08  1.626883e+08  1.580819e+03   4760316   1
       397   3.477454e+08  1.627426e+08  1.586257e+03   4772337   1
       398   2.280272e+08  1.628299e+08  1.591585e+03   4784358   1
       399   2.413857e+08  1.628536e+08  1.597039e+03   4796379   1
       400   1.729808e+08  1.628650e+08  1.602431e+03   4808400   1
       401   1.430830e+08  1.628859e+08  1.607762e+03   4820421   1
       402   3.047755e+08  1.629543e+08  1.613200e+03   4832442   1
       403   2.719095e+08  1.630311e+08  1.618622e+03   4844463   1
       404   1.881499e+08  1.630825e+08  1.623985e+03   4856484   1
       405   1.566519e+08  1.631684e+08  1.629408e+03   4868505   1
       406   2.169114e+08  1.632016e+08  1.634829e+03   4880526   1
       407   1.719691e+08  1.632458e+08  1.640222e+03   4892547   1
       408   3.023315e+08  1.632845e+08  1.645738e+03   4904568   1
       409   2.312727e+08  1.633601e+08  1.651178e+03   4916589   1
       410   2.547304e+08  1.634028e+08  1.656649e+03   4928610   1
       411   1.937096e+08  1.634358e+08  1.662180e+03   4940631   1
       412   4.681298e+08  1.634626e+08  1.667728e+03   4952652   1
       413   5.646392e+08  1.636321e+08  1.673214e+03   4964673   1
       414   2.708260e+08  1.636403e+08  1.678654e+03   4976694   1
       415   1.503352e+08  1.636851e+08  1.684093e+03   4988715   1
       416   2.176275e+08  1.637268e+08  1.689592e+03   5000736   1
       417   4.144940e+08  1.639472e+08  1.695094e+03   5012757   1
       418   2.019393e+08  1.639782e+08  1.700580e+03   5024778   1
       419   3.008262e+08  1.640584e+08  1.706127e+03   5036799   1
       420   2.177239e+08  1.641160e+08  1.711659e+03   5048820   1
       421   3.654422e+08  1.641201e+08  1.717206e+03   5060841   1
       422   2.948161e+08  1.642426e+08  1.722753e+03   5072862   1
       423   2.810702e+08  1.643583e+08  1.728332e+03   5084883   1
       424   1.959494e+08  1.644675e+08  1.733879e+03   5096904   1
       425   1.985383e+08  1.645223e+08  1.739398e+03   5108925   1
       426   4.863897e+08  1.645372e+08  1.745024e+03   5120946   1
       427   2.756862e+08  1.646018e+08  1.750555e+03   5132967   1
       428   2.351239e+08  1.646943e+08  1.756166e+03   5144988   1
       429   2.909215e+08  1.647779e+08  1.761869e+03   5157009   1
       430   2.891758e+08  1.648485e+08  1.767481e+03   5169030   1
       431   2.730903e+08  1.649937e+08  1.773106e+03   5181051   1
       432   1.803757e+08  1.650693e+08  1.778656e+03   5193072   1
       433   2.104470e+08  1.651789e+08  1.784283e+03   5205093   1
       434   1.921339e+08  1.652345e+08  1.789940e+03   5217114   1
       435   4.970445e+08  1.653555e+08  1.795488e+03   5229135   1
       436   1.923235e+08  1.653882e+08  1.800911e+03   5241156   1
       437   2.283384e+08  1.654125e+08  1.806444e+03   5253177   1
       438   5.386158e+08  1.654863e+08  1.812007e+03   5265198   1
       439   1.754112e+08  1.655140e+08  1.817491e+03   5277219   1
       440   1.261423e+08  1.656213e+08  1.823039e+03   5289240   1
       441   1.762623e+08  1.656457e+08  1.828478e+03   5301261   1
       442   2.659763e+08  1.657342e+08  1.834041e+03   5313282   1
       443   5.371892e+08  1.657893e+08  1.839589e+03   5325303   1
       444   3.650094e+08  1.658057e+08  1.845058e+03   5337324   1
       445   2.416229e+08  1.658668e+08  1.850558e+03   5349345   1
       446   1.892563e+08  1.659418e+08  1.856152e+03   5361366   1
       447   2.435457e+08  1.659852e+08  1.861684e+03   5373387   1
       448   2.103720e+08  1.660289e+08  1.867264e+03   5385408   1
       449   1.542308e+08  1.660542e+08  1.872952e+03   5397429   1
       450   2.694765e+08  1.660905e+08  1.878515e+03   5409450   1
       451   3.071193e+08  1.661578e+08  1.884110e+03   5421471   1
       452   2.921233e+08  1.662169e+08  1.889752e+03   5433492   1
       453   1.367382e+08  1.662768e+08  1.895331e+03   5445513   1
       454   2.013829e+08  1.663355e+08  1.900974e+03   5457534   1
       455   4.938647e+08  1.663558e+08  1.906695e+03   5469555   1
       456   2.524657e+08  1.664013e+08  1.912321e+03   5481576   1
       457   1.956709e+08  1.664849e+08  1.917885e+03   5493597   1
       458   2.576021e+08  1.665089e+08  1.923543e+03   5505618   1
       459   1.946491e+08  1.665282e+08  1.929121e+03   5517639   1
       460   3.076847e+08  1.666524e+08  1.934762e+03   5529660   1
       461   2.140973e+08  1.667336e+08  1.940482e+03   5541681   1
       462   2.746465e+08  1.668054e+08  1.946185e+03   5553702   1
       463   2.560806e+08  1.668430e+08  1.951889e+03   5565723   1
       464   2.848148e+08  1.668906e+08  1.957592e+03   5577744   1
       465   4.447256e+08  1.669110e+08  1.963265e+03   5589765   1
       466   2.372832e+08  1.669871e+08  1.969080e+03   5601786   1
       467   2.408613e+08  1.670104e+08  1.974754e+03   5613807   1
       468   3.159518e+08  1.671760e+08  1.980506e+03   5625828   1
       469   3.023380e+08  1.671924e+08  1.986271e+03   5637849   1
       470   1.255506e+08  1.673033e+08  1.991884e+03   5649870   1
       471   1.971966e+08  1.673814e+08  1.997634e+03   5661891   1
       472   2.485919e+08  1.674315e+08  2.003480e+03   5673912   1
       473   3.160514e+08  1.674990e+08  2.009277e+03   5685933   1
       474   2.191033e+08  1.675847e+08  2.015027e+03   5697954   1
       475   2.516921e+08  1.676500e+08  2.020795e+03   5709975   1
       476   2.241691e+08  1.677033e+08  2.026592e+03   5721996   1
       477   5.156512e+08  1.677488e+08  2.032483e+03   5734017   1
       478   2.674959e+08  1.677821e+08  2.038359e+03   5746038   1
       479   1.849350e+08  1.678175e+08  2.044187e+03   5758059   1
       480   2.044815e+08  1.679135e+08  2.049940e+03   5770080   1
       481   1.570162e+08  1.679494e+08  2.055785e+03   5782101   1
       482   4.375924e+08  1.680000e+08  2.061659e+03   5794122   1
       483   1.790315e+08  1.680022e+08  2.067504e+03   5806143   1
       484   2.297412e+08  1.681607e+08  2.073378e+03   5818164   1
       485   2.419591e+08  1.683998e+08  2.079270e+03   5830185   1
       486   3.331889e+08  1.685614e+08  2.085161e+03   5842206   1
       487   1.254180e+08  1.686074e+08  2.091114e+03   5854227   1
       488   1.974734e+08  1.687534e+08  2.096990e+03   5866248   1
       489   1.455138e+08  1.688938e+08  2.102803e+03   5878269   1
       490   2.390948e+08  1.689949e+08  2.108757e+03   5890290   1
       491   1.873293e+08  1.691442e+08  2.114601e+03   5902311   1
       492   2.169777e+08  1.692387e+08  2.120508e+03   5914332   1
       493   2.591949e+08  1.693571e+08  2.126445e+03   5926353   1
       494   2.491477e+08  1.694099e+08  2.132414e+03   5938374   1
       495   3.130337e+08  1.694453e+08  2.138447e+03   5950395   1
       496   1.328004e+08  1.694740e+08  2.144401e+03   5962416   1
       497   2.176098e+08  1.695083e+08  2.150340e+03   5974437   1
       498   1.179305e+08  1.695691e+08  2.156342e+03   5986458   1
       499   2.428850e+08  1.696334e+08  2.162296e+03   5998479   1
       500   1.890919e+08  1.696823e+08  2.168265e+03   6010500   1
       501   2.229940e+08  1.697919e+08  2.174234e+03   6022521   1
       502   1.360568e+08  1.698552e+08  2.180251e+03   6034542   1
       503   6.415820e+08  1.698679e+08  2.186267e+03   6046563   1
       504   1.585888e+08  1.699344e+08  2.192316e+03   6058584   1
       505   3.300434e+08  1.699616e+08  2.198458e+03   6070605   1
       506   2.984021e+08  1.700026e+08  2.204473e+03   6082626   1
       507   2.681372e+08  1.700056e+08  2.210571e+03   6094647   1
       508   5.031554e+08  1.700411e+08  2.216649e+03   6106668   1
       509   3.330316e+08  1.700480e+08  2.222727e+03   6118689   1
       510   2.270484e+08  1.700534e+08  2.228931e+03   6130710   1
       511   1.587620e+08  1.701524e+08  2.235009e+03   6142731   1
       512   3.979765e+08  1.701570e+08  2.241073e+03   6154752   1
       513   2.106807e+08  1.702056e+08  2.247262e+03   6166773   1
       514   2.178878e+08  1.702411e+08  2.253357e+03   6178794   1
       515   1.918688e+08  1.702555e+08  2.259405e+03   6190815   1
       516   1.464359e+08  1.702958e+08  2.265640e+03   6202836   1
       517   1.673027e+08  1.703055e+08  2.271750e+03   6214857   1
       518   3.663148e+08  1.703350e+08  2.277829e+03   6226878   1
       519   4.303624e+08  1.703463e+08  2.284020e+03   6238899   1
       520   2.532235e+08  1.703934e+08  2.290146e+03   6250920   1
       521   2.505924e+08  1.703936e+08  2.296365e+03   6262941   1
       522   1.891864e+08  1.704700e+08  2.302601e+03   6274962   1
       523   1.722212e+08  1.704938e+08  2.308835e+03   6286983   1
       524   2.132907e+08  1.705049e+08  2.315071e+03   6299004   1
       525   2.388636e+08  1.705547e+08  2.321212e+03   6311025   1
       526   3.966420e+08  1.705549e+08  2.327448e+03   6323046   1
       527   3.871034e+08  1.705983e+08  2.333731e+03   6335067   1
       528   2.538007e+08  1.706213e+08  2.340044e+03   6347088   1
       529   3.032699e+08  1.706694e+08  2.346201e+03   6359109   1
       530   1.684602e+08  1.706771e+08  2.352451e+03   6371130   1
       531   3.665178e+08  1.707767e+08  2.358733e+03   6383151   1
       532   2.917007e+08  1.707768e+08  2.365015e+03   6395172   1
       533   3.360922e+08  1.708130e+08  2.371300e+03   6407193   1
       534   1.749095e+08  1.708301e+08  2.377491e+03   6419214   1
       535   4.109603e+08  1.708303e+08  2.383757e+03   6431235   1
       536   1.594501e+08  1.708865e+08  2.390164e+03   6443256   1
       537   2.593482e+08  1.708865e+08  2.396461e+03   6455277   1
       538   1.808014e+08  1.709000e+08  2.402793e+03   6467298   1
       539   1.675719e+08  1.709505e+08  2.409185e+03   6479319   1
       540   2.505102e+08  1.709823e+08  2.415595e+03   6491340   1
       541   1.694452e+08  1.710107e+08  2.421908e+03   6503361   1
       542   6.562522e+08  1.710182e+08  2.428220e+03   6515382   1
       543   2.495107e+08  1.711057e+08  2.434659e+03   6527403   1
       544   2.252682e+08  1.711102e+08  2.441018e+03   6539424   1
       545   1.477944e+08  1.711533e+08  2.447440e+03   6551445   1
       546   1.733448e+08  1.711714e+08  2.453752e+03   6563466   1
       547   1.717144e+08  1.711764e+08  2.460052e+03   6575487   1
       548   2.905351e+08  1.711879e+08  2.466583e+03   6587508   1
       549   5.118995e+08  1.712119e+08  2.472992e+03   6599529   1
       550   1.881007e+08  1.712158e+08  2.479478e+03   6611550   1
       551   2.599513e+08  1.712337e+08  2.485948e+03   6623571   1
       552   2.609712e+08  1.712838e+08  2.492324e+03   6635592   1
       553   1.999529e+08  1.713115e+08  2.498683e+03   6647613   1
       554   2.308863e+08  1.713689e+08  2.505170e+03   6659634   1
       555   1.925518e+08  1.714819e+08  2.511563e+03   6671655   1
       556   3.001000e+08  1.715281e+08  2.517972e+03   6683676   1
       557   2.206541e+08  1.715595e+08  2.524364e+03   6695697   1
       558   7.338602e+08  1.716187e+08  2.530849e+03   6707718   1
       559   4.452072e+08  1.716276e+08  2.537317e+03   6719739   1
       560   2.314954e+08  1.716661e+08  2.543756e+03   6731760   1
       561   2.143464e+08  1.717374e+08  2.550163e+03   6743781   1
       562   2.658785e+08  1.717443e+08  2.556694e+03   6755802   1
       563   2.545217e+08  1.717508e+08  2.563165e+03   6767823   1
       564   2.393405e+08  1.717999e+08  2.569697e+03   6779844   1
       565   2.863639e+08  1.718470e+08  2.576246e+03   6791865   1
       566   1.383619e+08  1.718659e+08  2.582637e+03   6803886   1
       567   2.475939e+08  1.719177e+08  2.589231e+03   6815907   1
       568   2.863166e+08  1.719293e+08  2.595748e+03   6827928   1
       569   2.079595e+08  1.720072e+08  2.602217e+03   6839949   1
       570   3.639060e+08  1.720193e+08  2.608752e+03   6851970   1
       571   2.289589e+08  1.720283e+08  2.615299e+03   6863991   1
       572   1.920718e+08  1.720530e+08  2.621862e+03   6876012   1
       573   2.433037e+08  1.720734e+08  2.628441e+03   6888033   1
       574   2.256805e+08  1.720900e+08  2.634897e+03   6900054   1
       575   2.476100e+08  1.721729e+08  2.641507e+03   6912075   1
       576   5.225672e+08  1.722422e+08  2.648101e+03   6924096   1
       577   5.141478e+08  1.722733e+08  2.654663e+03   6936117   1
       578   1.452488e+08  1.723150e+08  2.661148e+03   6948138   1
       579   3.963015e+08  1.723344e+08  2.667835e+03   6960159   1
       580   1.174233e+08  1.723469e+08  2.674428e+03   6972180   1
       581   1.156169e+08  1.724075e+08  2.681007e+03   6984201   1
       582   3.020990e+08  1.725202e+08  2.687679e+03   6996222   1
       583   2.721435e+08  1.725249e+08  2.694258e+03   7008243   1
       584   3.200420e+08  1.725567e+08  2.700882e+03   7020264   1
       585   4.400547e+08  1.725570e+08  2.707508e+03   7032285   1
       586   1.966087e+08  1.725777e+08  2.714133e+03   7044306   1
       587   1.566471e+08  1.726186e+08  2.720820e+03   7056327   1
       588   5.253672e+08  1.726945e+08  2.727492e+03   7068348   1
       589   1.120827e+08  1.727370e+08  2.734132e+03   7080369   1
       590   4.095181e+08  1.727888e+08  2.740837e+03   7092390   1
       591   2.054523e+08  1.728174e+08  2.747477e+03   7104411   1
       592   1.429423e+08  1.728390e+08  2.754134e+03   7116432   1
       593   2.151703e+08  1.728994e+08  2.760822e+03   7128453   1
       594   2.233962e+08  1.729159e+08  2.767493e+03   7140474   1
       595   1.958474e+08  1.729573e+08  2.774259e+03   7152495   1
       596   1.265959e+08  1.729804e+08  2.781009e+03   7164516   1
       597   2.062213e+08  1.729877e+08  2.787637e+03   7176537   1
       598   2.397118e+08  1.730161e+08  2.794261e+03   7188558   1
       599   7.258722e+08  1.730245e+08  2.800949e+03   7200579   1
       600   1.935839e+08  1.730410e+08  2.807668e+03   7212600   1
       601   2.872534e+08  1.730519e+08  2.814373e+03   7224621   1
       602   6.087669e+08  1.730591e+08  2.821060e+03   7236642   1
       603   2.611296e+08  1.730936e+08  2.827748e+03   7248663   1
       604   1.855460e+08  1.731998e+08  2.834514e+03   7260684   1
       605   2.440876e+08  1.733223e+08  2.841123e+03   7272705   1
       606   2.028411e+08  1.733281e+08  2.847796e+03   7284726   1
       607   1.578617e+08  1.733710e+08  2.854545e+03   7296747   1
       608   4.246719e+08  1.734744e+08  2.861328e+03   7308768   1
       609   2.440040e+08  1.734999e+08  2.868062e+03   7320789   1
       610   2.857882e+08  1.735374e+08  2.874906e+03   7332810   1
       611   2.260095e+08  1.736153e+08  2.881656e+03   7344831   1
       612   2.466378e+08  1.736949e+08  2.888531e+03   7356852   1
       613   2.781848e+08  1.737520e+08  2.895281e+03   7368873   1
       614   2.854448e+08  1.737632e+08  2.902111e+03   7380894   1
       615   1.744759e+08  1.738194e+08  2.908893e+03   7392915   1
       616   1.680122e+08  1.738214e+08  2.915646e+03   7404936   1
       617   1.595757e+08  1.739008e+08  2.922427e+03   7416957   1
       618   3.007487e+08  1.739498e+08  2.929305e+03   7428978   1
       619   1.691707e+08  1.739683e+08  2.936072e+03   7440999   1
       620   1.937925e+08  1.740627e+08  2.942760e+03   7453020   1
       621   3.879787e+08  1.740703e+08  2.949512e+03   7465041   1
       622   3.622865e+08  1.741128e+08  2.956356e+03   7477062   1
       623   3.360072e+08  1.741634e+08  2.963262e+03   7489083   1
       624   2.025945e+08  1.741999e+08  2.970106e+03   7501104   1
       625   2.403409e+08  1.742533e+08  2.976919e+03   7513125   1
       626   1.383585e+08  1.742773e+08  2.983685e+03   7525146   1
       627   2.806706e+08  1.743906e+08  2.990606e+03   7537167   1
       628   2.284101e+08  1.744669e+08  2.997481e+03   7549188   1
       629   6.335245e+08  1.744731e+08  3.004343e+03   7561209   1
       630   2.113400e+08  1.745451e+08  3.011281e+03   7573230   1
       631   2.944984e+08  1.745490e+08  3.018096e+03   7585251   1
       632   3.253567e+08  1.745906e+08  3.025018e+03   7597272   1
       633   4.219636e+08  1.745920e+08  3.032053e+03   7609293   1
       634   2.943564e+08  1.746724e+08  3.039007e+03   7621314   1
       635   4.021936e+08  1.746736e+08  3.045980e+03   7633335   1
       636   2.365720e+08  1.746792e+08  3.052933e+03   7645356   1
       637   1.696841e+08  1.747368e+08  3.059855e+03   7657377   1
       638   2.547388e+08  1.747389e+08  3.066763e+03   7669398   1
       639   2.096891e+08  1.747890e+08  3.073700e+03   7681419   1
       640   2.829877e+08  1.748319e+08  3.080624e+03   7693440   1
       641   1.481659e+08  1.748532e+08  3.087640e+03   7705461   1
       642   1.901436e+08  1.748935e+08  3.094546e+03   7717482   1
       643   1.777348e+08  1.749493e+08  3.101467e+03   7729503   1
       644   2.430463e+08  1.749689e+08  3.108405e+03   7741524   1
       645   7.007022e+08  1.750207e+08  3.115326e+03   7753545   1
       646   4.058984e+08  1.750232e+08  3.122298e+03   7765566   1
       647   1.427715e+08  1.750510e+08  3.129282e+03   7777587   1
       648   1.111734e+08  1.751111e+08  3.136252e+03   7789608   1
       649   2.183639e+08  1.751342e+08  3.143206e+03   7801629   1
       650   1.673278e+08  1.751694e+08  3.150241e+03   7813650   1
       651   2.389211e+08  1.751808e+08  3.157257e+03   7825671   1
       652   1.855207e+08  1.752058e+08  3.164196e+03   7837692   1
       653   1.982632e+08  1.752261e+08  3.171212e+03   7849713   1
       654   3.399537e+08  1.753218e+08  3.178138e+03   7861734   1
       655   1.765912e+08  1.753915e+08  3.185201e+03   7873755   1
       656   1.451233e+08  1.754682e+08  3.192169e+03   7885776   1
       657   4.398727e+08  1.755369e+08  3.199247e+03   7897797   1
       658   1.619789e+08  1.756046e+08  3.206295e+03   7909818   1
       659   3.918209e+08  1.756760e+08  3.213311e+03   7921839   1
       660   4.390565e+08  1.757361e+08  3.220327e+03   7933860   1
       661   2.186330e+08  1.757621e+08  3.227468e+03   7945881   1
       662   2.110792e+08  1.758201e+08  3.234642e+03   7957902   1
       663   2.635038e+08  1.758588e+08  3.241739e+03   7969923   1
       664   4.188614e+08  1.758920e+08  3.248832e+03   7981944   1
       665   2.365578e+08  1.759118e+08  3.255989e+03   7993965   1
       666   3.961364e+08  1.759377e+08  3.263116e+03   8005986   1
       667   4.476452e+08  1.759674e+08  3.270319e+03   8018007   1
       668   1.686651e+08  1.760188e+08  3.277350e+03   8030028   1
       669   1.092574e+08  1.760444e+08  3.284491e+03   8042049   1
       670   2.067287e+08  1.760575e+08  3.291663e+03   8054070   1
       671   2.197908e+08  1.761129e+08  3.298820e+03   8066091   1
       672   1.326792e+08  1.761303e+08  3.305946e+03   8078112   1
       673   2.083197e+08  1.761602e+08  3.313152e+03   8090133   1
       674   2.746803e+08  1.761734e+08  3.320183e+03   8102154   1
       675   2.472881e+08  1.761961e+08  3.327295e+03   8114175   1
       676   6.515145e+08  1.762221e+08  3.334560e+03   8126196   1
       677   2.319864e+08  1.762337e+08  3.341687e+03   8138217   1
       678   6.008413e+08  1.762933e+08  3.348907e+03   8150238   1
       679   1.650230e+08  1.763316e+08  3.356224e+03   8162259   1
       680   3.292141e+08  1.763919e+08  3.363396e+03   8174280   1
       681   1.736229e+08  1.764926e+08  3.370537e+03   8186301   1
       682   2.822326e+08  1.765106e+08  3.377724e+03   8198322   1
       683   2.502235e+08  1.765135e+08  3.384865e+03   8210343   1
       684   2.060828e+08  1.765281e+08  3.392053e+03   8222364   1
       685   2.520550e+08  1.765594e+08  3.399323e+03   8234385   1
       686   3.930577e+08  1.765919e+08  3.406511e+03   8246406   1
       687   3.275064e+08  1.766301e+08  3.413750e+03   8258427   1
       688   2.096503e+08  1.766656e+08  3.420985e+03   8270448   1
       689   1.563243e+08  1.767011e+08  3.428255e+03   8282469   1
       690   3.208074e+08  1.767249e+08  3.435599e+03   8294490   1
       691   2.650709e+08  1.767637e+08  3.442852e+03   8306511   1
       692   1.507204e+08  1.767753e+08  3.450134e+03   8318532   1
       693   2.264902e+08  1.768058e+08  3.457496e+03   8330553   1
       694   1.317843e+08  1.768193e+08  3.464809e+03   8342574   1
       695   2.742494e+08  1.768429e+08  3.472062e+03   8354595   1
       696   1.510280e+08  1.768695e+08  3.479328e+03   8366616   1
       697   2.207787e+08  1.768860e+08  3.486750e+03   8378637   1
       698   3.454828e+08  1.769174e+08  3.494066e+03   8390658   1
       699   2.192715e+08  1.769322e+08  3.501414e+03   8402679   1
       700   3.142002e+08  1.769492e+08  3.508759e+03   8414700   1
       701   3.187552e+08  1.769799e+08  3.516029e+03   8426721   1
       702   2.473349e+08  1.770675e+08  3.523435e+03   8438742   1
       703   1.868936e+08  1.770912e+08  3.530904e+03   8450763   1
       704   3.853593e+08  1.771070e+08  3.538232e+03   8462784   1
       705   2.228018e+08  1.771622e+08  3.545643e+03   8474805   1
       706   1.622013e+08  1.771746e+08  3.553127e+03   8486826   1
       707   1.835939e+08  1.772001e+08  3.560487e+03   8498847   1
       708   1.665980e+08  1.772129e+08  3.567956e+03   8510868   1
       709   1.584471e+08  1.772341e+08  3.575442e+03   8522889   1
       710   4.908388e+08  1.772852e+08  3.582865e+03   8534910   1
       711   1.450575e+08  1.773233e+08  3.590226e+03   8546931   1
       712   2.103776e+08  1.773651e+08  3.597726e+03   8558952   1
       713   1.543702e+08  1.773777e+08  3.605102e+03   8570973   1
       714   5.005056e+08  1.773851e+08  3.612603e+03   8582994   1
       715   2.241280e+08  1.774246e+08  3.620138e+03   8595015   1
       716   4.232009e+08  1.774475e+08  3.627639e+03   8607036   1
       717   2.518520e+08  1.774567e+08  3.635065e+03   8619057   1
       718   1.366755e+08  1.774596e+08  3.642564e+03   8631078   1
       719   1.725664e+08  1.775260e+08  3.650129e+03   8643099   1
       720   3.219406e+08  1.775587e+08  3.657692e+03   8655120   1
       721   2.790323e+08  1.775862e+08  3.665241e+03   8667141   1
       722   2.038092e+08  1.776218e+08  3.672788e+03   8679162   1
       723   5.388039e+08  1.776383e+08  3.680210e+03   8691183   1
       724   4.481839e+08  1.776516e+08  3.687710e+03   8703204   1
       725   2.383059e+08  1.776850e+08  3.695322e+03   8715225   1
       726   2.924333e+08  1.776943e+08  3.702853e+03   8727246   1
       727   2.460052e+08  1.777055e+08  3.710354e+03   8739267   1
       728   2.843023e+08  1.777192e+08  3.717995e+03   8751288   1
       729   1.859835e+08  1.777275e+08  3.725526e+03   8763309   1
       730   1.339036e+08  1.777303e+08  3.733057e+03   8775330   1
       731   1.623585e+08  1.777624e+08  3.740714e+03   8787351   1
       732   2.808011e+08  1.777641e+08  3.748229e+03   8799372   1
       733   1.531083e+08  1.777845e+08  3.755761e+03   8811393   1
       734   2.925129e+08  1.778300e+08  3.763339e+03   8823414   1
       735   5.582796e+08  1.778351e+08  3.771026e+03   8835435   1
       736   2.029603e+08  1.778610e+08  3.778651e+03   8847456   1
       737   4.034379e+08  1.779020e+08  3.786229e+03   8859477   1
       738   2.159389e+08  1.779112e+08  3.793807e+03   8871498   1
       739   5.158294e+08  1.779391e+08  3.801450e+03   8883519   1
       740   4.649305e+08  1.779529e+08  3.809047e+03   8895540   1
       741   1.894784e+08  1.779934e+08  3.816813e+03   8907561   1
       742   3.841682e+08  1.780150e+08  3.824472e+03   8919582   1
       743   2.996272e+08  1.780548e+08  3.832206e+03   8931603   1
       744   4.246102e+08  1.780849e+08  3.839867e+03   8943624   1
       745   2.743798e+08  1.781117e+08  3.847509e+03   8955645   1
       746   2.105513e+08  1.781881e+08  3.855151e+03   8967666   1
       747   2.726010e+08  1.782663e+08  3.862807e+03   8979687   1
       748   1.724173e+08  1.782803e+08  3.870466e+03   8991708   1
       749   2.234711e+08  1.783244e+08  3.878060e+03   9003729   1
       750   1.479616e+08  1.783448e+08  3.885751e+03   9015750   1
       751   2.726799e+08  1.783668e+08  3.893485e+03   9027771   1
       752   6.334811e+08  1.784055e+08  3.901173e+03   9039792   1
       753   3.526737e+08  1.784438e+08  3.908938e+03   9051813   1
       754   2.771905e+08  1.784788e+08  3.916751e+03   9063834   1
       755   2.233436e+08  1.785085e+08  3.924376e+03   9075855   1
       756   1.770383e+08  1.785160e+08  3.932095e+03   9087876   1
       757   3.270532e+08  1.785336e+08  3.939830e+03   9099897   1
       758   1.971215e+08  1.785376e+08  3.947564e+03   9111918   1
       759   2.047330e+08  1.785528e+08  3.955376e+03   9123939   1
       760   5.827568e+08  1.785637e+08  3.963142e+03   9135960   1
       761   2.134213e+08  1.786128e+08  3.970986e+03   9147981   1
       762   2.388040e+08  1.786274e+08  3.978846e+03   9160002   1
       763   2.307429e+08  1.786834e+08  3.986692e+03   9172023   1
       764   2.368134e+08  1.786919e+08  3.994412e+03   9184044   1
       765   1.468669e+08  1.787471e+08  4.002209e+03   9196065   1
       766   1.304228e+08  1.788149e+08  4.009990e+03   9208086   1
       767   3.206575e+08  1.788512e+08  4.017835e+03   9220107   1
       768   2.637072e+08  1.788845e+08  4.025694e+03   9232128   1
       769   1.960729e+08  1.789278e+08  4.033397e+03   9244149   1
       770   1.665286e+08  1.789601e+08  4.041131e+03   9256170   1
       771   3.790149e+08  1.789875e+08  4.049053e+03   9268191   1
       772   2.961996e+08  1.790067e+08  4.056927e+03   9280212   1
       773   2.805085e+08  1.790339e+08  4.064740e+03   9292233   1
       774   2.728919e+08  1.790548e+08  4.072615e+03   9304254   1
       775   3.302419e+08  1.790980e+08  4.080506e+03   9316275   1
       776   4.448299e+08  1.791383e+08  4.088307e+03   9328296   1
       777   6.573052e+08  1.791780e+08  4.096181e+03   9340317   1
       778   2.801689e+08  1.791805e+08  4.103980e+03   9352338   1
       779   2.201841e+08  1.792122e+08  4.111824e+03   9364359   1
       780   1.742247e+08  1.792149e+08  4.119798e+03   9376380   1
       781   1.573764e+08  1.792554e+08  4.127720e+03   9388401   1
       782   1.959766e+08  1.792936e+08  4.135725e+03   9400422   1
       783   3.513614e+08  1.793098e+08  4.143709e+03   9412443   1
       784   2.940658e+08  1.793138e+08  4.151521e+03   9424464   1
       785   2.422714e+08  1.793323e+08  4.159412e+03   9436485   1
       786   1.482660e+08  1.793355e+08  4.167479e+03   9448506   1
       787   3.828250e+08  1.793731e+08  4.175400e+03   9460527   1
       788   5.507235e+08  1.793747e+08  4.183291e+03   9472548   1
       789   2.971487e+08  1.793920e+08  4.191295e+03   9484569   1
       790   5.529074e+08  1.794376e+08  4.199202e+03   9496590   1
       791   2.156290e+08  1.794513e+08  4.207125e+03   9508611   1
       792   2.221646e+08  1.794750e+08  4.215124e+03   9520632   1
       793   3.040732e+08  1.794865e+08  4.223034e+03   9532653   1
       794   1.547634e+08  1.795064e+08  4.231112e+03   9544674   1
       795   3.301232e+08  1.795265e+08  4.239144e+03   9556695   1
       796   1.688294e+08  1.795523e+08  4.247256e+03   9568716   1
       797   2.458796e+08  1.795644e+08  4.255225e+03   9580737   1
       798   3.824833e+08  1.795911e+08  4.263131e+03   9592758   1
       799   6.401216e+08  1.796041e+08  4.271242e+03   9604779   1
       800   2.747048e+08  1.796497e+08  4.279352e+03   9616800   1
       801   2.906324e+08  1.796563e+08  4.287352e+03   9628821   1
       802   2.715929e+08  1.796760e+08  4.295355e+03   9640842   1
       803   3.145901e+08  1.796937e+08  4.303573e+03   9652863   1
       804   3.450293e+08  1.797013e+08  4.311686e+03   9664884   1
       805   2.805690e+08  1.797225e+08  4.319826e+03   9676905   1
       806   2.260251e+08  1.797391e+08  4.327937e+03   9688926   1
       807   2.378288e+08  1.798069e+08  4.335983e+03   9700947   1
       808   2.274603e+08  1.798622e+08  4.344155e+03   9712968   1
       809   2.209938e+08  1.798904e+08  4.352299e+03   9724989   1
       810   2.259596e+08  1.798994e+08  4.360566e+03   9737010   1
       811   1.863631e+08  1.799290e+08  4.368803e+03   9749031   1
       812   3.119315e+08  1.799426e+08  4.377178e+03   9761052   1
       813   1.592579e+08  1.799914e+08  4.385428e+03   9773073   1
       814   2.476884e+08  1.800382e+08  4.393787e+03   9785094   1
       815   3.360684e+08  1.800543e+08  4.402116e+03   9797115   1
       816   1.338567e+08  1.800648e+08  4.410428e+03   9809136   1
       817   1.192807e+08  1.800941e+08  4.418788e+03   9821157   1
       818   1.449283e+08  1.801200e+08  4.427012e+03   9833178   1
       819   6.724746e+08  1.801484e+08  4.435230e+03   9845199   1
       820   1.875189e+08  1.801627e+08  4.443528e+03   9857220   1
       821   3.993279e+08  1.802128e+08  4.451825e+03   9869241   1
       822   1.368835e+08  1.802235e+08  4.460075e+03   9881262   1
       823   1.233195e+08  1.802521e+08  4.468466e+03   9893283   1
       824   3.808974e+08  1.802739e+08  4.476826e+03   9905304   1
       825   1.665261e+08  1.802901e+08  4.485174e+03   9917325   1
       826   7.796240e+08  1.803543e+08  4.493533e+03   9929346   1
       827   1.857438e+08  1.803848e+08  4.501911e+03   9941367   1
       828   2.833543e+08  1.803972e+08  4.510317e+03   9953388   1
       829   1.897363e+08  1.804488e+08  4.518662e+03   9965409   1
       830   2.716179e+08  1.804532e+08  4.526993e+03   9977430   1
       831   2.381797e+08  1.805106e+08  4.535416e+03   9989451   1
       832   4.163440e+08  1.805113e+08  4.543733e+03  10001472   1
       833   2.333947e+08  1.805297e+08  4.552139e+03  10013493   1
       834   3.141856e+08  1.805440e+08  4.560546e+03  10025514   1
       835   1.392798e+08  1.805506e+08  4.568921e+03  10037535   1
       836   1.986868e+08  1.806048e+08  4.577483e+03  10049556   1
       837   1.339702e+08  1.806142e+08  4.585952e+03  10061577   1
       838   1.620189e+08  1.806977e+08  4.594422e+03  10073598   1
       839   2.870458e+08  1.807042e+08  4.602782e+03  10085619   1
       840   2.415067e+08  1.807772e+08  4.611253e+03  10097640   1
       841   2.265027e+08  1.807783e+08  4.619708e+03  10109661   1
       842   2.891534e+08  1.808142e+08  4.628208e+03  10121682   1
       843   2.076243e+08  1.808320e+08  4.636771e+03  10133703   1
       844   6.211224e+08  1.808758e+08  4.645256e+03  10145724   1
       845   3.614719e+08  1.808800e+08  4.653662e+03  10157745   1
       846   2.398739e+08  1.809047e+08  4.662166e+03  10169766   1
       847   6.585920e+08  1.809435e+08  4.670635e+03  10181787   1
       848   3.250765e+08  1.809664e+08  4.679183e+03  10193808   1
       849   1.643488e+08  1.810133e+08  4.687667e+03  10205829   1
       850   1.866455e+08  1.810176e+08  4.696152e+03  10217850   1
       851   2.101723e+08  1.810598e+08  4.704701e+03  10229871   1
       852   1.871158e+08  1.810650e+08  4.713171e+03  10241892   1
       853   1.605194e+08  1.811188e+08  4.721640e+03  10253913   1
       854   3.929188e+08  1.811238e+08  4.730249e+03  10265934   1
       855   1.797025e+08  1.811808e+08  4.738781e+03  10277955   1
       856   2.430418e+08  1.811927e+08  4.747249e+03  10289976   1
       857   1.568776e+08  1.812693e+08  4.755874e+03  10301997   1
       858   3.342508e+08  1.812743e+08  4.764471e+03  10314018   1
       859   1.938337e+08  1.813402e+08  4.773160e+03  10326039   1
       860   1.714186e+08  1.813588e+08  4.781786e+03  10338060   1
       861   1.585285e+08  1.813983e+08  4.790395e+03  10350081   1
       862   2.269597e+08  1.814531e+08  4.799020e+03  10362102   1
       863   1.698402e+08  1.814811e+08  4.807646e+03  10374123   1
       864   1.379604e+08  1.815131e+08  4.816240e+03  10386144   1
       865   3.387452e+08  1.815180e+08  4.824821e+03  10398165   1
       866   4.074651e+08  1.815255e+08  4.833571e+03  10410186   1
       867   2.002931e+08  1.815306e+08  4.842102e+03  10422207   1
       868   1.916052e+08  1.815438e+08  4.850743e+03  10434228   1
       869   2.390057e+08  1.815529e+08  4.859415e+03  10446249   1
       870   4.633575e+08  1.815694e+08  4.868103e+03  10458270   1
       871   2.423510e+08  1.815727e+08  4.876853e+03  10470291   1
       872   3.002818e+08  1.816026e+08  4.885589e+03  10482312   1
       873   3.271636e+08  1.816224e+08  4.894355e+03  10494333   1
       874   1.528076e+08  1.816246e+08  4.903152e+03  10506354   1
       875   2.692856e+08  1.816471e+08  4.911923e+03  10518375   1
       876   2.640674e+08  1.816580e+08  4.920611e+03  10530396   1
       877   1.939932e+08  1.816874e+08  4.929408e+03  10542417   1
       878   1.818376e+08  1.817102e+08  4.938080e+03  10554438   1
       879   3.746133e+08  1.817250e+08  4.946862e+03  10566459   1
       880   2.150779e+08  1.817354e+08  4.955599e+03  10578480   1
       881   2.200570e+08  1.817504e+08  4.964350e+03  10590501   1
       882   5.159105e+08  1.817560e+08  4.973070e+03  10602522   1
       883   5.888515e+08  1.817791e+08  4.981726e+03  10614543   1
       884   4.572801e+08  1.818002e+08  4.990507e+03  10626564   1
       885   4.716080e+08  1.818113e+08  4.999352e+03  10638585   1
       886   2.645253e+08  1.818204e+08  5.008135e+03  10650606   1
       887   5.818594e+08  1.818278e+08  5.016932e+03  10662627   1
       888   1.253865e+08  1.818485e+08  5.025635e+03  10674648   1
       889   1.894175e+08  1.818698e+08  5.034405e+03  10686669   1
       890   5.430376e+08  1.818846e+08  5.043192e+03  10698690   1
       891   2.277515e+08  1.819078e+08  5.051989e+03  10710711   1
       892   1.586094e+08  1.819356e+08  5.060958e+03  10722732   1
       893   1.411592e+08  1.819389e+08  5.069817e+03  10734753   1
       894   1.282642e+08  1.819581e+08  5.078677e+03  10746774   1
       895   5.657123e+08  1.819675e+08  5.087476e+03  10758795   1
       896   6.385197e+08  1.819882e+08  5.096179e+03  10770816   1
       897   1.233654e+08  1.819910e+08  5.105056e+03  10782837   1
       898   1.933914e+08  1.820192e+08  5.113947e+03  10794858   1
       899   2.982159e+08  1.820309e+08  5.122869e+03  10806879   1
       900   3.223586e+08  1.820649e+08  5.131777e+03  10818900   1
       901   1.859029e+08  1.820908e+08  5.140761e+03  10830921   1
       902   1.922483e+08  1.821123e+08  5.149747e+03  10842942   1
       903   2.222195e+08  1.821144e+08  5.158747e+03  10854963   1
       904   2.129704e+08  1.821257e+08  5.167812e+03  10866984   1
       905   1.344491e+08  1.821548e+08  5.176859e+03  10879005   1
       906   3.323413e+08  1.821852e+08  5.185987e+03  10891026   1
       907   1.621182e+08  1.821886e+08  5.194956e+03  10903047   1
       908   1.791208e+08  1.822157e+08  5.204098e+03  10915068   1
       909   2.727002e+08  1.822190e+08  5.213133e+03  10927089   1
       910   2.179917e+08  1.822448e+08  5.222339e+03  10939110   1
       911   3.196653e+08  1.822469e+08  5.231371e+03  10951131   1
       912   3.477133e+08  1.822989e+08  5.240402e+03  10963152   1
       913   3.033472e+08  1.823082e+08  5.249481e+03  10975173   1
       914   2.815788e+08  1.823379e+08  5.258622e+03  10987194   1
       915   2.150961e+08  1.823712e+08  5.267607e+03  10999215   1
       916   1.383916e+08  1.824509e+08  5.276686e+03  11011236   1
       917   2.321991e+08  1.824568e+08  5.285811e+03  11023257   1
       918   2.268335e+08  1.825054e+08  5.294828e+03  11035278   1
       919   1.997347e+08  1.825195e+08  5.304127e+03  11047299   1
       920   3.069186e+08  1.825604e+08  5.313128e+03  11059320   1
       921   2.049053e+08  1.825993e+08  5.322222e+03  11071341   1
       922   1.457461e+08  1.826322e+08  5.331381e+03  11083362   1
       923   1.285075e+08  1.826382e+08  5.340681e+03  11095383   1
       924   2.163799e+08  1.826677e+08  5.349822e+03  11107404   1
       925   2.102854e+08  1.826889e+08  5.359184e+03  11119425   1
       926   2.127709e+08  1.827292e+08  5.368452e+03  11131446   1
       927   2.736423e+08  1.827501e+08  5.377561e+03  11143467   1
       928   2.045234e+08  1.827923e+08  5.386656e+03  11155488   1
       929   1.338824e+08  1.828023e+08  5.395865e+03  11167509   1
       930   1.495996e+08  1.829153e+08  5.405084e+03  11179530   1
       931   2.448735e+08  1.829355e+08  5.414259e+03  11191551   1
       932   2.226694e+08  1.829667e+08  5.423446e+03  11203572   1
       933   1.101752e+08  1.829935e+08  5.432463e+03  11215593   1
       934   3.774764e+08  1.830198e+08  5.441651e+03  11227614   1
       935   2.629473e+08  1.830508e+08  5.450841e+03  11239635   1
       936   1.589046e+08  1.830580e+08  5.459982e+03  11251656   1
       937   2.464509e+08  1.830997e+08  5.469201e+03  11263677   1
       938   5.777050e+08  1.831289e+08  5.478373e+03  11275698   1
       939   3.916070e+08  1.831324e+08  5.487674e+03  11287719   1
       940   3.090059e+08  1.831660e+08  5.496877e+03  11299740   1
       941   1.548198e+08  1.832376e+08  5.506252e+03  11311761   1
       942   2.435730e+08  1.832692e+08  5.515519e+03  11323782   1
       943   1.566779e+08  1.832800e+08  5.524612e+03  11335803   1
       944   2.554553e+08  1.832977e+08  5.533816e+03  11347824   1
       945   3.203418e+08  1.833040e+08  5.543051e+03  11359845   1
       946   1.775026e+08  1.833173e+08  5.552316e+03  11371866   1
       947   2.342641e+08  1.833424e+08  5.561628e+03  11383887   1
       948   1.671059e+08  1.833700e+08  5.570800e+03  11395908   1
       949   2.715022e+08  1.833887e+08  5.580020e+03  11407929   1
       950   1.339179e+08  1.833951e+08  5.589348e+03  11419950   1
       951   1.872896e+08  1.834090e+08  5.598599e+03  11431971   1
       952   1.569519e+08  1.834114e+08  5.607913e+03  11443992   1
       953   2.068063e+08  1.834238e+08  5.617182e+03  11456013   1
       954   2.330051e+08  1.834462e+08  5.626557e+03  11468034   1
       955   3.024003e+08  1.834543e+08  5.635979e+03  11480055   1
       956   2.413500e+08  1.834710e+08  5.645281e+03  11492076   1
       957   2.923098e+08  1.834977e+08  5.654734e+03  11504097   1
       958   2.452454e+08  1.835258e+08  5.664016e+03  11516118   1
       959   3.958484e+08  1.835407e+08  5.673328e+03  11528139   1
       960   7.537704e+08  1.835527e+08  5.682500e+03  11540160   1
       961   1.506085e+08  1.835689e+08  5.691940e+03  11552181   1
       962   1.276841e+08  1.835918e+08  5.701378e+03  11564202   1
       963   1.991649e+08  1.836024e+08  5.710753e+03  11576223   1
       964   3.899946e+08  1.836530e+08  5.720133e+03  11588244   1
       965   1.626987e+08  1.836757e+08  5.729664e+03  11600265   1
       966   1.599271e+08  1.836858e+08  5.739180e+03  11612286   1
       967   1.639072e+08  1.836900e+08  5.748650e+03  11624307   1
       968   1.350668e+08  1.836989e+08  5.758009e+03  11636328   1
       969   3.952636e+08  1.837075e+08  5.767416e+03  11648349   1
       970   2.152902e+08  1.837308e+08  5.776825e+03  11660370   1
       971   2.858529e+08  1.837439e+08  5.786295e+03  11672391   1
       972   3.484979e+08  1.837561e+08  5.795779e+03  11684412   1
       973   2.707599e+08  1.837716e+08  5.805294e+03  11696433   1
       974   2.241840e+08  1.837860e+08  5.814748e+03  11708454   1
       975   3.499019e+08  1.838018e+08  5.824232e+03  11720475   1
       976   2.265834e+08  1.838126e+08  5.833747e+03  11732496   1
       977   3.713129e+08  1.838396e+08  5.843170e+03  11744517   1
       978   1.904178e+08  1.838771e+08  5.852827e+03  11756538   1
       979   2.402469e+08  1.839044e+08  5.862373e+03  11768559   1
       980   1.832982e+08  1.839498e+08  5.871874e+03  11780580   1
       981   1.685612e+08  1.839880e+08  5.881359e+03  11792601   1
       982   2.707259e+08  1.839928e+08  5.890970e+03  11804622   1
       983   3.251846e+08  1.840430e+08  5.900471e+03  11816643   1
       984   9.172190e+07  1.840455e+08  5.910195e+03  11828664   1
       985   4.892566e+08  1.840958e+08  5.919741e+03  11840685   1
       986   2.061330e+08  1.841545e+08  5.929523e+03  11852706   1
       987   3.032968e+08  1.841746e+08  5.939216e+03  11864727   1
       988   1.267957e+08  1.841884e+08  5.948687e+03  11876748   1
       989   5.015203e+08  1.842251e+08  5.958376e+03  11888769   1
       990   2.035162e+08  1.842471e+08  5.968033e+03  11900790   1
       991   3.268309e+08  1.842634e+08  5.977612e+03  11912811   1
       992   3.045576e+08  1.842908e+08  5.987207e+03  11924832   1
       993   2.348641e+08  1.843282e+08  5.996974e+03  11936853   1
       994   2.602743e+08  1.843578e+08  6.006802e+03  11948874   1
       995   2.667720e+08  1.843954e+08  6.016474e+03  11960895   1
       996   3.836492e+08  1.844095e+08  6.026135e+03  11972916   1
       997   3.807809e+08  1.844343e+08  6.035822e+03  11984937   1
       998   2.155883e+08  1.845128e+08  6.045572e+03  11996958   1
       999   5.563665e+08  1.845414e+08  6.055322e+03  12008979   1
      1000   2.953894e+08  1.845605e+08  6.065183e+03  12021000   1
      1001   1.430984e+08  1.846055e+08  6.075027e+03  12033021   1
      1002   2.316720e+08  1.846686e+08  6.084764e+03  12045042   1
      1003   3.630734e+08  1.846877e+08  6.094546e+03  12057063   1
      1004   3.359987e+08  1.847012e+08  6.104265e+03  12069084   1
      1005   4.193794e+08  1.847168e+08  6.113938e+03  12081105   1
      1006   2.328021e+08  1.847259e+08  6.123813e+03  12093126   1
      1007   2.669115e+08  1.847412e+08  6.133579e+03  12105147   1
      1008   1.822538e+08  1.847759e+08  6.143335e+03  12117168   1
      1009   4.179153e+08  1.847849e+08  6.153148e+03  12129189   1
      1010   3.142171e+08  1.848035e+08  6.162869e+03  12141210   1
      1011   7.883740e+08  1.848203e+08  6.172697e+03  12153231   1
      1012   2.239378e+08  1.848601e+08  6.182667e+03  12165252   1
      1013   1.797488e+08  1.848683e+08  6.192480e+03  12177273   1
      1014   2.208402e+08  1.848777e+08  6.202482e+03  12189294   1
      1015   5.599594e+08  1.849286e+08  6.212436e+03  12201315   1
      1016   2.543314e+08  1.849403e+08  6.222233e+03  12213336   1
      1017   3.004601e+08  1.849668e+08  6.232141e+03  12225357   1
      1018   1.863194e+08  1.849783e+08  6.242110e+03  12237378   1
      1019   3.824456e+08  1.849975e+08  6.251940e+03  12249399   1
      1020   1.203752e+08  1.850005e+08  6.262069e+03  12261420   1
      1021   1.870614e+08  1.850357e+08  6.271881e+03  12273441   1
      1022   2.156625e+08  1.850589e+08  6.281912e+03  12285462   1
      1023   1.607940e+08  1.850590e+08  6.292085e+03  12297483   1
      1024   1.481753e+08  1.850735e+08  6.302022e+03  12309504   1
      1025   3.934120e+08  1.851203e+08  6.311931e+03  12321525   1
      1026   4.028092e+08  1.851398e+08  6.321887e+03  12333546   1
      1027   2.790027e+08  1.851544e+08  6.331777e+03  12345567   1
      1028   2.787543e+08  1.851674e+08  6.341731e+03  12357588   1
      1029   5.534005e+08  1.851719e+08  6.351701e+03  12369609   1
      1030   1.470308e+08  1.851791e+08  6.361670e+03  12381630   1
      1031   1.649765e+08  1.852160e+08  6.371578e+03  12393651   1
      1032   1.653248e+08  1.852445e+08  6.381486e+03  12405672   1
      1033   2.300556e+08  1.852704e+08  6.391569e+03  12417693   1
      1034   2.566051e+08  1.852972e+08  6.401679e+03  12429714   1
      1035   1.630396e+08  1.853047e+08  6.411789e+03  12441735   1
      1036   3.054315e+08  1.854049e+08  6.421914e+03  12453756   1
      1037   2.679675e+08  1.854313e+08  6.432072e+03  12465777   1
      1038   2.847002e+08  1.854473e+08  6.442230e+03  12477798   1
      1039   2.964679e+08  1.854811e+08  6.452324e+03  12489819   1
      1040   2.100243e+08  1.855062e+08  6.462419e+03  12501840   1
      1041   4.136704e+08  1.855415e+08  6.472592e+03  12513861   1
      1042   1.715138e+08  1.855454e+08  6.482550e+03  12525882   1
      1043   2.358369e+08  1.855886e+08  6.492706e+03  12537903   1
      1044   1.603566e+08  1.856520e+08  6.502864e+03  12549924   1
      1045   3.828596e+08  1.856795e+08  6.513057e+03  12561945   1
      1046   2.316873e+08  1.857031e+08  6.523353e+03  12573966   1
      1047   1.741218e+08  1.857400e+08  6.533354e+03  12585987   1
      1048   1.996268e+08  1.857411e+08  6.543543e+03  12598008   1
      1049   2.160952e+08  1.857858e+08  6.553777e+03  12610029   1
      1050   1.062403e+08  1.858186e+08  6.563950e+03  12622050   1
      1051   5.730735e+08  1.858479e+08  6.574184e+03  12634071   1
      1052   2.022310e+08  1.858794e+08  6.584421e+03  12646092   1
      1053   2.358197e+08  1.858910e+08  6.594592e+03  12658113   1
      1054   2.475316e+08  1.859170e+08  6.604811e+03  12670134   1
      1055   9.495206e+07  1.859466e+08  6.614906e+03  12682155   1
      1056   3.050800e+08  1.860037e+08  6.625140e+03  12694176   1
      1057   3.775251e+08  1.860044e+08  6.635391e+03  12706197   1
      1058   1.666460e+08  1.860583e+08  6.645769e+03  12718218   1
      1059   2.065126e+08  1.860590e+08  6.656050e+03  12730239   1
      1060   2.211721e+08  1.860677e+08  6.666409e+03  12742260   1
      1061   4.571831e+08  1.861032e+08  6.676847e+03  12754281   1
      1062   2.320006e+08  1.861044e+08  6.687192e+03  12766302   1
      1063   3.846698e+08  1.861626e+08  6.697661e+03  12778323   1
      1064   2.424510e+08  1.862045e+08  6.707974e+03  12790344   1
      1065   2.744635e+08  1.862073e+08  6.718352e+03  12802365   1
      1066   1.377636e+08  1.862703e+08  6.728711e+03  12814386   1
      1067   2.467203e+08  1.862973e+08  6.739243e+03  12826407   1
      1068   1.804383e+08  1.863097e+08  6.749602e+03  12838428   1
      1069   1.441124e+08  1.863514e+08  6.760229e+03  12850449   1
      1070   1.476699e+08  1.863772e+08  6.770495e+03  12862470   1
      1071   2.197671e+08  1.863812e+08  6.781012e+03  12874491   1
      1072   1.913238e+08  1.864127e+08  6.791388e+03  12886512   1
      1073   4.203291e+08  1.864227e+08  6.802014e+03  12898533   1
      1074   2.272858e+08  1.864523e+08  6.812608e+03  12910554   1
      1075   4.665421e+08  1.864664e+08  6.822998e+03  12922575   1
      1076   1.652615e+08  1.865198e+08  6.833516e+03  12934596   1
      1077   2.867301e+08  1.865274e+08  6.844000e+03  12946617   1
      1078   1.711535e+08  1.865605e+08  6.854595e+03  12958638   1
      1079   1.944016e+08  1.865757e+08  6.865145e+03  12970659   1
      1080   3.423938e+08  1.865970e+08  6.875707e+03  12982680   1
      1081   2.031857e+08  1.866621e+08  6.886380e+03  12994701   1
      1082   2.016245e+08  1.866828e+08  6.896942e+03  13006722   1
      1083   1.751011e+08  1.867031e+08  6.907459e+03  13018743   1
      1084   1.766442e+08  1.867152e+08  6.917944e+03  13030764   1
      1085   2.512414e+08  1.867224e+08  6.928475e+03  13042785   1
      1086   2.201569e+08  1.867307e+08  6.938948e+03  13054806   1
      1087   2.027551e+08  1.867432e+08  6.949604e+03  13066827   1
      1088   2.045676e+08  1.867907e+08  6.960369e+03  13078848   1
      1089   2.713575e+08  1.867953e+08  6.970902e+03  13090869   1
      1090   1.853007e+08  1.868055e+08  6.981419e+03  13102890   1
      1091   3.097092e+08  1.868173e+08  6.991887e+03  13114911   1
      1092   1.293319e+08  1.868196e+08  7.002512e+03  13126932   1
      1093   2.200644e+08  1.868587e+08  7.013218e+03  13138953   1
      1094   3.443840e+08  1.868664e+08  7.023719e+03  13150974   1
      1095   1.281115e+08  1.869243e+08  7.034376e+03  13162995   1
      1096   1.599051e+08  1.869490e+08  7.045221e+03  13175016   1
      1097   2.519394e+08  1.869963e+08  7.055987e+03  13187037   1
      1098   1.970861e+08  1.870122e+08  7.066830e+03  13199058   1
      1099   1.754364e+08  1.870734e+08  7.077612e+03  13211079   1
      1100   1.273678e+08  1.871089e+08  7.088301e+03  13223100   1
      1101   6.240610e+08  1.871234e+08  7.098897e+03  13235121   1
      1102   1.785424e+08  1.871275e+08  7.109632e+03  13247142   1
      1103   1.537674e+08  1.871541e+08  7.120539e+03  13259163   1
      1104   2.063056e+08  1.871658e+08  7.131337e+03  13271184   1
      1105   3.875599e+08  1.871806e+08  7.142140e+03  13283205   1
      1106   2.226289e+08  1.871912e+08  7.152956e+03  13295226   1
      1107   1.229148e+08  1.872175e+08  7.163658e+03  13307247   1
      1108   2.138651e+08  1.872316e+08  7.174472e+03  13319268   1
      1109   6.820667e+08  1.872629e+08  7.185175e+03  13331289   1
      1110   3.082580e+08  1.872982e+08  7.196003e+03  13343310   1
      1111   2.807615e+08  1.873126e+08  7.206878e+03  13355331   1
-------------------------------------------------------------------
status         : time_limit
total time (s) : 7.206878e+03
total solves   : 13355331
best bound     :  1.873126e+08
simulation ci  :  2.956195e+08  9.950454e+06
numeric issues : 0
-------------------------------------------------------------------

 
                                        Time                    Allocations      
                                  
       Tot / % measured:            2.00h / 100.0%            491GiB / 100.0%    

 Section               ncalls     time    %tot     avg     alloc    %tot      avg
 
 backward_pass          1.11k    1.98h   98.7%   6.40s    486GiB   98.9%   447MiB
   solve_subproblem     13.2M    1.97h   98.3%   536s    477GiB   97.2%  37.9KiB
     get_dual_solution  13.2M     109s    1.5%  8.27s   29.9GiB    6.1%  2.38KiB
   prepare_backward...  2.22k   10.4ms    0.0%  4.68s   2.27MiB    0.0%  1.05KiB
 forward_pass           1.11k    90.9s    1.3%  81.8ms   5.51GiB    1.1%  5.08MiB
   solve_subproblem      133k    89.2s    1.2%   669s   5.04GiB    1.0%  39.7KiB
     get_dual_solution   133k    286ms    0.0%  2.15s   71.2MiB    0.0%     560B
   sample_scenario      1.11k    1.13s    0.0%  1.02ms    319MiB    0.1%   294KiB
 calculate_bound        1.11k    614ms    0.0%   553s   46.8MiB    0.0%  43.1KiB
   get_dual_solution    1.11k   1.61ms    0.0%  1.45s    608KiB    0.0%     560B
 


||||||||||||||||||||||||||||||||||||||||||||||||||||||||||||||||||||||||||||||||||||||||||||||||||||||||||||||||||||||||||||||||||||||||
SIMULATION RESULTS
LogLinearSDDP.Simulation(SDDP.InSampleMonteCarlo(0, false, true, SDDP.var"#155#158"{SDDP.var"#156#159"}(SDDP.var"#156#159"(), Core.Box(2000)), nothing), 2000, 11111)
fitted_model
Lower bound: 1.8731263040431732e8
Statistical upper bound (confidence interval): 2.6368240166398758e8  5.293702242759325e6
Pessimistic upper bound: 2.689761039067469e8

||||||||||||||||||||||||||||||||||||||||||||||||||||||||||||||||||||||||||||||||||||||||||||||||||||||||||||||||||||||||||||||||||||||||
SIMULATION RESULTS
LogLinearSDDP.Simulation(SDDP.InSampleMonteCarlo(0, false, true, SDDP.var"#155#158"{SDDP.var"#156#159"}(SDDP.var"#156#159"(), Core.Box(2000)), nothing), 2000, 11111)
fitted_model
Lower bound: 1.8731263040431732e8
Statistical upper bound (confidence interval): 1.686459641937147e8  4.3385766629800135e6
Pessimistic upper bound: 1.7298454085669473e8

||||||||||||||||||||||||||||||||||||||||||||||||||||||||||||||||||||||||||||||||||||||||||||||||||||||||||||||||||||||||||||||||||||||||
SIMULATION RESULTS
LogLinearSDDP.Simulation(SDDP.InSampleMonteCarlo(0, false, true, SDDP.var"#155#158"{SDDP.var"#156#159"}(SDDP.var"#156#159"(), Core.Box(2000)), nothing), 2000, 11111)
fitted_model
Lower bound: 1.8731263040431732e8
Statistical upper bound (confidence interval): 2.591424972008263e8  4.965558171703855e6
Pessimistic upper bound: 2.6410805537253013e8

||||||||||||||||||||||||||||||||||||||||||||||||||||||||||||||||||||||||||||||||||||||||||||||||||||||||||||||||||||||||||||||||||||||||
SIMULATION RESULTS
LogLinearSDDP.Simulation(SDDP.InSampleMonteCarlo(0, false, true, SDDP.var"#155#158"{SDDP.var"#156#159"}(SDDP.var"#156#159"(), Core.Box(2000)), nothing), 2000, 11111)
fitted_model
Lower bound: 1.8731263040431732e8
Statistical upper bound (confidence interval): 1.63930662418857e8  3.89483977870335e6
Pessimistic upper bound: 1.6782550219756037e8

||||||||||||||||||||||||||||||||||||||||||||||||||||||||||||||||||||||||||||||||||||||||||||||||||||||||||||||||||||||||||||||||||||||||
SIMULATION RESULTS
LogLinearSDDP.Simulation(SDDP.InSampleMonteCarlo(0, false, true, SDDP.var"#155#158"{SDDP.var"#156#159"}(SDDP.var"#156#159"(), Core.Box(2000)), nothing), 2000, 11111)
shapiro_model
Lower bound: 1.8731263040431732e8
Statistical upper bound (confidence interval): 2.7306550507582444e8  5.664376733802991e6
Pessimistic upper bound: 2.787298818096274e8

||||||||||||||||||||||||||||||||||||||||||||||||||||||||||||||||||||||||||||||||||||||||||||||||||||||||||||||||||||||||||||||||||||||||
SIMULATION RESULTS
LogLinearSDDP.Simulation(SDDP.InSampleMonteCarlo(0, false, true, SDDP.var"#155#158"{SDDP.var"#156#159"}(SDDP.var"#156#159"(), Core.Box(2000)), nothing), 2000, 11111)
shapiro_model
Lower bound: 1.8731263040431732e8
Statistical upper bound (confidence interval): 1.7226037105830348e8  4.47731873486601e6
Pessimistic upper bound: 1.767376897931695e8

||||||||||||||||||||||||||||||||||||||||||||||||||||||||||||||||||||||||||||||||||||||||||||||||||||||||||||||||||||||||||||||||||||||||
SIMULATION RESULTS
LogLinearSDDP.Simulation(SDDP.InSampleMonteCarlo(0, false, true, SDDP.var"#155#158"{SDDP.var"#156#159"}(SDDP.var"#156#159"(), Core.Box(2000)), nothing), 2000, 11111)
custom_model
Lower bound: 1.8731263040431732e8
Statistical upper bound (confidence interval): 3.674029726386536e8  7.896798917728644e6
Pessimistic upper bound: 3.7529977155638224e8

||||||||||||||||||||||||||||||||||||||||||||||||||||||||||||||||||||||||||||||||||||||||||||||||||||||||||||||||||||||||||||||||||||||||
SIMULATION RESULTS
LogLinearSDDP.Simulation(SDDP.InSampleMonteCarlo(0, false, true, SDDP.var"#155#158"{SDDP.var"#156#159"}(SDDP.var"#156#159"(), Core.Box(2000)), nothing), 2000, 11111)
custom_model
Lower bound: 1.8731263040431732e8
Statistical upper bound (confidence interval): 2.1979741164602783e8  6.062163286149364e6
Pessimistic upper bound: 2.258595749321772e8

||||||||||||||||||||||||||||||||||||||||||||||||||||||||||||||||||||||||||||||||||||||||||||||||||||||||||||||||||||||||||||||||||||||||
SIMULATION RESULTS
LogLinearSDDP.Simulation(SDDP.InSampleMonteCarlo(0, false, true, SDDP.var"#155#158"{SDDP.var"#156#159"}(SDDP.var"#156#159"(), Core.Box(2000)), nothing), 2000, 11111)
bic_model
Lower bound: 1.8731263040431732e8
Statistical upper bound (confidence interval): 3.7772105279558843e8  8.165967364703081e6
Pessimistic upper bound: 3.858870201602915e8

||||||||||||||||||||||||||||||||||||||||||||||||||||||||||||||||||||||||||||||||||||||||||||||||||||||||||||||||||||||||||||||||||||||||
SIMULATION RESULTS
LogLinearSDDP.Simulation(SDDP.InSampleMonteCarlo(0, false, true, SDDP.var"#155#158"{SDDP.var"#156#159"}(SDDP.var"#156#159"(), Core.Box(2000)), nothing), 2000, 11111)
bic_model
Lower bound: 1.8731263040431732e8
Statistical upper bound (confidence interval): 2.2694381471089026e8  6.27801496804083e6
Pessimistic upper bound: 2.332218296789311e8

||||||||||||||||||||||||||||||||||||||||||||||||||||||||||||||||||||||||||||||||||||||||||||||||||||||||||||||||||||||||||||||||||||||||
SIMULATION RESULTS
LogLinearSDDP.Simulation(SDDP.InSampleMonteCarlo(0, false, true, SDDP.var"#155#158"{SDDP.var"#156#159"}(SDDP.var"#156#159"(), Core.Box(2000)), nothing), 2000, 11111)
fitted_model
Lower bound: 1.8725174545874378e8
Statistical upper bound (confidence interval): 5.1012283328969216e8  8.644580237346552e7
Pessimistic upper bound: 5.965686356631577e8

||||||||||||||||||||||||||||||||||||||||||||||||||||||||||||||||||||||||||||||||||||||||||||||||||||||||||||||||||||||||||||||||||||||||
SIMULATION RESULTS
LogLinearSDDP.Simulation(SDDP.InSampleMonteCarlo(0, false, true, SDDP.var"#155#158"{SDDP.var"#156#159"}(SDDP.var"#156#159"(), Core.Box(2000)), nothing), 2000, 11111)
fitted_model
Lower bound: 1.8725174545874378e8
Statistical upper bound (confidence interval): 3.245417790768572e8  6.930854911506769e7
Pessimistic upper bound: 3.938503281919249e8
