||||||||||||||||||||||||||||||||||||||||||||||||||||||||||||||||||||||||||||||||||||||||||||||||||||||||||||||||||||||||||||||||||||||||
PATH
calling 
C:\Users\cg4102\Documents\New LogLinearSDDP\LogLinearSDDP.jl\Examples\Hydrothermal
C:\Users\cg4102\Documents\New LogLinearSDDP\LogLinearSDDP.jl\Examples\Hydrothermal\run_model_markov.jl
DATETIME
2025-04-29T06:44:50.956
RUN DESCRIPTION
LogLinearSDDP.AlgoParams(SDDP.AbstractStoppingRule[SDDP.TimeLimit(7200.0)], LogLinearSDDP.NoSimulation(), false, 2, 1, "C:/Users/cg4102/Documents/julia_logs/Cut-sharing Re-Run (2h)/Run_MC-SDDP_fitted_model_55555/MC-SDDP.log", false, false, false, 55555, "MC-SDDP: 100 nodes, fitted_model", :fitted_model)
-------------------------------------------------------------------
         SDDP.jl (c) Oscar Dowson and contributors, 2017-23
-------------------------------------------------------------------
problem
  nodes           : 11901
  state variables : 4
  scenarios       : 6.68857e+229
  existing cuts   : false
options
  solver          : serial mode
  risk measure    : SDDP.Expectation()
  sampling scheme : SDDP.Historical{String, Dict{String, Float64}}
subproblem structure
  VariableRef                                  : [142, 142]
  JuMP.AffExpr in MOI.EqualTo{Float64}         : [13, 13]
  JuMP.VariableRef in MOI.GreaterThan{Float64} : [138, 138]
  JuMP.VariableRef in MOI.LessThan{Float64}    : [129, 130]
-------------------------------------------------------------------
 iteration    simulation      bound        time (s)     solves  pid
-------------------------------------------------------------------
         1   1.884377e+09  1.133015e+06  6.721000e+00     10758   1
         2   9.733315e+08  1.660665e+06  1.031600e+01     21153   1
         3   6.631562e+08  1.896606e+06  1.351700e+01     31541   1
         4   8.581449e+08  2.598943e+06  1.664600e+01     41781   1
         5   4.795890e+08  2.652592e+06  1.985100e+01     51924   1
         6   6.020098e+08  3.349325e+06  2.300400e+01     62048   1
         7   8.175104e+08  3.511412e+07  2.885000e+01     72408   1
         8   4.694336e+08  4.016172e+07  3.166400e+01     82240   1
         9   3.380367e+08  4.395182e+07  3.482800e+01     92793   1
        10   3.792002e+08  4.596425e+07  3.775100e+01    103214   1
        11   4.355086e+08  4.701850e+07  4.083900e+01    113488   1
        12   3.062992e+08  4.775823e+07  4.363500e+01    123455   1
        13   2.821069e+08  4.775874e+07  4.671100e+01    133700   1
        14   4.642091e+08  4.795665e+07  4.969400e+01    144020   1
        15   2.342716e+08  4.931035e+07  5.250400e+01    153812   1
        16   3.161922e+08  5.100331e+07  5.593800e+01    164417   1
        17   2.488168e+08  5.441375e+07  5.905900e+01    174834   1
        18   8.808575e+08  5.481726e+07  6.204700e+01    185104   1
        19   4.076650e+08  5.647643e+07  6.497300e+01    195548   1
        20   4.940403e+08  6.250487e+07  6.793900e+01    205881   1
        21   7.467530e+08  6.360795e+07  7.077700e+01    215694   1
        22   3.058819e+08  6.393250e+07  7.397100e+01    226438   1
        23   1.664300e+08  6.505947e+07  7.716700e+01    236764   1
        24   3.860713e+08  6.578888e+07  8.023500e+01    246969   1
        25   1.952382e+08  6.701963e+07  8.347900e+01    257278   1
        26   4.696496e+08  6.732388e+07  8.641200e+01    267568   1
        27   2.660857e+08  6.852132e+07  8.949700e+01    278214   1
        28   2.831538e+08  7.029530e+07  9.266700e+01    288562   1
        29   2.175008e+08  7.264791e+07  9.559100e+01    298600   1
        30   2.673319e+08  7.475257e+07  9.890300e+01    308888   1
        31   3.302092e+08  8.059116e+07  1.022030e+02    319458   1
        32   2.530361e+08  8.232743e+07  1.055260e+02    330163   1
        33   2.637252e+08  8.353399e+07  1.090380e+02    341058   1
        34   2.263688e+08  8.394042e+07  1.121140e+02    351429   1
        35   2.258036e+08  8.710569e+07  1.150590e+02    361308   1
        36   2.167617e+08  8.736768e+07  1.184160e+02    371657   1
        37   6.889254e+08  8.954646e+07  1.217750e+02    382167   1
        38   3.040150e+08  8.992257e+07  1.250190e+02    392367   1
        39   7.545630e+08  9.139631e+07  1.309920e+02    402602   1
        40   3.911830e+08  9.585332e+07  1.339760e+02    412923   1
        41   2.183320e+08  9.620325e+07  1.370110e+02    423331   1
        42   5.359882e+08  9.718764e+07  1.400860e+02    433865   1
        43   4.950098e+08  1.011475e+08  1.431850e+02    444212   1
        44   1.908054e+08  1.025778e+08  1.461790e+02    454679   1
        45   3.106676e+08  1.028317e+08  1.493280e+02    465040   1
        46   3.120370e+08  1.043582e+08  1.524410e+02    475651   1
        47   2.797167e+08  1.051979e+08  1.554110e+02    485922   1
        48   2.808644e+08  1.077041e+08  1.586090e+02    496420   1
        49   2.810477e+08  1.126476e+08  1.617960e+02    507195   1
        50   2.454977e+08  1.128902e+08  1.648240e+02    517462   1
        51   2.051180e+08  1.152856e+08  1.680760e+02    527793   1
        52   2.356302e+08  1.168824e+08  1.712280e+02    538345   1
        53   2.104432e+08  1.170920e+08  1.742180e+02    548302   1
        54   1.996236e+08  1.215131e+08  1.772350e+02    558155   1
        55   2.634515e+08  1.239739e+08  1.803510e+02    568275   1
        56   1.850501e+08  1.243962e+08  1.833750e+02    577971   1
        57   2.074775e+08  1.258249e+08  1.868000e+02    588587   1
        58   3.591782e+08  1.261159e+08  1.902770e+02    598904   1
        59   2.672837e+08  1.262803e+08  1.935960e+02    609402   1
        60   1.983633e+08  1.276038e+08  1.968240e+02    619574   1
        61   1.840509e+08  1.312535e+08  2.002640e+02    629965   1
        62   2.348791e+08  1.312708e+08  2.034910e+02    640381   1
        63   2.390765e+08  1.321909e+08  2.068070e+02    650978   1
        64   2.567349e+08  1.373341e+08  2.101590e+02    661440   1
        65   4.120995e+08  1.374300e+08  2.134810e+02    671946   1
        66   3.340611e+08  1.379875e+08  2.166720e+02    681705   1
        67   2.034196e+08  1.398256e+08  2.201990e+02    692403   1
        68   3.296426e+08  1.398526e+08  2.236460e+02    702966   1
        69   6.765302e+08  1.399199e+08  2.298060e+02    713095   1
        70   1.471406e+08  1.401369e+08  2.329470e+02    723254   1
        71   2.260058e+08  1.436703e+08  2.361570e+02    733598   1
        72   3.548604e+08  1.437210e+08  2.395140e+02    744023   1
        73   8.467424e+08  1.452844e+08  2.426820e+02    754195   1
        74   4.412699e+08  1.452875e+08  2.459380e+02    764614   1
        75   2.045120e+08  1.454846e+08  2.491610e+02    774879   1
        76   3.028420e+08  1.455036e+08  2.524240e+02    785417   1
        77   3.198565e+08  1.457717e+08  2.555700e+02    795358   1
        78   3.344109e+08  1.458532e+08  2.588690e+02    805754   1
        79   2.316462e+08  1.459736e+08  2.621460e+02    815824   1
        80   3.071193e+08  1.460049e+08  2.654630e+02    826121   1
        81   1.967612e+08  1.479650e+08  2.689090e+02    836809   1
        82   2.368194e+08  1.485957e+08  2.722560e+02    847411   1
        83   1.643659e+08  1.486273e+08  2.753710e+02    856949   1
        84   3.959573e+08  1.487729e+08  2.786570e+02    867205   1
        85   5.194184e+08  1.491983e+08  2.819970e+02    877681   1
        86   2.788044e+08  1.492049e+08  2.853350e+02    888091   1
        87   4.270309e+08  1.512751e+08  2.887580e+02    898551   1
        88   1.286951e+08  1.512786e+08  2.921730e+02    908753   1
        89   2.066618e+08  1.513519e+08  2.958330e+02    919394   1
        90   2.310746e+08  1.515580e+08  2.993690e+02    929844   1
        91   1.941191e+08  1.516027e+08  3.028520e+02    940030   1
        92   2.602178e+08  1.516066e+08  3.063470e+02    950340   1
        93   2.685300e+08  1.516522e+08  3.098700e+02    960697   1
        94   3.660597e+08  1.516575e+08  3.134560e+02    971233   1
        95   2.751870e+08  1.516735e+08  3.169520e+02    981588   1
        96   1.862245e+08  1.516932e+08  3.205370e+02    991816   1
        97   4.534036e+08  1.519673e+08  3.241460e+02   1002182   1
        98   2.456979e+08  1.519709e+08  3.305270e+02   1012557   1
        99   3.046692e+08  1.523356e+08  3.340060e+02   1022958   1
       100   2.622843e+08  1.524256e+08  3.374080e+02   1033295   1
       101   3.654146e+08  1.525257e+08  3.407930e+02   1043546   1
       102   3.618251e+08  1.536270e+08  3.443390e+02   1054192   1
       103   3.517556e+08  1.539457e+08  3.477490e+02   1064336   1
       104   1.740774e+08  1.539657e+08  3.511080e+02   1074313   1
       105   5.186328e+08  1.558631e+08  3.545530e+02   1084565   1
       106   2.373927e+08  1.576506e+08  3.581380e+02   1095118   1
       107   3.310550e+08  1.576566e+08  3.617040e+02   1105821   1
       108   1.748082e+08  1.584082e+08  3.651850e+02   1115857   1
       109   1.869574e+08  1.585826e+08  3.687270e+02   1126178   1
       110   4.141592e+08  1.604214e+08  3.723040e+02   1136341   1
       111   2.747102e+08  1.611252e+08  3.758730e+02   1146832   1
       112   1.951004e+08  1.625646e+08  3.794160e+02   1156980   1
       113   2.258741e+08  1.626228e+08  3.830350e+02   1167421   1
       114   1.788554e+08  1.627303e+08  3.865360e+02   1177695   1
       115   2.222538e+08  1.637921e+08  3.900820e+02   1187951   1
       116   1.645393e+08  1.638839e+08  3.937780e+02   1198188   1
       117   3.116138e+08  1.672511e+08  3.974660e+02   1208447   1
       118   3.100025e+08  1.672549e+08  4.012350e+02   1219028   1
       119   2.307939e+08  1.673190e+08  4.049690e+02   1229688   1
       120   4.026700e+08  1.673426e+08  4.086760e+02   1240027   1
       121   2.120344e+08  1.674762e+08  4.124580e+02   1250648   1
       122   1.628390e+08  1.675861e+08  4.162960e+02   1261135   1
       123   4.818947e+08  1.678410e+08  4.200480e+02   1271813   1
       124   3.263484e+08  1.678689e+08  4.238060e+02   1282239   1
       125   3.531242e+08  1.683313e+08  4.275920e+02   1292491   1
       126   2.027177e+08  1.683469e+08  4.314000e+02   1302826   1
       127   2.204649e+08  1.684317e+08  4.384920e+02   1312791   1
       128   2.396248e+08  1.688059e+08  4.421780e+02   1323271   1
       129   2.953636e+08  1.688083e+08  4.457870e+02   1333460   1
       130   1.480919e+08  1.688125e+08  4.494560e+02   1343746   1
       131   6.719009e+08  1.688323e+08  4.530470e+02   1353923   1
       132   6.832565e+08  1.692076e+08  4.568030e+02   1364449   1
       133   2.394822e+08  1.692317e+08  4.605680e+02   1374969   1
       134   8.472914e+08  1.692513e+08  4.642350e+02   1385348   1
       135   1.678911e+08  1.692707e+08  4.679400e+02   1395620   1
       136   2.703675e+08  1.692735e+08  4.716600e+02   1406045   1
       137   4.052253e+08  1.692928e+08  4.754480e+02   1416708   1
       138   2.040255e+08  1.714299e+08  4.793230e+02   1427196   1
       139   2.424860e+08  1.715470e+08  4.830450e+02   1437430   1
       140   2.385214e+08  1.715634e+08  4.868830e+02   1447957   1
       141   4.155480e+08  1.718649e+08  4.906450e+02   1458256   1
       142   3.313631e+08  1.735008e+08  4.944230e+02   1468378   1
       143   1.644701e+08  1.749934e+08  4.982570e+02   1479004   1
       144   2.416023e+08  1.759633e+08  5.021210e+02   1489687   1
       145   3.509824e+08  1.760220e+08  5.059210e+02   1499718   1
       146   1.691150e+08  1.762314e+08  5.097430e+02   1509498   1
       147   2.901354e+08  1.762441e+08  5.135940e+02   1519665   1
       148   3.094570e+08  1.763396e+08  5.175170e+02   1530034   1
       149   4.822551e+08  1.763936e+08  5.214260e+02   1540225   1
       150   1.659393e+08  1.769125e+08  5.254190e+02   1550762   1
       151   4.991565e+08  1.769467e+08  5.292650e+02   1560547   1
       152   1.779159e+08  1.769468e+08  5.332760e+02   1570775   1
       153   1.001319e+09  1.776650e+08  5.372080e+02   1580732   1
       154   2.024879e+08  1.776745e+08  5.412340e+02   1591179   1
       155   4.059918e+08  1.782512e+08  5.451930e+02   1601295   1
       156   2.218537e+08  1.782872e+08  5.493510e+02   1611841   1
       157   3.525094e+08  1.785629e+08  5.672460e+02   1622262   1
       158   5.739354e+08  1.789160e+08  5.712270e+02   1632740   1
       159   1.894169e+08  1.795524e+08  5.751210e+02   1642906   1
       160   5.106265e+08  1.799744e+08  5.790700e+02   1653272   1
       161   3.608414e+08  1.802474e+08  5.830850e+02   1663765   1
       162   3.638267e+08  1.803094e+08  5.870710e+02   1674403   1
       163   3.183054e+08  1.806656e+08  5.910250e+02   1684644   1
       164   1.796633e+08  1.806798e+08  5.948620e+02   1694520   1
       165   1.796895e+08  1.807319e+08  5.990020e+02   1705037   1
       166   2.686968e+08  1.813133e+08  6.030880e+02   1715603   1
       167   2.160951e+08  1.815918e+08  6.070690e+02   1726023   1
       168   2.278788e+08  1.820477e+08  6.112150e+02   1736563   1
       169   2.361261e+08  1.827468e+08  6.152530e+02   1746852   1
       170   2.746180e+08  1.837578e+08  6.193160e+02   1757165   1
       171   1.563289e+08  1.840562e+08  6.232310e+02   1766853   1
       172   4.970115e+08  1.850030e+08  6.273150e+02   1777327   1
       173   4.319519e+08  1.850300e+08  6.314060e+02   1787508   1
       174   5.918890e+08  1.851329e+08  6.357390e+02   1797993   1
       175   6.055941e+08  1.853566e+08  6.401430e+02   1808234   1
       176   5.244679e+08  1.853874e+08  6.445630e+02   1818623   1
       177   5.525187e+08  1.870086e+08  6.490280e+02   1829121   1
       178   2.022498e+08  1.876343e+08  6.535360e+02   1839538   1
       179   2.224475e+08  1.876364e+08  6.629900e+02   1849971   1
       180   1.448757e+08  1.878008e+08  6.670460e+02   1859916   1
       181   5.050293e+08  1.880198e+08  6.710930e+02   1870369   1
       182   1.932067e+08  1.883689e+08  6.752000e+02   1880570   1
       183   3.406114e+08  1.883890e+08  6.792990e+02   1890815   1
       184   4.673099e+08  1.884758e+08  6.833840e+02   1901031   1
       185   1.546593e+08  1.888252e+08  6.876020e+02   1911389   1
       186   1.965940e+08  1.903855e+08  6.917660e+02   1921725   1
       187   3.312850e+08  1.910120e+08  6.960350e+02   1931902   1
       188   2.747740e+08  1.910209e+08  7.003460e+02   1942190   1
       189   2.830786e+08  1.910641e+08  7.046850e+02   1952653   1
       190   2.309610e+08  1.911461e+08  7.090590e+02   1962620   1
       191   4.340077e+08  1.912796e+08  7.134350e+02   1973121   1
       192   1.790108e+08  1.913568e+08  7.179110e+02   1983694   1
       193   1.997792e+08  1.923708e+08  7.224360e+02   1994432   1
       194   2.365455e+08  1.925922e+08  7.269740e+02   2005161   1
       195   3.525383e+08  1.938275e+08  7.315810e+02   2015527   1
       196   5.132787e+08  1.938313e+08  7.407550e+02   2025398   1
       197   1.846531e+08  1.942400e+08  7.450290e+02   2035870   1
       198   1.562375e+08  1.942595e+08  7.492920e+02   2046130   1
       199   2.371760e+08  1.942865e+08  7.536020e+02   2056735   1
       200   2.328828e+08  1.943236e+08  7.578840e+02   2067128   1
       201   2.162186e+08  1.951115e+08  7.622440e+02   2077666   1
       202   1.974963e+08  1.951208e+08  7.666030e+02   2087901   1
       203   2.453190e+08  1.954705e+08  7.709650e+02   2097878   1
       204   3.533479e+08  1.954844e+08  7.752550e+02   2108057   1
       205   2.072760e+08  1.954924e+08  7.797360e+02   2118605   1
       206   1.772777e+08  1.955014e+08  7.840870e+02   2128865   1
       207   1.804906e+08  1.955598e+08  7.886380e+02   2139045   1
       208   2.348972e+08  1.957421e+08  7.931170e+02   2149390   1
       209   1.936759e+08  1.964548e+08  7.977460e+02   2160003   1
       210   1.825616e+08  1.968347e+08  8.023290e+02   2170161   1
       211   1.896019e+08  1.970116e+08  8.114010e+02   2180703   1
       212   2.186708e+08  1.970124e+08  8.158540e+02   2191157   1
       213   1.627991e+08  1.970235e+08  8.201900e+02   2201075   1
       214   2.092829e+08  1.972312e+08  8.246350e+02   2211320   1
       215   3.901388e+08  1.973088e+08  8.290730e+02   2221936   1
       216   2.700635e+08  1.973186e+08  8.334920e+02   2232344   1
       217   2.264908e+08  1.973211e+08  8.378970e+02   2242515   1
       218   3.500588e+08  1.974298e+08  8.423600e+02   2253077   1
       219   2.216366e+08  1.974644e+08  8.468960e+02   2263295   1
       220   2.111940e+08  1.975020e+08  8.514420e+02   2273313   1
       221   3.156607e+08  1.975056e+08  8.560330e+02   2283885   1
       222   4.876545e+08  1.975069e+08  8.606310e+02   2294103   1
       223   3.390706e+08  1.978834e+08  8.653180e+02   2304590   1
       224   2.024424e+08  1.979397e+08  8.743900e+02   2315110   1
       225   6.814391e+08  1.980700e+08  8.788100e+02   2325408   1
       226   1.711225e+08  1.981778e+08  8.832990e+02   2335534   1
       227   2.443754e+08  1.981857e+08  8.878520e+02   2346060   1
       228   2.412033e+08  1.981865e+08  8.923870e+02   2356185   1
       229   1.758381e+08  1.982045e+08  8.969190e+02   2366526   1
       230   3.040184e+08  1.982081e+08  9.015540e+02   2377207   1
       231   1.895136e+08  1.985495e+08  9.061410e+02   2387691   1
       232   2.488607e+08  1.985712e+08  9.107410e+02   2397815   1
       233   7.464273e+08  1.985879e+08  9.153700e+02   2408170   1
       234   4.704487e+08  1.986134e+08  9.201300e+02   2418922   1
       235   1.827420e+08  1.988570e+08  9.294350e+02   2429052   1
       236   1.523992e+08  1.992001e+08  9.340540e+02   2439191   1
       237   4.742794e+08  1.995103e+08  9.386200e+02   2449356   1
       238   2.506128e+08  2.004585e+08  9.433120e+02   2459781   1
       239   1.608818e+08  2.004804e+08  9.479700e+02   2469940   1
       240   4.560159e+08  2.004821e+08  9.525940e+02   2480044   1
       241   1.563580e+08  2.006192e+08  9.573380e+02   2490604   1
       242   2.876713e+08  2.007378e+08  9.620770e+02   2500971   1
       243   3.226538e+08  2.007448e+08  9.667740e+02   2511037   1
       244   1.979749e+08  2.008599e+08  9.715810e+02   2521348   1
       245   2.999502e+08  2.008679e+08  9.763610e+02   2531867   1
       246   2.279416e+08  2.008695e+08  9.857840e+02   2542185   1
       247   2.633758e+08  2.010787e+08  9.905720e+02   2552747   1
       248   2.435474e+08  2.015785e+08  9.953070e+02   2563207   1
       249   3.001546e+08  2.015937e+08  1.000005e+03   2573601   1
       250   2.648956e+08  2.015976e+08  1.004774e+03   2583931   1
       251   2.262447e+08  2.017351e+08  1.009501e+03   2594138   1
       252   2.776234e+08  2.017428e+08  1.014242e+03   2604247   1
       253   2.055702e+08  2.017596e+08  1.019089e+03   2614770   1
       254   1.644358e+08  2.019984e+08  1.023962e+03   2625262   1
       255   4.415960e+08  2.023544e+08  1.028813e+03   2635432   1
       256   3.991010e+08  2.023825e+08  1.033752e+03   2645758   1
       257   2.125327e+08  2.026903e+08  1.043340e+03   2656413   1
       258   2.587470e+08  2.032937e+08  1.048155e+03   2666836   1
       259   3.107266e+08  2.033063e+08  1.052937e+03   2677221   1
       260   6.452105e+08  2.044516e+08  1.057785e+03   2687669   1
       261   3.859340e+08  2.049785e+08  1.062606e+03   2697701   1
       262   3.094219e+08  2.050400e+08  1.067463e+03   2707958   1
       263   1.945717e+08  2.061662e+08  1.072375e+03   2718264   1
       264   4.869599e+08  2.061751e+08  1.077292e+03   2728630   1
       265   2.202425e+08  2.063420e+08  1.082340e+03   2738919   1
       266   2.381331e+08  2.065166e+08  1.087338e+03   2749124   1
       267   5.849236e+08  2.067283e+08  1.096967e+03   2759456   1
       268   3.556177e+08  2.067374e+08  1.101908e+03   2770060   1
       269   2.053838e+08  2.067387e+08  1.106811e+03   2780414   1
       270   3.295468e+08  2.067447e+08  1.111778e+03   2790764   1
       271   3.209997e+08  2.067492e+08  1.116675e+03   2800956   1
       272   1.968938e+08  2.072403e+08  1.121703e+03   2811557   1
       273   2.606166e+08  2.072476e+08  1.126664e+03   2822006   1
       274   3.924772e+08  2.073069e+08  1.131647e+03   2832407   1
       275   3.232886e+08  2.073430e+08  1.136727e+03   2842763   1
       276   2.244986e+08  2.074707e+08  1.141810e+03   2853063   1
       277   1.888543e+08  2.076312e+08  1.151831e+03   2863627   1
       278   1.959345e+08  2.076329e+08  1.156849e+03   2874077   1
       279   1.810681e+08  2.078311e+08  1.161848e+03   2884488   1
       280   2.366937e+08  2.088678e+08  1.166929e+03   2895048   1
       281   4.916118e+08  2.088701e+08  1.171937e+03   2905702   1
       282   3.354021e+08  2.091299e+08  1.177018e+03   2915924   1
       283   1.869135e+08  2.094033e+08  1.182062e+03   2926531   1
       284   2.293509e+08  2.101256e+08  1.187062e+03   2936433   1
       285   8.567476e+08  2.105897e+08  1.192171e+03   2946894   1
       286   1.858320e+08  2.107287e+08  1.197378e+03   2957404   1
       287   1.916075e+08  2.107541e+08  1.207656e+03   2967893   1
       288   4.566482e+08  2.110632e+08  1.212728e+03   2978159   1
       289   2.468827e+08  2.111393e+08  1.217838e+03   2988694   1
       290   2.422042e+08  2.111942e+08  1.222967e+03   2999364   1
       291   2.779276e+08  2.112655e+08  1.228145e+03   3010117   1
       292   4.396224e+08  2.112717e+08  1.233319e+03   3020329   1
       293   2.892694e+08  2.117718e+08  1.238455e+03   3030697   1
       294   4.798731e+08  2.117896e+08  1.243599e+03   3040849   1
       295   2.250552e+08  2.118534e+08  1.248802e+03   3051321   1
       296   2.614794e+08  2.119167e+08  1.254102e+03   3062006   1
       297   1.948733e+08  2.119441e+08  1.259484e+03   3072572   1
       298   2.854937e+08  2.124098e+08  1.269679e+03   3082865   1
       299   2.389952e+08  2.128564e+08  1.274830e+03   3093016   1
       300   1.719916e+08  2.129087e+08  1.279932e+03   3102763   1
       301   2.349025e+08  2.129432e+08  1.285194e+03   3113301   1
       302   2.560568e+08  2.129657e+08  1.290320e+03   3123127   1
       303   5.835262e+08  2.131475e+08  1.295538e+03   3133435   1
       304   2.539147e+08  2.138107e+08  1.300786e+03   3143972   1
       305   2.056313e+08  2.138671e+08  1.306092e+03   3154516   1
       306   1.514001e+08  2.140212e+08  1.311388e+03   3164618   1
       307   4.564704e+08  2.140242e+08  1.316815e+03   3175032   1
       308   2.082139e+08  2.141479e+08  1.327330e+03   3185450   1
       309   6.496458e+08  2.142116e+08  1.332534e+03   3195800   1
       310   2.531704e+08  2.143454e+08  1.337874e+03   3206533   1
       311   2.745593e+08  2.160429e+08  1.343200e+03   3217215   1
       312   1.947708e+08  2.167863e+08  1.348573e+03   3227990   1
       313   2.426848e+08  2.168182e+08  1.353893e+03   3238546   1
       314   2.332675e+08  2.169605e+08  1.359272e+03   3249133   1
       315   3.144119e+08  2.171696e+08  1.364619e+03   3259451   1
       316   1.682846e+08  2.173546e+08  1.370170e+03   3269813   1
       317   6.060870e+08  2.173590e+08  1.375650e+03   3280337   1
       318   2.219817e+08  2.174857e+08  1.386364e+03   3290921   1
       319   4.103853e+08  2.182154e+08  1.391717e+03   3301527   1
       320   5.514892e+08  2.183436e+08  1.397011e+03   3311783   1
       321   3.268019e+08  2.184358e+08  1.402423e+03   3321869   1
       322   2.614246e+08  2.184458e+08  1.407868e+03   3332556   1
       323   1.932894e+08  2.184489e+08  1.413296e+03   3342788   1
       324   2.307384e+08  2.184685e+08  1.418787e+03   3353249   1
       325   2.635973e+08  2.184914e+08  1.424178e+03   3363567   1
       326   3.207877e+08  2.185730e+08  1.429641e+03   3373687   1
       327   2.005057e+08  2.186891e+08  1.435157e+03   3384209   1
       328   1.866221e+08  2.187230e+08  1.440735e+03   3394176   1
       329   2.290045e+08  2.187230e+08  1.451581e+03   3404542   1
       330   3.757190e+08  2.188394e+08  1.456939e+03   3414777   1
       331   1.622681e+08  2.188678e+08  1.462321e+03   3424860   1
       332   1.600990e+08  2.188778e+08  1.467819e+03   3435434   1
       333   2.632521e+08  2.188786e+08  1.473327e+03   3445593   1
       334   1.797678e+08  2.190036e+08  1.478901e+03   3455679   1
       335   2.944349e+08  2.192346e+08  1.484424e+03   3466217   1
       336   2.376508e+08  2.193633e+08  1.489999e+03   3476636   1
       337   1.795055e+08  2.194326e+08  1.495559e+03   3486482   1
       338   4.077212e+08  2.200653e+08  1.501220e+03   3496508   1
       339   3.591731e+08  2.201051e+08  1.512375e+03   3507042   1
       340   3.217550e+08  2.202821e+08  1.517889e+03   3517275   1
       341   3.730600e+08  2.204699e+08  1.523416e+03   3527758   1
       342   2.031806e+08  2.206571e+08  1.528986e+03   3537761   1
       343   2.364087e+08  2.220241e+08  1.534542e+03   3547831   1
       344   2.541799e+08  2.220985e+08  1.540141e+03   3558164   1
       345   1.850545e+08  2.222057e+08  1.545755e+03   3568588   1
       346   2.218010e+08  2.222145e+08  1.551361e+03   3578842   1
       347   2.476130e+08  2.222533e+08  1.556943e+03   3588965   1
       348   3.337232e+08  2.223485e+08  1.562679e+03   3599421   1
       349   6.394859e+08  2.225183e+08  1.568402e+03   3609764   1
       350   2.464155e+08  2.226385e+08  1.579768e+03   3620592   1
       351   2.669601e+08  2.226388e+08  1.585399e+03   3630908   1
       352   2.777988e+08  2.227172e+08  1.591017e+03   3641478   1
       353   2.345907e+08  2.227381e+08  1.596698e+03   3651873   1
       354   2.604435e+08  2.235781e+08  1.602439e+03   3662490   1
       355   1.743250e+08  2.235943e+08  1.608112e+03   3672244   1
       356   2.671681e+08  2.235950e+08  1.613776e+03   3682654   1
       357   1.880392e+08  2.237707e+08  1.619536e+03   3692966   1
       358   3.655195e+08  2.242118e+08  1.625289e+03   3703188   1
       359   2.377719e+08  2.242142e+08  1.631102e+03   3713510   1
       360   3.011832e+08  2.246122e+08  1.642803e+03   3723658   1
       361   2.504707e+08  2.246257e+08  1.648497e+03   3734119   1
       362   5.442989e+08  2.250542e+08  1.654122e+03   3744112   1
       363   2.262039e+08  2.253795e+08  1.659830e+03   3754660   1
       364   2.914062e+08  2.257255e+08  1.665609e+03   3765278   1
       365   3.109583e+08  2.257990e+08  1.671417e+03   3775727   1
       366   5.751593e+08  2.258004e+08  1.677220e+03   3786145   1
       367   2.465998e+08  2.258120e+08  1.683003e+03   3795961   1
       368   5.690248e+08  2.258625e+08  1.688723e+03   3806125   1
       369   3.239682e+08  2.264446e+08  1.694579e+03   3816726   1
       370   5.241882e+08  2.266970e+08  1.700424e+03   3827244   1
       371   2.478006e+08  2.267447e+08  1.706368e+03   3837593   1
       372   3.167999e+08  2.273089e+08  1.718006e+03   3848210   1
       373   2.418744e+08  2.273108e+08  1.723915e+03   3858755   1
       374   2.243235e+08  2.273460e+08  1.729753e+03   3869322   1
       375   3.314896e+08  2.273861e+08  1.735653e+03   3879693   1
       376   1.866689e+08  2.275392e+08  1.741586e+03   3890454   1
       377   2.275421e+08  2.276823e+08  1.747516e+03   3900954   1
       378   3.282451e+08  2.277978e+08  1.753305e+03   3910882   1
       379   2.579989e+08  2.279666e+08  1.759179e+03   3921065   1
       380   2.339827e+08  2.279678e+08  1.765183e+03   3931137   1
       381   1.666233e+08  2.280708e+08  1.771219e+03   3941493   1
       382   3.137413e+08  2.280852e+08  1.783349e+03   3951833   1
       383   2.286308e+08  2.280949e+08  1.789262e+03   3962305   1
       384   2.549868e+08  2.280949e+08  1.795189e+03   3972915   1
       385   4.032036e+08  2.281023e+08  1.801061e+03   3983265   1
       386   2.578961e+08  2.281263e+08  1.806956e+03   3993754   1
       387   5.426323e+08  2.281263e+08  1.812871e+03   4003976   1
       388   4.241903e+08  2.281263e+08  1.818831e+03   4014012   1
       389   5.546130e+08  2.284747e+08  1.824848e+03   4024566   1
       390   2.697837e+08  2.284922e+08  1.830816e+03   4035232   1
       391   1.926225e+08  2.284955e+08  1.836856e+03   4045362   1
       392   2.649547e+08  2.285128e+08  1.843046e+03   4055641   1
       393   2.242999e+08  2.286601e+08  1.849245e+03   4066022   1
       394   2.602758e+08  2.286636e+08  1.861470e+03   4076308   1
       395   3.037843e+08  2.286749e+08  1.867514e+03   4086725   1
       396   1.856130e+08  2.287180e+08  1.873490e+03   4097031   1
       397   3.476882e+08  2.287196e+08  1.879496e+03   4107398   1
       398   2.266914e+08  2.287238e+08  1.885712e+03   4117959   1
       399   2.531778e+08  2.287261e+08  1.891717e+03   4128060   1
       400   1.922367e+08  2.287941e+08  1.897791e+03   4138154   1
       401   1.569842e+08  2.288550e+08  1.903742e+03   4147821   1
       402   3.136283e+08  2.288556e+08  1.909886e+03   4158362   1
       403   2.528480e+08  2.288834e+08  1.916150e+03   4169155   1
       404   2.032732e+08  2.291972e+08  1.922479e+03   4179466   1
       405   1.662741e+08  2.292269e+08  1.934929e+03   4189847   1
       406   2.475923e+08  2.292563e+08  1.941043e+03   4200273   1
       407   1.830675e+08  2.301105e+08  1.947225e+03   4210636   1
       408   2.927320e+08  2.301673e+08  1.953286e+03   4220765   1
       409   2.315432e+08  2.303029e+08  1.959470e+03   4230872   1
       410   2.444157e+08  2.303199e+08  1.965668e+03   4241083   1
       411   1.929499e+08  2.303200e+08  1.971867e+03   4251580   1
       412   4.302295e+08  2.303335e+08  1.977974e+03   4261775   1
       413   5.357737e+08  2.304022e+08  1.984128e+03   4272329   1
       414   2.395609e+08  2.304026e+08  1.990483e+03   4282654   1
       415   1.908471e+08  2.304512e+08  1.996883e+03   4293282   1
       416   2.341518e+08  2.304546e+08  2.009606e+03   4303581   1
       417   3.611983e+08  2.305728e+08  2.015748e+03   4314058   1
       418   2.094108e+08  2.305913e+08  2.021872e+03   4324368   1
       419   2.847580e+08  2.305921e+08  2.028134e+03   4334735   1
       420   2.302879e+08  2.306752e+08  2.034423e+03   4345494   1
       421   3.180372e+08  2.307208e+08  2.040720e+03   4355909   1
       422   2.552999e+08  2.307316e+08  2.046919e+03   4366253   1
       423   2.621776e+08  2.308544e+08  2.053225e+03   4376815   1
       424   2.158836e+08  2.308646e+08  2.059443e+03   4387140   1
       425   2.247654e+08  2.312062e+08  2.065838e+03   4397490   1
       426   4.808108e+08  2.312066e+08  2.072199e+03   4407666   1
       427   2.683121e+08  2.317018e+08  2.078725e+03   4418213   1
       428   2.414046e+08  2.317301e+08  2.091604e+03   4428492   1
       429   3.264314e+08  2.318047e+08  2.097844e+03   4438757   1
       430   2.662554e+08  2.319246e+08  2.104117e+03   4449193   1
       431   2.447880e+08  2.319273e+08  2.110459e+03   4459681   1
       432   1.904823e+08  2.320722e+08  2.116775e+03   4470068   1
       433   2.395550e+08  2.322713e+08  2.123121e+03   4480318   1
       434   2.002607e+08  2.322844e+08  2.129535e+03   4490614   1
       435   4.719302e+08  2.325122e+08  2.135861e+03   4501093   1
       436   2.130238e+08  2.325189e+08  2.142223e+03   4511448   1
       437   2.440771e+08  2.325861e+08  2.148663e+03   4521933   1
       438   4.716650e+08  2.327921e+08  2.155154e+03   4532111   1
       439   2.033158e+08  2.328195e+08  2.161799e+03   4542284   1
       440   1.614704e+08  2.328213e+08  2.174807e+03   4552500   1
       441   1.983548e+08  2.328443e+08  2.181198e+03   4563020   1
       442   2.625927e+08  2.328664e+08  2.187638e+03   4573458   1
       443   5.000296e+08  2.330999e+08  2.193975e+03   4583736   1
       444   2.928492e+08  2.331132e+08  2.200406e+03   4594072   1
       445   2.493470e+08  2.333060e+08  2.206848e+03   4604502   1
       446   1.923887e+08  2.333072e+08  2.213359e+03   4614651   1
       447   2.232601e+08  2.333958e+08  2.219881e+03   4624807   1
       448   2.249218e+08  2.334188e+08  2.226434e+03   4634909   1
       449   1.630664e+08  2.334470e+08  2.233115e+03   4645208   1
       450   2.589750e+08  2.334625e+08  2.239746e+03   4655639   1
       451   2.342838e+08  2.334742e+08  2.253128e+03   4666070   1
       452   2.798321e+08  2.334780e+08  2.259612e+03   4676095   1
       453   1.499871e+08  2.334852e+08  2.266172e+03   4686294   1
       454   2.144061e+08  2.336744e+08  2.272698e+03   4696718   1
       455   4.639045e+08  2.338383e+08  2.279237e+03   4707124   1
       456   2.443980e+08  2.338529e+08  2.285820e+03   4717745   1
       457   1.997179e+08  2.338657e+08  2.292374e+03   4728052   1
       458   2.435810e+08  2.338942e+08  2.298925e+03   4738540   1
       459   2.082763e+08  2.339111e+08  2.305450e+03   4748834   1
       460   2.931296e+08  2.339682e+08  2.312003e+03   4759336   1
       461   2.244023e+08  2.343407e+08  2.318654e+03   4769990   1
       462   2.614963e+08  2.343547e+08  2.325405e+03   4780456   1
       463   2.551852e+08  2.344271e+08  2.339130e+03   4790853   1
       464   2.645112e+08  2.344329e+08  2.345702e+03   4801117   1
       465   3.895165e+08  2.344381e+08  2.352344e+03   4811250   1
       466   2.491302e+08  2.344553e+08  2.358886e+03   4821400   1
       467   2.379182e+08  2.344576e+08  2.365526e+03   4831959   1
       468   2.906182e+08  2.345921e+08  2.372202e+03   4842336   1
       469   2.826254e+08  2.345949e+08  2.378944e+03   4852891   1
       470   1.424956e+08  2.345993e+08  2.385585e+03   4862768   1
       471   1.961652e+08  2.346266e+08  2.392279e+03   4873214   1
       472   2.306102e+08  2.346271e+08  2.399022e+03   4883501   1
       473   3.426161e+08  2.346572e+08  2.405789e+03   4893762   1
       474   2.019481e+08  2.349403e+08  2.412660e+03   4904072   1
       475   2.352442e+08  2.350631e+08  2.426538e+03   4914729   1
       476   2.366076e+08  2.350745e+08  2.433197e+03   4925110   1
       477   4.961903e+08  2.352049e+08  2.439869e+03   4935464   1
       478   2.241092e+08  2.352067e+08  2.446605e+03   4946091   1
       479   2.050352e+08  2.353342e+08  2.453429e+03   4956718   1
       480   2.087975e+08  2.353998e+08  2.460221e+03   4966829   1
       481   1.777007e+08  2.354243e+08  2.466987e+03   4977223   1
       482   4.055183e+08  2.355509e+08  2.473741e+03   4987460   1
       483   1.992493e+08  2.356339e+08  2.480554e+03   4997655   1
       484   2.164823e+08  2.356537e+08  2.487390e+03   5008080   1
       485   2.443344e+08  2.356692e+08  2.494350e+03   5018885   1
       486   3.015871e+08  2.356771e+08  2.501249e+03   5029291   1
       487   1.609911e+08  2.356830e+08  2.515470e+03   5039559   1
       488   2.150222e+08  2.362725e+08  2.522299e+03   5050200   1
       489   1.617222e+08  2.362831e+08  2.529147e+03   5060533   1
       490   2.273951e+08  2.364000e+08  2.535875e+03   5070875   1
       491   2.026850e+08  2.364558e+08  2.542648e+03   5081357   1
       492   2.395396e+08  2.364646e+08  2.549490e+03   5091709   1
       493   2.766286e+08  2.364646e+08  2.556366e+03   5102194   1
       494   2.770345e+08  2.364708e+08  2.563175e+03   5112537   1
       495   2.889544e+08  2.367069e+08  2.569988e+03   5123042   1
       496   1.571488e+08  2.367286e+08  2.576922e+03   5133264   1
       497   2.171565e+08  2.371956e+08  2.584011e+03   5143652   1
       498   1.444181e+08  2.372712e+08  2.591028e+03   5153941   1
       499   2.426040e+08  2.372750e+08  2.598182e+03   5164473   1
       500   1.920513e+08  2.372865e+08  2.612328e+03   5174961   1
       501   2.313985e+08  2.375068e+08  2.619241e+03   5184819   1
       502   1.493676e+08  2.375082e+08  2.626153e+03   5194669   1
       503   6.175006e+08  2.375710e+08  2.633098e+03   5205020   1
       504   1.919790e+08  2.376388e+08  2.640074e+03   5215383   1
       505   3.334013e+08  2.376559e+08  2.647065e+03   5225815   1
       506   3.023316e+08  2.380943e+08  2.654027e+03   5236016   1
       507   2.284340e+08  2.381119e+08  2.661085e+03   5246506   1
       508   4.624786e+08  2.383245e+08  2.667991e+03   5256837   1
       509   3.040270e+08  2.384410e+08  2.675062e+03   5266872   1
       510   2.342559e+08  2.384442e+08  2.682224e+03   5277493   1
       511   1.696609e+08  2.384455e+08  2.689470e+03   5287412   1
       512   3.598363e+08  2.384493e+08  2.704023e+03   5297747   1
       513   2.381510e+08  2.384667e+08  2.711072e+03   5308296   1
       514   2.662903e+08  2.385051e+08  2.718018e+03   5318662   1
       515   2.002718e+08  2.385211e+08  2.725020e+03   5328996   1
       516   1.753235e+08  2.385489e+08  2.732083e+03   5339524   1
       517   2.106980e+08  2.385531e+08  2.739167e+03   5350208   1
       518   3.129046e+08  2.386242e+08  2.746186e+03   5360667   1
       519   4.160860e+08  2.386266e+08  2.753339e+03   5370682   1
       520   2.608835e+08  2.386880e+08  2.760448e+03   5380808   1
       521   2.508510e+08  2.387270e+08  2.767678e+03   5391249   1
       522   2.133337e+08  2.388184e+08  2.775000e+03   5401772   1
       523   1.916987e+08  2.388192e+08  2.782247e+03   5411210   1
       524   2.289604e+08  2.389591e+08  2.797087e+03   5421349   1
       525   2.088717e+08  2.389614e+08  2.804231e+03   5432057   1
       526   4.078194e+08  2.390842e+08  2.811352e+03   5442227   1
       527   3.577943e+08  2.393784e+08  2.818469e+03   5452994   1
       528   2.672387e+08  2.394200e+08  2.825685e+03   5463661   1
       529   2.678018e+08  2.394303e+08  2.832910e+03   5473620   1
       530   1.840885e+08  2.394323e+08  2.840085e+03   5483920   1
       531   3.338585e+08  2.395296e+08  2.847220e+03   5493964   1
       532   2.526178e+08  2.395316e+08  2.854401e+03   5504509   1
       533   3.201393e+08  2.395401e+08  2.861694e+03   5514807   1
       534   1.774072e+08  2.396957e+08  2.868971e+03   5524563   1
       535   3.998540e+08  2.396978e+08  2.876262e+03   5535067   1
       536   1.772590e+08  2.397536e+08  2.883729e+03   5545198   1
       537   2.365164e+08  2.398180e+08  2.898834e+03   5556011   1
       538   1.984174e+08  2.398392e+08  2.906064e+03   5566472   1
       539   1.904628e+08  2.399719e+08  2.913314e+03   5576921   1
       540   2.433325e+08  2.400462e+08  2.920555e+03   5587682   1
       541   1.749268e+08  2.400607e+08  2.927828e+03   5597617   1
       542   6.593311e+08  2.400643e+08  2.935006e+03   5608030   1
       543   2.492327e+08  2.400930e+08  2.942293e+03   5618536   1
       544   2.144532e+08  2.400932e+08  2.949653e+03   5628902   1
       545   1.836687e+08  2.401931e+08  2.957030e+03   5639030   1
       546   1.865539e+08  2.402442e+08  2.964360e+03   5649247   1
       547   1.921647e+08  2.402458e+08  2.971801e+03   5659469   1
       548   3.044378e+08  2.402615e+08  2.979275e+03   5670051   1
       549   4.896991e+08  2.403290e+08  2.986647e+03   5680462   1
       550   1.998438e+08  2.403305e+08  3.002002e+03   5690569   1
       551   2.785286e+08  2.403471e+08  3.009334e+03   5700908   1
       552   2.467771e+08  2.404342e+08  3.016729e+03   5711365   1
       553   2.102301e+08  2.404376e+08  3.024026e+03   5721602   1
       554   2.378365e+08  2.404759e+08  3.031444e+03   5732159   1
       555   1.905686e+08  2.404776e+08  3.038801e+03   5742400   1
       556   2.860404e+08  2.406838e+08  3.046148e+03   5752500   1
       557   2.273779e+08  2.406848e+08  3.053516e+03   5762975   1
       558   6.583474e+08  2.410282e+08  3.060900e+03   5773196   1
       559   3.852175e+08  2.410735e+08  3.068317e+03   5783548   1
       560   2.455783e+08  2.412824e+08  3.075796e+03   5793787   1
       561   2.299131e+08  2.413010e+08  3.083558e+03   5804066   1
       562   2.841013e+08  2.413317e+08  3.091140e+03   5814295   1
       563   2.555862e+08  2.413325e+08  3.106666e+03   5824650   1
       564   2.275075e+08  2.414278e+08  3.114058e+03   5835047   1
       565   2.992920e+08  2.414844e+08  3.121401e+03   5845338   1
       566   1.658322e+08  2.415064e+08  3.128840e+03   5855073   1
       567   2.479136e+08  2.415374e+08  3.136288e+03   5865444   1
       568   2.715145e+08  2.415492e+08  3.143837e+03   5875661   1
       569   2.129076e+08  2.415531e+08  3.151409e+03   5886259   1
       570   3.431768e+08  2.415858e+08  3.159048e+03   5896447   1
       571   2.370488e+08  2.415865e+08  3.166620e+03   5906836   1
       572   2.099575e+08  2.415912e+08  3.174244e+03   5916784   1
       573   2.317354e+08  2.415965e+08  3.182059e+03   5927248   1
       574   2.570893e+08  2.415971e+08  3.189728e+03   5937594   1
       575   2.354049e+08  2.416304e+08  3.197474e+03   5948074   1
       576   5.271192e+08  2.416461e+08  3.213092e+03   5958330   1
       577   4.826643e+08  2.416571e+08  3.220466e+03   5968513   1
       578   1.681969e+08  2.419219e+08  3.227959e+03   5978729   1
       579   3.834678e+08  2.419236e+08  3.235555e+03   5989017   1
       580   1.397842e+08  2.419250e+08  3.243292e+03   5999454   1
       581   1.519626e+08  2.419265e+08  3.250891e+03   6009869   1
       582   3.019205e+08  2.419971e+08  3.258475e+03   6020421   1
       583   2.667580e+08  2.420224e+08  3.266051e+03   6030879   1
       584   2.969899e+08  2.420382e+08  3.273682e+03   6041141   1
       585   3.798090e+08  2.420395e+08  3.281382e+03   6051457   1
       586   1.954473e+08  2.421095e+08  3.289246e+03   6062100   1
       587   1.765669e+08  2.421190e+08  3.297013e+03   6072322   1
       588   4.966111e+08  2.421649e+08  3.304766e+03   6082833   1
       589   1.300259e+08  2.422105e+08  3.321139e+03   6092951   1
       590   3.489220e+08  2.422226e+08  3.328764e+03   6103630   1
       591   2.128274e+08  2.422366e+08  3.336416e+03   6114330   1
       592   1.650442e+08  2.423379e+08  3.344116e+03   6124678   1
       593   2.086672e+08  2.425700e+08  3.351890e+03   6134799   1
       594   2.216124e+08  2.425715e+08  3.359622e+03   6144948   1
       595   2.307295e+08  2.425799e+08  3.367327e+03   6155397   1
       596   1.472564e+08  2.425809e+08  3.375057e+03   6165635   1
       597   2.149731e+08  2.426264e+08  3.382759e+03   6175911   1
       598   2.170045e+08  2.426363e+08  3.390521e+03   6186150   1
       599   7.248489e+08  2.428017e+08  3.398259e+03   6196553   1
       600   1.965107e+08  2.428168e+08  3.406134e+03   6207007   1
       601   2.748434e+08  2.428176e+08  3.414125e+03   6217491   1
       602   5.662695e+08  2.428255e+08  3.422049e+03   6227669   1
       603   2.595686e+08  2.428261e+08  3.438397e+03   6238209   1
       604   2.014308e+08  2.428369e+08  3.446343e+03   6248443   1
       605   2.582250e+08  2.428380e+08  3.454200e+03   6258989   1
       606   2.218083e+08  2.428620e+08  3.461905e+03   6269215   1
       607   1.688955e+08  2.428645e+08  3.469640e+03   6279348   1
       608   3.905395e+08  2.428663e+08  3.477500e+03   6289832   1
       609   2.768352e+08  2.429408e+08  3.485411e+03   6300417   1
       610   2.678748e+08  2.429646e+08  3.493260e+03   6310729   1
       611   2.319372e+08  2.429830e+08  3.501194e+03   6321562   1
       612   2.206146e+08  2.431516e+08  3.509081e+03   6331775   1
       613   2.610809e+08  2.432139e+08  3.517133e+03   6341930   1
       614   2.637070e+08  2.432805e+08  3.525145e+03   6352513   1
       615   1.923353e+08  2.433065e+08  3.533260e+03   6362752   1
       616   1.959698e+08  2.433304e+08  3.550039e+03   6372993   1
       617   1.731393e+08  2.437481e+08  3.557925e+03   6383050   1
       618   2.748612e+08  2.437570e+08  3.565853e+03   6393646   1
       619   1.770648e+08  2.437652e+08  3.573775e+03   6403893   1
       620   1.973354e+08  2.437985e+08  3.581706e+03   6414489   1
       621   3.587146e+08  2.438190e+08  3.589606e+03   6424744   1
       622   3.040087e+08  2.438466e+08  3.597568e+03   6434960   1
       623   3.093642e+08  2.438585e+08  3.605573e+03   6445257   1
       624   2.333787e+08  2.438803e+08  3.613581e+03   6455622   1
       625   2.471314e+08  2.438987e+08  3.621598e+03   6466140   1
       626   1.525789e+08  2.439626e+08  3.629620e+03   6476421   1
       627   3.273957e+08  2.443861e+08  3.637697e+03   6486750   1
       628   2.022858e+08  2.444476e+08  3.645816e+03   6497060   1
       629   6.089208e+08  2.444599e+08  3.654054e+03   6507273   1
       630   2.260393e+08  2.445548e+08  3.671026e+03   6517806   1
       631   2.811632e+08  2.445664e+08  3.679028e+03   6528261   1
       632   3.107233e+08  2.445692e+08  3.687007e+03   6538899   1
       633   4.114139e+08  2.445724e+08  3.695000e+03   6549543   1
       634   2.656507e+08  2.445727e+08  3.703067e+03   6559770   1
       635   3.722540e+08  2.445738e+08  3.711072e+03   6570236   1
       636   2.341351e+08  2.445880e+08  3.719128e+03   6580485   1
       637   1.790130e+08  2.445903e+08  3.727248e+03   6590790   1
       638   2.097062e+08  2.445949e+08  3.735436e+03   6600840   1
       639   2.113897e+08  2.445950e+08  3.743680e+03   6611136   1
       640   2.625944e+08  2.445950e+08  3.751874e+03   6621385   1
       641   1.607450e+08  2.446038e+08  3.760123e+03   6631978   1
       642   2.088861e+08  2.446041e+08  3.768388e+03   6642145   1
       643   1.983077e+08  2.446962e+08  3.776678e+03   6652487   1
       644   2.621960e+08  2.447031e+08  3.793826e+03   6662715   1
       645   6.611115e+08  2.447140e+08  3.801959e+03   6672802   1
       646   3.912911e+08  2.447258e+08  3.810016e+03   6683238   1
       647   1.719538e+08  2.448060e+08  3.818144e+03   6693086   1
       648   1.281177e+08  2.449217e+08  3.826260e+03   6703293   1
       649   2.096536e+08  2.449228e+08  3.834496e+03   6713697   1
       650   1.895888e+08  2.451694e+08  3.842732e+03   6724342   1
       651   2.625960e+08  2.452304e+08  3.850870e+03   6734376   1
       652   1.982605e+08  2.452330e+08  3.859165e+03   6744670   1
       653   2.216352e+08  2.452339e+08  3.867495e+03   6754802   1
       654   3.210994e+08  2.453698e+08  3.875710e+03   6765205   1
       655   1.839260e+08  2.454062e+08  3.884095e+03   6775395   1
       656   1.503877e+08  2.454508e+08  3.892520e+03   6785775   1
       657   4.245735e+08  2.454565e+08  3.900856e+03   6795862   1
       658   1.772524e+08  2.454707e+08  3.918192e+03   6806156   1
       659   4.212244e+08  2.456640e+08  3.926288e+03   6816018   1
       660   4.006539e+08  2.457463e+08  3.934643e+03   6826642   1
       661   2.272157e+08  2.457463e+08  3.942802e+03   6836985   1
       662   2.198153e+08  2.460874e+08  3.951189e+03   6847199   1
       663   2.343795e+08  2.461165e+08  3.959561e+03   6857843   1
       664   3.704389e+08  2.462519e+08  3.967776e+03   6868001   1
       665   2.167591e+08  2.462543e+08  3.976028e+03   6877570   1
       666   3.839545e+08  2.462798e+08  3.984419e+03   6887779   1
       667   4.058872e+08  2.462874e+08  3.992898e+03   6898203   1
       668   1.934575e+08  2.463524e+08  4.001307e+03   6908626   1
       669   1.261531e+08  2.463541e+08  4.009818e+03   6918926   1
       670   2.165444e+08  2.466002e+08  4.018323e+03   6929604   1
       671   2.173883e+08  2.466778e+08  4.026953e+03   6939701   1
       672   1.607934e+08  2.470045e+08  4.044700e+03   6950092   1
       673   2.244691e+08  2.470526e+08  4.053045e+03   6960781   1
       674   2.570865e+08  2.470578e+08  4.061278e+03   6971241   1
       675   2.356768e+08  2.470882e+08  4.069636e+03   6981875   1
       676   6.068718e+08  2.470954e+08  4.078036e+03   6992281   1
       677   2.269934e+08  2.472342e+08  4.086558e+03   7002603   1
       678   5.196652e+08  2.472625e+08  4.094948e+03   7012524   1
       679   1.796151e+08  2.473744e+08  4.103561e+03   7022881   1
       680   2.803953e+08  2.476503e+08  4.111952e+03   7033294   1
       681   1.817733e+08  2.476550e+08  4.120364e+03   7043907   1
       682   2.744167e+08  2.476573e+08  4.128860e+03   7054195   1
       683   2.388651e+08  2.477018e+08  4.137461e+03   7064740   1
       684   2.070411e+08  2.477032e+08  4.146105e+03   7074988   1
       685   2.570445e+08  2.477117e+08  4.154797e+03   7085405   1
       686   3.397455e+08  2.477742e+08  4.172850e+03   7095666   1
       687   3.011992e+08  2.477760e+08  4.181413e+03   7106139   1
       688   2.043150e+08  2.479244e+08  4.189843e+03   7116290   1
       689   1.716195e+08  2.479366e+08  4.198348e+03   7126626   1
       690   2.891877e+08  2.479633e+08  4.206856e+03   7136869   1
       691   2.757319e+08  2.480772e+08  4.215294e+03   7147271   1
       692   1.675349e+08  2.480833e+08  4.223851e+03   7156976   1
       693   2.275962e+08  2.481055e+08  4.232571e+03   7167244   1
       694   1.660553e+08  2.481285e+08  4.241274e+03   7177238   1
       695   2.839712e+08  2.482059e+08  4.249906e+03   7187507   1
       696   1.658695e+08  2.482168e+08  4.258423e+03   7198040   1
       697   2.336198e+08  2.482289e+08  4.267125e+03   7208721   1
       698   3.271772e+08  2.482309e+08  4.275866e+03   7219166   1
       699   2.218988e+08  2.482335e+08  4.284694e+03   7229553   1
       700   2.862162e+08  2.482337e+08  4.303060e+03   7240071   1
       701   2.710423e+08  2.482346e+08  4.311628e+03   7250195   1
       702   2.483523e+08  2.483456e+08  4.320288e+03   7260688   1
       703   2.160224e+08  2.484438e+08  4.328975e+03   7271108   1
       704   3.444005e+08  2.484584e+08  4.337652e+03   7281736   1
       705   2.299177e+08  2.484688e+08  4.346541e+03   7291558   1
       706   1.564215e+08  2.484699e+08  4.355182e+03   7302010   1
       707   2.016117e+08  2.484725e+08  4.363878e+03   7312492   1
       708   1.858762e+08  2.485693e+08  4.372679e+03   7322259   1
       709   1.825651e+08  2.485703e+08  4.381558e+03   7332241   1
       710   4.366421e+08  2.487434e+08  4.390541e+03   7342786   1
       711   1.572773e+08  2.487441e+08  4.399653e+03   7352930   1
       712   2.193957e+08  2.487496e+08  4.408737e+03   7363455   1
       713   1.733770e+08  2.487509e+08  4.417970e+03   7373455   1
       714   5.044942e+08  2.488737e+08  4.436816e+03   7383796   1
       715   2.365639e+08  2.489648e+08  4.445584e+03   7394389   1
       716   4.282779e+08  2.489739e+08  4.454291e+03   7404402   1
       717   2.434213e+08  2.490130e+08  4.462929e+03   7414787   1
       718   1.578272e+08  2.490245e+08  4.471849e+03   7424949   1
       719   1.893400e+08  2.490432e+08  4.480680e+03   7435251   1
       720   3.161877e+08  2.490559e+08  4.489408e+03   7445688   1
       721   2.593290e+08  2.490604e+08  4.498163e+03   7456003   1
       722   2.125891e+08  2.490988e+08  4.507062e+03   7466665   1
       723   4.870484e+08  2.491000e+08  4.515733e+03   7477034   1
       724   4.027291e+08  2.493211e+08  4.524509e+03   7487442   1
       725   2.497860e+08  2.493508e+08  4.533461e+03   7497776   1
       726   2.828110e+08  2.494969e+08  4.542436e+03   7508441   1
       727   2.368241e+08  2.495218e+08  4.551373e+03   7518659   1
       728   2.768475e+08  2.495347e+08  4.560514e+03   7528734   1
       729   1.940673e+08  2.495388e+08  4.579578e+03   7538841   1
       730   1.529295e+08  2.495518e+08  4.588475e+03   7549022   1
       731   1.621616e+08  2.495537e+08  4.597442e+03   7558907   1
       732   2.797361e+08  2.495632e+08  4.606263e+03   7569476   1
       733   1.790601e+08  2.495847e+08  4.615156e+03   7579593   1
       734   2.679964e+08  2.496169e+08  4.624180e+03   7590248   1
       735   5.571594e+08  2.496633e+08  4.632941e+03   7600999   1
       736   2.182585e+08  2.496775e+08  4.641873e+03   7611126   1
       737   3.683196e+08  2.496970e+08  4.650765e+03   7621405   1
       738   2.301729e+08  2.498010e+08  4.659896e+03   7631575   1
       739   4.900070e+08  2.498583e+08  4.668839e+03   7642068   1
       740   4.066245e+08  2.499966e+08  4.677864e+03   7652010   1
       741   2.049527e+08  2.500036e+08  4.686989e+03   7662323   1
       742   3.479951e+08  2.501366e+08  4.696045e+03   7672636   1
       743   2.646211e+08  2.501399e+08  4.705311e+03   7682777   1
       744   3.647928e+08  2.501695e+08  4.724717e+03   7693082   1
       745   2.393803e+08  2.502578e+08  4.733685e+03   7703577   1
       746   2.196710e+08  2.503065e+08  4.742686e+03   7714089   1
       747   2.758023e+08  2.503112e+08  4.751664e+03   7724379   1
       748   1.925831e+08  2.503770e+08  4.760740e+03   7734961   1
       749   2.213534e+08  2.504161e+08  4.769749e+03   7745563   1
       750   1.863273e+08  2.504226e+08  4.778865e+03   7755424   1
       751   2.645018e+08  2.504296e+08  4.787972e+03   7766132   1
       752   5.746946e+08  2.505207e+08  4.796859e+03   7776608   1
       753   3.229826e+08  2.506252e+08  4.806040e+03   7786892   1
       754   2.696232e+08  2.506525e+08  4.815109e+03   7797306   1
       755   2.331443e+08  2.507290e+08  4.824118e+03   7807399   1
       756   1.899293e+08  2.507452e+08  4.833392e+03   7818040   1
       757   2.827720e+08  2.507728e+08  4.842603e+03   7828621   1
       758   1.965715e+08  2.507783e+08  4.851970e+03   7838964   1
       759   2.154683e+08  2.507877e+08  4.861298e+03   7848947   1
       760   5.733103e+08  2.507975e+08  4.880842e+03   7859208   1
       761   2.217755e+08  2.508128e+08  4.889988e+03   7869916   1
       762   2.342683e+08  2.508945e+08  4.899145e+03   7880426   1
       763   2.287303e+08  2.508966e+08  4.908443e+03   7890904   1
       764   2.395999e+08  2.509037e+08  4.917666e+03   7901255   1
       765   1.659871e+08  2.509092e+08  4.926912e+03   7911212   1
       766   1.625865e+08  2.509103e+08  4.936086e+03   7921293   1
       767   3.128423e+08  2.509640e+08  4.945248e+03   7931726   1
       768   2.392211e+08  2.509706e+08  4.954556e+03   7942033   1
       769   1.982780e+08  2.509744e+08  4.964019e+03   7952189   1
       770   1.979493e+08  2.509904e+08  4.973310e+03   7962325   1
       771   3.463066e+08  2.510284e+08  4.982619e+03   7972861   1
       772   2.784824e+08  2.511251e+08  4.992065e+03   7983127   1
       773   2.716842e+08  2.511887e+08  5.001505e+03   7993622   1
       774   2.771762e+08  2.512531e+08  5.010935e+03   8004334   1
       775   3.085841e+08  2.513271e+08  5.030810e+03   8014977   1
       776   3.993218e+08  2.514622e+08  5.040010e+03   8025502   1
       777   6.653548e+08  2.514797e+08  5.049179e+03   8035892   1
       778   2.636244e+08  2.514872e+08  5.058322e+03   8046101   1
       779   2.358845e+08  2.514875e+08  5.067697e+03   8056568   1
       780   1.926708e+08  2.514878e+08  5.077120e+03   8066785   1
       781   1.805792e+08  2.514892e+08  5.086457e+03   8077433   1
       782   2.075478e+08  2.514927e+08  5.095839e+03   8087987   1
       783   3.513763e+08  2.515319e+08  5.105178e+03   8098580   1
       784   2.641760e+08  2.517058e+08  5.114635e+03   8108810   1
       785   2.756882e+08  2.517369e+08  5.124054e+03   8118668   1
       786   1.590759e+08  2.517452e+08  5.133613e+03   8128662   1
       787   3.415088e+08  2.517577e+08  5.143052e+03   8139181   1
       788   5.181144e+08  2.517594e+08  5.152506e+03   8149564   1
       789   2.872085e+08  2.518643e+08  5.161925e+03   8160076   1
       790   5.329005e+08  2.518914e+08  5.171551e+03   8170073   1
       791   2.448309e+08  2.519727e+08  5.192167e+03   8180547   1
       792   2.160069e+08  2.519747e+08  5.201708e+03   8190666   1
       793   2.686519e+08  2.519910e+08  5.211105e+03   8200894   1
       794   1.841736e+08  2.519921e+08  5.220493e+03   8211462   1
       795   3.052182e+08  2.519934e+08  5.229916e+03   8221955   1
       796   1.780437e+08  2.519955e+08  5.239397e+03   8232442   1
       797   2.464667e+08  2.520025e+08  5.248997e+03   8242674   1
       798   3.496630e+08  2.520177e+08  5.258332e+03   8253051   1
       799   5.991201e+08  2.520185e+08  5.267616e+03   8263535   1
       800   2.867050e+08  2.520490e+08  5.277136e+03   8274040   1
       801   3.034539e+08  2.520500e+08  5.286578e+03   8284347   1
       802   2.757257e+08  2.520511e+08  5.296079e+03   8294916   1
       803   3.190513e+08  2.520522e+08  5.305662e+03   8305552   1
       804   3.322011e+08  2.520718e+08  5.315343e+03   8316216   1
       805   2.682931e+08  2.520789e+08  5.325023e+03   8326699   1
       806   2.259311e+08  2.521682e+08  5.334741e+03   8336946   1
       807   2.484682e+08  2.522318e+08  5.355655e+03   8347396   1
       808   2.354454e+08  2.522346e+08  5.365049e+03   8357700   1
       809   2.321682e+08  2.522392e+08  5.374610e+03   8367936   1
       810   2.401536e+08  2.522446e+08  5.384196e+03   8378579   1
       811   2.076052e+08  2.523589e+08  5.393881e+03   8389286   1
       812   2.924634e+08  2.523816e+08  5.403330e+03   8399647   1
       813   1.833299e+08  2.524558e+08  5.412889e+03   8410179   1
       814   2.537243e+08  2.524703e+08  5.422642e+03   8420836   1
       815   3.159199e+08  2.524709e+08  5.432223e+03   8431311   1
       816   1.492661e+08  2.524717e+08  5.442002e+03   8441703   1
       817   1.256541e+08  2.525091e+08  5.451739e+03   8451808   1
       818   1.603483e+08  2.525091e+08  5.461576e+03   8462135   1
       819   5.964956e+08  2.525546e+08  5.471248e+03   8472331   1
       820   2.063356e+08  2.525572e+08  5.481176e+03   8482243   1
       821   3.895379e+08  2.525586e+08  5.491054e+03   8492562   1
       822   1.659600e+08  2.525618e+08  5.500993e+03   8502620   1
       823   1.460295e+08  2.525697e+08  5.521861e+03   8512906   1
       824   3.161473e+08  2.525947e+08  5.531541e+03   8523365   1
       825   1.748749e+08  2.526172e+08  5.541157e+03   8534042   1
       826   8.037754e+08  2.526209e+08  5.550607e+03   8544203   1
       827   2.075507e+08  2.527218e+08  5.560423e+03   8554496   1
       828   3.092698e+08  2.527399e+08  5.570115e+03   8564770   1
       829   1.981582e+08  2.527474e+08  5.579905e+03   8574970   1
       830   2.539571e+08  2.527684e+08  5.589557e+03   8585424   1
       831   2.312456e+08  2.527974e+08  5.599376e+03   8595949   1
       832   3.687311e+08  2.528400e+08  5.609183e+03   8606130   1
       833   2.437402e+08  2.528682e+08  5.618948e+03   8616774   1
       834   2.542072e+08  2.528701e+08  5.628680e+03   8626946   1
       835   1.568882e+08  2.529860e+08  5.638477e+03   8637287   1
       836   2.098672e+08  2.530678e+08  5.648424e+03   8647707   1
       837   1.430619e+08  2.535505e+08  5.658364e+03   8657599   1
       838   1.810562e+08  2.535878e+08  5.668369e+03   8668155   1
       839   2.674506e+08  2.536394e+08  5.678536e+03   8678647   1
       840   2.438026e+08  2.538222e+08  5.699688e+03   8689085   1
       841   2.469813e+08  2.538224e+08  5.709541e+03   8699560   1
       842   2.836608e+08  2.538384e+08  5.719334e+03   8710014   1
       843   2.215580e+08  2.539763e+08  5.729137e+03   8720634   1
       844   5.547404e+08  2.539769e+08  5.738831e+03   8730952   1
       845   3.277589e+08  2.539774e+08  5.748663e+03   8741275   1
       846   2.517037e+08  2.541298e+08  5.758545e+03   8751832   1
       847   6.742640e+08  2.541305e+08  5.768355e+03   8761828   1
       848   3.129846e+08  2.542091e+08  5.778175e+03   8772502   1
       849   1.829707e+08  2.543091e+08  5.788173e+03   8782934   1
       850   1.998851e+08  2.543092e+08  5.798022e+03   8793327   1
       851   2.164374e+08  2.543093e+08  5.808002e+03   8803943   1
       852   2.071111e+08  2.543301e+08  5.818142e+03   8814575   1
       853   1.934042e+08  2.543857e+08  5.828181e+03   8825066   1
       854   3.451491e+08  2.544040e+08  5.838195e+03   8835476   1
       855   2.101027e+08  2.545072e+08  5.848277e+03   8845866   1
       856   2.397882e+08  2.545172e+08  5.869921e+03   8856060   1
       857   1.775439e+08  2.545190e+08  5.880056e+03   8866328   1
       858   3.059998e+08  2.545250e+08  5.890066e+03   8876559   1
       859   1.955673e+08  2.545264e+08  5.899993e+03   8886525   1
       860   1.790285e+08  2.545365e+08  5.910083e+03   8896557   1
       861   1.736655e+08  2.545366e+08  5.920133e+03   8907019   1
       862   2.068719e+08  2.545476e+08  5.930198e+03   8917208   1
       863   1.847114e+08  2.546862e+08  5.940240e+03   8928006   1
       864   1.524091e+08  2.547208e+08  5.950304e+03   8938512   1
       865   3.137068e+08  2.547256e+08  5.960340e+03   8948639   1
       866   3.927579e+08  2.547282e+08  5.970388e+03   8958702   1
       867   2.069049e+08  2.547293e+08  5.980554e+03   8968854   1
       868   2.082589e+08  2.547303e+08  5.990738e+03   8979348   1
       869   2.514585e+08  2.547643e+08  6.000943e+03   8989678   1
       870   4.312619e+08  2.547645e+08  6.011175e+03   9000321   1
       871   2.325405e+08  2.547645e+08  6.021350e+03   9010648   1
       872   2.837460e+08  2.547661e+08  6.031502e+03   9021021   1
       873   3.463010e+08  2.548544e+08  6.053575e+03   9031487   1
       874   1.698462e+08  2.549226e+08  6.063638e+03   9042023   1
       875   2.490728e+08  2.549374e+08  6.073754e+03   9052364   1
       876   2.701561e+08  2.549792e+08  6.083969e+03   9062675   1
       877   2.059098e+08  2.549818e+08  6.094136e+03   9073141   1
       878   1.977465e+08  2.550058e+08  6.104325e+03   9083458   1
       879   3.252181e+08  2.550189e+08  6.114408e+03   9093884   1
       880   2.129567e+08  2.550240e+08  6.124799e+03   9104023   1
       881   2.333651e+08  2.550744e+08  6.135016e+03   9114554   1
       882   4.692424e+08  2.551054e+08  6.145186e+03   9124929   1
       883   5.513814e+08  2.551452e+08  6.155312e+03   9135425   1
       884   4.346956e+08  2.551503e+08  6.165447e+03   9145541   1
       885   4.534669e+08  2.551837e+08  6.175568e+03   9155903   1
       886   2.787708e+08  2.551848e+08  6.185920e+03   9166395   1
       887   5.365565e+08  2.552065e+08  6.196061e+03   9176757   1
       888   1.496464e+08  2.552185e+08  6.206478e+03   9186618   1
       889   2.055705e+08  2.552185e+08  6.217120e+03   9197186   1
       890   5.021389e+08  2.552445e+08  6.239277e+03   9207617   1
       891   2.304832e+08  2.552445e+08  6.249617e+03   9217769   1
       892   1.685369e+08  2.552467e+08  6.259947e+03   9228043   1
       893   1.680536e+08  2.552477e+08  6.270172e+03   9238392   1
       894   1.433911e+08  2.552499e+08  6.280421e+03   9248836   1
       895   5.666539e+08  2.552504e+08  6.290671e+03   9259193   1
       896   6.004615e+08  2.552905e+08  6.300797e+03   9269259   1
       897   1.611392e+08  2.553056e+08  6.311245e+03   9279304   1
       898   2.014731e+08  2.553265e+08  6.321612e+03   9289646   1
       899   2.940162e+08  2.553403e+08  6.331859e+03   9300221   1
       900   3.039939e+08  2.553408e+08  6.342128e+03   9310574   1
       901   1.993432e+08  2.553863e+08  6.352538e+03   9321015   1
       902   2.051721e+08  2.554097e+08  6.362975e+03   9331370   1
       903   2.415963e+08  2.554105e+08  6.373481e+03   9341801   1
       904   2.190337e+08  2.554162e+08  6.384017e+03   9352464   1
       905   1.561424e+08  2.554170e+08  6.394519e+03   9362971   1
       906   3.021564e+08  2.554212e+08  6.405255e+03   9373268   1
       907   1.772621e+08  2.554219e+08  6.428023e+03   9383563   1
       908   1.912867e+08  2.554344e+08  6.438406e+03   9393895   1
       909   2.690754e+08  2.554361e+08  6.448848e+03   9403975   1
       910   2.248362e+08  2.555509e+08  6.459322e+03   9414623   1
       911   3.052334e+08  2.555788e+08  6.469780e+03   9425125   1
       912   2.920929e+08  2.555803e+08  6.480179e+03   9435499   1
       913   3.273379e+08  2.556362e+08  6.490675e+03   9446126   1
       914   2.902092e+08  2.556364e+08  6.501134e+03   9456746   1
       915   2.424015e+08  2.556602e+08  6.511727e+03   9466676   1
       916   1.598493e+08  2.556634e+08  6.522195e+03   9477163   1
       917   2.449231e+08  2.557382e+08  6.532568e+03   9487494   1
       918   2.409298e+08  2.557943e+08  6.543169e+03   9497828   1
       919   2.125652e+08  2.558129e+08  6.553805e+03   9508518   1
       920   3.031881e+08  2.558862e+08  6.564552e+03   9518694   1
       921   2.249136e+08  2.559494e+08  6.575391e+03   9528831   1
       922   1.616426e+08  2.559539e+08  6.586120e+03   9539324   1
       923   1.384247e+08  2.559574e+08  6.596879e+03   9549439   1
       924   2.221974e+08  2.559692e+08  6.619956e+03   9560057   1
       925   2.271167e+08  2.559698e+08  6.630551e+03   9570765   1
       926   2.280424e+08  2.561052e+08  6.640889e+03   9580815   1
       927   2.569899e+08  2.561858e+08  6.651525e+03   9591272   1
       928   2.093069e+08  2.561868e+08  6.662278e+03   9601003   1
       929   1.500359e+08  2.562157e+08  6.672927e+03   9611270   1
       930   1.830565e+08  2.562187e+08  6.683614e+03   9621858   1
       931   2.513576e+08  2.562276e+08  6.694298e+03   9632410   1
       932   2.296320e+08  2.562567e+08  6.705034e+03   9642713   1
       933   1.139017e+08  2.562568e+08  6.715650e+03   9652559   1
       934   3.606484e+08  2.565418e+08  6.726444e+03   9662582   1
       935   2.912820e+08  2.565442e+08  6.737051e+03   9672825   1
       936   1.936386e+08  2.565502e+08  6.747715e+03   9682882   1
       937   2.405840e+08  2.565546e+08  6.758587e+03   9693329   1
       938   5.782888e+08  2.565610e+08  6.769305e+03   9703500   1
       939   3.802402e+08  2.566098e+08  6.780139e+03   9713884   1
       940   2.917293e+08  2.566251e+08  6.791112e+03   9724141   1
       941   1.796273e+08  2.566343e+08  6.814479e+03   9734499   1
       942   2.403174e+08  2.566416e+08  6.825121e+03   9744961   1
       943   1.634046e+08  2.566433e+08  6.836012e+03   9755389   1
       944   2.758315e+08  2.567395e+08  6.846526e+03   9765982   1
       945   2.886159e+08  2.567536e+08  6.857082e+03   9776600   1
       946   2.006648e+08  2.567628e+08  6.867644e+03   9786908   1
       947   2.457190e+08  2.567635e+08  6.878286e+03   9797568   1
       948   1.907235e+08  2.567762e+08  6.889071e+03   9807841   1
       949   2.756231e+08  2.567825e+08  6.900002e+03   9818334   1
       950   1.578689e+08  2.568241e+08  6.910868e+03   9828885   1
       951   2.123367e+08  2.570120e+08  6.921544e+03   9839167   1
       952   1.776332e+08  2.570121e+08  6.932328e+03   9848869   1
       953   2.190472e+08  2.570697e+08  6.943220e+03   9859328   1
       954   2.506703e+08  2.570906e+08  6.954130e+03   9869778   1
       955   3.198420e+08  2.570908e+08  6.964958e+03   9880367   1
       956   2.419216e+08  2.571032e+08  6.976024e+03   9890909   1
       957   3.028183e+08  2.571056e+08  6.987047e+03   9900995   1
       958   2.459054e+08  2.571056e+08  7.010825e+03   9911304   1
       959   3.638288e+08  2.571068e+08  7.021603e+03   9921761   1
       960   6.530772e+08  2.571083e+08  7.032287e+03   9931759   1
       961   1.640845e+08  2.571084e+08  7.043059e+03   9942198   1
       962   1.534343e+08  2.571285e+08  7.053812e+03   9952891   1
       963   2.330021e+08  2.571313e+08  7.064712e+03   9963297   1
       964   3.561783e+08  2.571313e+08  7.075566e+03   9973562   1
       965   2.001465e+08  2.571362e+08  7.086406e+03   9983964   1
       966   1.842964e+08  2.571866e+08  7.097240e+03   9993808   1
       967   1.813938e+08  2.572069e+08  7.108346e+03  10003968   1
       968   1.583557e+08  2.572138e+08  7.119249e+03  10014015   1
       969   2.904682e+08  2.572176e+08  7.130300e+03  10024588   1
       970   2.066668e+08  2.574671e+08  7.141385e+03  10034370   1
       971   2.939029e+08  2.576179e+08  7.152446e+03  10044901   1
       972   3.628032e+08  2.576207e+08  7.163210e+03  10055490   1
       973   2.744695e+08  2.576630e+08  7.174179e+03  10065804   1
       974   2.162282e+08  2.576636e+08  7.185190e+03  10076393   1
       975   3.256064e+08  2.576737e+08  7.209464e+03  10087102   1
-------------------------------------------------------------------
status         : time_limit
total time (s) : 7.209464e+03
total solves   : 10087102
best bound     :  2.576737e+08
simulation ci  :  2.868509e+08  8.633769e+06
numeric issues : 0
-------------------------------------------------------------------

 
                                        Time                    Allocations      
                                  
       Tot / % measured:            2.00h /  99.9%            854GiB /  99.9%    

 Section               ncalls     time    %tot     avg     alloc    %tot      avg
 
 backward_pass            975    1.99h   99.3%   7.34s    846GiB   99.1%   888MiB
   solve_subproblem     10.0M    2611s   36.2%   262s    506GiB   59.3%  53.2KiB
     get_dual_solution  10.0M    49.3s    0.7%  4.95s   14.3GiB    1.7%  1.50KiB
   prepare_backward...  1.95k    1.39s    0.0%   715s    311MiB    0.0%   163KiB
 forward_pass             975    44.8s    0.6%  46.0ms   6.81GiB    0.8%  7.15MiB
   solve_subproblem      117k    28.5s    0.4%   244s   5.96GiB    0.7%  53.4KiB
     get_dual_solution   117k    118ms    0.0%  1.01s   62.5MiB    0.0%     560B
   sample_scenario        975   4.96ms    0.0%  5.09s    152KiB    0.0%     160B
 calculate_bound          975    2.43s    0.0%  2.49ms    835MiB    0.1%   877KiB
   get_dual_solution      975   1.32ms    0.0%  1.35s    533KiB    0.0%     560B
 


||||||||||||||||||||||||||||||||||||||||||||||||||||||||||||||||||||||||||||||||||||||||||||||||||||||||||||||||||||||||||||||||||||||||
SIMULATION RESULTS
LogLinearSDDP.NoSimulation()
markov
Lower bound: 2.5767372949636206e8
Statistical upper bound (confidence interval): 3.2537947288252693e8  6.490193293252249e6
Pessimistic upper bound: 3.3186966617577916e8

||||||||||||||||||||||||||||||||||||||||||||||||||||||||||||||||||||||||||||||||||||||||||||||||||||||||||||||||||||||||||||||||||||||||
SIMULATION RESULTS
LogLinearSDDP.NoSimulation()
markov
Lower bound: 2.5767372949636206e8
Statistical upper bound (confidence interval): 2.073082849636393e8  5.132129689215689e6
Pessimistic upper bound: 2.1244041465285498e8

||||||||||||||||||||||||||||||||||||||||||||||||||||||||||||||||||||||||||||||||||||||||||||||||||||||||||||||||||||||||||||||||||||||||
SIMULATION RESULTS
LogLinearSDDP.NoSimulation()
custom_model
Lower bound: 2.5767372949636206e8
Statistical upper bound (confidence interval): 3.5671921594070894e8  7.105479657926936e6
Pessimistic upper bound: 3.6382469559863585e8

||||||||||||||||||||||||||||||||||||||||||||||||||||||||||||||||||||||||||||||||||||||||||||||||||||||||||||||||||||||||||||||||||||||||
SIMULATION RESULTS
LogLinearSDDP.NoSimulation()
custom_model
Lower bound: 2.5767372949636206e8
Statistical upper bound (confidence interval): 2.21930319642891e8  5.476283542861182e6
Pessimistic upper bound: 2.2740660318575218e8

||||||||||||||||||||||||||||||||||||||||||||||||||||||||||||||||||||||||||||||||||||||||||||||||||||||||||||||||||||||||||||||||||||||||
SIMULATION RESULTS
LogLinearSDDP.NoSimulation()
fitted_model
Lower bound: 2.5767372949636206e8
Statistical upper bound (confidence interval): 2.6167729455738568e8  4.290850397765226e6
Pessimistic upper bound: 2.659681449551509e8

||||||||||||||||||||||||||||||||||||||||||||||||||||||||||||||||||||||||||||||||||||||||||||||||||||||||||||||||||||||||||||||||||||||||
SIMULATION RESULTS
LogLinearSDDP.NoSimulation()
fitted_model
Lower bound: 2.5767372949636206e8
Statistical upper bound (confidence interval): 1.721654212704228e8  3.4204449869866013e6
Pessimistic upper bound: 1.755858662574094e8

||||||||||||||||||||||||||||||||||||||||||||||||||||||||||||||||||||||||||||||||||||||||||||||||||||||||||||||||||||||||||||||||||||||||
SIMULATION RESULTS
LogLinearSDDP.NoSimulation()
shapiro_model
Lower bound: 2.5767372949636206e8
Statistical upper bound (confidence interval): 2.7162282440624017e8  4.905388473389979e6
Pessimistic upper bound: 2.7652821287963015e8

||||||||||||||||||||||||||||||||||||||||||||||||||||||||||||||||||||||||||||||||||||||||||||||||||||||||||||||||||||||||||||||||||||||||
SIMULATION RESULTS
LogLinearSDDP.NoSimulation()
shapiro_model
Lower bound: 2.5767372949636206e8
Statistical upper bound (confidence interval): 1.784275937896777e8  3.925392248889154e6
Pessimistic upper bound: 1.8235298603856686e8

||||||||||||||||||||||||||||||||||||||||||||||||||||||||||||||||||||||||||||||||||||||||||||||||||||||||||||||||||||||||||||||||||||||||
SIMULATION RESULTS
LogLinearSDDP.NoSimulation()
markov
Lower bound: 2.5759911107395467e8
Statistical upper bound (confidence interval): 4.883324149522258e8  8.289238617121501e7
Pessimistic upper bound: 5.712248011234409e8

||||||||||||||||||||||||||||||||||||||||||||||||||||||||||||||||||||||||||||||||||||||||||||||||||||||||||||||||||||||||||||||||||||||||
SIMULATION RESULTS
LogLinearSDDP.NoSimulation()
markov
Lower bound: 2.5759911107395467e8
Statistical upper bound (confidence interval): 3.181217329993139e8  6.76641464819624e7
Pessimistic upper bound: 3.857858794812763e8
