||||||||||||||||||||||||||||||||||||||||||||||||||||||||||||||||||||||||||||||||||||||||||||||||||||||||||||||||||||||||||||||||||||||||
PATH
calling 
C:\Users\cg4102\Documents\New LogLinearSDDP\LogLinearSDDP.jl\Examples\Hydrothermal
C:\Users\cg4102\Documents\New LogLinearSDDP\LogLinearSDDP.jl\Examples\Hydrothermal\run_model_markov.jl
DATETIME
2025-04-29T15:25:48.061
RUN DESCRIPTION
LogLinearSDDP.AlgoParams(SDDP.AbstractStoppingRule[SDDP.TimeLimit(7200.0)], LogLinearSDDP.NoSimulation(), false, 2, 1, "C:/Users/cg4102/Documents/julia_logs/Cut-sharing Re-Run (2h)/Run_MC-SDDP_shapiro_model_444444/MC-SDDP.log", false, false, false, 444444, "MC-SDDP: 100 nodes, shapiro_model", :fitted_model)
-------------------------------------------------------------------
         SDDP.jl (c) Oscar Dowson and contributors, 2017-23
-------------------------------------------------------------------
problem
  nodes           : 11901
  state variables : 4
  scenarios       : 6.68857e+229
  existing cuts   : false
options
  solver          : serial mode
  risk measure    : SDDP.Expectation()
  sampling scheme : SDDP.Historical{String, Dict{String, Float64}}
subproblem structure
  VariableRef                                  : [142, 142]
  JuMP.AffExpr in MOI.EqualTo{Float64}         : [13, 13]
  JuMP.VariableRef in MOI.GreaterThan{Float64} : [138, 138]
  JuMP.VariableRef in MOI.LessThan{Float64}    : [129, 130]
-------------------------------------------------------------------
 iteration    simulation      bound        time (s)     solves  pid
-------------------------------------------------------------------
         1   1.907801e+09  8.152264e+05  6.106000e+00     10491   1
         2   8.129212e+08  4.046794e+06  9.490000e+00     20758   1
         3   9.584683e+08  4.539380e+06  1.270800e+01     31076   1
         4   4.362831e+08  4.934922e+06  1.573800e+01     41292   1
         5   4.303303e+08  1.790915e+07  1.894100e+01     51607   1
         6   8.446046e+08  2.074082e+07  2.210200e+01     62049   1
         7   7.060240e+08  2.577535e+07  2.509800e+01     72513   1
         8   5.561108e+08  2.973321e+07  2.819600e+01     82805   1
         9   3.683965e+08  3.284252e+07  3.148800e+01     93364   1
        10   2.694988e+08  3.592449e+07  3.449800e+01    103702   1
        11   2.111352e+08  4.040896e+07  3.734200e+01    113445   1
        12   2.608395e+08  4.359582e+07  4.110400e+01    124205   1
        13   4.100586e+08  4.901832e+07  4.412500e+01    134747   1
        14   1.530986e+08  4.905239e+07  4.708300e+01    144697   1
        15   2.506401e+08  5.135034e+07  5.010200e+01    155073   1
        16   6.682092e+08  5.173162e+07  5.321800e+01    165468   1
        17   5.388332e+08  5.185535e+07  5.620600e+01    175746   1
        18   5.227391e+08  5.618633e+07  5.936600e+01    185957   1
        19   3.463090e+08  5.671502e+07  6.266100e+01    196286   1
        20   2.709925e+08  5.895879e+07  6.591100e+01    206807   1
        21   1.303722e+08  5.943280e+07  6.930300e+01    217348   1
        22   5.424015e+08  6.630536e+07  7.239500e+01    227437   1
        23   3.000307e+08  6.795604e+07  7.561100e+01    238006   1
        24   1.799192e+08  7.350780e+07  7.881800e+01    248409   1
        25   2.959631e+08  7.382952e+07  8.197800e+01    258618   1
        26   5.464180e+08  7.509307e+07  8.517800e+01    268972   1
        27   2.114835e+08  7.617767e+07  8.839100e+01    279435   1
        28   2.698321e+08  7.632107e+07  9.156800e+01    289645   1
        29   2.250208e+08  7.922869e+07  9.753200e+01    300089   1
        30   5.184342e+08  8.052545e+07  1.005510e+02    310667   1
        31   5.076466e+08  8.243218e+07  1.035550e+02    321003   1
        32   2.608299e+08  9.110648e+07  1.066740e+02    331665   1
        33   2.708590e+08  9.282954e+07  1.098780e+02    342217   1
        34   1.601704e+08  9.617105e+07  1.128770e+02    352323   1
        35   3.697346e+08  9.680878e+07  1.158420e+02    362754   1
        36   4.304915e+08  1.009042e+08  1.188190e+02    373247   1
        37   3.831714e+08  1.050718e+08  1.219840e+02    383830   1
        38   5.576168e+08  1.073763e+08  1.249440e+02    393863   1
        39   3.481793e+08  1.087599e+08  1.279510e+02    404188   1
        40   4.816151e+08  1.091303e+08  1.310280e+02    414689   1
        41   3.203330e+08  1.092181e+08  1.341220e+02    425375   1
        42   3.994114e+08  1.095881e+08  1.370470e+02    435414   1
        43   4.227354e+08  1.116459e+08  1.401230e+02    445749   1
        44   4.085191e+08  1.190817e+08  1.430870e+02    456022   1
        45   6.611876e+08  1.191361e+08  1.462460e+02    466802   1
        46   4.892675e+08  1.193004e+08  1.494260e+02    477404   1
        47   2.426023e+08  1.197699e+08  1.526420e+02    488062   1
        48   6.421264e+08  1.200656e+08  1.559080e+02    498438   1
        49   2.884237e+08  1.209114e+08  1.590910e+02    508616   1
        50   3.511972e+08  1.225683e+08  1.623220e+02    519078   1
        51   2.624285e+08  1.244778e+08  1.655740e+02    529448   1
        52   2.453735e+08  1.272354e+08  1.688140e+02    539781   1
        53   4.485004e+08  1.275999e+08  1.720020e+02    550055   1
        54   2.019853e+08  1.291398e+08  1.752460e+02    560412   1
        55   2.590877e+08  1.322439e+08  1.785360e+02    570913   1
        56   5.115967e+08  1.322798e+08  1.817660e+02    581355   1
        57   2.116307e+08  1.329018e+08  1.850980e+02    591856   1
        58   1.606261e+08  1.336548e+08  1.883360e+02    602255   1
        59   3.594889e+08  1.338161e+08  1.945060e+02    612859   1
        60   3.524951e+08  1.360256e+08  1.976580e+02    623659   1
        61   2.320160e+08  1.365250e+08  2.008600e+02    634371   1
        62   3.353263e+08  1.369828e+08  2.039520e+02    644601   1
        63   2.381461e+08  1.372231e+08  2.072130e+02    655323   1
        64   5.780079e+08  1.373457e+08  2.102800e+02    665396   1
        65   5.224551e+08  1.375211e+08  2.135300e+02    675853   1
        66   3.768365e+08  1.380831e+08  2.167370e+02    686189   1
        67   4.479904e+08  1.385851e+08  2.198290e+02    696346   1
        68   2.003036e+08  1.389742e+08  2.232070e+02    707061   1
        69   2.689196e+08  1.401175e+08  2.264540e+02    717741   1
        70   3.096819e+08  1.402524e+08  2.295790e+02    727824   1
        71   3.347714e+08  1.403822e+08  2.328710e+02    738418   1
        72   2.640406e+08  1.408377e+08  2.360890e+02    748693   1
        73   2.361020e+08  1.409356e+08  2.393500e+02    758980   1
        74   4.078442e+08  1.411418e+08  2.426810e+02    769439   1
        75   3.728879e+08  1.425514e+08  2.460000e+02    780089   1
        76   3.899857e+08  1.437907e+08  2.492830e+02    790256   1
        77   2.506472e+08  1.450423e+08  2.526560e+02    800677   1
        78   2.574415e+08  1.452159e+08  2.559190e+02    810777   1
        79   2.806836e+08  1.452721e+08  2.593140e+02    821141   1
        80   7.059039e+08  1.457069e+08  2.626570e+02    831639   1
        81   1.891265e+08  1.457651e+08  2.660920e+02    842241   1
        82   2.886470e+08  1.458094e+08  2.694300e+02    852635   1
        83   3.616168e+08  1.458452e+08  2.729480e+02    863373   1
        84   3.490863e+08  1.458825e+08  2.763770e+02    873759   1
        85   3.413806e+08  1.459392e+08  2.798430e+02    884014   1
        86   4.213054e+08  1.460340e+08  2.832760e+02    894298   1
        87   2.144234e+08  1.464498e+08  2.866990e+02    904428   1
        88   2.268336e+08  1.470836e+08  2.930380e+02    914693   1
        89   2.638916e+08  1.474631e+08  2.963480e+02    924824   1
        90   1.813508e+08  1.474883e+08  2.997190e+02    935171   1
        91   2.384362e+08  1.485578e+08  3.030360e+02    945269   1
        92   4.543693e+08  1.495277e+08  3.064110e+02    955710   1
        93   3.174338e+08  1.495654e+08  3.097650e+02    965568   1
        94   2.995120e+08  1.572273e+08  3.131270e+02    975786   1
        95   1.965141e+08  1.579191e+08  3.165920e+02    986235   1
        96   3.239610e+08  1.584179e+08  3.201120e+02    996888   1
        97   4.994275e+08  1.584364e+08  3.234600e+02   1007280   1
        98   2.288207e+08  1.590274e+08  3.268820e+02   1017696   1
        99   2.736909e+08  1.595225e+08  3.304270e+02   1028402   1
       100   2.385709e+08  1.597078e+08  3.339100e+02   1038868   1
       101   4.886435e+08  1.597107e+08  3.373130e+02   1049195   1
       102   2.096392e+08  1.599928e+08  3.407470e+02   1059393   1
       103   2.537751e+08  1.609530e+08  3.443980e+02   1070003   1
       104   5.769196e+08  1.616429e+08  3.477960e+02   1080253   1
       105   3.614530e+08  1.621493e+08  3.512590e+02   1090508   1
       106   1.648310e+08  1.627406e+08  3.547410e+02   1100514   1
       107   2.560004e+08  1.630066e+08  3.583380e+02   1110897   1
       108   2.910506e+08  1.631143e+08  3.618520e+02   1121091   1
       109   2.649995e+08  1.633612e+08  3.655450e+02   1131799   1
       110   3.200273e+08  1.643423e+08  3.691680e+02   1142128   1
       111   3.473259e+08  1.653424e+08  3.727210e+02   1152463   1
       112   3.153725e+08  1.654275e+08  3.763240e+02   1162951   1
       113   3.192756e+08  1.664293e+08  3.798980e+02   1172987   1
       114   2.266217e+08  1.668445e+08  3.835840e+02   1183141   1
       115   4.340841e+08  1.670144e+08  3.872950e+02   1193406   1
       116   2.253301e+08  1.671662e+08  3.909230e+02   1203580   1
       117   3.299619e+08  1.679437e+08  3.976490e+02   1213563   1
       118   1.243441e+08  1.683824e+08  4.011590e+02   1223556   1
       119   2.423444e+08  1.686401e+08  4.047030e+02   1234025   1
       120   2.091620e+08  1.687250e+08  4.083630e+02   1244792   1
       121   2.017550e+08  1.690544e+08  4.118870e+02   1255194   1
       122   1.579332e+08  1.696393e+08  4.154630e+02   1265297   1
       123   1.518449e+08  1.715237e+08  4.191860e+02   1275830   1
       124   2.293382e+08  1.716306e+08  4.227850e+02   1286000   1
       125   3.152626e+08  1.728121e+08  4.264750e+02   1296406   1
       126   4.153558e+08  1.728643e+08  4.300860e+02   1306622   1
       127   3.933468e+08  1.735330e+08  4.336900e+02   1316790   1
       128   1.204620e+08  1.738888e+08  4.373260e+02   1326868   1
       129   1.914241e+08  1.743456e+08  4.410580e+02   1337103   1
       130   3.080213e+08  1.748718e+08  4.447730e+02   1347650   1
       131   2.816152e+08  1.749667e+08  4.484040e+02   1358031   1
       132   5.268369e+08  1.761501e+08  4.521270e+02   1368500   1
       133   5.944380e+08  1.762785e+08  4.558070e+02   1378814   1
       134   2.520105e+08  1.767073e+08  4.595790e+02   1389295   1
       135   1.694659e+08  1.767182e+08  4.633460e+02   1399548   1
       136   2.031660e+08  1.772088e+08  4.671120e+02   1409647   1
       137   2.638043e+08  1.773406e+08  4.709300e+02   1420200   1
       138   2.566352e+08  1.773430e+08  4.746740e+02   1430259   1
       139   1.478992e+08  1.773889e+08  4.784220e+02   1439939   1
       140   2.667661e+08  1.774202e+08  4.823790e+02   1450643   1
       141   2.695602e+08  1.777711e+08  4.862670e+02   1461013   1
       142   1.766086e+08  1.777874e+08  4.901600e+02   1471189   1
       143   4.824917e+08  1.791036e+08  4.940850e+02   1481890   1
       144   2.168930e+08  1.791084e+08  4.979570e+02   1491766   1
       145   2.231352e+08  1.792587e+08  5.018900e+02   1502083   1
       146   3.932171e+08  1.794308e+08  5.058560e+02   1512504   1
       147   3.137414e+08  1.812812e+08  5.241280e+02   1523114   1
       148   2.246261e+08  1.812838e+08  5.279710e+02   1533413   1
       149   2.258414e+08  1.813028e+08  5.318770e+02   1543636   1
       150   3.344789e+08  1.813739e+08  5.356980e+02   1554101   1
       151   2.698728e+08  1.819138e+08  5.395500e+02   1564468   1
       152   2.269663e+08  1.819907e+08  5.435010e+02   1575088   1
       153   3.014703e+08  1.823483e+08  5.473620e+02   1585616   1
       154   2.013916e+08  1.826996e+08  5.512890e+02   1596159   1
       155   1.586407e+08  1.835241e+08  5.551340e+02   1606111   1
       156   4.000319e+08  1.835364e+08  5.590870e+02   1616484   1
       157   5.702689e+08  1.841438e+08  5.630520e+02   1627070   1
       158   2.595025e+08  1.843952e+08  5.670250e+02   1637633   1
       159   2.598261e+08  1.846501e+08  5.709010e+02   1647445   1
       160   2.030467e+08  1.846929e+08  5.748650e+02   1657985   1
       161   3.948648e+08  1.852968e+08  5.787710e+02   1668424   1
       162   3.077941e+08  1.855366e+08  5.827680e+02   1678570   1
       163   2.019782e+08  1.858919e+08  5.869500e+02   1689100   1
       164   1.891876e+08  1.859655e+08  5.912190e+02   1699432   1
       165   3.979494e+08  1.859759e+08  5.954500e+02   1709544   1
       166   2.537104e+08  1.861079e+08  5.997980e+02   1720023   1
       167   1.870201e+08  1.861946e+08  6.040530e+02   1730068   1
       168   4.121947e+08  1.867256e+08  6.083320e+02   1740542   1
       169   2.228675e+08  1.871129e+08  6.176280e+02   1750733   1
       170   2.423360e+08  1.875283e+08  6.217360e+02   1760888   1
       171   2.723578e+08  1.884503e+08  6.258140e+02   1771470   1
       172   3.196172e+08  1.892027e+08  6.298120e+02   1781672   1
       173   3.625806e+08  1.901945e+08  6.338380e+02   1791838   1
       174   2.948415e+08  1.902149e+08  6.378910e+02   1802325   1
       175   3.871041e+08  1.903768e+08  6.419840e+02   1812838   1
       176   5.260448e+08  1.905228e+08  6.460350e+02   1823076   1
       177   1.946925e+08  1.906332e+08  6.501840e+02   1833327   1
       178   3.365016e+08  1.908084e+08  6.543590e+02   1843853   1
       179   2.467551e+08  1.908185e+08  6.585030e+02   1854083   1
       180   4.463336e+08  1.909212e+08  6.626860e+02   1864152   1
       181   3.239201e+08  1.921279e+08  6.669220e+02   1874308   1
       182   2.642595e+08  1.925962e+08  6.713770e+02   1884872   1
       183   1.946884e+08  1.931892e+08  6.758340e+02   1895350   1
       184   2.438002e+08  1.953213e+08  6.802910e+02   1905531   1
       185   1.781167e+08  1.955670e+08  6.847980e+02   1916010   1
       186   2.036878e+08  1.961328e+08  6.936230e+02   1926231   1
       187   2.505163e+08  1.961547e+08  6.977650e+02   1936718   1
       188   2.972732e+08  1.963163e+08  7.018760e+02   1946876   1
       189   2.748582e+08  1.963219e+08  7.060330e+02   1957273   1
       190   1.971426e+08  1.963683e+08  7.101900e+02   1967254   1
       191   2.634650e+08  1.964989e+08  7.143370e+02   1977286   1
       192   5.362260e+08  1.966982e+08  7.186040e+02   1987645   1
       193   2.287230e+08  1.973910e+08  7.229120e+02   1998154   1
       194   1.774710e+08  1.973944e+08  7.273080e+02   2008714   1
       195   1.943016e+08  1.979208e+08  7.316800e+02   2019248   1
       196   1.802764e+08  1.983836e+08  7.361330e+02   2029475   1
       197   8.032371e+08  1.991362e+08  7.405080e+02   2039885   1
       198   1.382908e+08  1.992225e+08  7.448750e+02   2049900   1
       199   2.184436e+08  1.994842e+08  7.492270e+02   2059929   1
       200   2.613072e+08  1.998066e+08  7.537040e+02   2070362   1
       201   3.859616e+08  1.998426e+08  7.623030e+02   2080783   1
       202   1.460910e+08  1.999225e+08  7.666210e+02   2091151   1
       203   3.620729e+08  2.000947e+08  7.710140e+02   2101556   1
       204   5.150104e+08  2.002547e+08  7.753150e+02   2111712   1
       205   2.502063e+08  2.003200e+08  7.797000e+02   2122153   1
       206   2.565303e+08  2.003474e+08  7.841070e+02   2132755   1
       207   2.970030e+08  2.003822e+08  7.884310e+02   2142749   1
       208   2.058949e+08  2.018074e+08  7.930100e+02   2153303   1
       209   3.941848e+08  2.026655e+08  7.975170e+02   2163918   1
       210   6.365186e+08  2.029394e+08  8.020620e+02   2174368   1
       211   2.620624e+08  2.029521e+08  8.066430e+02   2184881   1
       212   2.311391e+08  2.030420e+08  8.111420e+02   2195297   1
       213   1.647971e+08  2.030492e+08  8.200050e+02   2205734   1
       214   1.927832e+08  2.031254e+08  8.244530e+02   2216382   1
       215   1.818036e+08  2.031277e+08  8.288490e+02   2226758   1
       216   1.704470e+08  2.032830e+08  8.333150e+02   2237005   1
       217   2.456555e+08  2.033350e+08  8.377860e+02   2247366   1
       218   2.104846e+08  2.036232e+08  8.422790e+02   2257612   1
       219   3.239599e+08  2.036655e+08  8.467090e+02   2267930   1
       220   2.298012e+08  2.036786e+08  8.512080e+02   2278447   1
       221   1.884293e+08  2.039138e+08  8.557720e+02   2288689   1
       222   2.298202e+08  2.040635e+08  8.604410e+02   2299198   1
       223   1.911681e+08  2.040928e+08  8.650160e+02   2309383   1
       224   3.954405e+08  2.041109e+08  8.696620e+02   2319453   1
       225   1.750691e+08  2.045313e+08  8.785120e+02   2329863   1
       226   4.768482e+08  2.055547e+08  8.830130e+02   2340065   1
       227   2.870563e+08  2.057891e+08  8.875560e+02   2350459   1
       228   3.458561e+08  2.060441e+08  8.922140e+02   2361152   1
       229   2.215234e+08  2.066359e+08  8.968280e+02   2371665   1
       230   2.621062e+08  2.070412e+08  9.014280e+02   2382311   1
       231   3.912725e+08  2.071010e+08  9.059710e+02   2392329   1
       232   1.846422e+08  2.071496e+08  9.107190e+02   2402631   1
       233   2.496028e+08  2.075509e+08  9.154320e+02   2413001   1
       234   2.538949e+08  2.078262e+08  9.202590e+02   2423292   1
       235   3.431472e+08  2.078718e+08  9.293930e+02   2433801   1
       236   5.171508e+08  2.085497e+08  9.339560e+02   2443709   1
       237   2.464551e+08  2.088453e+08  9.385930e+02   2454079   1
       238   1.376247e+08  2.090144e+08  9.431720e+02   2464080   1
       239   4.630697e+08  2.090617e+08  9.478820e+02   2474474   1
       240   3.448260e+08  2.090723e+08  9.526000e+02   2484876   1
       241   3.381041e+08  2.091626e+08  9.572770e+02   2494703   1
       242   7.996819e+08  2.092717e+08  9.618830e+02   2505039   1
       243   2.268946e+08  2.093529e+08  9.667250e+02   2515488   1
       244   2.144505e+08  2.095282e+08  9.715910e+02   2525890   1
       245   1.771531e+08  2.099065e+08  9.764850e+02   2536280   1
       246   2.166191e+08  2.099734e+08  9.856490e+02   2546606   1
       247   3.372107e+08  2.102637e+08  9.903070e+02   2556883   1
       248   3.503902e+08  2.103500e+08  9.949210e+02   2566679   1
       249   1.828887e+08  2.104002e+08  9.996250e+02   2576625   1
       250   6.746877e+08  2.115040e+08  1.004262e+03   2586581   1
       251   1.831752e+08  2.115353e+08  1.009017e+03   2596805   1
       252   2.922534e+08  2.121068e+08  1.013774e+03   2606634   1
       253   2.681930e+08  2.121349e+08  1.018692e+03   2617151   1
       254   2.217902e+08  2.124118e+08  1.023491e+03   2626679   1
       255   3.071003e+08  2.126159e+08  1.028461e+03   2636865   1
       256   2.018683e+08  2.128681e+08  1.037906e+03   2647487   1
       257   1.843722e+08  2.137723e+08  1.042798e+03   2657911   1
       258   3.558706e+08  2.139001e+08  1.047590e+03   2668031   1
       259   2.423059e+08  2.139767e+08  1.052412e+03   2677895   1
       260   2.768780e+08  2.140726e+08  1.057264e+03   2688407   1
       261   2.528907e+08  2.142094e+08  1.062088e+03   2698756   1
       262   3.246917e+08  2.142688e+08  1.067018e+03   2709146   1
       263   2.789418e+08  2.144021e+08  1.072010e+03   2719820   1
       264   3.522278e+08  2.144807e+08  1.077009e+03   2729895   1
       265   2.409239e+08  2.144983e+08  1.082001e+03   2740324   1
       266   1.312530e+08  2.147367e+08  1.091518e+03   2750250   1
       267   2.177469e+08  2.148289e+08  1.096497e+03   2760697   1
       268   2.067688e+08  2.148461e+08  1.101436e+03   2771057   1
       269   2.009100e+08  2.148463e+08  1.106341e+03   2781316   1
       270   2.889388e+08  2.148842e+08  1.111257e+03   2791828   1
       271   4.174743e+08  2.148999e+08  1.116245e+03   2802619   1
       272   2.804081e+08  2.149360e+08  1.121221e+03   2813159   1
       273   3.193827e+08  2.149590e+08  1.126202e+03   2823131   1
       274   3.469427e+08  2.150970e+08  1.131230e+03   2833421   1
       275   2.086292e+08  2.151033e+08  1.141030e+03   2843712   1
       276   1.913794e+08  2.151852e+08  1.146035e+03   2854141   1
       277   3.791603e+08  2.153550e+08  1.151011e+03   2864713   1
       278   6.317249e+08  2.156892e+08  1.155898e+03   2875241   1
       279   1.982160e+08  2.157103e+08  1.160926e+03   2885386   1
       280   3.568726e+08  2.157863e+08  1.165970e+03   2895711   1
       281   2.822228e+08  2.158046e+08  1.170966e+03   2905972   1
       282   2.184434e+08  2.158913e+08  1.176041e+03   2916292   1
       283   3.243521e+08  2.161244e+08  1.181225e+03   2926833   1
       284   1.913679e+08  2.162307e+08  1.186355e+03   2937136   1
       285   1.739393e+08  2.162620e+08  1.196390e+03   2947499   1
       286   5.269439e+08  2.162954e+08  1.201363e+03   2957502   1
       287   3.165464e+08  2.167086e+08  1.206390e+03   2967711   1
       288   1.993168e+08  2.167191e+08  1.211488e+03   2978329   1
       289   2.195183e+08  2.172422e+08  1.216623e+03   2988789   1
       290   3.236717e+08  2.172436e+08  1.221735e+03   2999237   1
       291   4.010056e+08  2.172585e+08  1.226908e+03   3009590   1
       292   1.972808e+08  2.182878e+08  1.231998e+03   3019683   1
       293   4.100679e+08  2.185116e+08  1.237140e+03   3030092   1
       294   3.153313e+08  2.185124e+08  1.242340e+03   3040556   1
       295   3.707810e+08  2.185383e+08  1.247514e+03   3050879   1
       296   2.952706e+08  2.186343e+08  1.257658e+03   3061144   1
       297   2.356427e+08  2.186390e+08  1.262799e+03   3071580   1
       298   1.441471e+08  2.188091e+08  1.268013e+03   3081955   1
       299   1.783212e+08  2.188416e+08  1.273188e+03   3092158   1
       300   1.656114e+08  2.191962e+08  1.278433e+03   3102163   1
       301   3.397594e+08  2.192294e+08  1.283677e+03   3112333   1
       302   6.115705e+08  2.192864e+08  1.288824e+03   3122771   1
       303   2.254194e+08  2.194947e+08  1.294155e+03   3133143   1
       304   3.300399e+08  2.197010e+08  1.299426e+03   3143014   1
       305   1.286633e+08  2.198284e+08  1.304830e+03   3153189   1
       306   1.383288e+08  2.198321e+08  1.315076e+03   3163070   1
       307   2.576758e+08  2.199682e+08  1.320322e+03   3173350   1
       308   2.207769e+08  2.204595e+08  1.325545e+03   3183449   1
       309   2.905615e+08  2.204627e+08  1.330796e+03   3193700   1
       310   3.492273e+08  2.209491e+08  1.336135e+03   3204419   1
       311   1.906564e+08  2.215644e+08  1.341462e+03   3214419   1
       312   2.463934e+08  2.216903e+08  1.346794e+03   3225161   1
       313   2.829754e+08  2.217117e+08  1.352072e+03   3235551   1
       314   1.823090e+08  2.218474e+08  1.357465e+03   3245850   1
       315   2.303860e+08  2.225602e+08  1.362963e+03   3256112   1
       316   4.330962e+08  2.227290e+08  1.373493e+03   3266781   1
       317   1.435316e+08  2.228372e+08  1.378887e+03   3277043   1
       318   2.304974e+08  2.230949e+08  1.384232e+03   3287449   1
       319   2.380551e+08  2.232030e+08  1.389602e+03   3297796   1
       320   2.872220e+08  2.239550e+08  1.395047e+03   3308210   1
       321   2.969397e+08  2.240077e+08  1.400471e+03   3318897   1
       322   1.649098e+08  2.244084e+08  1.405853e+03   3329225   1
       323   2.465451e+08  2.244091e+08  1.411322e+03   3339563   1
       324   4.313569e+08  2.244266e+08  1.416795e+03   3349801   1
       325   7.588196e+08  2.245628e+08  1.422300e+03   3360055   1
       326   2.738524e+08  2.245933e+08  1.433102e+03   3370511   1
       327   2.301803e+08  2.247481e+08  1.438543e+03   3381013   1
       328   2.222697e+08  2.251039e+08  1.444014e+03   3391415   1
       329   2.624378e+08  2.256031e+08  1.449476e+03   3401981   1
       330   1.869917e+08  2.260452e+08  1.454999e+03   3412461   1
       331   1.816898e+08  2.261176e+08  1.460514e+03   3422542   1
       332   2.136520e+08  2.261200e+08  1.466021e+03   3432729   1
       333   2.296576e+08  2.261251e+08  1.471597e+03   3443310   1
       334   2.047564e+08  2.261305e+08  1.477169e+03   3453779   1
       335   1.910945e+08  2.262505e+08  1.482793e+03   3464158   1
       336   3.535708e+08  2.262524e+08  1.488333e+03   3474360   1
       337   2.158170e+08  2.265141e+08  1.499309e+03   3484779   1
       338   2.949055e+08  2.265356e+08  1.504812e+03   3495204   1
       339   2.986930e+08  2.273076e+08  1.510377e+03   3505256   1
       340   3.269959e+08  2.273254e+08  1.515951e+03   3515725   1
       341   3.195256e+08  2.274719e+08  1.521471e+03   3526057   1
       342   4.701247e+08  2.274891e+08  1.527030e+03   3536378   1
       343   1.846668e+08  2.276151e+08  1.532643e+03   3546796   1
       344   2.175614e+08  2.281438e+08  1.538247e+03   3557080   1
       345   5.045709e+08  2.281904e+08  1.543979e+03   3567584   1
       346   3.472448e+08  2.282264e+08  1.549728e+03   3577571   1
       347   2.845528e+08  2.283784e+08  1.560967e+03   3588040   1
       348   1.822513e+08  2.284201e+08  1.566596e+03   3598082   1
       349   1.839217e+08  2.285229e+08  1.572205e+03   3608499   1
       350   1.862183e+08  2.285276e+08  1.577882e+03   3618919   1
       351   1.600995e+08  2.289844e+08  1.583662e+03   3629575   1
       352   3.487023e+08  2.290773e+08  1.589359e+03   3639974   1
       353   5.932526e+08  2.291390e+08  1.595113e+03   3650425   1
       354   1.472955e+08  2.293566e+08  1.600878e+03   3661040   1
       355   2.334180e+08  2.295520e+08  1.606631e+03   3671590   1
       356   2.106534e+08  2.296780e+08  1.612423e+03   3681735   1
       357   9.351728e+08  2.296810e+08  1.618167e+03   3691847   1
       358   6.389640e+08  2.296941e+08  1.629534e+03   3702098   1
       359   3.694510e+08  2.297511e+08  1.635233e+03   3712625   1
       360   2.229660e+08  2.297689e+08  1.641037e+03   3722929   1
       361   1.756135e+08  2.298886e+08  1.646808e+03   3733361   1
       362   2.213302e+08  2.300288e+08  1.652575e+03   3743548   1
       363   2.419681e+08  2.301248e+08  1.658374e+03   3754145   1
       364   2.453511e+08  2.301905e+08  1.664122e+03   3764540   1
       365   5.122958e+08  2.302167e+08  1.669862e+03   3774823   1
       366   3.026601e+08  2.302169e+08  1.675848e+03   3785243   1
       367   2.305443e+08  2.304901e+08  1.681765e+03   3795444   1
       368   3.229515e+08  2.305608e+08  1.687696e+03   3805747   1
       369   1.690925e+08  2.305620e+08  1.699249e+03   3815636   1
       370   2.920761e+08  2.306018e+08  1.705040e+03   3826032   1
       371   2.944039e+08  2.307227e+08  1.710847e+03   3836563   1
       372   2.673621e+08  2.307568e+08  1.716692e+03   3847174   1
       373   1.781445e+08  2.307766e+08  1.722539e+03   3857742   1
       374   6.116439e+08  2.309155e+08  1.728327e+03   3868103   1
       375   2.088334e+08  2.309160e+08  1.734256e+03   3878702   1
       376   8.001725e+08  2.311211e+08  1.740045e+03   3889094   1
       377   5.476924e+08  2.311779e+08  1.745975e+03   3899277   1
       378   2.607527e+08  2.312326e+08  1.752028e+03   3909489   1
       379   3.317048e+08  2.315402e+08  1.758131e+03   3919879   1
       380   3.538933e+08  2.315419e+08  1.769891e+03   3930356   1
       381   1.789726e+08  2.315471e+08  1.775804e+03   3940588   1
       382   1.716154e+08  2.315855e+08  1.781767e+03   3950806   1
       383   3.182860e+08  2.316763e+08  1.787708e+03   3961255   1
       384   1.937400e+08  2.316772e+08  1.793648e+03   3971594   1
       385   2.151290e+08  2.319114e+08  1.799640e+03   3982067   1
       386   1.691811e+08  2.319887e+08  1.805569e+03   3991828   1
       387   2.199223e+08  2.320053e+08  1.811563e+03   4002048   1
       388   1.906704e+08  2.320761e+08  1.817699e+03   4012717   1
       389   4.211151e+08  2.320782e+08  1.823729e+03   4022801   1
       390   1.815287e+08  2.320850e+08  1.829967e+03   4033126   1
       391   1.693226e+08  2.322547e+08  1.841949e+03   4043489   1
       392   5.885935e+08  2.323169e+08  1.847865e+03   4054095   1
       393   1.719808e+08  2.324841e+08  1.853943e+03   4064283   1
       394   1.359195e+08  2.324855e+08  1.859919e+03   4074223   1
       395   1.734640e+08  2.328239e+08  1.865810e+03   4083764   1
       396   3.147736e+08  2.328567e+08  1.871916e+03   4094341   1
       397   3.870728e+08  2.328831e+08  1.878028e+03   4104988   1
       398   3.291004e+08  2.329245e+08  1.883985e+03   4115166   1
       399   2.635538e+08  2.330149e+08  1.890141e+03   4125505   1
       400   1.584621e+08  2.330346e+08  1.896333e+03   4135667   1
       401   4.345154e+08  2.330741e+08  1.902492e+03   4145912   1
       402   3.274779e+08  2.330743e+08  1.914737e+03   4155670   1
       403   2.899658e+08  2.332683e+08  1.920865e+03   4166045   1
       404   6.716594e+08  2.336850e+08  1.926919e+03   4176547   1
       405   2.428626e+08  2.337519e+08  1.933074e+03   4186914   1
       406   3.382260e+08  2.337687e+08  1.939269e+03   4197265   1
       407   2.274817e+08  2.338433e+08  1.945476e+03   4207908   1
       408   1.656365e+08  2.338447e+08  1.951704e+03   4218399   1
       409   2.434769e+08  2.338721e+08  1.957903e+03   4228729   1
       410   2.462852e+08  2.338836e+08  1.964110e+03   4239290   1
       411   2.297640e+08  2.339042e+08  1.970426e+03   4249959   1
       412   1.452848e+08  2.339434e+08  1.976764e+03   4259988   1
       413   2.321079e+08  2.339463e+08  1.989481e+03   4270321   1
       414   2.521552e+08  2.339771e+08  1.995753e+03   4281004   1
       415   3.289772e+08  2.340190e+08  2.002044e+03   4291385   1
       416   4.388980e+08  2.340226e+08  2.008199e+03   4301557   1
       417   3.282370e+08  2.340733e+08  2.014415e+03   4311860   1
       418   1.451032e+08  2.340881e+08  2.020759e+03   4322107   1
       419   1.575820e+08  2.341316e+08  2.026991e+03   4332482   1
       420   2.459122e+08  2.341846e+08  2.033302e+03   4342910   1
       421   1.689792e+08  2.343917e+08  2.039656e+03   4353436   1
       422   7.482246e+08  2.345912e+08  2.045975e+03   4363301   1
       423   2.179950e+08  2.346992e+08  2.052471e+03   4373949   1
       424   2.042811e+08  2.348228e+08  2.058957e+03   4384326   1
       425   1.943191e+08  2.348557e+08  2.071776e+03   4394961   1
       426   2.514521e+08  2.348880e+08  2.078144e+03   4405414   1
       427   1.912577e+08  2.351234e+08  2.084480e+03   4415794   1
       428   3.082702e+08  2.353637e+08  2.090854e+03   4426363   1
       429   4.778298e+08  2.353910e+08  2.097123e+03   4436708   1
       430   3.712153e+08  2.354412e+08  2.103491e+03   4447171   1
       431   2.383174e+08  2.354994e+08  2.109919e+03   4457863   1
       432   3.001328e+08  2.354995e+08  2.116262e+03   4468027   1
       433   2.194721e+08  2.355205e+08  2.122776e+03   4478280   1
       434   6.616115e+08  2.355238e+08  2.129178e+03   4488566   1
       435   1.709396e+08  2.357809e+08  2.135726e+03   4498914   1
       436   2.746444e+08  2.357921e+08  2.148821e+03   4509554   1
       437   1.795010e+08  2.358158e+08  2.155188e+03   4519604   1
       438   2.041499e+08  2.362834e+08  2.161617e+03   4530073   1
       439   2.317523e+08  2.365367e+08  2.168034e+03   4540434   1
       440   2.508245e+08  2.365419e+08  2.174438e+03   4550623   1
       441   3.652406e+08  2.366296e+08  2.180889e+03   4561149   1
       442   1.903625e+08  2.367261e+08  2.187360e+03   4571388   1
       443   2.923188e+08  2.369530e+08  2.193831e+03   4581939   1
       444   1.560128e+08  2.369751e+08  2.200302e+03   4592070   1
       445   1.485454e+08  2.369859e+08  2.206915e+03   4602318   1
       446   1.879006e+08  2.372028e+08  2.213540e+03   4613082   1
       447   2.216189e+08  2.372620e+08  2.220157e+03   4623446   1
       448   1.397797e+08  2.372634e+08  2.233443e+03   4633519   1
       449   2.100907e+08  2.373025e+08  2.239927e+03   4643983   1
       450   1.757556e+08  2.373479e+08  2.246437e+03   4654532   1
       451   2.041503e+08  2.373485e+08  2.252993e+03   4665156   1
       452   3.563695e+08  2.373573e+08  2.259518e+03   4675355   1
       453   3.023811e+08  2.373728e+08  2.266013e+03   4685663   1
       454   1.675914e+08  2.373736e+08  2.272588e+03   4695837   1
       455   2.538433e+08  2.374725e+08  2.279198e+03   4706152   1
       456   1.636772e+08  2.374818e+08  2.285816e+03   4716247   1
       457   5.264420e+08  2.374828e+08  2.292456e+03   4726445   1
       458   5.221877e+08  2.375446e+08  2.299234e+03   4736853   1
       459   4.738124e+08  2.376023e+08  2.305935e+03   4747326   1
       460   1.949629e+08  2.376035e+08  2.319311e+03   4757801   1
       461   5.505404e+08  2.376393e+08  2.325851e+03   4768204   1
       462   2.006041e+08  2.376977e+08  2.332519e+03   4778368   1
       463   2.345393e+08  2.377786e+08  2.339237e+03   4788904   1
       464   2.014668e+08  2.377999e+08  2.345866e+03   4799252   1
       465   2.899061e+08  2.378092e+08  2.352581e+03   4809633   1
       466   4.625503e+08  2.378094e+08  2.359220e+03   4820210   1
       467   1.397263e+08  2.378270e+08  2.365997e+03   4830377   1
       468   1.839738e+08  2.379800e+08  2.372757e+03   4840739   1
       469   4.211545e+08  2.380009e+08  2.379573e+03   4851234   1
       470   1.427538e+08  2.380026e+08  2.386469e+03   4861526   1
       471   2.125331e+08  2.380311e+08  2.393378e+03   4872049   1
       472   3.116809e+08  2.380337e+08  2.407023e+03   4882512   1
       473   6.397487e+08  2.381001e+08  2.413656e+03   4892866   1
       474   5.939074e+08  2.384281e+08  2.420355e+03   4903416   1
       475   2.478805e+08  2.384399e+08  2.427116e+03   4913887   1
       476   3.569421e+08  2.384798e+08  2.433862e+03   4924312   1
       477   2.610884e+08  2.385173e+08  2.440582e+03   4934762   1
       478   1.796582e+08  2.385573e+08  2.447374e+03   4944991   1
       479   2.295213e+08  2.387143e+08  2.454155e+03   4955484   1
       480   2.159105e+08  2.387164e+08  2.460923e+03   4966070   1
       481   4.031863e+08  2.388684e+08  2.467830e+03   4976394   1
       482   3.165597e+08  2.392090e+08  2.474752e+03   4986690   1
       483   3.312428e+08  2.397827e+08  2.481773e+03   4997229   1
       484   2.869883e+08  2.398043e+08  2.495683e+03   5007536   1
       485   2.414128e+08  2.399682e+08  2.502467e+03   5017972   1
       486   1.964359e+08  2.400194e+08  2.509255e+03   5028016   1
       487   1.897711e+08  2.401833e+08  2.516083e+03   5038223   1
       488   2.204051e+08  2.401899e+08  2.522929e+03   5048537   1
       489   2.298172e+08  2.402562e+08  2.529855e+03   5058797   1
       490   2.468410e+08  2.404185e+08  2.536636e+03   5069378   1
       491   2.952739e+08  2.404354e+08  2.543553e+03   5079549   1
       492   2.902047e+08  2.404742e+08  2.550430e+03   5090063   1
       493   2.436240e+08  2.405704e+08  2.557396e+03   5100492   1
       494   7.146462e+08  2.405886e+08  2.564378e+03   5110935   1
       495   2.204901e+08  2.406915e+08  2.571363e+03   5120866   1
       496   2.688468e+08  2.410079e+08  2.585601e+03   5131437   1
       497   2.864859e+08  2.410862e+08  2.592469e+03   5141767   1
       498   3.002072e+08  2.411495e+08  2.599441e+03   5151648   1
       499   4.757992e+08  2.411766e+08  2.606275e+03   5161886   1
       500   1.871394e+08  2.411780e+08  2.613256e+03   5171593   1
       501   2.559678e+08  2.411806e+08  2.620276e+03   5182110   1
       502   1.891290e+08  2.411892e+08  2.627320e+03   5192707   1
       503   2.910349e+08  2.412155e+08  2.634219e+03   5202724   1
       504   1.998880e+08  2.412459e+08  2.641240e+03   5213191   1
       505   2.466498e+08  2.412780e+08  2.648240e+03   5223412   1
       506   2.479956e+08  2.412893e+08  2.655384e+03   5234294   1
       507   2.464032e+08  2.413034e+08  2.662544e+03   5244663   1
       508   1.336712e+08  2.413316e+08  2.677108e+03   5254841   1
       509   4.542919e+08  2.413452e+08  2.684090e+03   5265392   1
       510   1.988682e+08  2.414529e+08  2.691145e+03   5275722   1
       511   3.981253e+08  2.414766e+08  2.698157e+03   5286256   1
       512   3.001991e+08  2.415470e+08  2.705201e+03   5296703   1
       513   2.660156e+08  2.415584e+08  2.712282e+03   5306912   1
       514   2.083612e+08  2.416229e+08  2.719339e+03   5317359   1
       515   1.408569e+08  2.417592e+08  2.726420e+03   5327868   1
       516   1.512717e+08  2.419176e+08  2.733483e+03   5337642   1
       517   2.236064e+08  2.419298e+08  2.740493e+03   5347916   1
       518   3.341226e+08  2.419311e+08  2.747721e+03   5358501   1
       519   2.270689e+08  2.419627e+08  2.755032e+03   5368918   1
       520   1.574391e+08  2.420877e+08  2.762346e+03   5379391   1
       521   2.685282e+08  2.421246e+08  2.777131e+03   5389997   1
       522   1.555381e+08  2.421275e+08  2.784287e+03   5400303   1
       523   2.175120e+08  2.421401e+08  2.791442e+03   5410650   1
       524   2.504317e+08  2.424415e+08  2.798635e+03   5421129   1
       525   2.257659e+08  2.424476e+08  2.805805e+03   5431575   1
       526   6.457671e+08  2.425978e+08  2.812802e+03   5441794   1
       527   3.007361e+08  2.426886e+08  2.820028e+03   5452307   1
       528   3.015803e+08  2.427632e+08  2.827218e+03   5462875   1
       529   2.341288e+08  2.427932e+08  2.834506e+03   5473454   1
       530   2.070163e+08  2.428008e+08  2.841792e+03   5483654   1
       531   1.671155e+08  2.428807e+08  2.849161e+03   5494039   1
       532   2.660665e+08  2.429012e+08  2.856503e+03   5504143   1
       533   1.963603e+08  2.430304e+08  2.871589e+03   5514727   1
       534   2.248963e+08  2.430469e+08  2.878687e+03   5524474   1
       535   3.347414e+08  2.430915e+08  2.885891e+03   5534976   1
       536   2.868644e+08  2.432266e+08  2.893053e+03   5545266   1
       537   7.610106e+08  2.432314e+08  2.900301e+03   5555661   1
       538   4.200802e+08  2.435337e+08  2.907585e+03   5566304   1
       539   3.219703e+08  2.435363e+08  2.914863e+03   5576848   1
       540   7.518678e+08  2.436786e+08  2.922020e+03   5586947   1
       541   3.099481e+08  2.438933e+08  2.929411e+03   5597302   1
       542   1.611508e+08  2.440597e+08  2.936806e+03   5607698   1
       543   1.955867e+08  2.442946e+08  2.944290e+03   5617916   1
       544   2.088867e+08  2.442962e+08  2.951754e+03   5628342   1
       545   2.470565e+08  2.442987e+08  2.959310e+03   5638987   1
       546   2.389337e+08  2.445054e+08  2.966943e+03   5649312   1
       547   1.526164e+08  2.445892e+08  2.982087e+03   5659198   1
       548   2.986192e+08  2.446742e+08  2.989437e+03   5669520   1
       549   3.664373e+08  2.446804e+08  2.996691e+03   5680044   1
       550   1.947512e+08  2.447499e+08  3.004082e+03   5690288   1
       551   3.148529e+08  2.448541e+08  3.011465e+03   5700860   1
       552   1.575320e+08  2.449263e+08  3.018924e+03   5711265   1
       553   2.833306e+08  2.451987e+08  3.026266e+03   5720871   1
       554   5.516445e+08  2.452173e+08  3.033667e+03   5731178   1
       555   1.504593e+08  2.452181e+08  3.041182e+03   5741309   1
       556   1.622552e+08  2.452341e+08  3.048675e+03   5751426   1
       557   2.113543e+08  2.452545e+08  3.056187e+03   5761443   1
       558   5.074108e+08  2.452566e+08  3.063808e+03   5771842   1
       559   2.335486e+08  2.454885e+08  3.079458e+03   5782019   1
       560   1.967420e+08  2.455354e+08  3.086915e+03   5792256   1
       561   2.100818e+08  2.455374e+08  3.094467e+03   5802378   1
       562   4.196105e+08  2.455451e+08  3.101932e+03   5812463   1
       563   2.941699e+08  2.455480e+08  3.109377e+03   5822643   1
       564   2.478334e+08  2.455567e+08  3.116841e+03   5832779   1
       565   1.504335e+08  2.455828e+08  3.124352e+03   5843153   1
       566   2.230690e+08  2.456734e+08  3.131977e+03   5853806   1
       567   2.545005e+08  2.457121e+08  3.139567e+03   5864243   1
       568   4.645481e+08  2.457133e+08  3.147053e+03   5874865   1
       569   5.747684e+08  2.458109e+08  3.154586e+03   5885204   1
       570   4.066351e+08  2.459950e+08  3.162202e+03   5895234   1
       571   1.942033e+08  2.460098e+08  3.169998e+03   5905395   1
       572   1.622700e+08  2.461787e+08  3.185819e+03   5915782   1
       573   1.920810e+08  2.463739e+08  3.193372e+03   5925998   1
       574   2.515651e+08  2.463938e+08  3.200956e+03   5936042   1
       575   2.445230e+08  2.464051e+08  3.208523e+03   5946427   1
       576   2.597615e+08  2.464273e+08  3.216117e+03   5956850   1
       577   1.993482e+08  2.465628e+08  3.223589e+03   5967174   1
       578   3.336156e+08  2.467616e+08  3.231203e+03   5977482   1
       579   2.690494e+08  2.467898e+08  3.238797e+03   5987968   1
       580   4.561768e+08  2.468085e+08  3.246341e+03   5998444   1
       581   1.992935e+08  2.468100e+08  3.254031e+03   6008935   1
       582   3.539845e+08  2.468150e+08  3.261809e+03   6019374   1
       583   5.764635e+08  2.468162e+08  3.269418e+03   6029925   1
       584   1.676033e+08  2.468240e+08  3.277198e+03   6040610   1
       585   2.492737e+08  2.470216e+08  3.285174e+03   6050993   1
       586   4.368893e+08  2.471219e+08  3.301082e+03   6061555   1
       587   2.637950e+08  2.471242e+08  3.308761e+03   6072092   1
       588   2.309160e+08  2.473418e+08  3.316427e+03   6082531   1
       589   2.953971e+08  2.473435e+08  3.324063e+03   6092228   1
       590   4.375345e+08  2.473912e+08  3.331794e+03   6102942   1
       591   5.800654e+08  2.477392e+08  3.339425e+03   6113425   1
       592   2.963283e+08  2.478832e+08  3.347154e+03   6123420   1
       593   3.160607e+08  2.479325e+08  3.354883e+03   6133706   1
       594   2.604923e+08  2.480207e+08  3.362602e+03   6144228   1
       595   2.401380e+08  2.481081e+08  3.370345e+03   6154386   1
       596   6.919171e+08  2.484354e+08  3.378082e+03   6164579   1
       597   3.919189e+08  2.487473e+08  3.386029e+03   6174933   1
       598   3.576488e+08  2.489369e+08  3.393899e+03   6184990   1
       599   1.282924e+08  2.489377e+08  3.410188e+03   6195046   1
       600   2.558450e+08  2.490556e+08  3.418037e+03   6205503   1
       601   1.855403e+08  2.490695e+08  3.425871e+03   6215491   1
       602   1.791801e+08  2.490741e+08  3.433712e+03   6225708   1
       603   2.095248e+08  2.491136e+08  3.441532e+03   6235742   1
       604   2.846602e+08  2.491147e+08  3.449385e+03   6246469   1
       605   2.451154e+08  2.493888e+08  3.457247e+03   6256869   1
       606   1.467067e+08  2.494269e+08  3.465178e+03   6266908   1
       607   2.952904e+08  2.494896e+08  3.473030e+03   6277658   1
       608   3.743711e+08  2.495058e+08  3.480834e+03   6288343   1
       609   9.515035e+08  2.495066e+08  3.488624e+03   6298488   1
       610   2.338107e+08  2.495168e+08  3.496664e+03   6309026   1
       611   6.531710e+08  2.495398e+08  3.504552e+03   6319456   1
       612   1.913825e+08  2.495606e+08  3.512735e+03   6329498   1
       613   2.244301e+08  2.495691e+08  3.529417e+03   6340057   1
       614   2.746726e+08  2.495948e+08  3.537259e+03   6349955   1
       615   1.875898e+08  2.497237e+08  3.545243e+03   6360578   1
       616   2.195337e+08  2.497513e+08  3.553199e+03   6371147   1
       617   2.268982e+08  2.497559e+08  3.561167e+03   6381814   1
       618   1.726164e+08  2.497825e+08  3.569110e+03   6391931   1
       619   2.413481e+08  2.497832e+08  3.577133e+03   6402195   1
       620   1.994290e+08  2.500150e+08  3.585176e+03   6412866   1
       621   4.424570e+08  2.500152e+08  3.593220e+03   6422937   1
       622   2.467569e+08  2.500345e+08  3.601187e+03   6433442   1
       623   2.754121e+08  2.500412e+08  3.609235e+03   6443890   1
       624   2.267963e+08  2.500475e+08  3.617338e+03   6454353   1
       625   2.304733e+08  2.501210e+08  3.625545e+03   6464867   1
       626   2.862102e+08  2.501537e+08  3.642433e+03   6475289   1
       627   2.351843e+08  2.501890e+08  3.650351e+03   6485736   1
       628   1.587300e+08  2.502287e+08  3.658299e+03   6496031   1
       629   7.103295e+08  2.502524e+08  3.666251e+03   6506472   1
       630   2.042601e+08  2.502692e+08  3.674334e+03   6516992   1
       631   3.186721e+08  2.502721e+08  3.682308e+03   6526764   1
       632   1.981779e+08  2.502986e+08  3.690359e+03   6537553   1
       633   2.873403e+08  2.503001e+08  3.698384e+03   6547936   1
       634   6.991333e+08  2.503266e+08  3.706329e+03   6558651   1
       635   1.788304e+08  2.503802e+08  3.714539e+03   6569380   1
       636   1.945474e+08  2.503851e+08  3.722615e+03   6579567   1
       637   2.832322e+08  2.504110e+08  3.730970e+03   6589747   1
       638   4.080245e+08  2.504260e+08  3.739268e+03   6599975   1
       639   2.965157e+08  2.504360e+08  3.747581e+03   6610091   1
       640   2.424492e+08  2.504675e+08  3.764978e+03   6620443   1
       641   4.700796e+08  2.504683e+08  3.773052e+03   6630770   1
       642   1.955405e+08  2.505505e+08  3.781227e+03   6641235   1
       643   3.863930e+08  2.505513e+08  3.789379e+03   6651552   1
       644   2.238678e+08  2.505884e+08  3.797467e+03   6661641   1
       645   3.443668e+08  2.506208e+08  3.805677e+03   6672119   1
       646   5.688533e+08  2.506331e+08  3.813716e+03   6682636   1
       647   1.776472e+08  2.506560e+08  3.821941e+03   6692685   1
       648   1.950289e+08  2.506665e+08  3.830073e+03   6702665   1
       649   6.817879e+08  2.506693e+08  3.838273e+03   6713076   1
       650   2.486492e+08  2.507000e+08  3.846551e+03   6723498   1
       651   2.732884e+08  2.507321e+08  3.854930e+03   6733946   1
       652   1.821978e+08  2.507564e+08  3.863330e+03   6744298   1
       653   2.301088e+08  2.507775e+08  3.871755e+03   6754746   1
       654   2.708534e+08  2.507777e+08  3.889179e+03   6764409   1
       655   5.878706e+08  2.507796e+08  3.897447e+03   6774792   1
       656   1.218835e+09  2.508017e+08  3.905493e+03   6785120   1
       657   2.747620e+08  2.508657e+08  3.913763e+03   6795548   1
       658   3.239844e+08  2.508676e+08  3.922135e+03   6805882   1
       659   2.712535e+08  2.508894e+08  3.930429e+03   6816474   1
       660   2.126538e+08  2.509145e+08  3.938761e+03   6826882   1
       661   3.014166e+08  2.509323e+08  3.947001e+03   6837475   1
       662   2.972658e+08  2.509380e+08  3.955308e+03   6848246   1
       663   2.475087e+08  2.509933e+08  3.963605e+03   6858717   1
       664   2.705032e+08  2.509950e+08  3.972041e+03   6868861   1
       665   1.968991e+08  2.510078e+08  3.980510e+03   6879456   1
       666   2.417959e+08  2.511493e+08  3.988923e+03   6889849   1
       667   3.566565e+08  2.511572e+08  3.997319e+03   6900054   1
       668   3.066378e+08  2.511802e+08  4.005930e+03   6910419   1
       669   1.650913e+08  2.511831e+08  4.023726e+03   6920512   1
       670   2.209316e+08  2.511929e+08  4.032163e+03   6930941   1
       671   3.038109e+08  2.512533e+08  4.040479e+03   6941514   1
       672   2.131735e+08  2.512633e+08  4.048859e+03   6952164   1
       673   2.927454e+08  2.512919e+08  4.057144e+03   6962179   1
       674   2.298737e+08  2.513507e+08  4.065467e+03   6972168   1
       675   2.017625e+08  2.514089e+08  4.073951e+03   6982741   1
       676   2.232295e+08  2.514486e+08  4.082365e+03   6993282   1
       677   2.320333e+08  2.515018e+08  4.090788e+03   7003927   1
       678   2.196344e+08  2.515082e+08  4.099136e+03   7014197   1
       679   3.365476e+08  2.515168e+08  4.107554e+03   7024760   1
       680   4.572863e+08  2.517348e+08  4.116093e+03   7035262   1
       681   3.226649e+08  2.517811e+08  4.124655e+03   7045537   1
       682   1.972579e+08  2.518209e+08  4.133369e+03   7056167   1
       683   3.785209e+08  2.518251e+08  4.151313e+03   7066318   1
       684   2.467291e+08  2.518665e+08  4.159879e+03   7076706   1
       685   2.035102e+08  2.518739e+08  4.168353e+03   7087172   1
       686   3.493578e+08  2.518768e+08  4.176754e+03   7097405   1
       687   7.825623e+08  2.518957e+08  4.185178e+03   7107553   1
       688   1.718558e+08  2.519075e+08  4.193752e+03   7117988   1
       689   1.727429e+08  2.519124e+08  4.202316e+03   7128391   1
       690   2.033988e+08  2.520274e+08  4.210867e+03   7139004   1
       691   3.032934e+08  2.520556e+08  4.219434e+03   7149500   1
       692   4.570666e+08  2.520622e+08  4.227938e+03   7159791   1
       693   2.387408e+08  2.520730e+08  4.236570e+03   7170330   1
       694   2.474941e+08  2.520838e+08  4.245273e+03   7180691   1
       695   2.176030e+08  2.521053e+08  4.253865e+03   7191058   1
       696   2.169850e+08  2.521263e+08  4.262642e+03   7201231   1
       697   3.221731e+08  2.521300e+08  4.280982e+03   7211440   1
       698   2.240372e+08  2.521805e+08  4.289547e+03   7221569   1
       699   2.225675e+08  2.523225e+08  4.298118e+03   7231888   1
       700   2.415459e+08  2.523361e+08  4.306605e+03   7242097   1
       701   2.175200e+08  2.524333e+08  4.315330e+03   7252627   1
       702   2.008666e+08  2.524855e+08  4.323956e+03   7263108   1
       703   1.928234e+08  2.525013e+08  4.332632e+03   7273559   1
       704   1.972163e+08  2.525798e+08  4.341319e+03   7283900   1
       705   1.644774e+08  2.525799e+08  4.350004e+03   7294057   1
       706   1.566725e+08  2.525864e+08  4.358821e+03   7304491   1
       707   2.147618e+08  2.527438e+08  4.367513e+03   7314951   1
       708   1.539930e+08  2.527820e+08  4.376399e+03   7324887   1
       709   3.337087e+08  2.527955e+08  4.385445e+03   7335000   1
       710   2.208934e+08  2.528249e+08  4.394695e+03   7345207   1
       711   1.666124e+08  2.529472e+08  4.404045e+03   7355876   1
       712   2.272008e+08  2.530307e+08  4.422520e+03   7366234   1
       713   2.473234e+08  2.530356e+08  4.431290e+03   7376820   1
       714   3.202031e+08  2.530682e+08  4.440052e+03   7387189   1
       715   3.025741e+08  2.533221e+08  4.448816e+03   7397926   1
       716   2.099009e+08  2.533836e+08  4.457579e+03   7408277   1
       717   3.271095e+08  2.533856e+08  4.466431e+03   7418303   1
       718   2.867131e+08  2.533973e+08  4.475297e+03   7428930   1
       719   4.212705e+08  2.534547e+08  4.483997e+03   7439431   1
       720   2.339571e+08  2.534939e+08  4.492884e+03   7449801   1
       721   1.476186e+08  2.535022e+08  4.501713e+03   7460097   1
       722   2.893401e+08  2.535054e+08  4.510583e+03   7470130   1
       723   2.253842e+08  2.535672e+08  4.519540e+03   7480735   1
       724   2.834340e+08  2.535717e+08  4.528457e+03   7491218   1
       725   1.858090e+08  2.535893e+08  4.537533e+03   7501455   1
       726   3.062062e+08  2.535925e+08  4.556455e+03   7511895   1
       727   3.270587e+08  2.536149e+08  4.565228e+03   7522585   1
       728   3.839652e+08  2.536660e+08  4.573857e+03   7533169   1
       729   2.435516e+08  2.536915e+08  4.582784e+03   7543677   1
       730   4.834096e+08  2.538810e+08  4.591742e+03   7553937   1
       731   2.151830e+08  2.539160e+08  4.600562e+03   7564077   1
       732   2.325222e+08  2.539191e+08  4.609421e+03   7574365   1
       733   2.375197e+08  2.539455e+08  4.618364e+03   7584632   1
       734   2.095548e+08  2.539540e+08  4.627348e+03   7594793   1
       735   2.684332e+08  2.539570e+08  4.636347e+03   7605485   1
       736   1.344830e+08  2.539630e+08  4.645372e+03   7615521   1
       737   5.484565e+08  2.540117e+08  4.654347e+03   7625968   1
       738   2.079608e+08  2.540283e+08  4.663837e+03   7636232   1
       739   2.488655e+08  2.540519e+08  4.673060e+03   7646796   1
       740   7.742558e+08  2.540541e+08  4.682081e+03   7657097   1
       741   1.890581e+08  2.541192e+08  4.691328e+03   7667228   1
       742   1.813155e+08  2.543531e+08  4.710831e+03   7677547   1
       743   1.733641e+08  2.544428e+08  4.720049e+03   7687810   1
       744   2.269277e+08  2.544679e+08  4.729139e+03   7698263   1
       745   2.229284e+08  2.544757e+08  4.738153e+03   7708592   1
       746   2.907767e+08  2.544869e+08  4.747095e+03   7718665   1
       747   2.098424e+08  2.545910e+08  4.756060e+03   7729237   1
       748   2.619064e+08  2.546132e+08  4.765105e+03   7739536   1
       749   3.365295e+08  2.546547e+08  4.774085e+03   7749590   1
       750   3.943145e+08  2.546694e+08  4.783098e+03   7759831   1
       751   2.914404e+08  2.547078e+08  4.792253e+03   7769661   1
       752   6.399912e+08  2.547519e+08  4.801292e+03   7779910   1
       753   2.489879e+08  2.547531e+08  4.810553e+03   7790224   1
       754   2.700713e+08  2.548484e+08  4.819727e+03   7800721   1
       755   1.836899e+08  2.549220e+08  4.829051e+03   7810475   1
       756   5.859360e+08  2.549806e+08  4.838258e+03   7820698   1
       757   4.389895e+08  2.549950e+08  4.857554e+03   7831164   1
       758   2.714314e+08  2.550816e+08  4.866696e+03   7841675   1
       759   2.812286e+08  2.551547e+08  4.875788e+03   7852183   1
       760   2.121818e+08  2.551786e+08  4.884974e+03   7862662   1
       761   4.286096e+08  2.552018e+08  4.894054e+03   7872858   1
       762   1.939268e+08  2.552178e+08  4.903310e+03   7882837   1
       763   2.932932e+08  2.552391e+08  4.912525e+03   7893333   1
       764   1.501177e+08  2.552588e+08  4.921730e+03   7903475   1
       765   2.779365e+08  2.552870e+08  4.930884e+03   7913566   1
       766   5.308294e+08  2.553103e+08  4.940036e+03   7923894   1
       767   2.455542e+08  2.553363e+08  4.949326e+03   7934042   1
       768   2.160828e+08  2.553486e+08  4.958717e+03   7944230   1
       769   3.150012e+08  2.553910e+08  4.968069e+03   7954461   1
       770   2.561680e+08  2.554070e+08  4.977480e+03   7964995   1
       771   2.088861e+08  2.554079e+08  4.986902e+03   7975201   1
       772   2.615365e+08  2.554935e+08  5.006729e+03   7985613   1
       773   4.340936e+08  2.556348e+08  5.015916e+03   7995935   1
       774   5.283182e+08  2.557016e+08  5.024948e+03   8006232   1
       775   2.582531e+08  2.558055e+08  5.034165e+03   8016659   1
       776   2.162377e+08  2.558059e+08  5.043576e+03   8026601   1
       777   2.005757e+08  2.558254e+08  5.052934e+03   8037046   1
       778   2.405905e+08  2.559162e+08  5.062257e+03   8047702   1
       779   2.379224e+08  2.559500e+08  5.071540e+03   8058155   1
       780   3.505086e+08  2.561444e+08  5.080840e+03   8068212   1
       781   2.123374e+08  2.561991e+08  5.090304e+03   8078625   1
       782   1.761380e+08  2.562180e+08  5.099623e+03   8088919   1
       783   1.832070e+08  2.563587e+08  5.109087e+03   8098920   1
       784   2.403161e+08  2.563607e+08  5.118506e+03   8109497   1
       785   2.020805e+08  2.564399e+08  5.127900e+03   8119557   1
       786   1.868201e+08  2.564501e+08  5.137381e+03   8129912   1
       787   2.493344e+08  2.564695e+08  5.146975e+03   8140617   1
       788   2.692319e+08  2.564727e+08  5.167120e+03   8151188   1
       789   2.297197e+08  2.564763e+08  5.176500e+03   8161393   1
       790   2.221491e+08  2.565635e+08  5.185819e+03   8171654   1
       791   3.907227e+08  2.565693e+08  5.195009e+03   8182343   1
       792   2.443767e+08  2.566075e+08  5.204432e+03   8192985   1
       793   3.060942e+08  2.567282e+08  5.213700e+03   8203681   1
       794   2.003844e+08  2.567284e+08  5.223075e+03   8214349   1
       795   1.920638e+08  2.568067e+08  5.232500e+03   8224798   1
       796   2.380432e+08  2.569003e+08  5.242011e+03   8235250   1
       797   2.556976e+08  2.569062e+08  5.251439e+03   8245684   1
       798   1.655828e+08  2.569080e+08  5.261085e+03   8255652   1
       799   1.881716e+08  2.569232e+08  5.270734e+03   8266065   1
       800   2.958041e+08  2.569354e+08  5.280343e+03   8276455   1
       801   7.079720e+08  2.569504e+08  5.289871e+03   8286565   1
       802   2.489537e+08  2.570012e+08  5.299451e+03   8296932   1
       803   2.386807e+08  2.570544e+08  5.309221e+03   8306906   1
       804   2.273481e+08  2.570626e+08  5.329518e+03   8317330   1
       805   2.303855e+08  2.572353e+08  5.338969e+03   8327964   1
       806   1.920746e+08  2.573631e+08  5.348402e+03   8338167   1
       807   1.905407e+08  2.575240e+08  5.358073e+03   8348571   1
       808   3.671146e+08  2.575287e+08  5.367459e+03   8359119   1
       809   1.490095e+08  2.575636e+08  5.377098e+03   8369230   1
       810   1.705093e+08  2.575773e+08  5.386699e+03   8379673   1
       811   2.481632e+08  2.576352e+08  5.396284e+03   8389854   1
       812   5.420012e+08  2.576392e+08  5.405768e+03   8400335   1
       813   2.409882e+08  2.577356e+08  5.415374e+03   8410757   1
       814   6.002416e+08  2.577758e+08  5.424838e+03   8420963   1
       815   2.859564e+08  2.578022e+08  5.434401e+03   8431233   1
       816   2.185443e+08  2.578053e+08  5.444072e+03   8440983   1
       817   2.831420e+08  2.578084e+08  5.453817e+03   8451568   1
       818   1.960036e+08  2.579311e+08  5.463639e+03   8462075   1
       819   2.913588e+08  2.579345e+08  5.473409e+03   8472697   1
       820   2.342949e+08  2.579465e+08  5.494278e+03   8483131   1
       821   2.136762e+08  2.579486e+08  5.503948e+03   8493131   1
       822   2.328753e+08  2.579555e+08  5.513716e+03   8503243   1
       823   2.570382e+08  2.579583e+08  5.523312e+03   8513657   1
       824   1.839742e+08  2.579774e+08  5.532902e+03   8524008   1
       825   3.505516e+08  2.580045e+08  5.542456e+03   8534456   1
       826   7.654560e+08  2.580175e+08  5.552057e+03   8544576   1
       827   2.148107e+08  2.580429e+08  5.561806e+03   8555025   1
       828   2.914842e+08  2.580460e+08  5.571558e+03   8565256   1
       829   1.859986e+08  2.580486e+08  5.581358e+03   8575691   1
       830   2.900415e+08  2.582386e+08  5.591044e+03   8586267   1
       831   4.237254e+08  2.582479e+08  5.600757e+03   8596820   1
       832   3.216772e+08  2.582738e+08  5.610805e+03   8607087   1
       833   2.139422e+08  2.583322e+08  5.620522e+03   8617314   1
       834   2.375305e+08  2.583438e+08  5.630196e+03   8627240   1
       835   3.104979e+08  2.583739e+08  5.640179e+03   8637841   1
       836   4.021221e+08  2.583773e+08  5.661382e+03   8648021   1
       837   2.256286e+08  2.583940e+08  5.671206e+03   8658451   1
       838   2.407959e+08  2.584030e+08  5.680804e+03   8668708   1
       839   1.725803e+08  2.584130e+08  5.690554e+03   8679074   1
       840   1.556722e+08  2.584612e+08  5.700438e+03   8688868   1
       841   1.600196e+08  2.584716e+08  5.710270e+03   8699206   1
       842   1.439357e+08  2.584889e+08  5.719999e+03   8709067   1
       843   1.609168e+08  2.585069e+08  5.729884e+03   8719228   1
       844   5.303918e+08  2.585138e+08  5.739845e+03   8729512   1
       845   3.172709e+08  2.585304e+08  5.749591e+03   8739933   1
       846   2.413329e+08  2.585385e+08  5.759410e+03   8750291   1
       847   1.765411e+08  2.585700e+08  5.769321e+03   8760658   1
       848   2.161395e+08  2.585741e+08  5.779325e+03   8770939   1
       849   3.776377e+08  2.585798e+08  5.789351e+03   8781321   1
       850   1.394901e+08  2.586534e+08  5.799470e+03   8791680   1
       851   1.955660e+08  2.586567e+08  5.809640e+03   8802099   1
       852   2.102924e+08  2.586635e+08  5.831197e+03   8812267   1
       853   3.113600e+08  2.587115e+08  5.841099e+03   8822981   1
       854   2.289265e+08  2.587160e+08  5.850938e+03   8833499   1
       855   2.338218e+08  2.587260e+08  5.860814e+03   8843881   1
       856   3.371869e+08  2.587275e+08  5.870604e+03   8854517   1
       857   2.685802e+08  2.587307e+08  5.880554e+03   8865098   1
       858   1.619184e+08  2.587860e+08  5.890571e+03   8875721   1
       859   2.238616e+08  2.588142e+08  5.900586e+03   8886113   1
       860   2.383735e+08  2.588349e+08  5.910582e+03   8896337   1
       861   1.557611e+08  2.588710e+08  5.920658e+03   8906857   1
       862   3.431341e+08  2.588716e+08  5.930633e+03   8917513   1
       863   2.145714e+08  2.588768e+08  5.940751e+03   8927819   1
       864   2.131325e+08  2.588819e+08  5.950947e+03   8937983   1
       865   2.586110e+08  2.589073e+08  5.961170e+03   8948517   1
       866   1.359961e+08  2.589358e+08  5.971392e+03   8958604   1
       867   5.463942e+08  2.589391e+08  5.981596e+03   8968904   1
       868   2.165632e+08  2.589772e+08  5.991961e+03   8979604   1
       869   3.414448e+08  2.589959e+08  6.013658e+03   8990176   1
       870   2.861943e+08  2.589969e+08  6.023615e+03   9000346   1
       871   3.176112e+08  2.590271e+08  6.033558e+03   9010834   1
       872   2.082587e+08  2.590373e+08  6.043606e+03   9021283   1
       873   4.061522e+08  2.590390e+08  6.053576e+03   9031171   1
       874   1.667642e+08  2.590404e+08  6.063645e+03   9041630   1
       875   3.224976e+08  2.590639e+08  6.073831e+03   9051918   1
       876   2.534541e+08  2.590651e+08  6.084048e+03   9061955   1
       877   1.768522e+08  2.590984e+08  6.094256e+03   9071979   1
       878   3.196506e+08  2.591095e+08  6.104476e+03   9082585   1
       879   2.641473e+08  2.591120e+08  6.114580e+03   9092641   1
       880   1.901460e+08  2.591395e+08  6.124834e+03   9102969   1
       881   2.081525e+08  2.591465e+08  6.135173e+03   9113192   1
       882   4.982025e+08  2.591480e+08  6.145479e+03   9123042   1
       883   4.261100e+08  2.591663e+08  6.155741e+03   9133518   1
       884   5.896354e+08  2.591710e+08  6.166020e+03   9143170   1
       885   2.537785e+08  2.591728e+08  6.188324e+03   9153557   1
       886   2.704512e+08  2.591740e+08  6.198315e+03   9164424   1
       887   1.663363e+08  2.591767e+08  6.208392e+03   9174631   1
       888   1.769327e+08  2.591774e+08  6.218641e+03   9184463   1
       889   3.240946e+08  2.592016e+08  6.228858e+03   9195149   1
       890   3.699532e+08  2.592080e+08  6.238967e+03   9204991   1
       891   2.583078e+08  2.592274e+08  6.249176e+03   9215185   1
       892   2.421086e+08  2.593811e+08  6.259513e+03   9225544   1
       893   1.950871e+08  2.593815e+08  6.269710e+03   9235879   1
       894   3.600058e+08  2.593922e+08  6.279898e+03   9246445   1
       895   2.950616e+08  2.594101e+08  6.290235e+03   9256953   1
       896   1.980656e+08  2.594659e+08  6.300436e+03   9267309   1
       897   1.964091e+08  2.594824e+08  6.310778e+03   9277812   1
       898   2.468882e+08  2.595709e+08  6.321203e+03   9288331   1
       899   2.225333e+08  2.595723e+08  6.331665e+03   9298902   1
       900   3.758708e+08  2.595772e+08  6.342063e+03   9309351   1
       901   3.196415e+08  2.596274e+08  6.352525e+03   9319581   1
       902   2.254132e+08  2.596650e+08  6.375238e+03   9330083   1
       903   2.017881e+08  2.596672e+08  6.385534e+03   9340691   1
       904   1.316294e+08  2.597163e+08  6.395767e+03   9350282   1
       905   2.942652e+08  2.597651e+08  6.406214e+03   9360562   1
       906   2.270702e+08  2.597690e+08  6.416635e+03   9371056   1
       907   2.575384e+08  2.598052e+08  6.427056e+03   9381524   1
       908   1.531325e+08  2.598256e+08  6.437400e+03   9391923   1
       909   2.814948e+08  2.598416e+08  6.447780e+03   9402313   1
       910   1.569534e+08  2.598509e+08  6.458297e+03   9412681   1
       911   3.370328e+08  2.600429e+08  6.468762e+03   9423131   1
       912   1.588042e+08  2.600978e+08  6.479358e+03   9433033   1
       913   2.183967e+08  2.600999e+08  6.489910e+03   9443192   1
       914   1.982604e+08  2.601060e+08  6.500319e+03   9453648   1
       915   2.622379e+08  2.601322e+08  6.510875e+03   9463999   1
       916   2.093442e+08  2.601429e+08  6.521412e+03   9474019   1
       917   2.161124e+08  2.601663e+08  6.531964e+03   9484589   1
       918   3.160290e+08  2.602120e+08  6.542527e+03   9495220   1
       919   2.812799e+08  2.602586e+08  6.565358e+03   9505246   1
       920   3.257988e+08  2.604430e+08  6.575611e+03   9515917   1
       921   2.007608e+08  2.604732e+08  6.586102e+03   9526634   1
       922   1.962761e+08  2.605604e+08  6.596588e+03   9536770   1
       923   2.065250e+08  2.605756e+08  6.607058e+03   9547538   1
       924   4.255225e+08  2.605874e+08  6.617324e+03   9558028   1
       925   2.692038e+08  2.605893e+08  6.627955e+03   9568506   1
       926   1.940647e+08  2.605907e+08  6.638523e+03   9578794   1
       927   2.429059e+08  2.606605e+08  6.649114e+03   9588496   1
       928   1.691152e+08  2.607563e+08  6.659707e+03   9599055   1
       929   2.698125e+08  2.607568e+08  6.670292e+03   9609741   1
       930   1.937998e+08  2.607637e+08  6.680887e+03   9620033   1
       931   2.467693e+08  2.608139e+08  6.691634e+03   9630367   1
       932   2.057737e+08  2.608192e+08  6.702415e+03   9640716   1
       933   2.215254e+08  2.608225e+08  6.713257e+03   9651300   1
       934   1.818223e+08  2.608754e+08  6.724004e+03   9661878   1
       935   2.464271e+08  2.608760e+08  6.734832e+03   9672354   1
       936   1.893407e+08  2.609377e+08  6.758209e+03   9682452   1
       937   7.149669e+08  2.609391e+08  6.768712e+03   9692673   1
       938   1.775743e+08  2.609430e+08  6.779727e+03   9702856   1
       939   2.807254e+08  2.609736e+08  6.790164e+03   9713238   1
       940   1.769297e+08  2.609752e+08  6.800793e+03   9723741   1
       941   2.334942e+08  2.610129e+08  6.811526e+03   9734015   1
       942   2.828808e+08  2.610132e+08  6.822112e+03   9744059   1
       943   1.925086e+08  2.610666e+08  6.832738e+03   9754596   1
       944   2.660191e+08  2.610675e+08  6.843221e+03   9765186   1
       945   2.758735e+08  2.610700e+08  6.853936e+03   9775848   1
       946   2.522238e+08  2.610984e+08  6.864748e+03   9786232   1
       947   2.522123e+08  2.611181e+08  6.875427e+03   9796806   1
       948   3.134992e+08  2.611336e+08  6.886123e+03   9807012   1
       949   1.816212e+08  2.611527e+08  6.897062e+03   9817124   1
       950   3.893586e+08  2.611668e+08  6.907812e+03   9827464   1
       951   2.152070e+08  2.611717e+08  6.918832e+03   9837643   1
       952   5.790172e+08  2.611920e+08  6.929749e+03   9848066   1
       953   1.145478e+08  2.611926e+08  6.953374e+03   9857720   1
       954   2.472678e+08  2.612008e+08  6.964174e+03   9867983   1
       955   1.824617e+08  2.612309e+08  6.974828e+03   9878426   1
       956   1.706774e+08  2.612329e+08  6.985496e+03   9889073   1
       957   2.695804e+08  2.612497e+08  6.996269e+03   9899750   1
       958   2.523005e+08  2.613641e+08  7.007098e+03   9910118   1
       959   6.641918e+08  2.613679e+08  7.017935e+03   9920325   1
       960   2.398726e+08  2.614259e+08  7.028712e+03   9930702   1
       961   2.114027e+08  2.614263e+08  7.039536e+03   9941362   1
       962   1.640801e+08  2.615946e+08  7.050392e+03   9951650   1
       963   4.588310e+08  2.616773e+08  7.061046e+03   9962158   1
       964   2.386104e+08  2.616791e+08  7.072134e+03   9972198   1
       965   2.187663e+08  2.616841e+08  7.082939e+03   9982825   1
       966   2.232722e+08  2.616879e+08  7.093875e+03   9993131   1
       967   2.571061e+08  2.616959e+08  7.104937e+03  10003564   1
       968   1.784737e+08  2.617171e+08  7.115892e+03  10013817   1
       969   4.194125e+08  2.617205e+08  7.127086e+03  10024153   1
       970   1.720451e+08  2.617455e+08  7.138330e+03  10034198   1
       971   1.670926e+08  2.618176e+08  7.162583e+03  10044626   1
       972   3.331114e+08  2.618189e+08  7.173469e+03  10054854   1
       973   5.508879e+08  2.618373e+08  7.184250e+03  10065197   1
       974   5.005745e+08  2.619070e+08  7.194923e+03  10075820   1
       975   2.441780e+08  2.619095e+08  7.205983e+03  10086212   1
-------------------------------------------------------------------
status         : time_limit
total time (s) : 7.205983e+03
total solves   : 10086212
best bound     :  2.619095e+08
simulation ci  :  2.949295e+08  9.190731e+06
numeric issues : 0
-------------------------------------------------------------------

 
                                        Time                    Allocations      
                                  
       Tot / % measured:            2.00h /  99.9%            855GiB /  99.9%    

 Section               ncalls     time    %tot     avg     alloc    %tot      avg
 
 backward_pass            975    1.99h   99.4%   7.34s    846GiB   99.1%   888MiB
   solve_subproblem     10.0M    2592s   36.0%   260s    506GiB   59.3%  53.2KiB
     get_dual_solution  10.0M    50.5s    0.7%  5.06s   14.3GiB    1.7%  1.50KiB
   prepare_backward...  1.95k    1.44s    0.0%   739s    311MiB    0.0%   163KiB
 forward_pass             975    41.3s    0.6%  42.3ms   6.81GiB    0.8%  7.15MiB
   solve_subproblem      117k    38.7s    0.5%   330s   5.96GiB    0.7%  53.4KiB
     get_dual_solution   117k    118ms    0.0%  1.01s   62.5MiB    0.0%     560B
   sample_scenario        975   4.96ms    0.0%  5.09s    152KiB    0.0%     160B
 calculate_bound          975    2.62s    0.0%  2.69ms    835MiB    0.1%   877KiB
   get_dual_solution      975   1.30ms    0.0%  1.34s    533KiB    0.0%     560B
 


||||||||||||||||||||||||||||||||||||||||||||||||||||||||||||||||||||||||||||||||||||||||||||||||||||||||||||||||||||||||||||||||||||||||
SIMULATION RESULTS
LogLinearSDDP.NoSimulation()
markov
Lower bound: 2.6190946235170445e8
Statistical upper bound (confidence interval): 3.206152327886478e8  6.21307112615314e6
Pessimistic upper bound: 3.268283039148009e8

||||||||||||||||||||||||||||||||||||||||||||||||||||||||||||||||||||||||||||||||||||||||||||||||||||||||||||||||||||||||||||||||||||||||
SIMULATION RESULTS
LogLinearSDDP.NoSimulation()
markov
Lower bound: 2.6190946235170445e8
Statistical upper bound (confidence interval): 2.0549152641559654e8  4.907514030772554e6
Pessimistic upper bound: 2.103990404463691e8

||||||||||||||||||||||||||||||||||||||||||||||||||||||||||||||||||||||||||||||||||||||||||||||||||||||||||||||||||||||||||||||||||||||||
SIMULATION RESULTS
LogLinearSDDP.NoSimulation()
custom_model
Lower bound: 2.6190946235170445e8
Statistical upper bound (confidence interval): 4.0026113011202043e8  8.368152056727471e6
Pessimistic upper bound: 4.086292821687479e8

||||||||||||||||||||||||||||||||||||||||||||||||||||||||||||||||||||||||||||||||||||||||||||||||||||||||||||||||||||||||||||||||||||||||
SIMULATION RESULTS
LogLinearSDDP.NoSimulation()
custom_model
Lower bound: 2.6190946235170445e8
Statistical upper bound (confidence interval): 2.524239361734612e8  6.453864297374071e6
Pessimistic upper bound: 2.5887780047083527e8

||||||||||||||||||||||||||||||||||||||||||||||||||||||||||||||||||||||||||||||||||||||||||||||||||||||||||||||||||||||||||||||||||||||||
SIMULATION RESULTS
LogLinearSDDP.NoSimulation()
fitted_model
Lower bound: 2.6190946235170445e8
Statistical upper bound (confidence interval): 2.875722748446986e8  5.133227685314711e6
Pessimistic upper bound: 2.927055025300133e8

||||||||||||||||||||||||||||||||||||||||||||||||||||||||||||||||||||||||||||||||||||||||||||||||||||||||||||||||||||||||||||||||||||||||
SIMULATION RESULTS
LogLinearSDDP.NoSimulation()
fitted_model
Lower bound: 2.6190946235170445e8
Statistical upper bound (confidence interval): 1.8921736786699915e8  4.0165180742024127e6
Pessimistic upper bound: 1.9323388594120157e8

||||||||||||||||||||||||||||||||||||||||||||||||||||||||||||||||||||||||||||||||||||||||||||||||||||||||||||||||||||||||||||||||||||||||
SIMULATION RESULTS
LogLinearSDDP.NoSimulation()
shapiro_model
Lower bound: 2.6190946235170445e8
Statistical upper bound (confidence interval): 2.9537603515822375e8  5.763382553639389e6
Pessimistic upper bound: 3.0113941771186316e8

||||||||||||||||||||||||||||||||||||||||||||||||||||||||||||||||||||||||||||||||||||||||||||||||||||||||||||||||||||||||||||||||||||||||
SIMULATION RESULTS
LogLinearSDDP.NoSimulation()
shapiro_model
Lower bound: 2.6190946235170445e8
Statistical upper bound (confidence interval): 1.9239753501860502e8  4.449585407016314e6
Pessimistic upper bound: 1.9684712042562133e8

||||||||||||||||||||||||||||||||||||||||||||||||||||||||||||||||||||||||||||||||||||||||||||||||||||||||||||||||||||||||||||||||||||||||
SIMULATION RESULTS
LogLinearSDDP.NoSimulation()
markov
Lower bound: 2.6178293911932656e8
Statistical upper bound (confidence interval): 4.8358777910257596e8  8.247927838896003e7
Pessimistic upper bound: 5.66067057491536e8

||||||||||||||||||||||||||||||||||||||||||||||||||||||||||||||||||||||||||||||||||||||||||||||||||||||||||||||||||||||||||||||||||||||||
SIMULATION RESULTS
LogLinearSDDP.NoSimulation()
markov
Lower bound: 2.6178293911932656e8
Statistical upper bound (confidence interval): 3.15627958264624e8  6.714335989828739e7
Pessimistic upper bound: 3.827713181629114e8
