||||||||||||||||||||||||||||||||||||||||||||||||||||||||||||||||||||||||||||||||||||||||||||||||||||||||||||||||||||||||||||||||||||||||
PATH
calling 
C:\Users\cg4102\Documents\New LogLinearSDDP\LogLinearSDDP.jl\Examples\Hydrothermal
C:\Users\cg4102\Documents\New LogLinearSDDP\LogLinearSDDP.jl\Examples\Hydrothermal\run_model_markov.jl
DATETIME
2025-04-28T04:43:12.394
RUN DESCRIPTION
LogLinearSDDP.AlgoParams(SDDP.AbstractStoppingRule[SDDP.TimeLimit(7200.0)], LogLinearSDDP.NoSimulation(), false, 2, 1, "C:/Users/cg4102/Documents/julia_logs/Cut-sharing Re-Run (2h)/Run_MC-SDDP_lattice_33333/MC-SDDP.log", false, false, false, 33333, "MC-SDDP: 100 nodes, lattice", :fitted_model)
-------------------------------------------------------------------
         SDDP.jl (c) Oscar Dowson and contributors, 2017-23
-------------------------------------------------------------------
problem
  nodes           : 11901
  state variables : 4
  scenarios       : 6.68857e+229
  existing cuts   : false
options
  solver          : serial mode
  risk measure    : SDDP.Expectation()
  sampling scheme : SDDP.InSampleMonteCarlo
subproblem structure
  VariableRef                                  : [142, 142]
  JuMP.AffExpr in MOI.EqualTo{Float64}         : [13, 13]
  JuMP.VariableRef in MOI.GreaterThan{Float64} : [138, 138]
  JuMP.VariableRef in MOI.LessThan{Float64}    : [129, 130]
-------------------------------------------------------------------
 iteration    simulation      bound        time (s)     solves  pid
-------------------------------------------------------------------
         1   2.123884e+09  6.680040e+05  6.193000e+00     10608   1
         2   1.289850e+09  1.129242e+06  9.686000e+00     21137   1
         3   1.191849e+09  1.548566e+06  1.304500e+01     31446   1
         4   6.801913e+08  5.417201e+06  1.619800e+01     41874   1
         5   6.624162e+08  6.411094e+06  1.910300e+01     51935   1
         6   6.726188e+08  2.145354e+07  2.222000e+01     62303   1
         7   6.469146e+08  2.869794e+07  2.548900e+01     72593   1
         8   3.669615e+08  3.854613e+07  2.893500e+01     83194   1
         9   5.725390e+08  4.207337e+07  3.217400e+01     93790   1
        10   5.516959e+08  4.475511e+07  3.541200e+01    104421   1
        11   6.838252e+08  4.870008e+07  3.827300e+01    114769   1
        12   6.706266e+08  4.880120e+07  4.134500e+01    125016   1
        13   4.918413e+08  4.925524e+07  4.453700e+01    135497   1
        14   5.311218e+08  5.107256e+07  4.769500e+01    145904   1
        15   2.913588e+08  6.124836e+07  5.094000e+01    156522   1
        16   5.419050e+08  6.166341e+07  5.419100e+01    167132   1
        17   5.200883e+08  6.386608e+07  5.729800e+01    177610   1
        18   2.147838e+08  6.498815e+07  6.056900e+01    188061   1
        19   4.689190e+08  6.835891e+07  6.395600e+01    198382   1
        20   2.693041e+08  6.992803e+07  6.716100e+01    208731   1
        21   6.133737e+08  7.259398e+07  7.040300e+01    219157   1
        22   4.535955e+08  7.639485e+07  7.349000e+01    229516   1
        23   5.216134e+08  7.672695e+07  7.686500e+01    240063   1
        24   2.434335e+08  7.675423e+07  7.997200e+01    250384   1
        25   2.493432e+08  8.862153e+07  8.345000e+01    261143   1
        26   2.488118e+08  8.908955e+07  8.676100e+01    271731   1
        27   3.007980e+08  9.190878e+07  8.981000e+01    281740   1
        28   4.792969e+08  9.362097e+07  9.286600e+01    292116   1
        29   5.393312e+08  9.407162e+07  9.864800e+01    302243   1
        30   7.807407e+08  9.421703e+07  1.014970e+02    312418   1
        31   2.190722e+08  9.510287e+07  1.044380e+02    322931   1
        32   5.690198e+08  9.515970e+07  1.073330e+02    333235   1
        33   2.844198e+08  9.571114e+07  1.102670e+02    343801   1
        34   2.751169e+08  9.655789e+07  1.131720e+02    354449   1
        35   2.929386e+08  9.677983e+07  1.162390e+02    365085   1
        36   4.722070e+08  9.808119e+07  1.190520e+02    375244   1
        37   3.565209e+08  9.815892e+07  1.222050e+02    385840   1
        38   3.213265e+08  9.989510e+07  1.252060e+02    396383   1
        39   3.054088e+08  1.013387e+08  1.282490e+02    407074   1
        40   3.275829e+08  1.017138e+08  1.313070e+02    417706   1
        41   2.314087e+08  1.032178e+08  1.342340e+02    428056   1
        42   2.673615e+08  1.033846e+08  1.371780e+02    438353   1
        43   6.431462e+08  1.118578e+08  1.401000e+02    448534   1
        44   2.971805e+08  1.138722e+08  1.431370e+02    459059   1
        45   5.180180e+08  1.146048e+08  1.462930e+02    469451   1
        46   2.802774e+08  1.146275e+08  1.493590e+02    479832   1
        47   9.396572e+08  1.147076e+08  1.523420e+02    489998   1
        48   1.815580e+08  1.160241e+08  1.554550e+02    500232   1
        49   2.696846e+08  1.188062e+08  1.586760e+02    510916   1
        50   4.807469e+08  1.219011e+08  1.617260e+02    521063   1
        51   2.467535e+08  1.254144e+08  1.649380e+02    531571   1
        52   3.457552e+08  1.255946e+08  1.680380e+02    541874   1
        53   2.750454e+08  1.274868e+08  1.712470e+02    552619   1
        54   2.373730e+08  1.286127e+08  1.745300e+02    563225   1
        55   4.024623e+08  1.288279e+08  1.777530e+02    573696   1
        56   5.021786e+08  1.290104e+08  1.810410e+02    583994   1
        57   3.472487e+08  1.297969e+08  1.842350e+02    594309   1
        58   2.225702e+08  1.298257e+08  1.875650e+02    605057   1
        59   5.319519e+08  1.317911e+08  1.909520e+02    615533   1
        60   2.264851e+08  1.327099e+08  1.970850e+02    625837   1
        61   4.328730e+08  1.342450e+08  2.001790e+02    636320   1
        62   2.292210e+08  1.344712e+08  2.032780e+02    647012   1
        63   3.005761e+08  1.357453e+08  2.063490e+02    657570   1
        64   2.092770e+08  1.364190e+08  2.093820e+02    667632   1
        65   2.021121e+08  1.382485e+08  2.125250e+02    677856   1
        66   4.333250e+08  1.388135e+08  2.155730e+02    688146   1
        67   3.218875e+08  1.388350e+08  2.187450e+02    698495   1
        68   2.154525e+08  1.392006e+08  2.218780e+02    708831   1
        69   3.240192e+08  1.392361e+08  2.249690e+02    719221   1
        70   2.539774e+08  1.412607e+08  2.283050e+02    729940   1
        71   2.639632e+08  1.418401e+08  2.314020e+02    740157   1
        72   2.383640e+08  1.439575e+08  2.347250e+02    750721   1
        73   4.916614e+08  1.449991e+08  2.379540e+02    761393   1
        74   4.914564e+08  1.451183e+08  2.411430e+02    771709   1
        75   2.378165e+08  1.456341e+08  2.443460e+02    782104   1
        76   1.679723e+08  1.459202e+08  2.475900e+02    792520   1
        77   2.661399e+08  1.475057e+08  2.509590e+02    803006   1
        78   2.076162e+08  1.487551e+08  2.543860e+02    813632   1
        79   1.935343e+08  1.490738e+08  2.577180e+02    824090   1
        80   2.315854e+08  1.508216e+08  2.611670e+02    834622   1
        81   2.695625e+08  1.509915e+08  2.645740e+02    844977   1
        82   3.867763e+08  1.519160e+08  2.678480e+02    855168   1
        83   5.553167e+08  1.538796e+08  2.712630e+02    865699   1
        84   5.915168e+08  1.566407e+08  2.746000e+02    875924   1
        85   2.142316e+08  1.576319e+08  2.780030e+02    886289   1
        86   4.066590e+08  1.579610e+08  2.814240e+02    896711   1
        87   7.403158e+08  1.581379e+08  2.848510e+02    907055   1
        88   5.297935e+08  1.587377e+08  2.882140e+02    917095   1
        89   8.030985e+08  1.592330e+08  2.916090e+02    927136   1
        90   3.933428e+08  1.595506e+08  2.978680e+02    937485   1
        91   3.900210e+08  1.597489e+08  3.013360e+02    948179   1
        92   5.477017e+08  1.599380e+08  3.045420e+02    958176   1
        93   2.041163e+08  1.615077e+08  3.078770e+02    968674   1
        94   3.116831e+08  1.615527e+08  3.112690e+02    978917   1
        95   2.084518e+08  1.620111e+08  3.146180e+02    989389   1
        96   3.609878e+08  1.623996e+08  3.178790e+02    999409   1
        97   2.809290e+08  1.625710e+08  3.212400e+02   1009820   1
        98   3.283935e+08  1.641652e+08  3.245620e+02   1020096   1
        99   4.057764e+08  1.646348e+08  3.279600e+02   1030550   1
       100   3.889721e+08  1.646704e+08  3.313030e+02   1040936   1
       101   3.179419e+08  1.652603e+08  3.348020e+02   1051511   1
       102   2.173458e+08  1.659137e+08  3.382310e+02   1061957   1
       103   1.997401e+08  1.670089e+08  3.417580e+02   1072445   1
       104   4.773698e+08  1.671482e+08  3.451590e+02   1082673   1
       105   2.332997e+08  1.675229e+08  3.487960e+02   1093342   1
       106   3.132403e+08  1.679078e+08  3.524060e+02   1104162   1
       107   1.576242e+08  1.681205e+08  3.558120e+02   1114295   1
       108   9.136928e+08  1.685108e+08  3.592990e+02   1124567   1
       109   1.996521e+08  1.695571e+08  3.628800e+02   1135092   1
       110   3.079558e+08  1.695641e+08  3.664910e+02   1145735   1
       111   2.569605e+08  1.696938e+08  3.701040e+02   1156360   1
       112   1.714805e+08  1.700860e+08  3.737280e+02   1166681   1
       113   7.105886e+08  1.704084e+08  3.772170e+02   1177059   1
       114   3.115609e+08  1.713579e+08  3.808220e+02   1187448   1
       115   3.434990e+08  1.715943e+08  3.844550e+02   1197896   1
       116   3.086128e+08  1.716283e+08  3.881030e+02   1208490   1
       117   4.354912e+08  1.721474e+08  3.917180e+02   1218980   1
       118   1.672397e+08  1.725503e+08  3.953180e+02   1229302   1
       119   3.292679e+08  1.741141e+08  4.020420e+02   1239695   1
       120   1.721776e+08  1.741545e+08  4.055770e+02   1249768   1
       121   3.881818e+08  1.746985e+08  4.091190e+02   1260225   1
       122   2.410569e+08  1.750104e+08  4.126110e+02   1270472   1
       123   4.811102e+08  1.760380e+08  4.161390e+02   1280778   1
       124   2.638782e+08  1.763907e+08  4.197250e+02   1291343   1
       125   4.848600e+08  1.767321e+08  4.233120e+02   1301759   1
       126   2.909040e+08  1.775209e+08  4.269020e+02   1312177   1
       127   2.304187e+08  1.786353e+08  4.305700e+02   1322742   1
       128   6.114041e+08  1.794052e+08  4.340550e+02   1332655   1
       129   3.930746e+08  1.803570e+08  4.376620e+02   1342939   1
       130   1.940881e+08  1.829230e+08  4.412860e+02   1353332   1
       131   3.023555e+08  1.836815e+08  4.449030e+02   1363497   1
       132   1.697131e+08  1.837185e+08  4.485470e+02   1373818   1
       133   5.847625e+08  1.837320e+08  4.521990e+02   1384256   1
       134   1.238075e+09  1.849684e+08  4.558110e+02   1394245   1
       135   1.949244e+08  1.850194e+08  4.594960e+02   1404755   1
       136   3.666306e+08  1.857763e+08  4.632770e+02   1415276   1
       137   2.793224e+08  1.860633e+08  4.670440e+02   1425663   1
       138   1.744540e+08  1.877114e+08  4.708230e+02   1436068   1
       139   1.206669e+09  1.877804e+08  4.745340e+02   1446388   1
       140   2.621306e+08  1.878799e+08  4.783550e+02   1456774   1
       141   3.257697e+08  1.880462e+08  4.822000e+02   1467220   1
       142   3.319021e+08  1.882321e+08  4.860440e+02   1477751   1
       143   4.248331e+08  1.883898e+08  4.899270e+02   1488206   1
       144   2.130481e+08  1.888169e+08  4.938430e+02   1498680   1
       145   3.283763e+08  1.888383e+08  4.977510e+02   1509337   1
       146   2.210834e+08  1.897211e+08  5.016330e+02   1519898   1
       147   7.551795e+08  1.900934e+08  5.054590e+02   1530035   1
       148   2.952596e+08  1.908240e+08  5.093630e+02   1540304   1
       149   5.901050e+08  1.912112e+08  5.262500e+02   1550954   1
       150   1.725132e+08  1.913245e+08  5.301590e+02   1561460   1
       151   6.552359e+08  1.913707e+08  5.339520e+02   1571704   1
       152   5.531509e+08  1.920151e+08  5.377660e+02   1582272   1
       153   1.874746e+08  1.921597e+08  5.415930e+02   1592805   1
       154   2.743078e+08  1.922699e+08  5.454080e+02   1603113   1
       155   3.981826e+08  1.933388e+08  5.492390e+02   1613659   1
       156   4.165807e+08  1.934861e+08  5.530530e+02   1624011   1
       157   2.878223e+08  1.941484e+08  5.569930e+02   1634579   1
       158   2.123098e+08  1.946808e+08  5.609320e+02   1645268   1
       159   4.887959e+08  1.948844e+08  5.647360e+02   1655417   1
       160   3.999830e+08  1.949245e+08  5.686140e+02   1665634   1
       161   4.385229e+08  1.951089e+08  5.724500e+02   1675780   1
       162   4.638957e+08  1.951259e+08  5.763960e+02   1686262   1
       163   4.431318e+08  1.955332e+08  5.802990e+02   1696574   1
       164   6.225198e+08  1.960207e+08  5.841640e+02   1706749   1
       165   4.372181e+08  1.965239e+08  5.882580e+02   1717455   1
       166   4.289411e+08  1.974304e+08  5.923550e+02   1727577   1
       167   1.985405e+08  1.974335e+08  5.965390e+02   1737960   1
       168   1.925902e+08  1.975200e+08  6.007440e+02   1748372   1
       169   2.613874e+08  1.998156e+08  6.049290e+02   1758636   1
       170   2.596342e+08  1.999581e+08  6.091860e+02   1769081   1
       171   2.958952e+08  2.003785e+08  6.134500e+02   1779780   1
       172   2.865017e+08  2.006991e+08  6.223780e+02   1790114   1
       173   2.373343e+08  2.007355e+08  6.263680e+02   1800409   1
       174   2.611588e+08  2.008011e+08  6.303920e+02   1811166   1
       175   3.485283e+08  2.008140e+08  6.343510e+02   1821516   1
       176   1.634232e+08  2.008657e+08  6.383590e+02   1832006   1
       177   4.911991e+08  2.012361e+08  6.424120e+02   1842521   1
       178   2.646443e+08  2.018581e+08  6.465580e+02   1853057   1
       179   5.279030e+08  2.028802e+08  6.505770e+02   1863323   1
       180   1.872213e+08  2.033179e+08  6.548170e+02   1873772   1
       181   7.710884e+08  2.033184e+08  6.589800e+02   1884273   1
       182   3.168808e+08  2.036394e+08  6.631570e+02   1894779   1
       183   2.223620e+08  2.039232e+08  6.673910e+02   1905419   1
       184   2.300059e+08  2.040549e+08  6.716220e+02   1915654   1
       185   1.953374e+08  2.041091e+08  6.759410e+02   1926100   1
       186   2.130784e+08  2.041146e+08  6.803910e+02   1936777   1
       187   2.680764e+08  2.045646e+08  6.847970e+02   1947267   1
       188   2.760886e+08  2.048414e+08  6.892530e+02   1957728   1
       189   4.594229e+08  2.053911e+08  6.980140e+02   1968205   1
       190   2.095889e+08  2.054057e+08  7.021860e+02   1978683   1
       191   2.602577e+08  2.055002e+08  7.063340e+02   1989131   1
       192   3.720712e+08  2.055572e+08  7.103640e+02   1999294   1
       193   6.596319e+08  2.055963e+08  7.144270e+02   2009427   1
       194   2.518145e+08  2.057320e+08  7.186670e+02   2020193   1
       195   5.400209e+08  2.061365e+08  7.228500e+02   2030749   1
       196   1.811599e+08  2.061687e+08  7.270430e+02   2041058   1
       197   2.470677e+08  2.062099e+08  7.313380e+02   2051447   1
       198   3.385754e+08  2.062831e+08  7.356190e+02   2061754   1
       199   3.660067e+08  2.063612e+08  7.399220e+02   2072017   1
       200   4.274602e+08  2.066262e+08  7.442350e+02   2082449   1
       201   2.115330e+08  2.075598e+08  7.486090e+02   2092942   1
       202   2.465930e+08  2.081945e+08  7.529990e+02   2103579   1
       203   3.339091e+08  2.082147e+08  7.574820e+02   2114156   1
       204   2.506586e+08  2.085281e+08  7.660230e+02   2124539   1
       205   3.274831e+08  2.085328e+08  7.702660e+02   2134998   1
       206   2.133559e+08  2.093810e+08  7.746200e+02   2145525   1
       207   3.098654e+08  2.111627e+08  7.789520e+02   2156121   1
       208   1.813205e+08  2.112351e+08  7.835230e+02   2166606   1
       209   4.366809e+08  2.114393e+08  7.878320e+02   2177108   1
       210   3.887694e+08  2.115036e+08  7.922450e+02   2187893   1
       211   2.331485e+08  2.120611e+08  7.966810e+02   2198539   1
       212   9.269500e+08  2.121823e+08  8.010890e+02   2208585   1
       213   2.887002e+08  2.123558e+08  8.056670e+02   2219196   1
       214   2.289161e+08  2.126835e+08  8.101720e+02   2229565   1
       215   4.739285e+08  2.128027e+08  8.147190e+02   2240067   1
       216   2.333895e+08  2.130214e+08  8.234280e+02   2250491   1
       217   3.034249e+08  2.133967e+08  8.278080e+02   2260817   1
       218   1.545568e+08  2.141204e+08  8.321460e+02   2271075   1
       219   5.314937e+08  2.141497e+08  8.365040e+02   2281370   1
       220   3.087432e+08  2.153256e+08  8.410030e+02   2291840   1
       221   4.681208e+08  2.156325e+08  8.454510e+02   2302330   1
       222   2.374553e+08  2.165228e+08  8.499740e+02   2312880   1
       223   2.917464e+08  2.166807e+08  8.543590e+02   2323211   1
       224   1.724506e+08  2.167540e+08  8.589740e+02   2333809   1
       225   2.203950e+08  2.167864e+08  8.635570e+02   2344375   1
       226   2.264644e+08  2.168456e+08  8.681430e+02   2354687   1
       227   5.480996e+08  2.172472e+08  8.728280e+02   2365235   1
       228   2.481577e+08  2.172597e+08  8.816320e+02   2375295   1
       229   3.776834e+08  2.175076e+08  8.861170e+02   2385850   1
       230   1.686407e+08  2.176494e+08  8.906120e+02   2396137   1
       231   3.236750e+08  2.177007e+08  8.951270e+02   2406702   1
       232   4.118512e+08  2.177155e+08  8.996960e+02   2417144   1
       233   3.331281e+08  2.177621e+08  9.042220e+02   2427226   1
       234   1.891899e+08  2.177648e+08  9.087650e+02   2437671   1
       235   2.797410e+08  2.177902e+08  9.133650e+02   2448023   1
       236   2.201499e+08  2.181403e+08  9.181330e+02   2458617   1
       237   1.827571e+08  2.181455e+08  9.227560e+02   2468826   1
       238   2.557437e+08  2.183031e+08  9.317550e+02   2479317   1
       239   3.946806e+08  2.184220e+08  9.363200e+02   2489751   1
       240   3.099527e+08  2.184585e+08  9.408900e+02   2500201   1
       241   3.942420e+08  2.186924e+08  9.454490e+02   2510782   1
       242   4.347920e+08  2.188993e+08  9.500440e+02   2520998   1
       243   2.103607e+08  2.189942e+08  9.547900e+02   2531701   1
       244   2.000864e+08  2.190073e+08  9.594800e+02   2542054   1
       245   7.302891e+08  2.191916e+08  9.641060e+02   2552444   1
       246   4.328813e+08  2.192073e+08  9.688260e+02   2562737   1
       247   1.963651e+08  2.192210e+08  9.736980e+02   2573461   1
       248   3.076391e+08  2.192668e+08  9.784760e+02   2583729   1
       249   4.026027e+08  2.195184e+08  9.875980e+02   2594183   1
       250   1.655850e+08  2.197110e+08  9.922560e+02   2604410   1
       251   2.166988e+08  2.200437e+08  9.969730e+02   2614626   1
       252   2.615225e+08  2.201071e+08  1.001724e+03   2625136   1
       253   3.767363e+08  2.202144e+08  1.006428e+03   2635456   1
       254   1.679478e+08  2.202327e+08  1.011169e+03   2645793   1
       255   3.358708e+08  2.202689e+08  1.015880e+03   2656060   1
       256   2.473725e+08  2.204289e+08  1.020664e+03   2666207   1
       257   3.346531e+08  2.205633e+08  1.025525e+03   2676588   1
       258   3.324931e+08  2.206872e+08  1.034915e+03   2686962   1
       259   3.222162e+08  2.209646e+08  1.039656e+03   2697512   1
       260   2.555141e+08  2.209857e+08  1.044441e+03   2707829   1
       261   3.488882e+08  2.210182e+08  1.049169e+03   2718084   1
       262   2.882831e+08  2.210326e+08  1.053893e+03   2727959   1
       263   3.654569e+08  2.213779e+08  1.058772e+03   2738572   1
       264   2.405874e+08  2.214652e+08  1.063607e+03   2749078   1
       265   2.563134e+08  2.215570e+08  1.068443e+03   2759734   1
       266   1.633637e+08  2.218663e+08  1.073394e+03   2770223   1
       267   2.823676e+08  2.219107e+08  1.078371e+03   2780856   1
       268   1.955405e+08  2.221214e+08  1.087902e+03   2791456   1
       269   3.580700e+08  2.223834e+08  1.092700e+03   2801897   1
       270   1.903346e+08  2.224010e+08  1.097501e+03   2812345   1
       271   2.638335e+08  2.226162e+08  1.102441e+03   2822727   1
       272   2.080384e+08  2.227546e+08  1.107421e+03   2833100   1
       273   5.665269e+08  2.229888e+08  1.112305e+03   2843349   1
       274   2.190273e+08  2.230106e+08  1.117244e+03   2853664   1
       275   2.816357e+08  2.230710e+08  1.122198e+03   2863737   1
       276   3.072781e+08  2.230730e+08  1.127241e+03   2873991   1
       277   2.265937e+08  2.238604e+08  1.132321e+03   2884525   1
       278   2.868836e+08  2.242814e+08  1.141990e+03   2894793   1
       279   4.917279e+08  2.247110e+08  1.146920e+03   2905224   1
       280   2.519710e+08  2.256016e+08  1.151888e+03   2915784   1
       281   3.587058e+08  2.257576e+08  1.156728e+03   2925648   1
       282   4.367847e+08  2.257700e+08  1.161675e+03   2935631   1
       283   4.729340e+08  2.258030e+08  1.166761e+03   2946089   1
       284   2.220130e+08  2.258121e+08  1.171851e+03   2956621   1
       285   2.239906e+08  2.260326e+08  1.176916e+03   2967134   1
       286   4.289639e+08  2.260400e+08  1.181995e+03   2977554   1
       287   2.718186e+08  2.263862e+08  1.187166e+03   2988254   1
       288   2.814387e+08  2.263904e+08  1.196954e+03   2998650   1
       289   2.354249e+08  2.264177e+08  1.201988e+03   3009221   1
       290   1.835655e+08  2.266340e+08  1.207007e+03   3019653   1
       291   2.280537e+08  2.267254e+08  1.212028e+03   3030048   1
       292   2.517049e+08  2.268754e+08  1.217160e+03   3040711   1
       293   2.549080e+08  2.270211e+08  1.222276e+03   3051081   1
       294   3.101986e+08  2.271826e+08  1.227410e+03   3061662   1
       295   2.596725e+08  2.273626e+08  1.232462e+03   3071950   1
       296   4.309519e+08  2.273695e+08  1.237628e+03   3082432   1
       297   4.088099e+08  2.274003e+08  1.242831e+03   3092706   1
       298   4.451063e+08  2.275615e+08  1.252820e+03   3102843   1
       299   1.816542e+08  2.276483e+08  1.257877e+03   3113192   1
       300   2.258136e+08  2.277051e+08  1.262954e+03   3123619   1
       301   1.824396e+08  2.278508e+08  1.268079e+03   3134168   1
       302   2.270205e+08  2.280773e+08  1.273267e+03   3144649   1
       303   2.808159e+08  2.287745e+08  1.278461e+03   3155097   1
       304   3.497185e+08  2.287760e+08  1.283619e+03   3165790   1
       305   2.254789e+08  2.288200e+08  1.288840e+03   3176243   1
       306   1.792015e+08  2.290589e+08  1.294151e+03   3186643   1
       307   3.262835e+08  2.290936e+08  1.299452e+03   3196916   1
       308   5.258651e+08  2.291185e+08  1.309567e+03   3207085   1
       309   3.238880e+08  2.299556e+08  1.314818e+03   3217408   1
       310   5.210935e+08  2.299610e+08  1.319978e+03   3227500   1
       311   5.302956e+08  2.302802e+08  1.325212e+03   3237909   1
       312   5.144352e+08  2.305291e+08  1.330468e+03   3248418   1
       313   4.667113e+08  2.310278e+08  1.335658e+03   3258645   1
       314   1.414160e+08  2.310488e+08  1.340954e+03   3269215   1
       315   4.449252e+08  2.310774e+08  1.346225e+03   3279209   1
       316   4.686625e+08  2.311348e+08  1.351532e+03   3289622   1
       317   5.520738e+08  2.311580e+08  1.356909e+03   3300100   1
       318   1.913807e+08  2.311743e+08  1.367400e+03   3310645   1
       319   5.072875e+08  2.312224e+08  1.372668e+03   3321028   1
       320   2.207405e+08  2.313790e+08  1.377984e+03   3331601   1
       321   8.904537e+08  2.314103e+08  1.383205e+03   3341756   1
       322   3.210517e+08  2.316287e+08  1.388535e+03   3352177   1
       323   2.991538e+08  2.316946e+08  1.393875e+03   3362651   1
       324   3.363276e+08  2.317089e+08  1.399172e+03   3372937   1
       325   4.551949e+08  2.317568e+08  1.404532e+03   3383364   1
       326   5.300424e+08  2.317931e+08  1.409973e+03   3393790   1
       327   1.920330e+08  2.320815e+08  1.415528e+03   3404371   1
       328   3.946926e+08  2.323454e+08  1.426176e+03   3414749   1
       329   2.164710e+08  2.324070e+08  1.431548e+03   3425142   1
       330   2.322549e+08  2.325739e+08  1.436931e+03   3435556   1
       331   1.901182e+08  2.325856e+08  1.442329e+03   3446134   1
       332   1.908967e+08  2.326098e+08  1.447779e+03   3456683   1
       333   8.824536e+08  2.326369e+08  1.453141e+03   3466956   1
       334   2.858668e+08  2.329728e+08  1.458573e+03   3477598   1
       335   1.371079e+08  2.335824e+08  1.464020e+03   3487675   1
       336   3.623283e+08  2.337981e+08  1.469565e+03   3498098   1
       337   3.716419e+08  2.338003e+08  1.475073e+03   3508362   1
       338   3.138460e+08  2.338130e+08  1.485967e+03   3518849   1
       339   3.450259e+08  2.338415e+08  1.491398e+03   3529059   1
       340   3.700584e+08  2.338813e+08  1.496896e+03   3539609   1
       341   2.013121e+08  2.340237e+08  1.502414e+03   3550046   1
       342   2.598433e+08  2.340876e+08  1.507949e+03   3560668   1
       343   3.366602e+08  2.342213e+08  1.513469e+03   3571131   1
       344   2.790976e+08  2.342352e+08  1.518959e+03   3581514   1
       345   2.503066e+08  2.342503e+08  1.524527e+03   3591971   1
       346   2.686813e+08  2.343617e+08  1.530111e+03   3602505   1
       347   4.270559e+08  2.347821e+08  1.535701e+03   3612826   1
       348   2.488933e+08  2.347864e+08  1.541322e+03   3622970   1
       349   2.044283e+08  2.348101e+08  1.552313e+03   3633723   1
       350   4.416217e+08  2.348549e+08  1.557813e+03   3644082   1
       351   4.634708e+08  2.349203e+08  1.563356e+03   3654272   1
       352   2.773255e+08  2.349218e+08  1.568924e+03   3664522   1
       353   3.478345e+08  2.350757e+08  1.574523e+03   3675089   1
       354   3.892307e+08  2.350765e+08  1.580117e+03   3685286   1
       355   1.922305e+08  2.351045e+08  1.585784e+03   3695873   1
       356   3.704853e+08  2.351413e+08  1.591397e+03   3706135   1
       357   5.097318e+08  2.352116e+08  1.597076e+03   3716693   1
       358   4.484091e+08  2.354105e+08  1.602770e+03   3726823   1
       359   2.202870e+08  2.354163e+08  1.613958e+03   3737191   1
       360   4.224914e+08  2.354523e+08  1.619547e+03   3747932   1
       361   2.773014e+08  2.355433e+08  1.625138e+03   3758437   1
       362   2.498687e+08  2.355743e+08  1.630808e+03   3769009   1
       363   2.732954e+08  2.356318e+08  1.636512e+03   3779403   1
       364   7.244326e+08  2.356387e+08  1.642246e+03   3789868   1
       365   8.127964e+08  2.357138e+08  1.647888e+03   3800169   1
       366   5.910625e+08  2.358252e+08  1.653585e+03   3810876   1
       367   2.264077e+08  2.359476e+08  1.659394e+03   3821620   1
       368   2.462272e+08  2.361074e+08  1.665177e+03   3831969   1
       369   2.002370e+08  2.361083e+08  1.671025e+03   3842358   1
       370   2.394222e+08  2.361774e+08  1.682451e+03   3852730   1
       371   5.725223e+08  2.362019e+08  1.688139e+03   3862916   1
       372   1.522924e+08  2.362525e+08  1.693862e+03   3873424   1
       373   4.289106e+08  2.363459e+08  1.699574e+03   3883858   1
       374   4.615504e+08  2.363600e+08  1.705343e+03   3894079   1
       375   2.608278e+08  2.363772e+08  1.711175e+03   3904741   1
       376   2.082606e+08  2.366817e+08  1.716928e+03   3915491   1
       377   2.078689e+08  2.367166e+08  1.722701e+03   3925942   1
       378   2.465024e+08  2.367354e+08  1.728681e+03   3936366   1
       379   3.591449e+08  2.370741e+08  1.734603e+03   3946702   1
       380   3.369826e+08  2.372476e+08  1.740469e+03   3957127   1
       381   2.499929e+08  2.372517e+08  1.752049e+03   3967617   1
       382   1.786981e+08  2.372796e+08  1.757856e+03   3978313   1
       383   4.026112e+08  2.372920e+08  1.763611e+03   3988307   1
       384   2.349260e+08  2.373226e+08  1.769509e+03   3998721   1
       385   1.916795e+08  2.373402e+08  1.775388e+03   4009200   1
       386   4.320848e+08  2.373479e+08  1.781290e+03   4019776   1
       387   8.704173e+08  2.377012e+08  1.787001e+03   4029944   1
       388   4.754100e+08  2.378104e+08  1.792884e+03   4040433   1
       389   7.228567e+08  2.379130e+08  1.798817e+03   4050760   1
       390   3.153044e+08  2.379473e+08  1.804780e+03   4061302   1
       391   3.239108e+08  2.379631e+08  1.810888e+03   4071983   1
       392   1.863902e+08  2.379897e+08  1.822927e+03   4082476   1
       393   4.613634e+08  2.380011e+08  1.828784e+03   4092486   1
       394   2.031257e+08  2.380051e+08  1.834718e+03   4102869   1
       395   4.246465e+08  2.380134e+08  1.840592e+03   4113305   1
       396   1.798926e+08  2.380355e+08  1.846576e+03   4123866   1
       397   2.878340e+08  2.380545e+08  1.852543e+03   4134243   1
       398   3.899132e+08  2.384200e+08  1.858480e+03   4144904   1
       399   2.990033e+08  2.386164e+08  1.864407e+03   4155410   1
       400   4.139627e+08  2.387539e+08  1.870444e+03   4165601   1
       401   2.972651e+08  2.388786e+08  1.876557e+03   4176025   1
       402   6.694091e+08  2.389177e+08  1.882643e+03   4186419   1
       403   3.095547e+08  2.390394e+08  1.894757e+03   4196678   1
       404   3.249923e+08  2.390661e+08  1.900668e+03   4206859   1
       405   2.308979e+08  2.391267e+08  1.906636e+03   4217222   1
       406   2.180934e+08  2.393243e+08  1.912670e+03   4227884   1
       407   1.708922e+08  2.393845e+08  1.918723e+03   4238194   1
       408   2.067007e+08  2.394804e+08  1.924718e+03   4248477   1
       409   4.240804e+08  2.398535e+08  1.930795e+03   4258804   1
       410   5.659590e+08  2.399081e+08  1.936763e+03   4269188   1
       411   3.346882e+08  2.402536e+08  1.942885e+03   4279564   1
       412   2.198225e+08  2.403574e+08  1.949091e+03   4289986   1
       413   6.076550e+08  2.404056e+08  1.955234e+03   4300433   1
       414   2.521193e+08  2.404421e+08  1.967523e+03   4310957   1
       415   4.553036e+08  2.404615e+08  1.973517e+03   4321017   1
       416   1.764125e+08  2.406116e+08  1.979637e+03   4331370   1
       417   3.460412e+08  2.407546e+08  1.985686e+03   4341747   1
       418   3.241052e+08  2.409918e+08  1.991759e+03   4352436   1
       419   2.829992e+08  2.414220e+08  1.997949e+03   4363023   1
       420   4.290727e+08  2.415638e+08  2.003992e+03   4373382   1
       421   2.735623e+08  2.416132e+08  2.010232e+03   4383848   1
       422   5.673498e+08  2.416289e+08  2.016330e+03   4393784   1
       423   3.278293e+08  2.416450e+08  2.022645e+03   4404145   1
       424   2.115597e+08  2.416892e+08  2.029014e+03   4414765   1
       425   1.929336e+08  2.417036e+08  2.041561e+03   4425237   1
       426   2.470890e+08  2.417386e+08  2.047785e+03   4435796   1
       427   2.002221e+08  2.418968e+08  2.053941e+03   4446374   1
       428   2.801436e+08  2.419156e+08  2.060101e+03   4456900   1
       429   3.031946e+08  2.419194e+08  2.066403e+03   4467236   1
       430   6.248953e+08  2.419264e+08  2.072593e+03   4477515   1
       431   2.353828e+08  2.419361e+08  2.078853e+03   4488023   1
       432   3.170314e+08  2.419452e+08  2.085040e+03   4498220   1
       433   2.909822e+08  2.420376e+08  2.091369e+03   4508595   1
       434   2.173639e+08  2.420800e+08  2.097761e+03   4519134   1
       435   3.590442e+08  2.421500e+08  2.104119e+03   4529375   1
       436   2.627602e+08  2.421910e+08  2.116958e+03   4540001   1
       437   6.672306e+08  2.422135e+08  2.123127e+03   4550249   1
       438   1.832561e+08  2.422157e+08  2.129433e+03   4560643   1
       439   3.492512e+08  2.424807e+08  2.135726e+03   4571250   1
       440   2.322174e+08  2.427466e+08  2.142006e+03   4581958   1
       441   5.620058e+08  2.427476e+08  2.148346e+03   4592563   1
       442   4.029457e+08  2.427924e+08  2.154625e+03   4602662   1
       443   3.368400e+08  2.428330e+08  2.161017e+03   4613139   1
       444   2.441248e+08  2.430546e+08  2.167398e+03   4623852   1
       445   3.461425e+08  2.430609e+08  2.173828e+03   4634185   1
       446   7.480676e+08  2.430818e+08  2.180254e+03   4644644   1
       447   3.224975e+08  2.434550e+08  2.186861e+03   4654900   1
       448   2.491407e+08  2.437048e+08  2.199862e+03   4665323   1
       449   2.731910e+08  2.438614e+08  2.206221e+03   4675611   1
       450   1.911716e+08  2.439039e+08  2.212604e+03   4686190   1
       451   4.677658e+08  2.440004e+08  2.218987e+03   4696421   1
       452   1.890223e+08  2.440218e+08  2.225403e+03   4706855   1
       453   1.668849e+08  2.440365e+08  2.231828e+03   4717562   1
       454   2.691694e+08  2.440408e+08  2.238285e+03   4728012   1
       455   1.836996e+08  2.440632e+08  2.244837e+03   4738363   1
       456   3.312540e+08  2.444859e+08  2.251368e+03   4748864   1
       457   1.961511e+08  2.445019e+08  2.257918e+03   4759222   1
       458   2.224257e+08  2.445132e+08  2.264502e+03   4769376   1
       459   2.975903e+08  2.445695e+08  2.270993e+03   4779551   1
       460   3.878968e+08  2.445790e+08  2.284215e+03   4790039   1
       461   1.838272e+08  2.446064e+08  2.290650e+03   4800490   1
       462   3.658198e+08  2.446068e+08  2.297151e+03   4810728   1
       463   2.637542e+08  2.446087e+08  2.303749e+03   4821210   1
       464   1.757111e+08  2.449229e+08  2.310289e+03   4831351   1
       465   2.514210e+08  2.450229e+08  2.316817e+03   4841799   1
       466   2.512931e+08  2.451635e+08  2.323346e+03   4852169   1
       467   3.050494e+08  2.451710e+08  2.329960e+03   4862676   1
       468   3.265895e+08  2.452102e+08  2.336591e+03   4873144   1
       469   4.655212e+08  2.455054e+08  2.343185e+03   4883662   1
       470   3.826311e+08  2.456613e+08  2.349951e+03   4894240   1
       471   2.818182e+08  2.458715e+08  2.363432e+03   4904448   1
       472   1.754237e+08  2.458764e+08  2.370075e+03   4914765   1
       473   2.113220e+08  2.463344e+08  2.376644e+03   4925310   1
       474   1.716178e+08  2.465545e+08  2.383160e+03   4935754   1
       475   5.987114e+08  2.466923e+08  2.389770e+03   4946122   1
       476   2.090802e+08  2.467261e+08  2.396423e+03   4956319   1
       477   3.152153e+08  2.467788e+08  2.403133e+03   4966972   1
       478   3.530776e+08  2.468243e+08  2.409771e+03   4977388   1
       479   2.774147e+08  2.468284e+08  2.416464e+03   4987552   1
       480   4.374155e+08  2.470166e+08  2.423136e+03   4997693   1
       481   1.777403e+08  2.470191e+08  2.429929e+03   5007999   1
       482   2.237236e+08  2.471172e+08  2.436721e+03   5018500   1
       483   2.065482e+08  2.471491e+08  2.450445e+03   5029024   1
       484   2.202066e+08  2.471673e+08  2.457115e+03   5039340   1
       485   1.685305e+08  2.471997e+08  2.463724e+03   5049728   1
       486   2.648899e+08  2.472022e+08  2.470439e+03   5060176   1
       487   1.656011e+08  2.472935e+08  2.477162e+03   5070535   1
       488   7.217734e+08  2.473608e+08  2.483822e+03   5081073   1
       489   1.555870e+08  2.473819e+08  2.490541e+03   5091065   1
       490   4.949652e+08  2.475754e+08  2.497196e+03   5101438   1
       491   2.058273e+08  2.475806e+08  2.504028e+03   5111958   1
       492   2.713532e+08  2.475931e+08  2.510915e+03   5122409   1
       493   1.997747e+08  2.475953e+08  2.517831e+03   5133120   1
       494   3.913592e+08  2.478092e+08  2.524700e+03   5143398   1
       495   4.295081e+08  2.478598e+08  2.538748e+03   5153961   1
       496   3.365700e+08  2.479150e+08  2.545538e+03   5164519   1
       497   2.257566e+08  2.480346e+08  2.552325e+03   5175096   1
       498   4.251523e+08  2.481209e+08  2.559023e+03   5185633   1
       499   3.292907e+08  2.481515e+08  2.565820e+03   5195996   1
       500   2.326639e+08  2.482092e+08  2.572672e+03   5206184   1
       501   3.673725e+08  2.482199e+08  2.579450e+03   5216381   1
       502   2.189252e+08  2.482326e+08  2.586349e+03   5227077   1
       503   2.578871e+08  2.482349e+08  2.593243e+03   5237396   1
       504   3.252631e+08  2.482769e+08  2.600212e+03   5247997   1
       505   2.370550e+08  2.483346e+08  2.607299e+03   5258436   1
       506   1.578370e+08  2.484065e+08  2.614299e+03   5268994   1
       507   3.225997e+08  2.485435e+08  2.621472e+03   5279628   1
       508   2.667460e+08  2.485467e+08  2.635578e+03   5290377   1
       509   2.381698e+08  2.486039e+08  2.642346e+03   5300633   1
       510   3.586141e+08  2.487440e+08  2.649271e+03   5311060   1
       511   4.394986e+08  2.488073e+08  2.656147e+03   5321503   1
       512   3.528361e+08  2.489490e+08  2.663101e+03   5332017   1
       513   2.311017e+08  2.489692e+08  2.670057e+03   5342393   1
       514   2.190461e+08  2.490094e+08  2.677073e+03   5353017   1
       515   2.695851e+08  2.490202e+08  2.684035e+03   5363379   1
       516   2.003511e+08  2.490424e+08  2.691016e+03   5373594   1
       517   5.289642e+08  2.490512e+08  2.698043e+03   5383967   1
       518   2.969848e+08  2.490597e+08  2.705117e+03   5394308   1
       519   3.710249e+08  2.490789e+08  2.712285e+03   5404747   1
       520   2.640873e+08  2.491169e+08  2.726698e+03   5415452   1
       521   2.057627e+08  2.491876e+08  2.733695e+03   5426098   1
       522   5.005184e+08  2.492020e+08  2.740629e+03   5436595   1
       523   2.999444e+08  2.492181e+08  2.747578e+03   5447152   1
       524   7.158979e+08  2.493099e+08  2.754467e+03   5457219   1
       525   1.737816e+08  2.493363e+08  2.761581e+03   5467301   1
       526   3.598674e+08  2.494993e+08  2.768592e+03   5477762   1
       527   3.452514e+08  2.495192e+08  2.775603e+03   5488036   1
       528   2.155553e+08  2.495288e+08  2.782644e+03   5498447   1
       529   1.805422e+08  2.495607e+08  2.789793e+03   5508952   1
       530   4.041260e+08  2.496003e+08  2.796977e+03   5519311   1
       531   2.496111e+08  2.497407e+08  2.804230e+03   5529907   1
       532   2.846697e+08  2.497494e+08  2.819098e+03   5540469   1
       533   3.257249e+08  2.498224e+08  2.826084e+03   5550876   1
       534   3.142989e+08  2.498793e+08  2.833125e+03   5561093   1
       535   2.690882e+08  2.499019e+08  2.840162e+03   5571465   1
       536   2.058548e+08  2.500074e+08  2.847229e+03   5581769   1
       537   2.725325e+08  2.503160e+08  2.854346e+03   5592260   1
       538   2.149809e+08  2.503885e+08  2.861501e+03   5602802   1
       539   2.567629e+08  2.503942e+08  2.868671e+03   5613233   1
       540   2.421171e+08  2.504879e+08  2.875825e+03   5623748   1
       541   4.244255e+08  2.505817e+08  2.882893e+03   5634023   1
       542   2.300626e+08  2.505947e+08  2.890100e+03   5644615   1
       543   2.467418e+08  2.506047e+08  2.897354e+03   5654941   1
       544   1.990974e+08  2.506227e+08  2.904822e+03   5665563   1
       545   4.384455e+08  2.506274e+08  2.919658e+03   5675468   1
       546   1.979590e+08  2.506341e+08  2.926888e+03   5685939   1
       547   1.381164e+08  2.506395e+08  2.933981e+03   5696254   1
       548   1.982284e+08  2.506680e+08  2.941138e+03   5706519   1
       549   2.372053e+08  2.506731e+08  2.948370e+03   5717017   1
       550   2.931166e+08  2.508314e+08  2.955572e+03   5727479   1
       551   2.306785e+08  2.508474e+08  2.962790e+03   5737643   1
       552   2.630900e+08  2.508591e+08  2.970117e+03   5748358   1
       553   2.308432e+08  2.508648e+08  2.977423e+03   5758806   1
       554   4.057445e+08  2.510383e+08  2.984715e+03   5769394   1
       555   3.683127e+08  2.510855e+08  2.992031e+03   5780033   1
       556   3.465619e+08  2.511530e+08  2.999371e+03   5790520   1
       557   2.932265e+08  2.511655e+08  3.006795e+03   5801021   1
       558   2.416759e+08  2.512128e+08  3.021888e+03   5811598   1
       559   3.701034e+08  2.513324e+08  3.029142e+03   5821561   1
       560   2.695167e+08  2.514414e+08  3.036488e+03   5832058   1
       561   2.072673e+08  2.514617e+08  3.043778e+03   5842410   1
       562   7.531679e+08  2.515241e+08  3.051035e+03   5852878   1
       563   2.471408e+08  2.515353e+08  3.058369e+03   5863457   1
       564   2.823576e+08  2.515881e+08  3.065674e+03   5873910   1
       565   6.828901e+08  2.516075e+08  3.072977e+03   5884312   1
       566   3.041040e+08  2.516378e+08  3.080371e+03   5894768   1
       567   2.940071e+08  2.516554e+08  3.087776e+03   5905025   1
       568   1.914464e+08  2.517155e+08  3.095267e+03   5915602   1
       569   2.053361e+08  2.517397e+08  3.102804e+03   5926112   1
       570   3.005372e+08  2.518837e+08  3.110347e+03   5936273   1
       571   2.239513e+08  2.518863e+08  3.125708e+03   5946621   1
       572   7.207528e+08  2.520281e+08  3.132955e+03   5956804   1
       573   3.925360e+08  2.520641e+08  3.140400e+03   5966962   1
       574   2.324723e+08  2.521499e+08  3.147809e+03   5977489   1
       575   5.117107e+08  2.521846e+08  3.155267e+03   5988054   1
       576   4.279857e+08  2.522799e+08  3.162614e+03   5998559   1
       577   5.527353e+08  2.523682e+08  3.169973e+03   6008891   1
       578   4.559751e+08  2.523705e+08  3.177399e+03   6018950   1
       579   2.178489e+08  2.524605e+08  3.184924e+03   6029400   1
       580   5.269006e+08  2.524607e+08  3.192447e+03   6039732   1
       581   9.908555e+08  2.524671e+08  3.199912e+03   6049784   1
       582   3.157152e+08  2.527728e+08  3.207713e+03   6060193   1
       583   2.700890e+08  2.528504e+08  3.215406e+03   6070805   1
       584   3.669721e+08  2.528716e+08  3.231042e+03   6080942   1
       585   2.371436e+08  2.529004e+08  3.238576e+03   6091454   1
       586   4.998442e+08  2.529301e+08  3.246106e+03   6102096   1
       587   5.544044e+08  2.529316e+08  3.253646e+03   6112388   1
       588   3.421605e+08  2.529440e+08  3.261134e+03   6123023   1
       589   3.641022e+08  2.529583e+08  3.268631e+03   6133607   1
       590   2.665827e+08  2.529613e+08  3.276181e+03   6144297   1
       591   2.826011e+08  2.529804e+08  3.283800e+03   6154507   1
       592   4.233301e+08  2.530424e+08  3.291454e+03   6164715   1
       593   2.539867e+08  2.530801e+08  3.299114e+03   6175034   1
       594   2.700242e+08  2.531199e+08  3.306842e+03   6185488   1
       595   3.175943e+08  2.531219e+08  3.314538e+03   6195836   1
       596   1.537812e+08  2.531396e+08  3.322373e+03   6206279   1
       597   1.995494e+08  2.531616e+08  3.338389e+03   6216485   1
       598   6.511200e+08  2.532384e+08  3.345897e+03   6226787   1
       599   2.646557e+08  2.533476e+08  3.353589e+03   6237250   1
       600   1.598372e+08  2.533479e+08  3.361253e+03   6247658   1
       601   2.255844e+08  2.534922e+08  3.368973e+03   6258040   1
       602   3.528695e+08  2.535341e+08  3.376595e+03   6268495   1
       603   2.821680e+08  2.535596e+08  3.384327e+03   6279103   1
       604   5.011244e+08  2.535621e+08  3.391981e+03   6289396   1
       605   2.155326e+08  2.536224e+08  3.399740e+03   6299933   1
       606   4.218449e+08  2.536231e+08  3.407435e+03   6310214   1
       607   3.959684e+08  2.536300e+08  3.415269e+03   6320455   1
       608   4.272398e+08  2.536766e+08  3.423127e+03   6330866   1
       609   2.894024e+08  2.537146e+08  3.431007e+03   6341359   1
       610   2.150350e+08  2.537527e+08  3.447379e+03   6351901   1
       611   2.319938e+08  2.537582e+08  3.455169e+03   6362387   1
       612   6.493198e+08  2.537742e+08  3.462903e+03   6372419   1
       613   2.026224e+08  2.537790e+08  3.470678e+03   6383224   1
       614   3.715498e+08  2.537813e+08  3.478444e+03   6393646   1
       615   3.556970e+08  2.538400e+08  3.486170e+03   6403987   1
       616   2.111442e+08  2.538852e+08  3.494024e+03   6414391   1
       617   5.475797e+08  2.539016e+08  3.501773e+03   6424787   1
       618   4.118615e+08  2.539887e+08  3.509673e+03   6435011   1
       619   2.862876e+08  2.540066e+08  3.517638e+03   6445434   1
       620   3.761047e+08  2.540683e+08  3.525488e+03   6455937   1
       621   2.432709e+08  2.541605e+08  3.533465e+03   6466248   1
       622   1.849962e+08  2.541961e+08  3.541472e+03   6476466   1
       623   1.885255e+08  2.543162e+08  3.549464e+03   6486877   1
       624   2.812645e+08  2.543792e+08  3.565881e+03   6497435   1
       625   3.023492e+08  2.544174e+08  3.573741e+03   6507619   1
       626   3.133237e+08  2.544196e+08  3.581657e+03   6518006   1
       627   4.376476e+08  2.546042e+08  3.589532e+03   6528330   1
       628   3.931031e+08  2.547915e+08  3.597380e+03   6538846   1
       629   3.902069e+08  2.548010e+08  3.605218e+03   6549300   1
       630   2.171569e+08  2.548100e+08  3.613242e+03   6559676   1
       631   1.871382e+08  2.549332e+08  3.621179e+03   6570151   1
       632   3.481040e+08  2.550086e+08  3.629168e+03   6580675   1
       633   2.309109e+08  2.550233e+08  3.637180e+03   6591101   1
       634   5.349215e+08  2.550288e+08  3.645166e+03   6601170   1
       635   2.593107e+08  2.551273e+08  3.653308e+03   6611654   1
       636   2.157982e+08  2.551429e+08  3.661414e+03   6622185   1
       637   4.866990e+08  2.552106e+08  3.669456e+03   6632745   1
       638   3.889362e+08  2.552207e+08  3.686079e+03   6643064   1
       639   3.972376e+08  2.553169e+08  3.694024e+03   6653567   1
       640   3.777651e+08  2.553243e+08  3.701990e+03   6664182   1
       641   3.403243e+08  2.553334e+08  3.709961e+03   6674654   1
       642   2.962064e+08  2.553720e+08  3.717992e+03   6684965   1
       643   2.852423e+08  2.554133e+08  3.726016e+03   6695425   1
       644   1.776637e+08  2.556366e+08  3.734043e+03   6705761   1
       645   2.020747e+08  2.556510e+08  3.742068e+03   6716171   1
       646   2.364179e+08  2.557066e+08  3.750173e+03   6726834   1
       647   2.383658e+08  2.557071e+08  3.758354e+03   6737234   1
       648   7.858536e+08  2.558206e+08  3.766416e+03   6747369   1
       649   2.971788e+08  2.558892e+08  3.774559e+03   6757885   1
       650   3.954112e+08  2.559056e+08  3.782798e+03   6768354   1
       651   1.971792e+08  2.559294e+08  3.791125e+03   6778833   1
       652   1.635803e+08  2.560095e+08  3.808047e+03   6789390   1
       653   2.068833e+08  2.560362e+08  3.816073e+03   6799845   1
       654   3.705843e+08  2.560876e+08  3.824085e+03   6810448   1
       655   5.926113e+08  2.561847e+08  3.832087e+03   6821059   1
       656   2.073036e+08  2.563597e+08  3.840240e+03   6831506   1
       657   2.817582e+08  2.565029e+08  3.848339e+03   6841761   1
       658   2.247051e+08  2.565202e+08  3.856507e+03   6852483   1
       659   5.633583e+08  2.565491e+08  3.864630e+03   6862791   1
       660   2.920146e+08  2.565738e+08  3.872724e+03   6872892   1
       661   2.312403e+08  2.567114e+08  3.880869e+03   6883448   1
       662   3.098276e+08  2.567313e+08  3.889190e+03   6894089   1
       663   3.331575e+08  2.568104e+08  3.897472e+03   6904612   1
       664   2.256332e+08  2.568223e+08  3.905815e+03   6915198   1
       665   4.623426e+08  2.568337e+08  3.914166e+03   6925203   1
       666   8.659808e+08  2.569595e+08  3.931302e+03   6935329   1
       667   2.169187e+08  2.569646e+08  3.939490e+03   6945338   1
       668   3.076158e+08  2.569736e+08  3.947616e+03   6955859   1
       669   2.505717e+08  2.569748e+08  3.955734e+03   6966384   1
       670   3.239372e+08  2.569787e+08  3.963943e+03   6976405   1
       671   2.019458e+08  2.570032e+08  3.972145e+03   6986672   1
       672   2.148144e+08  2.570225e+08  3.980385e+03   6997206   1
       673   2.515076e+08  2.570285e+08  3.988651e+03   7007493   1
       674   3.942438e+08  2.570942e+08  3.996871e+03   7017729   1
       675   3.104530e+08  2.571621e+08  4.005150e+03   7028322   1
       676   6.478211e+08  2.571888e+08  4.013382e+03   7038500   1
       677   3.011345e+08  2.571898e+08  4.021780e+03   7048631   1
       678   6.745201e+08  2.572425e+08  4.030239e+03   7058688   1
       679   3.542011e+08  2.572630e+08  4.038736e+03   7068855   1
       680   2.013757e+08  2.572936e+08  4.056302e+03   7079513   1
       681   4.621599e+08  2.573294e+08  4.064587e+03   7089472   1
       682   3.680322e+08  2.573874e+08  4.072796e+03   7100019   1
       683   2.846216e+08  2.574185e+08  4.081050e+03   7110564   1
       684   3.446766e+08  2.574343e+08  4.089289e+03   7120859   1
       685   1.937188e+08  2.574513e+08  4.097589e+03   7131043   1
       686   9.489775e+08  2.574736e+08  4.105847e+03   7141243   1
       687   3.442258e+08  2.574940e+08  4.114288e+03   7151608   1
       688   1.600630e+08  2.575592e+08  4.122837e+03   7161947   1
       689   1.757061e+08  2.575794e+08  4.131252e+03   7172180   1
       690   2.076582e+08  2.576445e+08  4.139736e+03   7182811   1
       691   2.475379e+08  2.577247e+08  4.148278e+03   7193416   1
       692   6.589474e+08  2.577394e+08  4.156784e+03   7203906   1
       693   4.194017e+08  2.577976e+08  4.165286e+03   7214229   1
       694   3.001603e+08  2.578043e+08  4.183190e+03   7224744   1
       695   3.307353e+08  2.579060e+08  4.191703e+03   7235388   1
       696   2.274938e+08  2.579511e+08  4.200136e+03   7245689   1
       697   2.246531e+08  2.579903e+08  4.208593e+03   7256224   1
       698   2.415049e+08  2.580849e+08  4.216942e+03   7266772   1
       699   1.852529e+08  2.581128e+08  4.225370e+03   7277019   1
       700   2.682456e+08  2.581238e+08  4.233929e+03   7287339   1
       701   3.499736e+08  2.581719e+08  4.242440e+03   7297573   1
       702   3.307545e+08  2.582257e+08  4.250987e+03   7307974   1
       703   8.322153e+08  2.582601e+08  4.259431e+03   7318409   1
       704   3.749346e+08  2.582655e+08  4.267891e+03   7329163   1
       705   3.243081e+08  2.583242e+08  4.276378e+03   7339545   1
       706   3.600037e+08  2.583337e+08  4.284923e+03   7350165   1
       707   2.980180e+08  2.583778e+08  4.293575e+03   7360842   1
       708   2.165023e+08  2.584440e+08  4.312128e+03   7371344   1
       709   7.762888e+08  2.584483e+08  4.320455e+03   7381317   1
       710   3.108513e+08  2.585082e+08  4.328990e+03   7391685   1
       711   5.669842e+08  2.586283e+08  4.337410e+03   7402182   1
       712   3.282471e+08  2.586335e+08  4.346005e+03   7412534   1
       713   2.958833e+08  2.586456e+08  4.354714e+03   7423148   1
       714   4.049526e+08  2.587718e+08  4.363270e+03   7433028   1
       715   1.853112e+08  2.587829e+08  4.372013e+03   7443668   1
       716   7.071414e+08  2.588209e+08  4.380545e+03   7453920   1
       717   2.461879e+08  2.588570e+08  4.389306e+03   7464396   1
       718   1.568072e+08  2.588990e+08  4.397958e+03   7474737   1
       719   3.628676e+08  2.589018e+08  4.406849e+03   7484885   1
       720   2.277930e+08  2.589087e+08  4.415615e+03   7495397   1
       721   3.619253e+08  2.589299e+08  4.424447e+03   7505697   1
       722   1.513878e+08  2.589500e+08  4.433304e+03   7516124   1
       723   1.419141e+08  2.589928e+08  4.451672e+03   7526428   1
       724   4.433846e+08  2.590309e+08  4.460268e+03   7536664   1
       725   3.393892e+08  2.590782e+08  4.468916e+03   7546967   1
       726   1.844448e+08  2.591087e+08  4.477553e+03   7557649   1
       727   1.384310e+08  2.592028e+08  4.486264e+03   7568308   1
       728   6.657078e+08  2.592160e+08  4.495000e+03   7578356   1
       729   8.739848e+08  2.592418e+08  4.503666e+03   7588599   1
       730   4.346465e+08  2.592512e+08  4.512346e+03   7599250   1
       731   2.229733e+08  2.592705e+08  4.521282e+03   7609716   1
       732   5.622246e+08  2.592749e+08  4.530006e+03   7619716   1
       733   2.484486e+08  2.593107e+08  4.538822e+03   7629985   1
       734   3.003661e+08  2.593930e+08  4.547652e+03   7640566   1
       735   3.762644e+08  2.594194e+08  4.556471e+03   7651104   1
       736   2.435052e+08  2.595368e+08  4.565383e+03   7661697   1
       737   2.071749e+08  2.595887e+08  4.574351e+03   7672197   1
       738   2.369429e+08  2.596569e+08  4.593120e+03   7682691   1
       739   3.431530e+08  2.596693e+08  4.601851e+03   7693128   1
       740   5.265389e+08  2.596785e+08  4.610611e+03   7703064   1
       741   5.725703e+08  2.596829e+08  4.619299e+03   7713411   1
       742   2.013369e+08  2.596880e+08  4.628144e+03   7723903   1
       743   3.529053e+08  2.596929e+08  4.636886e+03   7734136   1
       744   2.830656e+08  2.597746e+08  4.645725e+03   7744597   1
       745   2.069878e+08  2.597809e+08  4.654604e+03   7755083   1
       746   4.132141e+08  2.597912e+08  4.663438e+03   7765581   1
       747   2.340491e+08  2.597935e+08  4.672318e+03   7775869   1
       748   4.105795e+08  2.598936e+08  4.681105e+03   7786386   1
       749   3.428626e+08  2.599332e+08  4.690138e+03   7796882   1
       750   1.756907e+08  2.599365e+08  4.699245e+03   7807390   1
       751   4.273509e+08  2.599501e+08  4.708370e+03   7817704   1
       752   3.028395e+08  2.599770e+08  4.717438e+03   7828133   1
       753   2.283533e+08  2.599915e+08  4.736550e+03   7838531   1
       754   5.172794e+08  2.600115e+08  4.745539e+03   7849122   1
       755   3.483301e+08  2.600451e+08  4.754592e+03   7859474   1
       756   2.695336e+08  2.600805e+08  4.763504e+03   7870127   1
       757   2.094588e+08  2.600867e+08  4.772503e+03   7880132   1
       758   3.846349e+08  2.601252e+08  4.781346e+03   7890502   1
       759   3.236012e+08  2.601408e+08  4.790342e+03   7900891   1
       760   4.358132e+08  2.602640e+08  4.799333e+03   7911201   1
       761   2.270216e+08  2.602719e+08  4.808360e+03   7921640   1
       762   2.082741e+08  2.602873e+08  4.817354e+03   7932245   1
       763   2.153128e+08  2.602913e+08  4.826372e+03   7942900   1
       764   3.273780e+08  2.602950e+08  4.835493e+03   7952700   1
       765   3.410217e+08  2.603156e+08  4.844631e+03   7963161   1
       766   2.382941e+08  2.603990e+08  4.853777e+03   7973451   1
       767   4.876652e+08  2.604772e+08  4.862961e+03   7984121   1
       768   1.508616e+08  2.604995e+08  4.882560e+03   7994649   1
       769   2.504928e+08  2.605014e+08  4.891638e+03   8005184   1
       770   1.915789e+08  2.605088e+08  4.900739e+03   8015798   1
       771   5.135516e+08  2.605125e+08  4.909868e+03   8026210   1
       772   3.612811e+08  2.607147e+08  4.918838e+03   8036295   1
       773   5.218430e+08  2.607427e+08  4.927842e+03   8046755   1
       774   2.441452e+08  2.607467e+08  4.936877e+03   8057341   1
       775   2.009050e+08  2.607981e+08  4.946017e+03   8067885   1
       776   3.531530e+08  2.609366e+08  4.955138e+03   8078290   1
       777   5.115974e+08  2.609574e+08  4.964237e+03   8088524   1
       778   2.803188e+08  2.611677e+08  4.973363e+03   8099063   1
       779   2.629659e+08  2.611796e+08  4.982615e+03   8109416   1
       780   3.197105e+08  2.611889e+08  4.991880e+03   8120059   1
       781   5.029967e+08  2.612046e+08  5.001077e+03   8130356   1
       782   2.868109e+08  2.612254e+08  5.010458e+03   8140780   1
       783   4.738612e+08  2.612277e+08  5.019691e+03   8151005   1
       784   2.445587e+08  2.612450e+08  5.039468e+03   8161264   1
       785   3.286584e+08  2.613238e+08  5.048696e+03   8171666   1
       786   2.237349e+08  2.614670e+08  5.057722e+03   8182193   1
       787   1.902184e+08  2.614978e+08  5.066909e+03   8192416   1
       788   5.543443e+08  2.615008e+08  5.075931e+03   8202718   1
       789   6.401544e+08  2.616122e+08  5.085104e+03   8213224   1
       790   2.395929e+08  2.616135e+08  5.094435e+03   8223919   1
       791   1.412927e+08  2.616790e+08  5.103758e+03   8234267   1
       792   1.755108e+08  2.616852e+08  5.112988e+03   8244461   1
       793   2.813436e+08  2.617220e+08  5.122104e+03   8255052   1
       794   2.800809e+08  2.617635e+08  5.131324e+03   8265436   1
       795   3.467052e+08  2.617635e+08  5.140574e+03   8275876   1
       796   4.925030e+08  2.617807e+08  5.149877e+03   8286021   1
       797   2.082393e+08  2.617966e+08  5.159306e+03   8296272   1
       798   6.910729e+08  2.618023e+08  5.168636e+03   8306722   1
       799   1.892483e+08  2.618623e+08  5.178126e+03   8317012   1
       800   2.884371e+08  2.618678e+08  5.198114e+03   8327709   1
       801   2.392380e+08  2.619669e+08  5.207358e+03   8338198   1
       802   4.382362e+08  2.619826e+08  5.216465e+03   8348634   1
       803   2.496354e+08  2.621127e+08  5.225805e+03   8359155   1
       804   1.642066e+08  2.621132e+08  5.235136e+03   8369691   1
       805   2.434044e+08  2.622041e+08  5.244489e+03   8379963   1
       806   3.380000e+08  2.622540e+08  5.253824e+03   8390400   1
       807   2.628770e+08  2.622687e+08  5.263316e+03   8400934   1
       808   4.355548e+08  2.623682e+08  5.272631e+03   8411342   1
       809   4.696841e+08  2.623697e+08  5.282047e+03   8421612   1
       810   2.623079e+08  2.624002e+08  5.291383e+03   8432331   1
       811   3.502606e+08  2.624073e+08  5.300754e+03   8442657   1
       812   2.547751e+08  2.624158e+08  5.310225e+03   8453210   1
       813   2.662293e+08  2.624179e+08  5.319802e+03   8463567   1
       814   2.182190e+08  2.624198e+08  5.329487e+03   8474020   1
       815   3.226013e+08  2.625071e+08  5.339010e+03   8484513   1
       816   2.399491e+08  2.625380e+08  5.359269e+03   8495149   1
       817   3.258652e+08  2.625564e+08  5.368717e+03   8505511   1
       818   4.022372e+08  2.626195e+08  5.378078e+03   8515789   1
       819   2.806453e+08  2.626762e+08  5.387551e+03   8526282   1
       820   2.184306e+08  2.626855e+08  5.397040e+03   8536726   1
       821   2.784996e+08  2.626901e+08  5.406482e+03   8547435   1
       822   2.110486e+08  2.627223e+08  5.415910e+03   8557854   1
       823   3.602029e+08  2.628021e+08  5.425504e+03   8568549   1
       824   2.908897e+08  2.628457e+08  5.434986e+03   8578977   1
       825   4.350704e+08  2.628492e+08  5.444480e+03   8589099   1
       826   3.116826e+08  2.628757e+08  5.453972e+03   8599756   1
       827   4.506817e+08  2.629223e+08  5.463614e+03   8610007   1
       828   4.190906e+08  2.629262e+08  5.473164e+03   8620363   1
       829   1.864464e+08  2.629445e+08  5.482890e+03   8630708   1
       830   4.594003e+08  2.629448e+08  5.492554e+03   8640997   1
       831   1.849170e+08  2.629928e+08  5.502413e+03   8651541   1
       832   2.994247e+08  2.631059e+08  5.523088e+03   8662099   1
       833   2.480410e+08  2.631097e+08  5.532676e+03   8672633   1
       834   4.458884e+08  2.631198e+08  5.542173e+03   8682943   1
       835   2.305002e+08  2.631685e+08  5.551744e+03   8693697   1
       836   3.210608e+08  2.632111e+08  5.561297e+03   8704124   1
       837   2.425762e+08  2.634135e+08  5.570944e+03   8714550   1
       838   2.869504e+08  2.634225e+08  5.580490e+03   8725272   1
       839   4.654743e+08  2.634361e+08  5.590171e+03   8735698   1
       840   2.800191e+08  2.635109e+08  5.599863e+03   8746309   1
       841   3.875990e+08  2.635291e+08  5.609570e+03   8756630   1
       842   2.339101e+08  2.635318e+08  5.619321e+03   8767025   1
       843   4.420661e+08  2.635389e+08  5.629041e+03   8777315   1
       844   2.004096e+08  2.635619e+08  5.638880e+03   8787819   1
       845   8.602589e+08  2.635644e+08  5.648612e+03   8798011   1
       846   2.304087e+08  2.636138e+08  5.658464e+03   8808503   1
       847   5.836390e+08  2.636153e+08  5.668313e+03   8818926   1
       848   2.635100e+08  2.636390e+08  5.689389e+03   8829574   1
       849   2.595423e+08  2.636452e+08  5.699092e+03   8839715   1
       850   1.614653e+08  2.636878e+08  5.708689e+03   8850084   1
       851   2.447827e+08  2.637438e+08  5.718401e+03   8860487   1
       852   3.151825e+08  2.637441e+08  5.728153e+03   8870989   1
       853   2.129217e+08  2.637444e+08  5.737923e+03   8881722   1
       854   2.044703e+08  2.637832e+08  5.747747e+03   8892308   1
       855   8.333267e+08  2.638248e+08  5.757480e+03   8902623   1
       856   2.110733e+08  2.638253e+08  5.767495e+03   8913223   1
       857   5.634857e+08  2.639383e+08  5.777235e+03   8923763   1
       858   2.684566e+08  2.639641e+08  5.787124e+03   8934260   1
       859   4.319904e+08  2.639696e+08  5.796919e+03   8944435   1
       860   2.573878e+08  2.639843e+08  5.806831e+03   8954870   1
       861   3.827325e+08  2.639858e+08  5.816802e+03   8965260   1
       862   4.175826e+08  2.641320e+08  5.826874e+03   8975623   1
       863   4.746022e+08  2.641489e+08  5.836900e+03   8985751   1
       864   2.770293e+08  2.641505e+08  5.858357e+03   8996273   1
       865   2.344381e+08  2.641522e+08  5.868220e+03   9006472   1
       866   2.034662e+08  2.641568e+08  5.878093e+03   9016591   1
       867   2.740343e+08  2.641806e+08  5.887879e+03   9027198   1
       868   2.242027e+08  2.641812e+08  5.897799e+03   9037800   1
       869   2.456996e+08  2.642350e+08  5.907621e+03   9048307   1
       870   2.062472e+08  2.642682e+08  5.917530e+03   9058849   1
       871   5.526847e+08  2.642683e+08  5.927363e+03   9069080   1
       872   3.999941e+08  2.642739e+08  5.937210e+03   9079290   1
       873   1.495825e+08  2.643254e+08  5.947182e+03   9089737   1
       874   2.936018e+08  2.643298e+08  5.957101e+03   9100220   1
       875   3.259932e+08  2.643571e+08  5.966996e+03   9110682   1
       876   2.092560e+08  2.643632e+08  5.977087e+03   9121264   1
       877   2.643489e+08  2.644957e+08  5.987033e+03   9131618   1
       878   3.655807e+08  2.645187e+08  5.997044e+03   9141975   1
       879   3.568498e+08  2.646425e+08  6.007147e+03   9152143   1
       880   3.671123e+08  2.646464e+08  6.017312e+03   9162391   1
       881   2.859311e+08  2.646553e+08  6.039053e+03   9172642   1
       882   7.394119e+08  2.646560e+08  6.048822e+03   9182922   1
       883   2.986326e+08  2.646932e+08  6.058824e+03   9193239   1
       884   2.777440e+08  2.647304e+08  6.068867e+03   9203528   1
       885   3.578006e+08  2.647657e+08  6.078902e+03   9213764   1
       886   2.351618e+08  2.647667e+08  6.088935e+03   9224205   1
       887   2.223699e+08  2.647702e+08  6.098900e+03   9234785   1
       888   5.267895e+08  2.647832e+08  6.108924e+03   9245064   1
       889   3.353915e+08  2.647846e+08  6.118999e+03   9255666   1
       890   6.593951e+08  2.647956e+08  6.128966e+03   9265780   1
       891   5.303195e+08  2.647983e+08  6.138929e+03   9276082   1
       892   3.684127e+08  2.648066e+08  6.149125e+03   9286238   1
       893   1.865862e+08  2.648276e+08  6.159272e+03   9296248   1
       894   2.273873e+08  2.648319e+08  6.169564e+03   9306956   1
       895   2.427095e+08  2.648605e+08  6.179777e+03   9317242   1
       896   5.019408e+08  2.648607e+08  6.190159e+03   9327778   1
       897   2.409010e+08  2.648890e+08  6.200559e+03   9338504   1
       898   2.456435e+08  2.649046e+08  6.222570e+03   9349100   1
       899   2.453432e+08  2.649048e+08  6.232731e+03   9359523   1
       900   1.875714e+08  2.649288e+08  6.242968e+03   9370044   1
       901   5.305218e+08  2.649298e+08  6.253052e+03   9380417   1
       902   2.936776e+08  2.649372e+08  6.263227e+03   9390844   1
       903   5.134896e+08  2.650811e+08  6.273433e+03   9401175   1
       904   3.000555e+08  2.650827e+08  6.283565e+03   9411317   1
       905   2.524103e+08  2.651128e+08  6.293830e+03   9421535   1
       906   4.959956e+08  2.651137e+08  6.304119e+03   9431861   1
       907   2.853831e+08  2.651143e+08  6.314292e+03   9442235   1
       908   4.295552e+08  2.651153e+08  6.324576e+03   9452596   1
       909   2.694670e+08  2.652207e+08  6.334793e+03   9463324   1
       910   3.982406e+08  2.652356e+08  6.345142e+03   9473498   1
       911   1.770980e+08  2.652387e+08  6.355571e+03   9483676   1
       912   4.849071e+08  2.652479e+08  6.365828e+03   9494112   1
       913   2.464351e+08  2.652570e+08  6.376297e+03   9504571   1
       914   3.457573e+08  2.652601e+08  6.398748e+03   9515108   1
       915   1.878526e+08  2.652704e+08  6.409013e+03   9525491   1
       916   4.098576e+08  2.653346e+08  6.419250e+03   9535833   1
       917   3.930336e+08  2.653386e+08  6.429479e+03   9546308   1
       918   9.537217e+08  2.653811e+08  6.439647e+03   9556684   1
       919   3.221350e+08  2.653948e+08  6.449933e+03   9567199   1
       920   2.427350e+08  2.654293e+08  6.460272e+03   9577624   1
       921   2.467911e+08  2.654466e+08  6.470627e+03   9588133   1
       922   2.129859e+08  2.654523e+08  6.481106e+03   9598529   1
       923   2.444558e+08  2.654951e+08  6.491617e+03   9609174   1
       924   2.243410e+08  2.654977e+08  6.502105e+03   9619508   1
       925   3.637241e+08  2.655082e+08  6.512441e+03   9629729   1
       926   2.412955e+08  2.655308e+08  6.522764e+03   9640020   1
       927   2.975046e+08  2.655328e+08  6.533196e+03   9650323   1
       928   1.411009e+08  2.655450e+08  6.543693e+03   9660576   1
       929   2.416210e+08  2.656081e+08  6.554287e+03   9671144   1
       930   2.368679e+08  2.656350e+08  6.564860e+03   9681653   1
       931   2.956435e+08  2.656846e+08  6.587706e+03   9692068   1
       932   3.046913e+08  2.657126e+08  6.598027e+03   9702175   1
       933   4.159676e+08  2.657573e+08  6.608414e+03   9712194   1
       934   7.256166e+08  2.657591e+08  6.618776e+03   9722425   1
       935   2.414433e+08  2.657703e+08  6.629275e+03   9732862   1
       936   2.352318e+08  2.657765e+08  6.639678e+03   9743345   1
       937   2.552956e+08  2.657889e+08  6.650113e+03   9753885   1
       938   2.386590e+08  2.658007e+08  6.660553e+03   9764273   1
       939   1.877172e+08  2.658020e+08  6.671007e+03   9774575   1
       940   3.373363e+08  2.659094e+08  6.681522e+03   9785001   1
       941   4.116858e+08  2.660251e+08  6.692093e+03   9795502   1
       942   2.708854e+08  2.660292e+08  6.702599e+03   9805817   1
       943   2.981952e+08  2.660338e+08  6.713199e+03   9816316   1
       944   2.712896e+08  2.660379e+08  6.723809e+03   9826541   1
       945   4.054158e+08  2.661777e+08  6.734402e+03   9836749   1
       946   5.381235e+08  2.661856e+08  6.745024e+03   9846921   1
       947   2.470954e+08  2.662174e+08  6.755730e+03   9857502   1
       948   3.140730e+08  2.662313e+08  6.778844e+03   9868207   1
       949   3.645300e+08  2.662805e+08  6.789324e+03   9878775   1
       950   2.031575e+08  2.662850e+08  6.799985e+03   9889148   1
       951   2.742870e+08  2.662957e+08  6.810594e+03   9899362   1
       952   2.487009e+08  2.663110e+08  6.821223e+03   9909636   1
       953   3.109613e+08  2.663152e+08  6.831829e+03   9920207   1
       954   2.684436e+08  2.663586e+08  6.842375e+03   9930586   1
       955   3.606392e+08  2.663595e+08  6.853064e+03   9941041   1
       956   5.235027e+08  2.663792e+08  6.863637e+03   9951418   1
       957   5.326567e+08  2.664184e+08  6.874186e+03   9961776   1
       958   2.062853e+08  2.664223e+08  6.884826e+03   9972307   1
       959   1.786500e+08  2.664719e+08  6.895446e+03   9982883   1
       960   2.069394e+08  2.664833e+08  6.906165e+03   9993533   1
       961   2.034976e+08  2.665117e+08  6.916864e+03  10004165   1
       962   2.368199e+08  2.665184e+08  6.927665e+03  10014813   1
       963   2.274280e+08  2.665540e+08  6.938472e+03  10025422   1
       964   5.795165e+08  2.665573e+08  6.949392e+03  10035523   1
       965   2.973603e+08  2.665660e+08  6.960617e+03  10045813   1
       966   2.543147e+08  2.665712e+08  6.984039e+03  10056305   1
       967   2.154459e+08  2.665771e+08  6.994712e+03  10066692   1
       968   2.374690e+08  2.666003e+08  7.005419e+03  10077293   1
       969   5.132746e+08  2.666100e+08  7.016098e+03  10087537   1
       970   3.983845e+08  2.666748e+08  7.026835e+03  10097684   1
       971   2.290434e+08  2.666777e+08  7.037616e+03  10108148   1
       972   2.681391e+08  2.667513e+08  7.048411e+03  10118678   1
       973   1.923531e+08  2.668193e+08  7.059152e+03  10129344   1
       974   2.547568e+08  2.668228e+08  7.069977e+03  10139855   1
       975   3.622623e+08  2.668497e+08  7.080724e+03  10150264   1
       976   2.328785e+08  2.668637e+08  7.091656e+03  10160775   1
       977   2.414445e+08  2.668748e+08  7.102495e+03  10171014   1
       978   2.352902e+08  2.669389e+08  7.113455e+03  10181193   1
       979   2.529276e+08  2.669400e+08  7.124435e+03  10191748   1
       980   2.108604e+08  2.669547e+08  7.135397e+03  10202536   1
       981   2.842714e+08  2.669571e+08  7.146467e+03  10212652   1
       982   1.503661e+08  2.670388e+08  7.157625e+03  10223209   1
       983   1.993789e+08  2.670491e+08  7.181718e+03  10233775   1
       984   2.140448e+08  2.670764e+08  7.192630e+03  10244508   1
       985   6.887587e+08  2.671030e+08  7.203372e+03  10254640   1
-------------------------------------------------------------------
status         : time_limit
total time (s) : 7.203372e+03
total solves   : 10254640
best bound     :  2.671030e+08
simulation ci  :  3.411150e+08  1.057213e+07
numeric issues : 0
-------------------------------------------------------------------

 
                                        Time                    Allocations      
                                  
       Tot / % measured:            2.00h /  99.9%            862GiB /  99.9%    

 Section               ncalls     time    %tot     avg     alloc    %tot      avg
 
 backward_pass            985    1.99h   99.5%   7.28s    853GiB   99.1%   887MiB
   solve_subproblem     10.1M    2633s   36.6%   260s    515GiB   59.8%  53.2KiB
     get_dual_solution  10.1M    65.2s    0.9%  6.43s   14.5GiB    1.7%  1.50KiB
   prepare_backward...  1.97k    1.29s    0.0%   656s    314MiB    0.0%   163KiB
 forward_pass             985    30.6s    0.4%  31.1ms   6.83GiB    0.8%  7.10MiB
   solve_subproblem      118k    27.9s    0.4%   236s   5.95GiB    0.7%  52.8KiB
     get_dual_solution   118k    118ms    0.0%  1000ns   63.1MiB    0.0%     560B
   sample_scenario        985    284ms    0.0%   288s   9.58MiB    0.0%  10.0KiB
 calculate_bound          985    2.13s    0.0%  2.16ms    844MiB    0.1%   877KiB
   get_dual_solution      985   1.30ms    0.0%  1.32s    539KiB    0.0%     560B
 


||||||||||||||||||||||||||||||||||||||||||||||||||||||||||||||||||||||||||||||||||||||||||||||||||||||||||||||||||||||||||||||||||||||||
SIMULATION RESULTS
LogLinearSDDP.NoSimulation()
markov
Lower bound: 2.6710300894764936e8
Statistical upper bound (confidence interval): 3.188759662718394e8  5.956551987436981e6
Pessimistic upper bound: 3.248325182592764e8

||||||||||||||||||||||||||||||||||||||||||||||||||||||||||||||||||||||||||||||||||||||||||||||||||||||||||||||||||||||||||||||||||||||||
SIMULATION RESULTS
LogLinearSDDP.NoSimulation()
markov
Lower bound: 2.6710300894764936e8
Statistical upper bound (confidence interval): 2.0555105744797683e8  4.679399301535392e6
Pessimistic upper bound: 2.1023045674951223e8

||||||||||||||||||||||||||||||||||||||||||||||||||||||||||||||||||||||||||||||||||||||||||||||||||||||||||||||||||||||||||||||||||||||||
SIMULATION RESULTS
LogLinearSDDP.NoSimulation()
custom_model
Lower bound: 2.6710300894764936e8
Statistical upper bound (confidence interval): 3.569316531812835e8  7.2849090138572985e6
Pessimistic upper bound: 3.642165621951408e8

||||||||||||||||||||||||||||||||||||||||||||||||||||||||||||||||||||||||||||||||||||||||||||||||||||||||||||||||||||||||||||||||||||||||
SIMULATION RESULTS
LogLinearSDDP.NoSimulation()
custom_model
Lower bound: 2.6710300894764936e8
Statistical upper bound (confidence interval): 2.4113943885596973e8  6.043013835628647e6
Pessimistic upper bound: 2.471824526915984e8

||||||||||||||||||||||||||||||||||||||||||||||||||||||||||||||||||||||||||||||||||||||||||||||||||||||||||||||||||||||||||||||||||||||||
SIMULATION RESULTS
LogLinearSDDP.NoSimulation()
fitted_model
Lower bound: 2.6710300894764936e8
Statistical upper bound (confidence interval): 2.66170293427995e8  4.371133261627508e6
Pessimistic upper bound: 2.705414266896225e8

||||||||||||||||||||||||||||||||||||||||||||||||||||||||||||||||||||||||||||||||||||||||||||||||||||||||||||||||||||||||||||||||||||||||
SIMULATION RESULTS
LogLinearSDDP.NoSimulation()
fitted_model
Lower bound: 2.6710300894764936e8
Statistical upper bound (confidence interval): 1.8553333183964002e8  3.6777699039712693e6
Pessimistic upper bound: 1.8921110174361128e8

||||||||||||||||||||||||||||||||||||||||||||||||||||||||||||||||||||||||||||||||||||||||||||||||||||||||||||||||||||||||||||||||||||||||
SIMULATION RESULTS
LogLinearSDDP.NoSimulation()
shapiro_model
Lower bound: 2.6710300894764936e8
Statistical upper bound (confidence interval): 2.720313312414221e8  4.8789458106039595e6
Pessimistic upper bound: 2.769102770520261e8

||||||||||||||||||||||||||||||||||||||||||||||||||||||||||||||||||||||||||||||||||||||||||||||||||||||||||||||||||||||||||||||||||||||||
SIMULATION RESULTS
LogLinearSDDP.NoSimulation()
shapiro_model
Lower bound: 2.6710300894764936e8
Statistical upper bound (confidence interval): 1.9116033158626398e8  4.17893952456202e6
Pessimistic upper bound: 1.9533927111082602e8

||||||||||||||||||||||||||||||||||||||||||||||||||||||||||||||||||||||||||||||||||||||||||||||||||||||||||||||||||||||||||||||||||||||||
SIMULATION RESULTS
LogLinearSDDP.NoSimulation()
markov
Lower bound: 2.66741504390664e8
Statistical upper bound (confidence interval): 4.7879736043110996e8  7.967465544661483e7
Pessimistic upper bound: 5.584720158777248e8

||||||||||||||||||||||||||||||||||||||||||||||||||||||||||||||||||||||||||||||||||||||||||||||||||||||||||||||||||||||||||||||||||||||||
SIMULATION RESULTS
LogLinearSDDP.NoSimulation()
markov
Lower bound: 2.66741504390664e8
Statistical upper bound (confidence interval): 3.129303145078042e8  6.453039501152149e7
Pessimistic upper bound: 3.7746070951932573e8
