||||||||||||||||||||||||||||||||||||||||||||||||||||||||||||||||||||||||||||||||||||||||||||||||||||||||||||||||||||||||||||||||||||||||
PATH
calling 
C:\Users\cg4102\Documents\New LogLinearSDDP\LogLinearSDDP.jl\Examples\Hydrothermal
C:\Users\cg4102\Documents\New LogLinearSDDP\LogLinearSDDP.jl\Examples\Hydrothermal\run_model_markov.jl
DATETIME
2025-04-28T15:33:47.646
RUN DESCRIPTION
LogLinearSDDP.AlgoParams(SDDP.AbstractStoppingRule[SDDP.TimeLimit(7200.0)], LogLinearSDDP.NoSimulation(), false, 2, 1, "C:/Users/cg4102/Documents/julia_logs/Cut-sharing Re-Run (2h)/Run_MC-SDDP_custom_model_33333/MC-SDDP.log", false, false, false, 33333, "MC-SDDP: 100 nodes, custom_model", :fitted_model)
-------------------------------------------------------------------
         SDDP.jl (c) Oscar Dowson and contributors, 2017-23
-------------------------------------------------------------------
problem
  nodes           : 11901
  state variables : 4
  scenarios       : 6.68857e+229
  existing cuts   : false
options
  solver          : serial mode
  risk measure    : SDDP.Expectation()
  sampling scheme : SDDP.Historical{String, Dict{String, Float64}}
subproblem structure
  VariableRef                                  : [142, 142]
  JuMP.AffExpr in MOI.EqualTo{Float64}         : [13, 13]
  JuMP.VariableRef in MOI.GreaterThan{Float64} : [138, 138]
  JuMP.VariableRef in MOI.LessThan{Float64}    : [129, 130]
-------------------------------------------------------------------
 iteration    simulation      bound        time (s)     solves  pid
-------------------------------------------------------------------
         1   1.748484e+09  8.050152e+05  6.069000e+00     10336   1
         2   1.305815e+09  8.993860e+05  9.390000e+00     20897   1
         3   1.377645e+09  1.268790e+06  1.264400e+01     31083   1
         4   6.709609e+08  1.024182e+07  1.577300e+01     41572   1
         5   6.216580e+08  1.279169e+07  1.880900e+01     52111   1
         6   6.386436e+08  1.281803e+07  2.191900e+01     62552   1
         7   6.907928e+08  1.282138e+07  2.528500e+01     72947   1
         8   1.303261e+09  3.444368e+07  2.814300e+01     83209   1
         9   4.038113e+08  3.478735e+07  3.136600e+01     93937   1
        10   4.233603e+08  4.083763e+07  3.468200e+01    104681   1
        11   5.022199e+08  5.104141e+07  3.777600e+01    115477   1
        12   7.442941e+08  5.124580e+07  4.072800e+01    125997   1
        13   4.779214e+08  5.563421e+07  4.397100e+01    136405   1
        14   8.315561e+08  5.804179e+07  4.722500e+01    147077   1
        15   5.224630e+08  5.880442e+07  5.060900e+01    157651   1
        16   2.800933e+08  6.363447e+07  5.395400e+01    168048   1
        17   4.094793e+08  6.382864e+07  5.719900e+01    178606   1
        18   3.340639e+08  6.629117e+07  6.067000e+01    188950   1
        19   5.022474e+08  6.690923e+07  6.388400e+01    199450   1
        20   2.797151e+08  6.959075e+07  6.720800e+01    210234   1
        21   5.285873e+08  7.244814e+07  7.037100e+01    220650   1
        22   3.974114e+08  7.244819e+07  7.344500e+01    230857   1
        23   4.008170e+08  7.622931e+07  7.680000e+01    241623   1
        24   6.948892e+08  8.035951e+07  7.996900e+01    251971   1
        25   2.933402e+08  8.159719e+07  8.311500e+01    262232   1
        26   3.634589e+08  8.185649e+07  8.923700e+01    272852   1
        27   3.553334e+08  8.299533e+07  9.213100e+01    283311   1
        28   7.661388e+08  8.347490e+07  9.512100e+01    293664   1
        29   2.197606e+08  8.351138e+07  9.811500e+01    303929   1
        30   4.399224e+08  8.358150e+07  1.011190e+02    314512   1
        31   4.696304e+08  8.358965e+07  1.040250e+02    324932   1
        32   3.297831e+08  8.369650e+07  1.069230e+02    335252   1
        33   3.951924e+08  8.427378e+07  1.098960e+02    345731   1
        34   3.937930e+08  9.267250e+07  1.130350e+02    356458   1
        35   7.553187e+08  9.411348e+07  1.160310e+02    366755   1
        36   3.996178e+08  1.016915e+08  1.191020e+02    377412   1
        37   3.017268e+08  1.028971e+08  1.222190e+02    388147   1
        38   5.923559e+08  1.038959e+08  1.252920e+02    398452   1
        39   3.128528e+08  1.052620e+08  1.282920e+02    408747   1
        40   2.688926e+08  1.101430e+08  1.314170e+02    419142   1
        41   2.533287e+08  1.102066e+08  1.344080e+02    429728   1
        42   3.363477e+08  1.110449e+08  1.374800e+02    439880   1
        43   2.480580e+08  1.116421e+08  1.406060e+02    450136   1
        44   4.132671e+08  1.116430e+08  1.437600e+02    460616   1
        45   2.907747e+08  1.117288e+08  1.469150e+02    471013   1
        46   2.708046e+08  1.122602e+08  1.500390e+02    481210   1
        47   2.226575e+08  1.123043e+08  1.532570e+02    491663   1
        48   5.065008e+08  1.148017e+08  1.563980e+02    501886   1
        49   3.192519e+08  1.149681e+08  1.595190e+02    512107   1
        50   4.589206e+08  1.187819e+08  1.627790e+02    522755   1
        51   3.720637e+08  1.188074e+08  1.659390e+02    533251   1
        52   4.769205e+08  1.189741e+08  1.691480e+02    543677   1
        53   3.414527e+08  1.197659e+08  1.723260e+02    554119   1
        54   2.022387e+08  1.204473e+08  1.755880e+02    564462   1
        55   6.975156e+08  1.221153e+08  1.787910e+02    574811   1
        56   3.543594e+08  1.236169e+08  1.821550e+02    585364   1
        57   3.230333e+08  1.262307e+08  1.883680e+02    595935   1
        58   4.680788e+08  1.263837e+08  1.914960e+02    606479   1
        59   6.927039e+08  1.264455e+08  1.945640e+02    616704   1
        60   3.300871e+08  1.264564e+08  1.977300e+02    627452   1
        61   4.203830e+08  1.268211e+08  2.007800e+02    637793   1
        62   2.704494e+08  1.282752e+08  2.040720e+02    648409   1
        63   2.510842e+08  1.300633e+08  2.072960e+02    658778   1
        64   3.283912e+08  1.303752e+08  2.105350e+02    669318   1
        65   3.324707e+08  1.316497e+08  2.136360e+02    679548   1
        66   4.971803e+08  1.320094e+08  2.167660e+02    689755   1
        67   5.332911e+08  1.320102e+08  2.199410e+02    700191   1
        68   5.591357e+08  1.321199e+08  2.230530e+02    710458   1
        69   2.513691e+08  1.334188e+08  2.263440e+02    721070   1
        70   3.373616e+08  1.363032e+08  2.296720e+02    731536   1
        71   2.108513e+08  1.363111e+08  2.329540e+02    741907   1
        72   6.064881e+08  1.372804e+08  2.362710e+02    752087   1
        73   2.861263e+08  1.372806e+08  2.395860e+02    762676   1
        74   2.422248e+08  1.373898e+08  2.428980e+02    772792   1
        75   9.420752e+08  1.375254e+08  2.461130e+02    782792   1
        76   4.058309e+08  1.384737e+08  2.494670e+02    793277   1
        77   3.929883e+08  1.391300e+08  2.528690e+02    803583   1
        78   3.773811e+08  1.398273e+08  2.563130e+02    814244   1
        79   9.311022e+08  1.406549e+08  2.595530e+02    824343   1
        80   4.053161e+08  1.413238e+08  2.630100e+02    835008   1
        81   2.680265e+08  1.416826e+08  2.664580e+02    845370   1
        82   3.163329e+08  1.433289e+08  2.699690e+02    855850   1
        83   2.656672e+08  1.442465e+08  2.733450e+02    865755   1
        84   3.087748e+08  1.442996e+08  2.767370e+02    875950   1
        85   6.519185e+08  1.446416e+08  2.800680e+02    886248   1
        86   6.038591e+08  1.446917e+08  2.835220e+02    896483   1
        87   2.749988e+08  1.452813e+08  2.898130e+02    906861   1
        88   5.945772e+08  1.453586e+08  2.931260e+02    917198   1
        89   3.619925e+08  1.453905e+08  2.963730e+02    927464   1
        90   1.092039e+09  1.454169e+08  2.996150e+02    937828   1
        91   2.208033e+08  1.461159e+08  3.030040e+02    948417   1
        92   8.767975e+08  1.461501e+08  3.062950e+02    958656   1
        93   6.642998e+08  1.461628e+08  3.096330e+02    969029   1
        94   2.752502e+08  1.472812e+08  3.130740e+02    979623   1
        95   4.227340e+08  1.472813e+08  3.165020e+02    990083   1
        96   2.395025e+08  1.486052e+08  3.199540e+02   1000634   1
        97   2.484133e+08  1.486417e+08  3.234710e+02   1011123   1
        98   3.434793e+08  1.494139e+08  3.268550e+02   1021430   1
        99   5.561983e+08  1.514230e+08  3.304030e+02   1032006   1
       100   2.371143e+08  1.520045e+08  3.337710e+02   1042300   1
       101   6.302858e+08  1.524233e+08  3.372350e+02   1052628   1
       102   3.024398e+08  1.524245e+08  3.406330e+02   1062762   1
       103   4.054777e+08  1.528591e+08  3.440250e+02   1072796   1
       104   3.578728e+08  1.528623e+08  3.476780e+02   1083449   1
       105   2.508751e+08  1.529433e+08  3.512950e+02   1093783   1
       106   1.269088e+09  1.531809e+08  3.548290e+02   1104270   1
       107   3.528044e+08  1.543655e+08  3.585520e+02   1114919   1
       108   2.759638e+08  1.600861e+08  3.622730e+02   1125300   1
       109   2.815096e+08  1.616784e+08  3.660620e+02   1136044   1
       110   2.459369e+08  1.616802e+08  3.696620e+02   1146589   1
       111   2.912349e+08  1.621213e+08  3.733090e+02   1156888   1
       112   2.624506e+08  1.622732e+08  3.770040e+02   1167078   1
       113   8.978945e+08  1.626594e+08  3.805970e+02   1177328   1
       114   2.126927e+08  1.627763e+08  3.842060e+02   1187338   1
       115   4.219626e+08  1.628253e+08  3.878280e+02   1197412   1
       116   3.376652e+08  1.629216e+08  3.949670e+02   1207891   1
       117   4.156213e+08  1.641831e+08  3.985510e+02   1218408   1
       118   5.962632e+08  1.648978e+08  4.020720e+02   1228833   1
       119   2.328423e+08  1.649825e+08  4.056500e+02   1239475   1
       120   2.698912e+08  1.661000e+08  4.092930e+02   1249948   1
       121   2.619150e+08  1.661169e+08  4.128680e+02   1260144   1
       122   6.232147e+08  1.669611e+08  4.164450e+02   1270345   1
       123   2.131785e+08  1.681083e+08  4.200540e+02   1280692   1
       124   6.820692e+08  1.688134e+08  4.236890e+02   1291409   1
       125   2.490037e+08  1.688291e+08  4.273410e+02   1301925   1
       126   2.063524e+08  1.693570e+08  4.309350e+02   1312116   1
       127   2.636068e+08  1.701222e+08  4.345080e+02   1322253   1
       128   3.232984e+08  1.702404e+08  4.381940e+02   1332858   1
       129   3.771234e+08  1.702575e+08  4.418740e+02   1343123   1
       130   2.615439e+08  1.708998e+08  4.455430e+02   1353562   1
       131   2.579963e+08  1.710237e+08  4.492250e+02   1363892   1
       132   8.097025e+08  1.720929e+08  4.527850e+02   1373788   1
       133   4.060125e+08  1.723604e+08  4.566070e+02   1384397   1
       134   2.754734e+08  1.728905e+08  4.604020e+02   1394797   1
       135   2.361585e+08  1.736981e+08  4.642170e+02   1405302   1
       136   3.178576e+08  1.738192e+08  4.680140e+02   1415684   1
       137   2.444285e+08  1.739556e+08  4.717660e+02   1426002   1
       138   2.282351e+08  1.752134e+08  4.756800e+02   1436435   1
       139   2.872745e+08  1.758137e+08  4.795270e+02   1446938   1
       140   4.202689e+08  1.763945e+08  4.833670e+02   1457173   1
       141   7.490037e+08  1.765951e+08  4.872080e+02   1467417   1
       142   2.795711e+08  1.767604e+08  4.911550e+02   1477773   1
       143   4.033470e+08  1.768301e+08  4.951030e+02   1488229   1
       144   3.518574e+08  1.773367e+08  4.991140e+02   1498721   1
       145   1.958244e+08  1.773611e+08  5.029720e+02   1508909   1
       146   4.416872e+08  1.773981e+08  5.205140e+02   1519477   1
       147   1.858259e+08  1.793512e+08  5.244650e+02   1530083   1
       148   6.407664e+08  1.794284e+08  5.282280e+02   1540347   1
       149   4.235338e+08  1.796237e+08  5.320000e+02   1550383   1
       150   3.580746e+08  1.802016e+08  5.359570e+02   1561013   1
       151   2.533017e+08  1.802049e+08  5.397790e+02   1570938   1
       152   5.597473e+08  1.806185e+08  5.436120e+02   1581385   1
       153   1.916479e+08  1.806258e+08  5.475190e+02   1592136   1
       154   3.180232e+08  1.808218e+08  5.514470e+02   1602392   1
       155   1.845490e+08  1.808395e+08  5.552540e+02   1612256   1
       156   2.140603e+08  1.811693e+08  5.591390e+02   1622612   1
       157   2.747251e+08  1.818509e+08  5.630750e+02   1633054   1
       158   2.096494e+08  1.818851e+08  5.670500e+02   1643534   1
       159   2.082409e+08  1.820243e+08  5.710390e+02   1654121   1
       160   3.558646e+08  1.822475e+08  5.749730e+02   1664476   1
       161   2.105502e+08  1.825967e+08  5.789550e+02   1674794   1
       162   8.512625e+08  1.830233e+08  5.829080e+02   1685094   1
       163   2.782528e+08  1.830505e+08  5.870800e+02   1695544   1
       164   5.909751e+08  1.830521e+08  5.912690e+02   1706177   1
       165   3.713670e+08  1.836277e+08  5.955030e+02   1716467   1
       166   4.621393e+08  1.842548e+08  5.997690e+02   1726712   1
       167   4.625367e+08  1.850353e+08  6.040330e+02   1736743   1
       168   6.828694e+08  1.850792e+08  6.082930e+02   1747422   1
       169   2.111198e+08  1.861627e+08  6.176320e+02   1757900   1
       170   4.956923e+08  1.871236e+08  6.215920e+02   1768183   1
       171   1.994603e+08  1.871543e+08  6.255110e+02   1778531   1
       172   3.063781e+08  1.871675e+08  6.295150e+02   1789228   1
       173   2.386493e+08  1.871890e+08  6.336550e+02   1799865   1
       174   2.186982e+08  1.873785e+08  6.377480e+02   1810191   1
       175   3.009643e+08  1.877453e+08  6.419370e+02   1820659   1
       176   2.777698e+08  1.878154e+08  6.460260e+02   1831170   1
       177   4.046795e+08  1.887335e+08  6.501010e+02   1841468   1
       178   4.560162e+08  1.890387e+08  6.543200e+02   1852107   1
       179   1.400958e+08  1.894394e+08  6.586660e+02   1862569   1
       180   3.202168e+08  1.910314e+08  6.630670e+02   1873109   1
       181   2.494106e+08  1.911076e+08  6.672850e+02   1883456   1
       182   3.437840e+08  1.911559e+08  6.716030e+02   1893936   1
       183   2.416382e+08  1.911669e+08  6.759310e+02   1904224   1
       184   2.153925e+08  1.913612e+08  6.804360e+02   1914979   1
       185   2.673891e+08  1.923495e+08  6.849080e+02   1925459   1
       186   2.495293e+08  1.928568e+08  6.893490e+02   1936007   1
       187   3.186379e+08  1.928582e+08  6.980720e+02   1946286   1
       188   2.524408e+08  1.930195e+08  7.023260e+02   1956863   1
       189   6.163365e+08  1.930729e+08  7.064100e+02   1967182   1
       190   4.734108e+08  1.934554e+08  7.105810e+02   1977610   1
       191   2.374838e+08  1.934647e+08  7.148670e+02   1988129   1
       192   2.280666e+08  1.934791e+08  7.191240e+02   1998725   1
       193   3.937357e+08  1.934820e+08  7.234320e+02   2009338   1
       194   2.175902e+08  1.935707e+08  7.277150e+02   2019856   1
       195   2.590691e+08  1.937660e+08  7.319860e+02   2030173   1
       196   2.317842e+08  1.939405e+08  7.363000e+02   2040717   1
       197   4.635747e+08  1.939410e+08  7.405870e+02   2050780   1
       198   2.049043e+08  1.947112e+08  7.449470e+02   2061109   1
       199   2.621076e+08  1.947873e+08  7.493100e+02   2071576   1
       200   3.170866e+08  1.948023e+08  7.537540e+02   2081941   1
       201   3.184356e+08  1.949056e+08  7.582690e+02   2092402   1
       202   2.186280e+08  1.949449e+08  7.668700e+02   2102768   1
       203   4.019209e+08  1.954075e+08  7.711650e+02   2113335   1
       204   3.128507e+08  1.956105e+08  7.754290e+02   2123931   1
       205   2.256857e+08  1.956318e+08  7.798680e+02   2134240   1
       206   2.454312e+08  1.961322e+08  7.842380e+02   2144632   1
       207   2.244913e+08  1.961761e+08  7.885510e+02   2154807   1
       208   5.691008e+08  1.973860e+08  7.928830e+02   2165277   1
       209   5.389943e+08  1.974068e+08  7.971640e+02   2175151   1
       210   5.229156e+08  1.974239e+08  8.016560e+02   2185382   1
       211   2.098674e+08  1.975857e+08  8.061610e+02   2195848   1
       212   2.120869e+08  1.978237e+08  8.106510e+02   2206305   1
       213   5.586241e+08  1.979045e+08  8.151190e+02   2216750   1
       214   6.457114e+08  1.979232e+08  8.196030e+02   2226946   1
       215   2.181411e+08  1.979617e+08  8.283040e+02   2237150   1
       216   3.130194e+08  1.980310e+08  8.327170e+02   2247529   1
       217   3.029872e+08  1.980488e+08  8.371090e+02   2258065   1
       218   2.458988e+08  1.980589e+08  8.415590e+02   2268675   1
       219   9.288882e+08  1.980753e+08  8.459930e+02   2279041   1
       220   4.252690e+08  1.982015e+08  8.504190e+02   2289335   1
       221   2.557589e+08  1.984915e+08  8.549830e+02   2299894   1
       222   2.799938e+08  1.986740e+08  8.594630e+02   2310290   1
       223   3.419946e+08  1.991430e+08  8.640650e+02   2320624   1
       224   2.560933e+08  1.992042e+08  8.686470e+02   2330829   1
       225   6.337242e+08  1.992267e+08  8.731880e+02   2340717   1
       226   3.449087e+08  1.992282e+08  8.822370e+02   2351192   1
       227   2.395484e+08  1.993811e+08  8.866980e+02   2361865   1
       228   4.155234e+08  1.995659e+08  8.911000e+02   2372300   1
       229   9.181335e+08  1.995849e+08  8.955110e+02   2382390   1
       230   2.286704e+08  2.000648e+08  9.001280e+02   2393060   1
       231   3.297431e+08  2.002674e+08  9.047040e+02   2403372   1
       232   2.761283e+08  2.002755e+08  9.093000e+02   2413910   1
       233   3.050686e+08  2.003637e+08  9.138670e+02   2424098   1
       234   2.339171e+08  2.005218e+08  9.185050e+02   2434569   1
       235   4.306974e+08  2.005233e+08  9.231640e+02   2444850   1
       236   2.291375e+08  2.008609e+08  9.279010e+02   2455402   1
       237   6.001674e+08  2.011518e+08  9.370040e+02   2465772   1
       238   3.179747e+08  2.011566e+08  9.416450e+02   2476507   1
       239   5.415038e+08  2.011843e+08  9.462140e+02   2486780   1
       240   3.267068e+08  2.012539e+08  9.509070e+02   2497112   1
       241   2.421544e+08  2.018061e+08  9.556320e+02   2507661   1
       242   3.640080e+08  2.019026e+08  9.602820e+02   2517898   1
       243   2.585197e+08  2.019076e+08  9.649240e+02   2527813   1
       244   6.102697e+08  2.021046e+08  9.695770e+02   2538295   1
       245   6.039697e+08  2.024455e+08  9.743580e+02   2548888   1
       246   2.575047e+08  2.025564e+08  9.791980e+02   2559333   1
       247   1.595799e+08  2.031770e+08  9.840250e+02   2569781   1
       248   4.665709e+08  2.032394e+08  9.932280e+02   2580064   1
       249   2.603738e+08  2.045777e+08  9.979350e+02   2590668   1
       250   2.201873e+08  2.051077e+08  1.002731e+03   2601315   1
       251   5.032462e+08  2.051085e+08  1.007442e+03   2611515   1
       252   6.410165e+08  2.051294e+08  1.012167e+03   2621797   1
       253   4.304996e+08  2.052173e+08  1.016924e+03   2632353   1
       254   2.256565e+08  2.052181e+08  1.021714e+03   2643013   1
       255   2.587474e+08  2.058009e+08  1.026546e+03   2653280   1
       256   2.109379e+08  2.059134e+08  1.031448e+03   2663694   1
       257   3.317649e+08  2.060007e+08  1.036390e+03   2674122   1
       258   4.080997e+08  2.060271e+08  1.045839e+03   2684638   1
       259   1.676409e+08  2.061538e+08  1.050541e+03   2694879   1
       260   3.362781e+08  2.065433e+08  1.055308e+03   2705410   1
       261   4.332632e+08  2.066410e+08  1.060122e+03   2715546   1
       262   2.490686e+08  2.066967e+08  1.064991e+03   2726218   1
       263   8.775615e+08  2.067179e+08  1.069764e+03   2736443   1
       264   2.078425e+08  2.067661e+08  1.074725e+03   2747037   1
       265   1.614349e+08  2.067751e+08  1.079565e+03   2757265   1
       266   3.096100e+08  2.070710e+08  1.084540e+03   2767916   1
       267   2.927613e+08  2.071068e+08  1.089524e+03   2778420   1
       268   3.007310e+08  2.079108e+08  1.099144e+03   2788774   1
       269   2.854265e+08  2.084362e+08  1.103999e+03   2799147   1
       270   4.321642e+08  2.085371e+08  1.108924e+03   2809991   1
       271   1.005465e+09  2.086850e+08  1.113751e+03   2820313   1
       272   6.899810e+08  2.090864e+08  1.118633e+03   2830364   1
       273   2.456236e+08  2.090976e+08  1.123585e+03   2840491   1
       274   4.075433e+08  2.092177e+08  1.128489e+03   2850953   1
       275   3.667823e+08  2.092213e+08  1.133513e+03   2861330   1
       276   2.313926e+08  2.094347e+08  1.138541e+03   2871953   1
       277   2.545107e+08  2.096289e+08  1.143624e+03   2882498   1
       278   4.003923e+08  2.096438e+08  1.153431e+03   2892955   1
       279   2.342350e+08  2.100241e+08  1.158454e+03   2903642   1
       280   4.133615e+08  2.101594e+08  1.163420e+03   2913942   1
       281   2.474511e+08  2.102734e+08  1.168457e+03   2924573   1
       282   1.938415e+08  2.104806e+08  1.173431e+03   2934786   1
       283   2.845762e+08  2.104809e+08  1.178524e+03   2944910   1
       284   4.575293e+08  2.108404e+08  1.183539e+03   2955432   1
       285   3.409963e+08  2.108844e+08  1.188593e+03   2965715   1
       286   4.308351e+08  2.123939e+08  1.193685e+03   2976190   1
       287   2.343308e+08  2.124893e+08  1.198897e+03   2986685   1
       288   6.340534e+08  2.125812e+08  1.204073e+03   2997107   1
       289   3.898530e+08  2.130796e+08  1.214059e+03   3007208   1
       290   3.205713e+08  2.130837e+08  1.219151e+03   3017612   1
       291   2.437365e+08  2.133097e+08  1.224226e+03   3028091   1
       292   2.158574e+08  2.133107e+08  1.229295e+03   3038317   1
       293   8.630382e+08  2.133451e+08  1.234309e+03   3048437   1
       294   3.731940e+08  2.133457e+08  1.239433e+03   3058735   1
       295   3.964574e+08  2.133675e+08  1.244458e+03   3068434   1
       296   5.047634e+08  2.136388e+08  1.249599e+03   3079056   1
       297   3.890369e+08  2.136571e+08  1.254843e+03   3089685   1
       298   2.629478e+08  2.142931e+08  1.260167e+03   3100090   1
       299   2.395143e+08  2.142988e+08  1.270471e+03   3110839   1
       300   2.212018e+08  2.143824e+08  1.275615e+03   3121175   1
       301   4.175764e+08  2.144812e+08  1.280783e+03   3131586   1
       302   3.110928e+08  2.150776e+08  1.285988e+03   3142131   1
       303   4.865411e+08  2.150904e+08  1.291160e+03   3152492   1
       304   3.242524e+08  2.151095e+08  1.296425e+03   3163146   1
       305   6.384058e+08  2.151327e+08  1.301612e+03   3173488   1
       306   2.706875e+08  2.151389e+08  1.306871e+03   3184068   1
       307   4.431912e+08  2.151435e+08  1.312083e+03   3194262   1
       308   8.234352e+08  2.151442e+08  1.317391e+03   3204724   1
       309   9.509729e+08  2.151685e+08  1.327712e+03   3214735   1
       310   3.681868e+08  2.154101e+08  1.333008e+03   3225322   1
       311   2.137678e+08  2.156630e+08  1.338296e+03   3235662   1
       312   6.215384e+08  2.156792e+08  1.343558e+03   3246070   1
       313   4.927524e+08  2.156841e+08  1.348885e+03   3256289   1
       314   2.209960e+08  2.156965e+08  1.354235e+03   3266856   1
       315   2.203751e+08  2.161319e+08  1.359634e+03   3277401   1
       316   5.553184e+08  2.175028e+08  1.364949e+03   3287691   1
       317   3.273255e+08  2.176320e+08  1.370380e+03   3298395   1
       318   2.254063e+08  2.176326e+08  1.375846e+03   3308614   1
       319   3.486692e+08  2.177709e+08  1.381333e+03   3319008   1
       320   2.465880e+08  2.177740e+08  1.391825e+03   3329248   1
       321   2.673149e+08  2.177961e+08  1.397254e+03   3339927   1
       322   4.841044e+08  2.179945e+08  1.402568e+03   3350526   1
       323   3.547555e+08  2.180556e+08  1.407906e+03   3361063   1
       324   4.058611e+08  2.181867e+08  1.413269e+03   3371460   1
       325   9.586723e+08  2.181900e+08  1.418444e+03   3381226   1
       326   3.614245e+08  2.182703e+08  1.423794e+03   3391738   1
       327   8.962174e+08  2.184350e+08  1.429191e+03   3401984   1
       328   2.617012e+08  2.184810e+08  1.434695e+03   3412602   1
       329   2.938852e+08  2.185064e+08  1.440289e+03   3423222   1
       330   4.818896e+08  2.186010e+08  1.451275e+03   3433684   1
       331   3.251644e+08  2.191607e+08  1.456713e+03   3444071   1
       332   2.507881e+08  2.191619e+08  1.462132e+03   3454546   1
       333   4.673064e+08  2.196260e+08  1.467523e+03   3464882   1
       334   4.041373e+08  2.197276e+08  1.473022e+03   3475355   1
       335   3.123982e+08  2.199499e+08  1.478566e+03   3485786   1
       336   2.090051e+08  2.201717e+08  1.483970e+03   3496243   1
       337   5.870151e+08  2.202379e+08  1.489388e+03   3506629   1
       338   3.896930e+08  2.202979e+08  1.494804e+03   3516820   1
       339   4.056557e+08  2.207167e+08  1.500453e+03   3527369   1
       340   2.395909e+08  2.207168e+08  1.506200e+03   3537979   1
       341   3.727404e+08  2.207323e+08  1.517331e+03   3548579   1
       342   6.298305e+08  2.207419e+08  1.522783e+03   3558709   1
       343   2.816501e+08  2.207446e+08  1.528285e+03   3569039   1
       344   1.868299e+08  2.207503e+08  1.533846e+03   3579021   1
       345   2.510720e+08  2.207517e+08  1.539421e+03   3589120   1
       346   4.166880e+08  2.212546e+08  1.545056e+03   3599731   1
       347   3.666107e+08  2.212788e+08  1.550551e+03   3610100   1
       348   6.003249e+08  2.213639e+08  1.556058e+03   3620415   1
       349   3.260341e+08  2.214124e+08  1.561687e+03   3630795   1
       350   2.053683e+08  2.214975e+08  1.567453e+03   3641281   1
       351   1.852136e+08  2.214988e+08  1.573319e+03   3651611   1
       352   2.736448e+08  2.215962e+08  1.584506e+03   3661991   1
       353   4.342190e+08  2.216126e+08  1.589991e+03   3672490   1
       354   3.770909e+08  2.216204e+08  1.595637e+03   3682786   1
       355   2.487457e+08  2.216703e+08  1.601332e+03   3693421   1
       356   3.050631e+08  2.216889e+08  1.607029e+03   3703920   1
       357   3.578304e+08  2.217045e+08  1.612664e+03   3714092   1
       358   3.365048e+08  2.217078e+08  1.618341e+03   3724436   1
       359   3.755312e+08  2.217084e+08  1.624050e+03   3735081   1
       360   4.151630e+08  2.217298e+08  1.629828e+03   3745421   1
       361   2.721137e+08  2.217300e+08  1.635628e+03   3755627   1
       362   3.651900e+08  2.217542e+08  1.641489e+03   3766071   1
       363   5.063505e+08  2.217641e+08  1.653001e+03   3776627   1
       364   2.035492e+08  2.217692e+08  1.658758e+03   3787188   1
       365   4.762181e+08  2.217706e+08  1.664440e+03   3797396   1
       366   2.052949e+08  2.217732e+08  1.670244e+03   3807979   1
       367   3.875171e+08  2.217746e+08  1.675996e+03   3818549   1
       368   2.771103e+08  2.218282e+08  1.681771e+03   3828889   1
       369   2.617246e+08  2.218297e+08  1.687656e+03   3839456   1
       370   3.150325e+08  2.219637e+08  1.693478e+03   3849895   1
       371   3.903749e+08  2.219662e+08  1.699236e+03   3860458   1
       372   2.580374e+08  2.220822e+08  1.705111e+03   3870809   1
       373   3.070760e+08  2.220933e+08  1.711017e+03   3881030   1
       374   3.923357e+08  2.222985e+08  1.722574e+03   3891107   1
       375   3.184695e+08  2.228986e+08  1.728393e+03   3901689   1
       376   4.945903e+08  2.231058e+08  1.734120e+03   3912092   1
       377   2.947902e+08  2.231146e+08  1.740010e+03   3922536   1
       378   2.900094e+08  2.231239e+08  1.746016e+03   3933126   1
       379   3.255628e+08  2.231251e+08  1.751875e+03   3943715   1
       380   5.415693e+08  2.232128e+08  1.757660e+03   3953921   1
       381   9.585440e+08  2.234964e+08  1.763433e+03   3963927   1
       382   4.352245e+08  2.235172e+08  1.769359e+03   3974370   1
       383   2.330124e+08  2.245968e+08  1.775370e+03   3984868   1
       384   7.905471e+08  2.246910e+08  1.781262e+03   3995345   1
       385   2.247393e+08  2.247681e+08  1.793338e+03   4005941   1
       386   2.099570e+08  2.247848e+08  1.799229e+03   4016155   1
       387   2.593746e+08  2.247907e+08  1.805145e+03   4026654   1
       388   3.258738e+08  2.247934e+08  1.811048e+03   4036875   1
       389   3.569328e+08  2.248121e+08  1.817101e+03   4047356   1
       390   3.160648e+08  2.248182e+08  1.823016e+03   4057587   1
       391   5.995447e+08  2.248346e+08  1.828970e+03   4068082   1
       392   7.084003e+08  2.259858e+08  1.834931e+03   4078438   1
       393   2.851549e+08  2.261205e+08  1.840987e+03   4088912   1
       394   2.958643e+08  2.263133e+08  1.847038e+03   4099421   1
       395   3.965116e+08  2.267290e+08  1.853156e+03   4110097   1
       396   3.420400e+08  2.268239e+08  1.859284e+03   4120635   1
       397   4.271679e+08  2.268239e+08  1.871410e+03   4131100   1
       398   3.389767e+08  2.271623e+08  1.877401e+03   4141441   1
       399   2.128004e+08  2.273246e+08  1.883430e+03   4152072   1
       400   2.059550e+08  2.274662e+08  1.889532e+03   4162833   1
       401   2.495582e+08  2.277800e+08  1.895572e+03   4173583   1
       402   5.144467e+08  2.278019e+08  1.901523e+03   4183965   1
       403   6.228435e+08  2.278044e+08  1.907492e+03   4194156   1
       404   2.272272e+08  2.282280e+08  1.913662e+03   4204455   1
       405   3.790067e+08  2.282818e+08  1.919786e+03   4214923   1
       406   4.172003e+08  2.282926e+08  1.925947e+03   4225388   1
       407   2.164873e+08  2.283306e+08  1.932258e+03   4235755   1
       408   2.789408e+08  2.286626e+08  1.944651e+03   4246097   1
       409   3.135715e+08  2.294460e+08  1.950773e+03   4256544   1
       410   4.481873e+08  2.294649e+08  1.956904e+03   4266864   1
       411   9.657805e+08  2.294745e+08  1.962878e+03   4276955   1
       412   4.000585e+08  2.300117e+08  1.968936e+03   4287202   1
       413   2.845504e+08  2.301174e+08  1.975147e+03   4297385   1
       414   2.377063e+08  2.303351e+08  1.981321e+03   4307791   1
       415   3.752292e+08  2.303730e+08  1.987503e+03   4318152   1
       416   3.109381e+08  2.303869e+08  1.993688e+03   4328924   1
       417   2.716018e+08  2.304909e+08  1.999963e+03   4339318   1
       418   3.196029e+08  2.305272e+08  2.006250e+03   4349890   1
       419   3.751128e+08  2.305346e+08  2.012535e+03   4360107   1
       420   5.799183e+08  2.305391e+08  2.025041e+03   4370279   1
       421   2.307835e+08  2.306263e+08  2.031310e+03   4380778   1
       422   3.475750e+08  2.306525e+08  2.037488e+03   4391273   1
       423   2.897643e+08  2.307470e+08  2.043782e+03   4401797   1
       424   4.070911e+08  2.307566e+08  2.050052e+03   4412477   1
       425   3.309790e+08  2.307613e+08  2.056188e+03   4422395   1
       426   3.532925e+08  2.307654e+08  2.062506e+03   4432695   1
       427   1.245611e+09  2.308212e+08  2.068700e+03   4442747   1
       428   2.635036e+08  2.309372e+08  2.075009e+03   4452939   1
       429   5.112101e+08  2.312575e+08  2.081333e+03   4463153   1
       430   4.045315e+08  2.313109e+08  2.087621e+03   4473744   1
       431   2.361380e+08  2.313902e+08  2.094066e+03   4484195   1
       432   7.355432e+08  2.313904e+08  2.106709e+03   4494262   1
       433   4.341153e+08  2.316108e+08  2.112969e+03   4504751   1
       434   2.564698e+08  2.318130e+08  2.119333e+03   4515475   1
       435   2.689148e+08  2.318139e+08  2.125650e+03   4525995   1
       436   2.644854e+08  2.318164e+08  2.131971e+03   4536457   1
       437   5.523852e+08  2.318201e+08  2.138267e+03   4546811   1
       438   4.299449e+08  2.318296e+08  2.144632e+03   4557314   1
       439   3.986477e+08  2.318662e+08  2.150986e+03   4567380   1
       440   3.172993e+08  2.318691e+08  2.157344e+03   4577651   1
       441   2.809125e+08  2.319415e+08  2.163856e+03   4588294   1
       442   2.962123e+08  2.320369e+08  2.170358e+03   4598584   1
       443   4.584705e+08  2.320397e+08  2.176872e+03   4609208   1
       444   2.726658e+08  2.320994e+08  2.189916e+03   4619605   1
       445   3.462850e+08  2.321104e+08  2.196299e+03   4630144   1
       446   2.645838e+08  2.321677e+08  2.202664e+03   4640849   1
       447   3.579962e+08  2.322195e+08  2.209092e+03   4651609   1
       448   2.412432e+08  2.322211e+08  2.215600e+03   4662106   1
       449   2.184697e+08  2.322359e+08  2.222059e+03   4672284   1
       450   4.271791e+08  2.322959e+08  2.228525e+03   4682659   1
       451   2.192624e+08  2.324960e+08  2.235035e+03   4693158   1
       452   6.351121e+08  2.325622e+08  2.241428e+03   4703630   1
       453   7.254230e+08  2.330429e+08  2.247895e+03   4713942   1
       454   2.708642e+08  2.340215e+08  2.254504e+03   4724525   1
       455   1.972403e+08  2.341300e+08  2.261035e+03   4735167   1
       456   5.887306e+08  2.341580e+08  2.274460e+03   4745403   1
       457   1.932115e+08  2.341603e+08  2.281061e+03   4755891   1
       458   4.784320e+08  2.341626e+08  2.287620e+03   4766116   1
       459   4.862564e+08  2.342292e+08  2.294037e+03   4776429   1
       460   2.739176e+08  2.342315e+08  2.300589e+03   4786581   1
       461   6.877089e+08  2.342402e+08  2.307159e+03   4797237   1
       462   3.531652e+08  2.342752e+08  2.313664e+03   4807857   1
       463   2.794852e+08  2.342774e+08  2.320205e+03   4818195   1
       464   1.912085e+08  2.346148e+08  2.326675e+03   4828637   1
       465   1.835983e+08  2.346554e+08  2.333320e+03   4839067   1
       466   3.155126e+08  2.347297e+08  2.340053e+03   4849639   1
       467   5.913846e+08  2.347422e+08  2.346849e+03   4859865   1
       468   3.071559e+08  2.348456e+08  2.353664e+03   4870529   1
       469   3.991511e+08  2.352147e+08  2.367035e+03   4880897   1
       470   5.349805e+08  2.352584e+08  2.373591e+03   4891313   1
       471   2.669888e+08  2.352677e+08  2.380329e+03   4901652   1
       472   7.834801e+08  2.355156e+08  2.386885e+03   4911955   1
       473   2.880741e+08  2.355219e+08  2.393518e+03   4922405   1
       474   6.796303e+08  2.355507e+08  2.400119e+03   4932667   1
       475   1.017418e+09  2.357884e+08  2.406672e+03   4942888   1
       476   8.524662e+08  2.358787e+08  2.413301e+03   4953308   1
       477   6.962425e+08  2.358787e+08  2.419963e+03   4963701   1
       478   2.690536e+08  2.358808e+08  2.426770e+03   4974006   1
       479   3.539019e+08  2.358844e+08  2.433584e+03   4984426   1
       480   6.308469e+08  2.359165e+08  2.440397e+03   4994764   1
       481   2.091312e+08  2.359261e+08  2.454401e+03   5005249   1
       482   7.509979e+08  2.360601e+08  2.461132e+03   5015372   1
       483   4.075113e+08  2.360801e+08  2.467724e+03   5025628   1
       484   5.485148e+08  2.362532e+08  2.474342e+03   5035726   1
       485   5.427072e+08  2.363006e+08  2.480947e+03   5046006   1
       486   2.100613e+08  2.363006e+08  2.487751e+03   5056324   1
       487   4.495356e+08  2.363606e+08  2.494538e+03   5066679   1
       488   3.158929e+08  2.363667e+08  2.501416e+03   5077144   1
       489   2.049239e+08  2.364415e+08  2.508216e+03   5087603   1
       490   2.210546e+08  2.364418e+08  2.514968e+03   5098196   1
       491   2.308333e+08  2.365982e+08  2.521958e+03   5108860   1
       492   2.524119e+08  2.366283e+08  2.528925e+03   5119474   1
       493   2.041742e+08  2.366931e+08  2.535948e+03   5129853   1
       494   2.380617e+08  2.369762e+08  2.550103e+03   5140558   1
       495   4.860435e+08  2.371975e+08  2.556872e+03   5150800   1
       496   3.172518e+08  2.374722e+08  2.563716e+03   5161295   1
       497   2.863791e+08  2.375044e+08  2.570561e+03   5171723   1
       498   2.473080e+08  2.375346e+08  2.577389e+03   5182026   1
       499   4.022196e+08  2.378150e+08  2.584208e+03   5192459   1
       500   2.495741e+08  2.378324e+08  2.591084e+03   5202854   1
       501   3.193808e+08  2.379226e+08  2.597945e+03   5213436   1
       502   2.383159e+08  2.379849e+08  2.604832e+03   5223981   1
       503   1.889357e+08  2.379943e+08  2.611749e+03   5233906   1
       504   6.624835e+08  2.380128e+08  2.618800e+03   5244362   1
       505   3.421539e+08  2.380292e+08  2.625883e+03   5255007   1
       506   4.955362e+08  2.380305e+08  2.640231e+03   5265210   1
       507   3.437006e+08  2.380535e+08  2.647328e+03   5275873   1
       508   5.200202e+08  2.381348e+08  2.654225e+03   5286361   1
       509   4.703220e+08  2.383073e+08  2.661137e+03   5296989   1
       510   2.460619e+08  2.385028e+08  2.668153e+03   5307682   1
       511   2.444483e+08  2.385131e+08  2.675064e+03   5318151   1
       512   2.754892e+08  2.385183e+08  2.682100e+03   5328981   1
       513   3.591023e+08  2.385185e+08  2.688987e+03   5339682   1
       514   2.447356e+08  2.385267e+08  2.695925e+03   5350103   1
       515   6.621127e+08  2.385303e+08  2.702939e+03   5360541   1
       516   2.337182e+08  2.385429e+08  2.710106e+03   5371172   1
       517   2.454969e+08  2.386066e+08  2.717217e+03   5381659   1
       518   2.858819e+08  2.386818e+08  2.724358e+03   5392070   1
       519   3.177288e+08  2.387450e+08  2.731718e+03   5402544   1
       520   2.305336e+08  2.387758e+08  2.746246e+03   5412882   1
       521   2.587533e+08  2.387771e+08  2.753271e+03   5423409   1
       522   6.355334e+08  2.391129e+08  2.760248e+03   5434121   1
       523   2.974627e+08  2.391149e+08  2.767344e+03   5444408   1
       524   4.131679e+08  2.391999e+08  2.774391e+03   5455067   1
       525   2.374053e+08  2.392259e+08  2.781504e+03   5465362   1
       526   4.954915e+08  2.395009e+08  2.788574e+03   5475477   1
       527   2.761182e+08  2.395042e+08  2.795694e+03   5485869   1
       528   2.955245e+08  2.395067e+08  2.802851e+03   5496422   1
       529   6.272875e+08  2.395075e+08  2.810045e+03   5506661   1
       530   4.119307e+08  2.395087e+08  2.817257e+03   5517224   1
       531   2.366931e+08  2.395140e+08  2.824643e+03   5527501   1
       532   4.252442e+08  2.397161e+08  2.831988e+03   5537960   1
       533   3.960257e+08  2.397647e+08  2.846853e+03   5548577   1
       534   3.282370e+08  2.397662e+08  2.854007e+03   5559045   1
       535   2.949117e+08  2.397726e+08  2.861220e+03   5569581   1
       536   5.578044e+08  2.397797e+08  2.868365e+03   5579722   1
       537   3.937521e+08  2.397834e+08  2.875519e+03   5589959   1
       538   4.558178e+08  2.397872e+08  2.882812e+03   5600309   1
       539   5.723965e+08  2.398346e+08  2.889897e+03   5610599   1
       540   2.275496e+08  2.398368e+08  2.897165e+03   5621155   1
       541   2.954219e+08  2.398462e+08  2.904402e+03   5631455   1
       542   3.822768e+08  2.398915e+08  2.911671e+03   5641741   1
       543   1.903787e+08  2.399100e+08  2.919037e+03   5651899   1
       544   2.387203e+08  2.399497e+08  2.926472e+03   5662522   1
       545   2.687608e+08  2.400281e+08  2.933923e+03   5672903   1
       546   2.443436e+08  2.401023e+08  2.949039e+03   5683519   1
       547   2.406140e+08  2.402356e+08  2.956366e+03   5693986   1
       548   9.160237e+08  2.406477e+08  2.963497e+03   5704052   1
       549   2.982158e+08  2.406503e+08  2.970807e+03   5714379   1
       550   3.036524e+08  2.406504e+08  2.978073e+03   5725021   1
       551   1.669560e+08  2.406939e+08  2.985442e+03   5735350   1
       552   3.661798e+08  2.407150e+08  2.992830e+03   5745519   1
       553   3.775532e+08  2.409134e+08  3.000171e+03   5756017   1
       554   3.037495e+08  2.411561e+08  3.007495e+03   5766687   1
       555   4.223903e+08  2.411842e+08  3.014878e+03   5776946   1
       556   3.551410e+08  2.413748e+08  3.022344e+03   5787687   1
       557   2.735553e+08  2.413841e+08  3.029844e+03   5797989   1
       558   3.524666e+08  2.413925e+08  3.037344e+03   5808661   1
       559   2.237545e+08  2.413942e+08  3.052787e+03   5819286   1
       560   1.959278e+08  2.415108e+08  3.060192e+03   5829457   1
       561   5.214455e+08  2.415134e+08  3.067660e+03   5839888   1
       562   2.471797e+08  2.416158e+08  3.074984e+03   5850263   1
       563   4.583426e+08  2.416671e+08  3.082443e+03   5860774   1
       564   3.349243e+08  2.416681e+08  3.089941e+03   5871353   1
       565   4.644371e+08  2.416766e+08  3.097374e+03   5881640   1
       566   2.046563e+08  2.416920e+08  3.104842e+03   5892346   1
       567   5.356746e+08  2.416967e+08  3.112235e+03   5902475   1
       568   4.004808e+08  2.417847e+08  3.119627e+03   5913265   1
       569   3.332348e+08  2.417943e+08  3.127131e+03   5923798   1
       570   1.714647e+08  2.418206e+08  3.134665e+03   5934569   1
       571   3.018526e+08  2.418808e+08  3.142183e+03   5945228   1
       572   2.377352e+08  2.418902e+08  3.149874e+03   5955748   1
       573   2.254756e+08  2.419442e+08  3.165475e+03   5965795   1
       574   3.727686e+08  2.420026e+08  3.172929e+03   5976245   1
       575   5.256640e+08  2.420528e+08  3.180403e+03   5986581   1
       576   1.655654e+08  2.420607e+08  3.187938e+03   5996867   1
       577   4.100427e+08  2.420609e+08  3.195527e+03   6007030   1
       578   3.987956e+08  2.420616e+08  3.203057e+03   6017540   1
       579   2.534367e+08  2.420688e+08  3.210691e+03   6028358   1
       580   2.326417e+08  2.420903e+08  3.218159e+03   6038764   1
       581   2.569960e+08  2.420961e+08  3.225722e+03   6049169   1
       582   2.928408e+08  2.420970e+08  3.233298e+03   6059271   1
       583   2.926644e+08  2.421058e+08  3.240966e+03   6069955   1
       584   1.234368e+09  2.422200e+08  3.248674e+03   6079971   1
       585   1.933094e+08  2.422202e+08  3.256511e+03   6090274   1
       586   5.872402e+08  2.423150e+08  3.273274e+03   6100681   1
       587   6.109871e+08  2.423207e+08  3.280932e+03   6110871   1
       588   3.104061e+08  2.423483e+08  3.288484e+03   6121120   1
       589   3.748644e+08  2.424167e+08  3.296153e+03   6131751   1
       590   4.783497e+08  2.424537e+08  3.303747e+03   6142331   1
       591   6.435773e+08  2.427312e+08  3.311427e+03   6152725   1
       592   2.838455e+08  2.430263e+08  3.319113e+03   6163271   1
       593   3.149466e+08  2.430669e+08  3.326789e+03   6173580   1
       594   1.952984e+08  2.430702e+08  3.334462e+03   6183993   1
       595   5.113694e+08  2.431004e+08  3.342082e+03   6194495   1
       596   3.888781e+08  2.431007e+08  3.349796e+03   6204261   1
       597   3.409702e+08  2.431247e+08  3.357612e+03   6214602   1
       598   3.722162e+08  2.434248e+08  3.365471e+03   6225096   1
       599   3.496696e+08  2.435284e+08  3.373329e+03   6235610   1
       600   3.102934e+08  2.435284e+08  3.389659e+03   6246044   1
       601   4.212434e+08  2.435402e+08  3.397426e+03   6256451   1
       602   2.768112e+08  2.435404e+08  3.405187e+03   6266599   1
       603   2.605467e+08  2.436896e+08  3.413001e+03   6276995   1
       604   4.718576e+08  2.436917e+08  3.420829e+03   6287409   1
       605   1.979806e+08  2.437952e+08  3.428617e+03   6297855   1
       606   2.904200e+08  2.440108e+08  3.436426e+03   6308580   1
       607   1.943494e+08  2.440800e+08  3.444267e+03   6319034   1
       608   2.397623e+08  2.442891e+08  3.452049e+03   6329633   1
       609   3.390169e+08  2.442963e+08  3.459811e+03   6339996   1
       610   2.116386e+08  2.443068e+08  3.467721e+03   6350511   1
       611   2.076013e+08  2.443068e+08  3.475561e+03   6360593   1
       612   3.585096e+08  2.444074e+08  3.483520e+03   6371053   1
       613   4.176234e+08  2.444322e+08  3.491537e+03   6381622   1
       614   1.916363e+08  2.444374e+08  3.508355e+03   6392332   1
       615   5.204455e+08  2.444448e+08  3.516139e+03   6402611   1
       616   4.291164e+08  2.444591e+08  3.523951e+03   6413235   1
       617   2.834194e+08  2.444602e+08  3.531759e+03   6423596   1
       618   2.336648e+08  2.444611e+08  3.539602e+03   6434212   1
       619   3.027720e+08  2.444749e+08  3.547525e+03   6444705   1
       620   4.357558e+08  2.445902e+08  3.555334e+03   6454960   1
       621   2.610451e+08  2.446124e+08  3.563221e+03   6465450   1
       622   3.402598e+08  2.450340e+08  3.571131e+03   6475556   1
       623   4.489778e+08  2.450370e+08  3.578963e+03   6485817   1
       624   2.064318e+08  2.450456e+08  3.586955e+03   6496014   1
       625   2.161695e+08  2.451214e+08  3.595098e+03   6506642   1
       626   7.585606e+08  2.451244e+08  3.603046e+03   6516958   1
       627   8.713294e+08  2.452852e+08  3.611120e+03   6527134   1
       628   5.107823e+08  2.452890e+08  3.627991e+03   6537381   1
       629   2.625284e+08  2.453154e+08  3.636032e+03   6548085   1
       630   3.113017e+08  2.453286e+08  3.643950e+03   6558808   1
       631   1.962484e+08  2.453326e+08  3.651954e+03   6569377   1
       632   2.301740e+08  2.453887e+08  3.659903e+03   6580098   1
       633   5.885857e+08  2.454593e+08  3.667777e+03   6590499   1
       634   1.963716e+08  2.454845e+08  3.675777e+03   6600969   1
       635   6.126500e+08  2.457155e+08  3.683700e+03   6610931   1
       636   1.159940e+09  2.457425e+08  3.691650e+03   6621011   1
       637   3.223324e+08  2.457741e+08  3.699714e+03   6631494   1
       638   6.714560e+08  2.458437e+08  3.707768e+03   6641652   1
       639   2.004727e+08  2.458451e+08  3.715980e+03   6652172   1
       640   4.431130e+08  2.458894e+08  3.724131e+03   6661970   1
       641   4.367574e+08  2.463171e+08  3.732275e+03   6672471   1
       642   8.604767e+08  2.463173e+08  3.740432e+03   6682804   1
       643   3.965257e+08  2.463662e+08  3.757467e+03   6693148   1
       644   2.520825e+08  2.465013e+08  3.765527e+03   6703412   1
       645   2.796341e+08  2.466083e+08  3.773504e+03   6713722   1
       646   3.204229e+08  2.466214e+08  3.781590e+03   6724091   1
       647   2.338161e+08  2.466713e+08  3.789734e+03   6734501   1
       648   5.437554e+08  2.468113e+08  3.797870e+03   6744858   1
       649   4.428487e+08  2.468396e+08  3.805930e+03   6755415   1
       650   2.100917e+08  2.468970e+08  3.814059e+03   6765917   1
       651   5.235474e+08  2.469192e+08  3.822179e+03   6776317   1
       652   4.237640e+08  2.470204e+08  3.830198e+03   6786808   1
       653   5.432568e+08  2.470346e+08  3.838486e+03   6797350   1
       654   8.155902e+08  2.470992e+08  3.846607e+03   6807661   1
       655   5.163444e+08  2.471200e+08  3.854912e+03   6817570   1
       656   6.947302e+08  2.471208e+08  3.863128e+03   6827910   1
       657   5.715441e+08  2.471291e+08  3.880578e+03   6838330   1
       658   3.101348e+08  2.471500e+08  3.888793e+03   6848636   1
       659   2.384601e+08  2.471746e+08  3.896971e+03   6858878   1
       660   2.659657e+08  2.472021e+08  3.905219e+03   6869054   1
       661   1.716818e+08  2.472058e+08  3.913490e+03   6879569   1
       662   2.233547e+08  2.474119e+08  3.921752e+03   6889817   1
       663   2.944625e+08  2.474175e+08  3.930013e+03   6900232   1
       664   3.074927e+08  2.474198e+08  3.938352e+03   6910694   1
       665   3.373577e+08  2.474297e+08  3.946631e+03   6921116   1
       666   4.107778e+08  2.475557e+08  3.954846e+03   6931769   1
       667   5.540494e+08  2.475773e+08  3.963121e+03   6942060   1
       668   2.580465e+08  2.477653e+08  3.971494e+03   6952192   1
       669   2.215278e+08  2.477839e+08  3.980008e+03   6962844   1
       670   5.049193e+08  2.478615e+08  3.988356e+03   6973119   1
       671   2.027810e+08  2.480311e+08  3.996914e+03   6983482   1
       672   6.452268e+08  2.480396e+08  4.014560e+03   6993669   1
       673   5.657024e+08  2.480565e+08  4.022785e+03   7004106   1
       674   7.982606e+08  2.481065e+08  4.030964e+03   7014488   1
       675   5.271949e+08  2.481932e+08  4.039167e+03   7024787   1
       676   2.635545e+08  2.481961e+08  4.047494e+03   7035565   1
       677   2.892126e+08  2.482188e+08  4.055872e+03   7046022   1
       678   2.210327e+08  2.482232e+08  4.064286e+03   7056412   1
       679   3.102237e+08  2.482572e+08  4.072581e+03   7066970   1
       680   3.272147e+08  2.483147e+08  4.080933e+03   7077766   1
       681   3.694342e+08  2.484630e+08  4.089420e+03   7088132   1
       682   3.332290e+08  2.485326e+08  4.097798e+03   7098390   1
       683   2.437413e+08  2.487025e+08  4.106252e+03   7108891   1
       684   2.812591e+08  2.487365e+08  4.114812e+03   7119380   1
       685   2.196806e+08  2.487573e+08  4.123394e+03   7129746   1
       686   2.364112e+08  2.488293e+08  4.132143e+03   7139845   1
       687   5.780915e+08  2.488424e+08  4.150330e+03   7150155   1
       688   3.811734e+08  2.488437e+08  4.158722e+03   7160631   1
       689   2.006961e+08  2.488839e+08  4.167137e+03   7171191   1
       690   3.925536e+08  2.490207e+08  4.175539e+03   7181730   1
       691   5.650917e+08  2.490211e+08  4.184061e+03   7192243   1
       692   2.235089e+08  2.491898e+08  4.192702e+03   7202814   1
       693   6.285472e+08  2.492076e+08  4.201182e+03   7213337   1
       694   2.526732e+08  2.492076e+08  4.209727e+03   7223755   1
       695   3.886130e+08  2.492185e+08  4.218299e+03   7234020   1
       696   2.427595e+08  2.492204e+08  4.226979e+03   7244602   1
       697   2.552750e+08  2.493655e+08  4.235695e+03   7255094   1
       698   5.336857e+08  2.493745e+08  4.244396e+03   7265452   1
       699   1.935627e+08  2.493871e+08  4.253146e+03   7275789   1
       700   2.869582e+08  2.494412e+08  4.261825e+03   7286182   1
       701   2.254691e+08  2.494444e+08  4.270612e+03   7296756   1
       702   6.045416e+08  2.494452e+08  4.289110e+03   7307094   1
       703   4.220589e+08  2.494667e+08  4.297614e+03   7317663   1
       704   3.631575e+08  2.494753e+08  4.306138e+03   7328112   1
       705   6.821965e+08  2.494754e+08  4.314671e+03   7338619   1
       706   3.182814e+08  2.494926e+08  4.323304e+03   7349072   1
       707   5.455211e+08  2.495114e+08  4.331840e+03   7359354   1
       708   2.288102e+08  2.495114e+08  4.340590e+03   7369943   1
       709   2.425241e+08  2.496419e+08  4.349177e+03   7380478   1
       710   1.745176e+08  2.496427e+08  4.357953e+03   7390908   1
       711   7.406446e+08  2.499292e+08  4.366599e+03   7400914   1
       712   2.735873e+08  2.499300e+08  4.375419e+03   7411656   1
       713   4.193566e+08  2.500487e+08  4.384344e+03   7422345   1
       714   3.618448e+08  2.500488e+08  4.393407e+03   7432607   1
       715   5.717560e+08  2.500516e+08  4.402408e+03   7443068   1
       716   3.344367e+08  2.501172e+08  4.411570e+03   7453624   1
       717   5.178505e+08  2.501332e+08  4.430374e+03   7463991   1
       718   6.915843e+08  2.501489e+08  4.438892e+03   7474353   1
       719   2.635018e+08  2.501495e+08  4.447670e+03   7484558   1
       720   4.543102e+08  2.502921e+08  4.456365e+03   7494707   1
       721   2.744168e+08  2.502980e+08  4.465192e+03   7505067   1
       722   2.561402e+08  2.503762e+08  4.473940e+03   7515609   1
       723   2.259139e+08  2.506205e+08  4.482675e+03   7526257   1
       724   2.127835e+08  2.506275e+08  4.491426e+03   7536491   1
       725   4.098345e+08  2.506562e+08  4.500265e+03   7546469   1
       726   2.872274e+08  2.506575e+08  4.509103e+03   7556818   1
       727   2.259494e+08  2.507240e+08  4.517994e+03   7567122   1
       728   2.838434e+08  2.507399e+08  4.526874e+03   7577552   1
       729   7.263145e+08  2.517582e+08  4.535747e+03   7587140   1
       730   6.835762e+08  2.520570e+08  4.544654e+03   7597732   1
       731   4.574912e+08  2.521238e+08  4.553510e+03   7608275   1
       732   4.157420e+08  2.521240e+08  4.562658e+03   7618645   1
       733   2.747176e+08  2.521379e+08  4.581505e+03   7629043   1
       734   2.758486e+08  2.521987e+08  4.590367e+03   7639541   1
       735   3.012984e+08  2.521988e+08  4.599126e+03   7649965   1
       736   9.503954e+08  2.522383e+08  4.607745e+03   7660186   1
       737   4.145238e+08  2.522864e+08  4.616471e+03   7670502   1
       738   1.635577e+08  2.522924e+08  4.625422e+03   7680483   1
       739   3.093330e+08  2.524824e+08  4.634360e+03   7690763   1
       740   3.167275e+08  2.525996e+08  4.643333e+03   7701423   1
       741   4.099851e+08  2.526088e+08  4.652229e+03   7711905   1
       742   2.422270e+08  2.526503e+08  4.661276e+03   7722376   1
       743   4.018189e+08  2.527294e+08  4.670129e+03   7732718   1
       744   5.152386e+08  2.527299e+08  4.679264e+03   7743053   1
       745   3.165015e+08  2.527310e+08  4.688457e+03   7752917   1
       746   7.619070e+08  2.527310e+08  4.697480e+03   7763117   1
       747   2.907305e+08  2.527310e+08  4.706773e+03   7773625   1
       748   1.518930e+08  2.527489e+08  4.726145e+03   7783365   1
       749   5.672526e+08  2.527548e+08  4.735056e+03   7793630   1
       750   4.081170e+08  2.527790e+08  4.743953e+03   7804167   1
       751   3.163206e+08  2.527794e+08  4.752811e+03   7814721   1
       752   4.371439e+08  2.527796e+08  4.761824e+03   7825125   1
       753   4.284033e+08  2.527915e+08  4.770875e+03   7835530   1
       754   4.190957e+08  2.527927e+08  4.779978e+03   7846176   1
       755   2.174224e+08  2.527946e+08  4.789120e+03   7856783   1
       756   2.121152e+08  2.527947e+08  4.798195e+03   7866933   1
       757   3.106183e+08  2.527948e+08  4.807363e+03   7877183   1
       758   3.144532e+08  2.527962e+08  4.816533e+03   7887402   1
       759   3.287802e+08  2.527967e+08  4.825624e+03   7897739   1
       760   5.617536e+08  2.528436e+08  4.834610e+03   7907838   1
       761   3.331895e+08  2.528466e+08  4.843847e+03   7918552   1
       762   2.306550e+08  2.528488e+08  4.853073e+03   7928898   1
       763   2.807169e+08  2.528489e+08  4.862296e+03   7939267   1
       764   2.133442e+08  2.528521e+08  4.871652e+03   7949628   1
       765   4.237731e+08  2.528522e+08  4.891249e+03   7959984   1
       766   4.257099e+08  2.528790e+08  4.900300e+03   7970641   1
       767   3.625611e+08  2.529006e+08  4.909346e+03   7980908   1
       768   6.505961e+08  2.529089e+08  4.918449e+03   7991307   1
       769   4.439977e+08  2.529172e+08  4.927631e+03   8001789   1
       770   5.552538e+08  2.529310e+08  4.936708e+03   8012206   1
       771   2.961479e+08  2.529316e+08  4.945826e+03   8022683   1
       772   2.757582e+08  2.529789e+08  4.955128e+03   8033010   1
       773   3.070484e+08  2.529873e+08  4.964347e+03   8043489   1
       774   7.437933e+08  2.529893e+08  4.973333e+03   8053900   1
       775   4.439704e+08  2.529903e+08  4.982404e+03   8064226   1
       776   2.083665e+08  2.529934e+08  4.991694e+03   8074573   1
       777   4.226109e+08  2.529940e+08  5.001092e+03   8084835   1
       778   5.354025e+08  2.530092e+08  5.010343e+03   8094947   1
       779   2.251712e+08  2.530518e+08  5.019722e+03   8105322   1
       780   7.687528e+08  2.530526e+08  5.029244e+03   8115016   1
       781   5.030637e+08  2.530541e+08  5.049276e+03   8125415   1
       782   6.536652e+08  2.532311e+08  5.058500e+03   8135573   1
       783   5.023764e+08  2.532662e+08  5.067718e+03   8145975   1
       784   2.939045e+08  2.534227e+08  5.076877e+03   8156581   1
       785   2.185222e+08  2.534244e+08  5.086219e+03   8166823   1
       786   2.709868e+08  2.534724e+08  5.095630e+03   8177399   1
       787   2.492683e+08  2.534799e+08  5.104932e+03   8187916   1
       788   3.915211e+08  2.535088e+08  5.114343e+03   8198160   1
       789   3.060326e+08  2.535104e+08  5.123753e+03   8208558   1
       790   3.110133e+08  2.535340e+08  5.133203e+03   8219083   1
       791   2.801484e+08  2.535668e+08  5.142515e+03   8229608   1
       792   1.978066e+08  2.535678e+08  5.151816e+03   8239994   1
       793   4.613748e+08  2.537798e+08  5.161275e+03   8250280   1
       794   3.558041e+08  2.538027e+08  5.170782e+03   8260569   1
       795   3.455518e+08  2.538580e+08  5.180283e+03   8270670   1
       796   3.589772e+08  2.538785e+08  5.189905e+03   8281093   1
       797   1.883686e+08  2.538804e+08  5.210398e+03   8291593   1
       798   2.297869e+08  2.539316e+08  5.219842e+03   8301884   1
       799   3.728860e+08  2.539921e+08  5.229308e+03   8312312   1
       800   2.204587e+08  2.539947e+08  5.238670e+03   8322776   1
       801   2.537497e+08  2.539981e+08  5.248107e+03   8332804   1
       802   6.694168e+08  2.540040e+08  5.257629e+03   8343204   1
       803   4.543978e+08  2.540062e+08  5.267086e+03   8353534   1
       804   1.892409e+08  2.540079e+08  5.276473e+03   8363543   1
       805   1.909718e+08  2.541048e+08  5.286046e+03   8374100   1
       806   5.934434e+08  2.541295e+08  5.295520e+03   8384554   1
       807   2.087300e+08  2.541890e+08  5.305079e+03   8394946   1
       808   5.713566e+08  2.542357e+08  5.314556e+03   8404922   1
       809   2.349391e+08  2.542467e+08  5.324275e+03   8415307   1
       810   6.609381e+08  2.543140e+08  5.333854e+03   8425405   1
       811   2.570886e+08  2.543270e+08  5.343566e+03   8435784   1
       812   3.305480e+08  2.543285e+08  5.353284e+03   8446376   1
       813   3.990397e+08  2.543658e+08  5.363097e+03   8456533   1
       814   3.261323e+08  2.543675e+08  5.383732e+03   8466813   1
       815   2.396695e+08  2.545057e+08  5.393307e+03   8477224   1
       816   2.120144e+08  2.545201e+08  5.402741e+03   8487727   1
       817   3.656817e+08  2.546399e+08  5.412235e+03   8498212   1
       818   2.301093e+08  2.546546e+08  5.421801e+03   8508633   1
       819   6.246095e+08  2.546668e+08  5.431194e+03   8518791   1
       820   3.866568e+08  2.546737e+08  5.440809e+03   8529070   1
       821   2.967671e+08  2.546746e+08  5.450320e+03   8539420   1
       822   2.199622e+08  2.546762e+08  5.460109e+03   8549534   1
       823   2.124686e+08  2.546983e+08  5.469853e+03   8559926   1
       824   3.117220e+08  2.546996e+08  5.479603e+03   8570386   1
       825   2.565218e+08  2.547049e+08  5.489264e+03   8580577   1
       826   5.427914e+08  2.547178e+08  5.498881e+03   8591038   1
       827   2.228349e+08  2.548887e+08  5.508677e+03   8601645   1
       828   4.131700e+08  2.548897e+08  5.518338e+03   8612037   1
       829   7.462734e+08  2.548905e+08  5.528184e+03   8622231   1
       830   3.103887e+08  2.549044e+08  5.538228e+03   8632825   1
       831   3.402102e+08  2.549044e+08  5.558995e+03   8643342   1
       832   2.890092e+08  2.549154e+08  5.568810e+03   8653980   1
       833   2.367656e+08  2.549682e+08  5.578502e+03   8664172   1
       834   2.720150e+08  2.550015e+08  5.588222e+03   8674397   1
       835   3.068286e+08  2.550026e+08  5.597984e+03   8684754   1
       836   2.402427e+08  2.550681e+08  5.607702e+03   8695293   1
       837   4.149348e+08  2.550752e+08  5.617430e+03   8705391   1
       838   2.609778e+08  2.552225e+08  5.627310e+03   8715977   1
       839   5.031895e+08  2.552254e+08  5.637109e+03   8726155   1
       840   2.542607e+08  2.552474e+08  5.646992e+03   8736711   1
       841   3.380442e+08  2.552474e+08  5.656871e+03   8747148   1
       842   2.562553e+08  2.552489e+08  5.666719e+03   8757599   1
       843   3.011992e+08  2.552766e+08  5.676700e+03   8768313   1
       844   1.896042e+08  2.552842e+08  5.686618e+03   8778750   1
       845   2.171541e+08  2.552842e+08  5.696568e+03   8789367   1
       846   2.641184e+08  2.552899e+08  5.706699e+03   8799663   1
       847   2.143762e+08  2.553982e+08  5.728219e+03   8809960   1
       848   1.228276e+09  2.553982e+08  5.737968e+03   8820070   1
       849   2.591897e+08  2.554011e+08  5.747910e+03   8830673   1
       850   5.294821e+08  2.554238e+08  5.757501e+03   8841126   1
       851   2.444315e+08  2.554628e+08  5.767343e+03   8851613   1
       852   5.244960e+08  2.554628e+08  5.777401e+03   8861614   1
       853   2.753851e+08  2.554771e+08  5.787207e+03   8872006   1
       854   2.902367e+08  2.555078e+08  5.797076e+03   8882535   1
       855   4.924462e+08  2.555217e+08  5.807059e+03   8892321   1
       856   7.353479e+08  2.555233e+08  5.816899e+03   8902272   1
       857   2.525575e+08  2.555924e+08  5.827058e+03   8912529   1
       858   3.360312e+08  2.556363e+08  5.836988e+03   8922896   1
       859   2.330907e+08  2.556710e+08  5.846817e+03   8933587   1
       860   6.142992e+08  2.557469e+08  5.856645e+03   8943946   1
       861   4.967605e+08  2.557754e+08  5.866719e+03   8954016   1
       862   7.173444e+08  2.558640e+08  5.876676e+03   8964305   1
       863   2.522801e+08  2.558744e+08  5.886958e+03   8974760   1
       864   5.385638e+08  2.559324e+08  5.897073e+03   8985460   1
       865   3.127190e+08  2.559380e+08  5.918649e+03   8995917   1
       866   5.756774e+08  2.560007e+08  5.928438e+03   9006134   1
       867   1.950678e+08  2.560404e+08  5.938482e+03   9016630   1
       868   3.748291e+08  2.561047e+08  5.948573e+03   9026615   1
       869   2.826313e+08  2.561146e+08  5.958890e+03   9037154   1
       870   2.333537e+08  2.561386e+08  5.969044e+03   9047020   1
       871   3.277249e+08  2.561649e+08  5.979180e+03   9057345   1
       872   1.734178e+08  2.561715e+08  5.989282e+03   9067780   1
       873   2.441201e+08  2.561720e+08  5.999421e+03   9078207   1
       874   1.577995e+08  2.562131e+08  6.009620e+03   9088460   1
       875   2.974180e+08  2.562437e+08  6.019842e+03   9099043   1
       876   2.575760e+08  2.562460e+08  6.029992e+03   9109397   1
       877   3.705845e+08  2.563219e+08  6.040276e+03   9119729   1
       878   3.175170e+08  2.563224e+08  6.050487e+03   9130420   1
       879   3.561207e+08  2.563258e+08  6.060652e+03   9140525   1
       880   2.929514e+08  2.563497e+08  6.071060e+03   9150946   1
       881   2.529834e+08  2.563511e+08  6.081408e+03   9161393   1
       882   2.152690e+08  2.564075e+08  6.103518e+03   9171805   1
       883   2.640855e+08  2.564247e+08  6.113828e+03   9182281   1
       884   4.650711e+08  2.564259e+08  6.123942e+03   9192865   1
       885   5.537200e+08  2.564260e+08  6.134108e+03   9203588   1
       886   2.284020e+08  2.564947e+08  6.144481e+03   9214161   1
       887   3.300181e+08  2.564994e+08  6.154666e+03   9224841   1
       888   2.695027e+08  2.565074e+08  6.164903e+03   9234997   1
       889   2.274034e+08  2.565156e+08  6.175211e+03   9245387   1
       890   3.645392e+08  2.566355e+08  6.185354e+03   9255610   1
       891   6.848039e+08  2.566693e+08  6.195582e+03   9265963   1
       892   2.009342e+08  2.566779e+08  6.205845e+03   9276483   1
       893   2.103354e+08  2.566920e+08  6.216043e+03   9286951   1
       894   1.969140e+08  2.567449e+08  6.226253e+03   9297756   1
       895   4.021425e+08  2.567569e+08  6.236614e+03   9308260   1
       896   3.301717e+08  2.567572e+08  6.247184e+03   9318395   1
       897   3.090769e+08  2.567860e+08  6.257442e+03   9328663   1
       898   2.670210e+08  2.567891e+08  6.267976e+03   9339028   1
       899   3.827586e+08  2.568554e+08  6.278350e+03   9349259   1
       900   2.060880e+08  2.570915e+08  6.300783e+03   9359977   1
       901   4.810064e+08  2.570942e+08  6.311083e+03   9370207   1
       902   2.822491e+08  2.571004e+08  6.321492e+03   9380569   1
       903   3.212216e+08  2.571036e+08  6.331863e+03   9391081   1
       904   4.002667e+08  2.571090e+08  6.342177e+03   9401390   1
       905   3.636640e+08  2.571508e+08  6.352579e+03   9411805   1
       906   5.678776e+08  2.571528e+08  6.363038e+03   9422084   1
       907   3.913148e+08  2.572098e+08  6.373441e+03   9432183   1
       908   5.852735e+08  2.572128e+08  6.383801e+03   9442432   1
       909   1.793938e+08  2.575594e+08  6.394207e+03   9452647   1
       910   3.488400e+08  2.576150e+08  6.404639e+03   9463159   1
       911   3.322184e+08  2.576193e+08  6.415051e+03   9473810   1
       912   3.507226e+08  2.576193e+08  6.425521e+03   9483874   1
       913   1.907768e+08  2.576248e+08  6.436083e+03   9494264   1
       914   3.334943e+08  2.576488e+08  6.446671e+03   9504717   1
       915   4.610215e+08  2.577134e+08  6.457282e+03   9515177   1
       916   5.418221e+08  2.577313e+08  6.467810e+03   9525928   1
       917   2.075734e+08  2.577363e+08  6.491192e+03   9536219   1
       918   2.383417e+08  2.578872e+08  6.501728e+03   9546840   1
       919   2.554851e+08  2.579083e+08  6.512023e+03   9557454   1
       920   2.912856e+08  2.579378e+08  6.522409e+03   9568284   1
       921   6.631111e+08  2.579591e+08  6.532882e+03   9578928   1
       922   2.242375e+08  2.580056e+08  6.543403e+03   9589138   1
       923   5.028680e+08  2.580060e+08  6.554122e+03   9599242   1
       924   3.330193e+08  2.580227e+08  6.564650e+03   9609298   1
       925   1.908030e+08  2.580425e+08  6.575318e+03   9619790   1
       926   3.243076e+08  2.580750e+08  6.585882e+03   9630189   1
       927   6.748136e+08  2.580753e+08  6.596385e+03   9640424   1
       928   6.143541e+08  2.580757e+08  6.606974e+03   9650575   1
       929   2.123291e+08  2.582175e+08  6.617691e+03   9660921   1
       930   2.931355e+08  2.582182e+08  6.628314e+03   9671431   1
       931   2.953661e+08  2.583636e+08  6.639051e+03   9682226   1
       932   6.262729e+08  2.583637e+08  6.649517e+03   9692600   1
       933   2.762748e+08  2.583708e+08  6.660243e+03   9702546   1
       934   2.230859e+08  2.583775e+08  6.671098e+03   9712590   1
       935   3.416853e+08  2.583797e+08  6.694534e+03   9722819   1
       936   4.976074e+08  2.583807e+08  6.705228e+03   9733001   1
       937   2.704738e+08  2.584139e+08  6.715798e+03   9743118   1
       938   2.480608e+08  2.585288e+08  6.726259e+03   9753714   1
       939   2.378602e+08  2.585290e+08  6.736872e+03   9764094   1
       940   1.895235e+08  2.585478e+08  6.747529e+03   9774584   1
       941   2.227522e+08  2.585519e+08  6.758129e+03   9785063   1
       942   2.156242e+08  2.586240e+08  6.768911e+03   9795671   1
       943   1.721447e+08  2.586292e+08  6.779619e+03   9806065   1
       944   4.912745e+08  2.586369e+08  6.790313e+03   9816705   1
       945   4.687392e+08  2.587126e+08  6.800840e+03   9827021   1
       946   3.013317e+08  2.587130e+08  6.811370e+03   9837403   1
       947   3.697045e+08  2.587169e+08  6.822103e+03   9847843   1
       948   3.496021e+08  2.587418e+08  6.832897e+03   9858192   1
       949   3.558222e+08  2.587461e+08  6.843877e+03   9868343   1
       950   7.263617e+08  2.587490e+08  6.854611e+03   9878550   1
       951   2.580354e+08  2.587505e+08  6.865476e+03   9889042   1
       952   5.984700e+08  2.588873e+08  6.876294e+03   9899419   1
       953   4.303231e+08  2.588906e+08  6.899948e+03   9909601   1
       954   4.146490e+08  2.588947e+08  6.910723e+03   9919808   1
       955   4.737986e+08  2.588948e+08  6.921594e+03   9930128   1
       956   6.253925e+08  2.590302e+08  6.932128e+03   9940385   1
       957   1.924887e+08  2.590397e+08  6.942909e+03   9950810   1
       958   2.624642e+08  2.590536e+08  6.953731e+03   9961093   1
       959   2.494994e+08  2.590566e+08  6.964460e+03   9971513   1
       960   2.824397e+08  2.590590e+08  6.975289e+03   9981774   1
       961   3.005290e+08  2.592139e+08  6.986052e+03   9992455   1
       962   2.610371e+08  2.593499e+08  6.996837e+03  10002929   1
       963   1.711179e+08  2.593627e+08  7.007616e+03  10013175   1
       964   2.177522e+08  2.593970e+08  7.018485e+03  10023532   1
       965   3.015252e+08  2.594020e+08  7.029305e+03  10033998   1
       966   4.667501e+08  2.594044e+08  7.040037e+03  10044501   1
       967   3.715039e+08  2.594295e+08  7.050965e+03  10054773   1
       968   1.613490e+08  2.594417e+08  7.062158e+03  10065040   1
       969   5.016926e+08  2.594427e+08  7.073336e+03  10075648   1
       970   4.386717e+08  2.594482e+08  7.084202e+03  10086317   1
       971   4.025682e+08  2.594559e+08  7.095298e+03  10096951   1
       972   2.328030e+08  2.594570e+08  7.119312e+03  10107250   1
       973   1.969286e+08  2.595093e+08  7.130063e+03  10117976   1
       974   2.991974e+08  2.595135e+08  7.140797e+03  10127944   1
       975   2.771743e+08  2.595538e+08  7.151798e+03  10138506   1
       976   4.209188e+08  2.595653e+08  7.162736e+03  10148939   1
       977   5.507256e+08  2.595653e+08  7.173566e+03  10159150   1
       978   2.732128e+08  2.596548e+08  7.184499e+03  10169679   1
       979   2.136246e+08  2.596578e+08  7.195410e+03  10179907   1
       980   2.619861e+08  2.596802e+08  7.206399e+03  10189951   1
-------------------------------------------------------------------
status         : time_limit
total time (s) : 7.206399e+03
total solves   : 10189951
best bound     :  2.596802e+08
simulation ci  :  3.825028e+08  1.181587e+07
numeric issues : 0
-------------------------------------------------------------------

 
                                        Time                    Allocations      
                                  
       Tot / % measured:            2.00h /  99.9%            835GiB /  99.9%    

 Section               ncalls     time    %tot     avg     alloc    %tot      avg
 
 backward_pass            980    1.99h   99.5%   7.32s    826GiB   99.1%   863MiB
   solve_subproblem     10.1M    2662s   36.9%   264s    511GiB   61.3%  53.2KiB
     get_dual_solution  10.1M    43.6s    0.6%  4.33s   14.4GiB    1.7%  1.50KiB
   prepare_backward...  1.96k    1.20s    0.0%   612s    313MiB    0.0%   163KiB
 forward_pass             980    31.7s    0.4%  32.3ms   6.84GiB    0.8%  7.15MiB
   solve_subproblem      118k    28.6s    0.4%   243s   5.99GiB    0.7%  53.4KiB
     get_dual_solution   118k    117ms    0.0%   992ns   62.8MiB    0.0%     560B
   sample_scenario        980   5.46ms    0.0%  5.57s    153KiB    0.0%     160B
 calculate_bound          980    2.48s    0.0%  2.53ms    839MiB    0.1%   877KiB
   get_dual_solution      980   1.28ms    0.0%  1.31s    536KiB    0.0%     560B
 


||||||||||||||||||||||||||||||||||||||||||||||||||||||||||||||||||||||||||||||||||||||||||||||||||||||||||||||||||||||||||||||||||||||||
SIMULATION RESULTS
LogLinearSDDP.NoSimulation()
markov
Lower bound: 2.5968024727218607e8
Statistical upper bound (confidence interval): 3.24451740360407e8  6.20876502883078e6
Pessimistic upper bound: 3.3066050538923776e8

||||||||||||||||||||||||||||||||||||||||||||||||||||||||||||||||||||||||||||||||||||||||||||||||||||||||||||||||||||||||||||||||||||||||
SIMULATION RESULTS
LogLinearSDDP.NoSimulation()
markov
Lower bound: 2.5968024727218607e8
Statistical upper bound (confidence interval): 2.0935600211802202e8  4.94946137197676e6
Pessimistic upper bound: 2.143054634899988e8

||||||||||||||||||||||||||||||||||||||||||||||||||||||||||||||||||||||||||||||||||||||||||||||||||||||||||||||||||||||||||||||||||||||||
SIMULATION RESULTS
LogLinearSDDP.NoSimulation()
custom_model
Lower bound: 2.5968024727218607e8
Statistical upper bound (confidence interval): 3.51096170268577e8  7.22028519781266e6
Pessimistic upper bound: 3.5831645546638966e8

||||||||||||||||||||||||||||||||||||||||||||||||||||||||||||||||||||||||||||||||||||||||||||||||||||||||||||||||||||||||||||||||||||||||
SIMULATION RESULTS
LogLinearSDDP.NoSimulation()
custom_model
Lower bound: 2.5968024727218607e8
Statistical upper bound (confidence interval): 2.3672948261340165e8  5.992037550669112e6
Pessimistic upper bound: 2.4272152016407076e8

||||||||||||||||||||||||||||||||||||||||||||||||||||||||||||||||||||||||||||||||||||||||||||||||||||||||||||||||||||||||||||||||||||||||
SIMULATION RESULTS
LogLinearSDDP.NoSimulation()
fitted_model
Lower bound: 2.5968024727218607e8
Statistical upper bound (confidence interval): 2.6234810794402453e8  4.361799413588682e6
Pessimistic upper bound: 2.667099073576132e8

||||||||||||||||||||||||||||||||||||||||||||||||||||||||||||||||||||||||||||||||||||||||||||||||||||||||||||||||||||||||||||||||||||||||
SIMULATION RESULTS
LogLinearSDDP.NoSimulation()
fitted_model
Lower bound: 2.5968024727218607e8
Statistical upper bound (confidence interval): 1.823323740030977e8  3.6838312053087065e6
Pessimistic upper bound: 1.8601620520840642e8

||||||||||||||||||||||||||||||||||||||||||||||||||||||||||||||||||||||||||||||||||||||||||||||||||||||||||||||||||||||||||||||||||||||||
SIMULATION RESULTS
LogLinearSDDP.NoSimulation()
shapiro_model
Lower bound: 2.5968024727218607e8
Statistical upper bound (confidence interval): 2.715214230543924e8  4.957624532255912e6
Pessimistic upper bound: 2.764790475866483e8

||||||||||||||||||||||||||||||||||||||||||||||||||||||||||||||||||||||||||||||||||||||||||||||||||||||||||||||||||||||||||||||||||||||||
SIMULATION RESULTS
LogLinearSDDP.NoSimulation()
shapiro_model
Lower bound: 2.5968024727218607e8
Statistical upper bound (confidence interval): 1.900018910553693e8  4.259380069845064e6
Pessimistic upper bound: 1.9426127112521434e8

||||||||||||||||||||||||||||||||||||||||||||||||||||||||||||||||||||||||||||||||||||||||||||||||||||||||||||||||||||||||||||||||||||||||
SIMULATION RESULTS
LogLinearSDDP.NoSimulation()
markov
Lower bound: 2.5939856098845348e8
Statistical upper bound (confidence interval): 4.8251303890588117e8  8.110906729054628e7
Pessimistic upper bound: 5.636221061964275e8

||||||||||||||||||||||||||||||||||||||||||||||||||||||||||||||||||||||||||||||||||||||||||||||||||||||||||||||||||||||||||||||||||||||||
SIMULATION RESULTS
LogLinearSDDP.NoSimulation()
markov
Lower bound: 2.5939856098845348e8
Statistical upper bound (confidence interval): 3.1620109904471475e8  6.60439477051169e7
Pessimistic upper bound: 3.822450467498317e8
