||||||||||||||||||||||||||||||||||||||||||||||||||||||||||||||||||||||||||||||||||||||||||||||||||||||||||||||||||||||||||||||||||||||||
PATH
calling 
C:\Users\cg4102\Documents\New LogLinearSDDP\LogLinearSDDP.jl\Examples\Hydrothermal
C:\Users\cg4102\Documents\New LogLinearSDDP\LogLinearSDDP.jl\Examples\Hydrothermal\run_model_markov.jl
DATETIME
2025-04-29T00:14:06.918
RUN DESCRIPTION
LogLinearSDDP.AlgoParams(SDDP.AbstractStoppingRule[SDDP.TimeLimit(7200.0)], LogLinearSDDP.NoSimulation(), false, 2, 1, "C:/Users/cg4102/Documents/julia_logs/Cut-sharing Re-Run (2h)/Run_MC-SDDP_fitted_model_22222/MC-SDDP.log", false, false, false, 22222, "MC-SDDP: 100 nodes, fitted_model", :fitted_model)
-------------------------------------------------------------------
         SDDP.jl (c) Oscar Dowson and contributors, 2017-23
-------------------------------------------------------------------
problem
  nodes           : 11901
  state variables : 4
  scenarios       : 6.68857e+229
  existing cuts   : false
options
  solver          : serial mode
  risk measure    : SDDP.Expectation()
  sampling scheme : SDDP.Historical{String, Dict{String, Float64}}
subproblem structure
  VariableRef                                  : [142, 142]
  JuMP.AffExpr in MOI.EqualTo{Float64}         : [13, 13]
  JuMP.VariableRef in MOI.GreaterThan{Float64} : [138, 138]
  JuMP.VariableRef in MOI.LessThan{Float64}    : [129, 130]
-------------------------------------------------------------------
 iteration    simulation      bound        time (s)     solves  pid
-------------------------------------------------------------------
         1   1.830129e+09  6.766478e+05  6.465000e+00     10317   1
         2   1.155488e+09  1.295571e+06  1.283300e+01     20831   1
         3   1.076716e+09  7.755260e+06  1.606700e+01     31271   1
         4   8.378786e+08  8.730074e+06  1.910300e+01     41773   1
         5   7.040198e+08  2.117229e+07  2.223700e+01     52567   1
         6   4.919179e+08  2.377473e+07  2.525500e+01     62889   1
         7   3.237818e+08  2.457682e+07  2.838900e+01     73168   1
         8   5.668763e+08  3.319760e+07  3.149300e+01     83595   1
         9   2.863907e+08  3.320321e+07  3.453800e+01     93931   1
        10   5.714941e+08  3.332177e+07  3.746200e+01    104316   1
        11   6.684785e+08  3.359809e+07  4.058600e+01    115013   1
        12   3.327370e+08  3.423059e+07  4.377300e+01    125405   1
        13   4.194547e+08  3.642414e+07  4.678100e+01    135950   1
        14   4.249659e+08  3.653109e+07  4.960900e+01    146268   1
        15   3.444181e+08  4.106668e+07  5.255900e+01    156635   1
        16   6.609018e+08  4.517860e+07  5.553700e+01    166379   1
        17   3.215235e+08  4.763350e+07  5.870800e+01    176877   1
        18   5.605606e+08  5.122632e+07  6.174200e+01    187530   1
        19   2.631625e+08  5.406214e+07  6.492400e+01    198116   1
        20   3.116808e+08  5.581284e+07  6.795100e+01    208514   1
        21   4.236002e+08  5.655291e+07  7.101800e+01    219247   1
        22   4.651273e+08  5.778971e+07  7.390200e+01    229141   1
        23   5.473889e+08  6.099430e+07  7.691100e+01    239451   1
        24   3.847809e+08  6.414206e+07  8.000600e+01    249731   1
        25   1.868219e+08  6.646242e+07  8.297900e+01    259534   1
        26   2.382194e+08  6.647246e+07  8.617300e+01    269870   1
        27   2.276144e+08  6.654467e+07  8.914400e+01    280237   1
        28   4.894872e+08  6.680477e+07  9.218700e+01    290374   1
        29   1.870172e+08  6.955115e+07  9.522700e+01    300451   1
        30   1.772680e+08  6.990843e+07  9.852600e+01    310532   1
        31   1.887366e+08  7.346063e+07  1.019490e+02    320992   1
        32   2.026619e+08  7.423327e+07  1.054270e+02    331470   1
        33   2.331858e+08  7.425076e+07  1.113190e+02    341503   1
        34   1.586507e+08  7.502354e+07  1.143650e+02    351828   1
        35   2.280670e+08  7.611660e+07  1.174050e+02    362316   1
        36   3.345025e+08  7.617627e+07  1.203000e+02    372297   1
        37   6.170664e+08  7.721599e+07  1.231640e+02    382217   1
        38   3.171273e+08  8.306395e+07  1.261600e+02    392510   1
        39   3.876267e+08  8.414344e+07  1.290710e+02    402747   1
        40   2.202674e+08  8.987345e+07  1.322730e+02    413443   1
        41   6.623480e+08  9.201714e+07  1.354310e+02    423944   1
        42   1.150626e+09  9.904137e+07  1.384130e+02    434184   1
        43   5.071652e+08  1.025673e+08  1.415320e+02    444548   1
        44   2.582142e+08  1.027355e+08  1.447060e+02    455086   1
        45   1.991781e+08  1.034474e+08  1.479480e+02    465625   1
        46   4.826535e+08  1.074294e+08  1.509950e+02    476128   1
        47   3.088772e+08  1.086936e+08  1.541690e+02    486755   1
        48   2.901722e+08  1.088814e+08  1.573120e+02    497406   1
        49   1.825216e+08  1.098098e+08  1.603810e+02    507618   1
        50   1.971527e+08  1.106888e+08  1.636070e+02    518013   1
        51   4.077347e+08  1.107762e+08  1.667030e+02    528195   1
        52   1.612311e+08  1.115777e+08  1.699930e+02    538635   1
        53   2.899319e+08  1.125287e+08  1.732870e+02    549194   1
        54   1.933671e+08  1.128491e+08  1.766050e+02    559673   1
        55   1.910038e+08  1.128530e+08  1.797890e+02    570133   1
        56   2.134368e+08  1.131179e+08  1.830480e+02    580617   1
        57   3.482633e+08  1.134237e+08  1.863440e+02    591062   1
        58   3.276398e+08  1.134670e+08  1.895900e+02    601649   1
        59   8.214350e+08  1.134785e+08  1.927180e+02    611892   1
        60   3.558087e+08  1.137092e+08  1.959040e+02    622203   1
        61   3.768482e+08  1.137669e+08  1.991670e+02    632576   1
        62   2.066894e+08  1.139204e+08  2.024410e+02    643177   1
        63   4.716950e+08  1.140231e+08  2.056630e+02    653686   1
        64   3.048668e+08  1.142334e+08  2.118210e+02    664418   1
        65   2.471323e+08  1.181193e+08  2.150140e+02    674842   1
        66   3.139648e+08  1.183740e+08  2.182420e+02    685325   1
        67   2.990819e+08  1.186335e+08  2.213170e+02    695291   1
        68   7.946571e+08  1.195887e+08  2.244290e+02    705433   1
        69   1.764961e+08  1.211619e+08  2.275840e+02    715616   1
        70   2.021421e+08  1.242011e+08  2.310570e+02    726107   1
        71   1.676102e+08  1.294912e+08  2.343640e+02    736173   1
        72   3.689120e+08  1.299884e+08  2.375280e+02    746361   1
        73   3.005152e+08  1.341491e+08  2.409680e+02    757155   1
        74   1.418376e+08  1.345694e+08  2.442300e+02    767403   1
        75   2.575588e+08  1.354575e+08  2.474270e+02    777799   1
        76   1.822410e+08  1.359912e+08  2.505570e+02    787522   1
        77   5.615276e+08  1.362327e+08  2.538140e+02    797856   1
        78   4.037304e+08  1.363960e+08  2.570330e+02    808084   1
        79   4.336764e+08  1.377920e+08  2.603000e+02    818509   1
        80   3.320431e+08  1.380080e+08  2.635550e+02    828924   1
        81   2.251402e+08  1.397741e+08  2.669080e+02    839357   1
        82   2.938153e+08  1.403321e+08  2.702590e+02    849689   1
        83   2.577817e+08  1.410555e+08  2.736850e+02    860240   1
        84   1.994266e+08  1.413099e+08  2.770390e+02    870243   1
        85   2.832903e+08  1.429970e+08  2.804090e+02    880592   1
        86   2.434656e+08  1.431948e+08  2.839400e+02    891231   1
        87   1.446712e+08  1.432021e+08  2.872010e+02    900772   1
        88   2.316406e+08  1.432488e+08  2.906480e+02    911062   1
        89   1.855437e+08  1.433275e+08  2.939130e+02    920764   1
        90   3.597546e+08  1.464022e+08  2.973430e+02    931066   1
        91   3.742300e+08  1.465101e+08  3.008580e+02    941555   1
        92   2.085827e+08  1.465559e+08  3.043850e+02    952000   1
        93   2.420946e+08  1.471666e+08  3.106540e+02    962456   1
        94   2.989706e+08  1.507915e+08  3.140490e+02    973015   1
        95   2.775232e+08  1.508584e+08  3.174410e+02    983811   1
        96   1.650043e+08  1.515238e+08  3.208530e+02    994390   1
        97   3.232424e+08  1.519812e+08  3.242940e+02   1004983   1
        98   3.584591e+08  1.546387e+08  3.276920e+02   1015203   1
        99   2.649382e+08  1.556941e+08  3.311500e+02   1025749   1
       100   1.474248e+08  1.560211e+08  3.345790e+02   1036325   1
       101   2.979792e+08  1.561646e+08  3.380240e+02   1046915   1
       102   1.817591e+08  1.563460e+08  3.414890e+02   1057289   1
       103   6.846001e+08  1.566260e+08  3.449180e+02   1067701   1
       104   2.440770e+08  1.569937e+08  3.484650e+02   1078471   1
       105   3.065010e+08  1.577394e+08  3.518730e+02   1088390   1
       106   2.106159e+08  1.578887e+08  3.553090e+02   1098487   1
       107   3.644154e+08  1.582176e+08  3.588320e+02   1108993   1
       108   2.076516e+08  1.585200e+08  3.623730e+02   1119408   1
       109   8.456551e+08  1.587875e+08  3.658540e+02   1129718   1
       110   1.720264e+08  1.587976e+08  3.693850e+02   1139798   1
       111   3.283352e+08  1.591045e+08  3.730010e+02   1150182   1
       112   3.304370e+08  1.592012e+08  3.766110e+02   1160485   1
       113   4.371922e+08  1.592069e+08  3.802590e+02   1170714   1
       114   1.871925e+08  1.592234e+08  3.839270e+02   1181001   1
       115   5.216618e+08  1.594743e+08  3.875340e+02   1191436   1
       116   2.269031e+08  1.594898e+08  3.912320e+02   1202114   1
       117   3.059291e+08  1.597074e+08  3.949650e+02   1212797   1
       118   2.699808e+08  1.598690e+08  3.985310e+02   1222745   1
       119   2.474551e+08  1.612319e+08  4.023160e+02   1233179   1
       120   3.000513e+08  1.615380e+08  4.060320e+02   1243601   1
       121   3.047582e+08  1.616695e+08  4.097700e+02   1254050   1
       122   2.025752e+08  1.624993e+08  4.165250e+02   1264012   1
       123   1.915107e+08  1.626571e+08  4.201190e+02   1274173   1
       124   2.196338e+08  1.630744e+08  4.237480e+02   1284756   1
       125   2.114658e+08  1.630845e+08  4.274560e+02   1295380   1
       126   4.406367e+08  1.632860e+08  4.311110e+02   1306028   1
       127   2.038612e+08  1.654511e+08  4.347580e+02   1316302   1
       128   3.312537e+08  1.655569e+08  4.383240e+02   1326305   1
       129   1.735618e+08  1.656169e+08  4.419980e+02   1336524   1
       130   2.243638e+08  1.660815e+08  4.457070e+02   1347221   1
       131   2.918448e+08  1.687511e+08  4.493400e+02   1357272   1
       132   7.008200e+08  1.701433e+08  4.530620e+02   1367738   1
       133   2.036871e+08  1.708039e+08  4.567720e+02   1378231   1
       134   5.005207e+08  1.708581e+08  4.604370e+02   1388493   1
       135   2.296581e+08  1.708710e+08  4.640970e+02   1398449   1
       136   2.839879e+08  1.718784e+08  4.679050e+02   1408955   1
       137   3.892168e+08  1.722432e+08  4.716190e+02   1419563   1
       138   2.958210e+08  1.723649e+08  4.753550e+02   1429851   1
       139   2.767712e+08  1.735429e+08  4.791540e+02   1440049   1
       140   2.113680e+08  1.735493e+08  4.830930e+02   1450745   1
       141   1.691571e+08  1.737978e+08  4.869550e+02   1460926   1
       142   3.301902e+08  1.738705e+08  4.907660e+02   1471048   1
       143   3.070473e+08  1.738802e+08  4.946950e+02   1481369   1
       144   2.540548e+08  1.746223e+08  4.986240e+02   1491841   1
       145   2.809688e+08  1.779417e+08  5.025960e+02   1502356   1
       146   2.149441e+08  1.811004e+08  5.064470e+02   1512113   1
       147   1.724010e+08  1.811600e+08  5.104880e+02   1522496   1
       148   1.705107e+08  1.813682e+08  5.145300e+02   1532627   1
       149   2.517070e+08  1.823352e+08  5.185320e+02   1543074   1
       150   2.463913e+08  1.823544e+08  5.224080e+02   1553154   1
       151   1.720243e+08  1.832584e+08  5.264570e+02   1563511   1
       152   2.948335e+08  1.834578e+08  5.441870e+02   1573939   1
       153   1.725124e+08  1.838225e+08  5.482660e+02   1584283   1
       154   3.950483e+08  1.846584e+08  5.521670e+02   1594569   1
       155   3.533690e+08  1.851663e+08  5.560190e+02   1605161   1
       156   3.322628e+08  1.863192e+08  5.600200e+02   1615674   1
       157   2.626720e+08  1.863214e+08  5.638910e+02   1625810   1
       158   1.748519e+08  1.866549e+08  5.678740e+02   1636243   1
       159   1.978550e+08  1.867192e+08  5.717490e+02   1646592   1
       160   4.049864e+08  1.867234e+08  5.756050e+02   1656800   1
       161   2.075681e+08  1.871296e+08  5.796080e+02   1667309   1
       162   3.350961e+08  1.871776e+08  5.835360e+02   1677605   1
       163   4.103928e+08  1.872712e+08  5.874600e+02   1687777   1
       164   2.230305e+08  1.874888e+08  5.915920e+02   1698255   1
       165   5.681713e+08  1.875004e+08  5.956010e+02   1708893   1
       166   2.025320e+08  1.875384e+08  5.995710e+02   1719258   1
       167   1.683025e+08  1.875478e+08  6.035380e+02   1729443   1
       168   2.157243e+08  1.875596e+08  6.076120e+02   1739597   1
       169   2.054326e+08  1.875998e+08  6.118320e+02   1749854   1
       170   1.828055e+08  1.877818e+08  6.161650e+02   1760379   1
       171   2.644815e+08  1.877843e+08  6.204590e+02   1770567   1
       172   1.658651e+08  1.885429e+08  6.247970e+02   1780773   1
       173   5.268139e+08  1.885575e+08  6.290620e+02   1791317   1
       174   2.225444e+08  1.890772e+08  6.385190e+02   1801617   1
       175   4.702650e+08  1.890777e+08  6.425060e+02   1811748   1
       176   2.504611e+08  1.897551e+08  6.464590e+02   1821689   1
       177   1.517414e+08  1.901074e+08  6.505500e+02   1832347   1
       178   1.656779e+08  1.903120e+08  6.546560e+02   1842586   1
       179   2.681332e+08  1.908500e+08  6.587980e+02   1853181   1
       180   7.374821e+08  1.908875e+08  6.628080e+02   1863365   1
       181   1.747431e+08  1.918384e+08  6.669370e+02   1873673   1
       182   2.174978e+08  1.918485e+08  6.711080e+02   1883857   1
       183   2.239109e+08  1.940065e+08  6.753860e+02   1894252   1
       184   2.453492e+08  1.940544e+08  6.797120e+02   1904706   1
       185   1.683401e+08  1.940570e+08  6.840100e+02   1915319   1
       186   3.962047e+08  1.943255e+08  6.881960e+02   1925409   1
       187   1.932903e+08  1.945473e+08  6.927280e+02   1935735   1
       188   2.232145e+08  1.947558e+08  6.970880e+02   1945804   1
       189   2.204110e+08  1.949423e+08  7.015640e+02   1955934   1
       190   3.411173e+08  1.949460e+08  7.060850e+02   1966201   1
       191   2.101223e+08  1.949667e+08  7.105970e+02   1976730   1
       192   2.322850e+08  1.950435e+08  7.192650e+02   1987335   1
       193   4.220215e+08  1.952460e+08  7.234680e+02   1997906   1
       194   2.463459e+08  1.952558e+08  7.276730e+02   2008473   1
       195   2.778027e+08  1.952685e+08  7.319790e+02   2019020   1
       196   3.979562e+08  1.953124e+08  7.362500e+02   2029322   1
       197   2.535760e+08  1.953183e+08  7.405630e+02   2039725   1
       198   2.320697e+08  1.953867e+08  7.448540e+02   2050110   1
       199   1.841126e+08  1.953905e+08  7.492160e+02   2060794   1
       200   2.445637e+08  1.966097e+08  7.536460e+02   2071284   1
       201   2.209129e+08  1.966163e+08  7.581250e+02   2081822   1
       202   2.219256e+08  1.966579e+08  7.626270e+02   2092452   1
       203   2.804874e+08  1.966632e+08  7.671130e+02   2103063   1
       204   5.490665e+08  1.966696e+08  7.715590e+02   2113565   1
       205   1.982247e+08  1.966865e+08  7.761120e+02   2123879   1
       206   2.966494e+08  1.967827e+08  7.848530e+02   2134186   1
       207   1.927925e+08  1.968565e+08  7.891960e+02   2144730   1
       208   1.961819e+08  1.969023e+08  7.934100e+02   2154418   1
       209   2.930714e+08  1.969025e+08  7.977770e+02   2164959   1
       210   2.310679e+08  1.969929e+08  8.022170e+02   2175428   1
       211   4.140661e+08  1.971665e+08  8.066420e+02   2185857   1
       212   2.353677e+08  1.971671e+08  8.111460e+02   2196427   1
       213   2.339358e+08  1.971676e+08  8.155680e+02   2206652   1
       214   2.256313e+08  1.973475e+08  8.200430e+02   2216994   1
       215   3.522445e+08  1.973587e+08  8.245920e+02   2227428   1
       216   2.070469e+08  1.973807e+08  8.291540e+02   2237907   1
       217   3.895513e+08  1.975101e+08  8.335450e+02   2247421   1
       218   4.748406e+08  1.975703e+08  8.380770e+02   2257313   1
       219   4.723999e+08  1.978416e+08  8.469000e+02   2267516   1
       220   3.398839e+08  1.982587e+08  8.514180e+02   2277954   1
       221   3.215291e+08  1.983371e+08  8.559230e+02   2288268   1
       222   5.243715e+08  1.983371e+08  8.603080e+02   2298489   1
       223   5.523003e+08  1.986670e+08  8.648220e+02   2309009   1
       224   5.136869e+08  1.991396e+08  8.692970e+02   2319258   1
       225   2.139083e+08  1.991936e+08  8.738450e+02   2329745   1
       226   1.653131e+08  1.991978e+08  8.784020e+02   2339800   1
       227   2.537069e+08  1.993012e+08  8.830180e+02   2350199   1
       228   2.132388e+08  1.993164e+08  8.877030e+02   2360849   1
       229   2.398527e+08  1.994027e+08  8.923610e+02   2371341   1
       230   2.075974e+08  1.994141e+08  8.969830e+02   2381364   1
       231   2.047265e+08  1.994142e+08  9.059210e+02   2391506   1
       232   3.114017e+08  1.997076e+08  9.104920e+02   2401992   1
       233   1.696005e+08  2.000064e+08  9.150330e+02   2411922   1
       234   1.716492e+08  2.000177e+08  9.196110e+02   2422072   1
       235   4.846943e+08  2.007791e+08  9.241980e+02   2432307   1
       236   1.567515e+08  2.013691e+08  9.289000e+02   2442791   1
       237   2.186933e+08  2.015327e+08  9.335570e+02   2453325   1
       238   3.520364e+08  2.018973e+08  9.381820e+02   2463490   1
       239   3.154483e+08  2.019285e+08  9.429570e+02   2474000   1
       240   5.861790e+08  2.020461e+08  9.476850e+02   2484545   1
       241   2.621396e+08  2.020536e+08  9.569510e+02   2494961   1
       242   2.561589e+08  2.020536e+08  9.616090e+02   2505571   1
       243   4.129037e+08  2.020539e+08  9.662120e+02   2516070   1
       244   1.663924e+08  2.020812e+08  9.708720e+02   2526157   1
       245   1.726981e+08  2.024131e+08  9.756240e+02   2536579   1
       246   2.149908e+08  2.024136e+08  9.803270e+02   2546821   1
       247   1.999212e+08  2.024199e+08  9.850340e+02   2556845   1
       248   2.024688e+08  2.024271e+08  9.896410e+02   2566468   1
       249   5.616779e+08  2.025807e+08  9.943800e+02   2576646   1
       250   2.404926e+08  2.026610e+08  9.992210e+02   2586983   1
       251   4.835196e+08  2.035312e+08  1.004179e+03   2597625   1
       252   1.617427e+08  2.036183e+08  1.013485e+03   2607960   1
       253   1.857418e+08  2.037558e+08  1.018222e+03   2618199   1
       254   3.891458e+08  2.041822e+08  1.022961e+03   2628571   1
       255   1.653966e+08  2.043293e+08  1.027808e+03   2638917   1
       256   2.825316e+08  2.048012e+08  1.032544e+03   2648887   1
       257   1.984285e+08  2.049333e+08  1.037379e+03   2659504   1
       258   4.414566e+08  2.049778e+08  1.042171e+03   2669565   1
       259   5.682628e+08  2.051732e+08  1.046942e+03   2679840   1
       260   2.936209e+08  2.054581e+08  1.051948e+03   2690427   1
       261   1.826106e+08  2.054617e+08  1.056863e+03   2700166   1
       262   3.399291e+08  2.054907e+08  1.066387e+03   2710392   1
       263   2.365467e+08  2.054914e+08  1.071271e+03   2721071   1
       264   2.496203e+08  2.061284e+08  1.076106e+03   2731617   1
       265   2.529642e+08  2.064428e+08  1.080945e+03   2741683   1
       266   2.492955e+08  2.065914e+08  1.085809e+03   2752050   1
       267   4.129146e+08  2.074881e+08  1.090725e+03   2762745   1
       268   1.616474e+08  2.074895e+08  1.095664e+03   2772720   1
       269   2.016224e+08  2.075209e+08  1.100584e+03   2782803   1
       270   2.746751e+08  2.079054e+08  1.105588e+03   2793389   1
       271   9.501225e+08  2.085873e+08  1.110484e+03   2803534   1
       272   2.550915e+08  2.086997e+08  1.120240e+03   2813957   1
       273   1.542732e+08  2.087351e+08  1.125173e+03   2823750   1
       274   2.658193e+08  2.090813e+08  1.130220e+03   2834380   1
       275   3.838795e+08  2.096621e+08  1.135112e+03   2844857   1
       276   1.437908e+08  2.096621e+08  1.140137e+03   2855398   1
       277   2.337553e+08  2.098742e+08  1.145048e+03   2865410   1
       278   3.708530e+08  2.101897e+08  1.150121e+03   2876150   1
       279   1.865032e+08  2.107516e+08  1.155136e+03   2886435   1
       280   2.019182e+08  2.108006e+08  1.160218e+03   2896913   1
       281   2.957774e+08  2.108018e+08  1.165276e+03   2906926   1
       282   3.086204e+08  2.108442e+08  1.175112e+03   2916749   1
       283   3.000756e+08  2.109281e+08  1.180078e+03   2926852   1
       284   1.942977e+08  2.110688e+08  1.185101e+03   2937468   1
       285   2.321232e+08  2.113821e+08  1.190141e+03   2947449   1
       286   2.926604e+08  2.114811e+08  1.195250e+03   2957872   1
       287   4.809116e+08  2.119663e+08  1.200345e+03   2968267   1
       288   4.314122e+08  2.121156e+08  1.205416e+03   2978573   1
       289   1.933422e+08  2.121167e+08  1.210578e+03   2989086   1
       290   1.773271e+08  2.121298e+08  1.215751e+03   2999527   1
       291   5.887710e+08  2.121440e+08  1.220962e+03   3009837   1
       292   3.132121e+08  2.122091e+08  1.231110e+03   3020178   1
       293   3.477601e+08  2.123292e+08  1.236185e+03   3030804   1
       294   8.756939e+08  2.126207e+08  1.241168e+03   3041266   1
       295   1.945974e+08  2.126238e+08  1.246293e+03   3051491   1
       296   2.627060e+08  2.126973e+08  1.251450e+03   3061913   1
       297   2.034833e+08  2.128187e+08  1.256597e+03   3072333   1
       298   3.731571e+08  2.128247e+08  1.261813e+03   3082483   1
       299   1.836848e+08  2.129968e+08  1.266965e+03   3092384   1
       300   1.835438e+08  2.130200e+08  1.272311e+03   3103033   1
       301   1.563371e+08  2.131438e+08  1.277541e+03   3113189   1
       302   1.908287e+08  2.131601e+08  1.287995e+03   3123640   1
       303   2.420202e+08  2.131779e+08  1.293154e+03   3133941   1
       304   1.500628e+08  2.135582e+08  1.298325e+03   3143960   1
       305   2.502137e+08  2.137265e+08  1.303628e+03   3154682   1
       306   2.033541e+08  2.137423e+08  1.308813e+03   3164657   1
       307   4.773688e+08  2.141932e+08  1.314062e+03   3174985   1
       308   2.456239e+08  2.143419e+08  1.319385e+03   3185328   1
       309   3.081658e+08  2.143586e+08  1.324761e+03   3195785   1
       310   1.581831e+08  2.146272e+08  1.330130e+03   3206139   1
       311   4.478348e+08  2.147508e+08  1.335471e+03   3216820   1
       312   2.245874e+08  2.147791e+08  1.340892e+03   3227159   1
       313   1.653672e+08  2.148059e+08  1.351243e+03   3237293   1
       314   6.063623e+08  2.155771e+08  1.356470e+03   3247328   1
       315   3.074662e+08  2.157053e+08  1.361807e+03   3257835   1
       316   3.871145e+08  2.157252e+08  1.367118e+03   3268082   1
       317   2.228203e+08  2.158366e+08  1.372404e+03   3278290   1
       318   1.718274e+08  2.160439e+08  1.377716e+03   3288494   1
       319   2.025297e+08  2.161606e+08  1.383139e+03   3298987   1
       320   1.913197e+08  2.161637e+08  1.388594e+03   3309245   1
       321   3.081601e+08  2.161691e+08  1.394022e+03   3319290   1
       322   2.335727e+08  2.161859e+08  1.399496e+03   3329517   1
       323   3.181690e+08  2.164339e+08  1.410161e+03   3339526   1
       324   3.885502e+08  2.167429e+08  1.415465e+03   3349721   1
       325   1.696847e+08  2.168286e+08  1.420787e+03   3360106   1
       326   1.639825e+08  2.171203e+08  1.426245e+03   3370202   1
       327   4.093034e+08  2.171540e+08  1.431652e+03   3380430   1
       328   3.939751e+08  2.180103e+08  1.437060e+03   3390154   1
       329   2.641692e+08  2.183766e+08  1.442432e+03   3400166   1
       330   1.724670e+08  2.184055e+08  1.447849e+03   3410796   1
       331   1.883686e+08  2.184058e+08  1.453458e+03   3421482   1
       332   1.421216e+08  2.188720e+08  1.459060e+03   3431670   1
       333   6.727694e+08  2.191823e+08  1.469969e+03   3441743   1
       334   3.361571e+08  2.197795e+08  1.475424e+03   3451741   1
       335   2.124439e+08  2.198260e+08  1.480939e+03   3462003   1
       336   1.993216e+08  2.198649e+08  1.486390e+03   3472280   1
       337   2.220291e+08  2.198658e+08  1.492035e+03   3482821   1
       338   5.780609e+08  2.200491e+08  1.497489e+03   3493281   1
       339   2.446439e+08  2.200499e+08  1.503035e+03   3503302   1
       340   1.889681e+08  2.200709e+08  1.508598e+03   3513798   1
       341   1.531046e+08  2.200717e+08  1.514107e+03   3523689   1
       342   7.777121e+08  2.201379e+08  1.519722e+03   3534293   1
       343   1.797465e+08  2.201669e+08  1.525443e+03   3544832   1
       344   2.390401e+08  2.201703e+08  1.536460e+03   3555385   1
       345   3.096512e+08  2.202090e+08  1.542009e+03   3565713   1
       346   2.849132e+08  2.202097e+08  1.547602e+03   3576376   1
       347   3.200311e+08  2.207811e+08  1.553129e+03   3586835   1
       348   2.381206e+08  2.209721e+08  1.558778e+03   3597078   1
       349   1.943479e+08  2.210823e+08  1.564376e+03   3607269   1
       350   2.248727e+08  2.219586e+08  1.570039e+03   3617545   1
       351   3.317227e+08  2.219591e+08  1.575705e+03   3628238   1
       352   2.502302e+08  2.219937e+08  1.581432e+03   3638305   1
       353   1.607727e+08  2.221737e+08  1.587212e+03   3648172   1
       354   2.205812e+08  2.224917e+08  1.593052e+03   3658695   1
       355   1.805541e+08  2.227185e+08  1.604262e+03   3668763   1
       356   2.326453e+08  2.227743e+08  1.609812e+03   3678805   1
       357   1.873349e+08  2.227758e+08  1.615503e+03   3689096   1
       358   2.039003e+08  2.227945e+08  1.621138e+03   3699332   1
       359   1.909414e+08  2.232406e+08  1.626873e+03   3709475   1
       360   2.673142e+08  2.232956e+08  1.632657e+03   3719821   1
       361   2.180369e+08  2.233334e+08  1.638359e+03   3729911   1
       362   1.808985e+08  2.233371e+08  1.643975e+03   3739799   1
       363   1.967979e+08  2.234347e+08  1.649660e+03   3749741   1
       364   3.294877e+08  2.235450e+08  1.655530e+03   3760159   1
       365   2.037574e+08  2.236373e+08  1.667311e+03   3770577   1
       366   2.799569e+08  2.236450e+08  1.673015e+03   3780924   1
       367   2.146149e+08  2.238400e+08  1.678672e+03   3790999   1
       368   2.557339e+08  2.238489e+08  1.684388e+03   3801313   1
       369   2.735762e+08  2.238865e+08  1.690287e+03   3811806   1
       370   2.020558e+08  2.239278e+08  1.696038e+03   3821918   1
       371   3.099608e+08  2.239326e+08  1.701854e+03   3832297   1
       372   2.667324e+08  2.241627e+08  1.707683e+03   3842751   1
       373   2.112906e+08  2.242346e+08  1.713521e+03   3853153   1
       374   1.739129e+08  2.242570e+08  1.719415e+03   3863583   1
       375   1.914554e+08  2.243468e+08  1.725496e+03   3874399   1
       376   1.367484e+08  2.243679e+08  1.737392e+03   3884509   1
       377   2.341395e+08  2.244389e+08  1.743199e+03   3894991   1
       378   2.385442e+08  2.244774e+08  1.749048e+03   3905425   1
       379   1.835828e+08  2.244792e+08  1.755000e+03   3915753   1
       380   2.584160e+08  2.244990e+08  1.760940e+03   3926103   1
       381   2.878569e+08  2.245087e+08  1.766798e+03   3936210   1
       382   2.750183e+08  2.246430e+08  1.772753e+03   3946755   1
       383   2.888509e+08  2.246431e+08  1.778679e+03   3957102   1
       384   2.779319e+08  2.247112e+08  1.784642e+03   3967578   1
       385   2.452933e+08  2.247115e+08  1.790666e+03   3977830   1
       386   2.802789e+08  2.247244e+08  1.796647e+03   3988353   1
       387   2.848382e+08  2.247250e+08  1.808577e+03   3998854   1
       388   2.714646e+08  2.251651e+08  1.814556e+03   4009450   1
       389   2.378294e+08  2.251666e+08  1.820525e+03   4019906   1
       390   2.652027e+08  2.251768e+08  1.826458e+03   4030714   1
       391   2.219149e+08  2.253495e+08  1.832467e+03   4041172   1
       392   4.625732e+08  2.253509e+08  1.838482e+03   4051718   1
       393   1.986275e+08  2.253748e+08  1.844452e+03   4062170   1
       394   3.169086e+08  2.255365e+08  1.850427e+03   4072363   1
       395   2.658492e+08  2.256103e+08  1.856429e+03   4082825   1
       396   1.538227e+08  2.256105e+08  1.862469e+03   4092796   1
       397   1.853852e+08  2.256140e+08  1.868614e+03   4103030   1
       398   1.691363e+08  2.256631e+08  1.880867e+03   4113086   1
       399   1.998673e+08  2.257841e+08  1.886907e+03   4123599   1
       400   2.078341e+08  2.259100e+08  1.892872e+03   4134212   1
       401   1.405306e+08  2.261112e+08  1.898871e+03   4144514   1
       402   3.253457e+08  2.261487e+08  1.905001e+03   4154982   1
       403   4.260933e+08  2.262597e+08  1.911041e+03   4165505   1
       404   3.977752e+08  2.266691e+08  1.917150e+03   4176001   1
       405   4.047314e+08  2.266697e+08  1.923175e+03   4186317   1
       406   1.804542e+08  2.266704e+08  1.929304e+03   4196706   1
       407   1.978949e+08  2.270332e+08  1.935492e+03   4207304   1
       408   3.714580e+08  2.270420e+08  1.941692e+03   4217479   1
       409   6.403321e+08  2.272281e+08  1.947940e+03   4228105   1
       410   2.303920e+08  2.272396e+08  1.960343e+03   4238280   1
       411   2.337778e+08  2.273191e+08  1.966495e+03   4248754   1
       412   3.930394e+08  2.273615e+08  1.972554e+03   4258845   1
       413   2.742123e+08  2.273643e+08  1.978743e+03   4268999   1
       414   2.133313e+08  2.274627e+08  1.984923e+03   4279694   1
       415   3.583249e+08  2.274729e+08  1.991073e+03   4290177   1
       416   1.849261e+08  2.278318e+08  1.997281e+03   4300682   1
       417   2.277853e+08  2.278578e+08  2.003415e+03   4310970   1
       418   2.062177e+08  2.286177e+08  2.009597e+03   4321419   1
       419   1.898478e+08  2.286232e+08  2.015997e+03   4331844   1
       420   1.979514e+08  2.286813e+08  2.022364e+03   4342402   1
       421   2.278601e+08  2.287235e+08  2.035150e+03   4352948   1
       422   3.821611e+08  2.287339e+08  2.041318e+03   4363323   1
       423   2.355432e+08  2.287382e+08  2.047476e+03   4373410   1
       424   2.191818e+08  2.287407e+08  2.053650e+03   4383698   1
       425   1.657216e+08  2.287421e+08  2.059947e+03   4394139   1
       426   2.339598e+08  2.288326e+08  2.066260e+03   4404660   1
       427   1.885547e+08  2.288357e+08  2.072490e+03   4414761   1
       428   6.363749e+08  2.289507e+08  2.078680e+03   4425123   1
       429   2.073259e+08  2.289555e+08  2.085016e+03   4435466   1
       430   1.878012e+08  2.289912e+08  2.091417e+03   4444989   1
       431   3.141599e+08  2.289923e+08  2.097820e+03   4455156   1
       432   1.711004e+08  2.293232e+08  2.104284e+03   4465299   1
       433   2.356051e+08  2.293506e+08  2.117166e+03   4475082   1
       434   2.804629e+08  2.295136e+08  2.123429e+03   4485198   1
       435   2.211943e+08  2.295487e+08  2.129742e+03   4495759   1
       436   2.067761e+08  2.295540e+08  2.136035e+03   4506095   1
       437   3.506564e+08  2.299383e+08  2.142339e+03   4516417   1
       438   3.295370e+08  2.300439e+08  2.148700e+03   4526967   1
       439   3.034432e+08  2.300451e+08  2.155137e+03   4537031   1
       440   1.814881e+08  2.301441e+08  2.161657e+03   4547519   1
       441   1.855843e+08  2.304675e+08  2.168184e+03   4558273   1
       442   1.984709e+08  2.305261e+08  2.174614e+03   4568486   1
       443   2.138660e+08  2.310261e+08  2.181184e+03   4578858   1
       444   2.218429e+08  2.310351e+08  2.194405e+03   4589269   1
       445   2.130638e+08  2.310799e+08  2.200713e+03   4599639   1
       446   2.011950e+08  2.311688e+08  2.207284e+03   4610133   1
       447   2.183499e+08  2.311688e+08  2.213697e+03   4620672   1
       448   1.550878e+08  2.312771e+08  2.220091e+03   4630417   1
       449   4.121266e+08  2.315153e+08  2.226511e+03   4640441   1
       450   1.800742e+08  2.315282e+08  2.233033e+03   4650702   1
       451   2.428341e+08  2.316262e+08  2.239502e+03   4661325   1
       452   2.331406e+08  2.319582e+08  2.246029e+03   4671693   1
       453   2.026369e+08  2.319941e+08  2.252585e+03   4682287   1
       454   2.356709e+08  2.320743e+08  2.259194e+03   4693034   1
       455   2.590891e+08  2.321144e+08  2.265847e+03   4703185   1
       456   3.580166e+08  2.321463e+08  2.279299e+03   4713490   1
       457   3.585898e+08  2.321800e+08  2.285716e+03   4723803   1
       458   1.843448e+08  2.321805e+08  2.292324e+03   4734259   1
       459   2.790268e+08  2.321813e+08  2.298753e+03   4744667   1
       460   1.941641e+08  2.324188e+08  2.305295e+03   4755157   1
       461   3.466883e+08  2.324215e+08  2.311627e+03   4765046   1
       462   5.149179e+08  2.326572e+08  2.318108e+03   4775309   1
       463   1.749541e+08  2.326592e+08  2.324761e+03   4785928   1
       464   1.830910e+08  2.328164e+08  2.331385e+03   4796569   1
       465   3.931846e+08  2.328265e+08  2.337989e+03   4807090   1
       466   3.581274e+08  2.328291e+08  2.344665e+03   4817403   1
       467   2.737904e+08  2.328324e+08  2.351337e+03   4827830   1
       468   5.072593e+08  2.330330e+08  2.365005e+03   4838173   1
       469   1.538413e+08  2.331371e+08  2.371624e+03   4848424   1
       470   2.072551e+08  2.331377e+08  2.378292e+03   4859022   1
       471   1.735081e+08  2.331779e+08  2.384894e+03   4869090   1
       472   1.600354e+08  2.331865e+08  2.391605e+03   4879404   1
       473   1.919893e+08  2.333770e+08  2.398224e+03   4889896   1
       474   2.198771e+08  2.333806e+08  2.404830e+03   4900089   1
       475   2.251778e+08  2.333917e+08  2.411515e+03   4910029   1
       476   2.005671e+08  2.334707e+08  2.418280e+03   4920583   1
       477   2.249082e+08  2.334742e+08  2.425071e+03   4930312   1
       478   3.158807e+08  2.337584e+08  2.431852e+03   4940514   1
       479   3.705640e+08  2.338791e+08  2.438707e+03   4950800   1
       480   2.047572e+08  2.338799e+08  2.452763e+03   4961188   1
       481   2.781026e+08  2.340628e+08  2.459472e+03   4971455   1
       482   3.622281e+08  2.340660e+08  2.466226e+03   4981941   1
       483   1.537958e+08  2.340950e+08  2.473083e+03   4992467   1
       484   2.993645e+08  2.341439e+08  2.479816e+03   5002438   1
       485   2.534525e+08  2.342825e+08  2.486630e+03   5012823   1
       486   2.491087e+08  2.343072e+08  2.493430e+03   5022970   1
       487   2.370776e+08  2.343210e+08  2.500155e+03   5032703   1
       488   1.965988e+08  2.343346e+08  2.507084e+03   5043292   1
       489   2.410609e+08  2.343429e+08  2.513916e+03   5053337   1
       490   2.327060e+08  2.344048e+08  2.520844e+03   5063671   1
       491   3.019539e+08  2.344085e+08  2.527771e+03   5074138   1
       492   2.145240e+08  2.345444e+08  2.541895e+03   5084441   1
       493   2.135978e+08  2.346167e+08  2.548744e+03   5094853   1
       494   3.500084e+08  2.346214e+08  2.555580e+03   5105042   1
       495   2.567006e+08  2.346594e+08  2.562497e+03   5115304   1
       496   2.402835e+08  2.346859e+08  2.569232e+03   5125534   1
       497   1.614580e+08  2.346954e+08  2.576124e+03   5135675   1
       498   2.386366e+08  2.347290e+08  2.582952e+03   5145767   1
       499   2.143243e+08  2.349083e+08  2.589808e+03   5155506   1
       500   4.076255e+08  2.350863e+08  2.596755e+03   5166133   1
       501   4.411183e+08  2.350944e+08  2.603671e+03   5176335   1
       502   2.542611e+08  2.351188e+08  2.610728e+03   5186800   1
       503   1.955579e+08  2.351448e+08  2.617813e+03   5196934   1
       504   2.423408e+08  2.351750e+08  2.632312e+03   5207255   1
       505   2.527981e+08  2.352364e+08  2.639231e+03   5217775   1
       506   2.842723e+08  2.352546e+08  2.646224e+03   5228356   1
       507   1.566500e+08  2.352565e+08  2.653143e+03   5238048   1
       508   7.260876e+08  2.353550e+08  2.660084e+03   5248273   1
       509   5.418918e+08  2.354694e+08  2.666925e+03   5258983   1
       510   2.867940e+08  2.355320e+08  2.673937e+03   5269493   1
       511   4.318888e+08  2.355330e+08  2.680812e+03   5279679   1
       512   2.673190e+08  2.356838e+08  2.687828e+03   5290082   1
       513   2.219958e+08  2.356839e+08  2.694893e+03   5300500   1
       514   1.768023e+08  2.357598e+08  2.702030e+03   5310583   1
       515   2.764730e+08  2.357653e+08  2.709152e+03   5321002   1
       516   2.173975e+08  2.357869e+08  2.716391e+03   5331613   1
       517   2.154241e+08  2.358553e+08  2.731168e+03   5341812   1
       518   2.547374e+08  2.358920e+08  2.738195e+03   5351974   1
       519   2.854461e+08  2.360051e+08  2.745227e+03   5362559   1
       520   2.454632e+08  2.360409e+08  2.752227e+03   5372782   1
       521   2.164838e+08  2.362072e+08  2.759284e+03   5382645   1
       522   2.426040e+08  2.362472e+08  2.766310e+03   5392732   1
       523   4.422585e+08  2.362528e+08  2.773376e+03   5402929   1
       524   2.028191e+08  2.362750e+08  2.780544e+03   5413137   1
       525   1.683917e+08  2.362760e+08  2.787767e+03   5423257   1
       526   1.729591e+08  2.363486e+08  2.795014e+03   5433706   1
       527   2.289944e+08  2.364499e+08  2.802204e+03   5444148   1
       528   2.011669e+08  2.364522e+08  2.809577e+03   5454612   1
       529   2.124779e+08  2.364568e+08  2.824405e+03   5465073   1
       530   2.192398e+08  2.365389e+08  2.831530e+03   5475527   1
       531   2.618784e+08  2.366509e+08  2.838599e+03   5485735   1
       532   1.601858e+08  2.366706e+08  2.845837e+03   5495962   1
       533   6.015279e+08  2.368919e+08  2.852995e+03   5506201   1
       534   2.602166e+08  2.370153e+08  2.860282e+03   5516705   1
       535   4.415884e+08  2.370165e+08  2.867456e+03   5526566   1
       536   3.624243e+08  2.370295e+08  2.874732e+03   5536644   1
       537   1.663852e+08  2.372769e+08  2.882183e+03   5547103   1
       538   2.803867e+08  2.372792e+08  2.889397e+03   5557479   1
       539   1.844414e+08  2.373858e+08  2.896663e+03   5567457   1
       540   3.010423e+08  2.374068e+08  2.903984e+03   5577879   1
       541   2.146129e+08  2.377140e+08  2.911506e+03   5587959   1
       542   3.532149e+08  2.377939e+08  2.926655e+03   5598475   1
       543   1.216700e+08  2.378527e+08  2.933765e+03   5608350   1
       544   3.952594e+08  2.379912e+08  2.940983e+03   5618505   1
       545   5.529663e+08  2.382185e+08  2.948233e+03   5628996   1
       546   2.203367e+08  2.382909e+08  2.955560e+03   5639565   1
       547   3.979232e+08  2.383590e+08  2.962836e+03   5649984   1
       548   2.983380e+08  2.383877e+08  2.970127e+03   5660555   1
       549   2.420748e+08  2.383906e+08  2.977281e+03   5670419   1
       550   3.395068e+08  2.383943e+08  2.984666e+03   5680686   1
       551   1.393105e+08  2.384047e+08  2.992096e+03   5690816   1
       552   1.847640e+08  2.385336e+08  2.999599e+03   5701119   1
       553   1.824622e+08  2.385356e+08  3.007077e+03   5711223   1
       554   2.287171e+08  2.385416e+08  3.014613e+03   5721489   1
       555   1.772668e+08  2.385429e+08  3.030102e+03   5731670   1
       556   2.278731e+08  2.386579e+08  3.037353e+03   5742115   1
       557   2.726850e+08  2.386603e+08  3.044747e+03   5752660   1
       558   1.962870e+08  2.386650e+08  3.052131e+03   5762862   1
       559   2.068962e+08  2.389311e+08  3.059515e+03   5773589   1
       560   2.038512e+08  2.389311e+08  3.066926e+03   5784300   1
       561   2.959658e+08  2.389567e+08  3.074302e+03   5794927   1
       562   3.074928e+08  2.390297e+08  3.081590e+03   5805171   1
       563   3.355539e+08  2.394938e+08  3.089101e+03   5815679   1
       564   3.473072e+08  2.395260e+08  3.096509e+03   5826344   1
       565   2.359356e+08  2.395280e+08  3.104095e+03   5836585   1
       566   4.001503e+08  2.396762e+08  3.111615e+03   5846715   1
       567   2.121382e+08  2.398022e+08  3.119297e+03   5857070   1
       568   2.169321e+08  2.398045e+08  3.134930e+03   5867341   1
       569   2.982556e+08  2.399652e+08  3.142347e+03   5877700   1
       570   1.838153e+08  2.399662e+08  3.149800e+03   5888132   1
       571   2.650817e+08  2.399691e+08  3.157304e+03   5898424   1
       572   2.155849e+08  2.401360e+08  3.164846e+03   5908768   1
       573   2.304917e+08  2.401403e+08  3.172374e+03   5919199   1
       574   1.718362e+08  2.401576e+08  3.179873e+03   5929610   1
       575   3.448011e+08  2.403662e+08  3.187343e+03   5939773   1
       576   2.870694e+08  2.403680e+08  3.194905e+03   5950607   1
       577   2.531665e+08  2.404767e+08  3.202477e+03   5961288   1
       578   2.413990e+08  2.405982e+08  3.210153e+03   5972081   1
       579   2.057600e+08  2.406567e+08  3.217789e+03   5982373   1
       580   1.708366e+08  2.406853e+08  3.225576e+03   5992825   1
       581   1.927226e+08  2.406856e+08  3.233410e+03   6003103   1
       582   4.645271e+08  2.406881e+08  3.249219e+03   6013475   1
       583   2.888014e+08  2.409796e+08  3.256807e+03   6024143   1
       584   9.464972e+08  2.409796e+08  3.264273e+03   6034327   1
       585   2.004779e+08  2.410026e+08  3.271938e+03   6044154   1
       586   2.348468e+08  2.411661e+08  3.279632e+03   6054924   1
       587   4.959627e+08  2.413232e+08  3.287250e+03   6065171   1
       588   2.001823e+08  2.413662e+08  3.295048e+03   6075669   1
       589   2.017060e+08  2.413665e+08  3.302686e+03   6085615   1
       590   2.932968e+08  2.414873e+08  3.310365e+03   6096147   1
       591   2.618686e+08  2.415116e+08  3.318107e+03   6106476   1
       592   2.273719e+08  2.417954e+08  3.325924e+03   6116796   1
       593   3.145097e+08  2.418505e+08  3.333778e+03   6127075   1
       594   2.076240e+08  2.418507e+08  3.341701e+03   6137413   1
       595   4.023808e+08  2.422898e+08  3.357947e+03   6147831   1
       596   5.366466e+08  2.425560e+08  3.365617e+03   6158347   1
       597   2.452519e+08  2.426341e+08  3.373322e+03   6168748   1
       598   2.982040e+08  2.426572e+08  3.381084e+03   6179214   1
       599   3.743835e+08  2.426576e+08  3.388844e+03   6189828   1
       600   2.328181e+08  2.428754e+08  3.396614e+03   6199949   1
       601   3.532322e+08  2.429073e+08  3.404295e+03   6210179   1
       602   2.751456e+08  2.429075e+08  3.412067e+03   6220346   1
       603   2.588681e+08  2.429331e+08  3.419894e+03   6231026   1
       604   3.800256e+08  2.429352e+08  3.427703e+03   6241453   1
       605   2.778197e+08  2.429930e+08  3.435511e+03   6251942   1
       606   2.208425e+08  2.429934e+08  3.443358e+03   6262567   1
       607   1.849824e+08  2.429976e+08  3.451324e+03   6272799   1
       608   4.481253e+08  2.431252e+08  3.459363e+03   6282859   1
       609   5.478541e+08  2.431502e+08  3.475778e+03   6293249   1
       610   5.075120e+08  2.433806e+08  3.483532e+03   6303794   1
       611   2.821426e+08  2.433812e+08  3.491348e+03   6314062   1
       612   3.740698e+08  2.433924e+08  3.499176e+03   6324566   1
       613   2.195685e+08  2.433960e+08  3.506996e+03   6334728   1
       614   1.557173e+08  2.434183e+08  3.514956e+03   6344909   1
       615   3.722856e+08  2.434444e+08  3.522775e+03   6355298   1
       616   2.205772e+08  2.434564e+08  3.530748e+03   6365832   1
       617   4.696765e+08  2.436041e+08  3.538540e+03   6376288   1
       618   4.161811e+08  2.436082e+08  3.546364e+03   6386939   1
       619   2.301991e+08  2.437176e+08  3.554378e+03   6397534   1
       620   2.461365e+08  2.437304e+08  3.562400e+03   6407911   1
       621   2.250047e+08  2.437596e+08  3.570519e+03   6418457   1
       622   2.277110e+08  2.437766e+08  3.578798e+03   6429106   1
       623   3.033236e+08  2.437782e+08  3.595406e+03   6439500   1
       624   2.709826e+08  2.437794e+08  3.603324e+03   6449756   1
       625   2.048524e+08  2.438637e+08  3.611314e+03   6460084   1
       626   1.365970e+08  2.438718e+08  3.619263e+03   6470504   1
       627   2.103424e+08  2.439428e+08  3.627169e+03   6480834   1
       628   2.153970e+08  2.439852e+08  3.635057e+03   6491252   1
       629   2.783604e+08  2.442994e+08  3.643007e+03   6501763   1
       630   2.541007e+08  2.445217e+08  3.650950e+03   6511999   1
       631   2.715009e+08  2.445258e+08  3.658850e+03   6522502   1
       632   4.348400e+08  2.445806e+08  3.666728e+03   6532967   1
       633   1.937503e+08  2.447079e+08  3.674868e+03   6543393   1
       634   1.874572e+08  2.448860e+08  3.683086e+03   6553846   1
       635   2.022724e+08  2.448899e+08  3.691318e+03   6564109   1
       636   4.072083e+08  2.449579e+08  3.699596e+03   6574704   1
       637   1.534855e+08  2.449617e+08  3.716790e+03   6584854   1
       638   1.833434e+08  2.450305e+08  3.724784e+03   6595091   1
       639   2.039049e+08  2.450342e+08  3.732819e+03   6605629   1
       640   3.045462e+08  2.451541e+08  3.740825e+03   6616024   1
       641   2.386132e+08  2.452952e+08  3.748924e+03   6626226   1
       642   3.393059e+08  2.454437e+08  3.756993e+03   6636443   1
       643   2.417295e+08  2.454610e+08  3.765185e+03   6646822   1
       644   2.443466e+08  2.455577e+08  3.773445e+03   6657212   1
       645   1.717655e+08  2.455646e+08  3.781687e+03   6667006   1
       646   3.073356e+08  2.456213e+08  3.789919e+03   6677438   1
       647   2.475960e+08  2.456448e+08  3.798200e+03   6687657   1
       648   1.451537e+08  2.456490e+08  3.806564e+03   6697750   1
       649   3.609650e+08  2.457001e+08  3.814845e+03   6708034   1
       650   1.821976e+08  2.457693e+08  3.832305e+03   6718250   1
       651   1.980331e+08  2.460512e+08  3.840463e+03   6728654   1
       652   3.970636e+08  2.461037e+08  3.848583e+03   6739223   1
       653   1.690435e+08  2.461065e+08  3.856658e+03   6749535   1
       654   3.454928e+08  2.461084e+08  3.864771e+03   6759933   1
       655   1.871659e+08  2.461145e+08  3.873018e+03   6770433   1
       656   2.187748e+08  2.461716e+08  3.881117e+03   6780773   1
       657   2.334828e+08  2.461734e+08  3.889423e+03   6791405   1
       658   2.559324e+08  2.461741e+08  3.897697e+03   6801784   1
       659   2.063150e+08  2.461743e+08  3.905929e+03   6811799   1
       660   1.757205e+08  2.461820e+08  3.914148e+03   6822173   1
       661   4.577690e+08  2.462264e+08  3.922438e+03   6832530   1
       662   2.814052e+08  2.462412e+08  3.930811e+03   6843162   1
       663   1.975748e+08  2.462642e+08  3.939330e+03   6853386   1
       664   1.740915e+08  2.462693e+08  3.957065e+03   6863678   1
       665   3.230991e+08  2.462715e+08  3.965094e+03   6873614   1
       666   1.830393e+08  2.463175e+08  3.973274e+03   6884148   1
       667   1.785567e+08  2.463225e+08  3.981559e+03   6894480   1
       668   1.571500e+08  2.463252e+08  3.989900e+03   6904569   1
       669   2.220749e+08  2.463256e+08  3.998263e+03   6915306   1
       670   3.296290e+08  2.463291e+08  4.006507e+03   6925649   1
       671   2.894709e+08  2.463291e+08  4.014868e+03   6936173   1
       672   3.885075e+08  2.463433e+08  4.023176e+03   6946618   1
       673   2.444938e+08  2.463434e+08  4.031548e+03   6957124   1
       674   1.806231e+08  2.464386e+08  4.039926e+03   6967351   1
       675   2.462013e+08  2.464387e+08  4.048401e+03   6977821   1
       676   2.722055e+08  2.465819e+08  4.056854e+03   6988439   1
       677   2.218321e+08  2.465960e+08  4.065434e+03   6998632   1
       678   2.232834e+08  2.465962e+08  4.074080e+03   7008688   1
       679   4.180673e+08  2.465962e+08  4.091864e+03   7019162   1
       680   1.918986e+08  2.466266e+08  4.100315e+03   7029366   1
       681   2.633410e+08  2.466266e+08  4.108758e+03   7040029   1
       682   1.842147e+08  2.467487e+08  4.117312e+03   7050349   1
       683   5.447187e+08  2.468125e+08  4.125768e+03   7060460   1
       684   3.901682e+08  2.468201e+08  4.134139e+03   7071031   1
       685   3.868111e+08  2.468414e+08  4.142596e+03   7081618   1
       686   2.351501e+08  2.468553e+08  4.151079e+03   7092232   1
       687   1.926998e+08  2.468582e+08  4.159617e+03   7102617   1
       688   1.995279e+08  2.469611e+08  4.168066e+03   7112839   1
       689   2.013068e+08  2.469640e+08  4.176601e+03   7123048   1
       690   3.298036e+08  2.470223e+08  4.185223e+03   7133715   1
       691   2.087696e+08  2.470233e+08  4.193876e+03   7143938   1
       692   1.761515e+08  2.470278e+08  4.202657e+03   7153861   1
       693   2.895022e+08  2.470429e+08  4.220737e+03   7164266   1
       694   1.930102e+08  2.470464e+08  4.229163e+03   7174965   1
       695   5.928260e+08  2.470552e+08  4.237683e+03   7185174   1
       696   1.844242e+08  2.473204e+08  4.246232e+03   7195375   1
       697   2.298435e+08  2.473534e+08  4.254925e+03   7205899   1
       698   2.389743e+08  2.473813e+08  4.263416e+03   7216172   1
       699   3.112499e+08  2.473828e+08  4.272085e+03   7226637   1
       700   1.607201e+08  2.474343e+08  4.280775e+03   7237006   1
       701   1.988336e+08  2.474350e+08  4.289496e+03   7247310   1
       702   3.549671e+08  2.474563e+08  4.298022e+03   7257529   1
       703   3.060622e+08  2.475211e+08  4.306553e+03   7268208   1
       704   2.419133e+08  2.475211e+08  4.315345e+03   7278775   1
       705   2.753244e+08  2.475434e+08  4.324116e+03   7288982   1
       706   2.552202e+08  2.475546e+08  4.332927e+03   7299632   1
       707   2.191615e+08  2.476181e+08  4.341728e+03   7310167   1
       708   1.482978e+08  2.477073e+08  4.360171e+03   7320647   1
       709   1.337385e+08  2.477768e+08  4.368746e+03   7330888   1
       710   3.074403e+08  2.477770e+08  4.377320e+03   7341302   1
       711   4.401805e+08  2.477951e+08  4.385803e+03   7351772   1
       712   2.121797e+08  2.477985e+08  4.394520e+03   7361918   1
       713   2.441291e+08  2.477986e+08  4.403104e+03   7372435   1
       714   2.264227e+08  2.478047e+08  4.411694e+03   7382892   1
       715   2.384729e+08  2.478048e+08  4.420419e+03   7393210   1
       716   3.114356e+08  2.482917e+08  4.429099e+03   7403760   1
       717   1.925397e+08  2.482925e+08  4.437922e+03   7414460   1
       718   2.002446e+08  2.483031e+08  4.446811e+03   7424820   1
       719   3.890973e+08  2.483833e+08  4.455930e+03   7435248   1
       720   4.996762e+08  2.484035e+08  4.464870e+03   7445493   1
       721   1.635389e+08  2.484481e+08  4.474142e+03   7455325   1
       722   1.692938e+08  2.484498e+08  4.493363e+03   7465820   1
       723   4.871282e+08  2.484512e+08  4.502082e+03   7476211   1
       724   2.349970e+08  2.484528e+08  4.510869e+03   7486809   1
       725   2.909747e+08  2.484529e+08  4.519723e+03   7497022   1
       726   2.082181e+08  2.484591e+08  4.528548e+03   7507692   1
       727   2.008533e+08  2.484594e+08  4.537390e+03   7518024   1
       728   4.022999e+08  2.484605e+08  4.546102e+03   7528350   1
       729   1.981650e+08  2.484679e+08  4.554934e+03   7538598   1
       730   2.756963e+08  2.484691e+08  4.563755e+03   7548996   1
       731   2.089966e+08  2.484701e+08  4.572545e+03   7559656   1
       732   2.199817e+08  2.484834e+08  4.581434e+03   7570088   1
       733   2.138972e+08  2.484853e+08  4.590377e+03   7580473   1
       734   2.336159e+08  2.485531e+08  4.599327e+03   7591131   1
       735   2.298355e+08  2.485734e+08  4.608298e+03   7601748   1
       736   4.837778e+08  2.485921e+08  4.617244e+03   7612059   1
       737   3.379793e+08  2.486981e+08  4.636350e+03   7622450   1
       738   2.553976e+08  2.487008e+08  4.645215e+03   7633001   1
       739   2.431166e+08  2.487637e+08  4.654105e+03   7643016   1
       740   1.949888e+08  2.487639e+08  4.663114e+03   7653102   1
       741   2.260365e+08  2.487647e+08  4.671885e+03   7663388   1
       742   1.998518e+08  2.487711e+08  4.680800e+03   7673797   1
       743   3.231616e+08  2.487736e+08  4.689690e+03   7684146   1
       744   2.601880e+08  2.487968e+08  4.698656e+03   7694589   1
       745   2.125232e+08  2.488868e+08  4.707698e+03   7705034   1
       746   2.674650e+08  2.489646e+08  4.716677e+03   7715013   1
       747   2.441770e+08  2.491122e+08  4.725611e+03   7725139   1
       748   2.263146e+08  2.491442e+08  4.734769e+03   7735539   1
       749   2.124903e+08  2.491639e+08  4.743826e+03   7745968   1
       750   2.901266e+08  2.493142e+08  4.752823e+03   7756398   1
       751   1.812073e+08  2.494049e+08  4.762034e+03   7766972   1
       752   7.234391e+08  2.494108e+08  4.771192e+03   7776856   1
       753   3.577889e+08  2.495171e+08  4.790689e+03   7787231   1
       754   2.661071e+08  2.495180e+08  4.799704e+03   7797354   1
       755   1.953189e+08  2.495308e+08  4.808859e+03   7807476   1
       756   5.574861e+08  2.495311e+08  4.817781e+03   7817317   1
       757   2.326182e+08  2.495909e+08  4.826798e+03   7827261   1
       758   1.785225e+08  2.496075e+08  4.835907e+03   7837011   1
       759   2.831804e+08  2.496082e+08  4.844906e+03   7847545   1
       760   1.592536e+08  2.496262e+08  4.854092e+03   7858077   1
       761   1.364558e+08  2.496312e+08  4.863197e+03   7868215   1
       762   2.380783e+08  2.496312e+08  4.872338e+03   7878357   1
       763   1.964319e+08  2.496525e+08  4.881528e+03   7888745   1
       764   2.899754e+08  2.496535e+08  4.890765e+03   7898978   1
       765   2.624215e+08  2.496542e+08  4.900006e+03   7909337   1
       766   2.301834e+08  2.497090e+08  4.909380e+03   7919407   1
       767   1.673204e+08  2.497097e+08  4.918743e+03   7929590   1
       768   2.738783e+08  2.497804e+08  4.938140e+03   7939644   1
       769   5.851145e+08  2.497873e+08  4.947211e+03   7950216   1
       770   1.625782e+08  2.498644e+08  4.956365e+03   7960330   1
       771   1.876294e+08  2.498713e+08  4.965606e+03   7970677   1
       772   2.061692e+08  2.499477e+08  4.974769e+03   7980805   1
       773   1.952314e+08  2.499600e+08  4.984076e+03   7991257   1
       774   1.671417e+08  2.500293e+08  4.993286e+03   8001779   1
       775   3.602855e+08  2.500341e+08  5.002532e+03   8012377   1
       776   3.768072e+08  2.501048e+08  5.011621e+03   8022544   1
       777   3.738436e+08  2.501394e+08  5.020850e+03   8032728   1
       778   4.599373e+08  2.501669e+08  5.030205e+03   8043184   1
       779   2.748798e+08  2.502655e+08  5.039441e+03   8053532   1
       780   1.883924e+08  2.503801e+08  5.048908e+03   8063922   1
       781   2.123606e+08  2.503819e+08  5.058296e+03   8074545   1
       782   3.262362e+08  2.504071e+08  5.067755e+03   8085114   1
       783   2.677314e+08  2.504530e+08  5.077259e+03   8095588   1
       784   2.597353e+08  2.504536e+08  5.097438e+03   8106080   1
       785   1.414320e+08  2.504549e+08  5.106722e+03   8116232   1
       786   2.414160e+08  2.504589e+08  5.116076e+03   8126521   1
       787   3.570176e+08  2.505260e+08  5.125301e+03   8136574   1
       788   1.420944e+08  2.505428e+08  5.134685e+03   8147175   1
       789   2.410279e+08  2.505428e+08  5.143944e+03   8157433   1
       790   6.541271e+08  2.505494e+08  5.152973e+03   8167623   1
       791   2.456458e+08  2.505545e+08  5.162304e+03   8178229   1
       792   2.833267e+08  2.506651e+08  5.171640e+03   8188213   1
       793   2.064398e+08  2.507418e+08  5.181150e+03   8198659   1
       794   5.640215e+08  2.507625e+08  5.190412e+03   8208882   1
       795   2.824923e+08  2.507735e+08  5.199939e+03   8219142   1
       796   5.094421e+08  2.507838e+08  5.209331e+03   8229488   1
       797   1.861596e+08  2.507862e+08  5.218948e+03   8240059   1
       798   3.347258e+08  2.508411e+08  5.228454e+03   8250343   1
       799   2.077223e+08  2.509074e+08  5.238148e+03   8260475   1
       800   2.243710e+08  2.509096e+08  5.258533e+03   8270569   1
       801   2.167088e+08  2.509306e+08  5.267906e+03   8281446   1
       802   1.820224e+08  2.509399e+08  5.277339e+03   8291793   1
       803   1.828181e+08  2.509402e+08  5.286927e+03   8302147   1
       804   2.312625e+08  2.509691e+08  5.296337e+03   8312370   1
       805   2.739594e+08  2.509735e+08  5.305819e+03   8322964   1
       806   1.643473e+08  2.510687e+08  5.315279e+03   8333278   1
       807   2.917142e+08  2.510967e+08  5.324811e+03   8343719   1
       808   2.940776e+08  2.511169e+08  5.334330e+03   8354071   1
       809   3.291491e+08  2.511188e+08  5.343799e+03   8364177   1
       810   1.923041e+08  2.511280e+08  5.353328e+03   8374433   1
       811   2.154544e+08  2.511913e+08  5.362915e+03   8384661   1
       812   3.037590e+08  2.511935e+08  5.372401e+03   8394854   1
       813   2.853706e+08  2.512070e+08  5.382045e+03   8405403   1
       814   2.199122e+08  2.512212e+08  5.391736e+03   8415454   1
       815   2.099441e+08  2.512535e+08  5.401606e+03   8426146   1
       816   3.816247e+08  2.512764e+08  5.422000e+03   8436506   1
       817   2.153033e+08  2.514344e+08  5.431418e+03   8446468   1
       818   2.013706e+08  2.514716e+08  5.440987e+03   8456687   1
       819   2.045147e+08  2.515279e+08  5.450563e+03   8467050   1
       820   4.371343e+08  2.515569e+08  5.459953e+03   8477418   1
       821   3.682173e+08  2.515580e+08  5.469510e+03   8488022   1
       822   2.317063e+08  2.515580e+08  5.479000e+03   8498355   1
       823   2.486066e+08  2.516607e+08  5.488488e+03   8508669   1
       824   3.401215e+08  2.517553e+08  5.498097e+03   8518899   1
       825   1.763761e+08  2.519119e+08  5.507774e+03   8528985   1
       826   2.087162e+08  2.519461e+08  5.517372e+03   8539072   1
       827   2.369769e+08  2.519898e+08  5.527104e+03   8549026   1
       828   4.961892e+08  2.522295e+08  5.536682e+03   8559372   1
       829   3.701060e+08  2.523413e+08  5.546415e+03   8569830   1
       830   3.799064e+08  2.523982e+08  5.556044e+03   8580474   1
       831   1.893456e+08  2.524174e+08  5.566012e+03   8590822   1
       832   4.938549e+08  2.525425e+08  5.587205e+03   8601186   1
       833   2.084596e+08  2.526179e+08  5.596830e+03   8611304   1
       834   1.637682e+08  2.526179e+08  5.606516e+03   8621558   1
       835   2.015740e+08  2.526179e+08  5.616256e+03   8631704   1
       836   2.457900e+08  2.526179e+08  5.625904e+03   8642357   1
       837   1.959950e+08  2.526181e+08  5.635645e+03   8652771   1
       838   2.461264e+08  2.526228e+08  5.645412e+03   8663330   1
       839   2.065458e+08  2.526509e+08  5.655280e+03   8673308   1
       840   2.787913e+08  2.526873e+08  5.664913e+03   8683282   1
       841   2.641235e+08  2.526926e+08  5.674819e+03   8693642   1
       842   2.708540e+08  2.527343e+08  5.684590e+03   8703695   1
       843   2.340958e+08  2.527508e+08  5.694376e+03   8714331   1
       844   2.162531e+08  2.527526e+08  5.704061e+03   8725042   1
       845   2.927492e+08  2.528872e+08  5.713768e+03   8735728   1
       846   2.027329e+08  2.528874e+08  5.723683e+03   8745565   1
       847   2.991607e+08  2.528874e+08  5.733709e+03   8755739   1
       848   1.758682e+08  2.528911e+08  5.755189e+03   8766193   1
       849   3.354728e+08  2.528977e+08  5.764964e+03   8776596   1
       850   3.393346e+08  2.528977e+08  5.774751e+03   8787003   1
       851   3.326840e+08  2.528978e+08  5.784558e+03   8797386   1
       852   2.326939e+08  2.528992e+08  5.794560e+03   8807853   1
       853   2.621563e+08  2.529125e+08  5.804358e+03   8818477   1
       854   2.437241e+08  2.530159e+08  5.814146e+03   8828688   1
       855   1.759922e+08  2.530304e+08  5.824022e+03   8839184   1
       856   1.856706e+08  2.531503e+08  5.833814e+03   8849429   1
       857   2.278945e+08  2.531546e+08  5.843752e+03   8859560   1
       858   3.689853e+08  2.531835e+08  5.853678e+03   8869872   1
       859   2.327120e+08  2.532853e+08  5.863536e+03   8879890   1
       860   1.838910e+08  2.532884e+08  5.873480e+03   8890046   1
       861   2.417062e+08  2.532905e+08  5.883581e+03   8900438   1
       862   2.464759e+08  2.533587e+08  5.893574e+03   8910710   1
       863   2.432671e+08  2.533615e+08  5.903587e+03   8921148   1
       864   2.433493e+08  2.533674e+08  5.913779e+03   8931221   1
       865   5.415687e+08  2.533682e+08  5.935596e+03   8941588   1
       866   3.771248e+08  2.533713e+08  5.945434e+03   8952223   1
       867   2.212695e+08  2.533716e+08  5.955361e+03   8962480   1
       868   4.601341e+08  2.533912e+08  5.965150e+03   8972702   1
       869   2.454683e+08  2.533914e+08  5.975191e+03   8983139   1
       870   1.952074e+08  2.533914e+08  5.985170e+03   8993070   1
       871   3.281529e+08  2.533934e+08  5.995102e+03   9003326   1
       872   2.829468e+08  2.533935e+08  6.005175e+03   9013786   1
       873   1.977801e+08  2.535023e+08  6.015137e+03   9024036   1
       874   2.345378e+08  2.535504e+08  6.025149e+03   9034263   1
       875   2.039868e+08  2.535504e+08  6.035245e+03   9044707   1
       876   1.956355e+08  2.535863e+08  6.045172e+03   9055037   1
       877   2.051466e+08  2.536273e+08  6.055384e+03   9065325   1
       878   1.779426e+08  2.536273e+08  6.065529e+03   9075455   1
       879   4.655261e+08  2.536274e+08  6.075734e+03   9085683   1
       880   2.663233e+08  2.538352e+08  6.086090e+03   9096065   1
       881   2.272848e+08  2.540563e+08  6.108301e+03   9106521   1
       882   2.136828e+08  2.541000e+08  6.118414e+03   9116742   1
       883   2.017964e+08  2.541585e+08  6.128284e+03   9127383   1
       884   2.184444e+08  2.541657e+08  6.138467e+03   9137835   1
       885   3.648555e+08  2.541670e+08  6.148557e+03   9147880   1
       886   2.146726e+08  2.541928e+08  6.158721e+03   9158565   1
       887   2.916064e+08  2.541999e+08  6.168729e+03   9168971   1
       888   5.336703e+08  2.542069e+08  6.178765e+03   9179367   1
       889   1.964393e+08  2.542095e+08  6.189065e+03   9189682   1
       890   2.116494e+08  2.542116e+08  6.199229e+03   9199830   1
       891   2.773774e+08  2.542428e+08  6.209265e+03   9209952   1
       892   1.808694e+08  2.542469e+08  6.219580e+03   9220164   1
       893   2.350226e+08  2.542471e+08  6.229770e+03   9230564   1
       894   2.789335e+08  2.542787e+08  6.239920e+03   9241131   1
       895   3.329663e+08  2.543426e+08  6.250005e+03   9251361   1
       896   3.739021e+08  2.543492e+08  6.260392e+03   9261982   1
       897   2.156670e+08  2.543816e+08  6.270731e+03   9272519   1
       898   2.504154e+08  2.543830e+08  6.293110e+03   9283001   1
       899   3.304794e+08  2.543840e+08  6.303144e+03   9293432   1
       900   2.697653e+08  2.543973e+08  6.313362e+03   9303751   1
       901   6.520253e+08  2.544024e+08  6.323373e+03   9313910   1
       902   7.154416e+08  2.544040e+08  6.333375e+03   9324074   1
       903   1.843502e+08  2.544336e+08  6.343805e+03   9334498   1
       904   2.006381e+08  2.544353e+08  6.354102e+03   9344736   1
       905   2.189441e+08  2.544369e+08  6.364383e+03   9355193   1
       906   2.659840e+08  2.544371e+08  6.374692e+03   9365482   1
       907   2.497550e+08  2.544375e+08  6.385014e+03   9375678   1
       908   2.347668e+08  2.544425e+08  6.395450e+03   9385962   1
       909   2.080184e+08  2.544608e+08  6.405872e+03   9396497   1
       910   2.614868e+08  2.544693e+08  6.416099e+03   9407015   1
       911   1.997740e+08  2.545115e+08  6.426411e+03   9417619   1
       912   1.797432e+08  2.545319e+08  6.436752e+03   9427869   1
       913   2.940782e+08  2.545354e+08  6.447385e+03   9438187   1
       914   2.707927e+08  2.545447e+08  6.457948e+03   9448582   1
       915   2.401772e+08  2.546413e+08  6.480931e+03   9458773   1
       916   2.440123e+08  2.546710e+08  6.491282e+03   9469261   1
       917   2.503488e+08  2.547329e+08  6.501663e+03   9479428   1
       918   1.692410e+08  2.547852e+08  6.511928e+03   9489840   1
       919   2.478157e+08  2.548716e+08  6.522374e+03   9499988   1
       920   2.231888e+08  2.548896e+08  6.532778e+03   9510369   1
       921   2.313634e+08  2.548965e+08  6.543285e+03   9520916   1
       922   2.374547e+08  2.551502e+08  6.553643e+03   9530844   1
       923   1.860589e+08  2.552146e+08  6.564024e+03   9541061   1
       924   2.446700e+08  2.552214e+08  6.574596e+03   9551306   1
       925   2.388663e+08  2.552214e+08  6.585197e+03   9561949   1
       926   3.214420e+08  2.552214e+08  6.595619e+03   9572337   1
       927   2.833650e+08  2.553202e+08  6.606050e+03   9582791   1
       928   3.016267e+08  2.553453e+08  6.616444e+03   9593236   1
       929   2.322901e+08  2.555554e+08  6.626962e+03   9603745   1
       930   2.746642e+08  2.555560e+08  6.637562e+03   9613914   1
       931   2.118767e+08  2.555562e+08  6.648344e+03   9624339   1
       932   1.911453e+08  2.556143e+08  6.671551e+03   9634841   1
       933   2.918520e+08  2.556144e+08  6.681877e+03   9644970   1
       934   1.825618e+08  2.556336e+08  6.692358e+03   9655559   1
       935   2.411488e+08  2.556649e+08  6.702781e+03   9666066   1
       936   3.931452e+08  2.556852e+08  6.713239e+03   9676192   1
       937   2.492358e+08  2.557324e+08  6.723916e+03   9686305   1
       938   2.148760e+08  2.557326e+08  6.734345e+03   9697033   1
       939   4.727600e+08  2.557663e+08  6.744623e+03   9707612   1
       940   3.328735e+08  2.557801e+08  6.755140e+03   9718153   1
       941   2.155040e+08  2.557966e+08  6.765590e+03   9728497   1
       942   2.259506e+08  2.558128e+08  6.776158e+03   9738747   1
       943   1.851111e+08  2.558881e+08  6.786698e+03   9748679   1
       944   2.300291e+08  2.558884e+08  6.797414e+03   9759041   1
       945   5.196766e+08  2.559057e+08  6.808106e+03   9769217   1
       946   2.442739e+08  2.559084e+08  6.818855e+03   9779547   1
       947   2.862047e+08  2.559189e+08  6.829579e+03   9789988   1
       948   2.011862e+08  2.559959e+08  6.840551e+03   9800508   1
       949   1.934035e+08  2.560266e+08  6.851361e+03   9810537   1
       950   2.781822e+08  2.560300e+08  6.874727e+03   9821037   1
       951   4.285434e+08  2.560807e+08  6.885144e+03   9831384   1
       952   2.021715e+08  2.561494e+08  6.895868e+03   9842237   1
       953   3.431598e+08  2.561548e+08  6.906353e+03   9852688   1
       954   2.809996e+08  2.561760e+08  6.916955e+03   9863072   1
       955   4.348783e+08  2.563325e+08  6.927566e+03   9873506   1
       956   2.125059e+08  2.563493e+08  6.938146e+03   9883927   1
       957   3.249853e+08  2.564151e+08  6.948756e+03   9894162   1
       958   2.153746e+08  2.564378e+08  6.959546e+03   9904518   1
       959   2.569313e+08  2.564390e+08  6.970070e+03   9915181   1
       960   2.031813e+08  2.564510e+08  6.981014e+03   9924917   1
       961   2.308126e+08  2.564514e+08  6.991736e+03   9935542   1
       962   2.172816e+08  2.565635e+08  7.002530e+03   9946292   1
       963   4.452950e+08  2.566212e+08  7.013270e+03   9956498   1
       964   2.948323e+08  2.566250e+08  7.024149e+03   9966579   1
       965   3.833380e+08  2.567791e+08  7.035102e+03   9977065   1
       966   1.995304e+08  2.567935e+08  7.045992e+03   9987534   1
       967   2.043619e+08  2.567997e+08  7.057114e+03   9998004   1
       968   2.444398e+08  2.568502e+08  7.081054e+03  10008530   1
       969   1.683256e+08  2.571217e+08  7.091900e+03  10019029   1
       970   2.670333e+08  2.571323e+08  7.102631e+03  10029408   1
       971   3.004760e+08  2.571335e+08  7.113454e+03  10039916   1
       972   2.004824e+08  2.572264e+08  7.124265e+03  10049996   1
       973   2.770454e+08  2.572283e+08  7.135246e+03  10060068   1
       974   2.151500e+08  2.572694e+08  7.146159e+03  10070824   1
       975   3.086549e+08  2.572803e+08  7.156830e+03  10081131   1
       976   3.161883e+08  2.572829e+08  7.167605e+03  10091633   1
       977   3.002865e+08  2.572939e+08  7.178407e+03  10102157   1
       978   3.086138e+08  2.573216e+08  7.189191e+03  10112401   1
       979   1.888342e+08  2.573392e+08  7.200139e+03  10122895   1
-------------------------------------------------------------------
status         : time_limit
total time (s) : 7.200139e+03
total solves   : 10122895
best bound     :  2.573392e+08
simulation ci  :  2.853675e+08  8.642947e+06
numeric issues : 0
-------------------------------------------------------------------

 
                                        Time                    Allocations      
                                  
       Tot / % measured:            2.00h /  99.9%            855GiB /  99.9%    

 Section               ncalls     time    %tot     avg     alloc    %tot      avg
 
 backward_pass            979    1.99h   99.5%   7.32s    846GiB   99.1%   885MiB
   solve_subproblem     10.0M    2538s   35.2%   254s    508GiB   59.5%  53.2KiB
     get_dual_solution  10.0M    55.7s    0.8%  5.57s   14.3GiB    1.7%  1.50KiB
   prepare_backward...  1.96k    1.19s    0.0%   610s    312MiB    0.0%   163KiB
 forward_pass             979    30.9s    0.4%  31.5ms   6.84GiB    0.8%  7.15MiB
   solve_subproblem      117k    28.2s    0.4%   240s   5.98GiB    0.7%  53.4KiB
     get_dual_solution   117k    115ms    0.0%   976ns   62.7MiB    0.0%     560B
   sample_scenario        979   4.93ms    0.0%  5.04s    153KiB    0.0%     160B
 calculate_bound          979    2.38s    0.0%  2.43ms    839MiB    0.1%   877KiB
   get_dual_solution      979   1.30ms    0.0%  1.32s    535KiB    0.0%     560B
 


||||||||||||||||||||||||||||||||||||||||||||||||||||||||||||||||||||||||||||||||||||||||||||||||||||||||||||||||||||||||||||||||||||||||
SIMULATION RESULTS
LogLinearSDDP.NoSimulation()
markov
Lower bound: 2.5733921723087525e8
Statistical upper bound (confidence interval): 3.232305779649166e8  6.365713379905998e6
Pessimistic upper bound: 3.295962913448226e8

||||||||||||||||||||||||||||||||||||||||||||||||||||||||||||||||||||||||||||||||||||||||||||||||||||||||||||||||||||||||||||||||||||||||
SIMULATION RESULTS
LogLinearSDDP.NoSimulation()
markov
Lower bound: 2.5733921723087525e8
Statistical upper bound (confidence interval): 2.067629957625546e8  5.09972502310304e6
Pessimistic upper bound: 2.118627207856576e8

||||||||||||||||||||||||||||||||||||||||||||||||||||||||||||||||||||||||||||||||||||||||||||||||||||||||||||||||||||||||||||||||||||||||
SIMULATION RESULTS
LogLinearSDDP.NoSimulation()
custom_model
Lower bound: 2.5733921723087525e8
Statistical upper bound (confidence interval): 3.9365920380612195e8  8.533292188773964e6
Pessimistic upper bound: 4.0219249599489594e8

||||||||||||||||||||||||||||||||||||||||||||||||||||||||||||||||||||||||||||||||||||||||||||||||||||||||||||||||||||||||||||||||||||||||
SIMULATION RESULTS
LogLinearSDDP.NoSimulation()
custom_model
Lower bound: 2.5733921723087525e8
Statistical upper bound (confidence interval): 2.4990936373084232e8  6.734468750296645e6
Pessimistic upper bound: 2.5664383248113897e8

||||||||||||||||||||||||||||||||||||||||||||||||||||||||||||||||||||||||||||||||||||||||||||||||||||||||||||||||||||||||||||||||||||||||
SIMULATION RESULTS
LogLinearSDDP.NoSimulation()
fitted_model
Lower bound: 2.5733921723087525e8
Statistical upper bound (confidence interval): 2.8350756711083794e8  5.265665887600952e6
Pessimistic upper bound: 2.887732329984389e8

||||||||||||||||||||||||||||||||||||||||||||||||||||||||||||||||||||||||||||||||||||||||||||||||||||||||||||||||||||||||||||||||||||||||
SIMULATION RESULTS
LogLinearSDDP.NoSimulation()
fitted_model
Lower bound: 2.5733921723087525e8
Statistical upper bound (confidence interval): 1.8733588000707194e8  4.197529555607643e6
Pessimistic upper bound: 1.915334095626796e8

||||||||||||||||||||||||||||||||||||||||||||||||||||||||||||||||||||||||||||||||||||||||||||||||||||||||||||||||||||||||||||||||||||||||
SIMULATION RESULTS
LogLinearSDDP.NoSimulation()
shapiro_model
Lower bound: 2.5733921723087525e8
Statistical upper bound (confidence interval): 2.912772724315591e8  5.888303114955964e6
Pessimistic upper bound: 2.9716557554651505e8

||||||||||||||||||||||||||||||||||||||||||||||||||||||||||||||||||||||||||||||||||||||||||||||||||||||||||||||||||||||||||||||||||||||||
SIMULATION RESULTS
LogLinearSDDP.NoSimulation()
shapiro_model
Lower bound: 2.5733921723087525e8
Statistical upper bound (confidence interval): 1.9110037369131517e8  4.696911993141677e6
Pessimistic upper bound: 1.9579728568445686e8

||||||||||||||||||||||||||||||||||||||||||||||||||||||||||||||||||||||||||||||||||||||||||||||||||||||||||||||||||||||||||||||||||||||||
SIMULATION RESULTS
LogLinearSDDP.NoSimulation()
markov
Lower bound: 2.5718016078790855e8
Statistical upper bound (confidence interval): 4.903528302543864e8  8.30308583625226e7
Pessimistic upper bound: 5.73383688616909e8

||||||||||||||||||||||||||||||||||||||||||||||||||||||||||||||||||||||||||||||||||||||||||||||||||||||||||||||||||||||||||||||||||||||||
SIMULATION RESULTS
LogLinearSDDP.NoSimulation()
markov
Lower bound: 2.5718016078790855e8
Statistical upper bound (confidence interval): 3.193715137608132e8  6.745789569854897e7
Pessimistic upper bound: 3.8682940945936215e8
