||||||||||||||||||||||||||||||||||||||||||||||||||||||||||||||||||||||||||||||||||||||||||||||||||||||||||||||||||||||||||||||||||||||||
PATH
calling 
C:\Users\cg4102\Documents\New LogLinearSDDP\LogLinearSDDP.jl\Examples\Hydrothermal
C:\Users\cg4102\Documents\New LogLinearSDDP\LogLinearSDDP.jl\Examples\Hydrothermal\run_model_linearized.jl
DATETIME
2025-04-04T02:56:16.710
RUN DESCRIPTION
LogLinearSDDP.AlgoParams(SDDP.AbstractStoppingRule[SDDP.TimeLimit(7200.0)], LogLinearSDDP.Simulation(SDDP.InSampleMonteCarlo(0, false, true, SDDP.var"#155#158"{SDDP.var"#156#159"}(SDDP.var"#156#159"(), Core.Box(0)), nothing), 2000, 11111), false, 2, 1, "C:/Users/cg4102/Documents/julia_logs/Cut-sharing Final Run (2h) - NoCS/Run_fitted_model_444444/LinearizedSDDP.log", false, false, false, 444444, "", :fitted_model)
-------------------------------------------------------------------
         SDDP.jl (c) Oscar Dowson and contributors, 2017-23
-------------------------------------------------------------------
problem
  nodes           : 120
  state variables : 8
  scenarios       : 1.00000e+238
  existing cuts   : false
options
  solver          : serial mode
  risk measure    : SDDP.Expectation()
  sampling scheme : SDDP.InSampleMonteCarlo
subproblem structure
  VariableRef                                  : [170, 174]
  JuMP.AffExpr in MOI.EqualTo{Float64}         : [13, 13]
  JuMP.VariableRef in MOI.EqualTo{Float64}     : [1, 1]
  JuMP.VariableRef in MOI.GreaterThan{Float64} : [157, 157]
  JuMP.VariableRef in MOI.LessThan{Float64}    : [148, 149]
-------------------------------------------------------------------
 iteration    simulation      bound        time (s)     solves  pid
-------------------------------------------------------------------
         1   2.775989e+09  2.450955e+05  2.344000e+00     12021   1
         2   1.466780e+09  2.450955e+05  4.609000e+00     24042   1
         3   1.281364e+09  2.450955e+05  6.891000e+00     36063   1
         4   9.161266e+08  2.501730e+05  9.219000e+00     48084   1
         5   8.487343e+08  1.075445e+06  1.153100e+01     60105   1
         6   1.066376e+09  2.075936e+06  1.386000e+01     72126   1
         7   1.051773e+09  3.204231e+06  1.621900e+01     84147   1
         8   7.647447e+08  3.296718e+06  1.854700e+01     96168   1
         9   6.206450e+08  3.418409e+06  2.086000e+01    108189   1
        10   5.319000e+08  5.847036e+06  2.320400e+01    120210   1
        11   3.996649e+08  6.346298e+06  2.553400e+01    132231   1
        12   4.280971e+08  6.486323e+06  2.787700e+01    144252   1
        13   5.035929e+08  6.629202e+06  3.025200e+01    156273   1
        14   2.564326e+08  6.685950e+06  3.258000e+01    168294   1
        15   5.029376e+08  6.750082e+06  3.492400e+01    180315   1
        16   5.854088e+08  7.225607e+06  3.731400e+01    192336   1
        17   6.462678e+08  1.122503e+07  3.964400e+01    204357   1
        18   6.661016e+08  1.454529e+07  4.197200e+01    216378   1
        19   4.566305e+08  1.480841e+07  4.436500e+01    228399   1
        20   4.135422e+08  4.814680e+07  4.672300e+01    240420   1
        21   2.077445e+08  4.817127e+07  4.908300e+01    252441   1
        22   5.792270e+08  4.827130e+07  5.150400e+01    264462   1
        23   3.254104e+08  4.832346e+07  5.392600e+01    276483   1
        24   2.193179e+08  5.026244e+07  5.631600e+01    288504   1
        25   4.470252e+08  5.142674e+07  5.876900e+01    300525   1
        26   5.039837e+08  5.152030e+07  6.120700e+01    312546   1
        27   2.360942e+08  5.165902e+07  6.362800e+01    324567   1
        28   2.898626e+08  5.181538e+07  6.608200e+01    336588   1
        29   3.098835e+08  5.675072e+07  6.850500e+01    348609   1
        30   9.315119e+08  5.680541e+07  7.095800e+01    360630   1
        31   6.314906e+08  5.733793e+07  7.342600e+01    372651   1
        32   3.408089e+08  5.739561e+07  7.584800e+01    384672   1
        33   3.944021e+08  5.770376e+07  7.828500e+01    396693   1
        34   1.510166e+08  5.789515e+07  8.080100e+01    408714   1
        35   4.954703e+08  5.803807e+07  8.331700e+01    420735   1
        36   6.374365e+08  6.129881e+07  8.586400e+01    432756   1
        37   5.152418e+08  6.179283e+07  8.848900e+01    444777   1
        38   5.472627e+08  6.203611e+07  9.105100e+01    456798   1
        39   3.399727e+08  6.204198e+07  9.361300e+01    468819   1
        40   5.480171e+08  6.263349e+07  9.620700e+01    480840   1
        41   3.784363e+08  6.310549e+07  9.876900e+01    492861   1
        42   3.937851e+08  6.933877e+07  1.013320e+02    504882   1
        43   4.670769e+08  6.965777e+07  1.039880e+02    516903   1
        44   4.095402e+08  7.293285e+07  1.065810e+02    528924   1
        45   6.486359e+08  7.313795e+07  1.092060e+02    540945   1
        46   5.131870e+08  7.317221e+07  1.118630e+02    552966   1
        47   2.440336e+08  7.712039e+07  1.144580e+02    564987   1
        48   6.521280e+08  7.727543e+07  1.170990e+02    577008   1
        49   2.290076e+08  7.767227e+07  1.197390e+02    589029   1
        50   4.874442e+08  7.902514e+07  1.224110e+02    601050   1
        51   2.845275e+08  7.934355e+07  1.250830e+02    613071   1
        52   3.589390e+08  8.041357e+07  1.278340e+02    625092   1
        53   4.717258e+08  8.061684e+07  1.305680e+02    637113   1
        54   2.579978e+08  8.433512e+07  1.332560e+02    649134   1
        55   3.550973e+08  8.543893e+07  1.360530e+02    661155   1
        56   6.011428e+08  8.696351e+07  1.388180e+02    673176   1
        57   1.932465e+08  8.718558e+07  1.415680e+02    685197   1
        58   1.625190e+08  8.882106e+07  1.443490e+02    697218   1
        59   3.823271e+08  8.893262e+07  1.471150e+02    709239   1
        60   4.889341e+08  8.932267e+07  1.499430e+02    721260   1
        61   2.536378e+08  8.944433e+07  1.528030e+02    733281   1
        62   4.446368e+08  8.965735e+07  1.555840e+02    745302   1
        63   2.419879e+08  9.212865e+07  1.583510e+02    757323   1
        64   6.714450e+08  9.217970e+07  1.612110e+02    769344   1
        65   5.187379e+08  9.298639e+07  1.640710e+02    781365   1
        66   5.020243e+08  9.369058e+07  1.669450e+02    793386   1
        67   4.293775e+08  9.376335e+07  1.698520e+02    805407   1
        68   2.115076e+08  9.445856e+07  1.727120e+02    817428   1
        69   3.410689e+08  9.512283e+07  1.755400e+02    829449   1
        70   4.526759e+08  9.518877e+07  1.784460e+02    841470   1
        71   3.489650e+08  9.533888e+07  1.813370e+02    853491   1
        72   3.718227e+08  9.580935e+07  1.841960e+02    865512   1
        73   3.211219e+08  9.703634e+07  1.871030e+02    877533   1
        74   3.456949e+08  9.858253e+07  1.899770e+02    889554   1
        75   4.392398e+08  1.003424e+08  1.928680e+02    901575   1
        76   3.660218e+08  1.006813e+08  1.957900e+02    913596   1
        77   2.940000e+08  1.016076e+08  1.987120e+02    925617   1
        78   2.593893e+08  1.023524e+08  2.016340e+02    937638   1
        79   2.882875e+08  1.027396e+08  2.046190e+02    949659   1
        80   8.374015e+08  1.030015e+08  2.075870e+02    961680   1
        81   1.939083e+08  1.047358e+08  2.104940e+02    973701   1
        82   2.893987e+08  1.049116e+08  2.134630e+02    985722   1
        83   4.268245e+08  1.053527e+08  2.164480e+02    997743   1
        84   3.773189e+08  1.053664e+08  2.194010e+02   1009764   1
        85   3.987872e+08  1.079859e+08  2.223850e+02   1021785   1
        86   6.312608e+08  1.120123e+08  2.253540e+02   1033806   1
        87   2.559989e+08  1.134256e+08  2.283850e+02   1045827   1
        88   2.356959e+08  1.143063e+08  2.314640e+02   1057848   1
        89   2.971479e+08  1.150243e+08  2.345110e+02   1069869   1
        90   1.692586e+08  1.152046e+08  2.375110e+02   1081890   1
        91   1.924522e+08  1.153663e+08  2.405730e+02   1093911   1
        92   4.537138e+08  1.154618e+08  2.436820e+02   1105932   1
        93   3.496189e+08  1.155720e+08  2.467610e+02   1117953   1
        94   3.649106e+08  1.159117e+08  2.499020e+02   1129974   1
        95   1.901904e+08  1.161467e+08  2.529810e+02   1141995   1
        96   3.904356e+08  1.161841e+08  2.560750e+02   1154016   1
        97   4.234978e+08  1.162503e+08  2.592480e+02   1166037   1
        98   2.559298e+08  1.163572e+08  2.623570e+02   1178058   1
        99   3.551363e+08  1.191568e+08  2.654820e+02   1190079   1
       100   2.932178e+08  1.194135e+08  2.686230e+02   1202100   1
       101   6.715487e+08  1.196672e+08  2.717790e+02   1214121   1
       102   1.966142e+08  1.197485e+08  2.749060e+02   1226142   1
       103   2.870399e+08  1.200891e+08  2.780780e+02   1238163   1
       104   5.547561e+08  1.201673e+08  2.812500e+02   1250184   1
       105   4.125311e+08  1.202734e+08  2.843750e+02   1262205   1
       106   1.660292e+08  1.202940e+08  2.875930e+02   1274226   1
       107   2.305866e+08  1.203644e+08  2.907500e+02   1286247   1
       108   2.696672e+08  1.204907e+08  2.939380e+02   1298268   1
       109   2.303055e+08  1.207444e+08  2.971560e+02   1310289   1
       110   3.175170e+08  1.213115e+08  3.003600e+02   1322310   1
       111   3.711361e+08  1.220525e+08  3.035170e+02   1334331   1
       112   3.419164e+08  1.224175e+08  3.067510e+02   1346352   1
       113   3.478553e+08  1.230038e+08  3.100010e+02   1358373   1
       114   2.569292e+08  1.231471e+08  3.132510e+02   1370394   1
       115   4.743899e+08  1.231908e+08  3.165330e+02   1382415   1
       116   1.477407e+08  1.233294e+08  3.197520e+02   1394436   1
       117   2.467203e+08  1.242285e+08  3.229870e+02   1406457   1
       118   1.242305e+08  1.242966e+08  3.262060e+02   1418478   1
       119   2.281702e+08  1.248777e+08  3.294400e+02   1430499   1
       120   2.059916e+08  1.249321e+08  3.326920e+02   1442520   1
       121   2.227759e+08  1.254153e+08  3.360200e+02   1454541   1
       122   1.531678e+08  1.255731e+08  3.392860e+02   1466562   1
       123   1.437287e+08  1.255844e+08  3.425670e+02   1478583   1
       124   1.786586e+08  1.257371e+08  3.459100e+02   1490604   1
       125   2.892167e+08  1.258157e+08  3.492090e+02   1502625   1
       126   4.848803e+08  1.259588e+08  3.525220e+02   1514646   1
       127   3.828519e+08  1.268139e+08  3.558810e+02   1526667   1
       128   1.126884e+08  1.272544e+08  3.591780e+02   1538688   1
       129   2.022202e+08  1.273039e+08  3.625220e+02   1550709   1
       130   2.562510e+08  1.275433e+08  3.658660e+02   1562730   1
       131   2.941603e+08  1.276434e+08  3.691470e+02   1574751   1
       132   5.691859e+08  1.278519e+08  3.725380e+02   1586772   1
       133   5.471390e+08  1.278778e+08  3.759150e+02   1598793   1
       134   2.339058e+08  1.281488e+08  3.792440e+02   1610814   1
       135   1.632232e+08  1.281710e+08  3.826040e+02   1622835   1
       136   2.668144e+08  1.286443e+08  3.859470e+02   1634856   1
       137   2.533059e+08  1.288552e+08  3.893690e+02   1646877   1
       138   2.723913e+08  1.289619e+08  3.927450e+02   1658898   1
       139   1.362287e+08  1.289732e+08  3.961350e+02   1670919   1
       140   2.804873e+08  1.290860e+08  3.995730e+02   1682940   1
       141   2.308266e+08  1.294874e+08  4.030730e+02   1694961   1
       142   2.322274e+08  1.297104e+08  4.064800e+02   1706982   1
       143   4.966477e+08  1.299009e+08  4.099490e+02   1719003   1
       144   2.046138e+08  1.301819e+08  4.134190e+02   1731024   1
       145   2.623531e+08  1.302432e+08  4.169040e+02   1743045   1
       146   3.525801e+08  1.304003e+08  4.203720e+02   1755066   1
       147   3.019778e+08  1.304205e+08  4.239350e+02   1767087   1
       148   2.128041e+08  1.304637e+08  4.274680e+02   1779108   1
       149   2.584173e+08  1.305853e+08  4.309360e+02   1791129   1
       150   3.450896e+08  1.306387e+08  4.344850e+02   1803150   1
       151   3.143912e+08  1.317860e+08  4.379700e+02   1815171   1
       152   2.470668e+08  1.318486e+08  4.414700e+02   1827192   1
       153   2.435876e+08  1.323817e+08  4.450320e+02   1839213   1
       154   2.086494e+08  1.324050e+08  4.485170e+02   1851234   1
       155   1.324616e+08  1.326995e+08  4.519870e+02   1863255   1
       156   4.074300e+08  1.327478e+08  4.555650e+02   1875276   1
       157   5.359917e+08  1.329300e+08  4.591280e+02   1887297   1
       158   2.634352e+08  1.330445e+08  4.626750e+02   1899318   1
       159   2.343500e+08  1.333229e+08  4.661910e+02   1911339   1
       160   1.681700e+08  1.336948e+08  4.696750e+02   1923360   1
       161   4.345136e+08  1.344362e+08  4.732240e+02   1935381   1
       162   3.371667e+08  1.349680e+08  4.768170e+02   1947402   1
       163   1.591307e+08  1.351552e+08  4.803490e+02   1959423   1
       164   1.875072e+08  1.352172e+08  4.838800e+02   1971444   1
       165   4.283963e+08  1.352565e+08  4.874910e+02   1983465   1
       166   2.147742e+08  1.353332e+08  4.910230e+02   1995486   1
       167   1.802559e+08  1.353560e+08  4.945410e+02   2007507   1
       168   4.096712e+08  1.353870e+08  4.982120e+02   2019528   1
       169   1.934635e+08  1.354722e+08  5.018070e+02   2031549   1
       170   2.248519e+08  1.355896e+08  5.053690e+02   2043570   1
       171   2.637300e+08  1.364191e+08  5.089160e+02   2055591   1
       172   4.485026e+08  1.364981e+08  5.124160e+02   2067612   1
       173   3.647269e+08  1.368973e+08  5.162130e+02   2079633   1
       174   3.027520e+08  1.377331e+08  5.200260e+02   2091654   1
       175   4.029733e+08  1.379369e+08  5.238550e+02   2103675   1
       176   5.133627e+08  1.381146e+08  5.277450e+02   2115696   1
       177   1.873120e+08  1.382131e+08  5.315730e+02   2127717   1
       178   4.189641e+08  1.390814e+08  5.354640e+02   2139738   1
       179   2.557174e+08  1.392566e+08  5.394160e+02   2151759   1
       180   4.868374e+08  1.393050e+08  5.432760e+02   2163780   1
       181   3.753377e+08  1.395392e+08  5.472130e+02   2175801   1
       182   2.657671e+08  1.397718e+08  5.512130e+02   2187822   1
       183   1.502990e+08  1.398811e+08  5.551200e+02   2199843   1
       184   2.833805e+08  1.401134e+08  5.590580e+02   2211864   1
       185   1.491091e+08  1.403522e+08  5.630580e+02   2223885   1
       186   1.705109e+08  1.404993e+08  5.669490e+02   2235906   1
       187   2.954147e+08  1.405450e+08  5.709180e+02   2247927   1
       188   2.973991e+08  1.405967e+08  5.749650e+02   2259948   1
       189   2.612805e+08  1.406595e+08  5.789490e+02   2271969   1
       190   2.403504e+08  1.409028e+08  5.828710e+02   2283990   1
       191   2.324450e+08  1.409891e+08  5.868710e+02   2296011   1
       192   5.477364e+08  1.411072e+08  5.908860e+02   2308032   1
       193   2.002116e+08  1.412240e+08  5.948710e+02   2320053   1
       194   1.534697e+08  1.412453e+08  5.989020e+02   2332074   1
       195   1.731387e+08  1.414080e+08  6.029180e+02   2344095   1
       196   1.482772e+08  1.414720e+08  6.069180e+02   2356116   1
       197   7.498682e+08  1.415414e+08  6.110270e+02   2368137   1
       198   1.290579e+08  1.416884e+08  6.150270e+02   2380158   1
       199   2.215679e+08  1.417052e+08  6.189800e+02   2392179   1
       200   2.186891e+08  1.418360e+08  6.230420e+02   2404200   1
       201   3.389865e+08  1.418928e+08  6.271510e+02   2416221   1
       202   1.442803e+08  1.419515e+08  6.312140e+02   2428242   1
       203   3.619985e+08  1.420195e+08  6.353540e+02   2440263   1
       204   3.915622e+08  1.422110e+08  6.394640e+02   2452284   1
       205   4.087350e+08  1.423337e+08  6.434030e+02   2464305   1
       206   2.796053e+08  1.423938e+08  6.475760e+02   2476326   1
       207   3.268772e+08  1.424122e+08  6.515920e+02   2488347   1
       208   1.793275e+08  1.425014e+08  6.555150e+02   2500368   1
       209   4.073678e+08  1.425613e+08  6.595920e+02   2512389   1
       210   6.280728e+08  1.426560e+08  6.635770e+02   2524410   1
       211   2.266911e+08  1.427022e+08  6.675300e+02   2536431   1
       212   2.480058e+08  1.427394e+08  6.715320e+02   2548452   1
       213   1.602839e+08  1.429171e+08  6.754700e+02   2560473   1
       214   1.757958e+08  1.430213e+08  6.794070e+02   2572494   1
       215   1.869730e+08  1.430619e+08  6.833910e+02   2584515   1
       216   1.574017e+08  1.430894e+08  6.873450e+02   2596536   1
       217   2.453685e+08  1.431236e+08  6.913290e+02   2608557   1
       218   2.033358e+08  1.432352e+08  6.953300e+02   2620578   1
       219   3.624335e+08  1.432802e+08  6.993160e+02   2632599   1
       220   2.002718e+08  1.434627e+08  7.033780e+02   2644620   1
       221   1.768612e+08  1.435622e+08  7.074560e+02   2656641   1
       222   2.250808e+08  1.439792e+08  7.114870e+02   2668662   1
       223   1.375702e+08  1.440089e+08  7.155020e+02   2680683   1
       224   3.788097e+08  1.440925e+08  7.196110e+02   2692704   1
       225   1.512901e+08  1.441940e+08  7.236730e+02   2704725   1
       226   5.889589e+08  1.442678e+08  7.278160e+02   2716746   1
       227   3.491533e+08  1.443824e+08  7.319410e+02   2728767   1
       228   3.622764e+08  1.445856e+08  7.360680e+02   2740788   1
       229   2.144106e+08  1.447078e+08  7.401460e+02   2752809   1
       230   2.519656e+08  1.449819e+08  7.442240e+02   2764830   1
       231   3.987474e+08  1.450114e+08  7.483800e+02   2776851   1
       232   1.900631e+08  1.450506e+08  7.525360e+02   2788872   1
       233   3.033526e+08  1.451213e+08  7.566770e+02   2800893   1
       234   2.312776e+08  1.451560e+08  7.608800e+02   2812914   1
       235   3.493494e+08  1.451755e+08  7.651010e+02   2824935   1
       236   3.883466e+08  1.452454e+08  7.693040e+02   2836956   1
       237   2.227597e+08  1.456325e+08  7.735710e+02   2848977   1
       238   1.301580e+08  1.457588e+08  7.778210e+02   2860998   1
       239   4.016649e+08  1.457590e+08  7.820870e+02   2873019   1
       240   3.502496e+08  1.460514e+08  7.863380e+02   2885040   1
       241   3.504920e+08  1.461086e+08  7.906980e+02   2897061   1
       242   7.276016e+08  1.462534e+08  7.949970e+02   2909082   1
       243   2.372588e+08  1.463916e+08  7.992790e+02   2921103   1
       244   2.080528e+08  1.464414e+08  8.035460e+02   2933124   1
       245   1.760658e+08  1.465865e+08  8.077800e+02   2945145   1
       246   2.385104e+08  1.466213e+08  8.119980e+02   2957166   1
       247   3.641377e+08  1.467028e+08  8.163590e+02   2969187   1
       248   3.113173e+08  1.467495e+08  8.207340e+02   2981208   1
       249   1.485881e+08  1.468456e+08  8.250170e+02   2993229   1
       250   6.570727e+08  1.468889e+08  8.294240e+02   3005250   1
       251   1.387379e+08  1.469636e+08  8.338000e+02   3017271   1
       252   3.354374e+08  1.469950e+08  8.381610e+02   3029292   1
       253   2.502101e+08  1.470192e+08  8.425510e+02   3041313   1
       254   2.260091e+08  1.470438e+08  8.469430e+02   3053334   1
       255   2.725316e+08  1.471398e+08  8.513660e+02   3065355   1
       256   2.361837e+08  1.472340e+08  8.557880e+02   3077376   1
       257   1.737783e+08  1.473424e+08  8.601490e+02   3089397   1
       258   3.211114e+08  1.474413e+08  8.646020e+02   3101418   1
       259   2.772366e+08  1.475279e+08  8.690700e+02   3113439   1
       260   2.536521e+08  1.475667e+08  8.734770e+02   3125460   1
       261   3.094368e+08  1.476266e+08  8.778680e+02   3137481   1
       262   4.073360e+08  1.476390e+08  8.823210e+02   3149502   1
       263   2.945075e+08  1.476776e+08  8.868520e+02   3161523   1
       264   3.088558e+08  1.478044e+08  8.912910e+02   3173544   1
       265   2.700067e+08  1.478319e+08  8.958230e+02   3185565   1
       266   1.239988e+08  1.479112e+08  9.002440e+02   3197586   1
       267   2.121451e+08  1.481249e+08  9.046670e+02   3209607   1
       268   1.837118e+08  1.483075e+08  9.092140e+02   3221628   1
       269   2.089871e+08  1.484046e+08  9.137150e+02   3233649   1
       270   2.862377e+08  1.484492e+08  9.182310e+02   3245670   1
       271   4.374161e+08  1.486032e+08  9.228100e+02   3257691   1
       272   2.520609e+08  1.487077e+08  9.272960e+02   3269712   1
       273   2.831979e+08  1.487928e+08  9.318130e+02   3281733   1
       274   3.271136e+08  1.488561e+08  9.363780e+02   3293754   1
       275   2.396660e+08  1.488670e+08  9.409730e+02   3305775   1
       276   2.283009e+08  1.489432e+08  9.455360e+02   3317796   1
       277   3.592228e+08  1.489757e+08  9.501000e+02   3329817   1
       278   6.557106e+08  1.490611e+08  9.546780e+02   3341838   1
       279   1.923897e+08  1.490823e+08  9.592560e+02   3353859   1
       280   4.444797e+08  1.491771e+08  9.637890e+02   3365880   1
       281   3.221155e+08  1.492401e+08  9.684010e+02   3377901   1
       282   2.277849e+08  1.493099e+08  9.730110e+02   3389922   1
       283   3.117567e+08  1.494501e+08  9.776360e+02   3401943   1
       284   1.978780e+08  1.494928e+08  9.821200e+02   3413964   1
       285   1.590579e+08  1.495698e+08  9.866990e+02   3425985   1
       286   5.397611e+08  1.496453e+08  9.913080e+02   3438006   1
       287   2.786552e+08  1.496867e+08  9.959020e+02   3450027   1
       288   1.960781e+08  1.497261e+08  1.000433e+03   3462048   1
       289   2.083171e+08  1.499080e+08  1.005012e+03   3474069   1
       290   3.498020e+08  1.499140e+08  1.009622e+03   3486090   1
       291   4.059899e+08  1.499263e+08  1.014295e+03   3498111   1
       292   1.854641e+08  1.507301e+08  1.018873e+03   3510132   1
       293   4.890007e+08  1.511562e+08  1.023530e+03   3522153   1
       294   3.794418e+08  1.513020e+08  1.028250e+03   3534174   1
       295   3.831057e+08  1.513918e+08  1.032952e+03   3546195   1
       296   2.514360e+08  1.515570e+08  1.037579e+03   3558216   1
       297   1.859420e+08  1.519182e+08  1.042251e+03   3570237   1
       298   1.112645e+08  1.522001e+08  1.046844e+03   3582258   1
       299   1.541019e+08  1.522283e+08  1.051484e+03   3594279   1
       300   1.512887e+08  1.522923e+08  1.056125e+03   3606300   1
       301   4.414581e+08  1.523606e+08  1.060766e+03   3618321   1
       302   5.625125e+08  1.524530e+08  1.065408e+03   3630342   1
       303   2.308365e+08  1.525584e+08  1.070175e+03   3642363   1
       304   3.608017e+08  1.526220e+08  1.074784e+03   3654384   1
       305   1.048632e+08  1.528966e+08  1.079378e+03   3666405   1
       306   1.270132e+08  1.530236e+08  1.084005e+03   3678426   1
       307   2.524755e+08  1.531601e+08  1.088742e+03   3690447   1
       308   1.724325e+08  1.532976e+08  1.093351e+03   3702468   1
       309   2.733794e+08  1.534116e+08  1.098086e+03   3714489   1
       310   3.300927e+08  1.536723e+08  1.102852e+03   3726510   1
       311   1.633617e+08  1.537466e+08  1.107478e+03   3738531   1
       312   2.124547e+08  1.537982e+08  1.112245e+03   3750552   1
       313   3.145840e+08  1.538703e+08  1.117026e+03   3762573   1
       314   1.634190e+08  1.539464e+08  1.121714e+03   3774594   1
       315   1.822732e+08  1.539648e+08  1.126464e+03   3786615   1
       316   4.373976e+08  1.541584e+08  1.131276e+03   3798636   1
       317   1.195633e+08  1.542592e+08  1.136026e+03   3810657   1
       318   2.325778e+08  1.542993e+08  1.140729e+03   3822678   1
       319   2.661018e+08  1.544532e+08  1.145510e+03   3834699   1
       320   2.936932e+08  1.547254e+08  1.150322e+03   3846720   1
       321   2.911369e+08  1.548717e+08  1.155152e+03   3858741   1
       322   1.439034e+08  1.549152e+08  1.159917e+03   3870762   1
       323   2.151163e+08  1.551188e+08  1.164745e+03   3882783   1
       324   4.469721e+08  1.551324e+08  1.169510e+03   3894804   1
       325   6.309997e+08  1.552314e+08  1.174354e+03   3906825   1
       326   2.477677e+08  1.553008e+08  1.179231e+03   3918846   1
       327   2.061385e+08  1.554037e+08  1.184046e+03   3930867   1
       328   1.920804e+08  1.554561e+08  1.188889e+03   3942888   1
       329   3.119727e+08  1.555851e+08  1.193733e+03   3954909   1
       330   2.037766e+08  1.556589e+08  1.198498e+03   3966930   1
       331   1.564692e+08  1.557106e+08  1.203186e+03   3978951   1
       332   2.063434e+08  1.558338e+08  1.207968e+03   3990972   1
       333   2.107115e+08  1.559803e+08  1.212780e+03   4002993   1
       334   2.114121e+08  1.560142e+08  1.217529e+03   4015014   1
       335   1.849709e+08  1.560340e+08  1.222357e+03   4027035   1
       336   3.345416e+08  1.560551e+08  1.227233e+03   4039056   1
       337   2.028091e+08  1.563463e+08  1.231982e+03   4051077   1
       338   3.443147e+08  1.563722e+08  1.236841e+03   4063098   1
       339   3.220630e+08  1.565384e+08  1.241654e+03   4075119   1
       340   3.907543e+08  1.566044e+08  1.246403e+03   4087140   1
       341   3.370863e+08  1.567101e+08  1.251247e+03   4099161   1
       342   4.297402e+08  1.567904e+08  1.256059e+03   4111182   1
       343   1.554378e+08  1.569908e+08  1.260874e+03   4123203   1
       344   2.219003e+08  1.572565e+08  1.265796e+03   4135224   1
       345   5.061593e+08  1.575461e+08  1.270624e+03   4147245   1
       346   3.882114e+08  1.576238e+08  1.275500e+03   4159266   1
       347   2.715226e+08  1.577672e+08  1.280407e+03   4171287   1
       348   1.965787e+08  1.578309e+08  1.285236e+03   4183308   1
       349   1.658894e+08  1.579126e+08  1.290126e+03   4195329   1
       350   1.759530e+08  1.581221e+08  1.295110e+03   4207350   1
       351   1.473997e+08  1.582090e+08  1.299985e+03   4219371   1
       352   4.232142e+08  1.583106e+08  1.304768e+03   4231392   1
       353   5.520492e+08  1.584246e+08  1.309815e+03   4243413   1
       354   1.606229e+08  1.584976e+08  1.314659e+03   4255434   1
       355   2.305057e+08  1.585476e+08  1.319659e+03   4267455   1
       356   1.883516e+08  1.586014e+08  1.324675e+03   4279476   1
       357   9.184281e+08  1.586221e+08  1.329659e+03   4291497   1
       358   6.808060e+08  1.586553e+08  1.334644e+03   4303518   1
       359   4.198165e+08  1.586565e+08  1.339722e+03   4315539   1
       360   2.809869e+08  1.586997e+08  1.344675e+03   4327560   1
       361   1.729179e+08  1.587733e+08  1.349706e+03   4339581   1
       362   2.176183e+08  1.589618e+08  1.354723e+03   4351602   1
       363   2.432219e+08  1.591494e+08  1.359738e+03   4363623   1
       364   2.331481e+08  1.591940e+08  1.364738e+03   4375644   1
       365   4.509771e+08  1.592714e+08  1.369784e+03   4387665   1
       366   3.297849e+08  1.594904e+08  1.374753e+03   4399686   1
       367   2.386917e+08  1.596381e+08  1.379752e+03   4411707   1
       368   3.771508e+08  1.597688e+08  1.384659e+03   4423728   1
       369   1.510364e+08  1.597995e+08  1.389630e+03   4435749   1
       370   2.497910e+08  1.598054e+08  1.394678e+03   4447770   1
       371   3.368095e+08  1.598854e+08  1.399725e+03   4459791   1
       372   2.866596e+08  1.599991e+08  1.404743e+03   4471812   1
       373   1.994279e+08  1.600382e+08  1.409806e+03   4483833   1
       374   5.639294e+08  1.602111e+08  1.414821e+03   4495854   1
       375   1.997038e+08  1.602148e+08  1.419775e+03   4507875   1
       376   7.959676e+08  1.602730e+08  1.424853e+03   4519896   1
       377   6.475919e+08  1.603795e+08  1.429931e+03   4531917   1
       378   2.308721e+08  1.604352e+08  1.434917e+03   4543938   1
       379   3.420488e+08  1.605136e+08  1.440010e+03   4555959   1
       380   3.738125e+08  1.605151e+08  1.445119e+03   4567980   1
       381   1.743541e+08  1.605496e+08  1.450042e+03   4580001   1
       382   1.550682e+08  1.605983e+08  1.455120e+03   4592022   1
       383   3.495237e+08  1.606436e+08  1.460183e+03   4604043   1
       384   1.837355e+08  1.606692e+08  1.465216e+03   4616064   1
       385   2.161981e+08  1.607054e+08  1.470309e+03   4628085   1
       386   1.378142e+08  1.607809e+08  1.475262e+03   4640106   1
       387   2.618054e+08  1.608247e+08  1.480247e+03   4652127   1
       388   1.722374e+08  1.608674e+08  1.485358e+03   4664148   1
       389   3.809178e+08  1.609456e+08  1.490452e+03   4676169   1
       390   1.826754e+08  1.609494e+08  1.495514e+03   4688190   1
       391   1.570419e+08  1.609779e+08  1.500624e+03   4700211   1
       392   6.107143e+08  1.610504e+08  1.505876e+03   4712232   1
       393   1.485937e+08  1.610873e+08  1.511016e+03   4724253   1
       394   1.506813e+08  1.610913e+08  1.516110e+03   4736274   1
       395   1.473656e+08  1.611246e+08  1.521203e+03   4748295   1
       396   2.903284e+08  1.611429e+08  1.526343e+03   4760316   1
       397   3.653018e+08  1.612247e+08  1.531437e+03   4772337   1
       398   3.056927e+08  1.612472e+08  1.536531e+03   4784358   1
       399   2.397588e+08  1.613019e+08  1.541782e+03   4796379   1
       400   1.410751e+08  1.613082e+08  1.546892e+03   4808400   1
       401   5.194321e+08  1.613693e+08  1.552035e+03   4820421   1
       402   3.243860e+08  1.613736e+08  1.557284e+03   4832442   1
       403   3.074188e+08  1.614426e+08  1.562456e+03   4844463   1
       404   6.582208e+08  1.614816e+08  1.567660e+03   4856484   1
       405   2.192322e+08  1.615486e+08  1.572879e+03   4868505   1
       406   4.269384e+08  1.616513e+08  1.578097e+03   4880526   1
       407   2.264747e+08  1.617671e+08  1.583240e+03   4892547   1
       408   1.551226e+08  1.619195e+08  1.588474e+03   4904568   1
       409   2.049750e+08  1.620456e+08  1.593708e+03   4916589   1
       410   2.538815e+08  1.621063e+08  1.598927e+03   4928610   1
       411   2.097328e+08  1.621269e+08  1.604192e+03   4940631   1
       412   1.113904e+08  1.621514e+08  1.609411e+03   4952652   1
       413   2.365156e+08  1.622259e+08  1.614660e+03   4964673   1
       414   2.518101e+08  1.622358e+08  1.620019e+03   4976694   1
       415   2.645996e+08  1.622682e+08  1.625347e+03   4988715   1
       416   4.325132e+08  1.623167e+08  1.630581e+03   5000736   1
       417   3.451930e+08  1.623594e+08  1.635878e+03   5012757   1
       418   1.288283e+08  1.623872e+08  1.641161e+03   5024778   1
       419   1.536834e+08  1.624281e+08  1.646444e+03   5036799   1
       420   2.412860e+08  1.624489e+08  1.651740e+03   5048820   1
       421   1.435339e+08  1.626285e+08  1.657054e+03   5060841   1
       422   7.979329e+08  1.628148e+08  1.662337e+03   5072862   1
       423   1.962339e+08  1.628905e+08  1.667728e+03   5084883   1
       424   1.656148e+08  1.629365e+08  1.673025e+03   5096904   1
       425   1.851611e+08  1.629518e+08  1.678307e+03   5108925   1
       426   2.590514e+08  1.630612e+08  1.683670e+03   5120946   1
       427   1.809244e+08  1.631276e+08  1.689045e+03   5132967   1
       428   2.960945e+08  1.632045e+08  1.694390e+03   5144988   1
       429   4.798376e+08  1.632367e+08  1.699766e+03   5157009   1
       430   4.152006e+08  1.632622e+08  1.705110e+03   5169030   1
       431   2.463695e+08  1.633383e+08  1.710500e+03   5181051   1
       432   2.936830e+08  1.634148e+08  1.715906e+03   5193072   1
       433   2.260857e+08  1.634946e+08  1.721253e+03   5205093   1
       434   5.826627e+08  1.635200e+08  1.726659e+03   5217114   1
       435   1.594281e+08  1.635415e+08  1.731956e+03   5229135   1
       436   2.171763e+08  1.635696e+08  1.737191e+03   5241156   1
       437   1.701768e+08  1.636012e+08  1.742491e+03   5253177   1
       438   1.474955e+08  1.637051e+08  1.747821e+03   5265198   1
       439   1.993943e+08  1.637240e+08  1.753149e+03   5277219   1
       440   2.643713e+08  1.638533e+08  1.758416e+03   5289240   1
       441   3.337428e+08  1.639178e+08  1.763729e+03   5301261   1
       442   1.660394e+08  1.639757e+08  1.769026e+03   5313282   1
       443   2.901740e+08  1.641665e+08  1.774373e+03   5325303   1
       444   1.668669e+08  1.644326e+08  1.779732e+03   5337324   1
       445   1.325428e+08  1.644830e+08  1.785028e+03   5349345   1
       446   1.529538e+08  1.645357e+08  1.790467e+03   5361366   1
       447   1.913956e+08  1.646679e+08  1.795749e+03   5373387   1
       448   1.221076e+08  1.646683e+08  1.801032e+03   5385408   1
       449   1.952849e+08  1.647457e+08  1.806345e+03   5397429   1
       450   1.437857e+08  1.648614e+08  1.811688e+03   5409450   1
       451   1.940969e+08  1.650079e+08  1.817082e+03   5421471   1
       452   3.947424e+08  1.650350e+08  1.822505e+03   5433492   1
       453   3.083405e+08  1.651166e+08  1.827927e+03   5445513   1
       454   1.780701e+08  1.653206e+08  1.833303e+03   5457534   1
       455   2.467620e+08  1.654114e+08  1.838773e+03   5469555   1
       456   1.266335e+08  1.655578e+08  1.844103e+03   5481576   1
       457   5.247667e+08  1.655874e+08  1.849478e+03   5493597   1
       458   5.946300e+08  1.656203e+08  1.854947e+03   5505618   1
       459   4.523717e+08  1.656406e+08  1.860449e+03   5517639   1
       460   1.903821e+08  1.658044e+08  1.865917e+03   5529660   1
       461   5.706384e+08  1.658212e+08  1.871371e+03   5541681   1
       462   1.604456e+08  1.658990e+08  1.876794e+03   5553702   1
       463   2.714332e+08  1.659663e+08  1.882216e+03   5565723   1
       464   1.684423e+08  1.660329e+08  1.887715e+03   5577744   1
       465   3.653830e+08  1.660890e+08  1.893199e+03   5589765   1
       466   4.815210e+08  1.661809e+08  1.898777e+03   5601786   1
       467   1.301767e+08  1.662975e+08  1.904262e+03   5613807   1
       468   1.576437e+08  1.664145e+08  1.909778e+03   5625828   1
       469   4.137028e+08  1.664367e+08  1.915295e+03   5637849   1
       470   1.256784e+08  1.665088e+08  1.920811e+03   5649870   1
       471   2.318780e+08  1.665517e+08  1.926375e+03   5661891   1
       472   2.969687e+08  1.666018e+08  1.932000e+03   5673912   1
       473   6.342451e+08  1.666501e+08  1.937562e+03   5685933   1
       474   5.388684e+08  1.667370e+08  1.943156e+03   5697954   1
       475   2.330013e+08  1.668294e+08  1.948719e+03   5709975   1
       476   3.350108e+08  1.668834e+08  1.954313e+03   5721996   1
       477   2.627407e+08  1.668845e+08  1.959954e+03   5734017   1
       478   1.525998e+08  1.669349e+08  1.965612e+03   5746038   1
       479   1.948434e+08  1.669776e+08  1.971205e+03   5758059   1
       480   2.112181e+08  1.669786e+08  1.976924e+03   5770080   1
       481   4.768429e+08  1.670621e+08  1.982548e+03   5782101   1
       482   2.853244e+08  1.671169e+08  1.988159e+03   5794122   1
       483   2.905913e+08  1.671633e+08  1.993881e+03   5806143   1
       484   2.397610e+08  1.672251e+08  1.999553e+03   5818164   1
       485   2.334992e+08  1.672255e+08  2.005195e+03   5830185   1
       486   1.869923e+08  1.672652e+08  2.010882e+03   5842206   1
       487   1.831044e+08  1.673086e+08  2.016633e+03   5854227   1
       488   1.954903e+08  1.673239e+08  2.022384e+03   5866248   1
       489   2.186307e+08  1.673721e+08  2.028104e+03   5878269   1
       490   2.340930e+08  1.674396e+08  2.033824e+03   5890290   1
       491   2.939542e+08  1.674428e+08  2.039574e+03   5902311   1
       492   2.624885e+08  1.674798e+08  2.045340e+03   5914332   1
       493   2.415404e+08  1.674898e+08  2.051075e+03   5926353   1
       494   6.558902e+08  1.675187e+08  2.056809e+03   5938374   1
       495   1.926181e+08  1.675386e+08  2.062574e+03   5950395   1
       496   2.505862e+08  1.676194e+08  2.068403e+03   5962416   1
       497   2.532784e+08  1.676571e+08  2.074139e+03   5974437   1
       498   2.976568e+08  1.676890e+08  2.079861e+03   5986458   1
       499   4.515385e+08  1.677044e+08  2.085706e+03   5998479   1
       500   1.646323e+08  1.677089e+08  2.091456e+03   6010500   1
       501   2.319566e+08  1.677602e+08  2.097270e+03   6022521   1
       502   2.080572e+08  1.678032e+08  2.103051e+03   6034542   1
       503   2.615724e+08  1.678686e+08  2.108895e+03   6046563   1
       504   1.838402e+08  1.678841e+08  2.114692e+03   6058584   1
       505   3.217838e+08  1.679114e+08  2.120490e+03   6070605   1
       506   2.457001e+08  1.679434e+08  2.126352e+03   6082626   1
       507   2.422732e+08  1.679787e+08  2.132196e+03   6094647   1
       508   1.271331e+08  1.680066e+08  2.138073e+03   6106668   1
       509   4.364594e+08  1.680331e+08  2.143980e+03   6118689   1
       510   1.790352e+08  1.680507e+08  2.149778e+03   6130710   1
       511   5.482292e+08  1.680704e+08  2.155637e+03   6142731   1
       512   3.891298e+08  1.681216e+08  2.161465e+03   6154752   1
       513   2.630305e+08  1.681539e+08  2.167324e+03   6166773   1
       514   2.286518e+08  1.682014e+08  2.173230e+03   6178794   1
       515   1.371988e+08  1.682870e+08  2.179121e+03   6190815   1
       516   1.402691e+08  1.683016e+08  2.185091e+03   6202836   1
       517   2.236461e+08  1.683384e+08  2.191137e+03   6214857   1
       518   3.431925e+08  1.683724e+08  2.197106e+03   6226878   1
       519   1.962739e+08  1.684204e+08  2.203074e+03   6238899   1
       520   1.747817e+08  1.684658e+08  2.209107e+03   6250920   1
       521   2.629759e+08  1.685393e+08  2.215029e+03   6262941   1
       522   1.459972e+08  1.685545e+08  2.221061e+03   6274962   1
       523   1.771561e+08  1.685705e+08  2.227078e+03   6286983   1
       524   2.189951e+08  1.686297e+08  2.233049e+03   6299004   1
       525   1.999498e+08  1.686372e+08  2.239097e+03   6311025   1
       526   5.897189e+08  1.687004e+08  2.245128e+03   6323046   1
       527   2.980865e+08  1.687666e+08  2.251147e+03   6335067   1
       528   3.017227e+08  1.688017e+08  2.257260e+03   6347088   1
       529   2.480954e+08  1.688901e+08  2.263370e+03   6359109   1
       530   1.893483e+08  1.689465e+08  2.269323e+03   6371130   1
       531   1.377102e+08  1.690296e+08  2.275292e+03   6383151   1
       532   2.413340e+08  1.690570e+08  2.281323e+03   6395172   1
       533   1.824118e+08  1.691402e+08  2.287324e+03   6407193   1
       534   2.373396e+08  1.691682e+08  2.293388e+03   6419214   1
       535   3.883470e+08  1.691860e+08  2.299420e+03   6431235   1
       536   2.887344e+08  1.692323e+08  2.305498e+03   6443256   1
       537   7.227245e+08  1.692493e+08  2.311626e+03   6455277   1
       538   4.000996e+08  1.693661e+08  2.317751e+03   6467298   1
       539   3.484608e+08  1.694144e+08  2.323893e+03   6479319   1
       540   6.514101e+08  1.694429e+08  2.329989e+03   6491340   1
       541   4.246885e+08  1.694944e+08  2.336024e+03   6503361   1
       542   1.443946e+08  1.695631e+08  2.342149e+03   6515382   1
       543   1.999506e+08  1.696001e+08  2.348291e+03   6527403   1
       544   2.058451e+08  1.696461e+08  2.354400e+03   6539424   1
       545   2.095142e+08  1.697518e+08  2.360589e+03   6551445   1
       546   1.974668e+08  1.698002e+08  2.366776e+03   6563466   1
       547   1.577255e+08  1.698401e+08  2.372872e+03   6575487   1
       548   3.497550e+08  1.698465e+08  2.379106e+03   6587508   1
       549   3.700319e+08  1.698828e+08  2.385264e+03   6599529   1
       550   1.788627e+08  1.698943e+08  2.391406e+03   6611550   1
       551   3.084915e+08  1.699734e+08  2.397656e+03   6623571   1
       552   1.423045e+08  1.699928e+08  2.403845e+03   6635592   1
       553   2.415586e+08  1.700567e+08  2.409957e+03   6647613   1
       554   5.510134e+08  1.700906e+08  2.416208e+03   6659634   1
       555   1.297489e+08  1.701126e+08  2.422381e+03   6671655   1
       556   1.539969e+08  1.701575e+08  2.428505e+03   6683676   1
       557   1.960549e+08  1.701775e+08  2.434741e+03   6695697   1
       558   5.433092e+08  1.701932e+08  2.440916e+03   6707718   1
       559   1.997359e+08  1.702913e+08  2.447075e+03   6719739   1
       560   1.724321e+08  1.703132e+08  2.453218e+03   6731760   1
       561   2.370368e+08  1.703580e+08  2.459389e+03   6743781   1
       562   4.359441e+08  1.703683e+08  2.465655e+03   6755802   1
       563   3.099693e+08  1.703810e+08  2.472014e+03   6767823   1
       564   2.933171e+08  1.704185e+08  2.478330e+03   6779844   1
       565   1.300048e+08  1.704486e+08  2.484627e+03   6791865   1
       566   2.150398e+08  1.705716e+08  2.490970e+03   6803886   1
       567   2.190573e+08  1.705872e+08  2.497267e+03   6815907   1
       568   4.887642e+08  1.706212e+08  2.503564e+03   6827928   1
       569   5.199474e+08  1.706276e+08  2.509799e+03   6839949   1
       570   4.155289e+08  1.706475e+08  2.516049e+03   6851970   1
       571   1.642070e+08  1.706948e+08  2.522363e+03   6863991   1
       572   1.585728e+08  1.707486e+08  2.528723e+03   6876012   1
       573   2.132952e+08  1.707925e+08  2.534976e+03   6888033   1
       574   2.465702e+08  1.708032e+08  2.541382e+03   6900054   1
       575   2.455120e+08  1.708414e+08  2.547788e+03   6912075   1
       576   2.545065e+08  1.708632e+08  2.554116e+03   6924096   1
       577   2.048525e+08  1.709028e+08  2.560538e+03   6936117   1
       578   4.065360e+08  1.709660e+08  2.566898e+03   6948138   1
       579   2.374561e+08  1.710241e+08  2.573273e+03   6960159   1
       580   5.249553e+08  1.711392e+08  2.579666e+03   6972180   1
       581   1.864810e+08  1.711655e+08  2.586120e+03   6984201   1
       582   3.476244e+08  1.712073e+08  2.592542e+03   6996222   1
       583   5.997365e+08  1.712330e+08  2.598918e+03   7008243   1
       584   1.589897e+08  1.712706e+08  2.605246e+03   7020264   1
       585   2.546722e+08  1.713060e+08  2.611766e+03   7032285   1
       586   4.538334e+08  1.713799e+08  2.618156e+03   7044306   1
       587   2.361671e+08  1.714323e+08  2.624691e+03   7056327   1
       588   2.385280e+08  1.714751e+08  2.631130e+03   7068348   1
       589   2.785059e+08  1.715095e+08  2.637504e+03   7080369   1
       590   4.104087e+08  1.715539e+08  2.644035e+03   7092390   1
       591   5.309432e+08  1.717408e+08  2.650491e+03   7104411   1
       592   2.863526e+08  1.718300e+08  2.656881e+03   7116432   1
       593   2.944888e+08  1.719350e+08  2.663334e+03   7128453   1
       594   2.513235e+08  1.719485e+08  2.669774e+03   7140474   1
       595   2.556783e+08  1.719594e+08  2.676258e+03   7152495   1
       596   6.187570e+08  1.720070e+08  2.682715e+03   7164516   1
       597   3.522308e+08  1.721067e+08  2.689262e+03   7176537   1
       598   3.596025e+08  1.721652e+08  2.695652e+03   7188558   1
       599   1.197511e+08  1.722147e+08  2.702121e+03   7200579   1
       600   2.429561e+08  1.722602e+08  2.708590e+03   7212600   1
       601   1.631624e+08  1.722856e+08  2.715028e+03   7224621   1
       602   1.406067e+08  1.723255e+08  2.721559e+03   7236642   1
       603   1.971057e+08  1.723372e+08  2.728107e+03   7248663   1
       604   2.801979e+08  1.723624e+08  2.734623e+03   7260684   1
       605   2.360534e+08  1.724072e+08  2.741141e+03   7272705   1
       606   1.205635e+08  1.724619e+08  2.747594e+03   7284726   1
       607   3.500880e+08  1.724758e+08  2.754094e+03   7296747   1
       608   3.569296e+08  1.725344e+08  2.760688e+03   7308768   1
       609   7.520984e+08  1.725658e+08  2.767266e+03   7320789   1
       610   2.190364e+08  1.726103e+08  2.773798e+03   7332810   1
       611   6.205660e+08  1.727331e+08  2.780438e+03   7344831   1
       612   1.806073e+08  1.727566e+08  2.786924e+03   7356852   1
       613   2.489461e+08  1.727635e+08  2.793534e+03   7368873   1
       614   3.660380e+08  1.728319e+08  2.800066e+03   7380894   1
       615   1.690706e+08  1.728761e+08  2.806645e+03   7392915   1
       616   2.087873e+08  1.729046e+08  2.813192e+03   7404936   1
       617   2.202577e+08  1.729144e+08  2.819754e+03   7416957   1
       618   1.787303e+08  1.729433e+08  2.826332e+03   7428978   1
       619   2.995945e+08  1.729536e+08  2.832988e+03   7440999   1
       620   1.828927e+08  1.729912e+08  2.839613e+03   7453020   1
       621   4.105663e+08  1.729940e+08  2.846238e+03   7465041   1
       622   2.227798e+08  1.730273e+08  2.852894e+03   7477062   1
       623   2.228278e+08  1.730666e+08  2.859461e+03   7489083   1
       624   2.230706e+08  1.730988e+08  2.865961e+03   7501104   1
       625   2.197532e+08  1.731670e+08  2.872601e+03   7513125   1
       626   2.704771e+08  1.731732e+08  2.879243e+03   7525146   1
       627   2.445388e+08  1.731850e+08  2.885853e+03   7537167   1
       628   1.541928e+08  1.732223e+08  2.892431e+03   7549188   1
       629   7.334287e+08  1.732593e+08  2.899009e+03   7561209   1
       630   2.077478e+08  1.732772e+08  2.905586e+03   7573230   1
       631   3.471539e+08  1.733159e+08  2.912148e+03   7585251   1
       632   1.757808e+08  1.733259e+08  2.918789e+03   7597272   1
       633   2.477213e+08  1.733595e+08  2.925476e+03   7609293   1
       634   6.699583e+08  1.733892e+08  2.932229e+03   7621314   1
       635   1.734218e+08  1.734153e+08  2.938963e+03   7633335   1
       636   2.225463e+08  1.734252e+08  2.945666e+03   7645356   1
       637   2.820588e+08  1.734781e+08  2.952386e+03   7657377   1
       638   4.804496e+08  1.734836e+08  2.959105e+03   7669398   1
       639   2.787095e+08  1.735604e+08  2.965794e+03   7681419   1
       640   2.246509e+08  1.735609e+08  2.972543e+03   7693440   1
       641   4.655610e+08  1.735651e+08  2.979232e+03   7705461   1
       642   1.990145e+08  1.736998e+08  2.985984e+03   7717482   1
       643   3.776022e+08  1.737789e+08  2.992722e+03   7729503   1
       644   2.207391e+08  1.738098e+08  2.999425e+03   7741524   1
       645   3.001857e+08  1.738403e+08  3.006241e+03   7753545   1
       646   5.500226e+08  1.738551e+08  3.013007e+03   7765566   1
       647   1.626419e+08  1.739369e+08  3.019789e+03   7777587   1
       648   1.564816e+08  1.739883e+08  3.026539e+03   7789608   1
       649   7.029300e+08  1.740236e+08  3.033304e+03   7801629   1
       650   2.504082e+08  1.741486e+08  3.040101e+03   7813650   1
       651   2.642537e+08  1.741539e+08  3.046916e+03   7825671   1
       652   1.670224e+08  1.741868e+08  3.053728e+03   7837692   1
       653   2.292226e+08  1.741972e+08  3.060478e+03   7849713   1
       654   2.313059e+08  1.742571e+08  3.067260e+03   7861734   1
       655   6.284000e+08  1.742766e+08  3.073963e+03   7873755   1
       656   1.092977e+09  1.743297e+08  3.080732e+03   7885776   1
       657   2.716658e+08  1.743698e+08  3.087576e+03   7897797   1
       658   3.682730e+08  1.744297e+08  3.094424e+03   7909818   1
       659   2.761312e+08  1.744490e+08  3.101127e+03   7921839   1
       660   2.062053e+08  1.744911e+08  3.108007e+03   7933860   1
       661   3.248583e+08  1.744929e+08  3.114866e+03   7945881   1
       662   3.040562e+08  1.745263e+08  3.121787e+03   7957902   1
       663   1.899388e+08  1.746058e+08  3.128662e+03   7969923   1
       664   2.665050e+08  1.746059e+08  3.135568e+03   7981944   1
       665   1.724270e+08  1.746540e+08  3.142412e+03   7993965   1
       666   2.194842e+08  1.746954e+08  3.149287e+03   8005986   1
       667   3.537002e+08  1.747559e+08  3.156162e+03   8018007   1
       668   2.987745e+08  1.748524e+08  3.163052e+03   8030028   1
       669   1.478321e+08  1.748621e+08  3.169896e+03   8042049   1
       670   2.208147e+08  1.748934e+08  3.176740e+03   8054070   1
       671   2.622263e+08  1.749848e+08  3.183713e+03   8066091   1
       672   2.045674e+08  1.750180e+08  3.190652e+03   8078112   1
       673   3.270390e+08  1.750548e+08  3.197625e+03   8090133   1
       674   2.136969e+08  1.750778e+08  3.204547e+03   8102154   1
       675   1.835262e+08  1.750871e+08  3.211548e+03   8114175   1
       676   2.213592e+08  1.751219e+08  3.218455e+03   8126196   1
       677   2.088296e+08  1.751239e+08  3.225423e+03   8138217   1
       678   2.383315e+08  1.751676e+08  3.232408e+03   8150238   1
       679   3.436599e+08  1.751882e+08  3.239360e+03   8162259   1
       680   4.286982e+08  1.752859e+08  3.246330e+03   8174280   1
       681   3.828640e+08  1.753549e+08  3.253251e+03   8186301   1
       682   1.905213e+08  1.753858e+08  3.260266e+03   8198322   1
       683   3.618803e+08  1.754390e+08  3.267219e+03   8210343   1
       684   2.227496e+08  1.754547e+08  3.274128e+03   8222364   1
       685   1.930732e+08  1.754888e+08  3.281143e+03   8234385   1
       686   3.409239e+08  1.755080e+08  3.288174e+03   8246406   1
       687   6.875352e+08  1.755452e+08  3.295205e+03   8258427   1
       688   1.671658e+08  1.755860e+08  3.302095e+03   8270448   1
       689   1.639379e+08  1.755966e+08  3.309080e+03   8282469   1
       690   1.931877e+08  1.756676e+08  3.316115e+03   8294490   1
       691   2.995982e+08  1.757587e+08  3.323209e+03   8306511   1
       692   4.369089e+08  1.757895e+08  3.330245e+03   8318532   1
       693   2.125016e+08  1.758402e+08  3.337229e+03   8330553   1
       694   2.255997e+08  1.758491e+08  3.344247e+03   8342574   1
       695   2.197120e+08  1.758719e+08  3.351341e+03   8354595   1
       696   1.828052e+08  1.759423e+08  3.358454e+03   8366616   1
       697   3.325292e+08  1.759605e+08  3.365469e+03   8378637   1
       698   2.142636e+08  1.760193e+08  3.372552e+03   8390658   1
       699   2.209081e+08  1.760386e+08  3.379676e+03   8402679   1
       700   2.626317e+08  1.760504e+08  3.386743e+03   8414700   1
       701   1.975637e+08  1.760609e+08  3.393852e+03   8426721   1
       702   2.197976e+08  1.760893e+08  3.400899e+03   8438742   1
       703   1.829795e+08  1.761714e+08  3.408040e+03   8450763   1
       704   1.741545e+08  1.761823e+08  3.415149e+03   8462784   1
       705   1.426744e+08  1.762690e+08  3.422180e+03   8474805   1
       706   1.518038e+08  1.762764e+08  3.429351e+03   8486826   1
       707   1.994808e+08  1.764019e+08  3.436414e+03   8498847   1
       708   1.350314e+08  1.764109e+08  3.443554e+03   8510868   1
       709   3.844410e+08  1.764797e+08  3.450741e+03   8522889   1
       710   2.172444e+08  1.765042e+08  3.457850e+03   8534910   1
       711   1.571141e+08  1.765466e+08  3.464991e+03   8546931   1
       712   2.059319e+08  1.765685e+08  3.472179e+03   8558952   1
       713   2.378724e+08  1.765870e+08  3.479476e+03   8570973   1
       714   3.489572e+08  1.766187e+08  3.486663e+03   8582994   1
       715   2.965422e+08  1.767019e+08  3.493898e+03   8595015   1
       716   2.018399e+08  1.767732e+08  3.501069e+03   8607036   1
       717   2.906738e+08  1.767897e+08  3.508303e+03   8619057   1
       718   2.768794e+08  1.768240e+08  3.515491e+03   8631078   1
       719   3.839137e+08  1.768552e+08  3.522647e+03   8643099   1
       720   2.220793e+08  1.768818e+08  3.529709e+03   8655120   1
       721   1.372827e+08  1.769210e+08  3.536865e+03   8667141   1
       722   3.192926e+08  1.770386e+08  3.544178e+03   8679162   1
       723   2.493998e+08  1.770865e+08  3.551397e+03   8691183   1
       724   3.018998e+08  1.771558e+08  3.558569e+03   8703204   1
       725   1.901432e+08  1.771564e+08  3.565699e+03   8715225   1
       726   2.856974e+08  1.771845e+08  3.573042e+03   8727246   1
       727   3.542687e+08  1.771954e+08  3.580265e+03   8739267   1
       728   3.855959e+08  1.772546e+08  3.587532e+03   8751288   1
       729   2.621658e+08  1.773179e+08  3.594802e+03   8763309   1
       730   5.689018e+08  1.773765e+08  3.602083e+03   8775330   1
       731   2.335488e+08  1.774076e+08  3.609272e+03   8787351   1
       732   2.390576e+08  1.774639e+08  3.616522e+03   8799372   1
       733   2.415918e+08  1.774908e+08  3.623745e+03   8811393   1
       734   1.978853e+08  1.775041e+08  3.631042e+03   8823414   1
       735   2.435284e+08  1.775306e+08  3.638372e+03   8835435   1
       736   1.158509e+08  1.775449e+08  3.645639e+03   8847456   1
       737   5.736161e+08  1.775791e+08  3.652909e+03   8859477   1
       738   2.060693e+08  1.776630e+08  3.660284e+03   8871498   1
       739   2.538169e+08  1.776893e+08  3.667631e+03   8883519   1
       740   7.502481e+08  1.777025e+08  3.674977e+03   8895540   1
       741   1.821120e+08  1.777125e+08  3.682292e+03   8907561   1
       742   1.826016e+08  1.778159e+08  3.689527e+03   8919582   1
       743   1.529989e+08  1.778784e+08  3.696811e+03   8931603   1
       744   1.987745e+08  1.779263e+08  3.704155e+03   8943624   1
       745   1.880132e+08  1.779819e+08  3.711594e+03   8955645   1
       746   2.994835e+08  1.779961e+08  3.718926e+03   8967666   1
       747   1.864243e+08  1.780087e+08  3.726337e+03   8979687   1
       748   2.811669e+08  1.780495e+08  3.733696e+03   8991708   1
       749   2.473433e+08  1.780519e+08  3.741212e+03   9003729   1
       750   4.387846e+08  1.780713e+08  3.748540e+03   9015750   1
       751   2.594839e+08  1.781170e+08  3.755996e+03   9027771   1
       752   6.158624e+08  1.781463e+08  3.763513e+03   9039792   1
       753   2.438740e+08  1.781658e+08  3.770934e+03   9051813   1
       754   2.264087e+08  1.782201e+08  3.778418e+03   9063834   1
       755   1.832118e+08  1.782232e+08  3.785904e+03   9075855   1
       756   5.306050e+08  1.782672e+08  3.793404e+03   9087876   1
       757   5.045847e+08  1.782718e+08  3.800874e+03   9099897   1
       758   2.512641e+08  1.783176e+08  3.808421e+03   9111918   1
       759   2.679480e+08  1.783502e+08  3.815843e+03   9123939   1
       760   2.049534e+08  1.783720e+08  3.823281e+03   9135960   1
       761   4.035853e+08  1.783746e+08  3.830656e+03   9147981   1
       762   1.896078e+08  1.783918e+08  3.838125e+03   9160002   1
       763   2.320272e+08  1.784762e+08  3.845703e+03   9172023   1
       764   1.482141e+08  1.784977e+08  3.853203e+03   9184044   1
       765   3.344477e+08  1.785289e+08  3.860608e+03   9196065   1
       766   5.023113e+08  1.785651e+08  3.868140e+03   9208086   1
       767   2.202210e+08  1.786142e+08  3.875735e+03   9220107   1
       768   1.804356e+08  1.786497e+08  3.883283e+03   9232128   1
       769   3.183460e+08  1.786850e+08  3.890830e+03   9244149   1
       770   2.404561e+08  1.787074e+08  3.898502e+03   9256170   1
       771   2.330315e+08  1.787085e+08  3.905986e+03   9268191   1
       772   2.806797e+08  1.787277e+08  3.913439e+03   9280212   1
       773   4.361618e+08  1.787519e+08  3.921111e+03   9292233   1
       774   5.023753e+08  1.787863e+08  3.928767e+03   9304254   1
       775   2.651735e+08  1.788001e+08  3.936362e+03   9316275   1
       776   2.140577e+08  1.788138e+08  3.943830e+03   9328296   1
       777   1.991209e+08  1.788436e+08  3.951425e+03   9340317   1
       778   2.338475e+08  1.788776e+08  3.959101e+03   9352338   1
       779   2.237856e+08  1.788871e+08  3.966679e+03   9364359   1
       780   3.216896e+08  1.788953e+08  3.974304e+03   9376380   1
       781   1.724948e+08  1.789097e+08  3.981960e+03   9388401   1
       782   1.530123e+08  1.789305e+08  3.989491e+03   9400422   1
       783   1.780991e+08  1.789583e+08  3.997085e+03   9412443   1
       784   2.489342e+08  1.789775e+08  4.004855e+03   9424464   1
       785   1.974540e+08  1.789931e+08  4.012620e+03   9436485   1
       786   1.634997e+08  1.790162e+08  4.020325e+03   9448506   1
       787   2.688841e+08  1.790210e+08  4.028090e+03   9460527   1
       788   2.855373e+08  1.790267e+08  4.035795e+03   9472548   1
       789   2.126366e+08  1.790531e+08  4.043404e+03   9484569   1
       790   1.798713e+08  1.791071e+08  4.051185e+03   9496590   1
       791   4.034015e+08  1.791090e+08  4.058888e+03   9508611   1
       792   1.859918e+08  1.791282e+08  4.066606e+03   9520632   1
       793   2.728871e+08  1.791490e+08  4.074387e+03   9532653   1
       794   1.992475e+08  1.791491e+08  4.082152e+03   9544674   1
       795   1.544379e+08  1.791806e+08  4.089856e+03   9556695   1
       796   2.032899e+08  1.792182e+08  4.097621e+03   9568716   1
       797   2.565171e+08  1.792269e+08  4.105231e+03   9580737   1
       798   1.329200e+08  1.792375e+08  4.112827e+03   9592758   1
       799   1.582521e+08  1.792686e+08  4.120594e+03   9604779   1
       800   2.819685e+08  1.792767e+08  4.128390e+03   9616800   1
       801   7.437295e+08  1.793230e+08  4.136111e+03   9628821   1
       802   1.877062e+08  1.793271e+08  4.143846e+03   9640842   1
       803   1.913296e+08  1.793727e+08  4.151550e+03   9652863   1
       804   1.874233e+08  1.793940e+08  4.159330e+03   9664884   1
       805   2.362140e+08  1.794478e+08  4.167177e+03   9676905   1
       806   1.817543e+08  1.794633e+08  4.175021e+03   9688926   1
       807   1.709653e+08  1.795003e+08  4.182818e+03   9700947   1
       808   4.302364e+08  1.795256e+08  4.190693e+03   9712968   1
       809   1.331642e+08  1.795317e+08  4.198552e+03   9724989   1
       810   1.628994e+08  1.795543e+08  4.206428e+03   9737010   1
       811   2.676147e+08  1.795861e+08  4.214428e+03   9749031   1
       812   4.931442e+08  1.795986e+08  4.222474e+03   9761052   1
       813   2.202952e+08  1.796094e+08  4.230661e+03   9773073   1
       814   6.397193e+08  1.796557e+08  4.238775e+03   9785094   1
       815   3.068686e+08  1.796835e+08  4.246790e+03   9797115   1
       816   2.387346e+08  1.796975e+08  4.254950e+03   9809136   1
       817   2.663266e+08  1.797057e+08  4.263122e+03   9821157   1
       818   1.905160e+08  1.797224e+08  4.271137e+03   9833178   1
       819   2.531691e+08  1.797462e+08  4.279309e+03   9845199   1
       820   2.671333e+08  1.797691e+08  4.287449e+03   9857220   1
       821   1.795578e+08  1.798058e+08  4.295575e+03   9869241   1
       822   2.450207e+08  1.798276e+08  4.303762e+03   9881262   1
       823   2.234547e+08  1.798381e+08  4.312029e+03   9893283   1
       824   1.568117e+08  1.798614e+08  4.320170e+03   9905304   1
       825   3.229279e+08  1.798882e+08  4.328390e+03   9917325   1
       826   5.949441e+08  1.799092e+08  4.336624e+03   9929346   1
       827   1.903401e+08  1.799305e+08  4.344921e+03   9941367   1
       828   2.403089e+08  1.799556e+08  4.353186e+03   9953388   1
       829   1.741516e+08  1.799818e+08  4.361405e+03   9965409   1
       830   2.688353e+08  1.799956e+08  4.369780e+03   9977430   1
       831   4.826321e+08  1.799992e+08  4.378030e+03   9989451   1
       832   2.445684e+08  1.800107e+08  4.386316e+03  10001472   1
       833   1.883199e+08  1.800292e+08  4.394567e+03  10013493   1
       834   2.220071e+08  1.800522e+08  4.402787e+03  10025514   1
       835   2.836120e+08  1.800599e+08  4.411208e+03  10037535   1
       836   3.976395e+08  1.801183e+08  4.419520e+03  10049556   1
       837   2.142606e+08  1.801213e+08  4.427817e+03  10061577   1
       838   2.008366e+08  1.801567e+08  4.436223e+03  10073598   1
       839   1.516803e+08  1.801866e+08  4.444629e+03  10085619   1
       840   1.310986e+08  1.802137e+08  4.452941e+03  10097640   1
       841   1.479878e+08  1.802482e+08  4.461223e+03  10109661   1
       842   1.281029e+08  1.802678e+08  4.469660e+03  10121682   1
       843   1.388154e+08  1.802704e+08  4.478160e+03  10133703   1
       844   5.154881e+08  1.802848e+08  4.486394e+03  10145724   1
       845   2.821326e+08  1.803151e+08  4.494909e+03  10157745   1
       846   2.332302e+08  1.803251e+08  4.503316e+03  10169766   1
       847   1.539377e+08  1.803477e+08  4.511784e+03  10181787   1
       848   2.002152e+08  1.803738e+08  4.520242e+03  10193808   1
       849   3.776876e+08  1.803770e+08  4.528648e+03  10205829   1
       850   1.303325e+08  1.804131e+08  4.537101e+03  10217850   1
       851   1.898778e+08  1.804465e+08  4.545600e+03  10229871   1
       852   1.929443e+08  1.804718e+08  4.553912e+03  10241892   1
       853   2.387612e+08  1.804728e+08  4.562429e+03  10253913   1
       854   2.759080e+08  1.804759e+08  4.570960e+03  10265934   1
       855   2.386543e+08  1.804886e+08  4.579491e+03  10277955   1
       856   3.119799e+08  1.805374e+08  4.587928e+03  10289976   1
       857   2.084996e+08  1.805488e+08  4.596444e+03  10301997   1
       858   1.544550e+08  1.805677e+08  4.604928e+03  10314018   1
       859   1.970005e+08  1.805825e+08  4.613396e+03  10326039   1
       860   3.206582e+08  1.805987e+08  4.621806e+03  10338060   1
       861   1.544556e+08  1.806186e+08  4.630369e+03  10350081   1
       862   3.531710e+08  1.806267e+08  4.638931e+03  10362102   1
       863   1.931253e+08  1.806454e+08  4.647572e+03  10374123   1
       864   2.330343e+08  1.806786e+08  4.656040e+03  10386144   1
       865   2.336917e+08  1.807062e+08  4.664774e+03  10398165   1
       866   1.210245e+08  1.807190e+08  4.673416e+03  10410186   1
       867   5.528231e+08  1.807317e+08  4.682062e+03  10422207   1
       868   1.879885e+08  1.808049e+08  4.690765e+03  10434228   1
       869   3.926520e+08  1.808467e+08  4.699312e+03  10446249   1
       870   3.199114e+08  1.808692e+08  4.707874e+03  10458270   1
       871   2.682902e+08  1.808751e+08  4.716532e+03  10470291   1
       872   2.030562e+08  1.808954e+08  4.725082e+03  10482312   1
       873   4.303267e+08  1.809116e+08  4.733691e+03  10494333   1
       874   1.464493e+08  1.809257e+08  4.742347e+03  10506354   1
       875   2.747009e+08  1.809423e+08  4.750883e+03  10518375   1
       876   2.328316e+08  1.809711e+08  4.759481e+03  10530396   1
       877   1.731969e+08  1.809767e+08  4.768139e+03  10542417   1
       878   3.456928e+08  1.809870e+08  4.776874e+03  10554438   1
       879   2.342622e+08  1.809930e+08  4.785420e+03  10566459   1
       880   1.910106e+08  1.809938e+08  4.794216e+03  10578480   1
       881   1.980996e+08  1.810085e+08  4.802889e+03  10590501   1
       882   6.097533e+08  1.810228e+08  4.811609e+03  10602522   1
       883   4.476322e+08  1.810656e+08  4.820344e+03  10614543   1
       884   5.707688e+08  1.810914e+08  4.829094e+03  10626564   1
       885   2.709584e+08  1.811072e+08  4.837781e+03  10638585   1
       886   2.344743e+08  1.811386e+08  4.846515e+03  10650606   1
       887   1.421000e+08  1.811643e+08  4.855174e+03  10662627   1
       888   1.520993e+08  1.811706e+08  4.863987e+03  10674648   1
       889   3.275457e+08  1.812127e+08  4.872676e+03  10686669   1
       890   3.643746e+08  1.812657e+08  4.881378e+03  10698690   1
       891   3.196936e+08  1.812941e+08  4.890113e+03  10710711   1
       892   1.955755e+08  1.813435e+08  4.898987e+03  10722732   1
       893   1.806313e+08  1.813715e+08  4.907737e+03  10734753   1
       894   3.140429e+08  1.813887e+08  4.916695e+03  10746774   1
       895   2.933223e+08  1.814112e+08  4.925507e+03  10758795   1
       896   2.023737e+08  1.814213e+08  4.934273e+03  10770816   1
       897   1.824246e+08  1.814331e+08  4.943180e+03  10782837   1
       898   2.431901e+08  1.814533e+08  4.951945e+03  10794858   1
       899   1.870371e+08  1.814683e+08  4.960837e+03  10806879   1
       900   3.759282e+08  1.814840e+08  4.969774e+03  10818900   1
       901   3.126762e+08  1.815250e+08  4.978604e+03  10830921   1
       902   2.448192e+08  1.815301e+08  4.987449e+03  10842942   1
       903   1.815873e+08  1.815568e+08  4.996246e+03  10854963   1
       904   1.216896e+08  1.815824e+08  5.004995e+03  10866984   1
       905   2.532190e+08  1.815932e+08  5.013823e+03  10879005   1
       906   2.142870e+08  1.816217e+08  5.022651e+03  10891026   1
       907   3.001455e+08  1.816476e+08  5.031526e+03  10903047   1
       908   1.306691e+08  1.816872e+08  5.040417e+03  10915068   1
       909   2.651254e+08  1.817282e+08  5.049292e+03  10927089   1
       910   1.358877e+08  1.817565e+08  5.058151e+03  10939110   1
       911   2.816300e+08  1.818687e+08  5.067105e+03  10951131   1
       912   1.437114e+08  1.818993e+08  5.075857e+03  10963152   1
       913   2.219877e+08  1.819082e+08  5.084825e+03  10975173   1
       914   1.873956e+08  1.819377e+08  5.093700e+03  10987194   1
       915   2.802905e+08  1.819477e+08  5.102621e+03  10999215   1
       916   1.987455e+08  1.819878e+08  5.111496e+03  11011236   1
       917   2.245950e+08  1.820117e+08  5.120543e+03  11023257   1
       918   4.069012e+08  1.820251e+08  5.129543e+03  11035278   1
       919   2.662318e+08  1.820502e+08  5.138589e+03  11047299   1
       920   3.325988e+08  1.820583e+08  5.147636e+03  11059320   1
       921   1.833492e+08  1.820779e+08  5.156745e+03  11071341   1
       922   1.682165e+08  1.821350e+08  5.165716e+03  11083362   1
       923   1.900599e+08  1.821544e+08  5.174825e+03  11095383   1
       924   4.737303e+08  1.821737e+08  5.183935e+03  11107404   1
       925   2.668668e+08  1.821760e+08  5.193077e+03  11119425   1
       926   1.764435e+08  1.821921e+08  5.202172e+03  11131446   1
       927   2.653077e+08  1.822100e+08  5.211124e+03  11143467   1
       928   1.584634e+08  1.822553e+08  5.220202e+03  11155488   1
       929   2.633946e+08  1.822802e+08  5.229266e+03  11167509   1
       930   1.835659e+08  1.823101e+08  5.238347e+03  11179530   1
       931   2.225542e+08  1.823442e+08  5.247503e+03  11191551   1
       932   2.086989e+08  1.823636e+08  5.256581e+03  11203572   1
       933   2.241210e+08  1.824029e+08  5.265722e+03  11215593   1
       934   1.652853e+08  1.824493e+08  5.274862e+03  11227614   1
       935   2.670454e+08  1.824546e+08  5.284049e+03  11239635   1
       936   1.604574e+08  1.825137e+08  5.293252e+03  11251656   1
       937   6.892206e+08  1.825344e+08  5.302345e+03  11263677   1
       938   1.846923e+08  1.825469e+08  5.311397e+03  11275698   1
       939   3.223793e+08  1.825737e+08  5.320553e+03  11287719   1
       940   1.606836e+08  1.825912e+08  5.329756e+03  11299740   1
       941   1.876574e+08  1.826014e+08  5.339084e+03  11311761   1
       942   3.377073e+08  1.826165e+08  5.348255e+03  11323782   1
       943   1.742429e+08  1.827357e+08  5.357489e+03  11335803   1
       944   2.610043e+08  1.827471e+08  5.366630e+03  11347824   1
       945   2.543316e+08  1.827682e+08  5.375896e+03  11359845   1
       946   2.514999e+08  1.828000e+08  5.385166e+03  11371866   1
       947   2.256377e+08  1.828279e+08  5.394417e+03  11383887   1
       948   3.244108e+08  1.828703e+08  5.403574e+03  11395908   1
       949   1.861197e+08  1.829036e+08  5.412841e+03  11407929   1
       950   3.461717e+08  1.829326e+08  5.422075e+03  11419950   1
       951   1.988440e+08  1.829482e+08  5.431278e+03  11431971   1
       952   5.540202e+08  1.829713e+08  5.440575e+03  11443992   1
       953   1.000969e+08  1.830304e+08  5.449809e+03  11456013   1
       954   2.940667e+08  1.830458e+08  5.459122e+03  11468034   1
       955   1.755774e+08  1.830816e+08  5.468450e+03  11480055   1
       956   1.386601e+08  1.831475e+08  5.477762e+03  11492076   1
       957   2.693943e+08  1.831634e+08  5.487184e+03  11504097   1
       958   2.349863e+08  1.831748e+08  5.496512e+03  11516118   1
       959   7.045983e+08  1.832185e+08  5.505747e+03  11528139   1
       960   2.243022e+08  1.832501e+08  5.515153e+03  11540160   1
       961   1.973053e+08  1.832866e+08  5.524545e+03  11552181   1
       962   1.411434e+08  1.833137e+08  5.533810e+03  11564202   1
       963   4.532714e+08  1.833393e+08  5.543279e+03  11576223   1
       964   2.265468e+08  1.833512e+08  5.552575e+03  11588244   1
       965   2.192784e+08  1.833539e+08  5.561872e+03  11600265   1
       966   1.875523e+08  1.833681e+08  5.571371e+03  11612286   1
       967   2.143416e+08  1.833889e+08  5.580855e+03  11624307   1
       968   1.423452e+08  1.834251e+08  5.590246e+03  11636328   1
       969   3.453101e+08  1.834580e+08  5.599746e+03  11648349   1
       970   1.551298e+08  1.834638e+08  5.609168e+03  11660370   1
       971   1.636236e+08  1.834908e+08  5.618501e+03  11672391   1
       972   3.062368e+08  1.835162e+08  5.628063e+03  11684412   1
       973   6.139179e+08  1.835377e+08  5.637328e+03  11696433   1
       974   4.344836e+08  1.835558e+08  5.646828e+03  11708454   1
       975   2.453682e+08  1.835887e+08  5.656296e+03  11720475   1
       976   2.861669e+08  1.836078e+08  5.665702e+03  11732496   1
       977   1.932004e+08  1.836161e+08  5.675249e+03  11744517   1
       978   1.807987e+08  1.836458e+08  5.684722e+03  11756538   1
       979   1.587186e+08  1.836839e+08  5.694102e+03  11768559   1
       980   2.515522e+08  1.836968e+08  5.703664e+03  11780580   1
       981   1.825748e+08  1.837178e+08  5.713058e+03  11792601   1
       982   3.030707e+08  1.837278e+08  5.722579e+03  11804622   1
       983   3.381426e+08  1.837547e+08  5.732250e+03  11816643   1
       984   1.728077e+08  1.837619e+08  5.741719e+03  11828664   1
       985   2.884003e+08  1.837877e+08  5.751287e+03  11840685   1
       986   1.350378e+08  1.838001e+08  5.760634e+03  11852706   1
       987   2.021997e+08  1.838206e+08  5.770339e+03  11864727   1
       988   2.611776e+08  1.838359e+08  5.779937e+03  11876748   1
       989   3.847169e+08  1.838550e+08  5.789547e+03  11888769   1
       990   2.528918e+08  1.838647e+08  5.799125e+03  11900790   1
       991   5.021203e+08  1.838795e+08  5.808611e+03  11912811   1
       992   2.243725e+08  1.839045e+08  5.818267e+03  11924832   1
       993   3.310155e+08  1.839156e+08  5.827830e+03  11936853   1
       994   1.969878e+08  1.839322e+08  5.837361e+03  11948874   1
       995   3.471828e+08  1.839589e+08  5.847017e+03  11960895   1
       996   2.776203e+08  1.839895e+08  5.856644e+03  11972916   1
       997   1.558469e+08  1.840080e+08  5.866206e+03  11984937   1
       998   1.429182e+08  1.840238e+08  5.875847e+03  11996958   1
       999   2.242619e+08  1.840330e+08  5.885556e+03  12008979   1
      1000   2.578419e+08  1.840435e+08  5.895323e+03  12021000   1
      1001   5.956563e+08  1.840762e+08  5.904917e+03  12033021   1
      1002   1.476949e+08  1.840861e+08  5.914501e+03  12045042   1
      1003   1.740366e+08  1.841054e+08  5.924250e+03  12057063   1
      1004   2.882712e+08  1.841518e+08  5.933875e+03  12069084   1
      1005   1.367607e+08  1.841658e+08  5.943505e+03  12081105   1
      1006   5.766463e+08  1.841705e+08  5.953207e+03  12093126   1
      1007   3.873745e+08  1.841890e+08  5.962863e+03  12105147   1
      1008   1.850409e+08  1.842239e+08  5.972463e+03  12117168   1
      1009   2.223291e+08  1.842704e+08  5.982275e+03  12129189   1
      1010   2.007791e+08  1.843235e+08  5.992046e+03  12141210   1
      1011   2.920990e+08  1.843360e+08  6.001771e+03  12153231   1
      1012   3.068963e+08  1.843693e+08  6.011551e+03  12165252   1
      1013   3.705847e+08  1.844057e+08  6.021129e+03  12177273   1
      1014   1.569360e+08  1.844349e+08  6.030853e+03  12189294   1
      1015   2.065081e+08  1.844786e+08  6.040572e+03  12201315   1
      1016   1.930993e+08  1.844868e+08  6.050295e+03  12213336   1
      1017   3.221251e+08  1.844871e+08  6.060113e+03  12225357   1
      1018   2.005742e+08  1.845066e+08  6.069925e+03  12237378   1
      1019   3.051581e+08  1.845824e+08  6.079661e+03  12249399   1
      1020   3.374671e+08  1.846448e+08  6.089460e+03  12261420   1
      1021   5.753606e+08  1.846654e+08  6.099162e+03  12273441   1
      1022   2.326950e+08  1.846703e+08  6.108914e+03  12285462   1
      1023   1.677048e+08  1.847131e+08  6.118821e+03  12297483   1
      1024   2.089480e+08  1.847552e+08  6.128744e+03  12309504   1
      1025   2.973496e+08  1.847997e+08  6.138540e+03  12321525   1
      1026   1.740153e+08  1.848228e+08  6.148447e+03  12333546   1
      1027   2.069089e+08  1.848521e+08  6.158384e+03  12345567   1
      1028   1.699080e+08  1.848746e+08  6.168290e+03  12357588   1
      1029   1.798345e+08  1.849426e+08  6.178295e+03  12369609   1
      1030   2.950163e+08  1.849476e+08  6.188279e+03  12381630   1
      1031   3.178822e+08  1.849921e+08  6.198033e+03  12393651   1
      1032   2.710739e+08  1.850804e+08  6.207892e+03  12405672   1
      1033   3.066663e+08  1.851317e+08  6.217829e+03  12417693   1
      1034   2.002887e+08  1.851687e+08  6.227829e+03  12429714   1
      1035   2.011155e+08  1.851834e+08  6.237866e+03  12441735   1
      1036   2.102624e+08  1.851944e+08  6.247850e+03  12453756   1
      1037   5.688316e+08  1.852366e+08  6.257856e+03  12465777   1
      1038   2.541487e+08  1.852716e+08  6.267810e+03  12477798   1
      1039   2.769048e+08  1.852883e+08  6.277843e+03  12489819   1
      1040   2.182067e+08  1.853001e+08  6.287874e+03  12501840   1
      1041   2.281845e+08  1.853543e+08  6.297920e+03  12513861   1
      1042   2.694973e+08  1.853847e+08  6.307957e+03  12525882   1
      1043   1.299042e+08  1.854168e+08  6.317973e+03  12537903   1
      1044   2.033380e+08  1.854600e+08  6.328020e+03  12549924   1
      1045   2.368752e+08  1.854761e+08  6.338069e+03  12561945   1
      1046   2.121154e+08  1.855569e+08  6.348101e+03  12573966   1
      1047   2.169947e+08  1.855822e+08  6.358289e+03  12585987   1
      1048   2.649890e+08  1.855965e+08  6.368367e+03  12598008   1
      1049   1.256246e+08  1.856124e+08  6.378570e+03  12610029   1
      1050   3.868704e+08  1.856282e+08  6.388820e+03  12622050   1
      1051   2.826339e+08  1.856538e+08  6.398949e+03  12634071   1
      1052   3.369036e+08  1.856750e+08  6.409074e+03  12646092   1
      1053   2.454151e+08  1.856893e+08  6.419169e+03  12658113   1
      1054   1.804626e+08  1.856962e+08  6.429185e+03  12670134   1
      1055   3.188096e+08  1.857271e+08  6.439388e+03  12682155   1
      1056   1.742332e+08  1.857454e+08  6.449545e+03  12694176   1
      1057   2.636690e+08  1.858110e+08  6.459686e+03  12706197   1
      1058   1.829621e+08  1.858275e+08  6.469639e+03  12718218   1
      1059   3.075351e+08  1.858503e+08  6.479702e+03  12730239   1
      1060   1.892583e+08  1.858808e+08  6.489874e+03  12742260   1
      1061   2.367129e+08  1.859165e+08  6.500223e+03  12754281   1
      1062   1.760724e+08  1.859255e+08  6.510363e+03  12766302   1
      1063   1.838773e+08  1.859621e+08  6.520504e+03  12778323   1
      1064   2.027192e+08  1.859716e+08  6.530775e+03  12790344   1
      1065   2.912160e+08  1.860089e+08  6.541024e+03  12802365   1
      1066   3.620197e+08  1.860280e+08  6.551321e+03  12814386   1
      1067   3.130438e+08  1.860379e+08  6.561618e+03  12826407   1
      1068   1.899852e+08  1.860464e+08  6.571681e+03  12838428   1
      1069   1.102536e+08  1.860488e+08  6.581838e+03  12850449   1
      1070   2.127912e+08  1.860599e+08  6.592135e+03  12862470   1
      1071   6.352960e+08  1.860672e+08  6.602328e+03  12874491   1
      1072   2.733024e+08  1.860853e+08  6.612656e+03  12886512   1
      1073   3.069058e+08  1.861459e+08  6.622906e+03  12898533   1
      1074   1.356647e+08  1.861638e+08  6.633063e+03  12910554   1
      1075   1.770678e+08  1.861751e+08  6.643423e+03  12922575   1
      1076   1.447028e+08  1.861845e+08  6.653784e+03  12934596   1
      1077   2.401169e+08  1.862234e+08  6.664237e+03  12946617   1
      1078   2.786756e+08  1.862286e+08  6.674756e+03  12958638   1
      1079   1.713783e+08  1.862435e+08  6.684991e+03  12970659   1
      1080   2.185543e+08  1.862551e+08  6.695381e+03  12982680   1
      1081   2.835014e+08  1.862652e+08  6.705818e+03  12994701   1
      1082   1.979491e+08  1.862772e+08  6.716053e+03  13006722   1
      1083   3.708520e+08  1.862797e+08  6.726413e+03  13018743   1
      1084   2.428417e+08  1.863074e+08  6.736930e+03  13030764   1
      1085   3.653922e+08  1.863108e+08  6.747368e+03  13042785   1
      1086   4.426916e+08  1.863243e+08  6.757946e+03  13054806   1
      1087   2.761531e+08  1.863334e+08  6.768294e+03  13066827   1
      1088   1.667336e+08  1.863809e+08  6.778705e+03  13078848   1
      1089   1.591843e+08  1.863944e+08  6.789158e+03  13090869   1
      1090   1.452651e+08  1.863963e+08  6.799658e+03  13102890   1
      1091   2.438885e+08  1.864061e+08  6.810252e+03  13114911   1
      1092   1.629602e+08  1.864136e+08  6.820720e+03  13126932   1
      1093   2.132170e+08  1.864334e+08  6.831128e+03  13138953   1
      1094   2.760411e+08  1.864522e+08  6.841519e+03  13150974   1
      1095   2.389626e+08  1.864630e+08  6.852053e+03  13162995   1
      1096   1.835684e+08  1.864680e+08  6.862725e+03  13175016   1
      1097   2.341328e+08  1.864851e+08  6.873178e+03  13187037   1
      1098   3.410213e+08  1.865045e+08  6.883866e+03  13199058   1
      1099   2.214400e+08  1.865327e+08  6.894147e+03  13211079   1
      1100   2.322860e+08  1.865482e+08  6.904601e+03  13223100   1
      1101   2.485025e+08  1.865976e+08  6.915071e+03  13235121   1
      1102   5.264551e+08  1.866100e+08  6.925624e+03  13247142   1
      1103   2.464827e+08  1.866159e+08  6.936342e+03  13259163   1
      1104   1.590374e+08  1.866177e+08  6.946889e+03  13271184   1
      1105   1.542062e+08  1.866416e+08  6.957420e+03  13283205   1
      1106   2.048583e+08  1.866488e+08  6.967983e+03  13295226   1
      1107   4.297302e+08  1.866607e+08  6.978687e+03  13307247   1
      1108   2.006077e+08  1.866701e+08  6.989266e+03  13319268   1
      1109   1.704411e+08  1.866828e+08  6.999910e+03  13331289   1
      1110   2.022448e+08  1.866915e+08  7.010582e+03  13343310   1
      1111   2.816975e+08  1.867300e+08  7.021270e+03  13355331   1
      1112   2.002661e+08  1.867478e+08  7.031896e+03  13367352   1
      1113   2.006983e+08  1.867508e+08  7.042495e+03  13379373   1
      1114   1.999449e+08  1.867818e+08  7.053245e+03  13391394   1
      1115   3.980162e+08  1.868120e+08  7.064058e+03  13403415   1
      1116   2.579094e+08  1.868199e+08  7.074855e+03  13415436   1
      1117   2.259684e+08  1.868325e+08  7.085465e+03  13427457   1
      1118   2.208371e+08  1.868667e+08  7.096137e+03  13439478   1
      1119   2.566882e+08  1.869066e+08  7.106746e+03  13451499   1
      1120   1.610032e+08  1.869459e+08  7.117376e+03  13463520   1
      1121   1.297998e+08  1.869694e+08  7.128161e+03  13475541   1
      1122   2.467280e+08  1.869807e+08  7.138958e+03  13487562   1
      1123   1.132965e+08  1.870065e+08  7.149724e+03  13499583   1
      1124   5.196744e+08  1.870090e+08  7.160552e+03  13511604   1
      1125   6.491197e+08  1.870278e+08  7.171255e+03  13523625   1
      1126   2.337816e+08  1.870622e+08  7.182020e+03  13535646   1
      1127   1.694002e+08  1.870784e+08  7.192895e+03  13547667   1
      1128   2.288313e+08  1.871267e+08  7.203740e+03  13559688   1
-------------------------------------------------------------------
status         : time_limit
total time (s) : 7.203740e+03
total solves   : 13559688
best bound     :  1.871267e+08
simulation ci  :  2.935112e+08  9.793733e+06
numeric issues : 0
-------------------------------------------------------------------

 
                                        Time                    Allocations      
                                  
       Tot / % measured:            2.00h / 100.0%            499GiB / 100.0%    

 Section               ncalls     time    %tot     avg     alloc    %tot      avg
 
 backward_pass          1.13k    1.98h   98.7%   6.30s    493GiB   98.9%   447MiB
   solve_subproblem     13.4M    1.97h   98.3%   527s    485GiB   97.2%  37.8KiB
     get_dual_solution  13.4M     111s    1.5%  8.30s   30.4GiB    6.1%  2.38KiB
   prepare_backward...  2.26k   10.0ms    0.0%  4.45s   2.31MiB    0.0%  1.05KiB
 forward_pass           1.13k    91.6s    1.3%  81.2ms   5.59GiB    1.1%  5.08MiB
   solve_subproblem      135k    90.0s    1.2%   665s   5.12GiB    1.0%  39.6KiB
     get_dual_solution   135k    202ms    0.0%  1.49s   72.3MiB    0.0%     560B
   sample_scenario      1.13k    1.07s    0.0%   946s    323MiB    0.1%   294KiB
 calculate_bound        1.13k    606ms    0.0%   538s   47.5MiB    0.0%  43.1KiB
   get_dual_solution    1.13k   1.60ms    0.0%  1.42s    617KiB    0.0%     560B
 


||||||||||||||||||||||||||||||||||||||||||||||||||||||||||||||||||||||||||||||||||||||||||||||||||||||||||||||||||||||||||||||||||||||||
SIMULATION RESULTS
LogLinearSDDP.Simulation(SDDP.InSampleMonteCarlo(0, false, true, SDDP.var"#155#158"{SDDP.var"#156#159"}(SDDP.var"#156#159"(), Core.Box(2000)), nothing), 2000, 11111)
fitted_model
Lower bound: 1.8712667663722754e8
Statistical upper bound (confidence interval): 2.6006163894269747e8  5.141240823953081e6
Pessimistic upper bound: 2.6520287976665056e8

||||||||||||||||||||||||||||||||||||||||||||||||||||||||||||||||||||||||||||||||||||||||||||||||||||||||||||||||||||||||||||||||||||||||
SIMULATION RESULTS
LogLinearSDDP.Simulation(SDDP.InSampleMonteCarlo(0, false, true, SDDP.var"#155#158"{SDDP.var"#156#159"}(SDDP.var"#156#159"(), Core.Box(2000)), nothing), 2000, 11111)
fitted_model
Lower bound: 1.8712667663722754e8
Statistical upper bound (confidence interval): 1.6609230600092214e8  4.225877051914939e6
Pessimistic upper bound: 1.7031818305283707e8

||||||||||||||||||||||||||||||||||||||||||||||||||||||||||||||||||||||||||||||||||||||||||||||||||||||||||||||||||||||||||||||||||||||||
SIMULATION RESULTS
LogLinearSDDP.Simulation(SDDP.InSampleMonteCarlo(0, false, true, SDDP.var"#155#158"{SDDP.var"#156#159"}(SDDP.var"#156#159"(), Core.Box(2000)), nothing), 2000, 11111)
fitted_model
Lower bound: 1.8712667663722754e8
Statistical upper bound (confidence interval): 2.8827984903270304e8  5.87817404953439e6
Pessimistic upper bound: 2.941580230822374e8

||||||||||||||||||||||||||||||||||||||||||||||||||||||||||||||||||||||||||||||||||||||||||||||||||||||||||||||||||||||||||||||||||||||||
SIMULATION RESULTS
LogLinearSDDP.Simulation(SDDP.InSampleMonteCarlo(0, false, true, SDDP.var"#155#158"{SDDP.var"#156#159"}(SDDP.var"#156#159"(), Core.Box(2000)), nothing), 2000, 11111)
fitted_model
Lower bound: 1.8712667663722754e8
Statistical upper bound (confidence interval): 1.8327365579485402e8  4.549352309159717e6
Pessimistic upper bound: 1.8782300810401374e8

||||||||||||||||||||||||||||||||||||||||||||||||||||||||||||||||||||||||||||||||||||||||||||||||||||||||||||||||||||||||||||||||||||||||
SIMULATION RESULTS
LogLinearSDDP.Simulation(SDDP.InSampleMonteCarlo(0, false, true, SDDP.var"#155#158"{SDDP.var"#156#159"}(SDDP.var"#156#159"(), Core.Box(2000)), nothing), 2000, 11111)
shapiro_model
Lower bound: 1.8712667663722754e8
Statistical upper bound (confidence interval): 3.0329202789731044e8  6.679448039567279e6
Pessimistic upper bound: 3.099714759368777e8

||||||||||||||||||||||||||||||||||||||||||||||||||||||||||||||||||||||||||||||||||||||||||||||||||||||||||||||||||||||||||||||||||||||||
SIMULATION RESULTS
LogLinearSDDP.Simulation(SDDP.InSampleMonteCarlo(0, false, true, SDDP.var"#155#158"{SDDP.var"#156#159"}(SDDP.var"#156#159"(), Core.Box(2000)), nothing), 2000, 11111)
shapiro_model
Lower bound: 1.8712667663722754e8
Statistical upper bound (confidence interval): 1.9080912498343843e8  5.119274867794565e6
Pessimistic upper bound: 1.95928399851233e8

||||||||||||||||||||||||||||||||||||||||||||||||||||||||||||||||||||||||||||||||||||||||||||||||||||||||||||||||||||||||||||||||||||||||
SIMULATION RESULTS
LogLinearSDDP.Simulation(SDDP.InSampleMonteCarlo(0, false, true, SDDP.var"#155#158"{SDDP.var"#156#159"}(SDDP.var"#156#159"(), Core.Box(2000)), nothing), 2000, 11111)
custom_model
Lower bound: 1.8712667663722754e8
Statistical upper bound (confidence interval): 4.1591613004411864e8  9.174639179874197e6
Pessimistic upper bound: 4.250907692239928e8

||||||||||||||||||||||||||||||||||||||||||||||||||||||||||||||||||||||||||||||||||||||||||||||||||||||||||||||||||||||||||||||||||||||||
SIMULATION RESULTS
LogLinearSDDP.Simulation(SDDP.InSampleMonteCarlo(0, false, true, SDDP.var"#155#158"{SDDP.var"#156#159"}(SDDP.var"#156#159"(), Core.Box(2000)), nothing), 2000, 11111)
custom_model
Lower bound: 1.8712667663722754e8
Statistical upper bound (confidence interval): 2.548681969404535e8  7.117891708043853e6
Pessimistic upper bound: 2.6198608864849734e8

||||||||||||||||||||||||||||||||||||||||||||||||||||||||||||||||||||||||||||||||||||||||||||||||||||||||||||||||||||||||||||||||||||||||
SIMULATION RESULTS
LogLinearSDDP.Simulation(SDDP.InSampleMonteCarlo(0, false, true, SDDP.var"#155#158"{SDDP.var"#156#159"}(SDDP.var"#156#159"(), Core.Box(2000)), nothing), 2000, 11111)
bic_model
Lower bound: 1.8712667663722754e8
Statistical upper bound (confidence interval): 4.2922574184719765e8  9.532327508701017e6
Pessimistic upper bound: 4.387580693558987e8

||||||||||||||||||||||||||||||||||||||||||||||||||||||||||||||||||||||||||||||||||||||||||||||||||||||||||||||||||||||||||||||||||||||||
SIMULATION RESULTS
LogLinearSDDP.Simulation(SDDP.InSampleMonteCarlo(0, false, true, SDDP.var"#155#158"{SDDP.var"#156#159"}(SDDP.var"#156#159"(), Core.Box(2000)), nothing), 2000, 11111)
bic_model
Lower bound: 1.8712667663722754e8
Statistical upper bound (confidence interval): 2.663528258314081e8  7.479394183298279e6
Pessimistic upper bound: 2.738322200147064e8

||||||||||||||||||||||||||||||||||||||||||||||||||||||||||||||||||||||||||||||||||||||||||||||||||||||||||||||||||||||||||||||||||||||||
SIMULATION RESULTS
LogLinearSDDP.Simulation(SDDP.InSampleMonteCarlo(0, false, true, SDDP.var"#155#158"{SDDP.var"#156#159"}(SDDP.var"#156#159"(), Core.Box(2000)), nothing), 2000, 11111)
fitted_model
Lower bound: 1.8705598641180474e8
Statistical upper bound (confidence interval): 5.1188964978664607e8  8.598447530950215e7
Pessimistic upper bound: 5.978741250961483e8

||||||||||||||||||||||||||||||||||||||||||||||||||||||||||||||||||||||||||||||||||||||||||||||||||||||||||||||||||||||||||||||||||||||||
SIMULATION RESULTS
LogLinearSDDP.Simulation(SDDP.InSampleMonteCarlo(0, false, true, SDDP.var"#155#158"{SDDP.var"#156#159"}(SDDP.var"#156#159"(), Core.Box(2000)), nothing), 2000, 11111)
fitted_model
Lower bound: 1.8705598641180474e8
Statistical upper bound (confidence interval): 3.2823517728277653e8  6.942723725632566e7
Pessimistic upper bound: 3.976624145391022e8
