||||||||||||||||||||||||||||||||||||||||||||||||||||||||||||||||||||||||||||||||||||||||||||||||||||||||||||||||||||||||||||||||||||||||
PATH
calling 
C:\Users\cg4102\Documents\New LogLinearSDDP\LogLinearSDDP.jl\Examples\Hydrothermal
C:\Users\cg4102\Documents\New LogLinearSDDP\LogLinearSDDP.jl\Examples\Hydrothermal\run_model_markov.jl
DATETIME
2025-04-28T19:54:24.914
RUN DESCRIPTION
LogLinearSDDP.AlgoParams(SDDP.AbstractStoppingRule[SDDP.TimeLimit(7200.0)], LogLinearSDDP.NoSimulation(), false, 2, 1, "C:/Users/cg4102/Documents/julia_logs/Cut-sharing Re-Run (2h)/Run_MC-SDDP_custom_model_55555/MC-SDDP.log", false, false, false, 55555, "MC-SDDP: 100 nodes, custom_model", :fitted_model)
-------------------------------------------------------------------
         SDDP.jl (c) Oscar Dowson and contributors, 2017-23
-------------------------------------------------------------------
problem
  nodes           : 11901
  state variables : 4
  scenarios       : 6.68857e+229
  existing cuts   : false
options
  solver          : serial mode
  risk measure    : SDDP.Expectation()
  sampling scheme : SDDP.Historical{String, Dict{String, Float64}}
subproblem structure
  VariableRef                                  : [142, 142]
  JuMP.AffExpr in MOI.EqualTo{Float64}         : [13, 13]
  JuMP.VariableRef in MOI.GreaterThan{Float64} : [138, 138]
  JuMP.VariableRef in MOI.LessThan{Float64}    : [129, 130]
-------------------------------------------------------------------
 iteration    simulation      bound        time (s)     solves  pid
-------------------------------------------------------------------
         1   2.031600e+09  1.031148e+06  9.617000e+00     10756   1
         2   1.049117e+09  1.580298e+06  1.298600e+01     21276   1
         3   7.190455e+08  6.444818e+06  1.615200e+01     31882   1
         4   9.031322e+08  6.569777e+06  1.912600e+01     42285   1
         5   5.387275e+08  9.436500e+06  2.215400e+01     52615   1
         6   4.857298e+08  1.276570e+07  2.539100e+01     62982   1
         7   9.808585e+08  2.672729e+07  2.853400e+01     73184   1
         8   4.726096e+08  2.804252e+07  3.152400e+01     83184   1
         9   4.219841e+08  2.853566e+07  3.464200e+01     93708   1
        10   4.523139e+08  4.453822e+07  3.803500e+01    104148   1
        11   5.584947e+08  4.655041e+07  4.114300e+01    114579   1
        12   4.260592e+08  4.757567e+07  4.400000e+01    124695   1
        13   3.630846e+08  4.763575e+07  4.723500e+01    135120   1
        14   5.564277e+08  4.781470e+07  5.028900e+01    145540   1
        15   2.686350e+08  4.875360e+07  5.308000e+01    155566   1
        16   5.365470e+08  4.939056e+07  5.641900e+01    166118   1
        17   3.393014e+08  4.950746e+07  5.944300e+01    176580   1
        18   1.281484e+09  5.667239e+07  6.252100e+01    186849   1
        19   5.502823e+08  5.792287e+07  6.546900e+01    197278   1
        20   7.192384e+08  6.061789e+07  6.840900e+01    207633   1
        21   1.080893e+09  6.428778e+07  7.136500e+01    217622   1
        22   4.248019e+08  6.660287e+07  7.466700e+01    228407   1
        23   2.400806e+08  6.785310e+07  7.778300e+01    238903   1
        24   4.241076e+08  6.926107e+07  8.087900e+01    249216   1
        25   2.631107e+08  7.070469e+07  8.394500e+01    259589   1
        26   7.314252e+08  7.104994e+07  8.687200e+01    269828   1
        27   3.288452e+08  7.542989e+07  9.014000e+01    280583   1
        28   4.181761e+08  8.182634e+07  9.330200e+01    290992   1
        29   2.993952e+08  8.749681e+07  9.640000e+01    301210   1
        30   3.541900e+08  8.845638e+07  9.952100e+01    311545   1
        31   4.227108e+08  8.902201e+07  1.027090e+02    322127   1
        32   2.990419e+08  9.007039e+07  1.060850e+02    332881   1
        33   3.439943e+08  9.041203e+07  1.122390e+02    343784   1
        34   3.168965e+08  9.043874e+07  1.152060e+02    354412   1
        35   2.787148e+08  9.315042e+07  1.180670e+02    364537   1
        36   2.531961e+08  9.330176e+07  1.211660e+02    374905   1
        37   7.890333e+08  9.472686e+07  1.242010e+02    385358   1
        38   4.177091e+08  9.502788e+07  1.271510e+02    395587   1
        39   1.005242e+09  9.607450e+07  1.301260e+02    405923   1
        40   4.683822e+08  1.004543e+08  1.332100e+02    416331   1
        41   2.616477e+08  1.007975e+08  1.362610e+02    426843   1
        42   7.575589e+08  1.018452e+08  1.394060e+02    437353   1
        43   5.724296e+08  1.081921e+08  1.424420e+02    447667   1
        44   2.688126e+08  1.098269e+08  1.454700e+02    458142   1
        45   3.240605e+08  1.099735e+08  1.485750e+02    468518   1
        46   4.644408e+08  1.114697e+08  1.516850e+02    479220   1
        47   4.370176e+08  1.119323e+08  1.546840e+02    489547   1
        48   3.074445e+08  1.119999e+08  1.578510e+02    500082   1
        49   4.320183e+08  1.121620e+08  1.610340e+02    510807   1
        50   3.430686e+08  1.124395e+08  1.642030e+02    521187   1
        51   2.272237e+08  1.126101e+08  1.674510e+02    531623   1
        52   2.891582e+08  1.136891e+08  1.707350e+02    542176   1
        53   2.675400e+08  1.137305e+08  1.738360e+02    552261   1
        54   2.210109e+08  1.166483e+08  1.769990e+02    562364   1
        55   3.903792e+08  1.215642e+08  1.802120e+02    572542   1
        56   2.610729e+08  1.220924e+08  1.833230e+02    582417   1
        57   2.570624e+08  1.230727e+08  1.867010e+02    593113   1
        58   4.952900e+08  1.232141e+08  1.899780e+02    603425   1
        59   4.005015e+08  1.232192e+08  1.932510e+02    614020   1
        60   2.704378e+08  1.232202e+08  1.966020e+02    624331   1
        61   2.220620e+08  1.264300e+08  2.000650e+02    634835   1
        62   3.139685e+08  1.264453e+08  2.033790e+02    645388   1
        63   2.583149e+08  1.285424e+08  2.096390e+02    655982   1
        64   3.910989e+08  1.361640e+08  2.129070e+02    666611   1
        65   5.997358e+08  1.361881e+08  2.160770e+02    677052   1
        66   4.598932e+08  1.372201e+08  2.190990e+02    686888   1
        67   2.328684e+08  1.393763e+08  2.224280e+02    697609   1
        68   4.906145e+08  1.393929e+08  2.256690e+02    708144   1
        69   8.342705e+08  1.394378e+08  2.287720e+02    718240   1
        70   2.080061e+08  1.395844e+08  2.319340e+02    728424   1
        71   2.610232e+08  1.437916e+08  2.352060e+02    738813   1
        72   5.087646e+08  1.438667e+08  2.384810e+02    749219   1
        73   9.833627e+08  1.447661e+08  2.416580e+02    759486   1
        74   5.967185e+08  1.447878e+08  2.448840e+02    769925   1
        75   2.421857e+08  1.447995e+08  2.481030e+02    780314   1
        76   4.118128e+08  1.448250e+08  2.513630e+02    790741   1
        77   4.284526e+08  1.452911e+08  2.546040e+02    800990   1
        78   3.886695e+08  1.459425e+08  2.578780e+02    811423   1
        79   3.307582e+08  1.465570e+08  2.612840e+02    821704   1
        80   3.997527e+08  1.466118e+08  2.645920e+02    831981   1
        81   2.454675e+08  1.481251e+08  2.681590e+02    842692   1
        82   3.193785e+08  1.488015e+08  2.716370e+02    853275   1
        83   2.159404e+08  1.488310e+08  2.749210e+02    863144   1
        84   4.908408e+08  1.489678e+08  2.782830e+02    873423   1
        85   6.888527e+08  1.496536e+08  2.816950e+02    883856   1
        86   3.769617e+08  1.496560e+08  2.852190e+02    894443   1
        87   6.257705e+08  1.526809e+08  2.886940e+02    904897   1
        88   1.641167e+08  1.527033e+08  2.921330e+02    915434   1
        89   2.628545e+08  1.528141e+08  2.957500e+02    926082   1
        90   2.900186e+08  1.528446e+08  2.992690e+02    936494   1
        91   3.267102e+08  1.529850e+08  3.027870e+02    946671   1
        92   3.351668e+08  1.530019e+08  3.063160e+02    957178   1
        93   3.885596e+08  1.530142e+08  3.126020e+02    967602   1
        94   5.134914e+08  1.531581e+08  3.159890e+02    978067   1
        95   4.513294e+08  1.532710e+08  3.193300e+02    988421   1
        96   2.904706e+08  1.532776e+08  3.227200e+02    998688   1
        97   6.497672e+08  1.537316e+08  3.261180e+02   1008964   1
        98   2.890563e+08  1.537523e+08  3.295750e+02   1019404   1
        99   3.914964e+08  1.565196e+08  3.330170e+02   1029757   1
       100   3.426313e+08  1.566030e+08  3.364690e+02   1040176   1
       101   5.643413e+08  1.567200e+08  3.398480e+02   1050514   1
       102   5.126564e+08  1.576292e+08  3.433900e+02   1061099   1
       103   4.564195e+08  1.580095e+08  3.468780e+02   1071359   1
       104   2.193175e+08  1.580177e+08  3.502670e+02   1081659   1
       105   7.318577e+08  1.596041e+08  3.536850e+02   1091942   1
       106   2.977525e+08  1.609697e+08  3.572590e+02   1102544   1
       107   4.968817e+08  1.609757e+08  3.607840e+02   1113177   1
       108   2.203623e+08  1.610700e+08  3.642300e+02   1123344   1
       109   2.013078e+08  1.610826e+08  3.678170e+02   1133842   1
       110   6.423921e+08  1.618296e+08  3.713130e+02   1144036   1
       111   3.620241e+08  1.626618e+08  3.748890e+02   1154511   1
       112   2.810464e+08  1.632477e+08  3.785240e+02   1164814   1
       113   3.143481e+08  1.633123e+08  3.822300e+02   1175321   1
       114   2.396005e+08  1.634696e+08  3.858380e+02   1185736   1
       115   2.684364e+08  1.647456e+08  3.895060e+02   1196072   1
       116   2.076612e+08  1.649266e+08  3.932890e+02   1206387   1
       117   4.935469e+08  1.675689e+08  3.970110e+02   1216708   1
       118   4.439903e+08  1.676136e+08  4.006950e+02   1227242   1
       119   2.942310e+08  1.676670e+08  4.044030e+02   1237886   1
       120   5.460635e+08  1.676954e+08  4.080930e+02   1248233   1
       121   2.298852e+08  1.677654e+08  4.119300e+02   1258905   1
       122   2.142080e+08  1.677867e+08  4.188970e+02   1269437   1
       123   6.593090e+08  1.683207e+08  4.225270e+02   1280133   1
       124   4.685473e+08  1.684331e+08  4.261940e+02   1290682   1
       125   5.577734e+08  1.688659e+08  4.297980e+02   1300960   1
       126   2.205462e+08  1.690092e+08  4.334670e+02   1311442   1
       127   2.971528e+08  1.692343e+08  4.370780e+02   1321508   1
       128   3.063155e+08  1.699838e+08  4.408260e+02   1332051   1
       129   4.244887e+08  1.699874e+08  4.444890e+02   1342436   1
       130   2.032436e+08  1.700233e+08  4.481650e+02   1352725   1
       131   8.857259e+08  1.700299e+08  4.518320e+02   1362927   1
       132   9.409300e+08  1.706993e+08  4.555740e+02   1373332   1
       133   3.559511e+08  1.707327e+08  4.593370e+02   1383861   1
       134   1.121315e+09  1.708225e+08  4.629950e+02   1394229   1
       135   2.008310e+08  1.708491e+08  4.667230e+02   1404627   1
       136   3.434870e+08  1.708967e+08  4.705500e+02   1415193   1
       137   6.125468e+08  1.713749e+08  4.743750e+02   1425849   1
       138   2.193030e+08  1.743540e+08  4.782800e+02   1436501   1
       139   3.480662e+08  1.743674e+08  4.820110e+02   1446734   1
       140   2.772595e+08  1.743745e+08  4.858340e+02   1457162   1
       141   6.691845e+08  1.745686e+08  4.897360e+02   1467448   1
       142   4.893205e+08  1.759171e+08  4.935820e+02   1477628   1
       143   1.903039e+08  1.764624e+08  4.974980e+02   1488307   1
       144   2.615157e+08  1.774152e+08  5.014490e+02   1498954   1
       145   4.654113e+08  1.774443e+08  5.052820e+02   1509067   1
       146   1.954727e+08  1.775717e+08  5.091300e+02   1519131   1
       147   3.534630e+08  1.775745e+08  5.130300e+02   1529325   1
       148   4.161631e+08  1.775776e+08  5.169620e+02   1539709   1
       149   6.669643e+08  1.778359e+08  5.209330e+02   1549942   1
       150   1.959069e+08  1.787164e+08  5.249300e+02   1560557   1
       151   7.498677e+08  1.787536e+08  5.287650e+02   1570381   1
       152   2.195810e+08  1.787536e+08  5.463990e+02   1580740   1
       153   1.187921e+09  1.802530e+08  5.502770e+02   1590698   1
       154   2.535034e+08  1.802538e+08  5.541440e+02   1601267   1
       155   6.192997e+08  1.811255e+08  5.579090e+02   1611393   1
       156   2.913897e+08  1.811802e+08  5.618690e+02   1621957   1
       157   4.834074e+08  1.815194e+08  5.658190e+02   1632401   1
       158   7.780057e+08  1.821555e+08  5.697210e+02   1642712   1
       159   2.895247e+08  1.828429e+08  5.736330e+02   1652918   1
       160   7.371341e+08  1.834823e+08  5.775370e+02   1663224   1
       161   4.836952e+08  1.835376e+08  5.815670e+02   1673674   1
       162   5.760244e+08  1.835636e+08  5.854970e+02   1684225   1
       163   4.532251e+08  1.839266e+08  5.894060e+02   1694477   1
       164   2.127243e+08  1.839319e+08  5.932900e+02   1704585   1
       165   2.273738e+08  1.840225e+08  5.973480e+02   1715221   1
       166   3.399285e+08  1.844725e+08  6.014230e+02   1725827   1
       167   2.670139e+08  1.847289e+08  6.053990e+02   1736332   1
       168   3.251099e+08  1.850165e+08  6.094970e+02   1746951   1
       169   3.316412e+08  1.858089e+08  6.136540e+02   1757253   1
       170   3.708801e+08  1.877149e+08  6.178640e+02   1767681   1
       171   2.095633e+08  1.880061e+08  6.220420e+02   1777556   1
       172   6.337299e+08  1.892358e+08  6.264590e+02   1788058   1
       173   5.961607e+08  1.892847e+08  6.307340e+02   1798258   1
       174   8.125128e+08  1.893950e+08  6.350850e+02   1808615   1
       175   8.415680e+08  1.901279e+08  6.444000e+02   1818748   1
       176   7.014354e+08  1.901401e+08  6.484730e+02   1829270   1
       177   8.163921e+08  1.915287e+08  6.525490e+02   1839664   1
       178   2.520630e+08  1.922289e+08  6.566550e+02   1850150   1
       179   2.876908e+08  1.922398e+08  6.608140e+02   1860663   1
       180   1.848603e+08  1.923603e+08  6.649030e+02   1870778   1
       181   6.934499e+08  1.924510e+08  6.690330e+02   1881119   1
       182   2.194049e+08  1.926280e+08  6.731960e+02   1891441   1
       183   4.418095e+08  1.926281e+08  6.773990e+02   1901836   1
       184   6.493843e+08  1.926329e+08  6.816150e+02   1912197   1
       185   2.143449e+08  1.927784e+08  6.859040e+02   1922684   1
       186   2.421860e+08  1.934793e+08  6.902770e+02   1933179   1
       187   4.991372e+08  1.935998e+08  6.945560e+02   1943363   1
       188   3.518241e+08  1.936102e+08  6.989560e+02   1953686   1
       189   3.851228e+08  1.936263e+08  7.033070e+02   1964145   1
       190   3.120404e+08  1.936416e+08  7.077390e+02   1974159   1
       191   6.259632e+08  1.937594e+08  7.122720e+02   1984673   1
       192   2.156932e+08  1.939463e+08  7.168310e+02   1995385   1
       193   2.288396e+08  1.950901e+08  7.257470e+02   2006131   1
       194   2.807046e+08  1.951330e+08  7.299490e+02   2016741   1
       195   4.644466e+08  1.959458e+08  7.342080e+02   2027086   1
       196   7.333497e+08  1.959467e+08  7.384570e+02   2037026   1
       197   2.193358e+08  1.963780e+08  7.428290e+02   2047675   1
       198   1.920070e+08  1.963946e+08  7.471750e+02   2058068   1
       199   3.109761e+08  1.964126e+08  7.515040e+02   2068741   1
       200   2.733552e+08  1.964945e+08  7.557890e+02   2079215   1
       201   2.664711e+08  1.973652e+08  7.602450e+02   2089775   1
       202   2.580748e+08  1.973669e+08  7.646160e+02   2100088   1
       203   3.024262e+08  1.976514e+08  7.689880e+02   2110224   1
       204   4.937105e+08  1.976533e+08  7.734270e+02   2120527   1
       205   2.613073e+08  1.976747e+08  7.780070e+02   2131206   1
       206   2.255886e+08  1.976760e+08  7.824790e+02   2141611   1
       207   2.681043e+08  1.977762e+08  7.869630e+02   2151977   1
       208   2.893691e+08  1.978427e+08  7.956760e+02   2162388   1
       209   2.384322e+08  1.984914e+08  8.001960e+02   2173068   1
       210   2.428854e+08  1.985782e+08  8.045340e+02   2183415   1
       211   2.336057e+08  1.986186e+08  8.090820e+02   2194027   1
       212   2.894653e+08  1.986196e+08  8.134710e+02   2204509   1
       213   2.099906e+08  1.987793e+08  8.178930e+02   2214852   1
       214   2.999787e+08  1.992828e+08  8.223670e+02   2225176   1
       215   5.575221e+08  1.994523e+08  8.267690e+02   2235748   1
       216   3.800512e+08  1.994704e+08  8.312980e+02   2246185   1
       217   2.799593e+08  1.994724e+08  8.358090e+02   2256426   1
       218   5.118097e+08  1.999200e+08  8.403340e+02   2267012   1
       219   2.921823e+08  2.000226e+08  8.449190e+02   2277283   1
       220   2.901013e+08  2.000876e+08  8.494730e+02   2287405   1
       221   4.382095e+08  2.001349e+08  8.583080e+02   2297780   1
       222   6.867458e+08  2.001450e+08  8.627410e+02   2308132   1
       223   4.883828e+08  2.012411e+08  8.672830e+02   2318629   1
       224   2.542244e+08  2.013707e+08  8.717990e+02   2329144   1
       225   9.821944e+08  2.017922e+08  8.762810e+02   2339380   1
       226   2.140642e+08  2.020949e+08  8.808200e+02   2349628   1
       227   3.988056e+08  2.021825e+08  8.853280e+02   2360054   1
       228   3.281833e+08  2.021843e+08  8.898760e+02   2370327   1
       229   2.037666e+08  2.022006e+08  8.944970e+02   2380806   1
       230   4.143406e+08  2.022014e+08  8.991650e+02   2391542   1
       231   1.981362e+08  2.025761e+08  9.038690e+02   2402130   1
       232   3.679264e+08  2.026581e+08  9.129490e+02   2412352   1
       233   1.063789e+09  2.026586e+08  9.174270e+02   2422609   1
       234   7.086242e+08  2.026758e+08  9.220100e+02   2433293   1
       235   2.248740e+08  2.027655e+08  9.266310e+02   2443543   1
       236   1.858610e+08  2.031039e+08  9.312820e+02   2453859   1
       237   6.769213e+08  2.035244e+08  9.358600e+02   2463951   1
       238   3.658059e+08  2.039663e+08  9.405400e+02   2474497   1
       239   1.934833e+08  2.039686e+08  9.451820e+02   2484829   1
       240   6.112354e+08  2.039789e+08  9.498080e+02   2495036   1
       241   1.753290e+08  2.039799e+08  9.546910e+02   2505687   1
       242   3.997391e+08  2.040291e+08  9.594510e+02   2516023   1
       243   4.671214e+08  2.040671e+08  9.687010e+02   2526110   1
       244   2.653851e+08  2.041541e+08  9.733690e+02   2536434   1
       245   3.907133e+08  2.042616e+08  9.780460e+02   2546984   1
       246   2.760632e+08  2.042652e+08  9.827350e+02   2557414   1
       247   3.553104e+08  2.046485e+08  9.875100e+02   2568086   1
       248   2.933307e+08  2.049621e+08  9.922500e+02   2578606   1
       249   3.888640e+08  2.049624e+08  9.969450e+02   2588979   1
       250   4.037423e+08  2.049696e+08  1.001727e+03   2599264   1
       251   3.171865e+08  2.052170e+08  1.006522e+03   2609613   1
       252   3.404153e+08  2.052705e+08  1.011324e+03   2619870   1
       253   2.718287e+08  2.052747e+08  1.016223e+03   2630422   1
       254   1.878848e+08  2.056530e+08  1.025674e+03   2641086   1
       255   5.906093e+08  2.059051e+08  1.030374e+03   2651324   1
       256   6.643208e+08  2.059051e+08  1.035114e+03   2661665   1
       257   2.536662e+08  2.060538e+08  1.039929e+03   2672348   1
       258   3.379690e+08  2.061096e+08  1.044711e+03   2682776   1
       259   4.503669e+08  2.061271e+08  1.049546e+03   2693177   1
       260   8.199703e+08  2.071031e+08  1.054388e+03   2703617   1
       261   6.135132e+08  2.078288e+08  1.059179e+03   2713634   1
       262   4.453814e+08  2.078467e+08  1.064126e+03   2724010   1
       263   2.198025e+08  2.084448e+08  1.069116e+03   2734425   1
       264   6.428651e+08  2.084486e+08  1.078799e+03   2744736   1
       265   2.671979e+08  2.086027e+08  1.083642e+03   2755152   1
       266   3.169968e+08  2.087928e+08  1.088472e+03   2765461   1
       267   7.890371e+08  2.089911e+08  1.093328e+03   2775695   1
       268   5.305001e+08  2.089968e+08  1.098234e+03   2786279   1
       269   2.592598e+08  2.089982e+08  1.103225e+03   2796691   1
       270   4.685857e+08  2.090074e+08  1.108096e+03   2806927   1
       271   4.723563e+08  2.090134e+08  1.112972e+03   2817120   1
       272   2.790370e+08  2.095223e+08  1.118007e+03   2827780   1
       273   3.156202e+08  2.095306e+08  1.123061e+03   2838295   1
       274   5.170089e+08  2.096145e+08  1.128137e+03   2848761   1
       275   5.022366e+08  2.096587e+08  1.137939e+03   2859129   1
       276   3.016412e+08  2.096597e+08  1.142851e+03   2869468   1
       277   2.153606e+08  2.098395e+08  1.147824e+03   2880107   1
       278   2.787632e+08  2.098414e+08  1.152791e+03   2890653   1
       279   1.994354e+08  2.098835e+08  1.157770e+03   2901255   1
       280   2.972861e+08  2.100998e+08  1.162812e+03   2911748   1
       281   6.379713e+08  2.101022e+08  1.167831e+03   2922409   1
       282   5.079618e+08  2.101410e+08  1.172902e+03   2932698   1
       283   2.282731e+08  2.102421e+08  1.178065e+03   2943360   1
       284   2.734823e+08  2.108752e+08  1.183190e+03   2953490   1
       285   1.110021e+09  2.123076e+08  1.193196e+03   2963891   1
       286   2.247411e+08  2.124959e+08  1.198219e+03   2974479   1
       287   2.485940e+08  2.125640e+08  1.203236e+03   2985071   1
       288   5.831563e+08  2.128288e+08  1.208282e+03   2995308   1
       289   3.077335e+08  2.129328e+08  1.213415e+03   3005846   1
       290   2.793500e+08  2.130115e+08  1.218565e+03   3016478   1
       291   3.102904e+08  2.131244e+08  1.223697e+03   3027222   1
       292   6.193351e+08  2.131591e+08  1.228870e+03   3037445   1
       293   4.453034e+08  2.137351e+08  1.234020e+03   3047826   1
       294   6.907385e+08  2.137540e+08  1.239224e+03   3058118   1
       295   2.710294e+08  2.139251e+08  1.249521e+03   3068668   1
       296   3.341804e+08  2.139714e+08  1.254631e+03   3079361   1
       297   2.517946e+08  2.139727e+08  1.259771e+03   3090008   1
       298   3.930821e+08  2.143238e+08  1.264898e+03   3100450   1
       299   2.818736e+08  2.146687e+08  1.270015e+03   3110590   1
       300   2.238611e+08  2.147767e+08  1.275158e+03   3120632   1
       301   2.907016e+08  2.148046e+08  1.280424e+03   3131022   1
       302   3.682298e+08  2.148169e+08  1.285606e+03   3140962   1
       303   8.881719e+08  2.149912e+08  1.290825e+03   3151218   1
       304   3.140833e+08  2.157813e+08  1.296131e+03   3161800   1
       305   2.427500e+08  2.157890e+08  1.301518e+03   3172329   1
       306   1.785748e+08  2.158695e+08  1.311861e+03   3182785   1
       307   6.797645e+08  2.158718e+08  1.317034e+03   3193182   1
       308   2.908653e+08  2.160211e+08  1.322268e+03   3203603   1
       309   9.475149e+08  2.160328e+08  1.327493e+03   3213907   1
       310   3.354819e+08  2.161154e+08  1.332789e+03   3224639   1
       311   3.877973e+08  2.167682e+08  1.338050e+03   3235297   1
       312   2.398535e+08  2.171385e+08  1.343400e+03   3246205   1
       313   3.365362e+08  2.172312e+08  1.348709e+03   3256767   1
       314   3.125664e+08  2.173731e+08  1.354113e+03   3267357   1
       315   4.558634e+08  2.175843e+08  1.359528e+03   3277644   1
       316   2.136866e+08  2.176488e+08  1.370254e+03   3288087   1
       317   7.765275e+08  2.176500e+08  1.375561e+03   3298616   1
       318   2.544779e+08  2.177461e+08  1.380868e+03   3309144   1
       319   5.596176e+08  2.182295e+08  1.386147e+03   3319759   1
       320   7.185752e+08  2.183856e+08  1.391455e+03   3330046   1
       321   4.753302e+08  2.184946e+08  1.396852e+03   3340056   1
       322   3.513926e+08  2.185010e+08  1.402250e+03   3350577   1
       323   2.459789e+08  2.185023e+08  1.407660e+03   3360873   1
       324   2.978490e+08  2.185211e+08  1.413073e+03   3371377   1
       325   3.139476e+08  2.185244e+08  1.418574e+03   3381740   1
       326   3.895621e+08  2.185461e+08  1.424029e+03   3391934   1
       327   2.302877e+08  2.186025e+08  1.434820e+03   3402561   1
       328   2.553094e+08  2.186620e+08  1.440159e+03   3412832   1
       329   2.811707e+08  2.186620e+08  1.445578e+03   3423168   1
       330   5.214478e+08  2.188486e+08  1.450956e+03   3433424   1
       331   2.099959e+08  2.189054e+08  1.456374e+03   3443616   1
       332   1.875516e+08  2.189145e+08  1.461875e+03   3454220   1
       333   3.885744e+08  2.189152e+08  1.467366e+03   3464397   1
       334   2.224825e+08  2.190920e+08  1.472853e+03   3474748   1
       335   4.129248e+08  2.195784e+08  1.478381e+03   3485344   1
       336   3.263157e+08  2.196635e+08  1.483942e+03   3495764   1
       337   2.028177e+08  2.197049e+08  1.489555e+03   3505907   1
       338   5.946529e+08  2.201497e+08  1.500433e+03   3515896   1
       339   5.094163e+08  2.201791e+08  1.505836e+03   3526300   1
       340   4.596444e+08  2.202456e+08  1.511403e+03   3536601   1
       341   4.872470e+08  2.202856e+08  1.516929e+03   3547132   1
       342   2.580699e+08  2.203631e+08  1.522512e+03   3557288   1
       343   3.058984e+08  2.205257e+08  1.528043e+03   3567582   1
       344   3.477452e+08  2.209293e+08  1.533599e+03   3577832   1
       345   2.147634e+08  2.209549e+08  1.539188e+03   3588297   1
       346   2.727519e+08  2.209851e+08  1.544850e+03   3598628   1
       347   2.921757e+08  2.210216e+08  1.550507e+03   3608899   1
       348   4.754979e+08  2.211126e+08  1.561792e+03   3619243   1
       349   8.870637e+08  2.212032e+08  1.567296e+03   3629523   1
       350   3.022332e+08  2.213249e+08  1.572877e+03   3640309   1
       351   3.181629e+08  2.213292e+08  1.578417e+03   3650618   1
       352   3.617836e+08  2.214776e+08  1.583994e+03   3661142   1
       353   3.043460e+08  2.214957e+08  1.589681e+03   3671611   1
       354   3.595484e+08  2.219423e+08  1.595391e+03   3682226   1
       355   2.350985e+08  2.219554e+08  1.601029e+03   3692150   1
       356   3.735434e+08  2.219593e+08  1.606679e+03   3702581   1
       357   2.371831e+08  2.220088e+08  1.612495e+03   3713014   1
       358   5.281716e+08  2.220829e+08  1.618233e+03   3723289   1
       359   3.144362e+08  2.220983e+08  1.629712e+03   3733617   1
       360   4.379007e+08  2.221106e+08  1.635416e+03   3743924   1
       361   3.149977e+08  2.221128e+08  1.641044e+03   3754424   1
       362   8.153427e+08  2.222566e+08  1.646726e+03   3764547   1
       363   2.709489e+08  2.223905e+08  1.652410e+03   3775101   1
       364   3.964338e+08  2.224881e+08  1.658165e+03   3785697   1
       365   3.776950e+08  2.225196e+08  1.663897e+03   3796226   1
       366   7.628303e+08  2.225216e+08  1.669673e+03   3806564   1
       367   2.958581e+08  2.225516e+08  1.675435e+03   3816679   1
       368   8.617473e+08  2.225653e+08  1.681128e+03   3826761   1
       369   4.572432e+08  2.230575e+08  1.686965e+03   3837242   1
       370   7.353255e+08  2.233941e+08  1.692845e+03   3847682   1
       371   3.263659e+08  2.235090e+08  1.704445e+03   3858102   1
       372   4.477871e+08  2.244308e+08  1.710222e+03   3868662   1
       373   2.881545e+08  2.244320e+08  1.716087e+03   3879153   1
       374   2.898725e+08  2.245183e+08  1.721883e+03   3889734   1
       375   5.014903e+08  2.245289e+08  1.727758e+03   3900163   1
       376   2.363870e+08  2.246487e+08  1.733637e+03   3910961   1
       377   3.038692e+08  2.247679e+08  1.739505e+03   3921497   1
       378   5.783930e+08  2.250592e+08  1.745176e+03   3931362   1
       379   3.349473e+08  2.254246e+08  1.751102e+03   3941685   1
       380   2.734775e+08  2.254424e+08  1.757068e+03   3951847   1
       381   2.101276e+08  2.255848e+08  1.763054e+03   3962317   1
       382   4.889385e+08  2.256577e+08  1.775038e+03   3972732   1
       383   3.411042e+08  2.256595e+08  1.780898e+03   3983213   1
       384   3.338439e+08  2.256646e+08  1.786817e+03   3993786   1
       385   6.250652e+08  2.256668e+08  1.792625e+03   4004040   1
       386   3.509824e+08  2.256896e+08  1.798527e+03   4014632   1
       387   7.626037e+08  2.256921e+08  1.804396e+03   4024807   1
       388   5.975773e+08  2.256925e+08  1.810254e+03   4034835   1
       389   7.546015e+08  2.262418e+08  1.816236e+03   4045270   1
       390   4.219933e+08  2.262447e+08  1.822216e+03   4055921   1
       391   2.530684e+08  2.262617e+08  1.828281e+03   4066093   1
       392   3.295458e+08  2.263101e+08  1.834426e+03   4076259   1
       393   3.027438e+08  2.263939e+08  1.840566e+03   4086744   1
       394   4.121475e+08  2.264125e+08  1.852573e+03   4096975   1
       395   3.885765e+08  2.264205e+08  1.858615e+03   4107519   1
       396   2.483579e+08  2.264696e+08  1.864517e+03   4117948   1
       397   4.573346e+08  2.264951e+08  1.870559e+03   4128369   1
       398   2.917530e+08  2.264968e+08  1.876674e+03   4138899   1
       399   3.231477e+08  2.264997e+08  1.882649e+03   4149133   1
       400   2.399040e+08  2.266034e+08  1.888793e+03   4159362   1
       401   1.992391e+08  2.266930e+08  1.894764e+03   4169249   1
       402   4.079581e+08  2.267087e+08  1.900859e+03   4179768   1
       403   3.027930e+08  2.267797e+08  1.907114e+03   4190566   1
       404   2.347909e+08  2.272031e+08  1.913349e+03   4201005   1
       405   1.924473e+08  2.272224e+08  1.925735e+03   4211491   1
       406   2.987313e+08  2.272437e+08  1.931820e+03   4222091   1
       407   2.274330e+08  2.278473e+08  1.937917e+03   4232461   1
       408   4.115853e+08  2.278866e+08  1.943906e+03   4242511   1
       409   3.089939e+08  2.279233e+08  1.950033e+03   4252663   1
       410   4.675611e+08  2.279291e+08  1.956173e+03   4262861   1
       411   2.631341e+08  2.279971e+08  1.962347e+03   4273430   1
       412   6.428917e+08  2.281335e+08  1.968473e+03   4283486   1
       413   7.691593e+08  2.287076e+08  1.974538e+03   4293955   1
       414   3.628751e+08  2.287246e+08  1.980834e+03   4304287   1
       415   2.048563e+08  2.287618e+08  1.987202e+03   4315045   1
       416   3.237239e+08  2.287618e+08  1.993473e+03   4325475   1
       417   5.011004e+08  2.289037e+08  2.005920e+03   4335873   1
       418   2.578897e+08  2.289531e+08  2.012043e+03   4346226   1
       419   4.016599e+08  2.289684e+08  2.018291e+03   4356651   1
       420   2.824361e+08  2.290540e+08  2.024520e+03   4367482   1
       421   4.346541e+08  2.291675e+08  2.030757e+03   4377887   1
       422   3.366340e+08  2.293149e+08  2.036923e+03   4388309   1
       423   4.481087e+08  2.294715e+08  2.043147e+03   4398948   1
       424   2.632833e+08  2.295444e+08  2.049313e+03   4409315   1
       425   2.560451e+08  2.300739e+08  2.055609e+03   4419695   1
       426   7.077675e+08  2.300740e+08  2.061912e+03   4429833   1
       427   3.659739e+08  2.302679e+08  2.068318e+03   4440440   1
       428   2.989354e+08  2.303225e+08  2.074731e+03   4450870   1
       429   3.526426e+08  2.303493e+08  2.087395e+03   4461299   1
       430   3.830213e+08  2.304372e+08  2.093625e+03   4471816   1
       431   3.526247e+08  2.304493e+08  2.099900e+03   4482255   1
       432   2.519325e+08  2.305182e+08  2.106141e+03   4492691   1
       433   2.863192e+08  2.305281e+08  2.112446e+03   4503094   1
       434   2.315513e+08  2.305485e+08  2.118855e+03   4513560   1
       435   6.334311e+08  2.308460e+08  2.125118e+03   4524051   1
       436   2.472773e+08  2.308541e+08  2.131450e+03   4534496   1
       437   2.802307e+08  2.309536e+08  2.137746e+03   4544921   1
       438   6.970026e+08  2.310158e+08  2.144158e+03   4555278   1
       439   2.665255e+08  2.311024e+08  2.150585e+03   4565597   1
       440   1.870813e+08  2.311030e+08  2.157104e+03   4576101   1
       441   2.274006e+08  2.311044e+08  2.170132e+03   4586644   1
       442   3.220691e+08  2.311340e+08  2.176539e+03   4597116   1
       443   7.535014e+08  2.313603e+08  2.182805e+03   4607293   1
       444   4.436182e+08  2.313719e+08  2.189151e+03   4617624   1
       445   3.501560e+08  2.315414e+08  2.195575e+03   4628075   1
       446   2.471465e+08  2.315417e+08  2.202006e+03   4638290   1
       447   3.957895e+08  2.315837e+08  2.208424e+03   4648468   1
       448   2.966848e+08  2.316424e+08  2.214890e+03   4658760   1
       449   2.074814e+08  2.316463e+08  2.221317e+03   4669146   1
       450   3.875751e+08  2.316567e+08  2.227909e+03   4679498   1
       451   3.733978e+08  2.316571e+08  2.234480e+03   4689982   1
       452   3.473322e+08  2.317008e+08  2.241126e+03   4700106   1
       453   2.058836e+08  2.317538e+08  2.254416e+03   4710541   1
       454   3.023267e+08  2.317846e+08  2.260885e+03   4721118   1
       455   6.525127e+08  2.318732e+08  2.267256e+03   4731492   1
       456   3.287937e+08  2.318783e+08  2.273814e+03   4742137   1
       457   2.608272e+08  2.318803e+08  2.280265e+03   4752449   1
       458   3.178488e+08  2.319205e+08  2.286845e+03   4762981   1
       459   2.396773e+08  2.319572e+08  2.293316e+03   4773406   1
       460   3.579867e+08  2.319627e+08  2.299781e+03   4783924   1
       461   2.725711e+08  2.321428e+08  2.306268e+03   4794540   1
       462   3.458549e+08  2.321444e+08  2.312945e+03   4805035   1
       463   3.274133e+08  2.322699e+08  2.319608e+03   4815506   1
       464   3.931790e+08  2.322879e+08  2.326297e+03   4825772   1
       465   5.602300e+08  2.322881e+08  2.339837e+03   4835915   1
       466   3.106864e+08  2.323113e+08  2.346351e+03   4846184   1
       467   3.623681e+08  2.323186e+08  2.352895e+03   4856837   1
       468   4.256027e+08  2.324127e+08  2.359490e+03   4867253   1
       469   3.695554e+08  2.324136e+08  2.366175e+03   4877811   1
       470   1.770927e+08  2.324152e+08  2.372784e+03   4887956   1
       471   2.549109e+08  2.325075e+08  2.379405e+03   4898450   1
       472   2.963839e+08  2.325086e+08  2.386013e+03   4908754   1
       473   4.559495e+08  2.325854e+08  2.392608e+03   4919102   1
       474   2.692756e+08  2.330118e+08  2.399346e+03   4929505   1
       475   3.145871e+08  2.333379e+08  2.406114e+03   4940202   1
       476   2.823275e+08  2.333492e+08  2.412881e+03   4950657   1
       477   6.327562e+08  2.334247e+08  2.426708e+03   4961036   1
       478   2.841427e+08  2.334264e+08  2.433408e+03   4971650   1
       479   2.379854e+08  2.336166e+08  2.440148e+03   4982202   1
       480   2.596726e+08  2.336953e+08  2.446855e+03   4992428   1
       481   2.174892e+08  2.337255e+08  2.453579e+03   5002937   1
       482   5.188167e+08  2.337781e+08  2.460254e+03   5013074   1
       483   2.452312e+08  2.339578e+08  2.466978e+03   5023305   1
       484   2.869364e+08  2.341119e+08  2.473690e+03   5033683   1
       485   2.998087e+08  2.341827e+08  2.480444e+03   5044477   1
       486   4.632195e+08  2.342276e+08  2.487208e+03   5055004   1
       487   2.063165e+08  2.342754e+08  2.494124e+03   5065432   1
       488   2.564487e+08  2.356002e+08  2.501080e+03   5076138   1
       489   2.004599e+08  2.356042e+08  2.508095e+03   5086624   1
       490   3.553175e+08  2.357758e+08  2.522003e+03   5096977   1
       491   2.379496e+08  2.358541e+08  2.528682e+03   5107545   1
       492   3.092336e+08  2.358750e+08  2.535490e+03   5117935   1
       493   3.371803e+08  2.358750e+08  2.542238e+03   5128366   1
       494   3.388126e+08  2.359022e+08  2.549008e+03   5138665   1
       495   3.734293e+08  2.361307e+08  2.555800e+03   5149187   1
       496   1.951681e+08  2.361395e+08  2.562731e+03   5159666   1
       497   2.820210e+08  2.369711e+08  2.569621e+03   5170121   1
       498   1.742792e+08  2.370277e+08  2.576488e+03   5180593   1
       499   3.160642e+08  2.370317e+08  2.583412e+03   5191091   1
       500   2.285047e+08  2.370485e+08  2.590405e+03   5201622   1
       501   2.888680e+08  2.372190e+08  2.597510e+03   5211682   1
       502   1.818405e+08  2.372202e+08  2.611957e+03   5221730   1
       503   8.060687e+08  2.374130e+08  2.618948e+03   5232116   1
       504   2.142542e+08  2.374850e+08  2.625798e+03   5242467   1
       505   4.309574e+08  2.375532e+08  2.632666e+03   5252856   1
       506   4.498191e+08  2.379136e+08  2.639665e+03   5263071   1
       507   3.372963e+08  2.380753e+08  2.646615e+03   5273683   1
       508   6.376183e+08  2.383649e+08  2.653444e+03   5283984   1
       509   4.597610e+08  2.384369e+08  2.660299e+03   5294272   1
       510   3.363401e+08  2.384379e+08  2.667349e+03   5304920   1
       511   2.227002e+08  2.384438e+08  2.674395e+03   5315149   1
       512   4.912114e+08  2.384470e+08  2.681491e+03   5325405   1
       513   2.770515e+08  2.384640e+08  2.688662e+03   5336050   1
       514   3.248651e+08  2.385663e+08  2.695714e+03   5346553   1
       515   2.347428e+08  2.385677e+08  2.710331e+03   5357046   1
       516   2.178746e+08  2.385749e+08  2.717334e+03   5367688   1
       517   2.335551e+08  2.385886e+08  2.724398e+03   5378373   1
       518   4.967843e+08  2.386914e+08  2.731337e+03   5388791   1
       519   6.587555e+08  2.387094e+08  2.738454e+03   5398809   1
       520   3.481153e+08  2.387709e+08  2.745471e+03   5409018   1
       521   3.183288e+08  2.388249e+08  2.752538e+03   5419452   1
       522   2.505070e+08  2.388999e+08  2.759697e+03   5430102   1
       523   2.449086e+08  2.389018e+08  2.766758e+03   5439828   1
       524   2.772904e+08  2.389407e+08  2.773811e+03   5450047   1
       525   2.622309e+08  2.389485e+08  2.781048e+03   5460812   1
       526   5.094197e+08  2.390264e+08  2.788313e+03   5470991   1
       527   5.142032e+08  2.393963e+08  2.795553e+03   5481645   1
       528   3.056221e+08  2.394577e+08  2.810437e+03   5492262   1
       529   4.123787e+08  2.394676e+08  2.817617e+03   5502402   1
       530   2.315818e+08  2.394695e+08  2.824749e+03   5512848   1
       531   4.961044e+08  2.396067e+08  2.831813e+03   5522816   1
       532   3.755361e+08  2.396092e+08  2.838955e+03   5533418   1
       533   4.837435e+08  2.396124e+08  2.846119e+03   5543759   1
       534   2.375675e+08  2.396859e+08  2.853238e+03   5553698   1
       535   5.113763e+08  2.396875e+08  2.860368e+03   5564119   1
       536   2.148395e+08  2.397367e+08  2.867608e+03   5574464   1
       537   3.117135e+08  2.398317e+08  2.874865e+03   5585267   1
       538   2.343194e+08  2.398336e+08  2.882180e+03   5595867   1
       539   2.445710e+08  2.399294e+08  2.889468e+03   5606374   1
       540   3.093688e+08  2.399805e+08  2.896839e+03   5617131   1
       541   2.265742e+08  2.399943e+08  2.912292e+03   5627394   1
       542   8.407183e+08  2.399969e+08  2.919420e+03   5637748   1
       543   3.210380e+08  2.400090e+08  2.926626e+03   5648272   1
       544   3.108980e+08  2.400113e+08  2.933897e+03   5658693   1
       545   2.421264e+08  2.400319e+08  2.941196e+03   5669115   1
       546   2.330505e+08  2.401308e+08  2.948472e+03   5679550   1
       547   2.237347e+08  2.401324e+08  2.955697e+03   5689912   1
       548   4.055879e+08  2.401345e+08  2.962997e+03   5700533   1
       549   7.415110e+08  2.401793e+08  2.970201e+03   5710872   1
       550   2.493496e+08  2.401815e+08  2.977699e+03   5721126   1
       551   3.465058e+08  2.401962e+08  2.985103e+03   5731545   1
       552   3.630554e+08  2.402743e+08  2.992518e+03   5742077   1
       553   2.906613e+08  2.402753e+08  2.999910e+03   5752387   1
       554   3.113416e+08  2.403121e+08  3.007494e+03   5763016   1
       555   2.723006e+08  2.403153e+08  3.022691e+03   5773455   1
       556   3.955459e+08  2.404288e+08  3.029990e+03   5783666   1
       557   2.810916e+08  2.404463e+08  3.037265e+03   5794108   1
       558   9.490938e+08  2.406819e+08  3.044475e+03   5804277   1
       559   6.034307e+08  2.407247e+08  3.051871e+03   5814676   1
       560   2.872686e+08  2.409510e+08  3.059258e+03   5825006   1
       561   2.894010e+08  2.409692e+08  3.066769e+03   5835347   1
       562   3.763772e+08  2.409934e+08  3.074117e+03   5845655   1
       563   3.186157e+08  2.409948e+08  3.081581e+03   5855961   1
       564   3.151289e+08  2.411299e+08  3.088970e+03   5866455   1
       565   3.524403e+08  2.411970e+08  3.096410e+03   5876816   1
       566   2.078208e+08  2.412170e+08  3.103972e+03   5886838   1
       567   3.405951e+08  2.412640e+08  3.111524e+03   5897325   1
       568   3.884982e+08  2.412651e+08  3.127073e+03   5907681   1
       569   2.787223e+08  2.412924e+08  3.134522e+03   5918334   1
       570   5.673862e+08  2.413191e+08  3.141902e+03   5928443   1
       571   2.689979e+08  2.413202e+08  3.149425e+03   5938825   1
       572   2.739177e+08  2.413216e+08  3.156931e+03   5948924   1
       573   3.327448e+08  2.413233e+08  3.164448e+03   5959489   1
       574   2.919577e+08  2.413281e+08  3.171911e+03   5970025   1
       575   3.225595e+08  2.413646e+08  3.179399e+03   5980563   1
       576   6.587414e+08  2.413950e+08  3.186873e+03   5990790   1
       577   7.039234e+08  2.414058e+08  3.194276e+03   6001032   1
       578   2.096708e+08  2.416950e+08  3.201807e+03   6011369   1
       579   5.537621e+08  2.417072e+08  3.209464e+03   6021646   1
       580   1.575521e+08  2.417072e+08  3.217270e+03   6032259   1
       581   1.694653e+08  2.417085e+08  3.225032e+03   6042748   1
       582   3.895638e+08  2.419130e+08  3.240834e+03   6053237   1
       583   3.537863e+08  2.419143e+08  3.248317e+03   6063690   1
       584   4.177924e+08  2.419285e+08  3.255829e+03   6074014   1
       585   5.358591e+08  2.419292e+08  3.263354e+03   6084383   1
       586   2.355314e+08  2.420043e+08  3.271038e+03   6095088   1
       587   2.535960e+08  2.420239e+08  3.278638e+03   6105359   1
       588   6.943095e+08  2.420926e+08  3.286172e+03   6115816   1
       589   1.591087e+08  2.421094e+08  3.293871e+03   6126153   1
       590   5.217094e+08  2.421157e+08  3.301539e+03   6136776   1
       591   2.535519e+08  2.421480e+08  3.309178e+03   6147453   1
       592   2.145167e+08  2.421721e+08  3.316905e+03   6157927   1
       593   2.737694e+08  2.424537e+08  3.324646e+03   6168229   1
       594   2.878437e+08  2.424551e+08  3.332474e+03   6178461   1
       595   2.887313e+08  2.425495e+08  3.340343e+03   6188933   1
       596   1.816385e+08  2.425502e+08  3.356409e+03   6199369   1
       597   2.691583e+08  2.426673e+08  3.364009e+03   6209640   1
       598   3.425692e+08  2.426936e+08  3.371583e+03   6219965   1
       599   8.970776e+08  2.429399e+08  3.379168e+03   6230314   1
       600   2.431765e+08  2.429551e+08  3.386890e+03   6240817   1
       601   3.972256e+08  2.429561e+08  3.394626e+03   6251292   1
       602   8.635526e+08  2.430250e+08  3.402222e+03   6261370   1
       603   3.492312e+08  2.430280e+08  3.409998e+03   6271971   1
       604   2.429896e+08  2.430371e+08  3.417904e+03   6282352   1
       605   3.302976e+08  2.430396e+08  3.425663e+03   6292912   1
       606   2.917275e+08  2.431238e+08  3.433415e+03   6303254   1
       607   2.156691e+08  2.431258e+08  3.441317e+03   6313653   1
       608   6.428970e+08  2.431286e+08  3.449210e+03   6324064   1
       609   3.369486e+08  2.432374e+08  3.457178e+03   6334651   1
       610   4.034486e+08  2.433012e+08  3.473647e+03   6345060   1
       611   2.877391e+08  2.433163e+08  3.481415e+03   6355852   1
       612   2.827752e+08  2.437449e+08  3.489100e+03   6366205   1
       613   4.350744e+08  2.437646e+08  3.496857e+03   6376419   1
       614   3.792427e+08  2.438816e+08  3.504634e+03   6386920   1
       615   2.310796e+08  2.438942e+08  3.512516e+03   6397291   1
       616   2.086515e+08  2.439303e+08  3.520274e+03   6407700   1
       617   2.079134e+08  2.447019e+08  3.528071e+03   6417886   1
       618   3.557587e+08  2.447302e+08  3.536002e+03   6428545   1
       619   2.047660e+08  2.447327e+08  3.543898e+03   6438959   1
       620   2.383726e+08  2.447805e+08  3.551911e+03   6449641   1
       621   5.175671e+08  2.448066e+08  3.559840e+03   6459990   1
       622   4.832187e+08  2.448624e+08  3.567834e+03   6470255   1
       623   4.320206e+08  2.448864e+08  3.575837e+03   6480492   1
       624   2.943541e+08  2.448939e+08  3.592532e+03   6490849   1
       625   3.088342e+08  2.449071e+08  3.600370e+03   6501447   1
       626   1.974150e+08  2.449812e+08  3.608189e+03   6511687   1
       627   3.748535e+08  2.453895e+08  3.616111e+03   6522075   1
       628   3.189155e+08  2.454585e+08  3.624030e+03   6532477   1
       629   8.567225e+08  2.454677e+08  3.631937e+03   6542645   1
       630   2.790758e+08  2.455631e+08  3.639911e+03   6553126   1
       631   3.904871e+08  2.455632e+08  3.647769e+03   6563624   1
       632   4.349515e+08  2.455678e+08  3.655715e+03   6574289   1
       633   5.590757e+08  2.455722e+08  3.663673e+03   6584853   1
       634   3.672535e+08  2.455725e+08  3.671695e+03   6595129   1
       635   4.755511e+08  2.455752e+08  3.679776e+03   6605651   1
       636   3.006255e+08  2.455777e+08  3.687853e+03   6615906   1
       637   2.249828e+08  2.455811e+08  3.696124e+03   6626357   1
       638   3.214075e+08  2.455840e+08  3.713245e+03   6636469   1
       639   2.807789e+08  2.455842e+08  3.721270e+03   6646893   1
       640   3.660772e+08  2.455843e+08  3.729320e+03   6657188   1
       641   2.001187e+08  2.455856e+08  3.737389e+03   6667764   1
       642   2.287204e+08  2.455859e+08  3.745472e+03   6678069   1
       643   2.431002e+08  2.456612e+08  3.753490e+03   6688560   1
       644   3.070930e+08  2.456655e+08  3.761533e+03   6698883   1
       645   8.346981e+08  2.456675e+08  3.769602e+03   6709073   1
       646   5.828390e+08  2.456776e+08  3.777583e+03   6719568   1
       647   2.259807e+08  2.457110e+08  3.785678e+03   6729628   1
       648   1.650975e+08  2.457266e+08  3.793770e+03   6740002   1
       649   2.623270e+08  2.457414e+08  3.802034e+03   6750407   1
       650   2.111115e+08  2.457928e+08  3.810247e+03   6761036   1
       651   3.236595e+08  2.458182e+08  3.818503e+03   6771080   1
       652   2.526430e+08  2.458186e+08  3.835963e+03   6781523   1
       653   2.556485e+08  2.458207e+08  3.844185e+03   6791932   1
       654   4.288657e+08  2.460189e+08  3.852221e+03   6802364   1
       655   2.251685e+08  2.460593e+08  3.860359e+03   6812600   1
       656   1.961888e+08  2.460799e+08  3.868620e+03   6823117   1
       657   5.963791e+08  2.460853e+08  3.876723e+03   6833190   1
       658   2.043732e+08  2.460901e+08  3.884913e+03   6843522   1
       659   5.755177e+08  2.461196e+08  3.893031e+03   6853535   1
       660   5.910886e+08  2.461797e+08  3.901274e+03   6864171   1
       661   2.832960e+08  2.461949e+08  3.909428e+03   6874536   1
       662   2.800654e+08  2.467866e+08  3.917724e+03   6884836   1
       663   3.288580e+08  2.468294e+08  3.926065e+03   6895527   1
       664   5.678172e+08  2.470872e+08  3.934350e+03   6905854   1
       665   2.952179e+08  2.470885e+08  3.942644e+03   6915597   1
       666   5.018212e+08  2.470905e+08  3.951078e+03   6925867   1
       667   6.488322e+08  2.470939e+08  3.968625e+03   6936166   1
       668   2.357258e+08  2.471233e+08  3.976895e+03   6946756   1
       669   1.544960e+08  2.471412e+08  3.985196e+03   6957102   1
       670   2.718298e+08  2.471625e+08  3.993481e+03   6967822   1
       671   3.129806e+08  2.472138e+08  4.001784e+03   6978022   1
       672   1.968031e+08  2.473690e+08  4.010142e+03   6988569   1
       673   2.537149e+08  2.473956e+08  4.018386e+03   6999194   1
       674   3.674023e+08  2.474069e+08  4.026610e+03   7009797   1
       675   3.063678e+08  2.474695e+08  4.034932e+03   7020442   1
       676   8.296310e+08  2.474712e+08  4.043314e+03   7030906   1
       677   3.063353e+08  2.475069e+08  4.051764e+03   7041315   1
       678   7.826963e+08  2.475076e+08  4.060208e+03   7051208   1
       679   2.273227e+08  2.475914e+08  4.068873e+03   7061620   1
       680   4.154738e+08  2.476816e+08  4.077306e+03   7072127   1
       681   2.179878e+08  2.477105e+08  4.085914e+03   7082789   1
       682   3.594846e+08  2.477280e+08  4.103622e+03   7093099   1
       683   3.529854e+08  2.477381e+08  4.111972e+03   7103640   1
       684   2.592427e+08  2.477422e+08  4.120318e+03   7113875   1
       685   3.356568e+08  2.477440e+08  4.128700e+03   7124379   1
       686   4.950929e+08  2.478089e+08  4.137067e+03   7134638   1
       687   4.793844e+08  2.478096e+08  4.145549e+03   7145039   1
       688   2.459428e+08  2.480122e+08  4.153892e+03   7155366   1
       689   2.230252e+08  2.480290e+08  4.162384e+03   7165812   1
       690   4.600923e+08  2.481045e+08  4.170856e+03   7176092   1
       691   3.407826e+08  2.483019e+08  4.179247e+03   7186571   1
       692   2.231248e+08  2.483085e+08  4.187782e+03   7196500   1
       693   3.050634e+08  2.483143e+08  4.196452e+03   7206888   1
       694   2.139024e+08  2.483819e+08  4.205079e+03   7217111   1
       695   4.006476e+08  2.484182e+08  4.213816e+03   7227356   1
       696   1.907522e+08  2.484241e+08  4.231891e+03   7237936   1
       697   2.777984e+08  2.484460e+08  4.240373e+03   7248636   1
       698   4.645223e+08  2.484481e+08  4.248815e+03   7259113   1
       699   2.977330e+08  2.484497e+08  4.257321e+03   7269506   1
       700   4.176733e+08  2.484501e+08  4.265833e+03   7280104   1
       701   3.774883e+08  2.484509e+08  4.274375e+03   7290370   1
       702   3.316304e+08  2.484947e+08  4.282939e+03   7300711   1
       703   2.720596e+08  2.486022e+08  4.291546e+03   7311263   1
       704   4.684300e+08  2.486085e+08  4.300096e+03   7321836   1
       705   2.614275e+08  2.486185e+08  4.308773e+03   7331981   1
       706   2.053527e+08  2.486199e+08  4.317386e+03   7342563   1
       707   2.506802e+08  2.486205e+08  4.326051e+03   7353116   1
       708   2.493324e+08  2.486835e+08  4.335007e+03   7363266   1
       709   2.341368e+08  2.486836e+08  4.344014e+03   7373430   1
       710   6.288786e+08  2.488455e+08  4.353104e+03   7383915   1
       711   1.968923e+08  2.488455e+08  4.371659e+03   7394377   1
       712   2.809999e+08  2.488778e+08  4.380234e+03   7404946   1
       713   2.132940e+08  2.488793e+08  4.388878e+03   7415103   1
       714   7.730463e+08  2.489249e+08  4.397417e+03   7425344   1
       715   2.852178e+08  2.489982e+08  4.406180e+03   7435893   1
       716   6.168372e+08  2.490074e+08  4.414844e+03   7445984   1
       717   3.456790e+08  2.490149e+08  4.423426e+03   7456374   1
       718   1.981954e+08  2.490267e+08  4.432200e+03   7466809   1
       719   2.472605e+08  2.490440e+08  4.441030e+03   7477121   1
       720   4.299321e+08  2.490541e+08  4.449764e+03   7487654   1
       721   3.689652e+08  2.490799e+08  4.458551e+03   7497997   1
       722   2.587857e+08  2.491290e+08  4.467448e+03   7508620   1
       723   7.465960e+08  2.491290e+08  4.476140e+03   7518886   1
       724   5.725357e+08  2.491388e+08  4.484927e+03   7529246   1
       725   3.219175e+08  2.491746e+08  4.493903e+03   7539619   1
       726   3.830926e+08  2.493131e+08  4.502817e+03   7550260   1
       727   3.286369e+08  2.493429e+08  4.521432e+03   7560480   1
       728   3.717162e+08  2.493686e+08  4.530340e+03   7570657   1
       729   2.545395e+08  2.493717e+08  4.539133e+03   7581048   1
       730   1.884982e+08  2.494219e+08  4.547908e+03   7591376   1
       731   2.294801e+08  2.494233e+08  4.556782e+03   7601473   1
       732   3.742147e+08  2.494311e+08  4.565546e+03   7612040   1
       733   2.123125e+08  2.494367e+08  4.574338e+03   7622256   1
       734   3.718085e+08  2.494765e+08  4.583199e+03   7632887   1
       735   7.259145e+08  2.494813e+08  4.591966e+03   7643521   1
       736   2.502012e+08  2.494841e+08  4.600865e+03   7653693   1
       737   5.500654e+08  2.495037e+08  4.609678e+03   7663873   1
       738   2.732337e+08  2.496194e+08  4.618727e+03   7674088   1
       739   6.704956e+08  2.496617e+08  4.627714e+03   7684456   1
       740   6.473006e+08  2.498100e+08  4.636664e+03   7694324   1
       741   2.525666e+08  2.498326e+08  4.645828e+03   7704779   1
       742   4.907495e+08  2.500509e+08  4.664833e+03   7715161   1
       743   3.847251e+08  2.500934e+08  4.673811e+03   7725408   1
       744   5.477410e+08  2.501326e+08  4.682668e+03   7735683   1
       745   3.494124e+08  2.502932e+08  4.691499e+03   7746127   1
       746   2.906821e+08  2.503417e+08  4.700417e+03   7756639   1
       747   3.453675e+08  2.503515e+08  4.709308e+03   7766976   1
       748   2.265642e+08  2.505753e+08  4.718340e+03   7777619   1
       749   2.777416e+08  2.506266e+08  4.727254e+03   7788336   1
       750   2.133637e+08  2.506366e+08  4.736331e+03   7798354   1
       751   3.620354e+08  2.506409e+08  4.745437e+03   7808999   1
       752   8.682698e+08  2.507183e+08  4.754249e+03   7819355   1
       753   4.435263e+08  2.507782e+08  4.763282e+03   7829709   1
       754   3.631152e+08  2.507852e+08  4.772419e+03   7840198   1
       755   2.883667e+08  2.508436e+08  4.781469e+03   7850505   1
       756   2.231812e+08  2.508445e+08  4.790624e+03   7861035   1
       757   4.002702e+08  2.508649e+08  4.799831e+03   7871578   1
       758   2.472642e+08  2.508680e+08  4.819271e+03   7881980   1
       759   3.097627e+08  2.508720e+08  4.828348e+03   7892040   1
       760   7.869871e+08  2.508818e+08  4.837303e+03   7902302   1
       761   2.596818e+08  2.509321e+08  4.846324e+03   7913097   1
       762   3.111020e+08  2.510428e+08  4.855400e+03   7923637   1
       763   2.975321e+08  2.510479e+08  4.864563e+03   7934089   1
       764   3.336779e+08  2.510626e+08  4.873649e+03   7944428   1
       765   2.151055e+08  2.510930e+08  4.882736e+03   7954573   1
       766   1.869332e+08  2.511137e+08  4.891798e+03   7964717   1
       767   4.112318e+08  2.512092e+08  4.900852e+03   7975195   1
       768   3.477123e+08  2.512915e+08  4.910013e+03   7985478   1
       769   2.849488e+08  2.515211e+08  4.919209e+03   7995834   1
       770   2.294672e+08  2.515246e+08  4.928427e+03   8006072   1
       771   5.018792e+08  2.515596e+08  4.937584e+03   8016637   1
       772   4.066006e+08  2.516891e+08  4.946911e+03   8026976   1
       773   3.884491e+08  2.517663e+08  4.956354e+03   8037403   1
       774   3.627580e+08  2.519438e+08  4.976030e+03   8048141   1
       775   4.682645e+08  2.520371e+08  4.985154e+03   8058697   1
       776   5.600955e+08  2.521617e+08  4.994235e+03   8069136   1
       777   8.426946e+08  2.521867e+08  5.003405e+03   8079557   1
       778   3.806533e+08  2.521870e+08  5.012530e+03   8089852   1
       779   2.985445e+08  2.521908e+08  5.021769e+03   8100352   1
       780   2.317630e+08  2.522005e+08  5.031044e+03   8110709   1
       781   2.074644e+08  2.522174e+08  5.040224e+03   8121476   1
       782   2.548290e+08  2.522273e+08  5.049514e+03   8132043   1
       783   4.912085e+08  2.524126e+08  5.058714e+03   8142592   1
       784   3.414215e+08  2.526249e+08  5.068014e+03   8152941   1
       785   3.665172e+08  2.526501e+08  5.077239e+03   8162974   1
       786   1.948914e+08  2.527102e+08  5.086690e+03   8173205   1
       787   4.932901e+08  2.527304e+08  5.096169e+03   8183788   1
       788   7.742726e+08  2.527342e+08  5.105469e+03   8194093   1
       789   4.148368e+08  2.529297e+08  5.114810e+03   8204613   1
       790   7.621511e+08  2.529313e+08  5.124346e+03   8214832   1
       791   2.956168e+08  2.530266e+08  5.144565e+03   8225329   1
       792   2.882111e+08  2.530289e+08  5.153932e+03   8235558   1
       793   3.616870e+08  2.530448e+08  5.163163e+03   8245771   1
       794   2.075436e+08  2.530459e+08  5.172432e+03   8256468   1
       795   4.480822e+08  2.530493e+08  5.181688e+03   8266947   1
       796   2.237665e+08  2.530501e+08  5.191109e+03   8277361   1
       797   3.215625e+08  2.530737e+08  5.200571e+03   8287651   1
       798   5.173558e+08  2.530748e+08  5.209865e+03   8297959   1
       799   8.298188e+08  2.530766e+08  5.219091e+03   8308462   1
       800   3.376363e+08  2.531166e+08  5.228458e+03   8319011   1
       801   4.542015e+08  2.531170e+08  5.237726e+03   8329395   1
       802   3.383061e+08  2.531247e+08  5.247133e+03   8340086   1
       803   4.385698e+08  2.531265e+08  5.256672e+03   8350677   1
       804   4.467400e+08  2.531611e+08  5.266237e+03   8361335   1
       805   3.722827e+08  2.531643e+08  5.275828e+03   8371874   1
       806   3.000614e+08  2.532960e+08  5.285382e+03   8382299   1
       807   3.023718e+08  2.533303e+08  5.295105e+03   8392746   1
       808   2.958745e+08  2.533354e+08  5.315392e+03   8403071   1
       809   2.841292e+08  2.533405e+08  5.324834e+03   8413528   1
       810   3.191077e+08  2.533432e+08  5.334368e+03   8424092   1
       811   2.379613e+08  2.534191e+08  5.343926e+03   8434720   1
       812   4.184793e+08  2.534353e+08  5.353283e+03   8445127   1
       813   2.216515e+08  2.534380e+08  5.362803e+03   8455669   1
       814   3.331832e+08  2.534531e+08  5.372379e+03   8466323   1
       815   4.130745e+08  2.534539e+08  5.381773e+03   8476847   1
       816   1.851900e+08  2.534545e+08  5.391446e+03   8487394   1
       817   1.618482e+08  2.535185e+08  5.400947e+03   8497698   1
       818   1.949284e+08  2.535200e+08  5.410497e+03   8508115   1
       819   8.657677e+08  2.535524e+08  5.420002e+03   8518213   1
       820   2.744436e+08  2.535563e+08  5.429820e+03   8528162   1
       821   5.420041e+08  2.535576e+08  5.439512e+03   8538540   1
       822   2.100631e+08  2.535588e+08  5.449351e+03   8548695   1
       823   2.033757e+08  2.535731e+08  5.459047e+03   8559100   1
       824   5.011816e+08  2.535934e+08  5.479730e+03   8569536   1
       825   2.170654e+08  2.536134e+08  5.489288e+03   8580280   1
       826   1.020340e+09  2.536135e+08  5.498714e+03   8590582   1
       827   2.578735e+08  2.536498e+08  5.508431e+03   8600826   1
       828   4.066962e+08  2.536829e+08  5.518101e+03   8611293   1
       829   2.736150e+08  2.536883e+08  5.527695e+03   8621673   1
       830   3.337206e+08  2.539875e+08  5.537247e+03   8632137   1
       831   2.904328e+08  2.541285e+08  5.546859e+03   8642701   1
       832   5.613754e+08  2.541460e+08  5.556510e+03   8652899   1
       833   3.013635e+08  2.541576e+08  5.566107e+03   8663499   1
       834   4.212539e+08  2.541632e+08  5.575759e+03   8673675   1
       835   1.956432e+08  2.542206e+08  5.585465e+03   8684133   1
       836   2.598722e+08  2.542889e+08  5.595155e+03   8694573   1
       837   1.911007e+08  2.544809e+08  5.605069e+03   8704517   1
       838   2.129865e+08  2.545883e+08  5.614948e+03   8715124   1
       839   3.451550e+08  2.546600e+08  5.624916e+03   8725627   1
       840   3.051787e+08  2.548871e+08  5.634833e+03   8736150   1
       841   3.123142e+08  2.549297e+08  5.656050e+03   8746550   1
       842   3.482581e+08  2.549342e+08  5.665714e+03   8756877   1
       843   2.630972e+08  2.549936e+08  5.675426e+03   8767582   1
       844   7.989752e+08  2.550036e+08  5.685001e+03   8777893   1
       845   4.682002e+08  2.550045e+08  5.694922e+03   8788175   1
       846   3.221720e+08  2.550610e+08  5.704659e+03   8798775   1
       847   9.740883e+08  2.550619e+08  5.714334e+03   8808744   1
       848   4.121597e+08  2.551897e+08  5.724005e+03   8819431   1
       849   2.198193e+08  2.553107e+08  5.733917e+03   8829892   1
       850   2.586325e+08  2.553141e+08  5.743693e+03   8840321   1
       851   2.723639e+08  2.553233e+08  5.753677e+03   8850917   1
       852   2.392246e+08  2.553360e+08  5.763503e+03   8861563   1
       853   2.269279e+08  2.553796e+08  5.773357e+03   8872133   1
       854   4.531835e+08  2.554092e+08  5.783217e+03   8882423   1
       855   2.454579e+08  2.554905e+08  5.793113e+03   8892865   1
       856   3.326842e+08  2.555152e+08  5.803118e+03   8903154   1
       857   2.066845e+08  2.555223e+08  5.813297e+03   8913481   1
       858   4.438633e+08  2.555313e+08  5.834971e+03   8923781   1
       859   3.218989e+08  2.555328e+08  5.844871e+03   8933777   1
       860   2.289505e+08  2.555430e+08  5.854954e+03   8943871   1
       861   2.210945e+08  2.555435e+08  5.864837e+03   8954398   1
       862   2.908077e+08  2.555494e+08  5.874820e+03   8964740   1
       863   2.224110e+08  2.555535e+08  5.884738e+03   8975483   1
       864   1.783772e+08  2.555558e+08  5.894619e+03   8986012   1
       865   4.066976e+08  2.556687e+08  5.904596e+03   8996185   1
       866   5.591467e+08  2.556760e+08  5.914546e+03   9006391   1
       867   2.527527e+08  2.556778e+08  5.924571e+03   9016674   1
       868   2.605893e+08  2.556792e+08  5.934582e+03   9027236   1
       869   3.266965e+08  2.557048e+08  5.944524e+03   9037753   1
       870   6.183581e+08  2.557067e+08  5.954421e+03   9048404   1
       871   3.353321e+08  2.557082e+08  5.964351e+03   9058769   1
       872   4.304183e+08  2.557099e+08  5.974380e+03   9069207   1
       873   4.351885e+08  2.557701e+08  5.984596e+03   9079612   1
       874   1.996872e+08  2.557751e+08  5.994870e+03   9090226   1
       875   3.585889e+08  2.557918e+08  6.016718e+03   9100542   1
       876   3.636087e+08  2.558231e+08  6.026789e+03   9111047   1
       877   2.639848e+08  2.558247e+08  6.036769e+03   9121623   1
       878   2.444656e+08  2.558618e+08  6.046828e+03   9132054   1
       879   4.868306e+08  2.558625e+08  6.056800e+03   9142359   1
       880   3.006703e+08  2.559294e+08  6.066795e+03   9152547   1
       881   3.123884e+08  2.559670e+08  6.076956e+03   9163121   1
       882   7.465904e+08  2.560206e+08  6.086970e+03   9173493   1
       883   7.496890e+08  2.560493e+08  6.096957e+03   9183993   1
       884   6.216191e+08  2.560506e+08  6.107045e+03   9194170   1
       885   6.433568e+08  2.561441e+08  6.117005e+03   9204586   1
       886   3.432582e+08  2.561453e+08  6.127271e+03   9215116   1
       887   7.593297e+08  2.561610e+08  6.137423e+03   9225447   1
       888   1.785929e+08  2.561611e+08  6.147622e+03   9235475   1
       889   2.338202e+08  2.561692e+08  6.158039e+03   9246131   1
       890   6.955684e+08  2.561801e+08  6.168195e+03   9256471   1
       891   3.733867e+08  2.561816e+08  6.178488e+03   9266696   1
       892   1.998053e+08  2.561839e+08  6.188954e+03   9277099   1
       893   2.290444e+08  2.561843e+08  6.211217e+03   9287636   1
       894   1.826191e+08  2.561893e+08  6.221270e+03   9298121   1
       895   8.085911e+08  2.561902e+08  6.231359e+03   9308430   1
       896   8.522289e+08  2.562073e+08  6.241369e+03   9318494   1
       897   1.971386e+08  2.562186e+08  6.251518e+03   9328644   1
       898   2.657947e+08  2.562243e+08  6.261677e+03   9338926   1
       899   3.964737e+08  2.562364e+08  6.271822e+03   9349540   1
       900   4.663708e+08  2.562378e+08  6.281867e+03   9360032   1
       901   2.328920e+08  2.563058e+08  6.292108e+03   9370565   1
       902   2.441033e+08  2.563075e+08  6.302402e+03   9380949   1
       903   2.862371e+08  2.563106e+08  6.312682e+03   9391521   1
       904   2.484627e+08  2.563146e+08  6.322993e+03   9402161   1
       905   2.019848e+08  2.563147e+08  6.333327e+03   9412807   1
       906   4.618752e+08  2.563209e+08  6.343666e+03   9423039   1
       907   2.308345e+08  2.563211e+08  6.354051e+03   9433419   1
       908   2.657081e+08  2.563223e+08  6.364408e+03   9443873   1
       909   3.409174e+08  2.563256e+08  6.374960e+03   9453839   1
       910   2.750540e+08  2.564519e+08  6.385577e+03   9464538   1
       911   4.595790e+08  2.564979e+08  6.408206e+03   9474936   1
       912   4.279850e+08  2.565005e+08  6.418491e+03   9485275   1
       913   4.276715e+08  2.565561e+08  6.428749e+03   9495859   1
       914   3.864504e+08  2.565566e+08  6.439016e+03   9506418   1
       915   2.901836e+08  2.565971e+08  6.449332e+03   9516611   1
       916   1.961207e+08  2.566268e+08  6.459609e+03   9527146   1
       917   3.058089e+08  2.566761e+08  6.469827e+03   9537457   1
       918   3.129287e+08  2.567283e+08  6.480274e+03   9547816   1
       919   2.625939e+08  2.568311e+08  6.490679e+03   9558561   1
       920   3.935398e+08  2.569609e+08  6.501043e+03   9568898   1
       921   2.721735e+08  2.570310e+08  6.511584e+03   9579118   1
       922   1.969062e+08  2.570375e+08  6.522086e+03   9589704   1
       923   1.700814e+08  2.570499e+08  6.532549e+03   9599969   1
       924   2.744763e+08  2.571097e+08  6.543019e+03   9610508   1
       925   2.779196e+08  2.571109e+08  6.553527e+03   9621342   1
       926   2.980145e+08  2.573068e+08  6.564003e+03   9631544   1
       927   3.832035e+08  2.574207e+08  6.574756e+03   9642018   1
       928   3.070855e+08  2.574232e+08  6.585602e+03   9651922   1
       929   1.873229e+08  2.574759e+08  6.608652e+03   9662371   1
       930   2.057714e+08  2.574843e+08  6.618980e+03   9673028   1
       931   3.092562e+08  2.574958e+08  6.629459e+03   9683546   1
       932   2.617569e+08  2.575306e+08  6.640021e+03   9693869   1
       933   1.459867e+08  2.575337e+08  6.650399e+03   9704042   1
       934   5.660736e+08  2.578323e+08  6.660928e+03   9714092   1
       935   3.930651e+08  2.578327e+08  6.671388e+03   9724478   1
       936   2.214286e+08  2.578519e+08  6.681948e+03   9734723   1
       937   3.594950e+08  2.578631e+08  6.692528e+03   9745051   1
       938   7.196814e+08  2.578636e+08  6.702915e+03   9755143   1
       939   4.840814e+08  2.578902e+08  6.713507e+03   9765563   1
       940   3.831187e+08  2.579114e+08  6.724153e+03   9775900   1
       941   2.130054e+08  2.579160e+08  6.734790e+03   9786335   1
       942   3.065562e+08  2.579494e+08  6.745374e+03   9796750   1
       943   1.985303e+08  2.579501e+08  6.756228e+03   9807453   1
       944   3.651008e+08  2.581172e+08  6.766870e+03   9818064   1
       945   4.211416e+08  2.581463e+08  6.777539e+03   9828655   1
       946   2.345594e+08  2.581474e+08  6.800948e+03   9839119   1
       947   3.000860e+08  2.581905e+08  6.811508e+03   9849787   1
       948   2.207524e+08  2.582181e+08  6.822160e+03   9860240   1
       949   3.440847e+08  2.582237e+08  6.832760e+03   9870708   1
       950   1.812823e+08  2.582959e+08  6.843368e+03   9881364   1
       951   2.842362e+08  2.585125e+08  6.853959e+03   9891629   1
       952   2.264693e+08  2.585125e+08  6.864477e+03   9901751   1
       953   2.801230e+08  2.585706e+08  6.875237e+03   9912177   1
       954   3.133080e+08  2.585878e+08  6.885968e+03   9922610   1
       955   4.463873e+08  2.585878e+08  6.896505e+03   9933266   1
       956   3.002891e+08  2.586074e+08  6.907185e+03   9943732   1
       957   3.696248e+08  2.586090e+08  6.917838e+03   9953849   1
       958   3.224471e+08  2.586090e+08  6.928617e+03   9964137   1
       959   5.266849e+08  2.586115e+08  6.939304e+03   9974606   1
       960   9.910449e+08  2.586128e+08  6.950087e+03   9984556   1
       961   2.114612e+08  2.586129e+08  6.960967e+03   9995148   1
       962   1.778811e+08  2.586347e+08  6.971840e+03  10005860   1
       963   2.732013e+08  2.586372e+08  6.982828e+03  10016384   1
       964   4.657595e+08  2.586372e+08  6.993857e+03  10026585   1
       965   2.503703e+08  2.586484e+08  7.017344e+03  10037107   1
       966   2.298844e+08  2.586739e+08  7.027990e+03  10047272   1
       967   2.203080e+08  2.586899e+08  7.038730e+03  10057572   1
       968   1.992570e+08  2.586936e+08  7.049454e+03  10067840   1
       969   3.959369e+08  2.587042e+08  7.060232e+03  10078374   1
       970   2.940243e+08  2.588439e+08  7.071089e+03  10088272   1
       971   3.887336e+08  2.589844e+08  7.081892e+03  10098714   1
       972   5.057531e+08  2.589867e+08  7.092493e+03  10109281   1
       973   3.589293e+08  2.590441e+08  7.103209e+03  10119751   1
       974   2.915559e+08  2.590455e+08  7.114093e+03  10130374   1
       975   5.250090e+08  2.590707e+08  7.124931e+03  10141009   1
       976   3.351775e+08  2.590784e+08  7.135682e+03  10151473   1
       977   5.379275e+08  2.590785e+08  7.146426e+03  10161879   1
       978   2.827038e+08  2.591127e+08  7.157422e+03  10171813   1
       979   2.944586e+08  2.591149e+08  7.168598e+03  10182305   1
       980   2.578902e+08  2.591593e+08  7.179662e+03  10192450   1
       981   2.288655e+08  2.591602e+08  7.190847e+03  10202927   1
       982   3.377571e+08  2.591694e+08  7.201915e+03  10213391   1
-------------------------------------------------------------------
status         : time_limit
total time (s) : 7.201915e+03
total solves   : 10213391
best bound     :  2.591694e+08
simulation ci  :  3.830143e+08  1.182619e+07
numeric issues : 0
-------------------------------------------------------------------

 
                                        Time                    Allocations      
                                  
       Tot / % measured:            2.00h /  99.9%            838GiB /  99.9%    

 Section               ncalls     time    %tot     avg     alloc    %tot      avg
 
 backward_pass            982    1.99h   99.5%   7.30s    829GiB   99.1%   864MiB
   solve_subproblem     10.1M    2620s   36.4%   260s    512GiB   61.3%  53.2KiB
     get_dual_solution  10.1M    54.1s    0.8%  5.35s   14.4GiB    1.7%  1.50KiB
   prepare_backward...  1.96k    1.22s    0.0%   622s    313MiB    0.0%   163KiB
 forward_pass             982    31.3s    0.4%  31.9ms   6.86GiB    0.8%  7.15MiB
   solve_subproblem      118k    28.6s    0.4%   242s   6.00GiB    0.7%  53.4KiB
     get_dual_solution   118k    117ms    0.0%   996ns   62.9MiB    0.0%     560B
   sample_scenario        982   5.47ms    0.0%  5.57s    153KiB    0.0%     160B
 calculate_bound          982    2.39s    0.0%  2.43ms    841MiB    0.1%   877KiB
   get_dual_solution      982   1.30ms    0.0%  1.32s    537KiB    0.0%     560B
 


||||||||||||||||||||||||||||||||||||||||||||||||||||||||||||||||||||||||||||||||||||||||||||||||||||||||||||||||||||||||||||||||||||||||
SIMULATION RESULTS
LogLinearSDDP.NoSimulation()
markov
Lower bound: 2.5916936849355358e8
Statistical upper bound (confidence interval): 3.2002129097898644e8  6.10733609528048e6
Pessimistic upper bound: 3.261286270742669e8

||||||||||||||||||||||||||||||||||||||||||||||||||||||||||||||||||||||||||||||||||||||||||||||||||||||||||||||||||||||||||||||||||||||||
SIMULATION RESULTS
LogLinearSDDP.NoSimulation()
markov
Lower bound: 2.5916936849355358e8
Statistical upper bound (confidence interval): 2.04424411932978e8  4.764565061292776e6
Pessimistic upper bound: 2.0918897699427077e8

||||||||||||||||||||||||||||||||||||||||||||||||||||||||||||||||||||||||||||||||||||||||||||||||||||||||||||||||||||||||||||||||||||||||
SIMULATION RESULTS
LogLinearSDDP.NoSimulation()
custom_model
Lower bound: 2.5916936849355358e8
Statistical upper bound (confidence interval): 3.479817433469581e8  6.782851495860031e6
Pessimistic upper bound: 3.5476459484281814e8

||||||||||||||||||||||||||||||||||||||||||||||||||||||||||||||||||||||||||||||||||||||||||||||||||||||||||||||||||||||||||||||||||||||||
SIMULATION RESULTS
LogLinearSDDP.NoSimulation()
custom_model
Lower bound: 2.5916936849355358e8
Statistical upper bound (confidence interval): 2.176363577688553e8  5.216767883097899e6
Pessimistic upper bound: 2.228531256519532e8

||||||||||||||||||||||||||||||||||||||||||||||||||||||||||||||||||||||||||||||||||||||||||||||||||||||||||||||||||||||||||||||||||||||||
SIMULATION RESULTS
LogLinearSDDP.NoSimulation()
fitted_model
Lower bound: 2.5916936849355358e8
Statistical upper bound (confidence interval): 2.5868686253761852e8  4.0305551957335104e6
Pessimistic upper bound: 2.6271741773335204e8

||||||||||||||||||||||||||||||||||||||||||||||||||||||||||||||||||||||||||||||||||||||||||||||||||||||||||||||||||||||||||||||||||||||||
SIMULATION RESULTS
LogLinearSDDP.NoSimulation()
fitted_model
Lower bound: 2.5916936849355358e8
Statistical upper bound (confidence interval): 1.7112910692464027e8  3.2157682647451474e6
Pessimistic upper bound: 1.743448751893854e8

||||||||||||||||||||||||||||||||||||||||||||||||||||||||||||||||||||||||||||||||||||||||||||||||||||||||||||||||||||||||||||||||||||||||
SIMULATION RESULTS
LogLinearSDDP.NoSimulation()
shapiro_model
Lower bound: 2.5916936849355358e8
Statistical upper bound (confidence interval): 2.6947293193517804e8  4.679825163477751e6
Pessimistic upper bound: 2.741527570986558e8

||||||||||||||||||||||||||||||||||||||||||||||||||||||||||||||||||||||||||||||||||||||||||||||||||||||||||||||||||||||||||||||||||||||||
SIMULATION RESULTS
LogLinearSDDP.NoSimulation()
shapiro_model
Lower bound: 2.5916936849355358e8
Statistical upper bound (confidence interval): 1.7808143866624865e8  3.751116172604917e6
Pessimistic upper bound: 1.8183255483885357e8

||||||||||||||||||||||||||||||||||||||||||||||||||||||||||||||||||||||||||||||||||||||||||||||||||||||||||||||||||||||||||||||||||||||||
SIMULATION RESULTS
LogLinearSDDP.NoSimulation()
markov
Lower bound: 2.5891900413585114e8
Statistical upper bound (confidence interval): 4.7938118182357055e8  8.110251981415926e7
Pessimistic upper bound: 5.604837016377298e8

||||||||||||||||||||||||||||||||||||||||||||||||||||||||||||||||||||||||||||||||||||||||||||||||||||||||||||||||||||||||||||||||||||||||
SIMULATION RESULTS
LogLinearSDDP.NoSimulation()
markov
Lower bound: 2.5891900413585114e8
Statistical upper bound (confidence interval): 3.1249041460432535e8  6.590156482351842e7
Pessimistic upper bound: 3.7839197942784375e8
