||||||||||||||||||||||||||||||||||||||||||||||||||||||||||||||||||||||||||||||||||||||||||||||||||||||||||||||||||||||||||||||||||||||||
PATH
calling 
C:\Users\cg4102\Documents\New LogLinearSDDP\LogLinearSDDP.jl\Examples\Hydrothermal
C:\Users\cg4102\Documents\New LogLinearSDDP\LogLinearSDDP.jl\Examples\Hydrothermal\run_model_markov.jl
DATETIME
2025-04-29T11:05:41.751
RUN DESCRIPTION
LogLinearSDDP.AlgoParams(SDDP.AbstractStoppingRule[SDDP.TimeLimit(7200.0)], LogLinearSDDP.NoSimulation(), false, 2, 1, "C:/Users/cg4102/Documents/julia_logs/Cut-sharing Re-Run (2h)/Run_MC-SDDP_shapiro_model_22222/MC-SDDP.log", false, false, false, 22222, "MC-SDDP: 100 nodes, shapiro_model", :fitted_model)
-------------------------------------------------------------------
         SDDP.jl (c) Oscar Dowson and contributors, 2017-23
-------------------------------------------------------------------
problem
  nodes           : 11901
  state variables : 4
  scenarios       : 6.68857e+229
  existing cuts   : false
options
  solver          : serial mode
  risk measure    : SDDP.Expectation()
  sampling scheme : SDDP.Historical{String, Dict{String, Float64}}
subproblem structure
  VariableRef                                  : [142, 142]
  JuMP.AffExpr in MOI.EqualTo{Float64}         : [13, 13]
  JuMP.VariableRef in MOI.GreaterThan{Float64} : [138, 138]
  JuMP.VariableRef in MOI.LessThan{Float64}    : [129, 130]
-------------------------------------------------------------------
 iteration    simulation      bound        time (s)     solves  pid
-------------------------------------------------------------------
         1   1.863259e+09  5.732445e+05  6.195000e+00     10325   1
         2   1.239019e+09  1.402931e+06  9.738000e+00     20780   1
         3   1.248154e+09  3.295994e+06  1.320900e+01     31189   1
         4   1.032656e+09  5.288763e+06  1.632000e+01     41495   1
         5   7.467550e+08  9.869949e+06  2.011400e+01     52311   1
         6   3.561484e+08  1.548173e+07  2.334200e+01     62522   1
         7   3.438332e+08  1.676809e+07  2.669100e+01     72880   1
         8   6.046159e+08  3.056013e+07  3.001800e+01     83232   1
         9   3.143520e+08  3.083526e+07  3.307700e+01     93579   1
        10   5.663425e+08  3.190041e+07  3.635800e+01    104003   1
        11   7.016559e+08  3.386670e+07  4.213500e+01    114604   1
        12   3.165214e+08  4.853940e+07  4.513600e+01    125074   1
        13   3.673920e+08  5.591395e+07  4.803700e+01    135515   1
        14   4.114915e+08  5.607094e+07  5.099800e+01    145957   1
        15   3.245698e+08  6.566649e+07  5.389900e+01    156340   1
        16   7.271371e+08  6.792267e+07  5.659500e+01    165919   1
        17   3.490698e+08  6.802608e+07  5.959100e+01    176244   1
        18   5.174136e+08  6.813419e+07  6.260200e+01    186774   1
        19   2.335903e+08  6.836616e+07  6.553900e+01    197272   1
        20   3.425991e+08  6.878213e+07  6.847200e+01    207702   1
        21   3.689802e+08  6.885811e+07  7.158100e+01    218460   1
        22   3.508645e+08  6.935581e+07  7.441000e+01    228395   1
        23   5.179532e+08  6.936541e+07  7.738200e+01    238562   1
        24   3.570143e+08  6.980285e+07  8.034500e+01    248712   1
        25   2.174819e+08  7.120713e+07  8.329200e+01    258508   1
        26   2.305324e+08  7.124866e+07  8.630500e+01    268812   1
        27   2.446407e+08  7.131004e+07  8.929600e+01    279194   1
        28   5.340790e+08  7.132386e+07  9.251600e+01    289402   1
        29   2.039041e+08  7.293593e+07  9.546600e+01    299253   1
        30   2.379422e+08  7.322372e+07  9.877200e+01    309395   1
        31   1.666805e+08  7.418338e+07  1.020150e+02    319635   1
        32   1.872389e+08  7.464026e+07  1.054160e+02    330142   1
        33   3.179975e+08  7.464827e+07  1.083810e+02    340167   1
        34   1.551935e+08  7.505024e+07  1.116280e+02    350588   1
        35   2.663732e+08  7.603277e+07  1.148340e+02    361124   1
        36   3.149445e+08  7.810308e+07  1.179950e+02    371136   1
        37   8.367817e+08  8.936530e+07  1.210540e+02    381041   1
        38   3.606967e+08  9.006112e+07  1.242850e+02    391513   1
        39   5.339937e+08  9.016092e+07  1.274280e+02    401718   1
        40   2.441438e+08  9.130874e+07  1.308370e+02    412426   1
        41   6.305577e+08  9.399431e+07  1.341390e+02    422925   1
        42   1.380235e+09  1.003234e+08  1.401990e+02    433229   1
        43   6.583759e+08  1.028922e+08  1.433290e+02    443506   1
        44   2.432533e+08  1.029842e+08  1.464550e+02    454076   1
        45   1.931249e+08  1.054272e+08  1.496460e+02    464424   1
        46   5.696965e+08  1.058719e+08  1.526000e+02    474863   1
        47   3.390600e+08  1.089915e+08  1.557290e+02    485460   1
        48   2.682334e+08  1.091931e+08  1.588420e+02    496162   1
        49   1.722446e+08  1.110530e+08  1.619130e+02    506602   1
        50   2.112556e+08  1.119064e+08  1.650900e+02    516871   1
        51   4.104458e+08  1.119296e+08  1.681120e+02    527020   1
        52   1.801349e+08  1.124257e+08  1.711740e+02    537467   1
        53   3.375663e+08  1.135134e+08  1.743960e+02    547937   1
        54   2.203124e+08  1.146754e+08  1.777270e+02    558528   1
        55   2.200448e+08  1.153830e+08  1.809030e+02    569112   1
        56   2.274498e+08  1.161897e+08  1.842240e+02    579599   1
        57   4.119843e+08  1.168539e+08  1.874020e+02    590014   1
        58   2.502330e+08  1.173297e+08  1.906450e+02    600705   1
        59   7.230266e+08  1.174739e+08  1.938010e+02    611038   1
        60   3.803725e+08  1.180898e+08  1.970040e+02    621384   1
        61   4.120198e+08  1.181972e+08  2.001550e+02    631523   1
        62   2.357067e+08  1.188250e+08  2.034000e+02    642111   1
        63   4.487538e+08  1.207775e+08  2.066430e+02    652675   1
        64   2.564261e+08  1.231458e+08  2.100790e+02    663450   1
        65   2.437110e+08  1.305531e+08  2.133550e+02    673783   1
        66   3.021534e+08  1.308464e+08  2.167150e+02    684227   1
        67   3.142661e+08  1.315992e+08  2.198480e+02    694046   1
        68   8.792015e+08  1.327647e+08  2.230720e+02    704229   1
        69   1.743019e+08  1.329565e+08  2.264140e+02    714403   1
        70   2.044128e+08  1.338083e+08  2.298670e+02    724893   1
        71   1.567920e+08  1.350933e+08  2.333230e+02    735029   1
        72   4.092256e+08  1.352542e+08  2.365920e+02    745064   1
        73   2.769960e+08  1.353832e+08  2.429230e+02    755831   1
        74   1.394128e+08  1.367288e+08  2.461790e+02    766128   1
        75   2.591788e+08  1.375899e+08  2.493520e+02    776424   1
        76   1.561569e+08  1.379350e+08  2.524610e+02    786171   1
        77   5.657611e+08  1.381734e+08  2.556780e+02    796453   1
        78   4.007806e+08  1.383262e+08  2.588520e+02    806613   1
        79   4.537778e+08  1.387119e+08  2.621120e+02    817042   1
        80   3.788738e+08  1.391645e+08  2.653820e+02    827577   1
        81   2.492978e+08  1.394632e+08  2.686520e+02    837974   1
        82   3.419278e+08  1.396171e+08  2.719970e+02    848345   1
        83   2.732019e+08  1.416857e+08  2.753430e+02    858954   1
        84   1.846324e+08  1.418141e+08  2.786990e+02    868933   1
        85   3.150138e+08  1.467123e+08  2.820030e+02    879293   1
        86   2.670546e+08  1.483095e+08  2.853790e+02    889826   1
        87   1.398174e+08  1.483211e+08  2.886040e+02    899486   1
        88   2.325300e+08  1.489450e+08  2.919570e+02    909722   1
        89   1.744791e+08  1.489866e+08  2.951790e+02    919481   1
        90   3.220304e+08  1.512404e+08  2.987010e+02    929794   1
        91   3.893901e+08  1.518191e+08  3.021580e+02    940231   1
        92   2.348510e+08  1.520432e+08  3.056150e+02    950668   1
        93   2.647102e+08  1.548843e+08  3.091100e+02    961149   1
        94   2.480380e+08  1.554147e+08  3.126110e+02    971633   1
        95   2.938222e+08  1.559921e+08  3.161200e+02    982429   1
        96   1.581218e+08  1.572837e+08  3.196410e+02    992874   1
        97   3.257217e+08  1.575536e+08  3.232140e+02   1003426   1
        98   3.506165e+08  1.592755e+08  3.266920e+02   1013656   1
        99   2.761821e+08  1.597953e+08  3.302310e+02   1023985   1
       100   1.614287e+08  1.613471e+08  3.338140e+02   1034669   1
       101   2.345713e+08  1.615332e+08  3.374100e+02   1045354   1
       102   2.035744e+08  1.616746e+08  3.436860e+02   1055802   1
       103   6.623582e+08  1.623419e+08  3.470880e+02   1066188   1
       104   2.640043e+08  1.626018e+08  3.506410e+02   1076998   1
       105   2.653043e+08  1.629314e+08  3.539940e+02   1086983   1
       106   2.132674e+08  1.629858e+08  3.574200e+02   1097072   1
       107   3.915897e+08  1.631570e+08  3.608870e+02   1107508   1
       108   2.343684e+08  1.632768e+08  3.643770e+02   1117958   1
       109   9.569411e+08  1.636394e+08  3.678720e+02   1128312   1
       110   1.884439e+08  1.636547e+08  3.714460e+02   1138517   1
       111   3.481602e+08  1.639175e+08  3.749940e+02   1148940   1
       112   3.629884e+08  1.640554e+08  3.785150e+02   1159289   1
       113   5.333279e+08  1.640898e+08  3.820260e+02   1169523   1
       114   1.811248e+08  1.643679e+08  3.857070e+02   1179942   1
       115   4.614082e+08  1.646044e+08  3.892220e+02   1190298   1
       116   2.396503e+08  1.646231e+08  3.928360e+02   1201031   1
       117   2.522526e+08  1.646925e+08  3.964920e+02   1211539   1
       118   3.254588e+08  1.652307e+08  3.999800e+02   1221442   1
       119   2.830471e+08  1.670059e+08  4.036610e+02   1231880   1
       120   3.529627e+08  1.672240e+08  4.072760e+02   1242149   1
       121   3.141356e+08  1.673416e+08  4.110130e+02   1252586   1
       122   1.668077e+08  1.678453e+08  4.146240e+02   1262635   1
       123   2.009852e+08  1.681604e+08  4.183320e+02   1272800   1
       124   2.369395e+08  1.684475e+08  4.221420e+02   1283457   1
       125   1.761148e+08  1.694858e+08  4.259520e+02   1294080   1
       126   3.540806e+08  1.695153e+08  4.297260e+02   1304741   1
       127   2.079781e+08  1.709926e+08  4.334660e+02   1314988   1
       128   3.287170e+08  1.711328e+08  4.371530e+02   1324897   1
       129   1.771542e+08  1.714140e+08  4.409250e+02   1335149   1
       130   2.412492e+08  1.733340e+08  4.447560e+02   1345759   1
       131   3.115098e+08  1.756792e+08  4.515820e+02   1355745   1
       132   7.496398e+08  1.764207e+08  4.551980e+02   1366156   1
       133   1.748563e+08  1.765177e+08  4.588580e+02   1376572   1
       134   4.430791e+08  1.765877e+08  4.625020e+02   1386783   1
       135   2.569585e+08  1.766028e+08  4.660700e+02   1396731   1
       136   2.811828e+08  1.771493e+08  4.698250e+02   1407272   1
       137   4.406827e+08  1.771878e+08  4.735540e+02   1417893   1
       138   2.993747e+08  1.776429e+08  4.773470e+02   1428254   1
       139   2.569898e+08  1.791427e+08  4.810560e+02   1438343   1
       140   2.453809e+08  1.791825e+08  4.848880e+02   1449002   1
       141   1.412826e+08  1.797818e+08  4.886890e+02   1459367   1
       142   3.587040e+08  1.800793e+08  4.924370e+02   1469564   1
       143   3.382592e+08  1.801678e+08  4.962510e+02   1479985   1
       144   2.435446e+08  1.807853e+08  5.001000e+02   1490526   1
       145   2.913425e+08  1.829466e+08  5.040080e+02   1501028   1
       146   2.155724e+08  1.847575e+08  5.078120e+02   1510932   1
       147   1.556690e+08  1.847859e+08  5.117370e+02   1521325   1
       148   1.593730e+08  1.848450e+08  5.155660e+02   1531390   1
       149   2.676037e+08  1.852886e+08  5.194850e+02   1541820   1
       150   3.246112e+08  1.854205e+08  5.233400e+02   1551961   1
       151   1.702694e+08  1.858345e+08  5.273270e+02   1562345   1
       152   2.991506e+08  1.859068e+08  5.313600e+02   1572852   1
       153   1.663865e+08  1.859660e+08  5.353730e+02   1583244   1
       154   3.927004e+08  1.860474e+08  5.393320e+02   1593559   1
       155   3.515946e+08  1.865461e+08  5.432930e+02   1604072   1
       156   3.158139e+08  1.866580e+08  5.473570e+02   1614571   1
       157   2.276986e+08  1.867599e+08  5.514190e+02   1624778   1
       158   1.588641e+08  1.872038e+08  5.555210e+02   1635322   1
       159   1.916009e+08  1.874914e+08  5.595150e+02   1645589   1
       160   4.849254e+08  1.878715e+08  5.772390e+02   1655879   1
       161   2.316765e+08  1.879894e+08  5.813470e+02   1666373   1
       162   3.366629e+08  1.884568e+08  5.853070e+02   1676597   1
       163   4.517251e+08  1.885935e+08  5.892620e+02   1686816   1
       164   2.717030e+08  1.891052e+08  5.932880e+02   1697275   1
       165   5.474295e+08  1.893215e+08  5.972600e+02   1707952   1
       166   2.486831e+08  1.893703e+08  6.011810e+02   1718343   1
       167   1.592864e+08  1.894650e+08  6.051320e+02   1728639   1
       168   2.094211e+08  1.894823e+08  6.091610e+02   1738758   1
       169   1.800352e+08  1.895779e+08  6.131690e+02   1749050   1
       170   1.940611e+08  1.897854e+08  6.172280e+02   1759354   1
       171   2.856116e+08  1.897858e+08  6.212510e+02   1769620   1
       172   1.828462e+08  1.926967e+08  6.253690e+02   1779949   1
       173   5.551292e+08  1.932024e+08  6.293740e+02   1790548   1
       174   2.401422e+08  1.936746e+08  6.334170e+02   1800633   1
       175   4.058221e+08  1.938686e+08  6.374900e+02   1810872   1
       176   2.971870e+08  1.947344e+08  6.416310e+02   1820965   1
       177   1.345085e+08  1.950096e+08  6.459700e+02   1831532   1
       178   1.483428e+08  1.951720e+08  6.504200e+02   1841902   1
       179   2.642129e+08  1.953707e+08  6.548860e+02   1852516   1
       180   9.721325e+08  1.955329e+08  6.591860e+02   1862653   1
       181   1.904524e+08  1.958152e+08  6.635620e+02   1872981   1
       182   2.252902e+08  1.960487e+08  6.679800e+02   1883157   1
       183   2.492405e+08  1.967257e+08  6.775060e+02   1893611   1
       184   2.614355e+08  1.972052e+08  6.816830e+02   1904008   1
       185   1.765707e+08  1.972198e+08  6.858020e+02   1914589   1
       186   4.099521e+08  1.976419e+08  6.898900e+02   1924791   1
       187   2.075785e+08  1.981147e+08  6.941820e+02   1934998   1
       188   2.260019e+08  1.986090e+08  6.983560e+02   1945036   1
       189   2.432651e+08  1.988521e+08  7.025630e+02   1955245   1
       190   4.074502e+08  1.988688e+08  7.068110e+02   1965545   1
       191   2.152584e+08  1.991993e+08  7.110920e+02   1976079   1
       192   2.059245e+08  1.992746e+08  7.154130e+02   1986732   1
       193   4.843690e+08  1.997601e+08  7.197820e+02   1997268   1
       194   2.299954e+08  1.997678e+08  7.241930e+02   2007847   1
       195   2.576914e+08  1.997776e+08  7.286270e+02   2018550   1
       196   3.692745e+08  1.998891e+08  7.331510e+02   2029018   1
       197   2.854053e+08  2.000826e+08  7.377090e+02   2039503   1
       198   2.246528e+08  2.002373e+08  7.423020e+02   2049903   1
       199   1.805475e+08  2.003947e+08  7.469730e+02   2060400   1
       200   2.373021e+08  2.013950e+08  7.560870e+02   2070945   1
       201   2.277577e+08  2.014055e+08  7.604570e+02   2081442   1
       202   2.239612e+08  2.014987e+08  7.648810e+02   2091945   1
       203   2.935364e+08  2.015077e+08  7.691960e+02   2102545   1
       204   5.607044e+08  2.018234e+08  7.734840e+02   2112880   1
       205   2.167320e+08  2.018586e+08  7.779020e+02   2123090   1
       206   2.735171e+08  2.019065e+08  7.822360e+02   2133531   1
       207   2.195693e+08  2.019292e+08  7.866440e+02   2144104   1
       208   1.646017e+08  2.020412e+08  7.910320e+02   2153975   1
       209   2.953591e+08  2.020424e+08  7.955250e+02   2164501   1
       210   2.723039e+08  2.021905e+08  8.000190e+02   2174882   1
       211   4.698404e+08  2.021907e+08  8.045200e+02   2185231   1
       212   2.515216e+08  2.022142e+08  8.091060e+02   2195905   1
       213   2.264404e+08  2.022778e+08  8.136870e+02   2206238   1
       214   3.381915e+08  2.023831e+08  8.182340e+02   2216492   1
       215   3.871701e+08  2.023922e+08  8.272170e+02   2226843   1
       216   2.097590e+08  2.031138e+08  8.316140e+02   2237298   1
       217   4.885175e+08  2.033285e+08  8.358350e+02   2246951   1
       218   5.922194e+08  2.033286e+08  8.401930e+02   2257037   1
       219   5.776471e+08  2.034039e+08  8.445860e+02   2267196   1
       220   3.363793e+08  2.039905e+08  8.491120e+02   2277710   1
       221   3.203655e+08  2.041305e+08  8.536550e+02   2288070   1
       222   4.894142e+08  2.042304e+08  8.580960e+02   2298201   1
       223   6.109295e+08  2.044289e+08  8.626680e+02   2308500   1
       224   5.349838e+08  2.048307e+08  8.672770e+02   2318773   1
       225   1.949806e+08  2.048601e+08  8.719180e+02   2329103   1
       226   1.737662e+08  2.049770e+08  8.765460e+02   2339179   1
       227   2.796110e+08  2.050472e+08  8.811890e+02   2349581   1
       228   2.050299e+08  2.050862e+08  8.902370e+02   2360346   1
       229   2.338217e+08  2.051297e+08  8.947730e+02   2370790   1
       230   2.003651e+08  2.051441e+08  8.992980e+02   2380997   1
       231   2.039858e+08  2.052800e+08  9.038360e+02   2391062   1
       232   3.233240e+08  2.053297e+08  9.084960e+02   2401619   1
       233   1.947417e+08  2.058414e+08  9.131030e+02   2411486   1
       234   1.464154e+08  2.058851e+08  9.177550e+02   2421561   1
       235   5.064560e+08  2.067710e+08  9.223600e+02   2431833   1
       236   1.634348e+08  2.072430e+08  9.271760e+02   2442511   1
       237   2.345664e+08  2.078198e+08  9.319540e+02   2453054   1
       238   3.549636e+08  2.078297e+08  9.366490e+02   2463257   1
       239   3.305804e+08  2.081519e+08  9.459250e+02   2473778   1
       240   6.479974e+08  2.084284e+08  9.504900e+02   2484287   1
       241   2.492903e+08  2.084881e+08  9.551290e+02   2494668   1
       242   2.133718e+08  2.086028e+08  9.598350e+02   2505195   1
       243   3.949966e+08  2.086289e+08  9.645020e+02   2515749   1
       244   1.708243e+08  2.091119e+08  9.692280e+02   2525990   1
       245   1.717428e+08  2.099525e+08  9.741080e+02   2536400   1
       246   2.301026e+08  2.100129e+08  9.788510e+02   2546674   1
       247   1.826528e+08  2.100361e+08  9.837010e+02   2556685   1
       248   2.217402e+08  2.101523e+08  9.884180e+02   2566514   1
       249   5.764085e+08  2.103054e+08  9.932760e+02   2576653   1
       250   2.489998e+08  2.106855e+08  1.002712e+03   2587017   1
       251   5.425140e+08  2.117080e+08  1.007446e+03   2597524   1
       252   1.734139e+08  2.118078e+08  1.012181e+03   2607883   1
       253   1.836845e+08  2.118551e+08  1.016920e+03   2618191   1
       254   4.422172e+08  2.119886e+08  1.021668e+03   2628465   1
       255   1.782730e+08  2.124871e+08  1.026486e+03   2638734   1
       256   3.089768e+08  2.125088e+08  1.031291e+03   2648821   1
       257   1.913603e+08  2.126207e+08  1.036171e+03   2659459   1
       258   4.715430e+08  2.127542e+08  1.041034e+03   2669618   1
       259   5.294935e+08  2.127704e+08  1.045866e+03   2679903   1
       260   2.965386e+08  2.131279e+08  1.055570e+03   2690435   1
       261   2.307217e+08  2.131364e+08  1.060403e+03   2700205   1
       262   3.738419e+08  2.131438e+08  1.065221e+03   2710458   1
       263   2.462700e+08  2.131670e+08  1.070069e+03   2721082   1
       264   2.483123e+08  2.134022e+08  1.074992e+03   2731630   1
       265   2.602932e+08  2.140151e+08  1.079885e+03   2741807   1
       266   2.308901e+08  2.143188e+08  1.084794e+03   2752229   1
       267   4.444360e+08  2.144540e+08  1.089743e+03   2762892   1
       268   1.659268e+08  2.146347e+08  1.094754e+03   2772863   1
       269   2.014909e+08  2.147118e+08  1.099844e+03   2783095   1
       270   2.493611e+08  2.149266e+08  1.104892e+03   2793719   1
       271   1.133078e+09  2.154918e+08  1.114446e+03   2803763   1
       272   2.718512e+08  2.157787e+08  1.119431e+03   2814196   1
       273   1.534610e+08  2.158599e+08  1.124320e+03   2823906   1
       274   2.529467e+08  2.159405e+08  1.129372e+03   2834605   1
       275   3.851107e+08  2.162486e+08  1.134295e+03   2845006   1
       276   1.662467e+08  2.162494e+08  1.139333e+03   2855456   1
       277   2.731587e+08  2.164683e+08  1.144291e+03   2865522   1
       278   2.993428e+08  2.167864e+08  1.149343e+03   2876126   1
       279   1.636617e+08  2.167891e+08  1.154498e+03   2886647   1
       280   2.102806e+08  2.169729e+08  1.159592e+03   2897024   1
       281   2.911679e+08  2.170372e+08  1.169467e+03   2907140   1
       282   3.310342e+08  2.171496e+08  1.174466e+03   2916966   1
       283   3.049989e+08  2.175711e+08  1.179452e+03   2926956   1
       284   1.831803e+08  2.179945e+08  1.184495e+03   2937590   1
       285   2.220563e+08  2.185055e+08  1.189546e+03   2947606   1
       286   2.928400e+08  2.187572e+08  1.194621e+03   2958172   1
       287   5.767121e+08  2.187841e+08  1.199692e+03   2968406   1
       288   3.847300e+08  2.190430e+08  1.204766e+03   2978693   1
       289   1.916877e+08  2.190511e+08  1.210014e+03   2989253   1
       290   1.851617e+08  2.190614e+08  1.215232e+03   2999707   1
       291   6.380420e+08  2.191225e+08  1.225371e+03   3009900   1
       292   3.331714e+08  2.192026e+08  1.230555e+03   3020332   1
       293   3.590025e+08  2.192032e+08  1.235655e+03   3030876   1
       294   1.022840e+09  2.192153e+08  1.240682e+03   3041327   1
       295   1.837323e+08  2.192170e+08  1.245842e+03   3051545   1
       296   2.428931e+08  2.193840e+08  1.251037e+03   3062026   1
       297   2.239705e+08  2.194546e+08  1.256165e+03   3072443   1
       298   3.475879e+08  2.195889e+08  1.261301e+03   3082651   1
       299   2.191259e+08  2.198026e+08  1.266566e+03   3092544   1
       300   2.225922e+08  2.198131e+08  1.271916e+03   3103188   1
       301   1.557684e+08  2.199291e+08  1.282239e+03   3113388   1
       302   2.009128e+08  2.199437e+08  1.287470e+03   3123739   1
       303   2.388255e+08  2.199583e+08  1.292615e+03   3133981   1
       304   1.496467e+08  2.200283e+08  1.297797e+03   3144125   1
       305   2.608418e+08  2.200674e+08  1.303077e+03   3154885   1
       306   1.868907e+08  2.201566e+08  1.308261e+03   3164939   1
       307   5.740339e+08  2.203079e+08  1.313482e+03   3175232   1
       308   2.301044e+08  2.204636e+08  1.318792e+03   3185573   1
       309   3.841081e+08  2.205184e+08  1.324127e+03   3196094   1
       310   1.779193e+08  2.206312e+08  1.329594e+03   3206436   1
       311   5.369851e+08  2.206771e+08  1.340249e+03   3217143   1
       312   2.390222e+08  2.206821e+08  1.345495e+03   3227476   1
       313   1.643190e+08  2.207023e+08  1.350754e+03   3237532   1
       314   8.050708e+08  2.211526e+08  1.355998e+03   3247489   1
       315   3.341671e+08  2.212193e+08  1.361440e+03   3258001   1
       316   3.581018e+08  2.212471e+08  1.366826e+03   3268382   1
       317   2.156063e+08  2.213274e+08  1.372114e+03   3278520   1
       318   1.790638e+08  2.214136e+08  1.377484e+03   3288675   1
       319   2.083376e+08  2.215050e+08  1.382978e+03   3299297   1
       320   2.014089e+08  2.215126e+08  1.388532e+03   3309662   1
       321   3.846238e+08  2.215200e+08  1.394059e+03   3319631   1
       322   2.142254e+08  2.215381e+08  1.404756e+03   3329879   1
       323   3.828307e+08  2.216254e+08  1.410100e+03   3339810   1
       324   3.748487e+08  2.224169e+08  1.415491e+03   3349913   1
       325   1.341324e+08  2.224665e+08  1.420893e+03   3360323   1
       326   1.679712e+08  2.225349e+08  1.426365e+03   3370440   1
       327   4.230467e+08  2.226171e+08  1.431747e+03   3380760   1
       328   4.066738e+08  2.228424e+08  1.437115e+03   3390462   1
       329   2.658352e+08  2.230313e+08  1.442490e+03   3400571   1
       330   1.899787e+08  2.230466e+08  1.448095e+03   3411306   1
       331   1.953894e+08  2.230783e+08  1.453769e+03   3421985   1
       332   1.687818e+08  2.235995e+08  1.464806e+03   3432381   1
       333   7.425189e+08  2.238988e+08  1.470229e+03   3442527   1
       334   3.079142e+08  2.244913e+08  1.475725e+03   3452555   1
       335   2.529422e+08  2.245132e+08  1.481265e+03   3462848   1
       336   2.159021e+08  2.245292e+08  1.486755e+03   3473215   1
       337   2.188453e+08  2.245495e+08  1.492399e+03   3483771   1
       338   5.713301e+08  2.246427e+08  1.497849e+03   3494293   1
       339   2.639299e+08  2.246483e+08  1.503421e+03   3504466   1
       340   2.273508e+08  2.246834e+08  1.509014e+03   3514974   1
       341   1.509207e+08  2.246876e+08  1.514654e+03   3524995   1
       342   8.080534e+08  2.247757e+08  1.525857e+03   3535582   1
       343   1.773001e+08  2.248282e+08  1.531442e+03   3546161   1
       344   2.484070e+08  2.249083e+08  1.537013e+03   3556628   1
       345   3.123403e+08  2.249214e+08  1.542567e+03   3567034   1
       346   3.213615e+08  2.250050e+08  1.548245e+03   3577783   1
       347   3.703253e+08  2.252146e+08  1.553801e+03   3588257   1
       348   2.229756e+08  2.253518e+08  1.559407e+03   3598563   1
       349   2.167175e+08  2.253804e+08  1.565068e+03   3608828   1
       350   2.353868e+08  2.256015e+08  1.570763e+03   3619177   1
       351   3.327275e+08  2.260238e+08  1.576507e+03   3629790   1
       352   2.552341e+08  2.260574e+08  1.582252e+03   3639816   1
       353   1.754932e+08  2.264522e+08  1.593638e+03   3649799   1
       354   2.158417e+08  2.266998e+08  1.599324e+03   3660314   1
       355   1.792046e+08  2.271348e+08  1.604952e+03   3670562   1
       356   2.244095e+08  2.271359e+08  1.610515e+03   3680555   1
       357   1.796496e+08  2.272779e+08  1.616217e+03   3690989   1
       358   2.230944e+08  2.274357e+08  1.621896e+03   3701273   1
       359   1.596897e+08  2.281155e+08  1.627632e+03   3711411   1
       360   2.593896e+08  2.281239e+08  1.633510e+03   3721750   1
       361   2.025501e+08  2.281740e+08  1.639294e+03   3731992   1
       362   1.752052e+08  2.282924e+08  1.645071e+03   3741983   1
       363   1.749814e+08  2.283500e+08  1.650926e+03   3751872   1
       364   3.105577e+08  2.284368e+08  1.662465e+03   3762249   1
       365   2.272093e+08  2.286388e+08  1.668265e+03   3772633   1
       366   2.851000e+08  2.287919e+08  1.674006e+03   3783012   1
       367   2.048243e+08  2.288024e+08  1.679736e+03   3793217   1
       368   2.837242e+08  2.288035e+08  1.685525e+03   3803602   1
       369   3.063162e+08  2.288793e+08  1.691302e+03   3814026   1
       370   2.354096e+08  2.289554e+08  1.697153e+03   3824233   1
       371   3.326508e+08  2.290208e+08  1.702941e+03   3834702   1
       372   2.961140e+08  2.294156e+08  1.708802e+03   3845251   1
       373   1.895197e+08  2.294396e+08  1.714786e+03   3855721   1
       374   1.590015e+08  2.295062e+08  1.720752e+03   3866127   1
       375   1.971518e+08  2.295535e+08  1.732556e+03   3876911   1
       376   1.366422e+08  2.295693e+08  1.738422e+03   3887054   1
       377   2.306523e+08  2.295705e+08  1.744251e+03   3897487   1
       378   2.550541e+08  2.295969e+08  1.750152e+03   3907874   1
       379   1.735100e+08  2.297740e+08  1.756183e+03   3918253   1
       380   2.470789e+08  2.298052e+08  1.762081e+03   3928593   1
       381   2.633754e+08  2.298975e+08  1.767962e+03   3938740   1
       382   2.829218e+08  2.299094e+08  1.773873e+03   3949320   1
       383   2.879908e+08  2.299342e+08  1.779868e+03   3959618   1
       384   2.803548e+08  2.299534e+08  1.785894e+03   3970121   1
       385   2.641035e+08  2.299846e+08  1.792036e+03   3980326   1
       386   2.979875e+08  2.300011e+08  1.803931e+03   3990891   1
       387   2.782920e+08  2.300601e+08  1.809793e+03   4001277   1
       388   3.508467e+08  2.304585e+08  1.815758e+03   4011799   1
       389   2.424316e+08  2.304674e+08  1.821757e+03   4022261   1
       390   2.582599e+08  2.305179e+08  1.827719e+03   4033162   1
       391   2.134353e+08  2.306209e+08  1.833752e+03   4043609   1
       392   3.915892e+08  2.307512e+08  1.839751e+03   4054308   1
       393   1.943515e+08  2.307902e+08  1.845786e+03   4064641   1
       394   3.223385e+08  2.309129e+08  1.851837e+03   4074789   1
       395   2.799926e+08  2.309583e+08  1.857928e+03   4085150   1
       396   1.442665e+08  2.310102e+08  1.864073e+03   4095162   1
       397   2.005732e+08  2.310114e+08  1.876327e+03   4105508   1
       398   1.771504e+08  2.310667e+08  1.882353e+03   4115508   1
       399   2.219415e+08  2.312161e+08  1.888398e+03   4125917   1
       400   2.119478e+08  2.313929e+08  1.894460e+03   4136593   1
       401   1.595402e+08  2.314471e+08  1.900526e+03   4146837   1
       402   3.855391e+08  2.315271e+08  1.906579e+03   4157139   1
       403   4.820658e+08  2.316982e+08  1.912626e+03   4167628   1
       404   4.074427e+08  2.320043e+08  1.918787e+03   4178129   1
       405   4.557812e+08  2.320187e+08  1.924887e+03   4188466   1
       406   1.666239e+08  2.320920e+08  1.931181e+03   4198843   1
       407   2.160854e+08  2.321887e+08  1.937449e+03   4209423   1
       408   4.040395e+08  2.322141e+08  1.949806e+03   4219679   1
       409   6.028839e+08  2.324456e+08  1.955922e+03   4230325   1
       410   2.810400e+08  2.324915e+08  1.962007e+03   4240440   1
       411   2.193503e+08  2.325987e+08  1.968199e+03   4251053   1
       412   3.285591e+08  2.326410e+08  1.974302e+03   4261212   1
       413   2.407546e+08  2.326499e+08  1.980490e+03   4271418   1
       414   2.101757e+08  2.327381e+08  1.986642e+03   4282087   1
       415   4.059554e+08  2.328452e+08  1.992778e+03   4292396   1
       416   1.898321e+08  2.329468e+08  1.999028e+03   4302798   1
       417   2.096989e+08  2.330849e+08  2.005300e+03   4313124   1
       418   2.318085e+08  2.333152e+08  2.011591e+03   4323693   1
       419   2.007371e+08  2.333166e+08  2.024469e+03   4334128   1
       420   2.047875e+08  2.333665e+08  2.030731e+03   4344759   1
       421   2.542311e+08  2.334034e+08  2.036935e+03   4355239   1
       422   3.967171e+08  2.334167e+08  2.043140e+03   4365564   1
       423   2.498486e+08  2.334323e+08  2.049323e+03   4375766   1
       424   2.137199e+08  2.334430e+08  2.055598e+03   4386206   1
       425   1.578195e+08  2.334448e+08  2.061924e+03   4396661   1
       426   2.369553e+08  2.334966e+08  2.068255e+03   4407159   1
       427   1.841787e+08  2.334969e+08  2.074482e+03   4417364   1
       428   7.666537e+08  2.336264e+08  2.080788e+03   4427750   1
       429   2.065263e+08  2.336491e+08  2.087243e+03   4437996   1
       430   1.876783e+08  2.337832e+08  2.093726e+03   4447494   1
       431   3.224526e+08  2.338359e+08  2.106609e+03   4457729   1
       432   1.681410e+08  2.338606e+08  2.112982e+03   4467643   1
       433   2.063243e+08  2.338799e+08  2.119302e+03   4477446   1
       434   3.066490e+08  2.339166e+08  2.125675e+03   4487728   1
       435   2.065411e+08  2.340391e+08  2.132058e+03   4498302   1
       436   1.995454e+08  2.340394e+08  2.138419e+03   4508576   1
       437   3.702286e+08  2.341943e+08  2.144744e+03   4518916   1
       438   3.173163e+08  2.342172e+08  2.151110e+03   4529439   1
       439   3.185491e+08  2.342325e+08  2.157603e+03   4539287   1
       440   1.964088e+08  2.343331e+08  2.164166e+03   4549512   1
       441   1.831014e+08  2.345196e+08  2.170838e+03   4560322   1
       442   2.243971e+08  2.345959e+08  2.184000e+03   4570639   1
       443   2.202526e+08  2.349552e+08  2.190471e+03   4581099   1
       444   2.540868e+08  2.350723e+08  2.196881e+03   4591489   1
       445   2.055027e+08  2.350831e+08  2.203265e+03   4601818   1
       446   1.911138e+08  2.351379e+08  2.209804e+03   4612431   1
       447   2.165180e+08  2.352280e+08  2.216278e+03   4622947   1
       448   1.246579e+08  2.353271e+08  2.222706e+03   4632706   1
       449   5.012369e+08  2.354096e+08  2.229157e+03   4642662   1
       450   1.731960e+08  2.354274e+08  2.235685e+03   4652866   1
       451   2.558483e+08  2.355542e+08  2.242261e+03   4663417   1
       452   2.695827e+08  2.360078e+08  2.248894e+03   4673605   1
       453   2.345550e+08  2.360657e+08  2.255499e+03   4684152   1
       454   2.478306e+08  2.361020e+08  2.268886e+03   4694837   1
       455   2.323507e+08  2.361725e+08  2.275400e+03   4704850   1
       456   4.971958e+08  2.361730e+08  2.281968e+03   4715140   1
       457   3.476791e+08  2.362470e+08  2.288479e+03   4725337   1
       458   1.795864e+08  2.363013e+08  2.295184e+03   4735791   1
       459   2.646156e+08  2.363106e+08  2.301702e+03   4746197   1
       460   2.141417e+08  2.367915e+08  2.308295e+03   4756761   1
       461   3.578374e+08  2.367939e+08  2.314756e+03   4766858   1
       462   5.058408e+08  2.368934e+08  2.321277e+03   4777180   1
       463   1.849808e+08  2.369092e+08  2.328037e+03   4787838   1
       464   1.872495e+08  2.370406e+08  2.334798e+03   4798555   1
       465   3.844808e+08  2.371307e+08  2.341540e+03   4809120   1
       466   3.935908e+08  2.371446e+08  2.355107e+03   4819336   1
       467   2.687220e+08  2.371575e+08  2.361675e+03   4829765   1
       468   6.346141e+08  2.374162e+08  2.368243e+03   4840207   1
       469   1.724442e+08  2.374349e+08  2.374894e+03   4850382   1
       470   2.212404e+08  2.374491e+08  2.381592e+03   4860856   1
       471   1.544464e+08  2.374774e+08  2.388262e+03   4870952   1
       472   1.576882e+08  2.374886e+08  2.394929e+03   4881345   1
       473   1.934142e+08  2.375382e+08  2.401546e+03   4891830   1
       474   2.247015e+08  2.375666e+08  2.408173e+03   4902064   1
       475   2.229056e+08  2.376116e+08  2.415003e+03   4912010   1
       476   1.993253e+08  2.377961e+08  2.421955e+03   4922603   1
       477   2.385181e+08  2.377963e+08  2.428859e+03   4932413   1
       478   4.038706e+08  2.380681e+08  2.442518e+03   4942710   1
       479   4.655426e+08  2.381154e+08  2.449190e+03   4952951   1
       480   2.019116e+08  2.381160e+08  2.455935e+03   4963349   1
       481   3.399046e+08  2.383371e+08  2.462665e+03   4973625   1
       482   4.012206e+08  2.383466e+08  2.469483e+03   4984024   1
       483   1.577715e+08  2.383727e+08  2.476391e+03   4994590   1
       484   3.399088e+08  2.385525e+08  2.483186e+03   5004578   1
       485   2.453423e+08  2.387055e+08  2.490100e+03   5015029   1
       486   2.273748e+08  2.388081e+08  2.496986e+03   5025243   1
       487   2.035977e+08  2.388430e+08  2.503859e+03   5035248   1
       488   2.107825e+08  2.389111e+08  2.510825e+03   5045946   1
       489   2.395518e+08  2.390006e+08  2.517796e+03   5055945   1
       490   2.418391e+08  2.390219e+08  2.531898e+03   5066232   1
       491   2.564914e+08  2.390254e+08  2.538761e+03   5076690   1
       492   2.004918e+08  2.391370e+08  2.545627e+03   5087074   1
       493   2.008256e+08  2.392040e+08  2.552521e+03   5097488   1
       494   3.827189e+08  2.393508e+08  2.559372e+03   5107786   1
       495   2.905858e+08  2.394166e+08  2.566323e+03   5118201   1
       496   2.432939e+08  2.396358e+08  2.573129e+03   5128428   1
       497   1.713024e+08  2.396426e+08  2.580031e+03   5138674   1
       498   2.434272e+08  2.396772e+08  2.586975e+03   5148852   1
       499   2.153406e+08  2.397062e+08  2.593925e+03   5158716   1
       500   4.221820e+08  2.397438e+08  2.600999e+03   5169387   1
       501   4.721118e+08  2.397441e+08  2.607993e+03   5179611   1
       502   2.993519e+08  2.397677e+08  2.622341e+03   5190094   1
       503   2.094172e+08  2.397867e+08  2.629305e+03   5200368   1
       504   2.232314e+08  2.398413e+08  2.636277e+03   5210717   1
       505   2.544161e+08  2.398593e+08  2.643223e+03   5221200   1
       506   2.830852e+08  2.399284e+08  2.650280e+03   5231730   1
       507   1.447605e+08  2.399291e+08  2.657344e+03   5241484   1
       508   8.091717e+08  2.399736e+08  2.664174e+03   5251694   1
       509   5.686016e+08  2.400806e+08  2.671081e+03   5262296   1
       510   3.109523e+08  2.400906e+08  2.678091e+03   5272790   1
       511   4.556078e+08  2.401122e+08  2.685115e+03   5282888   1
       512   2.624183e+08  2.401523e+08  2.692216e+03   5293245   1
       513   2.512691e+08  2.401529e+08  2.699417e+03   5303777   1
       514   1.649130e+08  2.402486e+08  2.714219e+03   5313905   1
       515   2.882340e+08  2.403162e+08  2.721194e+03   5324273   1
       516   2.203369e+08  2.403222e+08  2.728247e+03   5334902   1
       517   2.036867e+08  2.404389e+08  2.735292e+03   5345118   1
       518   2.859621e+08  2.406776e+08  2.742370e+03   5355320   1
       519   2.904940e+08  2.407063e+08  2.749467e+03   5365994   1
       520   2.859336e+08  2.407063e+08  2.756472e+03   5376198   1
       521   2.079274e+08  2.408297e+08  2.763606e+03   5386157   1
       522   2.228269e+08  2.409421e+08  2.770723e+03   5396366   1
       523   4.168417e+08  2.409841e+08  2.777856e+03   5406496   1
       524   2.170203e+08  2.410010e+08  2.785129e+03   5416804   1
       525   1.596724e+08  2.410016e+08  2.792503e+03   5426838   1
       526   1.785348e+08  2.411431e+08  2.799881e+03   5437206   1
       527   2.310358e+08  2.411606e+08  2.814599e+03   5447728   1
       528   2.151977e+08  2.412201e+08  2.821718e+03   5458260   1
       529   2.055892e+08  2.412208e+08  2.828845e+03   5468716   1
       530   2.258123e+08  2.412933e+08  2.836036e+03   5478895   1
       531   2.710178e+08  2.414718e+08  2.843168e+03   5489206   1
       532   1.627633e+08  2.414725e+08  2.850401e+03   5499338   1
       533   6.242938e+08  2.415997e+08  2.857528e+03   5509579   1
       534   2.452577e+08  2.416812e+08  2.864799e+03   5520041   1
       535   4.310625e+08  2.416818e+08  2.871932e+03   5530015   1
       536   3.584830e+08  2.417131e+08  2.879233e+03   5540061   1
       537   1.631062e+08  2.418995e+08  2.886812e+03   5550655   1
       538   3.175813e+08  2.419001e+08  2.894205e+03   5561017   1
       539   1.873761e+08  2.419758e+08  2.909327e+03   5571164   1
       540   3.299492e+08  2.419913e+08  2.916467e+03   5581577   1
       541   1.899434e+08  2.420926e+08  2.923738e+03   5591655   1
       542   3.265288e+08  2.420930e+08  2.930927e+03   5602171   1
       543   1.141032e+08  2.421538e+08  2.938168e+03   5612192   1
       544   3.908058e+08  2.421699e+08  2.945390e+03   5622308   1
       545   5.212164e+08  2.422311e+08  2.952679e+03   5632725   1
       546   2.222136e+08  2.424484e+08  2.959984e+03   5643281   1
       547   3.880375e+08  2.424713e+08  2.967329e+03   5653685   1
       548   2.845225e+08  2.426184e+08  2.974700e+03   5664278   1
       549   2.390179e+08  2.426198e+08  2.982011e+03   5674118   1
       550   3.496375e+08  2.426854e+08  2.989454e+03   5684303   1
       551   1.323903e+08  2.426958e+08  2.996979e+03   5694365   1
       552   2.061292e+08  2.428500e+08  3.012582e+03   5704553   1
       553   1.777000e+08  2.428778e+08  3.019993e+03   5714733   1
       554   2.557610e+08  2.428900e+08  3.027332e+03   5724939   1
       555   1.939395e+08  2.429005e+08  3.034665e+03   5735069   1
       556   2.080465e+08  2.429383e+08  3.042033e+03   5745635   1
       557   2.689139e+08  2.429424e+08  3.049416e+03   5756286   1
       558   1.953307e+08  2.429503e+08  3.056903e+03   5766715   1
       559   2.085458e+08  2.429871e+08  3.064291e+03   5777410   1
       560   2.112407e+08  2.429873e+08  3.071774e+03   5787953   1
       561   2.867433e+08  2.430182e+08  3.079192e+03   5798486   1
       562   3.513397e+08  2.430421e+08  3.086636e+03   5808788   1
       563   3.041280e+08  2.432896e+08  3.094256e+03   5819112   1
       564   3.510393e+08  2.433798e+08  3.101789e+03   5829734   1
       565   2.775211e+08  2.433845e+08  3.117511e+03   5840025   1
       566   4.062224e+08  2.434545e+08  3.124941e+03   5850334   1
       567   2.329629e+08  2.434895e+08  3.132400e+03   5860618   1
       568   2.140979e+08  2.434907e+08  3.139872e+03   5871058   1
       569   3.436630e+08  2.435139e+08  3.147298e+03   5881436   1
       570   1.968901e+08  2.435149e+08  3.154821e+03   5891822   1
       571   3.218404e+08  2.435965e+08  3.162315e+03   5902013   1
       572   2.037996e+08  2.436700e+08  3.169887e+03   5912389   1
       573   2.382947e+08  2.436733e+08  3.177431e+03   5922839   1
       574   1.921779e+08  2.436790e+08  3.185016e+03   5933369   1
       575   3.941627e+08  2.438130e+08  3.192602e+03   5943586   1
       576   2.681744e+08  2.438403e+08  3.200311e+03   5954366   1
       577   2.540403e+08  2.438406e+08  3.208001e+03   5965037   1
       578   2.364053e+08  2.439067e+08  3.215793e+03   5975804   1
       579   2.219223e+08  2.439255e+08  3.231539e+03   5986034   1
       580   1.753810e+08  2.439961e+08  3.239056e+03   5996517   1
       581   1.739018e+08  2.439964e+08  3.246559e+03   6006994   1
       582   4.789246e+08  2.440213e+08  3.254109e+03   6017406   1
       583   3.202981e+08  2.441914e+08  3.261721e+03   6028002   1
       584   1.142855e+09  2.441915e+08  3.269195e+03   6038225   1
       585   2.132498e+08  2.442022e+08  3.276882e+03   6047979   1
       586   2.533883e+08  2.442678e+08  3.284559e+03   6058661   1
       587   5.090115e+08  2.444337e+08  3.292115e+03   6068854   1
       588   2.017198e+08  2.444397e+08  3.299905e+03   6079308   1
       589   2.160985e+08  2.444563e+08  3.307634e+03   6089174   1
       590   3.246875e+08  2.446700e+08  3.315405e+03   6099762   1
       591   2.720457e+08  2.447881e+08  3.323258e+03   6109963   1
       592   2.500427e+08  2.448837e+08  3.339386e+03   6120567   1
       593   3.588033e+08  2.449175e+08  3.347062e+03   6130987   1
       594   1.797088e+08  2.449267e+08  3.354863e+03   6141384   1
       595   4.552096e+08  2.450924e+08  3.362495e+03   6151879   1
       596   6.768188e+08  2.451511e+08  3.370167e+03   6162355   1
       597   2.750044e+08  2.451733e+08  3.377975e+03   6172713   1
       598   2.860981e+08  2.451798e+08  3.385741e+03   6183302   1
       599   3.510614e+08  2.452386e+08  3.393507e+03   6193747   1
       600   2.515990e+08  2.454082e+08  3.401344e+03   6203893   1
       601   3.816820e+08  2.454376e+08  3.408996e+03   6214109   1
       602   3.071120e+08  2.454725e+08  3.416910e+03   6224066   1
       603   2.935707e+08  2.454733e+08  3.424887e+03   6234638   1
       604   4.271596e+08  2.454861e+08  3.432790e+03   6244870   1
       605   2.433457e+08  2.454996e+08  3.440817e+03   6255343   1
       606   2.400266e+08  2.455475e+08  3.457130e+03   6265912   1
       607   2.268027e+08  2.455658e+08  3.464897e+03   6276334   1
       608   4.342500e+08  2.458341e+08  3.472728e+03   6286438   1
       609   5.211699e+08  2.458718e+08  3.480493e+03   6297050   1
       610   6.323682e+08  2.459498e+08  3.488263e+03   6307643   1
       611   3.483011e+08  2.459685e+08  3.496147e+03   6317736   1
       612   3.397472e+08  2.459687e+08  3.504034e+03   6328169   1
       613   2.159637e+08  2.459732e+08  3.511971e+03   6338262   1
       614   1.507611e+08  2.460045e+08  3.519942e+03   6348507   1
       615   3.494471e+08  2.460700e+08  3.527749e+03   6358932   1
       616   2.402000e+08  2.460836e+08  3.535831e+03   6369491   1
       617   4.436269e+08  2.461241e+08  3.543738e+03   6379972   1
       618   4.509161e+08  2.461914e+08  3.551831e+03   6390526   1
       619   2.440001e+08  2.462466e+08  3.568704e+03   6400983   1
       620   2.570998e+08  2.462475e+08  3.576589e+03   6411328   1
       621   2.389301e+08  2.464237e+08  3.584528e+03   6421934   1
       622   2.133499e+08  2.464347e+08  3.592514e+03   6432712   1
       623   3.565318e+08  2.464405e+08  3.600466e+03   6443074   1
       624   2.591469e+08  2.465118e+08  3.608375e+03   6453531   1
       625   2.182108e+08  2.467134e+08  3.616440e+03   6463816   1
       626   1.396043e+08  2.471278e+08  3.624479e+03   6474195   1
       627   2.204056e+08  2.471333e+08  3.632403e+03   6484491   1
       628   1.963191e+08  2.471565e+08  3.640424e+03   6494803   1
       629   2.545353e+08  2.472151e+08  3.648395e+03   6505322   1
       630   2.896262e+08  2.475277e+08  3.656473e+03   6515529   1
       631   2.797443e+08  2.475751e+08  3.664430e+03   6526134   1
       632   4.723554e+08  2.479452e+08  3.672487e+03   6536580   1
       633   2.015273e+08  2.481205e+08  3.689642e+03   6547017   1
       634   1.789382e+08  2.482917e+08  3.697698e+03   6557551   1
       635   1.888993e+08  2.483002e+08  3.705627e+03   6567813   1
       636   4.338022e+08  2.485151e+08  3.713621e+03   6578413   1
       637   1.570638e+08  2.485151e+08  3.721837e+03   6588560   1
       638   1.826851e+08  2.485508e+08  3.729916e+03   6598795   1
       639   2.265590e+08  2.485957e+08  3.738013e+03   6609372   1
       640   3.060000e+08  2.485992e+08  3.746054e+03   6619874   1
       641   2.399194e+08  2.486744e+08  3.754256e+03   6630143   1
       642   4.434986e+08  2.487375e+08  3.762299e+03   6640392   1
       643   2.533316e+08  2.487581e+08  3.770545e+03   6650681   1
       644   2.474939e+08  2.489810e+08  3.778856e+03   6661137   1
       645   1.731519e+08  2.489811e+08  3.787099e+03   6670735   1
       646   3.937497e+08  2.489907e+08  3.795480e+03   6681151   1
       647   2.452540e+08  2.490103e+08  3.812835e+03   6691228   1
       648   1.360479e+08  2.490164e+08  3.821031e+03   6701408   1
       649   3.248175e+08  2.490617e+08  3.829043e+03   6711790   1
       650   1.694772e+08  2.491248e+08  3.837215e+03   6722044   1
       651   2.189423e+08  2.492234e+08  3.845383e+03   6732439   1
       652   3.709398e+08  2.493314e+08  3.853518e+03   6743057   1
       653   1.733020e+08  2.493342e+08  3.861737e+03   6753369   1
       654   3.643914e+08  2.493647e+08  3.869890e+03   6763829   1
       655   1.891388e+08  2.493711e+08  3.878236e+03   6774474   1
       656   2.075013e+08  2.494562e+08  3.886457e+03   6784715   1
       657   2.189273e+08  2.494675e+08  3.894777e+03   6795309   1
       658   2.976234e+08  2.494705e+08  3.903136e+03   6805744   1
       659   2.054943e+08  2.495184e+08  3.911576e+03   6815688   1
       660   1.669527e+08  2.496161e+08  3.919983e+03   6825915   1
       661   4.634636e+08  2.499965e+08  3.937348e+03   6836348   1
       662   3.123430e+08  2.500082e+08  3.945574e+03   6847043   1
       663   1.874134e+08  2.501086e+08  3.953928e+03   6857321   1
       664   1.921491e+08  2.501098e+08  3.962208e+03   6867568   1
       665   3.996871e+08  2.501211e+08  3.970332e+03   6877424   1
       666   1.984821e+08  2.501560e+08  3.978682e+03   6888038   1
       667   1.696615e+08  2.502407e+08  3.987037e+03   6898375   1
       668   1.661182e+08  2.502544e+08  3.995365e+03   6908517   1
       669   2.539023e+08  2.503032e+08  4.003674e+03   6919340   1
       670   3.328631e+08  2.503047e+08  4.012010e+03   6929664   1
       671   3.535266e+08  2.503656e+08  4.020429e+03   6940157   1
       672   3.415899e+08  2.504403e+08  4.028907e+03   6950547   1
       673   2.444814e+08  2.504472e+08  4.037417e+03   6961175   1
       674   1.740834e+08  2.506531e+08  4.045969e+03   6971329   1
       675   2.487867e+08  2.506535e+08  4.063896e+03   6981752   1
       676   2.751716e+08  2.508842e+08  4.072260e+03   6992390   1
       677   2.345404e+08  2.509075e+08  4.080580e+03   7002776   1
       678   2.446241e+08  2.509108e+08  4.088943e+03   7012886   1
       679   4.734236e+08  2.509455e+08  4.097293e+03   7023219   1
       680   2.033472e+08  2.511636e+08  4.105734e+03   7033428   1
       681   2.690686e+08  2.511741e+08  4.114050e+03   7044043   1
       682   1.783806e+08  2.512345e+08  4.122610e+03   7054505   1
       683   5.456779e+08  2.512481e+08  4.131046e+03   7064707   1
       684   4.264781e+08  2.512812e+08  4.139429e+03   7075225   1
       685   4.171839e+08  2.513932e+08  4.147873e+03   7085879   1
       686   2.714079e+08  2.514103e+08  4.156477e+03   7096458   1
       687   2.042187e+08  2.514387e+08  4.165094e+03   7106806   1
       688   1.903755e+08  2.515001e+08  4.173756e+03   7117001   1
       689   2.003489e+08  2.515041e+08  4.191952e+03   7127255   1
       690   3.251879e+08  2.515268e+08  4.200406e+03   7137967   1
       691   2.392691e+08  2.515273e+08  4.208864e+03   7148162   1
       692   1.628442e+08  2.515377e+08  4.217314e+03   7158260   1
       693   3.051537e+08  2.515586e+08  4.225726e+03   7168718   1
       694   1.947700e+08  2.516722e+08  4.234212e+03   7179470   1
       695   6.408709e+08  2.516829e+08  4.242710e+03   7189495   1
       696   2.022854e+08  2.520652e+08  4.251327e+03   7199727   1
       697   2.124888e+08  2.520979e+08  4.260027e+03   7210361   1
       698   2.381443e+08  2.521160e+08  4.268615e+03   7220691   1
       699   3.018463e+08  2.521221e+08  4.277323e+03   7231180   1
       700   1.483764e+08  2.521621e+08  4.286075e+03   7241588   1
       701   2.242308e+08  2.522518e+08  4.294879e+03   7252057   1
       702   3.486810e+08  2.522705e+08  4.303604e+03   7262220   1
       703   3.194861e+08  2.523084e+08  4.312235e+03   7272904   1
       704   2.402738e+08  2.523346e+08  4.330699e+03   7283604   1
       705   2.887048e+08  2.523374e+08  4.339293e+03   7293738   1
       706   2.608601e+08  2.523630e+08  4.347908e+03   7304380   1
       707   2.188659e+08  2.524003e+08  4.356522e+03   7314944   1
       708   1.450473e+08  2.524005e+08  4.365199e+03   7325473   1
       709   1.306752e+08  2.524167e+08  4.373917e+03   7335688   1
       710   2.470151e+08  2.524228e+08  4.382622e+03   7346132   1
       711   4.776796e+08  2.524475e+08  4.391168e+03   7356545   1
       712   2.478588e+08  2.524497e+08  4.400023e+03   7366605   1
       713   2.580198e+08  2.524499e+08  4.408747e+03   7377119   1
       714   2.670536e+08  2.524548e+08  4.417593e+03   7387595   1
       715   2.620250e+08  2.524574e+08  4.426722e+03   7397895   1
       716   3.258817e+08  2.525016e+08  4.435765e+03   7408398   1
       717   2.022133e+08  2.525053e+08  4.444927e+03   7419149   1
       718   2.005864e+08  2.525254e+08  4.463956e+03   7429479   1
       719   4.671943e+08  2.527310e+08  4.472757e+03   7439860   1
       720   5.053237e+08  2.527311e+08  4.481377e+03   7449984   1
       721   1.720934e+08  2.528188e+08  4.490215e+03   7459862   1
       722   1.662541e+08  2.528235e+08  4.499066e+03   7470331   1
       723   5.560670e+08  2.528235e+08  4.507812e+03   7480720   1
       724   2.612967e+08  2.528412e+08  4.516744e+03   7491335   1
       725   2.623912e+08  2.529445e+08  4.525550e+03   7501577   1
       726   1.994373e+08  2.529547e+08  4.534378e+03   7512273   1
       727   1.832118e+08  2.529766e+08  4.543176e+03   7522701   1
       728   3.723439e+08  2.529888e+08  4.551993e+03   7532999   1
       729   2.085190e+08  2.530057e+08  4.560976e+03   7543226   1
       730   2.573402e+08  2.530080e+08  4.569977e+03   7553714   1
       731   2.177737e+08  2.530393e+08  4.578950e+03   7564227   1
       732   2.154058e+08  2.530421e+08  4.587914e+03   7574578   1
       733   1.992031e+08  2.531085e+08  4.606937e+03   7585019   1
       734   2.156240e+08  2.531174e+08  4.615797e+03   7595686   1
       735   2.269540e+08  2.531174e+08  4.624656e+03   7606226   1
       736   5.527101e+08  2.531230e+08  4.633400e+03   7616553   1
       737   3.475177e+08  2.534372e+08  4.642254e+03   7627035   1
       738   2.800781e+08  2.534872e+08  4.651108e+03   7637542   1
       739   2.255265e+08  2.534972e+08  4.660019e+03   7647630   1
       740   1.861886e+08  2.535098e+08  4.669056e+03   7657664   1
       741   2.247432e+08  2.535331e+08  4.677873e+03   7667975   1
       742   2.028808e+08  2.535470e+08  4.686873e+03   7678468   1
       743   2.807293e+08  2.535605e+08  4.695960e+03   7688699   1
       744   2.358019e+08  2.536596e+08  4.705041e+03   7699182   1
       745   2.161888e+08  2.537672e+08  4.714097e+03   7709606   1
       746   2.798871e+08  2.537806e+08  4.723194e+03   7719696   1
       747   2.556293e+08  2.539245e+08  4.732217e+03   7729995   1
       748   2.223553e+08  2.540225e+08  4.741494e+03   7740441   1
       749   2.030946e+08  2.540931e+08  4.760743e+03   7751069   1
       750   2.671535e+08  2.543043e+08  4.769748e+03   7761514   1
       751   1.979002e+08  2.543444e+08  4.778721e+03   7771991   1
       752   7.843505e+08  2.544082e+08  4.787610e+03   7782025   1
       753   3.350996e+08  2.544987e+08  4.796741e+03   7792357   1
       754   2.211626e+08  2.544990e+08  4.805899e+03   7802627   1
       755   1.844624e+08  2.545041e+08  4.815131e+03   7812755   1
       756   6.373691e+08  2.545053e+08  4.824215e+03   7822666   1
       757   2.185084e+08  2.545766e+08  4.833398e+03   7832730   1
       758   1.889044e+08  2.546509e+08  4.842611e+03   7842661   1
       759   2.725885e+08  2.546810e+08  4.851725e+03   7853291   1
       760   1.758432e+08  2.547537e+08  4.860961e+03   7863751   1
       761   1.415024e+08  2.547580e+08  4.870197e+03   7873954   1
       762   2.406991e+08  2.547719e+08  4.879445e+03   7884147   1
       763   1.988355e+08  2.547992e+08  4.888859e+03   7894586   1
       764   2.976905e+08  2.548147e+08  4.908525e+03   7904977   1
       765   2.675775e+08  2.548160e+08  4.917623e+03   7915500   1
       766   2.342858e+08  2.549293e+08  4.926900e+03   7925493   1
       767   1.727924e+08  2.549306e+08  4.936041e+03   7935786   1
       768   3.010609e+08  2.551236e+08  4.945126e+03   7945866   1
       769   5.344172e+08  2.551589e+08  4.954172e+03   7956395   1
       770   1.600787e+08  2.552345e+08  4.963299e+03   7966457   1
       771   2.017736e+08  2.552369e+08  4.972537e+03   7976734   1
       772   1.827087e+08  2.553859e+08  4.981803e+03   7986776   1
       773   1.887477e+08  2.554091e+08  4.991114e+03   7997258   1
       774   1.727743e+08  2.555118e+08  5.000358e+03   8007868   1
       775   4.085247e+08  2.555342e+08  5.009606e+03   8018421   1
       776   4.025131e+08  2.555548e+08  5.018834e+03   8028781   1
       777   3.255050e+08  2.556210e+08  5.028115e+03   8039080   1
       778   4.551230e+08  2.556343e+08  5.037607e+03   8049534   1
       779   2.977695e+08  2.557360e+08  5.046974e+03   8059793   1
       780   1.885870e+08  2.557882e+08  5.066922e+03   8070286   1
       781   2.278200e+08  2.557904e+08  5.076130e+03   8080814   1
       782   3.639861e+08  2.558002e+08  5.085424e+03   8091458   1
       783   2.659525e+08  2.558003e+08  5.094840e+03   8101879   1
       784   2.455771e+08  2.558106e+08  5.104157e+03   8112425   1
       785   1.323472e+08  2.558107e+08  5.113592e+03   8122518   1
       786   2.097903e+08  2.558177e+08  5.122935e+03   8132913   1
       787   4.082620e+08  2.558996e+08  5.132047e+03   8143152   1
       788   1.450008e+08  2.559154e+08  5.141444e+03   8153629   1
       789   2.461341e+08  2.559625e+08  5.150720e+03   8163937   1
       790   6.089225e+08  2.559911e+08  5.159941e+03   8174250   1
       791   2.244669e+08  2.560122e+08  5.169434e+03   8184836   1
       792   3.174481e+08  2.560358e+08  5.178898e+03   8194876   1
       793   2.092998e+08  2.561031e+08  5.188471e+03   8205302   1
       794   5.768401e+08  2.561066e+08  5.197964e+03   8215457   1
       795   3.030048e+08  2.561400e+08  5.218536e+03   8225695   1
       796   5.566518e+08  2.561435e+08  5.227871e+03   8235976   1
       797   1.765070e+08  2.561605e+08  5.237273e+03   8246661   1
       798   4.037737e+08  2.561626e+08  5.246520e+03   8256978   1
       799   1.695555e+08  2.561901e+08  5.256084e+03   8267166   1
       800   2.584985e+08  2.562029e+08  5.265574e+03   8277101   1
       801   2.162735e+08  2.562345e+08  5.275041e+03   8287862   1
       802   1.696278e+08  2.562390e+08  5.284530e+03   8298223   1
       803   1.824718e+08  2.562584e+08  5.294096e+03   8308633   1
       804   2.487996e+08  2.562764e+08  5.303578e+03   8318942   1
       805   2.974193e+08  2.562777e+08  5.313137e+03   8329577   1
       806   1.770853e+08  2.563412e+08  5.322712e+03   8339813   1
       807   2.780975e+08  2.563424e+08  5.332378e+03   8350364   1
       808   3.178457e+08  2.563757e+08  5.342035e+03   8360738   1
       809   3.930940e+08  2.563821e+08  5.351712e+03   8370747   1
       810   2.068608e+08  2.563861e+08  5.361501e+03   8381116   1
       811   2.728691e+08  2.565353e+08  5.382406e+03   8391456   1
       812   3.099871e+08  2.565997e+08  5.391874e+03   8401653   1
       813   3.094031e+08  2.566024e+08  5.401393e+03   8412080   1
       814   2.217802e+08  2.566399e+08  5.410843e+03   8421925   1
       815   2.275777e+08  2.566660e+08  5.420522e+03   8432547   1
       816   3.896236e+08  2.566684e+08  5.430037e+03   8442931   1
       817   2.360598e+08  2.567656e+08  5.439620e+03   8452897   1
       818   1.837349e+08  2.567731e+08  5.449352e+03   8463346   1
       819   2.122507e+08  2.567757e+08  5.459048e+03   8473735   1
       820   5.172945e+08  2.568087e+08  5.468538e+03   8484084   1
       821   3.870725e+08  2.568103e+08  5.478113e+03   8494650   1
       822   2.304224e+08  2.568137e+08  5.487756e+03   8505013   1
       823   2.857971e+08  2.568162e+08  5.497313e+03   8515304   1
       824   3.353834e+08  2.568316e+08  5.507055e+03   8525481   1
       825   1.846108e+08  2.568777e+08  5.516899e+03   8535522   1
       826   2.228253e+08  2.568790e+08  5.526784e+03   8545634   1
       827   2.444831e+08  2.569063e+08  5.548065e+03   8555646   1
       828   5.635247e+08  2.569242e+08  5.557571e+03   8565800   1
       829   4.145422e+08  2.569688e+08  5.567051e+03   8576169   1
       830   4.016827e+08  2.569909e+08  5.576521e+03   8586833   1
       831   1.969438e+08  2.569912e+08  5.586382e+03   8597111   1
       832   5.159994e+08  2.570778e+08  5.595949e+03   8607489   1
       833   1.916312e+08  2.571166e+08  5.605646e+03   8617629   1
       834   1.716462e+08  2.571180e+08  5.615443e+03   8627859   1
       835   1.997228e+08  2.571197e+08  5.625328e+03   8637998   1
       836   2.616961e+08  2.571235e+08  5.635090e+03   8648561   1
       837   2.004354e+08  2.571457e+08  5.644850e+03   8659030   1
       838   2.395822e+08  2.571479e+08  5.654677e+03   8669613   1
       839   1.871860e+08  2.572582e+08  5.664572e+03   8679714   1
       840   3.118219e+08  2.573444e+08  5.674412e+03   8689727   1
       841   2.715646e+08  2.573463e+08  5.684472e+03   8700055   1
       842   3.015773e+08  2.573714e+08  5.694466e+03   8709953   1
       843   2.319397e+08  2.573744e+08  5.704637e+03   8720542   1
       844   2.112391e+08  2.573796e+08  5.725801e+03   8731294   1
       845   2.868294e+08  2.574535e+08  5.735448e+03   8741966   1
       846   1.934543e+08  2.574643e+08  5.745240e+03   8751905   1
       847   3.029168e+08  2.574753e+08  5.755105e+03   8762186   1
       848   1.906176e+08  2.574762e+08  5.764966e+03   8772596   1
       849   3.208210e+08  2.574857e+08  5.774848e+03   8782945   1
       850   3.422980e+08  2.574885e+08  5.784670e+03   8793181   1
       851   3.283204e+08  2.574907e+08  5.794597e+03   8803486   1
       852   2.301395e+08  2.575024e+08  5.804591e+03   8813932   1
       853   2.588223e+08  2.575055e+08  5.814391e+03   8824558   1
       854   3.070499e+08  2.575212e+08  5.824215e+03   8834739   1
       855   1.571615e+08  2.575369e+08  5.834184e+03   8845068   1
       856   1.780377e+08  2.576302e+08  5.844163e+03   8855397   1
       857   2.037831e+08  2.576320e+08  5.854284e+03   8865455   1
       858   4.021358e+08  2.576477e+08  5.864403e+03   8875658   1
       859   2.410476e+08  2.576982e+08  5.874461e+03   8885633   1
       860   1.862341e+08  2.577146e+08  5.896156e+03   8895820   1
       861   2.374914e+08  2.577185e+08  5.906061e+03   8906267   1
       862   2.521118e+08  2.577701e+08  5.915939e+03   8916549   1
       863   2.520687e+08  2.577759e+08  5.925856e+03   8927130   1
       864   2.927346e+08  2.577762e+08  5.935785e+03   8937222   1
       865   5.628885e+08  2.577778e+08  5.945680e+03   8947590   1
       866   4.335457e+08  2.577914e+08  5.955477e+03   8958215   1
       867   2.252962e+08  2.577919e+08  5.965511e+03   8968476   1
       868   4.793954e+08  2.578294e+08  5.975389e+03   8978693   1
       869   2.487795e+08  2.578776e+08  5.985455e+03   8989084   1
       870   1.863036e+08  2.578801e+08  5.995519e+03   8998997   1
       871   3.943540e+08  2.579064e+08  6.005594e+03   9009271   1
       872   2.713676e+08  2.579066e+08  6.015831e+03   9019662   1
       873   2.379080e+08  2.580019e+08  6.025986e+03   9029922   1
       874   2.573601e+08  2.580760e+08  6.036144e+03   9040128   1
       875   2.015566e+08  2.580870e+08  6.046499e+03   9050249   1
       876   2.087212e+08  2.581031e+08  6.068510e+03   9060514   1
       877   2.012582e+08  2.581247e+08  6.078716e+03   9070784   1
       878   1.737321e+08  2.581289e+08  6.088731e+03   9080952   1
       879   5.145117e+08  2.581389e+08  6.098713e+03   9091135   1
       880   2.642861e+08  2.581424e+08  6.108884e+03   9101499   1
       881   2.259302e+08  2.583141e+08  6.119039e+03   9112017   1
       882   1.987538e+08  2.583250e+08  6.129193e+03   9122361   1
       883   2.108986e+08  2.583293e+08  6.139301e+03   9132970   1
       884   2.200847e+08  2.583478e+08  6.149477e+03   9143331   1
       885   4.027129e+08  2.583488e+08  6.159620e+03   9153510   1
       886   2.392209e+08  2.583835e+08  6.169984e+03   9164216   1
       887   3.222871e+08  2.584296e+08  6.180148e+03   9174805   1
       888   6.101662e+08  2.584311e+08  6.190227e+03   9185195   1
       889   2.054957e+08  2.584545e+08  6.200732e+03   9195327   1
       890   2.542828e+08  2.584656e+08  6.211135e+03   9205404   1
       891   2.499254e+08  2.584779e+08  6.221519e+03   9215542   1
       892   1.777663e+08  2.584871e+08  6.231946e+03   9225670   1
       893   2.261932e+08  2.584885e+08  6.254298e+03   9236184   1
       894   3.082005e+08  2.584905e+08  6.264310e+03   9246809   1
       895   3.513640e+08  2.585235e+08  6.274414e+03   9257022   1
       896   4.043224e+08  2.585362e+08  6.284544e+03   9267642   1
       897   2.523715e+08  2.585467e+08  6.294753e+03   9278024   1
       898   2.346927e+08  2.585634e+08  6.304934e+03   9288457   1
       899   3.410961e+08  2.585642e+08  6.314984e+03   9298903   1
       900   3.026189e+08  2.585750e+08  6.325289e+03   9309041   1
       901   6.843798e+08  2.585771e+08  6.335379e+03   9319160   1
       902   8.034157e+08  2.585841e+08  6.345543e+03   9329485   1
       903   1.895066e+08  2.586718e+08  6.356083e+03   9339795   1
       904   2.024717e+08  2.586724e+08  6.366533e+03   9350085   1
       905   2.438706e+08  2.586743e+08  6.376863e+03   9360536   1
       906   3.087621e+08  2.586787e+08  6.387298e+03   9370841   1
       907   2.253415e+08  2.586792e+08  6.397750e+03   9381110   1
       908   2.799170e+08  2.586844e+08  6.408356e+03   9391352   1
       909   2.097323e+08  2.586886e+08  6.418953e+03   9401948   1
       910   2.602004e+08  2.587643e+08  6.441742e+03   9412422   1
       911   1.949227e+08  2.587872e+08  6.452059e+03   9422992   1
       912   1.669722e+08  2.588360e+08  6.462427e+03   9433352   1
       913   2.837318e+08  2.588395e+08  6.472899e+03   9443599   1
       914   2.889378e+08  2.588411e+08  6.483346e+03   9453883   1
       915   2.578059e+08  2.588591e+08  6.493888e+03   9464086   1
       916   2.210857e+08  2.588900e+08  6.504324e+03   9474464   1
       917   2.514334e+08  2.590186e+08  6.514806e+03   9484712   1
       918   1.754896e+08  2.590301e+08  6.525274e+03   9495124   1
       919   2.358724e+08  2.590948e+08  6.535658e+03   9505429   1
       920   2.260485e+08  2.591018e+08  6.546058e+03   9515935   1
       921   2.415031e+08  2.591556e+08  6.556586e+03   9526532   1
       922   2.609467e+08  2.593739e+08  6.567015e+03   9536460   1
       923   1.992026e+08  2.593983e+08  6.577676e+03   9546862   1
       924   2.935875e+08  2.594093e+08  6.588409e+03   9556985   1
       925   2.298928e+08  2.594185e+08  6.599276e+03   9567577   1
       926   3.288489e+08  2.594267e+08  6.609937e+03   9577996   1
       927   2.820543e+08  2.595320e+08  6.632982e+03   9588237   1
       928   2.781074e+08  2.595347e+08  6.643437e+03   9598517   1
       929   2.359486e+08  2.597539e+08  6.653892e+03   9609006   1
       930   2.972011e+08  2.597593e+08  6.664352e+03   9619215   1
       931   2.341248e+08  2.597598e+08  6.675028e+03   9629797   1
       932   1.903034e+08  2.597748e+08  6.685579e+03   9640235   1
       933   3.451567e+08  2.597805e+08  6.696068e+03   9650252   1
       934   1.987073e+08  2.597810e+08  6.706668e+03   9660903   1
       935   2.595560e+08  2.598244e+08  6.717282e+03   9671464   1
       936   4.364657e+08  2.598402e+08  6.727802e+03   9681636   1
       937   2.817543e+08  2.599121e+08  6.738470e+03   9691817   1
       938   2.452839e+08  2.599211e+08  6.749067e+03   9702430   1
       939   4.929287e+08  2.599774e+08  6.759403e+03   9712965   1
       940   3.124639e+08  2.599930e+08  6.770187e+03   9723513   1
       941   3.068352e+08  2.600185e+08  6.780749e+03   9733849   1
       942   2.308723e+08  2.600308e+08  6.791629e+03   9744026   1
       943   1.838196e+08  2.600533e+08  6.802423e+03   9754099   1
       944   2.322575e+08  2.600550e+08  6.825998e+03   9764651   1
       945   5.688419e+08  2.600806e+08  6.836711e+03   9774752   1
       946   2.517663e+08  2.600884e+08  6.847360e+03   9785073   1
       947   3.156628e+08  2.601147e+08  6.857908e+03   9795537   1
       948   2.136283e+08  2.601416e+08  6.868716e+03   9805997   1
       949   1.928673e+08  2.601519e+08  6.879387e+03   9816000   1
       950   3.117149e+08  2.601520e+08  6.890177e+03   9826405   1
       951   4.541387e+08  2.601959e+08  6.900825e+03   9836761   1
       952   2.106042e+08  2.602060e+08  6.911698e+03   9847602   1
       953   4.229553e+08  2.602362e+08  6.922288e+03   9857989   1
       954   3.106605e+08  2.602385e+08  6.933078e+03   9868325   1
       955   4.326293e+08  2.603650e+08  6.943745e+03   9878745   1
       956   2.161895e+08  2.603745e+08  6.954538e+03   9889155   1
       957   3.250515e+08  2.603764e+08  6.965323e+03   9899390   1
       958   2.074637e+08  2.603780e+08  6.976304e+03   9909768   1
       959   2.680784e+08  2.603829e+08  6.987024e+03   9920430   1
       960   1.789688e+08  2.603839e+08  6.998243e+03   9930267   1
       961   2.252407e+08  2.603904e+08  7.009253e+03   9940806   1
       962   2.069778e+08  2.604389e+08  7.033083e+03   9951572   1
       963   5.320558e+08  2.604438e+08  7.043841e+03   9961762   1
       964   3.131852e+08  2.604544e+08  7.054792e+03   9971884   1
       965   4.004407e+08  2.605240e+08  7.065599e+03   9982271   1
       966   2.216720e+08  2.605717e+08  7.076352e+03   9992694   1
       967   2.081916e+08  2.605753e+08  7.087431e+03  10003147   1
       968   2.416432e+08  2.606167e+08  7.098268e+03  10013704   1
       969   1.878369e+08  2.608141e+08  7.109180e+03  10024257   1
       970   2.847114e+08  2.608297e+08  7.120007e+03  10034666   1
       971   3.279855e+08  2.608316e+08  7.130865e+03  10045282   1
       972   2.112105e+08  2.608682e+08  7.141774e+03  10055316   1
       973   2.711786e+08  2.608927e+08  7.152867e+03  10065332   1
       974   2.306864e+08  2.608949e+08  7.163702e+03  10076047   1
       975   4.478265e+08  2.609081e+08  7.174557e+03  10086436   1
       976   3.091761e+08  2.609104e+08  7.185519e+03  10096981   1
       977   2.950224e+08  2.609353e+08  7.196493e+03  10107485   1
       978   3.576588e+08  2.609394e+08  7.207648e+03  10117809   1
-------------------------------------------------------------------
status         : time_limit
total time (s) : 7.207648e+03
total solves   : 10117809
best bound     :  2.609394e+08
simulation ci  :  2.971937e+08  9.709567e+06
numeric issues : 0
-------------------------------------------------------------------

 
                                        Time                    Allocations      
                                  
       Tot / % measured:            2.00h /  99.9%            858GiB /  99.9%    

 Section               ncalls     time    %tot     avg     alloc    %tot      avg
 
 backward_pass            978    1.99h   99.5%   7.33s    850GiB   99.1%   890MiB
   solve_subproblem     10.0M    2587s   35.9%   259s    508GiB   59.2%  53.2KiB
     get_dual_solution  10.0M    58.7s    0.8%  5.87s   14.3GiB    1.7%  1.50KiB
   prepare_backward...  1.96k    1.44s    0.0%   738s    312MiB    0.0%   163KiB
 forward_pass             978    34.1s    0.5%  34.8ms   6.83GiB    0.8%  7.15MiB
   solve_subproblem      117k    31.8s    0.4%   271s   5.97GiB    0.7%  53.4KiB
     get_dual_solution   117k    119ms    0.0%  1.01s   62.7MiB    0.0%     560B
   sample_scenario        978   4.97ms    0.0%  5.08s    153KiB    0.0%     160B
 calculate_bound          978    2.45s    0.0%  2.51ms    838MiB    0.1%   877KiB
   get_dual_solution      978   1.28ms    0.0%  1.31s    535KiB    0.0%     560B
 


||||||||||||||||||||||||||||||||||||||||||||||||||||||||||||||||||||||||||||||||||||||||||||||||||||||||||||||||||||||||||||||||||||||||
SIMULATION RESULTS
LogLinearSDDP.NoSimulation()
markov
Lower bound: 2.609393661866739e8
Statistical upper bound (confidence interval): 3.2074945913552624e8  6.295483305365277e6
Pessimistic upper bound: 3.270449424408915e8

||||||||||||||||||||||||||||||||||||||||||||||||||||||||||||||||||||||||||||||||||||||||||||||||||||||||||||||||||||||||||||||||||||||||
SIMULATION RESULTS
LogLinearSDDP.NoSimulation()
markov
Lower bound: 2.609393661866739e8
Statistical upper bound (confidence interval): 2.0459086261746126e8  4.928727400121124e6
Pessimistic upper bound: 2.095195900175824e8

||||||||||||||||||||||||||||||||||||||||||||||||||||||||||||||||||||||||||||||||||||||||||||||||||||||||||||||||||||||||||||||||||||||||
SIMULATION RESULTS
LogLinearSDDP.NoSimulation()
custom_model
Lower bound: 2.609393661866739e8
Statistical upper bound (confidence interval): 3.932873401003178e8  8.501793967158513e6
Pessimistic upper bound: 4.017891340674763e8

||||||||||||||||||||||||||||||||||||||||||||||||||||||||||||||||||||||||||||||||||||||||||||||||||||||||||||||||||||||||||||||||||||||||
SIMULATION RESULTS
LogLinearSDDP.NoSimulation()
custom_model
Lower bound: 2.609393661866739e8
Statistical upper bound (confidence interval): 2.493571426887218e8  6.717088562840582e6
Pessimistic upper bound: 2.560742312515624e8

||||||||||||||||||||||||||||||||||||||||||||||||||||||||||||||||||||||||||||||||||||||||||||||||||||||||||||||||||||||||||||||||||||||||
SIMULATION RESULTS
LogLinearSDDP.NoSimulation()
fitted_model
Lower bound: 2.609393661866739e8
Statistical upper bound (confidence interval): 2.8294080095539176e8  5.230979470493627e6
Pessimistic upper bound: 2.881717804258854e8

||||||||||||||||||||||||||||||||||||||||||||||||||||||||||||||||||||||||||||||||||||||||||||||||||||||||||||||||||||||||||||||||||||||||
SIMULATION RESULTS
LogLinearSDDP.NoSimulation()
fitted_model
Lower bound: 2.609393661866739e8
Statistical upper bound (confidence interval): 1.8648264272122017e8  4.157862650311167e6
Pessimistic upper bound: 1.9064050537153134e8

||||||||||||||||||||||||||||||||||||||||||||||||||||||||||||||||||||||||||||||||||||||||||||||||||||||||||||||||||||||||||||||||||||||||
SIMULATION RESULTS
LogLinearSDDP.NoSimulation()
shapiro_model
Lower bound: 2.609393661866739e8
Statistical upper bound (confidence interval): 2.8845106956201e8  5.759934596118395e6
Pessimistic upper bound: 2.942110041581284e8

||||||||||||||||||||||||||||||||||||||||||||||||||||||||||||||||||||||||||||||||||||||||||||||||||||||||||||||||||||||||||||||||||||||||
SIMULATION RESULTS
LogLinearSDDP.NoSimulation()
shapiro_model
Lower bound: 2.609393661866739e8
Statistical upper bound (confidence interval): 1.8892140652354583e8  4.569137801464656e6
Pessimistic upper bound: 1.9349054432501048e8

||||||||||||||||||||||||||||||||||||||||||||||||||||||||||||||||||||||||||||||||||||||||||||||||||||||||||||||||||||||||||||||||||||||||
SIMULATION RESULTS
LogLinearSDDP.NoSimulation()
markov
Lower bound: 2.6068246047197947e8
Statistical upper bound (confidence interval): 4.826257261910712e8  8.15902988964304e7
Pessimistic upper bound: 5.642160250875016e8

||||||||||||||||||||||||||||||||||||||||||||||||||||||||||||||||||||||||||||||||||||||||||||||||||||||||||||||||||||||||||||||||||||||||
SIMULATION RESULTS
LogLinearSDDP.NoSimulation()
markov
Lower bound: 2.6068246047197947e8
Statistical upper bound (confidence interval): 3.148600129372742e8  6.6395593647644475e7
Pessimistic upper bound: 3.812556065849187e8
