||||||||||||||||||||||||||||||||||||||||||||||||||||||||||||||||||||||||||||||||||||||||||||||||||||||||||||||||||||||||||||||||||||||||
PATH
calling 
C:\Users\cg4102\Documents\New LogLinearSDDP\LogLinearSDDP.jl\Examples\Hydrothermal
C:\Users\cg4102\Documents\New LogLinearSDDP\LogLinearSDDP.jl\Examples\Hydrothermal\run_model_linearized.jl
DATETIME
2025-04-03T12:49:52.344
RUN DESCRIPTION
LogLinearSDDP.AlgoParams(SDDP.AbstractStoppingRule[SDDP.TimeLimit(7200.0)], LogLinearSDDP.Simulation(SDDP.InSampleMonteCarlo(0, false, true, SDDP.var"#155#158"{SDDP.var"#156#159"}(SDDP.var"#156#159"(), Core.Box(0)), nothing), 2000, 11111), false, 2, 1, "C:/Users/cg4102/Documents/julia_logs/Cut-sharing Final Run (2h) - NoCS/Run_shapiro_model_33333/LinearizedSDDP.log", false, false, false, 33333, "", :fitted_model)
-------------------------------------------------------------------
         SDDP.jl (c) Oscar Dowson and contributors, 2017-23
-------------------------------------------------------------------
problem
  nodes           : 120
  state variables : 8
  scenarios       : 1.00000e+238
  existing cuts   : false
options
  solver          : serial mode
  risk measure    : SDDP.Expectation()
  sampling scheme : SDDP.InSampleMonteCarlo
subproblem structure
  VariableRef                                  : [170, 174]
  JuMP.AffExpr in MOI.EqualTo{Float64}         : [13, 13]
  JuMP.VariableRef in MOI.EqualTo{Float64}     : [1, 1]
  JuMP.VariableRef in MOI.GreaterThan{Float64} : [157, 157]
  JuMP.VariableRef in MOI.LessThan{Float64}    : [148, 149]
-------------------------------------------------------------------
 iteration    simulation      bound        time (s)     solves  pid
-------------------------------------------------------------------
         1   2.140807e+09  2.450955e+05  2.172000e+00     12021   1
         2   1.543534e+09  2.450955e+05  4.344000e+00     24042   1
         3   1.797719e+09  1.271965e+06  6.500000e+00     36063   1
         4   9.595716e+08  2.272322e+06  8.656000e+00     48084   1
         5   1.047902e+09  5.014556e+06  1.084400e+01     60105   1
         6   1.031792e+09  5.065016e+06  1.301600e+01     72126   1
         7   8.791732e+08  5.145987e+06  1.518800e+01     84147   1
         8   1.234495e+09  6.162313e+06  1.740700e+01     96168   1
         9   4.202386e+08  6.240746e+06  1.961100e+01    108189   1
        10   6.799945e+08  7.411870e+06  2.181400e+01    120210   1
        11   4.683658e+08  7.510258e+06  2.403200e+01    132231   1
        12   6.807546e+08  9.857361e+06  2.623600e+01    144252   1
        13   6.420688e+08  1.630655e+07  2.842400e+01    156273   1
        14   8.724995e+08  1.816238e+07  3.067400e+01    168294   1
        15   4.904488e+08  1.838701e+07  3.287700e+01    180315   1
        16   2.638907e+08  2.225295e+07  3.506500e+01    192336   1
        17   4.677548e+08  2.238342e+07  3.728400e+01    204357   1
        18   4.049512e+08  2.278341e+07  3.942500e+01    216378   1
        19   4.634484e+08  2.414484e+07  4.162900e+01    228399   1
        20   3.445507e+08  6.385084e+07  4.383200e+01    240420   1
        21   5.642841e+08  6.385084e+07  4.609800e+01    252441   1
        22   4.265236e+08  6.390398e+07  4.833300e+01    264462   1
        23   3.746324e+08  6.445490e+07  5.061400e+01    276483   1
        24   6.942480e+08  6.446927e+07  5.286400e+01    288504   1
        25   3.140509e+08  6.492793e+07  5.510000e+01    300525   1
        26   2.922160e+08  6.494212e+07  5.736500e+01    312546   1
        27   3.397895e+08  6.516058e+07  5.963100e+01    324567   1
        28   7.740177e+08  6.516197e+07  6.188100e+01    336588   1
        29   2.025267e+08  6.522187e+07  6.413200e+01    348609   1
        30   4.365777e+08  6.663639e+07  6.642800e+01    360630   1
        31   4.074217e+08  6.782640e+07  6.872600e+01    372651   1
        32   3.925647e+08  6.785447e+07  7.099300e+01    384672   1
        33   6.390055e+08  6.862213e+07  7.330600e+01    396693   1
        34   4.984726e+08  6.884952e+07  7.564900e+01    408714   1
        35   7.039260e+08  7.203646e+07  7.800900e+01    420735   1
        36   5.071533e+08  7.300506e+07  8.036800e+01    432756   1
        37   2.363001e+08  7.338916e+07  8.269600e+01    444777   1
        38   7.452976e+08  7.377859e+07  8.504200e+01    456798   1
        39   2.631267e+08  7.425461e+07  8.737000e+01    468819   1
        40   2.455227e+08  7.514850e+07  8.969800e+01    480840   1
        41   2.139667e+08  7.520513e+07  9.210500e+01    492861   1
        42   4.433525e+08  7.548693e+07  9.449500e+01    504882   1
        43   3.011951e+08  8.523081e+07  9.685400e+01    516903   1
        44   3.603302e+08  8.563275e+07  9.926200e+01    528924   1
        45   2.816161e+08  1.038450e+08  1.016540e+02    540945   1
        46   3.049930e+08  1.042868e+08  1.040280e+02    552966   1
        47   2.185016e+08  1.043207e+08  1.064820e+02    564987   1
        48   4.454732e+08  1.046216e+08  1.089350e+02    577008   1
        49   3.183128e+08  1.060798e+08  1.113250e+02    589029   1
        50   5.037401e+08  1.069069e+08  1.137790e+02    601050   1
        51   2.449822e+08  1.069153e+08  1.162320e+02    613071   1
        52   3.851549e+08  1.071724e+08  1.187010e+02    625092   1
        53   2.973070e+08  1.082491e+08  1.212160e+02    637113   1
        54   1.263878e+08  1.110817e+08  1.236690e+02    649134   1
        55   6.320208e+08  1.114493e+08  1.262010e+02    661155   1
        56   3.259975e+08  1.114812e+08  1.287490e+02    673176   1
        57   3.120216e+08  1.119262e+08  1.312960e+02    685197   1
        58   4.470961e+08  1.124806e+08  1.338420e+02    697218   1
        59   5.704292e+08  1.124964e+08  1.363740e+02    709239   1
        60   2.514210e+08  1.125319e+08  1.389220e+02    721260   1
        61   4.060038e+08  1.127230e+08  1.414840e+02    733281   1
        62   1.991290e+08  1.130556e+08  1.440640e+02    745302   1
        63   1.838557e+08  1.133645e+08  1.466110e+02    757323   1
        64   2.929247e+08  1.135768e+08  1.491890e+02    769344   1
        65   2.708948e+08  1.136254e+08  1.517830e+02    781365   1
        66   3.185085e+08  1.138343e+08  1.543300e+02    793386   1
        67   4.774525e+08  1.139780e+08  1.569090e+02    805407   1
        68   5.157012e+08  1.158822e+08  1.595670e+02    817428   1
        69   2.286949e+08  1.169503e+08  1.621450e+02    829449   1
        70   3.003268e+08  1.169535e+08  1.647230e+02    841470   1
        71   2.015905e+08  1.171402e+08  1.673480e+02    853491   1
        72   5.695212e+08  1.173665e+08  1.699730e+02    865512   1
        73   2.257855e+08  1.174499e+08  1.725830e+02    877533   1
        74   2.117761e+08  1.175185e+08  1.751770e+02    889554   1
        75   9.185447e+08  1.179625e+08  1.778490e+02    901575   1
        76   2.663453e+08  1.180923e+08  1.805050e+02    913596   1
        77   3.870272e+08  1.201735e+08  1.831610e+02    925617   1
        78   3.279961e+08  1.202344e+08  1.858500e+02    937638   1
        79   7.071544e+08  1.209297e+08  1.885370e+02    949659   1
        80   3.411245e+08  1.213323e+08  1.912710e+02    961680   1
        81   2.709065e+08  1.222193e+08  1.939740e+02    973701   1
        82   2.476665e+08  1.223255e+08  1.966620e+02    985722   1
        83   2.712481e+08  1.225630e+08  1.994270e+02    997743   1
        84   2.566739e+08  1.226354e+08  2.021160e+02   1009764   1
        85   4.955774e+08  1.241404e+08  2.048190e+02   1021785   1
        86   6.097263e+08  1.246694e+08  2.075690e+02   1033806   1
        87   2.263070e+08  1.247730e+08  2.103190e+02   1045827   1
        88   4.812963e+08  1.248255e+08  2.131310e+02   1057848   1
        89   2.685809e+08  1.249261e+08  2.159140e+02   1069869   1
        90   8.325682e+08  1.251220e+08  2.187270e+02   1081890   1
        91   2.074065e+08  1.253449e+08  2.215400e+02   1093911   1
        92   5.640031e+08  1.254543e+08  2.243840e+02   1105932   1
        93   5.717300e+08  1.261514e+08  2.272120e+02   1117953   1
        94   2.030940e+08  1.271470e+08  2.300090e+02   1129974   1
        95   2.822295e+08  1.276304e+08  2.328060e+02   1141995   1
        96   1.569268e+08  1.278433e+08  2.356040e+02   1154016   1
        97   2.231875e+08  1.282745e+08  2.384320e+02   1166037   1
        98   2.235275e+08  1.288709e+08  2.413070e+02   1178058   1
        99   4.110657e+08  1.293162e+08  2.441660e+02   1190079   1
       100   1.934414e+08  1.294680e+08  2.469790e+02   1202100   1
       101   5.680357e+08  1.300628e+08  2.498850e+02   1214121   1
       102   2.430790e+08  1.302263e+08  2.527140e+02   1226142   1
       103   2.937771e+08  1.304916e+08  2.556350e+02   1238163   1
       104   2.901043e+08  1.319336e+08  2.585260e+02   1250184   1
       105   1.993754e+08  1.321549e+08  2.613710e+02   1262205   1
       106   9.111932e+08  1.333792e+08  2.642770e+02   1274226   1
       107   2.882120e+08  1.355919e+08  2.671990e+02   1286247   1
       108   2.225361e+08  1.357041e+08  2.700900e+02   1298268   1
       109   2.160482e+08  1.363259e+08  2.730120e+02   1310289   1
       110   1.348953e+08  1.364971e+08  2.759030e+02   1322310   1
       111   2.598935e+08  1.369605e+08  2.787780e+02   1334331   1
       112   2.613298e+08  1.372847e+08  2.817310e+02   1346352   1
       113   6.928136e+08  1.375818e+08  2.846840e+02   1358373   1
       114   1.593170e+08  1.376666e+08  2.876380e+02   1370394   1
       115   4.238973e+08  1.376798e+08  2.906230e+02   1382415   1
       116   2.927256e+08  1.377978e+08  2.936070e+02   1394436   1
       117   3.591380e+08  1.380258e+08  2.965920e+02   1406457   1
       118   4.625757e+08  1.380874e+08  2.996070e+02   1418478   1
       119   1.893485e+08  1.382684e+08  3.025910e+02   1430499   1
       120   2.116911e+08  1.386478e+08  3.055310e+02   1442520   1
       121   2.653339e+08  1.387136e+08  3.085150e+02   1454541   1
       122   3.767281e+08  1.387947e+08  3.115150e+02   1466562   1
       123   1.785795e+08  1.390245e+08  3.145000e+02   1478583   1
       124   4.109079e+08  1.394260e+08  3.175150e+02   1490604   1
       125   2.076871e+08  1.405349e+08  3.205150e+02   1502625   1
       126   1.647250e+08  1.408098e+08  3.235470e+02   1514646   1
       127   2.462900e+08  1.410150e+08  3.266090e+02   1526667   1
       128   2.854978e+08  1.411547e+08  3.296250e+02   1538688   1
       129   3.355359e+08  1.411591e+08  3.326880e+02   1550709   1
       130   2.476775e+08  1.413115e+08  3.357670e+02   1562730   1
       131   1.940744e+08  1.414412e+08  3.387820e+02   1574751   1
       132   6.189323e+08  1.417441e+08  3.418450e+02   1586772   1
       133   4.337258e+08  1.418521e+08  3.449540e+02   1598793   1
       134   2.150466e+08  1.423737e+08  3.480010e+02   1610814   1
       135   1.649058e+08  1.426626e+08  3.510640e+02   1622835   1
       136   2.884650e+08  1.428191e+08  3.541740e+02   1634856   1
       137   1.869321e+08  1.428770e+08  3.572210e+02   1646877   1
       138   2.200592e+08  1.431820e+08  3.602680e+02   1658898   1
       139   2.456839e+08  1.433280e+08  3.634420e+02   1670919   1
       140   3.838059e+08  1.434809e+08  3.666140e+02   1682940   1
       141   5.317179e+08  1.437623e+08  3.697870e+02   1694961   1
       142   2.085956e+08  1.438699e+08  3.729120e+02   1706982   1
       143   3.533508e+08  1.440625e+08  3.760220e+02   1719003   1
       144   2.934455e+08  1.442705e+08  3.791780e+02   1731024   1
       145   1.375693e+08  1.442967e+08  3.823500e+02   1743045   1
       146   3.651449e+08  1.443080e+08  3.855370e+02   1755066   1
       147   1.442599e+08  1.444322e+08  3.887410e+02   1767087   1
       148   5.409952e+08  1.444334e+08  3.920070e+02   1779108   1
       149   4.627845e+08  1.448343e+08  3.952420e+02   1791129   1
       150   3.527243e+08  1.450014e+08  3.984610e+02   1803150   1
       151   1.818297e+08  1.450611e+08  4.016640e+02   1815171   1
       152   3.602859e+08  1.451794e+08  4.048200e+02   1827192   1
       153   1.418919e+08  1.452241e+08  4.079780e+02   1839213   1
       154   2.685971e+08  1.453065e+08  4.112280e+02   1851234   1
       155   1.339152e+08  1.454421e+08  4.144470e+02   1863255   1
       156   1.772670e+08  1.456155e+08  4.177130e+02   1875276   1
       157   2.071712e+08  1.457795e+08  4.209790e+02   1887297   1
       158   1.439091e+08  1.459286e+08  4.242130e+02   1899318   1
       159   1.711109e+08  1.460047e+08  4.274630e+02   1911339   1
       160   2.420272e+08  1.461507e+08  4.307440e+02   1923360   1
       161   1.629121e+08  1.463178e+08  4.340410e+02   1935381   1
       162   7.661865e+08  1.463736e+08  4.373540e+02   1947402   1
       163   2.018974e+08  1.464432e+08  4.406820e+02   1959423   1
       164   4.325181e+08  1.464470e+08  4.440410e+02   1971444   1
       165   2.821062e+08  1.465433e+08  4.473230e+02   1983465   1
       166   4.524004e+08  1.466146e+08  4.506990e+02   1995486   1
       167   3.936134e+08  1.468994e+08  4.539800e+02   2007507   1
       168   4.607943e+08  1.469077e+08  4.573250e+02   2019528   1
       169   1.728814e+08  1.477728e+08  4.606840e+02   2031549   1
       170   4.168745e+08  1.477952e+08  4.639960e+02   2043570   1
       171   1.509623e+08  1.479688e+08  4.673420e+02   2055591   1
       172   3.214905e+08  1.481440e+08  4.706710e+02   2067612   1
       173   1.984874e+08  1.483374e+08  4.741560e+02   2079633   1
       174   1.803583e+08  1.487668e+08  4.777030e+02   2091654   1
       175   2.004389e+08  1.487729e+08  4.812200e+02   2103675   1
       176   1.607267e+08  1.488948e+08  4.847520e+02   2115696   1
       177   3.184255e+08  1.491637e+08  4.882990e+02   2127717   1
       178   3.582052e+08  1.496235e+08  4.918770e+02   2139738   1
       179   1.111336e+08  1.505849e+08  4.954100e+02   2151759   1
       180   2.418149e+08  1.507169e+08  4.990340e+02   2163780   1
       181   1.543121e+08  1.509946e+08  5.026140e+02   2175801   1
       182   2.962456e+08  1.513474e+08  5.062390e+02   2187822   1
       183   1.814146e+08  1.514320e+08  5.098320e+02   2199843   1
       184   1.565301e+08  1.517179e+08  5.134420e+02   2211864   1
       185   1.886659e+08  1.518973e+08  5.170360e+02   2223885   1
       186   1.951150e+08  1.519159e+08  5.207070e+02   2235906   1
       187   2.298012e+08  1.520615e+08  5.243020e+02   2247927   1
       188   1.834154e+08  1.520977e+08  5.279110e+02   2259948   1
       189   5.001203e+08  1.522980e+08  5.315830e+02   2271969   1
       190   2.998436e+08  1.523644e+08  5.352700e+02   2283990   1
       191   2.002362e+08  1.524528e+08  5.389420e+02   2296011   1
       192   1.849257e+08  1.524870e+08  5.426780e+02   2308032   1
       193   2.957723e+08  1.525800e+08  5.463810e+02   2320053   1
       194   1.724113e+08  1.526679e+08  5.499900e+02   2332074   1
       195   2.088074e+08  1.527756e+08  5.536940e+02   2344095   1
       196   1.905644e+08  1.528903e+08  5.574130e+02   2356116   1
       197   3.599816e+08  1.528986e+08  5.611780e+02   2368137   1
       198   1.718750e+08  1.531114e+08  5.648810e+02   2380158   1
       199   1.807179e+08  1.533580e+08  5.685370e+02   2392179   1
       200   2.254326e+08  1.534731e+08  5.722870e+02   2404200   1
       201   2.884105e+08  1.536972e+08  5.760240e+02   2416221   1
       202   1.481165e+08  1.537786e+08  5.797420e+02   2428242   1
       203   3.751031e+08  1.540256e+08  5.835240e+02   2440263   1
       204   2.551522e+08  1.541110e+08  5.873370e+02   2452284   1
       205   1.591131e+08  1.541979e+08  5.910710e+02   2464305   1
       206   1.635538e+08  1.542619e+08  5.947750e+02   2476326   1
       207   1.512411e+08  1.546965e+08  5.985110e+02   2488347   1
       208   5.029679e+08  1.547677e+08  6.022450e+02   2500368   1
       209   3.812544e+08  1.548324e+08  6.059490e+02   2512389   1
       210   3.856432e+08  1.549547e+08  6.096370e+02   2524410   1
       211   1.492527e+08  1.550828e+08  6.133400e+02   2536431   1
       212   1.666420e+08  1.550930e+08  6.170430e+02   2548452   1
       213   4.644850e+08  1.552025e+08  6.207610e+02   2560473   1
       214   6.390505e+08  1.553677e+08  6.244640e+02   2572494   1
       215   2.400676e+08  1.553813e+08  6.282000e+02   2584515   1
       216   2.507001e+08  1.554631e+08  6.320130e+02   2596536   1
       217   2.522459e+08  1.555409e+08  6.358090e+02   2608557   1
       218   1.781265e+08  1.555921e+08  6.395750e+02   2620578   1
       219   7.942934e+08  1.556860e+08  6.434030e+02   2632599   1
       220   3.128034e+08  1.556910e+08  6.471690e+02   2644620   1
       221   2.005283e+08  1.558013e+08  6.509810e+02   2656641   1
       222   1.984750e+08  1.559312e+08  6.548430e+02   2668662   1
       223   3.705787e+08  1.561662e+08  6.586870e+02   2680683   1
       224   2.093975e+08  1.562268e+08  6.625000e+02   2692704   1
       225   5.295036e+08  1.562562e+08  6.663450e+02   2704725   1
       226   2.970555e+08  1.563777e+08  6.702200e+02   2716746   1
       227   1.892845e+08  1.565074e+08  6.740630e+02   2728767   1
       228   2.964025e+08  1.568845e+08  6.779380e+02   2740788   1
       229   6.248245e+08  1.569775e+08  6.817990e+02   2752809   1
       230   1.798830e+08  1.571926e+08  6.856740e+02   2764830   1
       231   2.381626e+08  1.573248e+08  6.895170e+02   2776851   1
       232   2.606189e+08  1.574133e+08  6.934250e+02   2788872   1
       233   2.112076e+08  1.576214e+08  6.973940e+02   2800893   1
       234   1.833038e+08  1.580374e+08  7.012860e+02   2812914   1
       235   3.100900e+08  1.581952e+08  7.051610e+02   2824935   1
       236   1.670129e+08  1.582460e+08  7.090830e+02   2836956   1
       237   5.184814e+08  1.587466e+08  7.129890e+02   2848977   1
       238   2.456099e+08  1.587696e+08  7.168950e+02   2860998   1
       239   3.519443e+08  1.588107e+08  7.209110e+02   2873019   1
       240   2.052097e+08  1.588806e+08  7.248640e+02   2885040   1
       241   1.891508e+08  1.592533e+08  7.288170e+02   2897061   1
       242   2.831023e+08  1.592850e+08  7.327860e+02   2909082   1
       243   1.585408e+08  1.593152e+08  7.368030e+02   2921103   1
       244   4.080998e+08  1.593279e+08  7.408190e+02   2933124   1
       245   5.363756e+08  1.598807e+08  7.448360e+02   2945145   1
       246   2.380322e+08  1.603566e+08  7.488510e+02   2957166   1
       247   1.330323e+08  1.606928e+08  7.528690e+02   2969187   1
       248   4.833067e+08  1.612413e+08  7.569160e+02   2981208   1
       249   1.469217e+08  1.614751e+08  7.609470e+02   2993229   1
       250   1.659606e+08  1.616781e+08  7.649000e+02   3005250   1
       251   4.326628e+08  1.617928e+08  7.689950e+02   3017271   1
       252   5.833796e+08  1.619143e+08  7.730570e+02   3029292   1
       253   3.818320e+08  1.622110e+08  7.771050e+02   3041313   1
       254   1.590343e+08  1.623734e+08  7.811670e+02   3053334   1
       255   1.841351e+08  1.628631e+08  7.852920e+02   3065355   1
       256   1.520718e+08  1.630474e+08  7.894180e+02   3077376   1
       257   2.442809e+08  1.631402e+08  7.935580e+02   3089397   1
       258   2.326078e+08  1.632702e+08  7.976680e+02   3101418   1
       259   1.198260e+08  1.633749e+08  8.017620e+02   3113439   1
       260   2.694283e+08  1.634071e+08  8.058870e+02   3125460   1
       261   2.726212e+08  1.635882e+08  8.099660e+02   3137481   1
       262   1.635304e+08  1.636830e+08  8.141060e+02   3149502   1
       263   6.804985e+08  1.641843e+08  8.182480e+02   3161523   1
       264   1.661629e+08  1.642334e+08  8.223580e+02   3173544   1
       265   1.214473e+08  1.645009e+08  8.265450e+02   3185565   1
       266   3.214787e+08  1.645599e+08  8.307640e+02   3197586   1
       267   2.377508e+08  1.646391e+08  8.349520e+02   3209607   1
       268   2.235600e+08  1.647525e+08  8.390920e+02   3221628   1
       269   2.289724e+08  1.649524e+08  8.432960e+02   3233649   1
       270   3.656110e+08  1.650265e+08  8.475170e+02   3245670   1
       271   8.289351e+08  1.651584e+08  8.517670e+02   3257691   1
       272   5.129031e+08  1.653979e+08  8.560010e+02   3269712   1
       273   2.041326e+08  1.654774e+08  8.602520e+02   3281733   1
       274   3.529668e+08  1.656350e+08  8.644870e+02   3293754   1
       275   3.192221e+08  1.656543e+08  8.687680e+02   3305775   1
       276   1.911891e+08  1.657921e+08  8.730340e+02   3317796   1
       277   2.102209e+08  1.659291e+08  8.773160e+02   3329817   1
       278   3.092941e+08  1.659603e+08  8.815810e+02   3341838   1
       279   1.825481e+08  1.660763e+08  8.858150e+02   3353859   1
       280   3.171937e+08  1.661000e+08  8.901130e+02   3365880   1
       281   2.057016e+08  1.661727e+08  8.944100e+02   3377901   1
       282   1.443185e+08  1.663559e+08  8.986620e+02   3389922   1
       283   1.991276e+08  1.663606e+08  9.029440e+02   3401943   1
       284   3.170070e+08  1.664870e+08  9.072570e+02   3413964   1
       285   3.604870e+08  1.664963e+08  9.115380e+02   3425985   1
       286   3.195850e+08  1.666445e+08  9.158830e+02   3438006   1
       287   1.654514e+08  1.666933e+08  9.201960e+02   3450027   1
       288   5.051565e+08  1.667899e+08  9.245090e+02   3462048   1
       289   3.324350e+08  1.670365e+08  9.289000e+02   3474069   1
       290   2.377038e+08  1.670934e+08  9.333380e+02   3486090   1
       291   1.719636e+08  1.672395e+08  9.376690e+02   3498111   1
       292   1.516285e+08  1.673375e+08  9.420130e+02   3510132   1
       293   6.781789e+08  1.674558e+08  9.464200e+02   3522153   1
       294   2.622823e+08  1.674795e+08  9.508420e+02   3534174   1
       295   3.028734e+08  1.675685e+08  9.551860e+02   3546195   1
       296   4.353194e+08  1.677615e+08  9.595450e+02   3558216   1
       297   2.903296e+08  1.678257e+08  9.638730e+02   3570237   1
       298   1.852313e+08  1.680929e+08  9.682490e+02   3582258   1
       299   1.719543e+08  1.680929e+08  9.726400e+02   3594279   1
       300   1.405501e+08  1.681469e+08  9.769680e+02   3606300   1
       301   2.804579e+08  1.682015e+08  9.814240e+02   3618321   1
       302   2.128913e+08  1.684266e+08  9.858140e+02   3630342   1
       303   3.689365e+08  1.684941e+08  9.902670e+02   3642363   1
       304   2.683550e+08  1.686713e+08  9.947680e+02   3654384   1
       305   5.692956e+08  1.687003e+08  9.992060e+02   3666405   1
       306   1.849524e+08  1.687576e+08  1.003644e+03   3678426   1
       307   3.402364e+08  1.687716e+08  1.008191e+03   3690447   1
       308   5.554396e+08  1.688352e+08  1.012723e+03   3702468   1
       309   8.527631e+08  1.689164e+08  1.017208e+03   3714489   1
       310   2.738892e+08  1.689306e+08  1.021692e+03   3726510   1
       311   1.748372e+08  1.690050e+08  1.026115e+03   3738531   1
       312   4.689134e+08  1.690176e+08  1.030599e+03   3750552   1
       313   3.370980e+08  1.691799e+08  1.035162e+03   3762573   1
       314   1.607536e+08  1.691953e+08  1.039630e+03   3774594   1
       315   1.821697e+08  1.693193e+08  1.044177e+03   3786615   1
       316   4.437448e+08  1.694259e+08  1.048740e+03   3798636   1
       317   2.582379e+08  1.695272e+08  1.053335e+03   3810657   1
       318   1.750920e+08  1.696491e+08  1.057851e+03   3822678   1
       319   2.909459e+08  1.697305e+08  1.062382e+03   3834699   1
       320   1.618357e+08  1.697383e+08  1.066900e+03   3846720   1
       321   1.987341e+08  1.698122e+08  1.071463e+03   3858741   1
       322   3.323776e+08  1.698273e+08  1.076073e+03   3870762   1
       323   3.003218e+08  1.699491e+08  1.080635e+03   3882783   1
       324   2.296463e+08  1.701151e+08  1.085198e+03   3894804   1
       325   7.179833e+08  1.701517e+08  1.089745e+03   3906825   1
       326   2.940779e+08  1.702123e+08  1.094277e+03   3918846   1
       327   7.421011e+08  1.702183e+08  1.098886e+03   3930867   1
       328   2.173414e+08  1.702905e+08  1.103418e+03   3942888   1
       329   2.518050e+08  1.702921e+08  1.108043e+03   3954909   1
       330   3.833045e+08  1.703815e+08  1.112622e+03   3966930   1
       331   2.105208e+08  1.705094e+08  1.117215e+03   3978951   1
       332   2.017398e+08  1.705097e+08  1.121794e+03   3990972   1
       333   4.683308e+08  1.705769e+08  1.126388e+03   4002993   1
       334   2.688928e+08  1.706419e+08  1.130919e+03   4015014   1
       335   2.657821e+08  1.707253e+08  1.135497e+03   4027035   1
       336   1.687169e+08  1.709362e+08  1.140075e+03   4039056   1
       337   4.417889e+08  1.709785e+08  1.144733e+03   4051077   1
       338   2.868897e+08  1.710173e+08  1.149376e+03   4063098   1
       339   3.419940e+08  1.710657e+08  1.154110e+03   4075119   1
       340   1.763739e+08  1.711434e+08  1.158720e+03   4087140   1
       341   2.725007e+08  1.712027e+08  1.163392e+03   4099161   1
       342   5.239517e+08  1.712227e+08  1.168142e+03   4111182   1
       343   2.062827e+08  1.712368e+08  1.172830e+03   4123203   1
       344   1.297128e+08  1.712372e+08  1.177487e+03   4135224   1
       345   1.831796e+08  1.712852e+08  1.182175e+03   4147245   1
       346   3.788381e+08  1.712927e+08  1.186864e+03   4159266   1
       347   3.654342e+08  1.713378e+08  1.191599e+03   4171287   1
       348   4.869679e+08  1.716406e+08  1.196333e+03   4183308   1
       349   2.332777e+08  1.717405e+08  1.201084e+03   4195329   1
       350   1.329224e+08  1.717692e+08  1.205771e+03   4207350   1
       351   1.404172e+08  1.718181e+08  1.210459e+03   4219371   1
       352   1.907751e+08  1.718211e+08  1.215147e+03   4231392   1
       353   2.912436e+08  1.718889e+08  1.219912e+03   4243413   1
       354   3.131386e+08  1.720526e+08  1.224678e+03   4255434   1
       355   2.396071e+08  1.720582e+08  1.229460e+03   4267455   1
       356   2.234848e+08  1.721558e+08  1.234257e+03   4279476   1
       357   3.331330e+08  1.722705e+08  1.238928e+03   4291497   1
       358   3.015105e+08  1.723315e+08  1.243696e+03   4303518   1
       359   2.509230e+08  1.723656e+08  1.248430e+03   4315539   1
       360   4.295203e+08  1.724229e+08  1.253243e+03   4327560   1
       361   2.303757e+08  1.724330e+08  1.257993e+03   4339581   1
       362   2.908695e+08  1.724873e+08  1.262837e+03   4351602   1
       363   3.537569e+08  1.727059e+08  1.267681e+03   4363623   1
       364   1.444104e+08  1.727386e+08  1.272479e+03   4375644   1
       365   3.514706e+08  1.728109e+08  1.277432e+03   4387665   1
       366   1.585885e+08  1.728366e+08  1.282167e+03   4399686   1
       367   2.976097e+08  1.729051e+08  1.286933e+03   4411707   1
       368   2.172809e+08  1.730278e+08  1.291716e+03   4423728   1
       369   2.049002e+08  1.731359e+08  1.296404e+03   4435749   1
       370   2.267267e+08  1.731699e+08  1.301143e+03   4447770   1
       371   3.037250e+08  1.731865e+08  1.305968e+03   4459791   1
       372   2.330457e+08  1.732693e+08  1.310751e+03   4471812   1
       373   2.315099e+08  1.733186e+08  1.315533e+03   4483833   1
       374   3.227162e+08  1.734741e+08  1.320395e+03   4495854   1
       375   2.285064e+08  1.734851e+08  1.325176e+03   4507875   1
       376   3.936634e+08  1.735367e+08  1.329988e+03   4519896   1
       377   2.447053e+08  1.735727e+08  1.334817e+03   4531917   1
       378   2.886304e+08  1.736365e+08  1.339678e+03   4543938   1
       379   2.437188e+08  1.737028e+08  1.344506e+03   4555959   1
       380   3.538770e+08  1.737353e+08  1.349367e+03   4567980   1
       381   7.395086e+08  1.737894e+08  1.354180e+03   4580001   1
       382   3.263621e+08  1.738422e+08  1.358992e+03   4592022   1
       383   1.690630e+08  1.739322e+08  1.363758e+03   4604043   1
       384   6.314974e+08  1.740137e+08  1.368572e+03   4616064   1
       385   1.792590e+08  1.740176e+08  1.373353e+03   4628085   1
       386   1.563605e+08  1.740671e+08  1.378198e+03   4640106   1
       387   2.184476e+08  1.740672e+08  1.383058e+03   4652127   1
       388   2.290341e+08  1.741026e+08  1.387917e+03   4664148   1
       389   3.191937e+08  1.741864e+08  1.392826e+03   4676169   1
       390   2.473402e+08  1.742204e+08  1.397685e+03   4688190   1
       391   4.476577e+08  1.742265e+08  1.402560e+03   4700211   1
       392   5.605752e+08  1.744402e+08  1.407372e+03   4712232   1
       393   2.132278e+08  1.744935e+08  1.412278e+03   4724253   1
       394   2.419362e+08  1.744950e+08  1.417200e+03   4736274   1
       395   3.180155e+08  1.745589e+08  1.422091e+03   4748295   1
       396   3.268340e+08  1.745893e+08  1.426966e+03   4760316   1
       397   3.102301e+08  1.746133e+08  1.431935e+03   4772337   1
       398   2.669063e+08  1.748180e+08  1.436812e+03   4784358   1
       399   1.747145e+08  1.749028e+08  1.441719e+03   4796379   1
       400   1.603197e+08  1.749859e+08  1.446688e+03   4808400   1
       401   1.943597e+08  1.751911e+08  1.451594e+03   4820421   1
       402   4.110939e+08  1.752498e+08  1.456501e+03   4832442   1
       403   5.073251e+08  1.752634e+08  1.461423e+03   4844463   1
       404   1.611991e+08  1.752794e+08  1.466346e+03   4856484   1
       405   2.767589e+08  1.753615e+08  1.471378e+03   4868505   1
       406   3.250202e+08  1.754319e+08  1.476378e+03   4880526   1
       407   1.661929e+08  1.755637e+08  1.481378e+03   4892547   1
       408   2.326545e+08  1.756034e+08  1.486393e+03   4904568   1
       409   2.409543e+08  1.757356e+08  1.491380e+03   4916589   1
       410   3.708529e+08  1.757403e+08  1.496396e+03   4928610   1
       411   8.390949e+08  1.759273e+08  1.501396e+03   4940631   1
       412   3.264971e+08  1.760769e+08  1.506412e+03   4952652   1
       413   2.722345e+08  1.760982e+08  1.511476e+03   4964673   1
       414   2.231989e+08  1.761923e+08  1.516461e+03   4976694   1
       415   3.403442e+08  1.764298e+08  1.521461e+03   4988715   1
       416   2.272022e+08  1.764663e+08  1.526477e+03   5000736   1
       417   2.188332e+08  1.764944e+08  1.531539e+03   5012757   1
       418   2.842382e+08  1.765748e+08  1.536633e+03   5024778   1
       419   3.545397e+08  1.765857e+08  1.541711e+03   5036799   1
       420   4.018338e+08  1.767171e+08  1.546789e+03   5048820   1
       421   1.786706e+08  1.767890e+08  1.551836e+03   5060841   1
       422   2.992807e+08  1.769452e+08  1.556899e+03   5072862   1
       423   1.934453e+08  1.769587e+08  1.561915e+03   5084883   1
       424   2.856384e+08  1.770000e+08  1.567039e+03   5096904   1
       425   2.734721e+08  1.771082e+08  1.572165e+03   5108925   1
       426   2.505963e+08  1.771587e+08  1.577212e+03   5120946   1
       427   1.111123e+09  1.771742e+08  1.582275e+03   5132967   1
       428   2.399645e+08  1.773530e+08  1.587322e+03   5144988   1
       429   4.377922e+08  1.773557e+08  1.592448e+03   5157009   1
       430   2.555674e+08  1.774079e+08  1.597575e+03   5169030   1
       431   1.733949e+08  1.775407e+08  1.602685e+03   5181051   1
       432   5.662518e+08  1.776528e+08  1.607747e+03   5193072   1
       433   3.130510e+08  1.776744e+08  1.612903e+03   5205093   1
       434   1.939678e+08  1.777389e+08  1.617935e+03   5217114   1
       435   2.252470e+08  1.777423e+08  1.623075e+03   5229135   1
       436   2.187512e+08  1.778311e+08  1.628218e+03   5241156   1
       437   3.952700e+08  1.778313e+08  1.633452e+03   5253177   1
       438   3.545973e+08  1.778707e+08  1.638642e+03   5265198   1
       439   2.723716e+08  1.778984e+08  1.643847e+03   5277219   1
       440   2.224096e+08  1.779036e+08  1.649019e+03   5289240   1
       441   1.976458e+08  1.779238e+08  1.654177e+03   5301261   1
       442   2.177765e+08  1.780110e+08  1.659413e+03   5313282   1
       443   3.578204e+08  1.780678e+08  1.664649e+03   5325303   1
       444   2.321503e+08  1.781696e+08  1.669900e+03   5337324   1
       445   2.586638e+08  1.782344e+08  1.675183e+03   5349345   1
       446   2.126577e+08  1.782453e+08  1.680417e+03   5361366   1
       447   2.438241e+08  1.782917e+08  1.685700e+03   5373387   1
       448   1.636747e+08  1.783619e+08  1.690842e+03   5385408   1
       449   1.487120e+08  1.784664e+08  1.696029e+03   5397429   1
       450   2.945513e+08  1.785329e+08  1.701342e+03   5409450   1
       451   1.561127e+08  1.786941e+08  1.706498e+03   5421471   1
       452   4.827672e+08  1.787188e+08  1.711750e+03   5433492   1
       453   5.782940e+08  1.788862e+08  1.717016e+03   5445513   1
       454   1.903685e+08  1.789244e+08  1.722235e+03   5457534   1
       455   1.378646e+08  1.791375e+08  1.727516e+03   5469555   1
       456   4.405712e+08  1.791411e+08  1.732844e+03   5481576   1
       457   1.317477e+08  1.792044e+08  1.738125e+03   5493597   1
       458   4.062706e+08  1.792116e+08  1.743440e+03   5505618   1
       459   3.199900e+08  1.792775e+08  1.748799e+03   5517639   1
       460   2.237356e+08  1.792815e+08  1.754096e+03   5529660   1
       461   5.869836e+08  1.793559e+08  1.759471e+03   5541681   1
       462   2.911118e+08  1.793576e+08  1.764847e+03   5553702   1
       463   2.341316e+08  1.794633e+08  1.770206e+03   5565723   1
       464   1.302747e+08  1.794639e+08  1.775535e+03   5577744   1
       465   1.379290e+08  1.795237e+08  1.780864e+03   5589765   1
       466   3.017763e+08  1.795471e+08  1.786209e+03   5601786   1
       467   4.494943e+08  1.795491e+08  1.791678e+03   5613807   1
       468   2.063962e+08  1.796128e+08  1.797100e+03   5625828   1
       469   3.260156e+08  1.796925e+08  1.802445e+03   5637849   1
       470   3.311995e+08  1.797053e+08  1.807882e+03   5649870   1
       471   2.142887e+08  1.797921e+08  1.813337e+03   5661891   1
       472   6.161864e+08  1.797931e+08  1.818729e+03   5673912   1
       473   2.209572e+08  1.798551e+08  1.824166e+03   5685933   1
       474   4.991490e+08  1.798820e+08  1.829620e+03   5697954   1
       475   8.112403e+08  1.798865e+08  1.835042e+03   5709975   1
       476   6.530987e+08  1.799641e+08  1.840621e+03   5721996   1
       477   4.376562e+08  1.799649e+08  1.845995e+03   5734017   1
       478   2.560250e+08  1.799903e+08  1.851417e+03   5746038   1
       479   2.424999e+08  1.800775e+08  1.856901e+03   5758059   1
       480   4.295268e+08  1.800781e+08  1.862419e+03   5770080   1
       481   1.596839e+08  1.801281e+08  1.867888e+03   5782101   1
       482   5.067608e+08  1.801404e+08  1.873309e+03   5794122   1
       483   3.017071e+08  1.801404e+08  1.878763e+03   5806143   1
       484   4.392711e+08  1.801551e+08  1.884263e+03   5818164   1
       485   4.170190e+08  1.802207e+08  1.889827e+03   5830185   1
       486   1.728468e+08  1.802487e+08  1.895342e+03   5842206   1
       487   3.222977e+08  1.803346e+08  1.900819e+03   5854227   1
       488   2.719590e+08  1.803355e+08  1.906328e+03   5866248   1
       489   1.500521e+08  1.805202e+08  1.911922e+03   5878269   1
       490   1.536177e+08  1.805428e+08  1.917443e+03   5890290   1
       491   1.955525e+08  1.805548e+08  1.923033e+03   5902311   1
       492   2.328523e+08  1.805977e+08  1.928613e+03   5914332   1
       493   1.414449e+08  1.806164e+08  1.934050e+03   5926353   1
       494   1.880422e+08  1.807205e+08  1.939614e+03   5938374   1
       495   3.989385e+08  1.807211e+08  1.945225e+03   5950395   1
       496   2.936715e+08  1.808465e+08  1.950756e+03   5962416   1
       497   2.104755e+08  1.809095e+08  1.956381e+03   5974437   1
       498   1.982722e+08  1.809255e+08  1.961865e+03   5986458   1
       499   3.029164e+08  1.809880e+08  1.967428e+03   5998479   1
       500   2.042252e+08  1.810083e+08  1.973053e+03   6010500   1
       501   2.843370e+08  1.810513e+08  1.978650e+03   6022521   1
       502   1.916403e+08  1.810643e+08  1.984260e+03   6034542   1
       503   1.365857e+08  1.811518e+08  1.989744e+03   6046563   1
       504   4.470632e+08  1.811947e+08  1.995417e+03   6058584   1
       505   2.480153e+08  1.812576e+08  2.001074e+03   6070605   1
       506   3.956744e+08  1.812664e+08  2.006699e+03   6082626   1
       507   3.022890e+08  1.813104e+08  2.012324e+03   6094647   1
       508   3.520831e+08  1.813915e+08  2.017965e+03   6106668   1
       509   3.584856e+08  1.814282e+08  2.023623e+03   6118689   1
       510   1.738434e+08  1.814811e+08  2.029248e+03   6130710   1
       511   1.472474e+08  1.815243e+08  2.034951e+03   6142731   1
       512   1.959701e+08  1.815343e+08  2.040592e+03   6154752   1
       513   2.747600e+08  1.815768e+08  2.046265e+03   6166773   1
       514   1.424752e+08  1.816026e+08  2.051986e+03   6178794   1
       515   5.037459e+08  1.816451e+08  2.057721e+03   6190815   1
       516   2.066147e+08  1.816528e+08  2.063472e+03   6202836   1
       517   2.207476e+08  1.817112e+08  2.069224e+03   6214857   1
       518   2.150378e+08  1.818241e+08  2.075006e+03   6226878   1
       519   2.602178e+08  1.818727e+08  2.080726e+03   6238899   1
       520   1.748314e+08  1.819568e+08  2.086476e+03   6250920   1
       521   1.681627e+08  1.820240e+08  2.092304e+03   6262941   1
       522   4.125356e+08  1.820887e+08  2.098071e+03   6274962   1
       523   2.839558e+08  1.821136e+08  2.103914e+03   6286983   1
       524   3.278695e+08  1.821610e+08  2.109634e+03   6299004   1
       525   1.665937e+08  1.822184e+08  2.115368e+03   6311025   1
       526   3.650879e+08  1.822430e+08  2.121181e+03   6323046   1
       527   2.455177e+08  1.822835e+08  2.126932e+03   6335067   1
       528   2.271587e+08  1.823386e+08  2.132666e+03   6347088   1
       529   5.046648e+08  1.823679e+08  2.138543e+03   6359109   1
       530   3.458435e+08  1.824345e+08  2.144340e+03   6371130   1
       531   1.808804e+08  1.825048e+08  2.150074e+03   6383151   1
       532   3.323530e+08  1.826306e+08  2.155933e+03   6395172   1
       533   3.854274e+08  1.826878e+08  2.161793e+03   6407193   1
       534   2.707520e+08  1.826912e+08  2.167638e+03   6419214   1
       535   2.274905e+08  1.827532e+08  2.173544e+03   6431235   1
       536   4.512940e+08  1.827848e+08  2.179420e+03   6443256   1
       537   2.756248e+08  1.828782e+08  2.185266e+03   6455277   1
       538   3.292840e+08  1.829124e+08  2.191172e+03   6467298   1
       539   4.754945e+08  1.829942e+08  2.197047e+03   6479319   1
       540   1.676132e+08  1.829950e+08  2.202922e+03   6491340   1
       541   2.617564e+08  1.830607e+08  2.208797e+03   6503361   1
       542   2.437677e+08  1.831162e+08  2.214720e+03   6515382   1
       543   1.316346e+08  1.832276e+08  2.220610e+03   6527403   1
       544   1.829133e+08  1.832605e+08  2.226438e+03   6539424   1
       545   2.126219e+08  1.833130e+08  2.232407e+03   6551445   1
       546   1.846018e+08  1.833820e+08  2.238392e+03   6563466   1
       547   1.974884e+08  1.834504e+08  2.244283e+03   6575487   1
       548   6.723400e+08  1.835138e+08  2.250223e+03   6587508   1
       549   2.282062e+08  1.835726e+08  2.256222e+03   6599529   1
       550   2.786077e+08  1.835755e+08  2.262238e+03   6611550   1
       551   1.171347e+08  1.836087e+08  2.268176e+03   6623571   1
       552   3.041330e+08  1.836606e+08  2.274145e+03   6635592   1
       553   2.761176e+08  1.836929e+08  2.280098e+03   6647613   1
       554   2.281346e+08  1.838949e+08  2.286115e+03   6659634   1
       555   3.686410e+08  1.839558e+08  2.292146e+03   6671655   1
       556   2.737204e+08  1.840032e+08  2.298162e+03   6683676   1
       557   2.286497e+08  1.840473e+08  2.304209e+03   6695697   1
       558   3.222878e+08  1.841033e+08  2.310256e+03   6707718   1
       559   1.669798e+08  1.841354e+08  2.316257e+03   6719739   1
       560   1.372619e+08  1.841374e+08  2.322116e+03   6731760   1
       561   3.948517e+08  1.841796e+08  2.328226e+03   6743781   1
       562   1.677682e+08  1.841797e+08  2.334179e+03   6755802   1
       563   4.248102e+08  1.842385e+08  2.340305e+03   6767823   1
       564   2.707648e+08  1.843123e+08  2.346385e+03   6779844   1
       565   3.309799e+08  1.843324e+08  2.352432e+03   6791865   1
       566   1.541182e+08  1.844491e+08  2.358542e+03   6803886   1
       567   3.946237e+08  1.845252e+08  2.364589e+03   6815907   1
       568   3.097866e+08  1.845579e+08  2.370715e+03   6827928   1
       569   2.601688e+08  1.846481e+08  2.376810e+03   6839949   1
       570   1.317655e+08  1.846933e+08  2.382904e+03   6851970   1
       571   2.394633e+08  1.847429e+08  2.388997e+03   6863991   1
       572   1.920040e+08  1.847960e+08  2.395122e+03   6876012   1
       573   1.639011e+08  1.848832e+08  2.401169e+03   6888033   1
       574   3.015838e+08  1.849037e+08  2.407217e+03   6900054   1
       575   4.389052e+08  1.849644e+08  2.413406e+03   6912075   1
       576   1.197804e+08  1.850071e+08  2.419486e+03   6924096   1
       577   3.375827e+08  1.850505e+08  2.425610e+03   6936117   1
       578   3.542056e+08  1.851418e+08  2.431705e+03   6948138   1
       579   2.076947e+08  1.851537e+08  2.437846e+03   6960159   1
       580   1.859770e+08  1.852724e+08  2.443971e+03   6972180   1
       581   1.781029e+08  1.853103e+08  2.450191e+03   6984201   1
       582   2.199694e+08  1.853461e+08  2.456457e+03   6996222   1
       583   1.819421e+08  1.853585e+08  2.462660e+03   7008243   1
       584   9.833587e+08  1.854195e+08  2.468896e+03   7020264   1
       585   1.551161e+08  1.854569e+08  2.475099e+03   7032285   1
       586   4.232511e+08  1.854858e+08  2.481336e+03   7044306   1
       587   4.881625e+08  1.855245e+08  2.487523e+03   7056327   1
       588   2.047840e+08  1.855349e+08  2.493868e+03   7068348   1
       589   2.798264e+08  1.855713e+08  2.500165e+03   7080369   1
       590   3.818667e+08  1.856136e+08  2.506368e+03   7092390   1
       591   4.588121e+08  1.856295e+08  2.512664e+03   7104411   1
       592   2.047226e+08  1.856738e+08  2.518963e+03   7116432   1
       593   2.489501e+08  1.856903e+08  2.525197e+03   7128453   1
       594   1.456018e+08  1.857219e+08  2.531480e+03   7140474   1
       595   3.587479e+08  1.857582e+08  2.537699e+03   7152495   1
       596   2.580586e+08  1.857847e+08  2.543981e+03   7164516   1
       597   2.434036e+08  1.857971e+08  2.550341e+03   7176537   1
       598   2.872904e+08  1.858322e+08  2.556685e+03   7188558   1
       599   3.095236e+08  1.859162e+08  2.563028e+03   7200579   1
       600   2.249659e+08  1.859895e+08  2.569295e+03   7212600   1
       601   3.740999e+08  1.860483e+08  2.575514e+03   7224621   1
       602   1.788538e+08  1.861175e+08  2.581827e+03   7236642   1
       603   2.444286e+08  1.861421e+08  2.588155e+03   7248663   1
       604   3.138755e+08  1.861549e+08  2.594421e+03   7260684   1
       605   1.460408e+08  1.861881e+08  2.600874e+03   7272705   1
       606   2.549167e+08  1.862228e+08  2.607297e+03   7284726   1
       607   1.626144e+08  1.862524e+08  2.613656e+03   7296747   1
       608   1.810509e+08  1.863056e+08  2.620047e+03   7308768   1
       609   2.462236e+08  1.863752e+08  2.626423e+03   7320789   1
       610   1.465392e+08  1.863916e+08  2.632658e+03   7332810   1
       611   1.390104e+08  1.864207e+08  2.638862e+03   7344831   1
       612   2.290166e+08  1.864754e+08  2.645284e+03   7356852   1
       613   3.457819e+08  1.865246e+08  2.651706e+03   7368873   1
       614   1.474657e+08  1.865959e+08  2.658175e+03   7380894   1
       615   3.785303e+08  1.866223e+08  2.664629e+03   7392915   1
       616   3.057525e+08  1.866527e+08  2.671052e+03   7404936   1
       617   2.168496e+08  1.866686e+08  2.677459e+03   7416957   1
       618   1.956910e+08  1.867271e+08  2.683868e+03   7428978   1
       619   2.438386e+08  1.867421e+08  2.690242e+03   7440999   1
       620   2.994398e+08  1.867818e+08  2.696604e+03   7453020   1
       621   2.034088e+08  1.868076e+08  2.703057e+03   7465041   1
       622   3.118364e+08  1.868906e+08  2.709434e+03   7477062   1
       623   3.969950e+08  1.869222e+08  2.715952e+03   7489083   1
       624   1.635651e+08  1.869410e+08  2.722422e+03   7501104   1
       625   1.597179e+08  1.869806e+08  2.728767e+03   7513125   1
       626   5.581744e+08  1.870093e+08  2.735268e+03   7525146   1
       627   7.165806e+08  1.870358e+08  2.741705e+03   7537167   1
       628   4.417166e+08  1.870655e+08  2.748160e+03   7549188   1
       629   2.447456e+08  1.871190e+08  2.754660e+03   7561209   1
       630   2.592181e+08  1.871476e+08  2.761144e+03   7573230   1
       631   1.453761e+08  1.871867e+08  2.767582e+03   7585251   1
       632   1.840059e+08  1.872538e+08  2.774069e+03   7597272   1
       633   4.405121e+08  1.872580e+08  2.780522e+03   7609293   1
       634   1.697195e+08  1.872693e+08  2.787022e+03   7621314   1
       635   3.981202e+08  1.873917e+08  2.793601e+03   7633335   1
       636   9.511490e+08  1.874347e+08  2.800023e+03   7645356   1
       637   2.650121e+08  1.874661e+08  2.806601e+03   7657377   1
       638   5.301174e+08  1.875483e+08  2.813163e+03   7669398   1
       639   1.546363e+08  1.875859e+08  2.819679e+03   7681419   1
       640   2.944644e+08  1.875923e+08  2.826163e+03   7693440   1
       641   4.077304e+08  1.876115e+08  2.832773e+03   7705461   1
       642   7.360596e+08  1.876307e+08  2.839321e+03   7717482   1
       643   2.752470e+08  1.876623e+08  2.845806e+03   7729503   1
       644   2.159787e+08  1.877013e+08  2.852448e+03   7741524   1
       645   2.086517e+08  1.877865e+08  2.858982e+03   7753545   1
       646   2.519830e+08  1.877947e+08  2.865624e+03   7765566   1
       647   1.967008e+08  1.878451e+08  2.872155e+03   7777587   1
       648   3.855479e+08  1.878481e+08  2.878765e+03   7789608   1
       649   3.170697e+08  1.879227e+08  2.885359e+03   7801629   1
       650   1.593282e+08  1.879245e+08  2.891969e+03   7813650   1
       651   4.404927e+08  1.879460e+08  2.898516e+03   7825671   1
       652   3.504465e+08  1.880148e+08  2.905267e+03   7837692   1
       653   4.913667e+08  1.880397e+08  2.912017e+03   7849713   1
       654   5.602206e+08  1.880828e+08  2.918708e+03   7861734   1
       655   4.297769e+08  1.880980e+08  2.925380e+03   7873755   1
       656   6.689708e+08  1.881077e+08  2.932051e+03   7885776   1
       657   4.253058e+08  1.881323e+08  2.938724e+03   7897797   1
       658   2.613361e+08  1.881650e+08  2.945412e+03   7909818   1
       659   1.423618e+08  1.882198e+08  2.952053e+03   7921839   1
       660   2.157430e+08  1.882398e+08  2.958803e+03   7933860   1
       661   1.330134e+08  1.882626e+08  2.965350e+03   7945881   1
       662   1.570043e+08  1.882867e+08  2.972006e+03   7957902   1
       663   2.304851e+08  1.883169e+08  2.978757e+03   7969923   1
       664   2.436448e+08  1.883273e+08  2.985398e+03   7981944   1
       665   2.884594e+08  1.883853e+08  2.992102e+03   7993965   1
       666   3.393339e+08  1.884278e+08  2.998774e+03   8005986   1
       667   4.064880e+08  1.884523e+08  3.005508e+03   8018007   1
       668   1.812352e+08  1.885772e+08  3.012135e+03   8030028   1
       669   1.841785e+08  1.886103e+08  3.018901e+03   8042049   1
       670   4.481963e+08  1.886416e+08  3.025590e+03   8054070   1
       671   1.504136e+08  1.886947e+08  3.032324e+03   8066091   1
       672   5.434811e+08  1.887449e+08  3.039074e+03   8078112   1
       673   3.893897e+08  1.887552e+08  3.045887e+03   8090133   1
       674   5.975055e+08  1.887780e+08  3.052590e+03   8102154   1
       675   3.990448e+08  1.888101e+08  3.059481e+03   8114175   1
       676   2.141131e+08  1.888523e+08  3.066263e+03   8126196   1
       677   2.073491e+08  1.888892e+08  3.072936e+03   8138217   1
       678   1.775379e+08  1.889289e+08  3.079654e+03   8150238   1
       679   2.364413e+08  1.889858e+08  3.086452e+03   8162259   1
       680   3.033830e+08  1.889911e+08  3.093328e+03   8174280   1
       681   2.183245e+08  1.890140e+08  3.100125e+03   8186301   1
       682   2.789304e+08  1.890199e+08  3.106813e+03   8198322   1
       683   1.646176e+08  1.890915e+08  3.113610e+03   8210343   1
       684   1.997064e+08  1.891284e+08  3.120391e+03   8222364   1
       685   1.389377e+08  1.891930e+08  3.127235e+03   8234385   1
       686   1.823983e+08  1.891986e+08  3.134078e+03   8246406   1
       687   4.227962e+08  1.892520e+08  3.140860e+03   8258427   1
       688   3.152085e+08  1.892578e+08  3.147705e+03   8270448   1
       689   1.378002e+08  1.893758e+08  3.154598e+03   8282469   1
       690   2.803123e+08  1.893792e+08  3.161441e+03   8294490   1
       691   3.740157e+08  1.894290e+08  3.168395e+03   8306511   1
       692   1.507606e+08  1.894291e+08  3.175192e+03   8318532   1
       693   4.518706e+08  1.894765e+08  3.182098e+03   8330553   1
       694   1.864780e+08  1.895951e+08  3.188926e+03   8342574   1
       695   2.627050e+08  1.896050e+08  3.195880e+03   8354595   1
       696   1.908581e+08  1.896444e+08  3.202865e+03   8366616   1
       697   1.901627e+08  1.896802e+08  3.209834e+03   8378637   1
       698   4.303680e+08  1.897051e+08  3.216709e+03   8390658   1
       699   1.470263e+08  1.897353e+08  3.223600e+03   8402679   1
       700   2.171589e+08  1.897864e+08  3.230537e+03   8414700   1
       701   1.714611e+08  1.898086e+08  3.237444e+03   8426721   1
       702   5.198292e+08  1.898589e+08  3.244382e+03   8438742   1
       703   2.735717e+08  1.899461e+08  3.251321e+03   8450763   1
       704   2.892757e+08  1.899641e+08  3.258276e+03   8462784   1
       705   5.928903e+08  1.900222e+08  3.265261e+03   8474805   1
       706   2.455042e+08  1.900521e+08  3.272277e+03   8486826   1
       707   4.518678e+08  1.900685e+08  3.279278e+03   8498847   1
       708   1.853431e+08  1.901702e+08  3.286280e+03   8510868   1
       709   1.820598e+08  1.902040e+08  3.293376e+03   8522889   1
       710   1.405499e+08  1.902266e+08  3.300190e+03   8534910   1
       711   5.121621e+08  1.902753e+08  3.307144e+03   8546931   1
       712   2.253477e+08  1.902833e+08  3.314160e+03   8558952   1
       713   3.691533e+08  1.903992e+08  3.321285e+03   8570973   1
       714   2.599250e+08  1.904546e+08  3.328285e+03   8582994   1
       715   4.863119e+08  1.904926e+08  3.335366e+03   8595015   1
       716   2.178597e+08  1.905812e+08  3.342366e+03   8607036   1
       717   4.797272e+08  1.905892e+08  3.349303e+03   8619057   1
       718   4.867847e+08  1.905976e+08  3.356398e+03   8631078   1
       719   2.052658e+08  1.906041e+08  3.363413e+03   8643099   1
       720   4.381724e+08  1.906169e+08  3.370447e+03   8655120   1
       721   2.298569e+08  1.906941e+08  3.377589e+03   8667141   1
       722   1.833092e+08  1.907464e+08  3.384667e+03   8679162   1
       723   2.048119e+08  1.907897e+08  3.391763e+03   8691183   1
       724   1.584612e+08  1.908669e+08  3.398795e+03   8703204   1
       725   3.490462e+08  1.909023e+08  3.405857e+03   8715225   1
       726   1.870379e+08  1.909105e+08  3.412889e+03   8727246   1
       727   1.948442e+08  1.909780e+08  3.419969e+03   8739267   1
       728   2.387917e+08  1.910304e+08  3.427126e+03   8751288   1
       729   5.555896e+08  1.910373e+08  3.433942e+03   8763309   1
       730   4.972403e+08  1.910766e+08  3.441051e+03   8775330   1
       731   3.732600e+08  1.912218e+08  3.448161e+03   8787351   1
       732   2.859457e+08  1.912824e+08  3.455271e+03   8799372   1
       733   2.224222e+08  1.913043e+08  3.462491e+03   8811393   1
       734   2.170123e+08  1.913470e+08  3.469711e+03   8823414   1
       735   2.155272e+08  1.913588e+08  3.476898e+03   8835435   1
       736   6.911972e+08  1.913970e+08  3.484023e+03   8847456   1
       737   2.672667e+08  1.914589e+08  3.491136e+03   8859477   1
       738   1.152718e+08  1.915570e+08  3.498230e+03   8871498   1
       739   2.704437e+08  1.916178e+08  3.505327e+03   8883519   1
       740   2.520396e+08  1.917420e+08  3.512592e+03   8895540   1
       741   2.951694e+08  1.917642e+08  3.519827e+03   8907561   1
       742   2.109610e+08  1.918059e+08  3.527093e+03   8919582   1
       743   3.633913e+08  1.918493e+08  3.534265e+03   8931603   1
       744   4.393963e+08  1.918796e+08  3.541640e+03   8943624   1
       745   2.346502e+08  1.918802e+08  3.548811e+03   8955645   1
       746   7.335424e+08  1.919489e+08  3.555967e+03   8967666   1
       747   2.190563e+08  1.919499e+08  3.563189e+03   8979687   1
       748   1.121962e+08  1.919543e+08  3.570268e+03   8991708   1
       749   4.070060e+08  1.919554e+08  3.577409e+03   9003729   1
       750   3.602145e+08  1.920090e+08  3.584664e+03   9015750   1
       751   1.970226e+08  1.920463e+08  3.591880e+03   9027771   1
       752   3.707403e+08  1.921573e+08  3.599194e+03   9039792   1
       753   3.212745e+08  1.921852e+08  3.606397e+03   9051813   1
       754   3.170320e+08  1.922780e+08  3.613757e+03   9063834   1
       755   1.754339e+08  1.922983e+08  3.621072e+03   9075855   1
       756   1.587711e+08  1.923167e+08  3.628385e+03   9087876   1
       757   2.314579e+08  1.923315e+08  3.635725e+03   9099897   1
       758   2.754096e+08  1.923388e+08  3.643169e+03   9111918   1
       759   2.142539e+08  1.923749e+08  3.650544e+03   9123939   1
       760   5.165258e+08  1.924107e+08  3.657763e+03   9135960   1
       761   3.216980e+08  1.924206e+08  3.665155e+03   9147981   1
       762   2.029273e+08  1.924456e+08  3.672483e+03   9160002   1
       763   2.231567e+08  1.924526e+08  3.679764e+03   9172023   1
       764   1.617980e+08  1.924984e+08  3.687140e+03   9184044   1
       765   3.044637e+08  1.925128e+08  3.694579e+03   9196065   1
       766   3.320671e+08  1.925429e+08  3.701891e+03   9208086   1
       767   2.995085e+08  1.925919e+08  3.709235e+03   9220107   1
       768   4.830417e+08  1.926130e+08  3.716688e+03   9232128   1
       769   3.853969e+08  1.926216e+08  3.723937e+03   9244149   1
       770   4.201861e+08  1.926341e+08  3.731377e+03   9256170   1
       771   2.480843e+08  1.926406e+08  3.738736e+03   9268191   1
       772   1.838174e+08  1.926794e+08  3.746111e+03   9280212   1
       773   2.319574e+08  1.927171e+08  3.753549e+03   9292233   1
       774   4.719406e+08  1.927476e+08  3.760988e+03   9304254   1
       775   3.115644e+08  1.927802e+08  3.768333e+03   9316275   1
       776   1.454856e+08  1.927979e+08  3.775755e+03   9328296   1
       777   3.839598e+08  1.928457e+08  3.783178e+03   9340317   1
       778   4.354073e+08  1.928681e+08  3.790569e+03   9352338   1
       779   1.867648e+08  1.928804e+08  3.798116e+03   9364359   1
       780   6.597588e+08  1.928943e+08  3.805696e+03   9376380   1
       781   3.261786e+08  1.929130e+08  3.813258e+03   9388401   1
       782   4.969368e+08  1.929594e+08  3.820743e+03   9400422   1
       783   4.090075e+08  1.929770e+08  3.828289e+03   9412443   1
       784   2.309328e+08  1.930020e+08  3.835869e+03   9424464   1
       785   1.451584e+08  1.930417e+08  3.843199e+03   9436485   1
       786   1.926617e+08  1.930447e+08  3.850714e+03   9448506   1
       787   1.872110e+08  1.930877e+08  3.858185e+03   9460527   1
       788   2.853601e+08  1.931083e+08  3.865701e+03   9472548   1
       789   2.943893e+08  1.931485e+08  3.873311e+03   9484569   1
       790   2.441800e+08  1.932024e+08  3.880889e+03   9496590   1
       791   1.910570e+08  1.932082e+08  3.888452e+03   9508611   1
       792   1.339967e+08  1.932339e+08  3.895999e+03   9520632   1
       793   3.613976e+08  1.932634e+08  3.903609e+03   9532653   1
       794   2.612172e+08  1.933360e+08  3.911140e+03   9544674   1
       795   2.578551e+08  1.933489e+08  3.918656e+03   9556695   1
       796   2.510986e+08  1.933538e+08  3.926188e+03   9568716   1
       797   1.370497e+08  1.933810e+08  3.933798e+03   9580737   1
       798   1.916222e+08  1.934120e+08  3.941268e+03   9592758   1
       799   2.502173e+08  1.934251e+08  3.949082e+03   9604779   1
       800   1.544415e+08  1.934256e+08  3.956582e+03   9616800   1
       801   1.927355e+08  1.934902e+08  3.964067e+03   9628821   1
       802   5.526332e+08  1.935514e+08  3.971677e+03   9640842   1
       803   3.498580e+08  1.935618e+08  3.979303e+03   9652863   1
       804   1.428005e+08  1.935873e+08  3.986835e+03   9664884   1
       805   1.403677e+08  1.936315e+08  3.994554e+03   9676905   1
       806   4.181593e+08  1.936497e+08  4.002350e+03   9688926   1
       807   1.611356e+08  1.936788e+08  4.010070e+03   9700947   1
       808   3.775483e+08  1.937076e+08  4.018009e+03   9712968   1
       809   1.818627e+08  1.937308e+08  4.025806e+03   9724989   1
       810   4.903751e+08  1.937326e+08  4.033542e+03   9737010   1
       811   1.839008e+08  1.937458e+08  4.041449e+03   9749031   1
       812   2.652881e+08  1.937661e+08  4.049402e+03   9761052   1
       813   2.776111e+08  1.938573e+08  4.057357e+03   9773073   1
       814   2.382559e+08  1.938932e+08  4.065170e+03   9785094   1
       815   2.014725e+08  1.939369e+08  4.073138e+03   9797115   1
       816   1.472499e+08  1.939708e+08  4.081124e+03   9809136   1
       817   2.526338e+08  1.940081e+08  4.088954e+03   9821157   1
       818   1.858800e+08  1.940257e+08  4.096688e+03   9833178   1
       819   4.728525e+08  1.940630e+08  4.104641e+03   9845199   1
       820   2.616597e+08  1.940785e+08  4.112610e+03   9857220   1
       821   2.473044e+08  1.940847e+08  4.120578e+03   9869241   1
       822   1.529620e+08  1.941181e+08  4.128516e+03   9881262   1
       823   1.512085e+08  1.941481e+08  4.136376e+03   9893283   1
       824   2.524286e+08  1.941642e+08  4.144532e+03   9905304   1
       825   1.896392e+08  1.942044e+08  4.152565e+03   9917325   1
       826   4.123928e+08  1.942221e+08  4.160533e+03   9929346   1
       827   1.862585e+08  1.943042e+08  4.168598e+03   9941367   1
       828   2.910209e+08  1.943245e+08  4.176551e+03   9953388   1
       829   5.435717e+08  1.943513e+08  4.184442e+03   9965409   1
       830   2.277248e+08  1.943597e+08  4.192428e+03   9977430   1
       831   2.675728e+08  1.943949e+08  4.200538e+03   9989451   1
       832   2.141904e+08  1.944389e+08  4.208679e+03  10001472   1
       833   1.702948e+08  1.944496e+08  4.216727e+03  10013493   1
       834   2.191430e+08  1.944600e+08  4.224729e+03  10025514   1
       835   2.300801e+08  1.944935e+08  4.232807e+03  10037535   1
       836   1.781530e+08  1.945344e+08  4.240994e+03  10049556   1
       837   3.253693e+08  1.945906e+08  4.249135e+03  10061577   1
       838   2.326334e+08  1.946280e+08  4.257170e+03  10073598   1
       839   4.092245e+08  1.946379e+08  4.265155e+03  10085619   1
       840   1.823571e+08  1.946655e+08  4.273155e+03  10097640   1
       841   2.568537e+08  1.946967e+08  4.281343e+03  10109661   1
       842   1.983709e+08  1.947031e+08  4.289627e+03  10121682   1
       843   2.320606e+08  1.947243e+08  4.297752e+03  10133703   1
       844   1.506032e+08  1.947360e+08  4.305988e+03  10145724   1
       845   1.692604e+08  1.947461e+08  4.314193e+03  10157745   1
       846   1.893901e+08  1.947801e+08  4.322474e+03  10169766   1
       847   1.688285e+08  1.948515e+08  4.330693e+03  10181787   1
       848   9.632122e+08  1.948839e+08  4.338974e+03  10193808   1
       849   1.966433e+08  1.948917e+08  4.347146e+03  10205829   1
       850   3.805688e+08  1.948988e+08  4.355397e+03  10217850   1
       851   1.992296e+08  1.949166e+08  4.363647e+03  10229871   1
       852   3.117107e+08  1.949267e+08  4.371712e+03  10241892   1
       853   1.942075e+08  1.949441e+08  4.379886e+03  10253913   1
       854   2.180703e+08  1.949452e+08  4.388247e+03  10265934   1
       855   4.467514e+08  1.949601e+08  4.396483e+03  10277955   1
       856   4.947657e+08  1.949892e+08  4.404608e+03  10289976   1
       857   1.836753e+08  1.949904e+08  4.412858e+03  10301997   1
       858   2.654498e+08  1.950355e+08  4.421219e+03  10314018   1
       859   1.788242e+08  1.950688e+08  4.429659e+03  10326039   1
       860   4.664509e+08  1.950698e+08  4.438018e+03  10338060   1
       861   4.619464e+08  1.950895e+08  4.446460e+03  10350081   1
       862   5.621682e+08  1.951661e+08  4.454697e+03  10362102   1
       863   1.948062e+08  1.951662e+08  4.463011e+03  10374123   1
       864   3.512345e+08  1.952404e+08  4.471307e+03  10386144   1
       865   2.473069e+08  1.952931e+08  4.479699e+03  10398165   1
       866   5.473771e+08  1.953148e+08  4.488121e+03  10410186   1
       867   1.490873e+08  1.953763e+08  4.496496e+03  10422207   1
       868   2.385140e+08  1.954797e+08  4.504826e+03  10434228   1
       869   1.893582e+08  1.955029e+08  4.513248e+03  10446249   1
       870   1.590078e+08  1.955270e+08  4.521530e+03  10458270   1
       871   2.536804e+08  1.955708e+08  4.530094e+03  10470291   1
       872   1.426318e+08  1.956252e+08  4.538485e+03  10482312   1
       873   2.086173e+08  1.956389e+08  4.546877e+03  10494333   1
       874   1.120274e+08  1.956546e+08  4.555207e+03  10506354   1
       875   1.902034e+08  1.957469e+08  4.563614e+03  10518375   1
       876   2.358336e+08  1.957701e+08  4.572037e+03  10530396   1
       877   3.066043e+08  1.957890e+08  4.580397e+03  10542417   1
       878   2.872052e+08  1.958198e+08  4.588788e+03  10554438   1
       879   2.405225e+08  1.958783e+08  4.597133e+03  10566459   1
       880   2.071000e+08  1.959029e+08  4.605666e+03  10578480   1
       881   2.044822e+08  1.959514e+08  4.614261e+03  10590501   1
       882   1.587748e+08  1.960173e+08  4.622777e+03  10602522   1
       883   2.143001e+08  1.960469e+08  4.631323e+03  10614543   1
       884   3.333203e+08  1.960640e+08  4.639730e+03  10626564   1
       885   3.705520e+08  1.961171e+08  4.648293e+03  10638585   1
       886   1.989606e+08  1.961569e+08  4.656919e+03  10650606   1
       887   2.676022e+08  1.961809e+08  4.665513e+03  10662627   1
       888   2.039830e+08  1.962233e+08  4.673967e+03  10674648   1
       889   1.722860e+08  1.963035e+08  4.682579e+03  10686669   1
       890   2.796268e+08  1.963282e+08  4.691157e+03  10698690   1
       891   5.889506e+08  1.963519e+08  4.699704e+03  10710711   1
       892   1.686819e+08  1.963818e+08  4.708235e+03  10722732   1
       893   1.421630e+08  1.964050e+08  4.716736e+03  10734753   1
       894   1.602517e+08  1.964904e+08  4.725237e+03  10746774   1
       895   2.763173e+08  1.965239e+08  4.733849e+03  10758795   1
       896   2.530268e+08  1.965458e+08  4.742380e+03  10770816   1
       897   2.362156e+08  1.965741e+08  4.750974e+03  10782837   1
       898   2.002821e+08  1.965836e+08  4.759458e+03  10794858   1
       899   2.343388e+08  1.966207e+08  4.768054e+03  10806879   1
       900   1.759307e+08  1.966527e+08  4.776711e+03  10818900   1
       901   3.068995e+08  1.966786e+08  4.785290e+03  10830921   1
       902   2.270304e+08  1.966947e+08  4.793947e+03  10842942   1
       903   2.474277e+08  1.967509e+08  4.802698e+03  10854963   1
       904   3.413031e+08  1.967513e+08  4.811419e+03  10866984   1
       905   2.854923e+08  1.968248e+08  4.820201e+03  10879005   1
       906   3.846978e+08  1.968934e+08  4.828832e+03  10891026   1
       907   3.354013e+08  1.968942e+08  4.837441e+03  10903047   1
       908   3.829210e+08  1.969444e+08  4.846223e+03  10915068   1
       909   1.448851e+08  1.970959e+08  4.854896e+03  10927089   1
       910   2.908720e+08  1.971243e+08  4.863692e+03  10939110   1
       911   2.561739e+08  1.971794e+08  4.872444e+03  10951131   1
       912   2.920237e+08  1.971814e+08  4.881085e+03  10963152   1
       913   1.645533e+08  1.972086e+08  4.889773e+03  10975173   1
       914   2.654808e+08  1.972269e+08  4.898555e+03  10987194   1
       915   4.008341e+08  1.973336e+08  4.907274e+03  10999215   1
       916   4.414729e+08  1.973508e+08  4.916027e+03  11011236   1
       917   1.484221e+08  1.974523e+08  4.924639e+03  11023257   1
       918   1.921863e+08  1.974540e+08  4.933498e+03  11035278   1
       919   2.054756e+08  1.975109e+08  4.942279e+03  11047299   1
       920   2.702710e+08  1.975251e+08  4.951107e+03  11059320   1
       921   5.723882e+08  1.975382e+08  4.959955e+03  11071341   1
       922   1.658157e+08  1.976168e+08  4.968846e+03  11083362   1
       923   4.112647e+08  1.976187e+08  4.977659e+03  11095383   1
       924   2.767835e+08  1.976467e+08  4.986504e+03  11107404   1
       925   1.524259e+08  1.977025e+08  4.995348e+03  11119425   1
       926   2.763093e+08  1.977287e+08  5.004272e+03  11131446   1
       927   5.932558e+08  1.977357e+08  5.013039e+03  11143467   1
       928   5.371976e+08  1.977366e+08  5.021898e+03  11155488   1
       929   1.538238e+08  1.977715e+08  5.030633e+03  11167509   1
       930   2.259641e+08  1.977832e+08  5.039539e+03  11179530   1
       931   2.781327e+08  1.977839e+08  5.048541e+03  11191551   1
       932   4.218505e+08  1.978143e+08  5.057432e+03  11203572   1
       933   1.910741e+08  1.978256e+08  5.066323e+03  11215593   1
       934   1.851692e+08  1.978267e+08  5.075151e+03  11227614   1
       935   2.675892e+08  1.978816e+08  5.084120e+03  11239635   1
       936   4.692239e+08  1.979072e+08  5.093013e+03  11251656   1
       937   2.135205e+08  1.979167e+08  5.102015e+03  11263677   1
       938   1.728350e+08  1.979259e+08  5.110954e+03  11275698   1
       939   1.769274e+08  1.979259e+08  5.119938e+03  11287719   1
       940   1.464380e+08  1.979631e+08  5.128720e+03  11299740   1
       941   1.759413e+08  1.979778e+08  5.137658e+03  11311761   1
       942   1.564451e+08  1.979976e+08  5.146597e+03  11323782   1
       943   1.221794e+08  1.980207e+08  5.155535e+03  11335803   1
       944   3.400213e+08  1.980229e+08  5.164394e+03  11347824   1
       945   3.745799e+08  1.980424e+08  5.173380e+03  11359845   1
       946   2.390813e+08  1.980517e+08  5.182491e+03  11371866   1
       947   3.081026e+08  1.981168e+08  5.191522e+03  11383887   1
       948   2.554384e+08  1.981338e+08  5.200412e+03  11395908   1
       949   2.313460e+08  1.981548e+08  5.209397e+03  11407929   1
       950   5.652631e+08  1.981772e+08  5.218383e+03  11419950   1
       951   1.975196e+08  1.982028e+08  5.227352e+03  11431971   1
       952   4.834871e+08  1.982531e+08  5.236368e+03  11443992   1
       953   3.011222e+08  1.982696e+08  5.245447e+03  11456013   1
       954   3.049875e+08  1.982723e+08  5.254511e+03  11468034   1
       955   3.752549e+08  1.983127e+08  5.263669e+03  11480055   1
       956   4.633152e+08  1.983164e+08  5.272762e+03  11492076   1
       957   1.216383e+08  1.983513e+08  5.281826e+03  11504097   1
       958   2.015776e+08  1.983534e+08  5.290794e+03  11516118   1
       959   1.759817e+08  1.983814e+08  5.299874e+03  11528139   1
       960   1.981853e+08  1.984083e+08  5.309109e+03  11540160   1
       961   2.712087e+08  1.984448e+08  5.318298e+03  11552181   1
       962   2.015101e+08  1.984482e+08  5.327473e+03  11564202   1
       963   1.217453e+08  1.984684e+08  5.336520e+03  11576223   1
       964   1.792665e+08  1.984722e+08  5.345660e+03  11588244   1
       965   2.287007e+08  1.985105e+08  5.354711e+03  11600265   1
       966   4.119654e+08  1.985143e+08  5.363945e+03  11612286   1
       967   3.235084e+08  1.985566e+08  5.373117e+03  11624307   1
       968   1.183653e+08  1.985762e+08  5.382305e+03  11636328   1
       969   3.746547e+08  1.985864e+08  5.391445e+03  11648349   1
       970   3.272710e+08  1.985958e+08  5.400558e+03  11660370   1
       971   2.878324e+08  1.986142e+08  5.409901e+03  11672391   1
       972   1.769687e+08  1.986384e+08  5.419046e+03  11684412   1
       973   1.531101e+08  1.986694e+08  5.428186e+03  11696433   1
       974   2.453767e+08  1.986848e+08  5.437530e+03  11708454   1
       975   2.265342e+08  1.987221e+08  5.446644e+03  11720475   1
       976   4.525344e+08  1.987400e+08  5.455909e+03  11732496   1
       977   4.237707e+08  1.987470e+08  5.465019e+03  11744517   1
       978   2.036189e+08  1.988088e+08  5.474148e+03  11756538   1
       979   1.600546e+08  1.988645e+08  5.483445e+03  11768559   1
       980   2.025004e+08  1.988740e+08  5.492632e+03  11780580   1
       981   2.816899e+08  1.989096e+08  5.501804e+03  11792601   1
       982   1.737348e+08  1.989563e+08  5.510944e+03  11804622   1
       983   1.976193e+08  1.989816e+08  5.520200e+03  11816643   1
       984   7.091606e+08  1.990261e+08  5.529387e+03  11828664   1
       985   2.350670e+08  1.990343e+08  5.538699e+03  11840685   1
       986   1.303856e+08  1.990461e+08  5.547919e+03  11852706   1
       987   2.617953e+08  1.991175e+08  5.557263e+03  11864727   1
       988   3.262752e+08  1.991466e+08  5.566653e+03  11876748   1
       989   2.665092e+08  1.991740e+08  5.576046e+03  11888769   1
       990   4.461688e+08  1.991910e+08  5.585421e+03  11900790   1
       991   3.831015e+08  1.992206e+08  5.594749e+03  11912811   1
       992   2.868746e+08  1.993510e+08  5.604015e+03  11924832   1
       993   2.199315e+08  1.993765e+08  5.613280e+03  11936853   1
       994   2.963302e+08  1.994263e+08  5.622690e+03  11948874   1
       995   4.437387e+08  1.994581e+08  5.631971e+03  11960895   1
       996   6.584067e+08  1.994742e+08  5.641346e+03  11972916   1
       997   2.640446e+08  1.994790e+08  5.650679e+03  11984937   1
       998   3.729013e+08  1.995002e+08  5.660179e+03  11996958   1
       999   1.669367e+08  1.995461e+08  5.669664e+03  12008979   1
      1000   2.587552e+08  1.995983e+08  5.679106e+03  12021000   1
      1001   3.093490e+08  1.996134e+08  5.688372e+03  12033021   1
      1002   1.739489e+08  1.996494e+08  5.697794e+03  12045042   1
      1003   4.302333e+08  1.996967e+08  5.707294e+03  12057063   1
      1004   3.239856e+08  1.997031e+08  5.716715e+03  12069084   1
      1005   2.147800e+08  1.997655e+08  5.726075e+03  12081105   1
      1006   2.437438e+08  1.997833e+08  5.735606e+03  12093126   1
      1007   1.338945e+08  1.997978e+08  5.745122e+03  12105147   1
      1008   2.431360e+08  1.998094e+08  5.754404e+03  12117168   1
      1009   2.167064e+08  1.998555e+08  5.763873e+03  12129189   1
      1010   2.224939e+08  1.998755e+08  5.773295e+03  12141210   1
      1011   2.688266e+08  1.999336e+08  5.782861e+03  12153231   1
      1012   1.762521e+08  1.999547e+08  5.792393e+03  12165252   1
      1013   1.613446e+08  1.999610e+08  5.801753e+03  12177273   1
      1014   1.735359e+08  1.999713e+08  5.811177e+03  12189294   1
      1015   3.568681e+08  1.999876e+08  5.820645e+03  12201315   1
      1016   2.122340e+08  2.000066e+08  5.829974e+03  12213336   1
      1017   1.940442e+08  2.000437e+08  5.839474e+03  12225357   1
      1018   1.856695e+08  2.000591e+08  5.849038e+03  12237378   1
      1019   2.021524e+08  2.000799e+08  5.858585e+03  12249399   1
      1020   2.594270e+08  2.001237e+08  5.868022e+03  12261420   1
      1021   2.901205e+08  2.001362e+08  5.877539e+03  12273441   1
      1022   4.195374e+08  2.001461e+08  5.887061e+03  12285462   1
      1023   2.605436e+08  2.001727e+08  5.896561e+03  12297483   1
      1024   1.616783e+08  2.001931e+08  5.906140e+03  12309504   1
      1025   2.025683e+08  2.002450e+08  5.915677e+03  12321525   1
      1026   3.947789e+08  2.002489e+08  5.925210e+03  12333546   1
      1027   4.458346e+08  2.002598e+08  5.934834e+03  12345567   1
      1028   2.910748e+08  2.002708e+08  5.944181e+03  12357588   1
      1029   1.753532e+08  2.002916e+08  5.953761e+03  12369609   1
      1030   2.247341e+08  2.003262e+08  5.963323e+03  12381630   1
      1031   2.046733e+08  2.003326e+08  5.973093e+03  12393651   1
      1032   1.649650e+08  2.003602e+08  5.982750e+03  12405672   1
      1033   2.872454e+08  2.004081e+08  5.992390e+03  12417693   1
      1034   2.596356e+08  2.004689e+08  6.002002e+03  12429714   1
      1035   2.328421e+08  2.004839e+08  6.011725e+03  12441735   1
      1036   4.962058e+08  2.004979e+08  6.021334e+03  12453756   1
      1037   1.373272e+08  2.005275e+08  6.030793e+03  12465777   1
      1038   5.855321e+08  2.005485e+08  6.040371e+03  12477798   1
      1039   3.468782e+08  2.005609e+08  6.050043e+03  12489819   1
      1040   2.026073e+08  2.005681e+08  6.059733e+03  12501840   1
      1041   4.498104e+08  2.005775e+08  6.069408e+03  12513861   1
      1042   3.788826e+08  2.005914e+08  6.079111e+03  12525882   1
      1043   1.357984e+08  2.006108e+08  6.088753e+03  12537903   1
      1044   2.957286e+08  2.006259e+08  6.098520e+03  12549924   1
      1045   3.227305e+08  2.006652e+08  6.108223e+03  12561945   1
      1046   5.440374e+08  2.006819e+08  6.117910e+03  12573966   1
      1047   1.921803e+08  2.007100e+08  6.127772e+03  12585987   1
      1048   1.988547e+08  2.007162e+08  6.137412e+03  12598008   1
      1049   3.378954e+08  2.007278e+08  6.147163e+03  12610029   1
      1050   1.559902e+08  2.007390e+08  6.156775e+03  12622050   1
      1051   3.115772e+08  2.007498e+08  6.166571e+03  12634071   1
      1052   3.610338e+08  2.007708e+08  6.176307e+03  12646092   1
      1053   3.943583e+08  2.007823e+08  6.186043e+03  12658113   1
      1054   2.012861e+08  2.007927e+08  6.195746e+03  12670134   1
      1055   2.988149e+08  2.008056e+08  6.205574e+03  12682155   1
      1056   1.330052e+08  2.008185e+08  6.215403e+03  12694176   1
      1057   1.897207e+08  2.008496e+08  6.225137e+03  12706197   1
      1058   2.001343e+08  2.008699e+08  6.234949e+03  12718218   1
      1059   3.614512e+08  2.008906e+08  6.244762e+03  12730239   1
      1060   3.817026e+08  2.009165e+08  6.254559e+03  12742260   1
      1061   6.883377e+08  2.009314e+08  6.264373e+03  12754281   1
      1062   1.970089e+08  2.009446e+08  6.274139e+03  12766302   1
      1063   6.109558e+08  2.009650e+08  6.283998e+03  12778323   1
      1064   1.941019e+08  2.009714e+08  6.293780e+03  12790344   1
      1065   5.606992e+08  2.009951e+08  6.303515e+03  12802365   1
      1066   2.032724e+08  2.010347e+08  6.313359e+03  12814386   1
      1067   2.096708e+08  2.010524e+08  6.323155e+03  12826407   1
      1068   2.065863e+08  2.010567e+08  6.332936e+03  12838428   1
      1069   3.454396e+08  2.010571e+08  6.342780e+03  12850449   1
      1070   1.830765e+08  2.010756e+08  6.352782e+03  12862470   1
      1071   1.629615e+08  2.010902e+08  6.362470e+03  12874491   1
      1072   2.389968e+08  2.010960e+08  6.372501e+03  12886512   1
      1073   2.093112e+08  2.011120e+08  6.382064e+03  12898533   1
      1074   2.508128e+08  2.011187e+08  6.391941e+03  12910554   1
      1075   3.395472e+08  2.011341e+08  6.401879e+03  12922575   1
      1076   2.524078e+08  2.011494e+08  6.411896e+03  12934596   1
      1077   4.225416e+08  2.011651e+08  6.421818e+03  12946617   1
      1078   3.973577e+08  2.011696e+08  6.431802e+03  12958638   1
      1079   2.695802e+08  2.011933e+08  6.441760e+03  12970659   1
      1080   1.544448e+08  2.012026e+08  6.451683e+03  12982680   1
      1081   1.884109e+08  2.012593e+08  6.461558e+03  12994701   1
      1082   3.093998e+08  2.012738e+08  6.471549e+03  13006722   1
      1083   1.669107e+08  2.012814e+08  6.481627e+03  13018743   1
      1084   3.937450e+08  2.012985e+08  6.491611e+03  13030764   1
      1085   1.707662e+08  2.013134e+08  6.501554e+03  13042785   1
      1086   3.475772e+08  2.013148e+08  6.511728e+03  13054806   1
      1087   1.863110e+08  2.013182e+08  6.521587e+03  13066827   1
      1088   3.569512e+08  2.013594e+08  6.531499e+03  13078848   1
      1089   3.570816e+08  2.013952e+08  6.541656e+03  13090869   1
      1090   2.394502e+08  2.014202e+08  6.551750e+03  13102890   1
      1091   7.947663e+08  2.014723e+08  6.561755e+03  13114911   1
      1092   2.305383e+08  2.014991e+08  6.571869e+03  13126932   1
      1093   1.651271e+08  2.015042e+08  6.581994e+03  13138953   1
      1094   1.813789e+08  2.015113e+08  6.592041e+03  13150974   1
      1095   1.868718e+08  2.015202e+08  6.602183e+03  13162995   1
      1096   2.549812e+08  2.015594e+08  6.612122e+03  13175016   1
      1097   2.540256e+08  2.015666e+08  6.622294e+03  13187037   1
      1098   2.497513e+08  2.015945e+08  6.632548e+03  13199058   1
      1099   2.272780e+08  2.016324e+08  6.642659e+03  13211079   1
      1100   2.684523e+08  2.016528e+08  6.652549e+03  13223100   1
      1101   1.590441e+08  2.016559e+08  6.662770e+03  13235121   1
      1102   1.521851e+08  2.016700e+08  6.672849e+03  13247142   1
      1103   2.220455e+08  2.016829e+08  6.682849e+03  13259163   1
      1104   1.994796e+08  2.016940e+08  6.693104e+03  13271184   1
      1105   1.820660e+08  2.017020e+08  6.703293e+03  13283205   1
      1106   2.023805e+08  2.017171e+08  6.713480e+03  13295226   1
      1107   3.645104e+08  2.017452e+08  6.723762e+03  13307247   1
      1108   1.505608e+08  2.017594e+08  6.733887e+03  13319268   1
      1109   2.200108e+08  2.018019e+08  6.744091e+03  13331289   1
      1110   2.547131e+08  2.018077e+08  6.754263e+03  13343310   1
      1111   2.137654e+08  2.018231e+08  6.764470e+03  13355331   1
      1112   1.800854e+08  2.018280e+08  6.774658e+03  13367352   1
      1113   1.283624e+08  2.018649e+08  6.784845e+03  13379373   1
      1114   3.353906e+08  2.018676e+08  6.795114e+03  13391394   1
      1115   3.082014e+08  2.018794e+08  6.805271e+03  13403415   1
      1116   2.859870e+08  2.019012e+08  6.815631e+03  13415436   1
      1117   1.888942e+08  2.019131e+08  6.825855e+03  13427457   1
      1118   3.062141e+08  2.019171e+08  6.836136e+03  13439478   1
      1119   3.299961e+08  2.019179e+08  6.846418e+03  13451499   1
      1120   1.233890e+08  2.019616e+08  6.856607e+03  13463520   1
      1121   2.105478e+08  2.019772e+08  6.866998e+03  13475541   1
      1122   3.266474e+08  2.019887e+08  6.877234e+03  13487562   1
      1123   1.764059e+08  2.019910e+08  6.887640e+03  13499583   1
      1124   1.568614e+08  2.020373e+08  6.898003e+03  13511604   1
      1125   5.529684e+08  2.020669e+08  6.908378e+03  13523625   1
      1126   2.177956e+08  2.021289e+08  6.918754e+03  13535646   1
      1127   3.124663e+08  2.021639e+08  6.929223e+03  13547667   1
      1128   1.441046e+08  2.021700e+08  6.939521e+03  13559688   1
      1129   3.574677e+08  2.022238e+08  6.949851e+03  13571709   1
      1130   2.519238e+08  2.022415e+08  6.960366e+03  13583730   1
      1131   2.018258e+08  2.022630e+08  6.970623e+03  13595751   1
      1132   2.436524e+08  2.022992e+08  6.980999e+03  13607772   1
      1133   2.115345e+08  2.023203e+08  6.991437e+03  13619793   1
      1134   2.159018e+08  2.023447e+08  7.001863e+03  13631814   1
      1135   2.162733e+08  2.023590e+08  7.012333e+03  13643835   1
      1136   6.926992e+08  2.023798e+08  7.022646e+03  13655856   1
      1137   4.014643e+08  2.024066e+08  7.032975e+03  13667877   1
      1138   1.709827e+08  2.024624e+08  7.043353e+03  13679898   1
      1139   2.422259e+08  2.024730e+08  7.053685e+03  13691919   1
      1140   1.753546e+08  2.025061e+08  7.064200e+03  13703940   1
      1141   1.330730e+08  2.025200e+08  7.074545e+03  13715961   1
      1142   3.111528e+08  2.025511e+08  7.085061e+03  13727982   1
      1143   2.035515e+08  2.025702e+08  7.095485e+03  13740003   1
      1144   1.770967e+08  2.025800e+08  7.105891e+03  13752024   1
      1145   5.541068e+08  2.026054e+08  7.116283e+03  13764045   1
      1146   1.907561e+08  2.026327e+08  7.126784e+03  13776066   1
      1147   3.470250e+08  2.026516e+08  7.137331e+03  13788087   1
      1148   2.850644e+08  2.026555e+08  7.147879e+03  13800108   1
      1149   1.975968e+08  2.026676e+08  7.158396e+03  13812129   1
      1150   2.866350e+08  2.027086e+08  7.168974e+03  13824150   1
      1151   2.419780e+08  2.027516e+08  7.179443e+03  13836171   1
      1152   1.636461e+08  2.027771e+08  7.189931e+03  13848192   1
      1153   2.452902e+08  2.027947e+08  7.200494e+03  13860213   1
-------------------------------------------------------------------
status         : time_limit
total time (s) : 7.200494e+03
total solves   : 13860213
best bound     :  2.027947e+08
simulation ci  :  3.035848e+08  9.917277e+06
numeric issues : 0
-------------------------------------------------------------------

 
                                        Time                    Allocations      
                                  
       Tot / % measured:            2.00h / 100.0%            510GiB / 100.0%    

 Section               ncalls     time    %tot     avg     alloc    %tot      avg
 
 backward_pass          1.15k    1.97h   98.7%   6.16s    504GiB   98.9%   447MiB
   solve_subproblem     13.7M    1.97h   98.3%   516s    495GiB   97.2%  37.8KiB
     get_dual_solution  13.7M     106s    1.5%  7.71s   31.1GiB    6.1%  2.38KiB
   prepare_backward...  2.31k   10.6ms    0.0%  4.59s   2.36MiB    0.0%  1.05KiB
 forward_pass           1.15k    92.2s    1.3%  80.0ms   5.71GiB    1.1%  5.07MiB
   solve_subproblem      138k    90.7s    1.3%   656s   5.23GiB    1.0%  39.6KiB
     get_dual_solution   138k    236ms    0.0%  1.70s   73.9MiB    0.0%     560B
   sample_scenario      1.15k    945ms    0.0%   820s    331MiB    0.1%   294KiB
 calculate_bound        1.15k    660ms    0.0%   572s   48.5MiB    0.0%  43.1KiB
   get_dual_solution    1.15k   1.68ms    0.0%  1.46s    631KiB    0.0%     560B
 


||||||||||||||||||||||||||||||||||||||||||||||||||||||||||||||||||||||||||||||||||||||||||||||||||||||||||||||||||||||||||||||||||||||||
SIMULATION RESULTS
LogLinearSDDP.Simulation(SDDP.InSampleMonteCarlo(0, false, true, SDDP.var"#155#158"{SDDP.var"#156#159"}(SDDP.var"#156#159"(), Core.Box(2000)), nothing), 2000, 11111)
shapiro_model
Lower bound: 2.027946817366822e8
Statistical upper bound (confidence interval): 2.7197382344290686e8  5.49152924232112e6
Pessimistic upper bound: 2.77465352685228e8

||||||||||||||||||||||||||||||||||||||||||||||||||||||||||||||||||||||||||||||||||||||||||||||||||||||||||||||||||||||||||||||||||||||||
SIMULATION RESULTS
LogLinearSDDP.Simulation(SDDP.InSampleMonteCarlo(0, false, true, SDDP.var"#155#158"{SDDP.var"#156#159"}(SDDP.var"#156#159"(), Core.Box(2000)), nothing), 2000, 11111)
shapiro_model
Lower bound: 2.027946817366822e8
Statistical upper bound (confidence interval): 1.7434782439784092e8  4.410740871794834e6
Pessimistic upper bound: 1.7875856526963574e8

||||||||||||||||||||||||||||||||||||||||||||||||||||||||||||||||||||||||||||||||||||||||||||||||||||||||||||||||||||||||||||||||||||||||
SIMULATION RESULTS
LogLinearSDDP.Simulation(SDDP.InSampleMonteCarlo(0, false, true, SDDP.var"#155#158"{SDDP.var"#156#159"}(SDDP.var"#156#159"(), Core.Box(2000)), nothing), 2000, 11111)
shapiro_model
Lower bound: 2.027946817366822e8
Statistical upper bound (confidence interval): 2.6870941764268637e8  5.6191083057354735e6
Pessimistic upper bound: 2.7432852594842184e8

||||||||||||||||||||||||||||||||||||||||||||||||||||||||||||||||||||||||||||||||||||||||||||||||||||||||||||||||||||||||||||||||||||||||
SIMULATION RESULTS
LogLinearSDDP.Simulation(SDDP.InSampleMonteCarlo(0, false, true, SDDP.var"#155#158"{SDDP.var"#156#159"}(SDDP.var"#156#159"(), Core.Box(2000)), nothing), 2000, 11111)
shapiro_model
Lower bound: 2.027946817366822e8
Statistical upper bound (confidence interval): 1.8451483388459662e8  4.774814088196165e6
Pessimistic upper bound: 1.8928964797279277e8

||||||||||||||||||||||||||||||||||||||||||||||||||||||||||||||||||||||||||||||||||||||||||||||||||||||||||||||||||||||||||||||||||||||||
SIMULATION RESULTS
LogLinearSDDP.Simulation(SDDP.InSampleMonteCarlo(0, false, true, SDDP.var"#155#158"{SDDP.var"#156#159"}(SDDP.var"#156#159"(), Core.Box(2000)), nothing), 2000, 11111)
fitted_model
Lower bound: 2.027946817366822e8
Statistical upper bound (confidence interval): 2.5986419620609736e8  5.057910950055115e6
Pessimistic upper bound: 2.649221071561525e8

||||||||||||||||||||||||||||||||||||||||||||||||||||||||||||||||||||||||||||||||||||||||||||||||||||||||||||||||||||||||||||||||||||||||
SIMULATION RESULTS
LogLinearSDDP.Simulation(SDDP.InSampleMonteCarlo(0, false, true, SDDP.var"#155#158"{SDDP.var"#156#159"}(SDDP.var"#156#159"(), Core.Box(2000)), nothing), 2000, 11111)
fitted_model
Lower bound: 2.027946817366822e8
Statistical upper bound (confidence interval): 1.773291226762139e8  4.228332760581287e6
Pessimistic upper bound: 1.8155745543679518e8

||||||||||||||||||||||||||||||||||||||||||||||||||||||||||||||||||||||||||||||||||||||||||||||||||||||||||||||||||||||||||||||||||||||||
SIMULATION RESULTS
LogLinearSDDP.Simulation(SDDP.InSampleMonteCarlo(0, false, true, SDDP.var"#155#158"{SDDP.var"#156#159"}(SDDP.var"#156#159"(), Core.Box(2000)), nothing), 2000, 11111)
custom_model
Lower bound: 2.027946817366822e8
Statistical upper bound (confidence interval): 3.632852198258073e8  8.153067228138867e6
Pessimistic upper bound: 3.7143828705394614e8

||||||||||||||||||||||||||||||||||||||||||||||||||||||||||||||||||||||||||||||||||||||||||||||||||||||||||||||||||||||||||||||||||||||||
SIMULATION RESULTS
LogLinearSDDP.Simulation(SDDP.InSampleMonteCarlo(0, false, true, SDDP.var"#155#158"{SDDP.var"#156#159"}(SDDP.var"#156#159"(), Core.Box(2000)), nothing), 2000, 11111)
custom_model
Lower bound: 2.027946817366822e8
Statistical upper bound (confidence interval): 2.4036574266276422e8  6.738979093185616e6
Pessimistic upper bound: 2.4710472175594983e8

||||||||||||||||||||||||||||||||||||||||||||||||||||||||||||||||||||||||||||||||||||||||||||||||||||||||||||||||||||||||||||||||||||||||
SIMULATION RESULTS
LogLinearSDDP.Simulation(SDDP.InSampleMonteCarlo(0, false, true, SDDP.var"#155#158"{SDDP.var"#156#159"}(SDDP.var"#156#159"(), Core.Box(2000)), nothing), 2000, 11111)
bic_model
Lower bound: 2.027946817366822e8
Statistical upper bound (confidence interval): 3.771525533514855e8  8.43768457262239e6
Pessimistic upper bound: 3.855902379241079e8

||||||||||||||||||||||||||||||||||||||||||||||||||||||||||||||||||||||||||||||||||||||||||||||||||||||||||||||||||||||||||||||||||||||||
SIMULATION RESULTS
LogLinearSDDP.Simulation(SDDP.InSampleMonteCarlo(0, false, true, SDDP.var"#155#158"{SDDP.var"#156#159"}(SDDP.var"#156#159"(), Core.Box(2000)), nothing), 2000, 11111)
bic_model
Lower bound: 2.027946817366822e8
Statistical upper bound (confidence interval): 2.5081357119955072e8  7.025561025103287e6
Pessimistic upper bound: 2.5783913222465402e8

||||||||||||||||||||||||||||||||||||||||||||||||||||||||||||||||||||||||||||||||||||||||||||||||||||||||||||||||||||||||||||||||||||||||
SIMULATION RESULTS
LogLinearSDDP.Simulation(SDDP.InSampleMonteCarlo(0, false, true, SDDP.var"#155#158"{SDDP.var"#156#159"}(SDDP.var"#156#159"(), Core.Box(2000)), nothing), 2000, 11111)
shapiro_model
Lower bound: 2.030739027342574e8
Statistical upper bound (confidence interval): 4.905306503071833e8  8.254126913394183e7
Pessimistic upper bound: 5.730719194411252e8

||||||||||||||||||||||||||||||||||||||||||||||||||||||||||||||||||||||||||||||||||||||||||||||||||||||||||||||||||||||||||||||||||||||||
SIMULATION RESULTS
LogLinearSDDP.Simulation(SDDP.InSampleMonteCarlo(0, false, true, SDDP.var"#155#158"{SDDP.var"#156#159"}(SDDP.var"#156#159"(), Core.Box(2000)), nothing), 2000, 11111)
shapiro_model
Lower bound: 2.030739027342574e8
Statistical upper bound (confidence interval): 3.1356871572670937e8  6.619181249945066e7
Pessimistic upper bound: 3.7976052822616005e8
