||||||||||||||||||||||||||||||||||||||||||||||||||||||||||||||||||||||||||||||||||||||||||||||||||||||||||||||||||||||||||||||||||||||||
PATH
calling 
C:\Users\cg4102\Documents\New LogLinearSDDP\LogLinearSDDP.jl\Examples\Hydrothermal
C:\Users\cg4102\Documents\New LogLinearSDDP\LogLinearSDDP.jl\Examples\Hydrothermal\run_model_markov.jl
DATETIME
2025-04-28T22:04:14.173
RUN DESCRIPTION
LogLinearSDDP.AlgoParams(SDDP.AbstractStoppingRule[SDDP.TimeLimit(7200.0)], LogLinearSDDP.NoSimulation(), false, 2, 1, "C:/Users/cg4102/Documents/julia_logs/Cut-sharing Re-Run (2h)/Run_MC-SDDP_fitted_model_11111/MC-SDDP.log", false, false, false, 11111, "MC-SDDP: 100 nodes, fitted_model", :fitted_model)
-------------------------------------------------------------------
         SDDP.jl (c) Oscar Dowson and contributors, 2017-23
-------------------------------------------------------------------
problem
  nodes           : 11901
  state variables : 4
  scenarios       : 6.68857e+229
  existing cuts   : false
options
  solver          : serial mode
  risk measure    : SDDP.Expectation()
  sampling scheme : SDDP.Historical{String, Dict{String, Float64}}
subproblem structure
  VariableRef                                  : [142, 142]
  JuMP.AffExpr in MOI.EqualTo{Float64}         : [13, 13]
  JuMP.VariableRef in MOI.GreaterThan{Float64} : [138, 138]
  JuMP.VariableRef in MOI.LessThan{Float64}    : [129, 130]
-------------------------------------------------------------------
 iteration    simulation      bound        time (s)     solves  pid
-------------------------------------------------------------------
         1   1.328842e+09  7.281976e+05  6.038000e+00     10408   1
         2   1.311041e+09  2.568705e+06  9.156000e+00     20766   1
         3   1.246626e+09  2.663083e+06  1.227700e+01     30897   1
         4   7.825560e+08  3.262925e+06  1.551700e+01     41503   1
         5   7.036144e+08  3.318782e+06  1.860200e+01     51909   1
         6   5.706942e+08  6.071569e+06  2.171800e+01     62369   1
         7   7.103349e+08  2.176760e+07  2.510300e+01     72741   1
         8   6.617345e+08  2.442650e+07  2.823400e+01     83169   1
         9   4.175216e+08  3.004583e+07  3.125300e+01     93676   1
        10   5.652246e+08  3.565981e+07  3.431200e+01    103962   1
        11   2.512255e+08  5.219673e+07  3.741600e+01    114302   1
        12   2.664600e+08  5.264876e+07  4.034600e+01    123917   1
        13   3.320488e+08  5.293863e+07  4.318400e+01    134003   1
        14   5.657090e+08  6.198800e+07  4.622500e+01    144375   1
        15   2.693859e+08  6.267419e+07  4.931400e+01    154530   1
        16   2.546339e+08  6.604507e+07  5.242500e+01    164913   1
        17   2.170030e+08  6.608793e+07  5.543600e+01    174913   1
        18   1.688711e+08  6.765287e+07  5.866000e+01    184924   1
        19   3.313291e+08  6.914298e+07  6.176300e+01    195341   1
        20   2.745619e+08  6.933462e+07  6.509000e+01    205666   1
        21   8.583471e+08  6.966172e+07  6.802000e+01    215568   1
        22   3.913090e+08  7.424789e+07  7.117900e+01    226014   1
        23   4.558511e+08  7.540590e+07  7.425300e+01    236144   1
        24   2.023206e+08  7.543622e+07  7.752500e+01    246763   1
        25   2.029342e+08  7.659163e+07  8.073300e+01    257257   1
        26   3.810512e+08  7.682791e+07  8.389600e+01    267645   1
        27   4.736206e+08  7.752800e+07  8.955200e+01    278165   1
        28   2.931215e+08  7.840095e+07  9.248600e+01    288597   1
        29   4.416286e+08  7.840315e+07  9.549500e+01    299336   1
        30   1.782915e+08  7.876941e+07  9.851300e+01    309647   1
        31   5.694518e+08  7.992156e+07  1.013520e+02    319764   1
        32   2.352865e+08  8.068494e+07  1.043900e+02    330148   1
        33   2.030818e+08  8.239687e+07  1.076610e+02    340940   1
        34   2.200695e+08  8.286081e+07  1.108070e+02    351666   1
        35   3.097453e+08  8.288100e+07  1.139120e+02    362170   1
        36   2.080069e+08  8.443469e+07  1.171640e+02    372823   1
        37   3.492743e+08  8.753054e+07  1.201620e+02    383212   1
        38   2.704327e+08  8.958405e+07  1.231830e+02    393439   1
        39   2.738903e+08  9.002045e+07  1.262530e+02    403909   1
        40   2.077618e+08  9.117547e+07  1.292960e+02    414275   1
        41   7.704451e+08  9.131576e+07  1.322300e+02    424755   1
        42   4.402592e+08  9.141642e+07  1.350480e+02    434217   1
        43   2.031251e+08  9.795876e+07  1.382250e+02    444724   1
        44   2.526041e+08  1.006077e+08  1.414950e+02    455123   1
        45   3.385681e+08  1.013741e+08  1.445680e+02    465437   1
        46   2.330073e+08  1.014427e+08  1.476790e+02    475457   1
        47   4.027293e+08  1.079044e+08  1.510250e+02    485678   1
        48   4.492076e+08  1.079143e+08  1.542710e+02    496110   1
        49   1.909871e+08  1.081302e+08  1.574160e+02    506228   1
        50   1.981362e+08  1.083894e+08  1.607850e+02    516460   1
        51   3.201591e+08  1.088749e+08  1.640630e+02    526944   1
        52   2.185085e+08  1.090405e+08  1.672980e+02    537276   1
        53   4.378900e+08  1.105118e+08  1.705800e+02    547681   1
        54   1.132120e+09  1.115304e+08  1.738680e+02    558050   1
        55   3.101578e+08  1.118273e+08  1.770540e+02    568198   1
        56   2.780673e+08  1.125394e+08  1.803510e+02    578578   1
        57   1.945749e+08  1.128913e+08  1.864430e+02    588701   1
        58   2.032120e+08  1.131531e+08  1.897660e+02    599361   1
        59   1.789256e+08  1.154074e+08  1.931120e+02    610142   1
        60   3.339646e+08  1.171059e+08  1.962190e+02    620560   1
        61   6.950065e+08  1.173620e+08  1.992670e+02    630771   1
        62   1.612591e+08  1.175473e+08  2.022900e+02    640445   1
        63   3.107881e+08  1.184559e+08  2.054090e+02    650397   1
        64   1.676513e+08  1.192588e+08  2.086830e+02    660694   1
        65   2.574318e+08  1.192620e+08  2.120460e+02    671017   1
        66   1.809486e+08  1.199267e+08  2.153390e+02    681430   1
        67   2.070669e+08  1.219676e+08  2.186250e+02    691981   1
        68   1.874254e+08  1.221121e+08  2.219240e+02    702189   1
        69   2.660176e+08  1.221643e+08  2.251910e+02    712543   1
        70   4.150281e+08  1.241621e+08  2.284010e+02    722942   1
        71   1.737107e+08  1.245406e+08  2.316620e+02    733470   1
        72   4.232094e+08  1.247737e+08  2.347950e+02    743396   1
        73   2.922032e+08  1.292646e+08  2.381120e+02    753851   1
        74   1.562317e+08  1.304024e+08  2.414720e+02    764321   1
        75   2.380436e+08  1.313398e+08  2.449860e+02    775081   1
        76   3.092182e+08  1.314547e+08  2.483660e+02    785320   1
        77   2.181249e+08  1.347513e+08  2.517750e+02    795958   1
        78   2.443111e+08  1.360773e+08  2.551710e+02    806461   1
        79   2.200788e+08  1.360798e+08  2.586540e+02    816940   1
        80   2.192602e+08  1.381804e+08  2.621560e+02    827510   1
        81   1.878263e+08  1.382942e+08  2.653910e+02    837432   1
        82   2.908272e+08  1.382942e+08  2.687970e+02    847587   1
        83   6.459042e+08  1.389545e+08  2.722170e+02    857775   1
        84   2.466466e+08  1.408908e+08  2.757180e+02    868301   1
        85   2.389065e+08  1.413244e+08  2.792470e+02    878663   1
        86   2.089412e+08  1.415564e+08  2.855480e+02    888678   1
        87   2.838083e+08  1.444682e+08  2.891010e+02    899388   1
        88   2.337652e+08  1.456127e+08  2.925340e+02    910032   1
        89   6.688931e+08  1.457884e+08  2.958330e+02    920118   1
        90   2.943464e+08  1.457884e+08  2.992100e+02    930479   1
        91   3.678020e+08  1.463989e+08  3.025600e+02    940919   1
        92   2.933146e+08  1.464100e+08  3.057970e+02    950517   1
        93   4.310956e+08  1.464919e+08  3.090650e+02    960428   1
        94   2.176367e+08  1.465647e+08  3.125460e+02    971078   1
        95   2.540328e+08  1.474926e+08  3.159160e+02    981487   1
        96   3.215130e+08  1.476133e+08  3.193540e+02    991697   1
        97   4.739044e+08  1.478163e+08  3.227890e+02   1002010   1
        98   3.824022e+08  1.479596e+08  3.262110e+02   1012315   1
        99   2.367079e+08  1.479891e+08  3.296860e+02   1022700   1
       100   1.984019e+08  1.490228e+08  3.331760e+02   1032965   1
       101   1.571403e+08  1.508143e+08  3.365640e+02   1042878   1
       102   2.473099e+08  1.528302e+08  3.401470e+02   1053502   1
       103   3.494991e+08  1.541902e+08  3.436400e+02   1063877   1
       104   6.190875e+08  1.547318e+08  3.472120e+02   1074315   1
       105   2.074611e+08  1.553760e+08  3.507380e+02   1084544   1
       106   3.856959e+08  1.568819e+08  3.543600e+02   1094986   1
       107   2.208683e+08  1.576199e+08  3.579950e+02   1105455   1
       108   3.173773e+08  1.576201e+08  3.616020e+02   1115734   1
       109   4.106387e+08  1.598204e+08  3.652680e+02   1126153   1
       110   3.418713e+08  1.605319e+08  3.688990e+02   1136685   1
       111   1.473004e+08  1.608678e+08  3.725150e+02   1146832   1
       112   1.951925e+08  1.609130e+08  3.761450e+02   1157003   1
       113   1.998470e+08  1.609471e+08  3.798300e+02   1167312   1
       114   4.158846e+08  1.611078e+08  3.834710e+02   1177610   1
       115   2.092132e+08  1.626002e+08  3.907440e+02   1187735   1
       116   2.451300e+08  1.626056e+08  3.943730e+02   1198282   1
       117   2.151834e+08  1.626275e+08  3.980690e+02   1208644   1
       118   1.787902e+08  1.626353e+08  4.016430e+02   1219013   1
       119   2.815536e+08  1.627903e+08  4.052920e+02   1229569   1
       120   2.115350e+08  1.628196e+08  4.089270e+02   1240099   1
       121   1.735109e+08  1.628229e+08  4.125490e+02   1250371   1
       122   2.160565e+08  1.634267e+08  4.163160e+02   1260933   1
       123   4.034492e+08  1.636178e+08  4.199540e+02   1271292   1
       124   1.823453e+08  1.636908e+08  4.235250e+02   1281031   1
       125   2.860046e+08  1.637020e+08  4.272530e+02   1291539   1
       126   3.008163e+08  1.642813e+08  4.310020e+02   1302367   1
       127   1.996893e+08  1.648052e+08  4.347210e+02   1312819   1
       128   4.489662e+08  1.648060e+08  4.384070e+02   1323183   1
       129   2.450009e+08  1.655311e+08  4.421980e+02   1333622   1
       130   2.132618e+08  1.655590e+08  4.458890e+02   1343695   1
       131   3.900839e+08  1.668370e+08  4.495720e+02   1354142   1
       132   2.372796e+08  1.671749e+08  4.533730e+02   1364766   1
       133   2.361742e+08  1.673950e+08  4.571900e+02   1375274   1
       134   2.464283e+08  1.674181e+08  4.609440e+02   1385458   1
       135   1.772061e+08  1.700847e+08  4.647540e+02   1395355   1
       136   4.525915e+08  1.709358e+08  4.685440e+02   1405631   1
       137   5.406578e+08  1.718119e+08  4.724040e+02   1416210   1
       138   3.104636e+08  1.720708e+08  4.762620e+02   1426704   1
       139   2.666805e+08  1.735345e+08  4.801740e+02   1436874   1
       140   2.059603e+08  1.737119e+08  4.841190e+02   1447272   1
       141   1.519409e+08  1.760032e+08  4.880430e+02   1457611   1
       142   4.527884e+08  1.760193e+08  4.919620e+02   1467813   1
       143   1.826692e+08  1.761919e+08  4.959590e+02   1478092   1
       144   6.293145e+08  1.769593e+08  4.997120e+02   1487925   1
       145   2.219320e+08  1.769685e+08  5.182840e+02   1498591   1
       146   4.887238e+08  1.777852e+08  5.221950e+02   1509174   1
       147   2.287781e+08  1.777853e+08  5.260920e+02   1519739   1
       148   6.903927e+08  1.777898e+08  5.299730e+02   1530241   1
       149   2.949046e+08  1.777927e+08  5.338340e+02   1540572   1
       150   2.653366e+08  1.780176e+08  5.378510e+02   1551271   1
       151   2.135373e+08  1.787820e+08  5.417270e+02   1561310   1
       152   3.828147e+08  1.788279e+08  5.456690e+02   1571837   1
       153   2.034169e+08  1.788399e+08  5.495680e+02   1582136   1
       154   2.036043e+08  1.798101e+08  5.534710e+02   1592508   1
       155   2.006430e+08  1.799703e+08  5.574270e+02   1602496   1
       156   1.461848e+08  1.806310e+08  5.614320e+02   1612919   1
       157   2.534976e+08  1.814574e+08  5.653730e+02   1623405   1
       158   1.719792e+08  1.816961e+08  5.693330e+02   1634152   1
       159   1.657283e+08  1.818649e+08  5.734240e+02   1644998   1
       160   2.370944e+08  1.818961e+08  5.774050e+02   1655553   1
       161   4.014595e+08  1.824711e+08  5.814560e+02   1665989   1
       162   1.824007e+08  1.830311e+08  5.857450e+02   1676497   1
       163   3.899955e+08  1.836361e+08  5.899600e+02   1686898   1
       164   1.688668e+08  1.836541e+08  5.942060e+02   1697097   1
       165   1.786189e+08  1.836895e+08  5.985080e+02   1707597   1
       166   2.014302e+08  1.845221e+08  6.028370e+02   1718115   1
       167   1.890301e+08  1.846659e+08  6.123150e+02   1728593   1
       168   3.000796e+08  1.859271e+08  6.162820e+02   1738940   1
       169   1.707289e+08  1.862494e+08  6.203290e+02   1749372   1
       170   1.870335e+08  1.862505e+08  6.243280e+02   1759843   1
       171   4.849166e+08  1.867208e+08  6.283800e+02   1770362   1
       172   2.020368e+08  1.867420e+08  6.325210e+02   1781127   1
       173   2.969626e+08  1.871109e+08  6.365610e+02   1791377   1
       174   2.494562e+08  1.871499e+08  6.406420e+02   1801789   1
       175   3.480008e+08  1.871515e+08  6.447770e+02   1812140   1
       176   2.234444e+08  1.881091e+08  6.488830e+02   1821924   1
       177   1.993032e+08  1.882708e+08  6.532210e+02   1832058   1
       178   1.933200e+08  1.883023e+08  6.574110e+02   1842077   1
       179   3.474792e+08  1.892993e+08  6.615930e+02   1852155   1
       180   1.647137e+08  1.895017e+08  6.658480e+02   1862388   1
       181   3.800741e+08  1.895526e+08  6.703430e+02   1872759   1
       182   2.059021e+08  1.898166e+08  6.748180e+02   1882901   1
       183   2.171646e+08  1.909527e+08  6.794400e+02   1893305   1
       184   1.801202e+08  1.909583e+08  6.840100e+02   1903639   1
       185   2.544107e+08  1.915766e+08  6.927950e+02   1914293   1
       186   2.100261e+08  1.921626e+08  6.970720e+02   1924937   1
       187   3.270347e+08  1.925530e+08  7.012000e+02   1935403   1
       188   1.783099e+08  1.933274e+08  7.054690e+02   1945953   1
       189   2.506201e+08  1.939804e+08  7.097010e+02   1956285   1
       190   1.558091e+08  1.941795e+08  7.137630e+02   1965855   1
       191   1.657556e+08  1.950533e+08  7.179330e+02   1975861   1
       192   4.161090e+08  1.951320e+08  7.221740e+02   1986322   1
       193   2.651357e+08  1.951549e+08  7.264840e+02   1996465   1
       194   2.683674e+08  1.951564e+08  7.309170e+02   2007114   1
       195   2.936386e+08  1.951564e+08  7.353120e+02   2017727   1
       196   2.518458e+08  1.951903e+08  7.397850e+02   2028001   1
       197   3.191231e+08  1.951933e+08  7.442510e+02   2038445   1
       198   3.432078e+08  1.952146e+08  7.487840e+02   2048874   1
       199   3.611953e+08  1.952894e+08  7.575110e+02   2059042   1
       200   3.392300e+08  1.963327e+08  7.617860e+02   2069732   1
       201   2.218268e+08  1.964293e+08  7.660160e+02   2080184   1
       202   2.154703e+08  1.964817e+08  7.704200e+02   2090788   1
       203   1.757788e+08  1.965978e+08  7.748710e+02   2101538   1
       204   2.387659e+08  1.966409e+08  7.792300e+02   2111965   1
       205   2.946041e+08  1.975715e+08  7.836490e+02   2122571   1
       206   2.379319e+08  1.980279e+08  7.879680e+02   2132830   1
       207   3.062444e+08  1.980580e+08  7.924440e+02   2143331   1
       208   2.452883e+08  1.980589e+08  7.969180e+02   2153673   1
       209   2.323941e+08  1.982841e+08  8.013970e+02   2164225   1
       210   2.273466e+08  1.983470e+08  8.059270e+02   2174405   1
       211   1.752211e+08  1.983648e+08  8.103840e+02   2184360   1
       212   2.071177e+08  1.984226e+08  8.192110e+02   2194448   1
       213   2.686985e+08  1.984505e+08  8.235520e+02   2204498   1
       214   2.066260e+08  1.985305e+08  8.279960e+02   2215032   1
       215   2.319853e+08  1.985497e+08  8.323880e+02   2225464   1
       216   1.583561e+08  1.986228e+08  8.369210e+02   2235901   1
       217   5.195967e+08  1.986245e+08  8.413390e+02   2246088   1
       218   2.080596e+08  1.986245e+08  8.457040e+02   2256006   1
       219   3.771085e+08  1.991656e+08  8.502630e+02   2266803   1
       220   1.575812e+08  1.994638e+08  8.548330e+02   2277024   1
       221   4.544085e+08  1.994704e+08  8.593370e+02   2286921   1
       222   3.984050e+08  1.994714e+08  8.639190e+02   2297078   1
       223   2.133506e+08  1.996145e+08  8.729020e+02   2307486   1
       224   2.614744e+08  1.996396e+08  8.774220e+02   2317887   1
       225   3.206145e+08  2.008751e+08  8.820020e+02   2328310   1
       226   2.902580e+08  2.009526e+08  8.864650e+02   2338383   1
       227   3.165689e+08  2.021360e+08  8.909720e+02   2348662   1
       228   2.229338e+08  2.027185e+08  8.954810e+02   2359012   1
       229   2.361860e+08  2.029607e+08  9.000810e+02   2369548   1
       230   3.475907e+08  2.034767e+08  9.046200e+02   2379814   1
       231   1.966782e+08  2.042829e+08  9.093010e+02   2390446   1
       232   2.614866e+08  2.044951e+08  9.139460e+02   2400783   1
       233   2.561859e+08  2.045919e+08  9.186680e+02   2411256   1
       234   1.985854e+08  2.047431e+08  9.276830e+02   2421606   1
       235   1.917651e+08  2.047766e+08  9.323110e+02   2432127   1
       236   4.352389e+08  2.052434e+08  9.368770e+02   2442561   1
       237   2.637144e+08  2.052588e+08  9.414860e+02   2453021   1
       238   1.724676e+08  2.053106e+08  9.461320e+02   2463288   1
       239   5.402607e+08  2.053119e+08  9.507310e+02   2473554   1
       240   2.668314e+08  2.057372e+08  9.554710e+02   2484297   1
       241   2.173581e+08  2.058935e+08  9.601430e+02   2494632   1
       242   2.334025e+08  2.062457e+08  9.649700e+02   2505046   1
       243   2.052162e+08  2.063731e+08  9.696660e+02   2514687   1
       244   3.793774e+08  2.063738e+08  9.789510e+02   2524797   1
       245   1.789093e+08  2.065846e+08  9.836240e+02   2535126   1
       246   2.615235e+08  2.066004e+08  9.883430e+02   2545723   1
       247   2.514273e+08  2.066011e+08  9.929620e+02   2555602   1
       248   5.179948e+08  2.071421e+08  9.976520e+02   2565697   1
       249   2.628735e+08  2.071453e+08  1.002397e+03   2576171   1
       250   2.022048e+08  2.072294e+08  1.007146e+03   2586389   1
       251   6.217572e+08  2.072417e+08  1.011869e+03   2596640   1
       252   1.974268e+08  2.074000e+08  1.016757e+03   2606883   1
       253   1.567958e+08  2.074052e+08  1.021598e+03   2616597   1
       254   2.828031e+08  2.074122e+08  1.031055e+03   2626835   1
       255   5.241038e+08  2.077453e+08  1.035756e+03   2637225   1
       256   1.886066e+08  2.077597e+08  1.040457e+03   2647187   1
       257   5.374654e+08  2.085594e+08  1.045194e+03   2657362   1
       258   2.031318e+08  2.085716e+08  1.049983e+03   2667501   1
       259   4.406859e+08  2.088251e+08  1.054808e+03   2677844   1
       260   2.591676e+08  2.088411e+08  1.059607e+03   2688016   1
       261   2.103211e+08  2.088472e+08  1.064456e+03   2698255   1
       262   2.889245e+08  2.088484e+08  1.069415e+03   2708722   1
       263   2.850141e+08  2.091526e+08  1.074395e+03   2719273   1
       264   1.641650e+08  2.094158e+08  1.084087e+03   2729168   1
       265   1.814476e+08  2.094553e+08  1.089014e+03   2739346   1
       266   2.270933e+08  2.094603e+08  1.093852e+03   2749605   1
       267   1.639340e+08  2.095432e+08  1.098707e+03   2760091   1
       268   2.183868e+08  2.095931e+08  1.103623e+03   2770522   1
       269   2.035052e+08  2.095948e+08  1.108591e+03   2780893   1
       270   2.299678e+08  2.098775e+08  1.113444e+03   2791092   1
       271   2.919182e+08  2.100244e+08  1.118395e+03   2801489   1
       272   2.783188e+08  2.100697e+08  1.123494e+03   2811890   1
       273   3.320214e+08  2.100742e+08  1.128521e+03   2821795   1
       274   2.447591e+08  2.101465e+08  1.138334e+03   2832264   1
       275   3.172333e+08  2.102478e+08  1.143260e+03   2842610   1
       276   6.337891e+08  2.105289e+08  1.148154e+03   2852752   1
       277   3.627840e+08  2.107454e+08  1.153090e+03   2862991   1
       278   2.344809e+08  2.110852e+08  1.158168e+03   2873588   1
       279   2.729882e+08  2.112156e+08  1.163157e+03   2884097   1
       280   2.439572e+08  2.116653e+08  1.168184e+03   2894542   1
       281   2.270846e+08  2.117012e+08  1.173191e+03   2904641   1
       282   2.907506e+08  2.117024e+08  1.178324e+03   2914799   1
       283   3.676636e+08  2.117226e+08  1.183527e+03   2925078   1
       284   2.267467e+08  2.117251e+08  1.193481e+03   2935343   1
       285   2.243848e+08  2.119583e+08  1.198571e+03   2945961   1
       286   3.710106e+08  2.121169e+08  1.203528e+03   2956513   1
       287   2.317914e+08  2.122287e+08  1.208600e+03   2967288   1
       288   4.115051e+08  2.122348e+08  1.213643e+03   2977280   1
       289   3.435393e+08  2.122590e+08  1.218667e+03   2987777   1
       290   1.874264e+08  2.126334e+08  1.223735e+03   2998010   1
       291   2.997430e+08  2.126335e+08  1.228874e+03   3008575   1
       292   5.803001e+08  2.129179e+08  1.234130e+03   3019156   1
       293   2.228180e+08  2.130925e+08  1.239363e+03   3029015   1
       294   2.126567e+08  2.130941e+08  1.249688e+03   3039383   1
       295   2.060819e+08  2.131256e+08  1.254783e+03   3049756   1
       296   2.257777e+08  2.132964e+08  1.259780e+03   3059461   1
       297   4.147709e+08  2.134863e+08  1.264941e+03   3070037   1
       298   2.050901e+08  2.136539e+08  1.270092e+03   3080566   1
       299   3.674555e+08  2.139049e+08  1.275278e+03   3091167   1
       300   2.284438e+08  2.139192e+08  1.280472e+03   3101304   1
       301   2.010030e+08  2.139222e+08  1.285699e+03   3111822   1
       302   3.144801e+08  2.144690e+08  1.290954e+03   3122039   1
       303   2.903704e+08  2.144732e+08  1.296321e+03   3132511   1
       304   4.577970e+08  2.144760e+08  1.306702e+03   3142933   1
       305   1.787644e+08  2.144774e+08  1.311912e+03   3153434   1
       306   1.966707e+08  2.145895e+08  1.317052e+03   3163656   1
       307   1.911138e+08  2.145919e+08  1.322313e+03   3174390   1
       308   1.995696e+08  2.146127e+08  1.327472e+03   3184191   1
       309   2.915560e+08  2.146165e+08  1.332747e+03   3194562   1
       310   1.934365e+08  2.146165e+08  1.337988e+03   3204739   1
       311   1.905666e+08  2.146167e+08  1.343285e+03   3215056   1
       312   3.684011e+08  2.147304e+08  1.348677e+03   3225189   1
       313   2.226978e+08  2.147440e+08  1.354132e+03   3235450   1
       314   7.267701e+08  2.148030e+08  1.364674e+03   3245504   1
       315   1.649296e+08  2.148048e+08  1.369949e+03   3255848   1
       316   2.185628e+08  2.152318e+08  1.375277e+03   3266360   1
       317   1.930167e+08  2.153953e+08  1.380521e+03   3276501   1
       318   2.668724e+08  2.154332e+08  1.385794e+03   3286596   1
       319   3.396677e+08  2.156716e+08  1.391094e+03   3297026   1
       320   2.313684e+08  2.157294e+08  1.396491e+03   3307499   1
       321   1.209320e+08  2.157562e+08  1.401780e+03   3317427   1
       322   2.000191e+08  2.159391e+08  1.407242e+03   3327527   1
       323   2.634337e+08  2.161506e+08  1.412845e+03   3338176   1
       324   2.014247e+08  2.161899e+08  1.423854e+03   3348630   1
       325   4.506472e+08  2.162256e+08  1.429156e+03   3358995   1
       326   3.108589e+08  2.163241e+08  1.434534e+03   3369607   1
       327   2.535141e+08  2.163341e+08  1.439911e+03   3379185   1
       328   2.735057e+08  2.164942e+08  1.445352e+03   3389468   1
       329   2.757742e+08  2.174113e+08  1.450855e+03   3399945   1
       330   1.775841e+08  2.174851e+08  1.456293e+03   3410174   1
       331   1.668255e+08  2.174856e+08  1.461787e+03   3420462   1
       332   3.111242e+08  2.174880e+08  1.467315e+03   3430618   1
       333   1.491363e+08  2.174924e+08  1.472951e+03   3441078   1
       334   1.474526e+08  2.177066e+08  1.478684e+03   3450987   1
       335   3.005628e+08  2.177104e+08  1.489589e+03   3461387   1
       336   2.275632e+08  2.177140e+08  1.494967e+03   3471592   1
       337   2.169524e+08  2.178445e+08  1.500401e+03   3481754   1
       338   3.201987e+08  2.178503e+08  1.505894e+03   3492304   1
       339   2.454862e+08  2.182804e+08  1.511378e+03   3502770   1
       340   3.242734e+08  2.185636e+08  1.516926e+03   3513290   1
       341   2.249869e+08  2.191312e+08  1.522512e+03   3523801   1
       342   4.585535e+08  2.191726e+08  1.528037e+03   3534034   1
       343   2.676606e+08  2.192510e+08  1.533752e+03   3544699   1
       344   2.033749e+08  2.192541e+08  1.539575e+03   3555160   1
       345   1.890284e+08  2.194721e+08  1.550900e+03   3565488   1
       346   1.872359e+08  2.195150e+08  1.556512e+03   3576124   1
       347   1.945714e+08  2.197201e+08  1.562074e+03   3586429   1
       348   2.313258e+08  2.197220e+08  1.567650e+03   3596751   1
       349   2.945855e+08  2.198931e+08  1.573270e+03   3607114   1
       350   3.045539e+08  2.199251e+08  1.578819e+03   3616969   1
       351   2.513843e+08  2.209476e+08  1.584479e+03   3627326   1
       352   3.338777e+08  2.211254e+08  1.590103e+03   3638121   1
       353   2.197304e+08  2.211307e+08  1.595758e+03   3647980   1
       354   1.478217e+08  2.211392e+08  1.601620e+03   3658650   1
       355   3.132439e+08  2.211698e+08  1.607492e+03   3669285   1
       356   2.200910e+08  2.212360e+08  1.618944e+03   3679859   1
       357   1.923480e+08  2.212410e+08  1.624580e+03   3690075   1
       358   2.035617e+08  2.213063e+08  1.630296e+03   3700749   1
       359   1.908519e+08  2.214452e+08  1.635947e+03   3710908   1
       360   4.115840e+08  2.214631e+08  1.641699e+03   3721342   1
       361   2.506676e+08  2.214905e+08  1.647370e+03   3731938   1
       362   5.141292e+08  2.216284e+08  1.653055e+03   3741999   1
       363   3.453365e+08  2.217079e+08  1.658763e+03   3752521   1
       364   2.775191e+08  2.218833e+08  1.664416e+03   3762627   1
       365   2.112141e+08  2.220435e+08  1.670266e+03   3772815   1
       366   1.953938e+08  2.220467e+08  1.676256e+03   3783103   1
       367   2.681238e+08  2.220890e+08  1.687749e+03   3793340   1
       368   2.627444e+08  2.220913e+08  1.693432e+03   3803769   1
       369   2.152271e+08  2.231371e+08  1.699142e+03   3814173   1
       370   1.999179e+08  2.232230e+08  1.704888e+03   3824583   1
       371   2.100865e+08  2.235176e+08  1.710688e+03   3834979   1
       372   1.539248e+08  2.236555e+08  1.716489e+03   3845265   1
       373   1.897464e+08  2.238585e+08  1.722337e+03   3855844   1
       374   6.080888e+08  2.238981e+08  1.728087e+03   3866030   1
       375   4.198864e+08  2.240343e+08  1.733958e+03   3876011   1
       376   3.998059e+08  2.240362e+08  1.739968e+03   3885934   1
       377   2.359944e+08  2.240655e+08  1.751864e+03   3895923   1
       378   2.994427e+08  2.240703e+08  1.757702e+03   3906609   1
       379   2.491180e+08  2.240956e+08  1.763488e+03   3916900   1
       380   2.544982e+08  2.243349e+08  1.769376e+03   3927124   1
       381   1.945097e+08  2.245824e+08  1.775268e+03   3937689   1
       382   1.770695e+08  2.248434e+08  1.781197e+03   3948363   1
       383   3.870132e+08  2.248454e+08  1.787034e+03   3958881   1
       384   1.587805e+08  2.248726e+08  1.792957e+03   3969378   1
       385   4.585939e+08  2.260435e+08  1.798900e+03   3980078   1
       386   2.650919e+08  2.262321e+08  1.804938e+03   3990494   1
       387   1.995093e+08  2.262652e+08  1.810976e+03   4000286   1
       388   3.415637e+08  2.263499e+08  1.817088e+03   4010533   1
       389   2.075869e+08  2.266874e+08  1.829093e+03   4020906   1
       390   2.833273e+08  2.267262e+08  1.835023e+03   4031381   1
       391   2.467413e+08  2.267493e+08  1.840945e+03   4041540   1
       392   3.587499e+08  2.267773e+08  1.846934e+03   4051943   1
       393   2.590953e+08  2.268963e+08  1.852864e+03   4062078   1
       394   2.888587e+08  2.272834e+08  1.858910e+03   4072705   1
       395   1.814601e+08  2.273130e+08  1.864967e+03   4083182   1
       396   1.867600e+08  2.275508e+08  1.870926e+03   4093420   1
       397   3.192311e+08  2.276664e+08  1.877064e+03   4103753   1
       398   2.177312e+08  2.276828e+08  1.883227e+03   4113788   1
       399   1.960189e+08  2.277262e+08  1.889529e+03   4124009   1
       400   2.474328e+08  2.277493e+08  1.901789e+03   4134482   1
       401   1.855950e+08  2.278793e+08  1.907797e+03   4144681   1
       402   2.318335e+08  2.279090e+08  1.913794e+03   4154946   1
       403   2.229234e+08  2.279708e+08  1.919808e+03   4165637   1
       404   1.855944e+08  2.279885e+08  1.925902e+03   4176134   1
       405   2.457184e+08  2.279930e+08  1.932042e+03   4186490   1
       406   1.593706e+08  2.280543e+08  1.938201e+03   4196870   1
       407   3.437520e+08  2.280694e+08  1.944303e+03   4207516   1
       408   3.134796e+08  2.280899e+08  1.950346e+03   4217376   1
       409   2.612125e+08  2.282903e+08  1.956641e+03   4227897   1
       410   2.312609e+08  2.287800e+08  1.963077e+03   4238459   1
       411   2.354061e+08  2.287961e+08  1.975614e+03   4248910   1
       412   1.486975e+08  2.288356e+08  1.981693e+03   4259248   1
       413   2.136116e+08  2.288400e+08  1.987798e+03   4269505   1
       414   3.462222e+08  2.288439e+08  1.993902e+03   4279777   1
       415   2.652571e+08  2.288548e+08  2.000061e+03   4290037   1
       416   1.795203e+08  2.288743e+08  2.006226e+03   4300502   1
       417   4.315959e+08  2.289424e+08  2.012385e+03   4310877   1
       418   2.996215e+08  2.289953e+08  2.018650e+03   4321351   1
       419   2.714635e+08  2.289959e+08  2.024893e+03   4331849   1
       420   3.092672e+08  2.291680e+08  2.031180e+03   4342025   1
       421   3.794163e+08  2.292734e+08  2.037551e+03   4352531   1
       422   3.092499e+08  2.292740e+08  2.050510e+03   4362989   1
       423   1.886513e+08  2.293111e+08  2.056679e+03   4373609   1
       424   3.464974e+08  2.293190e+08  2.062828e+03   4383824   1
       425   1.589488e+08  2.300030e+08  2.069064e+03   4394235   1
       426   1.870370e+08  2.300480e+08  2.075302e+03   4404087   1
       427   2.144562e+08  2.300678e+08  2.081661e+03   4414471   1
       428   2.134228e+08  2.302268e+08  2.087938e+03   4424904   1
       429   2.053304e+08  2.302338e+08  2.094272e+03   4435304   1
       430   5.431044e+08  2.308624e+08  2.100541e+03   4445681   1
       431   2.275144e+08  2.308731e+08  2.106900e+03   4455616   1
       432   1.489308e+08  2.308959e+08  2.113322e+03   4465821   1
       433   2.955409e+08  2.310823e+08  2.119849e+03   4476233   1
       434   2.835665e+08  2.316511e+08  2.132733e+03   4486635   1
       435   3.073969e+08  2.316569e+08  2.139059e+03   4497168   1
       436   2.028713e+08  2.316706e+08  2.145302e+03   4507425   1
       437   2.044619e+08  2.317847e+08  2.151645e+03   4517854   1
       438   1.805472e+08  2.318037e+08  2.158036e+03   4528423   1
       439   4.535216e+08  2.318850e+08  2.164354e+03   4538483   1
       440   2.624628e+08  2.319634e+08  2.170663e+03   4548626   1
       441   2.305638e+08  2.319734e+08  2.177051e+03   4558943   1
       442   2.049106e+08  2.321369e+08  2.183618e+03   4569328   1
       443   2.984092e+08  2.321388e+08  2.190116e+03   4579596   1
       444   3.509862e+08  2.322212e+08  2.196678e+03   4589991   1
       445   3.241940e+08  2.322748e+08  2.203357e+03   4600529   1
       446   3.102735e+08  2.322778e+08  2.216375e+03   4610911   1
       447   2.312958e+08  2.322995e+08  2.222756e+03   4621418   1
       448   2.049731e+08  2.323000e+08  2.229173e+03   4631500   1
       449   1.761411e+08  2.323236e+08  2.235613e+03   4641746   1
       450   2.612655e+08  2.323247e+08  2.242087e+03   4652261   1
       451   2.015911e+08  2.323299e+08  2.248462e+03   4662339   1
       452   3.231179e+08  2.323725e+08  2.255059e+03   4672501   1
       453   2.875264e+08  2.324074e+08  2.261607e+03   4682725   1
       454   3.973436e+08  2.325343e+08  2.268044e+03   4693126   1
       455   2.334846e+08  2.325350e+08  2.274694e+03   4703171   1
       456   2.000311e+08  2.325863e+08  2.281433e+03   4713374   1
       457   4.014643e+08  2.328930e+08  2.294975e+03   4723741   1
       458   1.857058e+08  2.329989e+08  2.301531e+03   4734028   1
       459   3.010809e+08  2.332811e+08  2.308040e+03   4744498   1
       460   2.187489e+08  2.332824e+08  2.314562e+03   4754789   1
       461   7.197232e+08  2.334217e+08  2.321104e+03   4765097   1
       462   3.126834e+08  2.334463e+08  2.327636e+03   4775638   1
       463   1.667794e+08  2.335246e+08  2.334241e+03   4785958   1
       464   2.539419e+08  2.335384e+08  2.340816e+03   4796421   1
       465   3.149231e+08  2.336018e+08  2.347352e+03   4806848   1
       466   2.398599e+08  2.336215e+08  2.354028e+03   4817069   1
       467   2.387655e+08  2.336378e+08  2.360766e+03   4827638   1
       468   4.493375e+08  2.336872e+08  2.367437e+03   4838006   1
       469   2.464373e+08  2.337506e+08  2.381210e+03   4848263   1
       470   4.404992e+08  2.337721e+08  2.387746e+03   4858512   1
       471   2.242117e+08  2.337796e+08  2.394415e+03   4869235   1
       472   1.910567e+08  2.337796e+08  2.401034e+03   4879434   1
       473   1.817539e+08  2.338358e+08  2.407733e+03   4889795   1
       474   4.056573e+08  2.339002e+08  2.414369e+03   4900282   1
       475   1.819182e+08  2.339007e+08  2.421163e+03   4910839   1
       476   3.113289e+08  2.341804e+08  2.427877e+03   4921463   1
       477   3.305714e+08  2.342258e+08  2.434530e+03   4931764   1
       478   4.391651e+08  2.342704e+08  2.441154e+03   4942091   1
       479   3.180149e+08  2.344261e+08  2.447903e+03   4952410   1
       480   2.730251e+08  2.345857e+08  2.454950e+03   4962777   1
       481   2.305077e+08  2.345902e+08  2.468991e+03   4973186   1
       482   2.550982e+08  2.345950e+08  2.475663e+03   4983568   1
       483   3.119057e+08  2.345951e+08  2.482390e+03   4993897   1
       484   1.964710e+08  2.345994e+08  2.489026e+03   5004338   1
       485   1.951166e+08  2.346075e+08  2.495780e+03   5014668   1
       486   1.745333e+08  2.346510e+08  2.502504e+03   5025239   1
       487   1.626769e+08  2.346662e+08  2.509175e+03   5035282   1
       488   2.071982e+08  2.347570e+08  2.515837e+03   5045317   1
       489   3.297930e+08  2.354015e+08  2.522567e+03   5055893   1
       490   3.316397e+08  2.354020e+08  2.529313e+03   5066352   1
       491   1.687659e+08  2.354114e+08  2.536224e+03   5077013   1
       492   1.843980e+08  2.355602e+08  2.543166e+03   5087220   1
       493   2.389816e+08  2.358889e+08  2.550191e+03   5097584   1
       494   1.735720e+08  2.358905e+08  2.564393e+03   5107736   1
       495   2.030617e+08  2.367584e+08  2.571149e+03   5117905   1
       496   2.176198e+08  2.367671e+08  2.577777e+03   5127500   1
       497   3.562765e+08  2.368273e+08  2.584567e+03   5137296   1
       498   1.418997e+08  2.368357e+08  2.591494e+03   5147550   1
       499   2.331836e+08  2.369070e+08  2.598320e+03   5157693   1
       500   2.102086e+08  2.369500e+08  2.605192e+03   5167954   1
       501   2.385798e+08  2.374831e+08  2.612052e+03   5178639   1
       502   3.915659e+08  2.375082e+08  2.618961e+03   5188866   1
       503   2.236778e+08  2.375358e+08  2.626051e+03   5198966   1
       504   2.575429e+08  2.377266e+08  2.633124e+03   5209438   1
       505   1.885000e+08  2.377273e+08  2.640312e+03   5219689   1
       506   8.660946e+08  2.377799e+08  2.654569e+03   5229592   1
       507   2.067914e+08  2.380080e+08  2.661477e+03   5240039   1
       508   2.153202e+08  2.380092e+08  2.668347e+03   5250428   1
       509   1.373258e+08  2.380146e+08  2.675372e+03   5261003   1
       510   2.330520e+08  2.380219e+08  2.682394e+03   5271583   1
       511   2.376680e+08  2.380263e+08  2.689322e+03   5281700   1
       512   2.222230e+08  2.380382e+08  2.696319e+03   5292119   1
       513   1.850863e+08  2.380383e+08  2.703366e+03   5302614   1
       514   2.549548e+08  2.381296e+08  2.710391e+03   5312946   1
       515   1.826600e+08  2.381296e+08  2.717599e+03   5322913   1
       516   2.081941e+08  2.381384e+08  2.724733e+03   5333153   1
       517   2.143559e+08  2.381391e+08  2.732022e+03   5343713   1
       518   2.900824e+08  2.381454e+08  2.746697e+03   5354376   1
       519   5.498954e+08  2.381753e+08  2.753689e+03   5364211   1
       520   2.273073e+08  2.381825e+08  2.760703e+03   5374782   1
       521   1.859991e+08  2.381864e+08  2.767695e+03   5385000   1
       522   2.683487e+08  2.381890e+08  2.774736e+03   5395424   1
       523   2.215586e+08  2.381984e+08  2.781764e+03   5405861   1
       524   1.656829e+08  2.382366e+08  2.788986e+03   5416543   1
       525   4.311646e+08  2.382404e+08  2.796023e+03   5426730   1
       526   4.773307e+08  2.383520e+08  2.803112e+03   5436926   1
       527   2.118165e+08  2.383528e+08  2.810304e+03   5447182   1
       528   1.891207e+08  2.384218e+08  2.817546e+03   5457548   1
       529   1.595697e+08  2.384307e+08  2.824822e+03   5467593   1
       530   1.776598e+08  2.385316e+08  2.839988e+03   5477688   1
       531   2.073815e+08  2.385327e+08  2.847089e+03   5488242   1
       532   1.972004e+08  2.387190e+08  2.854232e+03   5498769   1
       533   2.791473e+08  2.387194e+08  2.861356e+03   5509103   1
       534   2.781785e+08  2.387390e+08  2.868445e+03   5519610   1
       535   3.230664e+08  2.390202e+08  2.875640e+03   5529998   1
       536   2.192388e+08  2.390304e+08  2.882858e+03   5540348   1
       537   1.763663e+08  2.393519e+08  2.890099e+03   5550648   1
       538   2.820068e+08  2.393524e+08  2.897255e+03   5561007   1
       539   1.947101e+08  2.394027e+08  2.904581e+03   5571287   1
       540   2.127516e+08  2.394107e+08  2.911976e+03   5581437   1
       541   4.203043e+08  2.394112e+08  2.919316e+03   5591832   1
       542   2.806523e+08  2.394814e+08  2.926676e+03   5602373   1
       543   2.572683e+08  2.394904e+08  2.941931e+03   5612514   1
       544   1.674376e+08  2.395599e+08  2.949211e+03   5623120   1
       545   1.716659e+08  2.395711e+08  2.956472e+03   5633352   1
       546   4.108466e+08  2.395778e+08  2.963784e+03   5643926   1
       547   1.954571e+08  2.396543e+08  2.971014e+03   5654142   1
       548   1.266856e+08  2.396993e+08  2.978322e+03   5664105   1
       549   2.911962e+08  2.397147e+08  2.985642e+03   5674373   1
       550   3.396793e+08  2.397148e+08  2.992912e+03   5684290   1
       551   1.754982e+08  2.397928e+08  3.000342e+03   5694979   1
       552   3.313742e+08  2.397929e+08  3.007698e+03   5705626   1
       553   2.247546e+08  2.400014e+08  3.015178e+03   5715527   1
       554   2.023688e+08  2.401279e+08  3.022684e+03   5725892   1
       555   2.005561e+08  2.401590e+08  3.030223e+03   5735977   1
       556   1.741013e+08  2.402118e+08  3.045712e+03   5746380   1
       557   2.175721e+08  2.402336e+08  3.053077e+03   5756867   1
       558   1.874805e+08  2.402369e+08  3.060459e+03   5767276   1
       559   4.020134e+08  2.405480e+08  3.067674e+03   5777878   1
       560   1.481023e+08  2.405499e+08  3.075099e+03   5787774   1
       561   1.891364e+08  2.406896e+08  3.082544e+03   5798022   1
       562   1.538311e+08  2.407122e+08  3.089885e+03   5808197   1
       563   2.050572e+08  2.407122e+08  3.097311e+03   5817834   1
       564   1.838007e+08  2.407796e+08  3.104708e+03   5828230   1
       565   1.543892e+08  2.408379e+08  3.112021e+03   5838537   1
       566   1.645968e+08  2.408404e+08  3.119621e+03   5848148   1
       567   2.648065e+08  2.408429e+08  3.127266e+03   5858659   1
       568   2.195361e+08  2.408435e+08  3.134948e+03   5869361   1
       569   5.471383e+08  2.408441e+08  3.150578e+03   5879613   1
       570   2.209223e+08  2.408454e+08  3.158029e+03   5890314   1
       571   2.127723e+08  2.409407e+08  3.165324e+03   5900649   1
       572   2.306428e+08  2.409413e+08  3.172796e+03   5911331   1
       573   1.619930e+08  2.409457e+08  3.180311e+03   5921572   1
       574   8.058498e+08  2.410617e+08  3.187708e+03   5931760   1
       575   2.165883e+08  2.410673e+08  3.195221e+03   5942011   1
       576   2.077171e+08  2.410801e+08  3.202808e+03   5952501   1
       577   2.423286e+08  2.412114e+08  3.210341e+03   5962707   1
       578   4.844887e+08  2.412230e+08  3.217811e+03   5973125   1
       579   6.150779e+08  2.412249e+08  3.225507e+03   5983298   1
       580   3.332162e+08  2.412293e+08  3.233216e+03   5993673   1
       581   2.412720e+08  2.412311e+08  3.240974e+03   6004011   1
       582   1.906952e+08  2.412323e+08  3.257140e+03   6014170   1
       583   3.716001e+08  2.412323e+08  3.264634e+03   6024516   1
       584   1.902852e+08  2.412332e+08  3.272264e+03   6034735   1
       585   3.350182e+08  2.412457e+08  3.279754e+03   6044812   1
       586   2.184177e+08  2.412457e+08  3.287298e+03   6055089   1
       587   2.283056e+08  2.413336e+08  3.294755e+03   6065474   1
       588   2.076700e+08  2.413397e+08  3.302434e+03   6076192   1
       589   4.535369e+08  2.415498e+08  3.310033e+03   6086429   1
       590   2.281626e+08  2.419294e+08  3.317677e+03   6096871   1
       591   1.748958e+08  2.419600e+08  3.325283e+03   6106479   1
       592   2.131261e+08  2.419666e+08  3.333091e+03   6116660   1
       593   2.181872e+08  2.421012e+08  3.340836e+03   6126841   1
       594   4.131308e+08  2.421209e+08  3.348678e+03   6137272   1
       595   2.528412e+08  2.421267e+08  3.364846e+03   6147544   1
       596   2.972054e+08  2.421400e+08  3.372558e+03   6158121   1
       597   4.387247e+08  2.422476e+08  3.380094e+03   6168716   1
       598   1.994861e+08  2.422586e+08  3.387791e+03   6179116   1
       599   4.122581e+08  2.422802e+08  3.395426e+03   6189440   1
       600   2.814610e+08  2.423051e+08  3.403150e+03   6199724   1
       601   2.906563e+08  2.423173e+08  3.410744e+03   6210190   1
       602   3.551046e+08  2.423724e+08  3.418395e+03   6220305   1
       603   1.796684e+08  2.423741e+08  3.426189e+03   6230602   1
       604   1.840871e+08  2.423903e+08  3.434032e+03   6240868   1
       605   1.615149e+08  2.423928e+08  3.441965e+03   6251198   1
       606   1.821896e+08  2.423932e+08  3.449893e+03   6261713   1
       607   3.115427e+08  2.425273e+08  3.457842e+03   6272037   1
       608   4.330065e+08  2.425694e+08  3.465777e+03   6282631   1
       609   1.449989e+08  2.428666e+08  3.482290e+03   6292884   1
       610   2.427240e+08  2.430248e+08  3.490090e+03   6303365   1
       611   7.393974e+08  2.430993e+08  3.497744e+03   6313384   1
       612   2.838446e+08  2.431613e+08  3.505566e+03   6323622   1
       613   2.106638e+08  2.433479e+08  3.513507e+03   6333905   1
       614   1.977601e+08  2.434000e+08  3.521331e+03   6344415   1
       615   2.217842e+08  2.434281e+08  3.529098e+03   6354830   1
       616   2.925451e+08  2.435401e+08  3.536841e+03   6364501   1
       617   2.571439e+08  2.436501e+08  3.544725e+03   6374935   1
       618   3.818225e+08  2.436664e+08  3.552469e+03   6385552   1
       619   8.776767e+08  2.437232e+08  3.560234e+03   6395919   1
       620   1.493217e+08  2.438171e+08  3.568327e+03   6405839   1
       621   2.766324e+08  2.438466e+08  3.576502e+03   6416033   1
       622   1.593616e+08  2.441316e+08  3.593508e+03   6426266   1
       623   2.430409e+08  2.441373e+08  3.601478e+03   6436562   1
       624   1.855395e+08  2.441546e+08  3.609284e+03   6446743   1
       625   2.276616e+08  2.443560e+08  3.617232e+03   6457187   1
       626   2.335027e+08  2.443619e+08  3.625133e+03   6467217   1
       627   2.727214e+08  2.444645e+08  3.632981e+03   6477823   1
       628   2.750446e+08  2.445782e+08  3.640852e+03   6488179   1
       629   2.450573e+08  2.446493e+08  3.648820e+03   6498691   1
       630   4.685523e+08  2.446664e+08  3.656775e+03   6508376   1
       631   2.626179e+08  2.446760e+08  3.664854e+03   6518591   1
       632   2.139951e+08  2.446833e+08  3.672802e+03   6528525   1
       633   2.009655e+08  2.447707e+08  3.680850e+03   6539089   1
       634   3.260640e+08  2.448732e+08  3.688921e+03   6549419   1
       635   3.723965e+08  2.448866e+08  3.697342e+03   6560042   1
       636   1.179393e+08  2.448883e+08  3.714570e+03   6570174   1
       637   2.362487e+08  2.448937e+08  3.722568e+03   6580523   1
       638   2.555739e+08  2.448954e+08  3.730646e+03   6591151   1
       639   2.322431e+08  2.449534e+08  3.738702e+03   6601116   1
       640   4.280074e+08  2.449878e+08  3.746811e+03   6611717   1
       641   2.112006e+08  2.449903e+08  3.754979e+03   6621957   1
       642   2.189394e+08  2.451183e+08  3.763064e+03   6632460   1
       643   2.542724e+08  2.451320e+08  3.771264e+03   6643067   1
       644   2.193480e+08  2.451774e+08  3.779343e+03   6653380   1
       645   2.412541e+08  2.452075e+08  3.787467e+03   6663792   1
       646   3.051013e+08  2.452080e+08  3.795668e+03   6674432   1
       647   1.895875e+08  2.452202e+08  3.803869e+03   6684814   1
       648   3.856285e+08  2.454951e+08  3.812209e+03   6695385   1
       649   2.159963e+08  2.454968e+08  3.820554e+03   6705566   1
       650   1.679703e+08  2.455134e+08  3.837849e+03   6715778   1
       651   2.410457e+08  2.455239e+08  3.845971e+03   6726180   1
       652   2.262493e+08  2.455838e+08  3.854062e+03   6736621   1
       653   2.047011e+08  2.455854e+08  3.862203e+03   6747137   1
       654   2.218410e+08  2.456057e+08  3.870353e+03   6757519   1
       655   1.677687e+08  2.456120e+08  3.878540e+03   6767778   1
       656   1.644001e+08  2.456779e+08  3.886650e+03   6778410   1
       657   1.913521e+08  2.459443e+08  3.894729e+03   6788757   1
       658   2.670017e+08  2.459454e+08  3.903040e+03   6799033   1
       659   3.469422e+08  2.459816e+08  3.911247e+03   6809662   1
       660   2.840627e+08  2.459833e+08  3.919518e+03   6819683   1
       661   1.555267e+08  2.462220e+08  3.927909e+03   6830127   1
       662   1.792203e+08  2.462627e+08  3.936441e+03   6839992   1
       663   2.172222e+08  2.462641e+08  3.944873e+03   6850272   1
       664   1.959958e+08  2.462692e+08  3.962370e+03   6860581   1
       665   2.412292e+08  2.462828e+08  3.970615e+03   6870911   1
       666   1.906890e+08  2.462832e+08  3.978886e+03   6880889   1
       667   2.179650e+08  2.462930e+08  3.987109e+03   6890908   1
       668   2.401343e+08  2.463346e+08  3.995355e+03   6901020   1
       669   1.614339e+08  2.463372e+08  4.003636e+03   6911433   1
       670   2.698144e+08  2.463683e+08  4.011818e+03   6921493   1
       671   4.773387e+08  2.464199e+08  4.020004e+03   6931697   1
       672   6.828055e+08  2.464210e+08  4.028269e+03   6942310   1
       673   2.561978e+08  2.464331e+08  4.036628e+03   6952664   1
       674   3.547440e+08  2.464436e+08  4.045032e+03   6963129   1
       675   4.105048e+08  2.464437e+08  4.053382e+03   6972722   1
       676   3.397336e+08  2.464507e+08  4.061824e+03   6983163   1
       677   2.352542e+08  2.465759e+08  4.070277e+03   6993308   1
       678   2.344106e+08  2.466099e+08  4.088316e+03   7003613   1
       679   2.792695e+08  2.466300e+08  4.096624e+03   7014228   1
       680   2.314246e+08  2.466311e+08  4.104931e+03   7024681   1
       681   1.650070e+08  2.466368e+08  4.113235e+03   7034848   1
       682   2.455528e+08  2.466370e+08  4.121703e+03   7045366   1
       683   2.289849e+08  2.466372e+08  4.130155e+03   7055767   1
       684   3.302021e+08  2.466455e+08  4.138426e+03   7065943   1
       685   2.259948e+08  2.466458e+08  4.146886e+03   7076221   1
       686   2.796964e+08  2.466487e+08  4.155269e+03   7086612   1
       687   3.041668e+08  2.466770e+08  4.163672e+03   7097181   1
       688   4.993981e+08  2.466771e+08  4.172130e+03   7107436   1
       689   2.303555e+08  2.466772e+08  4.180851e+03   7118027   1
       690   2.483961e+08  2.466838e+08  4.189476e+03   7128183   1
       691   1.805384e+08  2.466845e+08  4.198204e+03   7138603   1
       692   1.736503e+08  2.466848e+08  4.216550e+03   7148547   1
       693   2.483589e+08  2.467043e+08  4.224893e+03   7158796   1
       694   2.859624e+08  2.468735e+08  4.233440e+03   7169437   1
       695   1.263944e+08  2.468861e+08  4.242077e+03   7179607   1
       696   2.195156e+08  2.468865e+08  4.250689e+03   7190404   1
       697   3.903194e+08  2.468865e+08  4.259108e+03   7200567   1
       698   1.968209e+08  2.469323e+08  4.267620e+03   7211154   1
       699   2.433193e+08  2.469845e+08  4.276213e+03   7221811   1
       700   3.864696e+08  2.469979e+08  4.284829e+03   7231997   1
       701   2.301197e+08  2.470567e+08  4.293785e+03   7242136   1
       702   2.135151e+08  2.470626e+08  4.302417e+03   7252715   1
       703   2.122683e+08  2.470626e+08  4.311044e+03   7262470   1
       704   3.013784e+08  2.470638e+08  4.319808e+03   7272414   1
       705   3.651818e+08  2.470690e+08  4.328693e+03   7282589   1
       706   1.730291e+08  2.474300e+08  4.337544e+03   7292961   1
       707   2.033042e+08  2.474316e+08  4.356143e+03   7303397   1
       708   1.923584e+08  2.474418e+08  4.364710e+03   7313574   1
       709   2.498890e+08  2.475203e+08  4.373358e+03   7324039   1
       710   1.623197e+08  2.475962e+08  4.381963e+03   7334584   1
       711   3.073516e+08  2.476685e+08  4.390588e+03   7344690   1
       712   4.306889e+08  2.479098e+08  4.399218e+03   7355373   1
       713   2.020469e+08  2.479384e+08  4.408074e+03   7366099   1
       714   2.711464e+08  2.479471e+08  4.416929e+03   7376758   1
       715   2.752890e+08  2.479754e+08  4.425770e+03   7386631   1
       716   2.603090e+08  2.479979e+08  4.434687e+03   7396887   1
       717   2.375739e+08  2.480235e+08  4.443643e+03   7407187   1
       718   3.887916e+08  2.480272e+08  4.452688e+03   7417654   1
       719   2.061298e+08  2.480316e+08  4.462014e+03   7428187   1
       720   2.122433e+08  2.480351e+08  4.471341e+03   7438276   1
       721   5.925435e+08  2.480367e+08  4.490543e+03   7448458   1
       722   4.584730e+08  2.480393e+08  4.499262e+03   7458921   1
       723   1.521842e+08  2.480397e+08  4.508067e+03   7468612   1
       724   3.853300e+08  2.481285e+08  4.516837e+03   7478976   1
       725   2.572569e+08  2.481294e+08  4.525884e+03   7489479   1
       726   2.849750e+08  2.481512e+08  4.534743e+03   7500169   1
       727   1.558733e+08  2.481514e+08  4.543541e+03   7510408   1
       728   2.195022e+08  2.481515e+08  4.552433e+03   7521063   1
       729   3.114885e+08  2.481551e+08  4.561382e+03   7531701   1
       730   1.619027e+08  2.481551e+08  4.570382e+03   7541815   1
       731   1.829242e+08  2.481607e+08  4.579407e+03   7551761   1
       732   2.571219e+08  2.481681e+08  4.588316e+03   7562258   1
       733   2.221152e+08  2.481701e+08  4.597205e+03   7572246   1
       734   2.188289e+08  2.481751e+08  4.606455e+03   7582656   1
       735   2.717342e+08  2.481820e+08  4.615541e+03   7592714   1
       736   2.819712e+08  2.482187e+08  4.635119e+03   7603041   1
       737   2.014151e+08  2.482262e+08  4.644003e+03   7613500   1
       738   2.186698e+08  2.483528e+08  4.652886e+03   7623669   1
       739   1.764906e+08  2.483607e+08  4.661722e+03   7633864   1
       740   2.253283e+08  2.485449e+08  4.670695e+03   7644091   1
       741   3.802006e+08  2.485469e+08  4.679791e+03   7654269   1
       742   2.143136e+08  2.485582e+08  4.688886e+03   7664612   1
       743   1.900427e+08  2.485894e+08  4.698073e+03   7674822   1
       744   4.081593e+08  2.485906e+08  4.706977e+03   7685320   1
       745   2.676702e+08  2.486545e+08  4.715955e+03   7695647   1
       746   1.912478e+08  2.486643e+08  4.724907e+03   7706232   1
       747   3.177658e+08  2.487091e+08  4.733999e+03   7716882   1
       748   2.923969e+08  2.488725e+08  4.743150e+03   7727520   1
       749   2.335864e+08  2.488783e+08  4.752402e+03   7738071   1
       750   2.700257e+08  2.490753e+08  4.761731e+03   7748176   1
       751   2.532541e+08  2.490753e+08  4.781619e+03   7758774   1
       752   2.479923e+08  2.490935e+08  4.790588e+03   7769277   1
       753   2.147217e+08  2.491174e+08  4.799748e+03   7779445   1
       754   2.390461e+08  2.491356e+08  4.808838e+03   7789971   1
       755   2.656099e+08  2.492452e+08  4.817928e+03   7800392   1
       756   2.782343e+08  2.493227e+08  4.827022e+03   7810891   1
       757   3.240907e+08  2.493517e+08  4.835931e+03   7821081   1
       758   2.222483e+08  2.493538e+08  4.844961e+03   7831365   1
       759   2.560403e+08  2.493840e+08  4.854089e+03   7842046   1
       760   3.089272e+08  2.494724e+08  4.863187e+03   7852486   1
       761   2.951231e+08  2.495045e+08  4.872292e+03   7862967   1
       762   2.347139e+08  2.495201e+08  4.881666e+03   7873468   1
       763   2.708292e+08  2.495221e+08  4.890837e+03   7883701   1
       764   2.075354e+08  2.495281e+08  4.900162e+03   7893936   1
       765   2.183515e+08  2.496180e+08  4.909427e+03   7903766   1
       766   4.734971e+08  2.496546e+08  4.918753e+03   7914436   1
       767   3.004426e+08  2.496888e+08  4.938817e+03   7924935   1
       768   2.779385e+08  2.496910e+08  4.947941e+03   7934969   1
       769   1.854912e+08  2.496928e+08  4.957088e+03   7945124   1
       770   2.363328e+08  2.497112e+08  4.966310e+03   7955420   1
       771   3.020415e+08  2.499540e+08  4.975372e+03   7966113   1
       772   2.766241e+08  2.500741e+08  4.984573e+03   7976628   1
       773   2.668403e+08  2.501237e+08  4.993761e+03   7987288   1
       774   3.596302e+08  2.502869e+08  5.002956e+03   7997734   1
       775   3.686281e+08  2.503530e+08  5.012142e+03   8008328   1
       776   2.592280e+08  2.504382e+08  5.021479e+03   8018741   1
       777   2.682561e+08  2.507635e+08  5.030872e+03   8029198   1
       778   2.773621e+08  2.507635e+08  5.040224e+03   8039706   1
       779   2.435647e+08  2.507673e+08  5.049670e+03   8049934   1
       780   2.283130e+08  2.507737e+08  5.059206e+03   8060045   1
       781   1.894175e+08  2.507745e+08  5.068827e+03   8070128   1
       782   2.315584e+08  2.507838e+08  5.089257e+03   8080603   1
       783   2.561014e+08  2.507840e+08  5.098535e+03   8091161   1
       784   2.525410e+08  2.507851e+08  5.107732e+03   8101229   1
       785   3.446855e+08  2.507864e+08  5.116888e+03   8111462   1
       786   2.078556e+08  2.508785e+08  5.126132e+03   8121975   1
       787   1.978895e+08  2.509408e+08  5.135356e+03   8132430   1
       788   3.391304e+08  2.511455e+08  5.144711e+03   8142894   1
       789   2.021672e+08  2.511574e+08  5.154157e+03   8153497   1
       790   6.734248e+08  2.511645e+08  5.163342e+03   8163849   1
       791   2.138034e+08  2.511720e+08  5.172827e+03   8174285   1
       792   1.907123e+08  2.512068e+08  5.182258e+03   8185044   1
       793   2.335354e+08  2.512373e+08  5.191579e+03   8195321   1
       794   2.526413e+08  2.512386e+08  5.201187e+03   8205680   1
       795   3.047085e+08  2.513168e+08  5.210667e+03   8215926   1
       796   3.077491e+08  2.514362e+08  5.220187e+03   8226543   1
       797   2.577753e+08  2.514588e+08  5.229866e+03   8237145   1
       798   2.286327e+08  2.515308e+08  5.250811e+03   8247414   1
       799   2.246846e+08  2.515308e+08  5.260162e+03   8257886   1
       800   2.300875e+08  2.515337e+08  5.269406e+03   8268528   1
       801   1.894084e+08  2.515435e+08  5.278663e+03   8278966   1
       802   3.260337e+08  2.515458e+08  5.287964e+03   8289386   1
       803   1.702716e+08  2.515572e+08  5.297486e+03   8299310   1
       804   2.271485e+08  2.515573e+08  5.306845e+03   8309790   1
       805   2.757577e+08  2.516478e+08  5.316216e+03   8320434   1
       806   2.327529e+08  2.516488e+08  5.325592e+03   8331154   1
       807   2.179987e+08  2.516490e+08  5.335025e+03   8341821   1
       808   1.931996e+08  2.516545e+08  5.344638e+03   8351908   1
       809   1.612344e+08  2.516579e+08  5.354133e+03   8362160   1
       810   3.370483e+08  2.516628e+08  5.363735e+03   8372135   1
       811   4.181952e+08  2.516648e+08  5.373244e+03   8382185   1
       812   1.635480e+08  2.516666e+08  5.383006e+03   8392428   1
       813   1.840250e+08  2.520617e+08  5.392717e+03   8402905   1
       814   2.052266e+08  2.520622e+08  5.413311e+03   8413434   1
       815   2.947410e+08  2.520625e+08  5.422788e+03   8423980   1
       816   2.204281e+08  2.521583e+08  5.432311e+03   8434265   1
       817   2.134140e+08  2.523190e+08  5.441835e+03   8444645   1
       818   1.914048e+08  2.523748e+08  5.451442e+03   8455160   1
       819   2.052757e+08  2.524045e+08  5.461043e+03   8465306   1
       820   3.566508e+08  2.525862e+08  5.470421e+03   8475576   1
       821   1.848829e+08  2.526319e+08  5.479855e+03   8486001   1
       822   2.031684e+08  2.526364e+08  5.489408e+03   8496284   1
       823   2.468362e+08  2.526398e+08  5.499082e+03   8506877   1
       824   4.360777e+08  2.527051e+08  5.508541e+03   8517341   1
       825   3.249836e+08  2.528055e+08  5.518286e+03   8527601   1
       826   4.210319e+08  2.528540e+08  5.527980e+03   8538227   1
       827   2.866181e+08  2.528670e+08  5.537757e+03   8548079   1
       828   2.266437e+08  2.530605e+08  5.547487e+03   8558604   1
       829   2.419320e+08  2.530680e+08  5.557303e+03   8569162   1
       830   2.111779e+08  2.530827e+08  5.578364e+03   8579525   1
       831   1.945858e+08  2.530843e+08  5.588067e+03   8589635   1
       832   4.518089e+08  2.531619e+08  5.597646e+03   8600289   1
       833   2.639292e+08  2.531624e+08  5.607361e+03   8610430   1
       834   2.423550e+08  2.531630e+08  5.617071e+03   8620921   1
       835   3.435978e+08  2.532478e+08  5.626679e+03   8631355   1
       836   1.741289e+08  2.532927e+08  5.636500e+03   8641366   1
       837   2.333762e+08  2.533249e+08  5.646221e+03   8651780   1
       838   2.520419e+08  2.533792e+08  5.655933e+03   8662515   1
       839   3.500138e+08  2.533820e+08  5.665660e+03   8672986   1
       840   2.210170e+08  2.533838e+08  5.675369e+03   8683274   1
       841   1.311998e+08  2.533890e+08  5.685098e+03   8692982   1
       842   2.635849e+08  2.534145e+08  5.695024e+03   8703446   1
       843   2.456077e+08  2.534362e+08  5.704872e+03   8714243   1
       844   2.839236e+08  2.534403e+08  5.714805e+03   8725010   1
       845   2.246433e+08  2.534432e+08  5.724845e+03   8735357   1
       846   6.566696e+08  2.535109e+08  5.746095e+03   8745456   1
       847   2.433926e+08  2.536380e+08  5.755991e+03   8755750   1
       848   2.168957e+08  2.536494e+08  5.765836e+03   8766282   1
       849   1.935053e+08  2.536512e+08  5.775613e+03   8776562   1
       850   2.071855e+08  2.537245e+08  5.785545e+03   8787076   1
       851   6.813291e+08  2.537420e+08  5.795178e+03   8797407   1
       852   1.953331e+08  2.537595e+08  5.805101e+03   8807861   1
       853   3.085914e+08  2.538294e+08  5.814936e+03   8817758   1
       854   4.829982e+08  2.538800e+08  5.824700e+03   8827991   1
       855   1.868840e+08  2.538926e+08  5.834695e+03   8838521   1
       856   3.726369e+08  2.539594e+08  5.844596e+03   8848888   1
       857   2.135364e+08  2.541075e+08  5.854422e+03   8859293   1
       858   2.499418e+08  2.541107e+08  5.864399e+03   8869995   1
       859   4.784050e+08  2.542723e+08  5.874392e+03   8880327   1
       860   3.907491e+08  2.542756e+08  5.884249e+03   8890879   1
       861   2.460634e+08  2.542771e+08  5.894294e+03   8901193   1
       862   2.626789e+08  2.543650e+08  5.904397e+03   8911375   1
       863   5.267165e+08  2.544717e+08  5.926053e+03   8921676   1
       864   2.330936e+08  2.545177e+08  5.936024e+03   8931982   1
       865   3.611991e+08  2.547165e+08  5.945795e+03   8942740   1
       866   2.524375e+08  2.547769e+08  5.955664e+03   8953195   1
       867   2.158835e+08  2.548122e+08  5.965473e+03   8963509   1
       868   2.154614e+08  2.548410e+08  5.975486e+03   8973720   1
       869   2.149252e+08  2.548559e+08  5.985546e+03   8984121   1
       870   6.693611e+08  2.548720e+08  5.995393e+03   8994392   1
       871   1.930099e+08  2.548772e+08  6.005438e+03   9004979   1
       872   2.067472e+08  2.548788e+08  6.015452e+03   9015147   1
       873   1.958070e+08  2.550433e+08  6.025448e+03   9025381   1
       874   2.800920e+08  2.551187e+08  6.035663e+03   9035796   1
       875   3.547971e+08  2.551332e+08  6.045730e+03   9045993   1
       876   3.275909e+08  2.551352e+08  6.055949e+03   9056199   1
       877   2.123816e+08  2.552084e+08  6.066147e+03   9066680   1
       878   2.702634e+08  2.552089e+08  6.076384e+03   9077112   1
       879   2.131110e+08  2.552189e+08  6.086611e+03   9087791   1
       880   3.024579e+08  2.552224e+08  6.108414e+03   9098304   1
       881   5.848743e+08  2.553057e+08  6.118111e+03   9108423   1
       882   2.370186e+08  2.555810e+08  6.128230e+03   9118952   1
       883   2.382135e+08  2.555823e+08  6.138481e+03   9129095   1
       884   3.021133e+08  2.555833e+08  6.148490e+03   9139597   1
       885   2.673897e+08  2.555892e+08  6.158502e+03   9150196   1
       886   2.513761e+08  2.555904e+08  6.168497e+03   9160635   1
       887   1.473038e+08  2.555925e+08  6.178605e+03   9170641   1
       888   4.990597e+08  2.555943e+08  6.188796e+03   9180926   1
       889   1.609927e+08  2.555944e+08  6.199101e+03   9191177   1
       890   2.465837e+08  2.555947e+08  6.209298e+03   9201416   1
       891   3.732032e+08  2.557051e+08  6.219471e+03   9211527   1
       892   2.090744e+08  2.557058e+08  6.229714e+03   9222068   1
       893   2.867140e+08  2.557079e+08  6.239977e+03   9232235   1
       894   2.100048e+08  2.557159e+08  6.250523e+03   9242626   1
       895   2.388458e+08  2.559420e+08  6.260878e+03   9253015   1
       896   4.515140e+08  2.560234e+08  6.283412e+03   9263634   1
       897   2.065943e+08  2.560260e+08  6.293730e+03   9274056   1
       898   2.997353e+08  2.560317e+08  6.303920e+03   9284171   1
       899   2.791601e+08  2.560319e+08  6.314034e+03   9294628   1
       900   2.475691e+08  2.560610e+08  6.324279e+03   9305302   1
       901   2.857720e+08  2.560625e+08  6.334477e+03   9315467   1
       902   2.294492e+08  2.560628e+08  6.344687e+03   9325854   1
       903   4.505363e+08  2.561502e+08  6.354695e+03   9336133   1
       904   1.910903e+08  2.561545e+08  6.364937e+03   9346837   1
       905   3.752496e+08  2.561549e+08  6.375152e+03   9356933   1
       906   2.487803e+08  2.561941e+08  6.385462e+03   9367365   1
       907   1.599088e+08  2.564310e+08  6.395836e+03   9377373   1
       908   2.647393e+08  2.564531e+08  6.406122e+03   9387899   1
       909   4.436159e+08  2.564775e+08  6.416390e+03   9398469   1
       910   1.987364e+08  2.564776e+08  6.426766e+03   9408417   1
       911   2.291278e+08  2.565313e+08  6.437105e+03   9419094   1
       912   1.992106e+08  2.565351e+08  6.447575e+03   9429521   1
       913   3.499506e+08  2.567431e+08  6.457986e+03   9440151   1
       914   1.646405e+08  2.567847e+08  6.480631e+03   9450471   1
       915   1.721757e+08  2.567857e+08  6.491026e+03   9460742   1
       916   2.385538e+08  2.568050e+08  6.501181e+03   9471215   1
       917   1.839118e+08  2.568436e+08  6.511494e+03   9481477   1
       918   3.341796e+08  2.568544e+08  6.521788e+03   9492193   1
       919   2.083750e+08  2.568680e+08  6.532169e+03   9502615   1
       920   1.529219e+08  2.568752e+08  6.542582e+03   9513036   1
       921   3.499388e+08  2.569162e+08  6.552969e+03   9523472   1
       922   2.753871e+08  2.569251e+08  6.563328e+03   9533948   1
       923   2.986669e+08  2.569296e+08  6.573625e+03   9544438   1
       924   3.123467e+08  2.569348e+08  6.584026e+03   9555071   1
       925   2.079094e+08  2.569350e+08  6.594458e+03   9565403   1
       926   3.901717e+08  2.569595e+08  6.604859e+03   9575898   1
       927   1.752476e+08  2.569609e+08  6.615379e+03   9586391   1
       928   2.093000e+08  2.569963e+08  6.626000e+03   9597049   1
       929   5.236148e+08  2.570083e+08  6.636657e+03   9607100   1
       930   2.090356e+08  2.570563e+08  6.647394e+03   9617340   1
       931   3.702645e+08  2.570597e+08  6.670341e+03   9627599   1
       932   1.615715e+08  2.571027e+08  6.681004e+03   9637684   1
       933   2.176218e+08  2.571287e+08  6.691492e+03   9648000   1
       934   2.963491e+08  2.571310e+08  6.701944e+03   9658453   1
       935   2.968020e+08  2.571632e+08  6.712399e+03   9669285   1
       936   1.390121e+08  2.571644e+08  6.722994e+03   9679347   1
       937   2.067235e+08  2.571717e+08  6.733543e+03   9689694   1
       938   2.191222e+08  2.571739e+08  6.744081e+03   9699940   1
       939   2.023418e+08  2.571819e+08  6.754610e+03   9710247   1
       940   2.396124e+08  2.571826e+08  6.765332e+03   9720426   1
       941   2.016209e+08  2.571837e+08  6.775980e+03   9730693   1
       942   2.573668e+08  2.571854e+08  6.786585e+03   9741294   1
       943   3.423797e+08  2.571887e+08  6.797170e+03   9751833   1
       944   2.957676e+08  2.571949e+08  6.807834e+03   9762457   1
       945   3.445658e+08  2.571955e+08  6.818541e+03   9772251   1
       946   2.376343e+08  2.572318e+08  6.829460e+03   9782814   1
       947   3.561516e+08  2.572345e+08  6.840245e+03   9793235   1
       948   2.298486e+08  2.572353e+08  6.863742e+03   9803719   1
       949   3.045781e+08  2.575050e+08  6.874251e+03   9814007   1
       950   2.370034e+08  2.576114e+08  6.884841e+03   9823808   1
       951   1.726101e+08  2.576426e+08  6.895491e+03   9834230   1
       952   1.536382e+08  2.576647e+08  6.905965e+03   9844730   1
       953   5.728914e+08  2.577030e+08  6.916606e+03   9854990   1
       954   1.618095e+08  2.577813e+08  6.927235e+03   9865529   1
       955   2.191616e+08  2.577860e+08  6.937993e+03   9875469   1
       956   1.950165e+08  2.577939e+08  6.948859e+03   9886072   1
       957   2.762835e+08  2.578067e+08  6.959607e+03   9896315   1
       958   2.386916e+08  2.578069e+08  6.970574e+03   9906851   1
       959   1.914278e+08  2.578105e+08  6.981424e+03   9917257   1
       960   2.318521e+08  2.578169e+08  6.992199e+03   9927628   1
       961   1.652981e+08  2.578253e+08  7.003082e+03   9937172   1
       962   2.745066e+08  2.578298e+08  7.013921e+03   9947538   1
       963   2.198120e+08  2.578301e+08  7.024846e+03   9957754   1
       964   2.029842e+08  2.578307e+08  7.035955e+03   9968123   1
       965   2.865865e+08  2.578315e+08  7.059561e+03   9978737   1
       966   1.870774e+08  2.578343e+08  7.070268e+03   9989004   1
       967   2.096487e+08  2.578620e+08  7.081069e+03   9999424   1
       968   2.097635e+08  2.578626e+08  7.091879e+03  10009730   1
       969   3.794703e+08  2.578875e+08  7.102482e+03  10020386   1
       970   2.857123e+08  2.579631e+08  7.113219e+03  10030957   1
       971   4.232318e+08  2.580059e+08  7.123996e+03  10041204   1
       972   1.890762e+08  2.580103e+08  7.134846e+03  10051184   1
       973   3.110401e+08  2.580296e+08  7.145610e+03  10061791   1
       974   1.910283e+08  2.580503e+08  7.156396e+03  10072306   1
       975   1.816238e+08  2.581486e+08  7.167215e+03  10082647   1
       976   2.364087e+08  2.581503e+08  7.178046e+03  10093194   1
       977   4.140712e+08  2.581715e+08  7.188844e+03  10103612   1
       978   3.523707e+08  2.581874e+08  7.199899e+03  10114058   1
       979   2.346011e+08  2.581890e+08  7.210883e+03  10124780   1
-------------------------------------------------------------------
status         : time_limit
total time (s) : 7.210883e+03
total solves   : 10124780
best bound     :  2.581890e+08
simulation ci  :  2.799262e+08  8.121796e+06
numeric issues : 0
-------------------------------------------------------------------

 
                                        Time                    Allocations      
                                  
       Tot / % measured:            2.00h /  99.9%            859GiB /  99.9%    

 Section               ncalls     time    %tot     avg     alloc    %tot      avg
 
 backward_pass            979    1.99h   99.5%   7.33s    850GiB   99.1%   890MiB
   solve_subproblem     10.0M    2612s   36.2%   261s    508GiB   59.2%  53.2KiB
     get_dual_solution  10.0M    46.9s    0.7%  4.69s   14.3GiB    1.7%  1.50KiB
   prepare_backward...  1.96k    1.25s    0.0%   637s    312MiB    0.0%   163KiB
 forward_pass             979    30.8s    0.4%  31.4ms   6.84GiB    0.8%  7.15MiB
   solve_subproblem      117k    28.2s    0.4%   240s   5.98GiB    0.7%  53.4KiB
     get_dual_solution   117k    116ms    0.0%   988ns   62.7MiB    0.0%     560B
   sample_scenario        979   4.93ms    0.0%  5.04s    153KiB    0.0%     160B
 calculate_bound          979    2.41s    0.0%  2.46ms    839MiB    0.1%   877KiB
   get_dual_solution      979   1.29ms    0.0%  1.32s    535KiB    0.0%     560B
 


||||||||||||||||||||||||||||||||||||||||||||||||||||||||||||||||||||||||||||||||||||||||||||||||||||||||||||||||||||||||||||||||||||||||
SIMULATION RESULTS
LogLinearSDDP.NoSimulation()
markov
Lower bound: 2.5818900443489838e8
Statistical upper bound (confidence interval): 3.230103476092351e8  6.438347975856162e6
Pessimistic upper bound: 3.294486955850913e8

||||||||||||||||||||||||||||||||||||||||||||||||||||||||||||||||||||||||||||||||||||||||||||||||||||||||||||||||||||||||||||||||||||||||
SIMULATION RESULTS
LogLinearSDDP.NoSimulation()
markov
Lower bound: 2.5818900443489838e8
Statistical upper bound (confidence interval): 2.0765800668127775e8  5.278910425556571e6
Pessimistic upper bound: 2.1293691710683432e8

||||||||||||||||||||||||||||||||||||||||||||||||||||||||||||||||||||||||||||||||||||||||||||||||||||||||||||||||||||||||||||||||||||||||
SIMULATION RESULTS
LogLinearSDDP.NoSimulation()
custom_model
Lower bound: 2.5818900443489838e8
Statistical upper bound (confidence interval): 3.860612025142116e8  7.903504487450989e6
Pessimistic upper bound: 3.939647070016626e8

||||||||||||||||||||||||||||||||||||||||||||||||||||||||||||||||||||||||||||||||||||||||||||||||||||||||||||||||||||||||||||||||||||||||
SIMULATION RESULTS
LogLinearSDDP.NoSimulation()
custom_model
Lower bound: 2.5818900443489838e8
Statistical upper bound (confidence interval): 2.4933834204900855e8  6.446620084642884e6
Pessimistic upper bound: 2.5578496213365144e8

||||||||||||||||||||||||||||||||||||||||||||||||||||||||||||||||||||||||||||||||||||||||||||||||||||||||||||||||||||||||||||||||||||||||
SIMULATION RESULTS
LogLinearSDDP.NoSimulation()
fitted_model
Lower bound: 2.5818900443489838e8
Statistical upper bound (confidence interval): 2.814775848823352e8  4.843069839535888e6
Pessimistic upper bound: 2.863206547218711e8

||||||||||||||||||||||||||||||||||||||||||||||||||||||||||||||||||||||||||||||||||||||||||||||||||||||||||||||||||||||||||||||||||||||||
SIMULATION RESULTS
LogLinearSDDP.NoSimulation()
fitted_model
Lower bound: 2.5818900443489838e8
Statistical upper bound (confidence interval): 1.8973594497238997e8  4.0511006803357285e6
Pessimistic upper bound: 1.937870456527257e8

||||||||||||||||||||||||||||||||||||||||||||||||||||||||||||||||||||||||||||||||||||||||||||||||||||||||||||||||||||||||||||||||||||||||
SIMULATION RESULTS
LogLinearSDDP.NoSimulation()
shapiro_model
Lower bound: 2.5818900443489838e8
Statistical upper bound (confidence interval): 2.9180090478806174e8  5.552435451077075e6
Pessimistic upper bound: 2.9735334023913884e8

||||||||||||||||||||||||||||||||||||||||||||||||||||||||||||||||||||||||||||||||||||||||||||||||||||||||||||||||||||||||||||||||||||||||
SIMULATION RESULTS
LogLinearSDDP.NoSimulation()
shapiro_model
Lower bound: 2.5818900443489838e8
Statistical upper bound (confidence interval): 1.9579849565775725e8  4.62263654611814e6
Pessimistic upper bound: 2.004211322038754e8

||||||||||||||||||||||||||||||||||||||||||||||||||||||||||||||||||||||||||||||||||||||||||||||||||||||||||||||||||||||||||||||||||||||||
SIMULATION RESULTS
LogLinearSDDP.NoSimulation()
markov
Lower bound: 2.5813544918461952e8
Statistical upper bound (confidence interval): 4.869680052630615e8  8.341776237533769e7
Pessimistic upper bound: 5.703857676383992e8

||||||||||||||||||||||||||||||||||||||||||||||||||||||||||||||||||||||||||||||||||||||||||||||||||||||||||||||||||||||||||||||||||||||||
SIMULATION RESULTS
LogLinearSDDP.NoSimulation()
markov
Lower bound: 2.5813544918461952e8
Statistical upper bound (confidence interval): 3.1609023221741277e8  6.770538929177558e7
Pessimistic upper bound: 3.8379562150918835e8
