||||||||||||||||||||||||||||||||||||||||||||||||||||||||||||||||||||||||||||||||||||||||||||||||||||||||||||||||||||||||||||||||||||||||
PATH
calling 
C:\Users\cg4102\Documents\New LogLinearSDDP\LogLinearSDDP.jl\Examples\Hydrothermal
C:\Users\cg4102\Documents\New LogLinearSDDP\LogLinearSDDP.jl\Examples\Hydrothermal\run_model_markov.jl
DATETIME
2025-04-28T00:24:43.631
RUN DESCRIPTION
LogLinearSDDP.AlgoParams(SDDP.AbstractStoppingRule[SDDP.TimeLimit(7200.0)], LogLinearSDDP.NoSimulation(), false, 2, 1, "C:/Users/cg4102/Documents/julia_logs/Cut-sharing Re-Run (2h)/Run_MC-SDDP_lattice_11111/MC-SDDP.log", false, false, false, 11111, "MC-SDDP: 100 nodes, lattice", :fitted_model)
-------------------------------------------------------------------
         SDDP.jl (c) Oscar Dowson and contributors, 2017-23
-------------------------------------------------------------------
problem
  nodes           : 11901
  state variables : 4
  scenarios       : 6.68857e+229
  existing cuts   : false
options
  solver          : serial mode
  risk measure    : SDDP.Expectation()
  sampling scheme : SDDP.InSampleMonteCarlo
subproblem structure
  VariableRef                                  : [142, 142]
  JuMP.AffExpr in MOI.EqualTo{Float64}         : [13, 13]
  JuMP.VariableRef in MOI.GreaterThan{Float64} : [138, 138]
  JuMP.VariableRef in MOI.LessThan{Float64}    : [129, 130]
-------------------------------------------------------------------
 iteration    simulation      bound        time (s)     solves  pid
-------------------------------------------------------------------
         1   1.626538e+09  8.816023e+05  9.823000e+00     10250   1
         2   1.104744e+09  1.757232e+06  1.365900e+01     20902   1
         3   1.040908e+09  1.869079e+06  1.707800e+01     31540   1
         4   5.034224e+08  1.427175e+07  2.062000e+01     41672   1
         5   8.197149e+08  1.728680e+07  2.353000e+01     51696   1
         6   3.807242e+08  1.940052e+07  2.660900e+01     62109   1
         7   4.751485e+08  3.336289e+07  2.978700e+01     72560   1
         8   6.236591e+08  3.607924e+07  3.259600e+01     82666   1
         9   6.422396e+08  3.768001e+07  3.562900e+01     92883   1
        10   3.915993e+08  4.152266e+07  3.857400e+01    103314   1
        11   8.126757e+08  4.333439e+07  4.153700e+01    113741   1
        12   4.754969e+08  4.344840e+07  4.443200e+01    124032   1
        13   1.797815e+08  4.628417e+07  4.730400e+01    134484   1
        14   7.878830e+08  5.843157e+07  5.039800e+01    144995   1
        15   3.552468e+08  6.188399e+07  5.346200e+01    155329   1
        16   4.704442e+08  6.938220e+07  5.645100e+01    165880   1
        17   3.423345e+08  7.355696e+07  5.940200e+01    176058   1
        18   3.053743e+08  7.483210e+07  6.257500e+01    186686   1
        19   2.648919e+08  7.581259e+07  6.542200e+01    197349   1
        20   3.391589e+08  7.713066e+07  6.842300e+01    207829   1
        21   1.889770e+08  7.871776e+07  7.150100e+01    217946   1
        22   1.915393e+08  8.141291e+07  7.461400e+01    228354   1
        23   7.635128e+08  8.144929e+07  7.759700e+01    238460   1
        24   4.799881e+08  8.191033e+07  8.077100e+01    249143   1
        25   1.658434e+08  8.513820e+07  8.367600e+01    259761   1
        26   9.987885e+08  8.559088e+07  8.656600e+01    270052   1
        27   4.711250e+08  8.642230e+07  8.940200e+01    280302   1
        28   2.144745e+08  8.671769e+07  9.255300e+01    290726   1
        29   4.435547e+08  8.789254e+07  9.573000e+01    301408   1
        30   5.089536e+08  8.933171e+07  9.837400e+01    311435   1
        31   1.831297e+08  8.956277e+07  1.014450e+02    321805   1
        32   4.208444e+08  9.026730e+07  1.045570e+02    331952   1
        33   2.257397e+08  9.037089e+07  1.073650e+02    342314   1
        34   2.236515e+08  9.066316e+07  1.105310e+02    352796   1
        35   4.777811e+08  9.140713e+07  1.135780e+02    362892   1
        36   1.937268e+08  9.149381e+07  1.165940e+02    373405   1
        37   1.979650e+08  9.463134e+07  1.198640e+02    383919   1
        38   3.997116e+08  9.854550e+07  1.229660e+02    394301   1
        39   7.837222e+08  1.052653e+08  1.257160e+02    404401   1
        40   7.360364e+08  1.064579e+08  1.288810e+02    414836   1
        41   3.670619e+08  1.094454e+08  1.320160e+02    425227   1
        42   5.618362e+08  1.099588e+08  1.350090e+02    435617   1
        43   1.788816e+08  1.101614e+08  1.382060e+02    446099   1
        44   3.497835e+08  1.109414e+08  1.413530e+02    456722   1
        45   7.536437e+08  1.146916e+08  1.441990e+02    466664   1
        46   2.355058e+08  1.164651e+08  1.472600e+02    476670   1
        47   3.777092e+08  1.188320e+08  1.504770e+02    486992   1
        48   5.142906e+08  1.192959e+08  1.534110e+02    497447   1
        49   3.337229e+08  1.217978e+08  1.566500e+02    507803   1
        50   8.948711e+08  1.223682e+08  1.597650e+02    517885   1
        51   3.438779e+08  1.229356e+08  1.627640e+02    528510   1
        52   5.618180e+08  1.244104e+08  1.659880e+02    539109   1
        53   3.705694e+08  1.244836e+08  1.690830e+02    549126   1
        54   2.378112e+08  1.271347e+08  1.723380e+02    559459   1
        55   2.130434e+08  1.284367e+08  1.754530e+02    570168   1
        56   3.385178e+08  1.293448e+08  1.789020e+02    580898   1
        57   1.982610e+08  1.295826e+08  1.821100e+02    590945   1
        58   7.344889e+08  1.306976e+08  1.850880e+02    601188   1
        59   3.247741e+08  1.314010e+08  1.882830e+02    611418   1
        60   3.332103e+08  1.318347e+08  1.915140e+02    621854   1
        61   6.903515e+08  1.325467e+08  1.944660e+02    632185   1
        62   8.450267e+08  1.336464e+08  1.977500e+02    642336   1
        63   2.629582e+08  1.337420e+08  2.011180e+02    652895   1
        64   6.590509e+08  1.365362e+08  2.041730e+02    663318   1
        65   4.841470e+08  1.366439e+08  2.075600e+02    673798   1
        66   2.138020e+08  1.397267e+08  2.109640e+02    684456   1
        67   2.298907e+08  1.399052e+08  2.141210e+02    695051   1
        68   6.973761e+08  1.401873e+08  2.173810e+02    705347   1
        69   4.638108e+08  1.412261e+08  2.207360e+02    715692   1
        70   2.731023e+08  1.424693e+08  2.238050e+02    726001   1
        71   4.297115e+08  1.462076e+08  2.271780e+02    736619   1
        72   9.018545e+08  1.462792e+08  2.304570e+02    746563   1
        73   2.660375e+08  1.478402e+08  2.338640e+02    757000   1
        74   3.944706e+08  1.491987e+08  2.369590e+02    767375   1
        75   4.010683e+08  1.492195e+08  2.403820e+02    778026   1
        76   2.096094e+08  1.507945e+08  2.437870e+02    788469   1
        77   3.113470e+08  1.516002e+08  2.469680e+02    799101   1
        78   2.445428e+08  1.517718e+08  2.503860e+02    809418   1
        79   4.445143e+08  1.530489e+08  2.538710e+02    820059   1
        80   2.080911e+08  1.534301e+08  2.569750e+02    830509   1
        81   3.576468e+08  1.555733e+08  2.605200e+02    840929   1
        82   2.396510e+08  1.572760e+08  2.658910e+02    851486   1
        83   4.451421e+08  1.574214e+08  2.695980e+02    861672   1
        84   2.224497e+08  1.578413e+08  2.733210e+02    872341   1
        85   1.756409e+08  1.587279e+08  2.770110e+02    882458   1
        86   1.974553e+08  1.587347e+08  2.809250e+02    892859   1
        87   3.100362e+08  1.596121e+08  2.847980e+02    903206   1
        88   3.284147e+08  1.597435e+08  2.886450e+02    913220   1
        89   2.522256e+08  1.598855e+08  2.925300e+02    923721   1
        90   2.799810e+08  1.605768e+08  2.963710e+02    933985   1
        91   4.256440e+08  1.620485e+08  3.002230e+02    944332   1
        92   3.747885e+08  1.623723e+08  3.041880e+02    954533   1
        93   3.623822e+08  1.633812e+08  3.080980e+02    964867   1
        94   3.611905e+08  1.656384e+08  3.120510e+02    975209   1
        95   5.005431e+08  1.659673e+08  3.159140e+02    985472   1
        96   4.320164e+08  1.664046e+08  3.199090e+02    995858   1
        97   4.071654e+08  1.664586e+08  3.238020e+02   1006070   1
        98   3.670181e+08  1.679001e+08  3.278470e+02   1016561   1
        99   3.719505e+08  1.697763e+08  3.317460e+02   1026891   1
       100   4.573935e+08  1.699322e+08  3.356950e+02   1036991   1
       101   1.936180e+08  1.719248e+08  3.397110e+02   1047703   1
       102   2.924412e+08  1.722824e+08  3.437300e+02   1058290   1
       103   4.693487e+08  1.725923e+08  3.477030e+02   1068852   1
       104   6.001258e+08  1.728495e+08  3.516520e+02   1079268   1
       105   4.590275e+08  1.740343e+08  3.557380e+02   1089870   1
       106   4.851926e+08  1.744083e+08  3.596990e+02   1100239   1
       107   1.876916e+08  1.758649e+08  3.637320e+02   1110661   1
       108   2.685913e+08  1.762720e+08  3.678010e+02   1121233   1
       109   2.722317e+08  1.766902e+08  3.717610e+02   1131584   1
       110   4.524288e+08  1.777079e+08  3.758410e+02   1141915   1
       111   3.955973e+08  1.777421e+08  3.798580e+02   1152430   1
       112   3.859256e+08  1.778187e+08  3.838660e+02   1163010   1
       113   2.152085e+08  1.782776e+08  3.879390e+02   1173552   1
       114   6.108122e+08  1.789531e+08  3.919170e+02   1183930   1
       115   3.734634e+08  1.797299e+08  3.958860e+02   1194269   1
       116   4.589658e+08  1.800689e+08  3.999980e+02   1204941   1
       117   4.133163e+08  1.802325e+08  4.041160e+02   1215572   1
       118   5.346317e+08  1.806942e+08  4.082080e+02   1225993   1
       119   2.070570e+08  1.822105e+08  4.122210e+02   1236301   1
       120   3.197950e+08  1.822707e+08  4.163350e+02   1246782   1
       121   4.917652e+08  1.823650e+08  4.203760e+02   1256754   1
       122   2.106736e+08  1.826148e+08  4.245010e+02   1267077   1
       123   3.388231e+08  1.830340e+08  4.287280e+02   1277727   1
       124   7.092078e+08  1.833121e+08  4.327440e+02   1288174   1
       125   3.804253e+08  1.835240e+08  4.368590e+02   1298508   1
       126   5.238371e+08  1.835362e+08  4.409560e+02   1308765   1
       127   3.459436e+08  1.835510e+08  4.450720e+02   1319107   1
       128   1.707858e+08  1.836373e+08  4.492370e+02   1329535   1
       129   2.483705e+08  1.839291e+08  4.534170e+02   1340186   1
       130   2.524149e+08  1.840960e+08  4.576520e+02   1350765   1
       131   4.636443e+08  1.849307e+08  4.618770e+02   1361068   1
       132   2.396201e+08  1.849387e+08  4.661770e+02   1371693   1
       133   6.663295e+08  1.853151e+08  4.703580e+02   1382130   1
       134   4.690632e+08  1.853151e+08  4.745850e+02   1392283   1
       135   4.956519e+08  1.859607e+08  4.788130e+02   1402680   1
       136   2.895959e+08  1.860386e+08  4.829940e+02   1413036   1
       137   2.309223e+08  1.861089e+08  4.873110e+02   1423857   1
       138   2.531219e+08  1.862108e+08  4.916410e+02   1434361   1
       139   2.512021e+08  1.868009e+08  4.958460e+02   1444691   1
       140   2.372614e+08  1.872422e+08  5.001220e+02   1455085   1
       141   3.512795e+08  1.872755e+08  5.045130e+02   1465601   1
       142   3.335031e+08  1.875258e+08  5.087440e+02   1475692   1
       143   1.929342e+08  1.878123e+08  5.129460e+02   1485689   1
       144   6.150228e+08  1.879394e+08  5.172860e+02   1496262   1
       145   1.806133e+08  1.880741e+08  5.215680e+02   1506701   1
       146   3.792002e+08  1.884591e+08  5.259270e+02   1517442   1
       147   2.153911e+08  1.895605e+08  5.302900e+02   1527963   1
       148   7.219860e+08  1.902293e+08  5.346420e+02   1538315   1
       149   3.190037e+08  1.903163e+08  5.390970e+02   1549003   1
       150   1.950718e+08  1.904703e+08  5.434660e+02   1559485   1
       151   3.325615e+08  1.908939e+08  5.479090e+02   1570136   1
       152   3.766556e+08  1.909899e+08  5.522850e+02   1580353   1
       153   4.062131e+08  1.913976e+08  5.567760e+02   1591168   1
       154   7.002148e+08  1.914192e+08  5.611650e+02   1601528   1
       155   5.989143e+08  1.915783e+08  5.656570e+02   1612058   1
       156   2.236029e+08  1.915951e+08  5.701530e+02   1622580   1
       157   2.322941e+08  1.923202e+08  5.746540e+02   1632980   1
       158   3.448555e+08  1.924093e+08  5.790930e+02   1643603   1
       159   2.655572e+08  1.934935e+08  5.835740e+02   1654158   1
       160   2.827516e+08  1.935163e+08  5.880750e+02   1664552   1
       161   6.073711e+08  1.935573e+08  5.924820e+02   1674650   1
       162   4.610178e+08  1.936020e+08  5.969560e+02   1684955   1
       163   5.892171e+08  1.937036e+08  6.015300e+02   1695252   1
       164   2.276992e+08  1.944409e+08  6.061150e+02   1705759   1
       165   2.029958e+08  1.946190e+08  6.106680e+02   1716135   1
       166   4.789175e+08  1.946361e+08  6.152790e+02   1726511   1
       167   2.998719e+08  1.946505e+08  6.198470e+02   1737152   1
       168   1.962262e+08  1.948678e+08  6.243760e+02   1747410   1
       169   1.965835e+08  1.964459e+08  6.289550e+02   1757856   1
       170   6.461607e+08  1.970794e+08  6.335320e+02   1768395   1
       171   3.298939e+08  1.971112e+08  6.381160e+02   1778794   1
       172   2.119249e+08  1.972488e+08  6.428840e+02   1789454   1
       173   5.221901e+08  1.976708e+08  6.474390e+02   1799714   1
       174   3.238419e+08  1.976978e+08  6.520690e+02   1810197   1
       175   4.762167e+08  1.977064e+08  6.569130e+02   1820379   1
       176   2.812671e+08  1.980150e+08  6.615080e+02   1830553   1
       177   2.195570e+08  1.982913e+08  6.661800e+02   1841117   1
       178   3.006733e+08  1.984968e+08  6.708930e+02   1851605   1
       179   4.522368e+08  1.985054e+08  6.755790e+02   1861932   1
       180   4.021421e+08  1.986800e+08  6.801840e+02   1872165   1
       181   2.601877e+08  1.989678e+08  6.850190e+02   1882833   1
       182   2.420028e+08  2.012839e+08  6.897870e+02   1893306   1
       183   2.230346e+08  2.018302e+08  6.945900e+02   1904015   1
       184   2.454533e+08  2.021829e+08  6.992880e+02   1914539   1
       185   1.747016e+08  2.026610e+08  7.040960e+02   1924931   1
       186   3.293215e+08  2.027741e+08  7.088460e+02   1935204   1
       187   2.690197e+08  2.033031e+08  7.136400e+02   1945488   1
       188   2.301883e+08  2.048746e+08  7.184680e+02   1955903   1
       189   3.180670e+08  2.058816e+08  7.233320e+02   1966625   1
       190   2.846929e+08  2.060002e+08  7.281390e+02   1977122   1
       191   2.039463e+08  2.066315e+08  7.330580e+02   1988032   1
       192   4.494219e+08  2.067056e+08  7.378550e+02   1998161   1
       193   2.365669e+08  2.069097e+08  7.426910e+02   2008643   1
       194   2.480604e+08  2.069199e+08  7.475370e+02   2018999   1
       195   2.745250e+08  2.072913e+08  7.524340e+02   2029384   1
       196   2.105841e+08  2.078736e+08  7.572670e+02   2039792   1
       197   3.533543e+08  2.080228e+08  7.621350e+02   2049618   1
       198   5.554444e+08  2.084063e+08  7.670470e+02   2059932   1
       199   2.665281e+08  2.085179e+08  7.720020e+02   2070567   1
       200   2.573936e+08  2.089436e+08  7.769820e+02   2081192   1
       201   2.826913e+08  2.090092e+08  7.819280e+02   2091828   1
       202   2.392031e+08  2.090530e+08  7.867800e+02   2102125   1
       203   2.198294e+08  2.090867e+08  7.917550e+02   2112423   1
       204   1.691592e+08  2.092221e+08  7.966810e+02   2123038   1
       205   2.378980e+08  2.092317e+08  8.017770e+02   2133717   1
       206   5.716540e+08  2.099363e+08  8.067150e+02   2144106   1
       207   3.089293e+08  2.106700e+08  8.117860e+02   2154725   1
       208   4.487948e+08  2.106702e+08  8.167230e+02   2165068   1
       209   2.010572e+08  2.106807e+08  8.218120e+02   2175654   1
       210   6.029845e+08  2.115319e+08  8.267410e+02   2186119   1
       211   1.840376e+08  2.115419e+08  8.318710e+02   2196336   1
       212   4.326218e+08  2.115799e+08  8.369510e+02   2206769   1
       213   1.975973e+08  2.116141e+08  8.420180e+02   2217051   1
       214   3.253209e+08  2.116667e+08  8.470200e+02   2227354   1
       215   6.498412e+08  2.118309e+08  8.520930e+02   2237760   1
       216   4.931092e+08  2.124669e+08  8.571720e+02   2248315   1
       217   2.653540e+08  2.125185e+08  8.622860e+02   2258648   1
       218   2.177743e+08  2.125292e+08  8.673040e+02   2268759   1
       219   1.984922e+08  2.126086e+08  8.724800e+02   2279473   1
       220   2.426533e+08  2.127251e+08  8.775110e+02   2289776   1
       221   5.759060e+08  2.127771e+08  8.827330e+02   2300364   1
       222   2.552279e+08  2.129325e+08  8.878890e+02   2310641   1
       223   2.229548e+08  2.129579e+08  8.930460e+02   2320896   1
       224   5.036751e+08  2.130607e+08  8.982130e+02   2331159   1
       225   2.358633e+08  2.130640e+08  9.034060e+02   2341803   1
       226   2.674885e+08  2.130648e+08  9.086190e+02   2352150   1
       227   2.364747e+08  2.131174e+08  9.138610e+02   2362753   1
       228   2.066079e+08  2.131512e+08  9.191700e+02   2373436   1
       229   2.356977e+08  2.135952e+08  9.243400e+02   2383984   1
       230   3.635084e+08  2.135955e+08  9.296920e+02   2394605   1
       231   2.069355e+08  2.139087e+08  9.350060e+02   2405014   1
       232   2.117878e+08  2.142629e+08  9.403750e+02   2415484   1
       233   4.659824e+08  2.149327e+08  9.456490e+02   2426056   1
       234   5.398071e+08  2.153191e+08  9.509090e+02   2436318   1
       235   1.750626e+08  2.153303e+08  9.561840e+02   2446370   1
       236   2.428294e+08  2.156234e+08  9.614740e+02   2456893   1
       237   3.595494e+08  2.156711e+08  9.667950e+02   2467146   1
       238   3.736379e+08  2.157215e+08  9.721660e+02   2477670   1
       239   5.526514e+08  2.157346e+08  9.774310e+02   2488051   1
       240   1.849504e+08  2.157825e+08  9.828560e+02   2498584   1
       241   2.535236e+08  2.161179e+08  9.883720e+02   2509341   1
       242   3.612972e+08  2.161259e+08  9.935640e+02   2519082   1
       243   4.775571e+08  2.161645e+08  9.989540e+02   2529252   1
       244   3.433324e+08  2.167543e+08  1.004413e+03   2539557   1
       245   2.186531e+08  2.168118e+08  1.009948e+03   2550095   1
       246   3.609278e+08  2.168155e+08  1.015256e+03   2560249   1
       247   2.578456e+08  2.179560e+08  1.020694e+03   2570475   1
       248   2.211496e+08  2.185711e+08  1.026213e+03   2581140   1
       249   2.647611e+08  2.190415e+08  1.031738e+03   2591569   1
       250   2.519611e+08  2.190461e+08  1.037262e+03   2601991   1
       251   1.895033e+08  2.191844e+08  1.042640e+03   2612314   1
       252   1.761727e+08  2.199826e+08  1.048316e+03   2622913   1
       253   2.529781e+08  2.204289e+08  1.053856e+03   2633520   1
       254   5.316193e+08  2.204681e+08  1.059405e+03   2643819   1
       255   2.579596e+08  2.204971e+08  1.064907e+03   2654229   1
       256   5.324060e+08  2.206088e+08  1.070335e+03   2664304   1
       257   2.841545e+08  2.206521e+08  1.075988e+03   2674529   1
       258   2.157637e+08  2.206726e+08  1.081595e+03   2685256   1
       259   2.984373e+08  2.207010e+08  1.087202e+03   2695392   1
       260   3.023382e+08  2.211702e+08  1.092794e+03   2706236   1
       261   2.248592e+08  2.217600e+08  1.098377e+03   2716408   1
       262   2.363298e+08  2.218013e+08  1.104097e+03   2727083   1
       263   2.878447e+08  2.222174e+08  1.109743e+03   2737612   1
       264   2.588848e+08  2.223469e+08  1.115457e+03   2748292   1
       265   1.046598e+09  2.223958e+08  1.121069e+03   2758317   1
       266   7.134246e+08  2.223976e+08  1.126671e+03   2768498   1
       267   2.248395e+08  2.230320e+08  1.132369e+03   2779136   1
       268   3.499974e+08  2.230387e+08  1.138166e+03   2789495   1
       269   6.085448e+08  2.230534e+08  1.143730e+03   2799725   1
       270   2.099454e+08  2.231295e+08  1.149640e+03   2810304   1
       271   2.038796e+08  2.231755e+08  1.155377e+03   2820626   1
       272   2.594897e+08  2.232103e+08  1.161102e+03   2830855   1
       273   4.463893e+08  2.232305e+08  1.166912e+03   2841296   1
       274   1.798221e+08  2.235334e+08  1.172701e+03   2851817   1
       275   2.131554e+08  2.242196e+08  1.178477e+03   2862549   1
       276   4.637660e+08  2.242199e+08  1.184268e+03   2872727   1
       277   3.618937e+08  2.242255e+08  1.190143e+03   2882925   1
       278   4.177498e+08  2.242498e+08  1.195925e+03   2893204   1
       279   4.262331e+08  2.243962e+08  1.201783e+03   2903534   1
       280   4.531447e+08  2.244676e+08  1.207516e+03   2914063   1
       281   3.702946e+08  2.244724e+08  1.213352e+03   2924317   1
       282   2.897198e+08  2.245477e+08  1.219265e+03   2934616   1
       283   1.992039e+08  2.250499e+08  1.225207e+03   2945181   1
       284   4.209269e+08  2.250536e+08  1.231071e+03   2955891   1
       285   3.270536e+08  2.251875e+08  1.237011e+03   2966413   1
       286   3.071373e+08  2.254008e+08  1.242935e+03   2976848   1
       287   4.242348e+08  2.254305e+08  1.248869e+03   2987106   1
       288   1.726707e+08  2.256645e+08  1.254810e+03   2997551   1
       289   1.859690e+08  2.257670e+08  1.260687e+03   3007743   1
       290   2.932165e+08  2.259116e+08  1.266661e+03   3018232   1
       291   2.887862e+08  2.266400e+08  1.272612e+03   3028793   1
       292   1.608070e+08  2.267095e+08  1.278580e+03   3039153   1
       293   7.079835e+08  2.267907e+08  1.284615e+03   3049557   1
       294   3.681427e+08  2.272899e+08  1.290639e+03   3059910   1
       295   3.040665e+08  2.275053e+08  1.296559e+03   3070437   1
       296   2.065923e+08  2.275860e+08  1.302662e+03   3081038   1
       297   2.036421e+08  2.279139e+08  1.308727e+03   3091452   1
       298   6.203823e+08  2.280313e+08  1.314822e+03   3101872   1
       299   2.886419e+08  2.280322e+08  1.320831e+03   3112078   1
       300   2.144902e+08  2.284206e+08  1.327070e+03   3122477   1
       301   4.075764e+08  2.284661e+08  1.333094e+03   3132867   1
       302   2.663805e+08  2.284698e+08  1.339175e+03   3143230   1
       303   3.775851e+08  2.286197e+08  1.345177e+03   3153678   1
       304   1.865801e+08  2.288640e+08  1.351253e+03   3164114   1
       305   2.925166e+08  2.289159e+08  1.357368e+03   3174744   1
       306   2.475329e+08  2.289244e+08  1.363488e+03   3185152   1
       307   2.507833e+08  2.289523e+08  1.369671e+03   3195336   1
       308   2.686125e+08  2.289700e+08  1.375857e+03   3205830   1
       309   7.593554e+08  2.289749e+08  1.381971e+03   3216179   1
       310   2.441345e+08  2.290081e+08  1.388177e+03   3226697   1
       311   1.933835e+08  2.290085e+08  1.394347e+03   3237133   1
       312   1.976932e+08  2.290243e+08  1.400670e+03   3247372   1
       313   4.104112e+08  2.292028e+08  1.406865e+03   3257855   1
       314   3.457207e+08  2.292045e+08  1.413110e+03   3267881   1
       315   1.427897e+08  2.293317e+08  1.419653e+03   3278147   1
       316   1.745927e+08  2.293620e+08  1.426095e+03   3288459   1
       317   2.188789e+08  2.294860e+08  1.432673e+03   3298923   1
       318   5.305488e+08  2.299714e+08  1.439167e+03   3309045   1
       319   2.754149e+08  2.299804e+08  1.445688e+03   3319629   1
       320   5.031450e+08  2.299911e+08  1.452124e+03   3330163   1
       321   7.065063e+08  2.299946e+08  1.458693e+03   3340623   1
       322   3.491741e+08  2.300127e+08  1.465346e+03   3350867   1
       323   4.930030e+08  2.301083e+08  1.472117e+03   3361397   1
       324   2.783319e+08  2.301197e+08  1.478922e+03   3372097   1
       325   3.073450e+08  2.302683e+08  1.485731e+03   3382617   1
       326   3.560326e+08  2.302869e+08  1.492636e+03   3392970   1
       327   1.998100e+08  2.303018e+08  1.499596e+03   3403425   1
       328   3.966805e+08  2.303859e+08  1.506405e+03   3413633   1
       329   3.886778e+08  2.304278e+08  1.513364e+03   3424118   1
       330   2.434768e+08  2.304633e+08  1.520389e+03   3434533   1
       331   2.805381e+08  2.305518e+08  1.527461e+03   3445055   1
       332   2.414147e+08  2.305674e+08  1.534412e+03   3455559   1
       333   4.214916e+08  2.305861e+08  1.541488e+03   3465816   1
       334   3.128475e+08  2.306204e+08  1.548424e+03   3476200   1
       335   2.983528e+08  2.306730e+08  1.555288e+03   3486631   1
       336   1.990995e+08  2.307691e+08  1.562490e+03   3497368   1
       337   5.055151e+08  2.308863e+08  1.569315e+03   3507716   1
       338   2.807374e+08  2.309757e+08  1.576133e+03   3518035   1
       339   4.333239e+08  2.312750e+08  1.583028e+03   3528540   1
       340   3.627838e+08  2.312929e+08  1.590093e+03   3538811   1
       341   2.041358e+08  2.314324e+08  1.597051e+03   3549237   1
       342   4.614403e+08  2.317455e+08  1.603892e+03   3559331   1
       343   4.940373e+08  2.320075e+08  1.610834e+03   3569555   1
       344   1.933535e+08  2.320374e+08  1.617992e+03   3579942   1
       345   2.229348e+08  2.321560e+08  1.625024e+03   3590362   1
       346   5.416296e+08  2.322017e+08  1.632097e+03   3600652   1
       347   3.055639e+08  2.322135e+08  1.639205e+03   3610826   1
       348   7.882465e+08  2.324898e+08  1.646125e+03   3621437   1
       349   3.273993e+08  2.325200e+08  1.653143e+03   3631349   1
       350   1.954015e+08  2.326784e+08  1.660389e+03   3641678   1
       351   2.637927e+08  2.327139e+08  1.667374e+03   3651974   1
       352   2.009518e+08  2.327392e+08  1.674530e+03   3662444   1
       353   2.443903e+08  2.327412e+08  1.681567e+03   3672807   1
       354   2.390622e+08  2.330075e+08  1.688811e+03   3683346   1
       355   2.500583e+08  2.330295e+08  1.696005e+03   3693922   1
       356   3.712175e+08  2.330492e+08  1.703158e+03   3704538   1
       357   3.579635e+08  2.333186e+08  1.710354e+03   3715374   1
       358   2.229677e+08  2.335306e+08  1.717670e+03   3725767   1
       359   1.768142e+08  2.336059e+08  1.724677e+03   3736050   1
       360   2.485489e+08  2.337129e+08  1.731901e+03   3746515   1
       361   1.764360e+08  2.338130e+08  1.739036e+03   3756968   1
       362   4.753797e+08  2.338149e+08  1.746273e+03   3767313   1
       363   6.578612e+08  2.339293e+08  1.753449e+03   3777439   1
       364   3.144914e+08  2.340615e+08  1.760602e+03   3787807   1
       365   2.814315e+08  2.347656e+08  1.767908e+03   3798251   1
       366   2.363702e+08  2.347924e+08  1.775183e+03   3808901   1
       367   4.597170e+08  2.350798e+08  1.782414e+03   3819212   1
       368   3.591124e+08  2.351216e+08  1.789550e+03   3829818   1
       369   1.894340e+08  2.351450e+08  1.796842e+03   3840249   1
       370   3.641395e+08  2.352631e+08  1.804062e+03   3850869   1
       371   3.012572e+08  2.353552e+08  1.811343e+03   3861295   1
       372   2.391397e+08  2.355728e+08  1.818690e+03   3871596   1
       373   3.151586e+08  2.355794e+08  1.826105e+03   3882063   1
       374   4.321312e+08  2.355905e+08  1.833408e+03   3892406   1
       375   6.430155e+08  2.355958e+08  1.840562e+03   3902864   1
       376   2.394111e+08  2.356027e+08  1.847906e+03   3912839   1
       377   3.683359e+08  2.356174e+08  1.855379e+03   3923246   1
       378   4.826777e+08  2.357652e+08  1.862764e+03   3933404   1
       379   3.552059e+08  2.357771e+08  1.870033e+03   3943813   1
       380   1.650701e+08  2.358283e+08  1.877477e+03   3954131   1
       381   2.707550e+08  2.359093e+08  1.884782e+03   3964626   1
       382   5.141888e+08  2.360465e+08  1.892134e+03   3975042   1
       383   2.720716e+08  2.360819e+08  1.899647e+03   3985652   1
       384   4.689521e+08  2.360938e+08  1.907088e+03   3996080   1
       385   3.692409e+08  2.362747e+08  1.914349e+03   4006522   1
       386   3.010363e+08  2.365552e+08  1.921731e+03   4016837   1
       387   5.111794e+08  2.368233e+08  1.929241e+03   4027139   1
       388   4.148961e+08  2.370516e+08  1.936672e+03   4037533   1
       389   2.127060e+08  2.371020e+08  1.944182e+03   4048005   1
       390   5.868631e+08  2.371914e+08  1.951548e+03   4058537   1
       391   3.173364e+08  2.372562e+08  1.958993e+03   4068967   1
       392   3.265574e+08  2.374773e+08  1.966524e+03   4079237   1
       393   2.206457e+08  2.375406e+08  1.974060e+03   4089752   1
       394   2.229610e+08  2.375464e+08  1.981511e+03   4100280   1
       395   2.357297e+08  2.377864e+08  1.989119e+03   4111169   1
       396   2.436990e+08  2.378961e+08  1.996762e+03   4121845   1
       397   2.905370e+08  2.379825e+08  2.004307e+03   4132384   1
       398   2.306601e+08  2.379854e+08  2.012059e+03   4142902   1
       399   2.853028e+08  2.380175e+08  2.019617e+03   4153598   1
       400   4.859483e+08  2.380194e+08  2.027253e+03   4163952   1
       401   3.095877e+08  2.380618e+08  2.034692e+03   4174565   1
       402   3.614246e+08  2.380655e+08  2.042182e+03   4184968   1
       403   5.981506e+08  2.383109e+08  2.049824e+03   4195572   1
       404   5.998466e+08  2.383379e+08  2.057386e+03   4205985   1
       405   3.879404e+08  2.383480e+08  2.064962e+03   4216188   1
       406   2.006490e+08  2.384795e+08  2.072621e+03   4226452   1
       407   4.364549e+08  2.384947e+08  2.080393e+03   4236937   1
       408   5.144945e+08  2.385044e+08  2.088027e+03   4247162   1
       409   3.646139e+08  2.385072e+08  2.095683e+03   4257945   1
       410   4.120894e+08  2.385165e+08  2.103320e+03   4268008   1
       411   2.690421e+08  2.385842e+08  2.111012e+03   4278663   1
       412   3.095440e+08  2.389665e+08  2.118656e+03   4288835   1
       413   3.495435e+08  2.390595e+08  2.126394e+03   4299260   1
       414   2.263365e+08  2.390699e+08  2.134218e+03   4309859   1
       415   2.750078e+08  2.392378e+08  2.141838e+03   4320455   1
       416   4.253053e+08  2.394840e+08  2.149663e+03   4330946   1
       417   2.813303e+08  2.395986e+08  2.157441e+03   4341487   1
       418   4.268702e+08  2.400255e+08  2.165262e+03   4352071   1
       419   2.151777e+08  2.402437e+08  2.173181e+03   4362742   1
       420   4.279970e+08  2.402481e+08  2.180984e+03   4373267   1
       421   2.910649e+08  2.404503e+08  2.188802e+03   4383851   1
       422   2.334142e+08  2.407424e+08  2.196623e+03   4394086   1
       423   1.942768e+08  2.407639e+08  2.204487e+03   4404779   1
       424   1.733958e+08  2.408272e+08  2.212260e+03   4415399   1
       425   2.665935e+08  2.412979e+08  2.220151e+03   4425774   1
       426   2.772382e+08  2.412983e+08  2.228115e+03   4435942   1
       427   2.257137e+08  2.413288e+08  2.236052e+03   4446276   1
       428   3.872606e+08  2.414551e+08  2.243928e+03   4456687   1
       429   2.338096e+08  2.414865e+08  2.251860e+03   4467205   1
       430   2.618323e+08  2.416708e+08  2.259830e+03   4477271   1
       431   4.011910e+08  2.416972e+08  2.267883e+03   4487799   1
       432   3.274361e+08  2.417409e+08  2.275779e+03   4498092   1
       433   6.682666e+08  2.417800e+08  2.283491e+03   4508307   1
       434   5.211103e+08  2.418221e+08  2.291399e+03   4518712   1
       435   2.503500e+08  2.418225e+08  2.299596e+03   4529415   1
       436   2.648701e+08  2.418260e+08  2.307710e+03   4539655   1
       437   1.723221e+08  2.419088e+08  2.315792e+03   4550174   1
       438   2.763892e+08  2.419109e+08  2.323970e+03   4560536   1
       439   2.756275e+08  2.419171e+08  2.332076e+03   4571099   1
       440   3.297349e+08  2.420660e+08  2.339938e+03   4581657   1
       441   2.680406e+08  2.420984e+08  2.348004e+03   4592263   1
       442   9.529539e+08  2.421132e+08  2.355940e+03   4602358   1
       443   3.321730e+08  2.422772e+08  2.363887e+03   4612726   1
       444   1.744793e+08  2.422826e+08  2.371997e+03   4623067   1
       445   4.324521e+08  2.424566e+08  2.380101e+03   4633500   1
       446   2.424347e+08  2.425400e+08  2.388311e+03   4644080   1
       447   2.753139e+08  2.425418e+08  2.396421e+03   4654655   1
       448   1.983710e+08  2.425530e+08  2.404572e+03   4665001   1
       449   2.316399e+08  2.427271e+08  2.412647e+03   4675543   1
       450   3.588690e+08  2.427386e+08  2.420780e+03   4686241   1
       451   1.804662e+08  2.428496e+08  2.428969e+03   4696402   1
       452   4.426219e+08  2.432875e+08  2.437136e+03   4706893   1
       453   4.780415e+08  2.434590e+08  2.445166e+03   4717286   1
       454   3.012891e+08  2.436799e+08  2.453333e+03   4727529   1
       455   2.542319e+08  2.437908e+08  2.461512e+03   4737766   1
       456   2.093608e+08  2.438415e+08  2.469650e+03   4748177   1
       457   3.367880e+08  2.438556e+08  2.477922e+03   4758921   1
       458   2.880301e+08  2.438899e+08  2.486032e+03   4769523   1
       459   3.798711e+08  2.439422e+08  2.494317e+03   4779930   1
       460   2.376241e+08  2.441813e+08  2.502652e+03   4790180   1
       461   2.731082e+08  2.442677e+08  2.510970e+03   4800801   1
       462   3.201809e+08  2.442822e+08  2.519044e+03   4811102   1
       463   5.692093e+08  2.442995e+08  2.527188e+03   4821266   1
       464   2.283556e+08  2.443162e+08  2.535427e+03   4831590   1
       465   3.265479e+08  2.443226e+08  2.543602e+03   4842024   1
       466   2.076223e+08  2.444327e+08  2.551968e+03   4852485   1
       467   5.713743e+08  2.444399e+08  2.560245e+03   4862682   1
       468   2.027409e+08  2.445056e+08  2.568647e+03   4873165   1
       469   2.720470e+08  2.445113e+08  2.576928e+03   4883380   1
       470   2.692423e+08  2.446961e+08  2.585079e+03   4893833   1
       471   3.667133e+08  2.447074e+08  2.593466e+03   4903979   1
       472   4.570200e+08  2.447860e+08  2.601622e+03   4914524   1
       473   2.030741e+08  2.448898e+08  2.610174e+03   4924853   1
       474   3.371315e+08  2.449016e+08  2.618427e+03   4935443   1
       475   4.157819e+08  2.449481e+08  2.626764e+03   4945690   1
       476   2.019130e+08  2.449598e+08  2.635337e+03   4956235   1
       477   2.754868e+08  2.453236e+08  2.643678e+03   4966762   1
       478   7.767427e+08  2.453299e+08  2.651854e+03   4977156   1
       479   2.764034e+08  2.453334e+08  2.660382e+03   4987382   1
       480   2.491090e+08  2.453339e+08  2.668822e+03   4997894   1
       481   2.575318e+08  2.454463e+08  2.677143e+03   5008308   1
       482   4.786635e+08  2.454504e+08  2.685396e+03   5018887   1
       483   5.378073e+08  2.454541e+08  2.693922e+03   5028904   1
       484   4.081436e+08  2.456012e+08  2.702336e+03   5039366   1
       485   6.594946e+08  2.456226e+08  2.710581e+03   5049672   1
       486   2.890279e+08  2.458363e+08  2.719185e+03   5060232   1
       487   1.846604e+08  2.458802e+08  2.727720e+03   5070623   1
       488   5.107843e+08  2.459297e+08  2.736197e+03   5080966   1
       489   1.279050e+09  2.459477e+08  2.744595e+03   5091090   1
       490   1.817965e+08  2.460275e+08  2.753134e+03   5101282   1
       491   1.796180e+08  2.461010e+08  2.761724e+03   5111814   1
       492   2.572210e+08  2.461025e+08  2.770276e+03   5122058   1
       493   1.847524e+08  2.461744e+08  2.778809e+03   5131851   1
       494   3.245829e+08  2.465270e+08  2.787458e+03   5142564   1
       495   3.772738e+08  2.466047e+08  2.796073e+03   5153323   1
       496   5.120510e+08  2.466762e+08  2.804556e+03   5163934   1
       497   2.764208e+08  2.467313e+08  2.813255e+03   5174333   1
       498   3.966649e+08  2.469229e+08  2.821777e+03   5185100   1
       499   1.851433e+08  2.469297e+08  2.830393e+03   5195664   1
       500   2.635652e+08  2.469845e+08  2.838917e+03   5206269   1
       501   3.303491e+08  2.473797e+08  2.847487e+03   5216537   1
       502   2.835883e+08  2.474054e+08  2.856287e+03   5226921   1
       503   2.805910e+08  2.474187e+08  2.864869e+03   5237392   1
       504   3.211403e+08  2.474410e+08  2.873451e+03   5247100   1
       505   2.512907e+08  2.475215e+08  2.882168e+03   5257616   1
       506   2.231912e+08  2.475684e+08  2.890923e+03   5268070   1
       507   2.048004e+08  2.476346e+08  2.899596e+03   5278359   1
       508   2.597036e+08  2.476412e+08  2.908420e+03   5289135   1
       509   9.039373e+08  2.476860e+08  2.917044e+03   5299113   1
       510   1.850321e+08  2.476874e+08  2.925808e+03   5309650   1
       511   2.809972e+08  2.477330e+08  2.934435e+03   5320171   1
       512   2.523153e+08  2.477437e+08  2.943291e+03   5330307   1
       513   3.314471e+08  2.477909e+08  2.951906e+03   5340616   1
       514   2.279024e+08  2.478193e+08  2.960662e+03   5351263   1
       515   1.899616e+08  2.478450e+08  2.969423e+03   5361619   1
       516   1.954110e+08  2.479150e+08  2.978252e+03   5372066   1
       517   1.088294e+09  2.482080e+08  2.986875e+03   5382110   1
       518   4.008706e+08  2.485224e+08  2.995521e+03   5392637   1
       519   5.319245e+08  2.485881e+08  3.004295e+03   5403116   1
       520   2.233781e+08  2.486449e+08  3.013166e+03   5413666   1
       521   1.866489e+08  2.486683e+08  3.022103e+03   5424033   1
       522   3.953957e+08  2.486843e+08  3.031050e+03   5434453   1
       523   3.924352e+08  2.487286e+08  3.039890e+03   5444917   1
       524   1.851262e+08  2.487410e+08  3.048831e+03   5455532   1
       525   3.577537e+08  2.489342e+08  3.057655e+03   5466241   1
       526   6.245096e+08  2.489946e+08  3.066448e+03   5476618   1
       527   2.969065e+08  2.491280e+08  3.075307e+03   5486975   1
       528   2.758102e+08  2.491424e+08  3.084313e+03   5497189   1
       529   1.502143e+08  2.491849e+08  3.093309e+03   5507717   1
       530   1.780924e+08  2.492617e+08  3.102079e+03   5518521   1
       531   2.470469e+08  2.492976e+08  3.111083e+03   5528784   1
       532   2.190287e+08  2.493023e+08  3.120106e+03   5539199   1
       533   6.438061e+08  2.494398e+08  3.129078e+03   5549466   1
       534   1.782822e+08  2.495348e+08  3.138028e+03   5559866   1
       535   2.771779e+08  2.495461e+08  3.147076e+03   5570426   1
       536   1.558053e+08  2.496929e+08  3.156207e+03   5580799   1
       537   5.231438e+08  2.496971e+08  3.165220e+03   5591312   1
       538   2.103074e+08  2.497904e+08  3.174368e+03   5601833   1
       539   2.102564e+08  2.499641e+08  3.183456e+03   5612342   1
       540   4.603262e+08  2.500714e+08  3.192545e+03   5622651   1
       541   3.906077e+08  2.501064e+08  3.201527e+03   5633218   1
       542   5.633437e+08  2.501479e+08  3.210648e+03   5643823   1
       543   2.637770e+08  2.502156e+08  3.219475e+03   5654053   1
       544   3.942820e+08  2.502500e+08  3.228671e+03   5664375   1
       545   2.497795e+08  2.502966e+08  3.237746e+03   5674761   1
       546   2.832626e+08  2.503694e+08  3.246722e+03   5685226   1
       547   1.572637e+08  2.503769e+08  3.255798e+03   5695821   1
       548   2.184563e+08  2.505304e+08  3.264855e+03   5706374   1
       549   3.024493e+08  2.506608e+08  3.274071e+03   5716875   1
       550   1.884943e+08  2.508465e+08  3.283141e+03   5727309   1
       551   2.897174e+08  2.509856e+08  3.292449e+03   5737770   1
       552   3.804568e+08  2.510538e+08  3.301449e+03   5748325   1
       553   2.414151e+08  2.511183e+08  3.310497e+03   5758823   1
       554   3.313205e+08  2.511778e+08  3.319492e+03   5769315   1
       555   3.920259e+08  2.512837e+08  3.328739e+03   5779753   1
       556   2.736902e+08  2.513031e+08  3.337910e+03   5790199   1
       557   2.174239e+08  2.513055e+08  3.347407e+03   5800529   1
       558   7.205544e+08  2.514856e+08  3.356549e+03   5810597   1
       559   3.153330e+08  2.516955e+08  3.365820e+03   5820980   1
       560   1.779030e+08  2.517872e+08  3.374970e+03   5831519   1
       561   2.501398e+08  2.518281e+08  3.384369e+03   5842167   1
       562   2.278101e+08  2.518379e+08  3.393791e+03   5852653   1
       563   1.967148e+08  2.518774e+08  3.403126e+03   5863220   1
       564   2.208607e+08  2.518863e+08  3.412412e+03   5873887   1
       565   2.566727e+08  2.522451e+08  3.421627e+03   5884315   1
       566   2.639499e+08  2.522556e+08  3.430938e+03   5894887   1
       567   2.087254e+08  2.522824e+08  3.440137e+03   5905499   1
       568   2.364949e+08  2.522871e+08  3.449553e+03   5915830   1
       569   5.928713e+08  2.522946e+08  3.458930e+03   5926068   1
       570   4.009184e+08  2.523205e+08  3.468139e+03   5936478   1
       571   2.673631e+08  2.524051e+08  3.477609e+03   5947173   1
       572   1.676958e+08  2.524895e+08  3.486827e+03   5957400   1
       573   2.747196e+08  2.527573e+08  3.496230e+03   5967905   1
       574   1.597462e+08  2.527960e+08  3.505843e+03   5978453   1
       575   1.831990e+08  2.528180e+08  3.515149e+03   5988969   1
       576   2.724141e+08  2.528837e+08  3.524565e+03   5999454   1
       577   3.162470e+08  2.528839e+08  3.533998e+03   6010101   1
       578   1.873292e+08  2.529481e+08  3.543386e+03   6020633   1
       579   3.668796e+08  2.530194e+08  3.552780e+03   6031006   1
       580   4.928661e+08  2.530896e+08  3.562120e+03   6041432   1
       581   1.569702e+08  2.530953e+08  3.571467e+03   6051814   1
       582   2.509138e+08  2.531086e+08  3.580942e+03   6062290   1
       583   4.113673e+08  2.531467e+08  3.590199e+03   6072427   1
       584   1.673741e+08  2.531737e+08  3.599693e+03   6082866   1
       585   2.781640e+08  2.538429e+08  3.609110e+03   6093616   1
       586   1.689646e+08  2.538486e+08  3.618576e+03   6104237   1
       587   2.247398e+08  2.539430e+08  3.628099e+03   6114669   1
       588   1.755757e+08  2.539446e+08  3.637746e+03   6125324   1
       589   2.521639e+08  2.539939e+08  3.647206e+03   6135832   1
       590   2.869016e+08  2.540014e+08  3.656725e+03   6146338   1
       591   6.950992e+08  2.540345e+08  3.666087e+03   6156453   1
       592   6.113365e+08  2.540755e+08  3.675566e+03   6166883   1
       593   3.835634e+08  2.540981e+08  3.685029e+03   6177689   1
       594   2.188485e+08  2.541473e+08  3.694751e+03   6188091   1
       595   2.866178e+08  2.542059e+08  3.704297e+03   6198404   1
       596   2.031372e+08  2.542205e+08  3.713987e+03   6208808   1
       597   4.254907e+08  2.543066e+08  3.723268e+03   6219476   1
       598   2.176236e+08  2.543226e+08  3.733020e+03   6229625   1
       599   2.052939e+08  2.546388e+08  3.742708e+03   6240131   1
       600   4.174207e+08  2.546407e+08  3.752110e+03   6250328   1
       601   1.989118e+08  2.546580e+08  3.761897e+03   6260826   1
       602   3.073746e+08  2.547663e+08  3.771420e+03   6271583   1
       603   2.260149e+08  2.548226e+08  3.781196e+03   6281673   1
       604   7.486825e+08  2.549313e+08  3.790492e+03   6291859   1
       605   4.598213e+08  2.549629e+08  3.799926e+03   6302065   1
       606   4.181063e+08  2.549773e+08  3.809031e+03   6312284   1
       607   3.614524e+08  2.549775e+08  3.818432e+03   6322509   1
       608   2.575805e+08  2.549922e+08  3.828300e+03   6332973   1
       609   2.425040e+08  2.549996e+08  3.838120e+03   6343082   1
       610   2.276662e+08  2.550592e+08  3.848005e+03   6353232   1
       611   2.156156e+08  2.550645e+08  3.858073e+03   6363688   1
       612   2.307354e+08  2.551562e+08  3.867946e+03   6374182   1
       613   2.121787e+08  2.551622e+08  3.877851e+03   6384849   1
       614   3.601750e+08  2.552558e+08  3.887640e+03   6395347   1
       615   2.885911e+08  2.552564e+08  3.897510e+03   6405807   1
       616   4.497621e+08  2.553787e+08  3.930335e+03   6415780   1
       617   3.521709e+08  2.554088e+08  3.945709e+03   6426209   1
       618   3.799936e+08  2.554753e+08  3.961162e+03   6436660   1
       619   6.399330e+08  2.554935e+08  3.968833e+03   6447037   1
       620   2.025179e+08  2.555211e+08  3.976808e+03   6457352   1
       621   5.793146e+08  2.555527e+08  3.992283e+03   6467785   1
       622   3.358744e+08  2.555542e+08  4.000064e+03   6478327   1
       623   2.371653e+08  2.555573e+08  4.007951e+03   6488567   1
       624   2.161901e+08  2.556602e+08  4.015931e+03   6499119   1
       625   4.915248e+08  2.556629e+08  4.023898e+03   6509564   1
       626   4.829763e+08  2.557537e+08  4.031841e+03   6519905   1
       627   2.059780e+08  2.557539e+08  4.047589e+03   6530104   1
       628   1.898971e+08  2.557574e+08  4.055481e+03   6540350   1
       629   5.246305e+08  2.557813e+08  4.063366e+03   6550717   1
       630   2.785023e+08  2.557814e+08  4.071357e+03   6561067   1
       631   1.648299e+08  2.558511e+08  4.079445e+03   6571298   1
       632   2.086887e+08  2.558778e+08  4.087502e+03   6581756   1
       633   2.296503e+08  2.559102e+08  4.095605e+03   6592191   1
       634   2.225494e+08  2.559395e+08  4.103651e+03   6602721   1
       635   5.772744e+08  2.559888e+08  4.119424e+03   6613063   1
       636   4.865938e+08  2.560502e+08  4.127271e+03   6623591   1
       637   3.350069e+08  2.560519e+08  4.135299e+03   6633890   1
       638   2.433783e+08  2.560548e+08  4.143278e+03   6644601   1
       639   6.224863e+08  2.561184e+08  4.151331e+03   6655354   1
       640   2.027152e+08  2.561217e+08  4.159471e+03   6665907   1
       641   2.589454e+08  2.561400e+08  4.167623e+03   6676424   1
       642   2.193331e+08  2.561902e+08  4.175837e+03   6686703   1
       643   2.819147e+08  2.562478e+08  4.183954e+03   6696978   1
       644   2.639139e+08  2.563136e+08  4.192154e+03   6707109   1
       645   5.011270e+08  2.563151e+08  4.208410e+03   6717193   1
       646   1.834077e+08  2.563181e+08  4.216483e+03   6727788   1
       647   2.387414e+08  2.563291e+08  4.224522e+03   6737901   1
       648   2.494067e+08  2.563313e+08  4.232647e+03   6748483   1
       649   5.799066e+08  2.564364e+08  4.240637e+03   6758773   1
       650   1.889089e+08  2.564533e+08  4.248821e+03   6769205   1
       651   6.913077e+08  2.564550e+08  4.256896e+03   6779769   1
       652   2.761574e+08  2.564685e+08  4.265059e+03   6790269   1
       653   3.902977e+08  2.564817e+08  4.273241e+03   6800897   1
       654   3.106299e+08  2.564903e+08  4.281355e+03   6811089   1
       655   3.114173e+08  2.565054e+08  4.289606e+03   6821662   1
       656   2.032010e+08  2.565422e+08  4.306362e+03   6832309   1
       657   4.247045e+08  2.565488e+08  4.314474e+03   6842670   1
       658   2.451301e+08  2.566177e+08  4.322693e+03   6852817   1
       659   2.700488e+08  2.567107e+08  4.330920e+03   6863190   1
       660   4.673434e+08  2.567478e+08  4.338996e+03   6873347   1
       661   2.292536e+08  2.567506e+08  4.347256e+03   6884017   1
       662   4.336882e+08  2.567681e+08  4.355515e+03   6894500   1
       663   2.304831e+08  2.568062e+08  4.363854e+03   6904703   1
       664   4.271226e+08  2.568124e+08  4.372066e+03   6915175   1
       665   2.003134e+08  2.568136e+08  4.380387e+03   6925368   1
       666   3.181110e+08  2.569536e+08  4.388698e+03   6935735   1
       667   3.474496e+08  2.569537e+08  4.397014e+03   6946042   1
       668   1.519705e+08  2.570535e+08  4.405341e+03   6956430   1
       669   2.549440e+08  2.570580e+08  4.422364e+03   6966859   1
       670   3.565377e+08  2.570645e+08  4.430433e+03   6977648   1
       671   2.879586e+08  2.570889e+08  4.438713e+03   6988367   1
       672   2.495685e+08  2.570902e+08  4.446961e+03   6998502   1
       673   2.006481e+08  2.571007e+08  4.455274e+03   7009003   1
       674   3.883420e+08  2.571306e+08  4.463518e+03   7019661   1
       675   4.794820e+08  2.571331e+08  4.471848e+03   7030047   1
       676   6.488032e+08  2.571527e+08  4.480120e+03   7040532   1
       677   1.963501e+08  2.571576e+08  4.488577e+03   7050952   1
       678   4.167191e+08  2.573010e+08  4.496983e+03   7061466   1
       679   2.616077e+08  2.573333e+08  4.505293e+03   7072134   1
       680   5.277633e+08  2.575444e+08  4.513643e+03   7082771   1
       681   3.313809e+08  2.575735e+08  4.522156e+03   7093251   1
       682   5.420315e+08  2.576574e+08  4.539364e+03   7103714   1
       683   2.329022e+08  2.576769e+08  4.547621e+03   7113902   1
       684   1.697331e+08  2.576800e+08  4.555826e+03   7124196   1
       685   1.767332e+08  2.577712e+08  4.564227e+03   7134610   1
       686   6.103867e+08  2.577768e+08  4.572487e+03   7145110   1
       687   8.260690e+08  2.577885e+08  4.580661e+03   7155103   1
       688   2.382198e+08  2.577901e+08  4.589182e+03   7165131   1
       689   2.192964e+08  2.577971e+08  4.597683e+03   7175609   1
       690   6.812214e+08  2.577982e+08  4.606062e+03   7185727   1
       691   5.372804e+08  2.577985e+08  4.614568e+03   7196010   1
       692   2.131540e+08  2.579275e+08  4.623080e+03   7206556   1
       693   2.782965e+08  2.579281e+08  4.631641e+03   7217066   1
       694   3.267321e+08  2.580081e+08  4.640185e+03   7227450   1
       695   5.536700e+08  2.580243e+08  4.648795e+03   7237805   1
       696   1.938986e+08  2.580541e+08  4.666468e+03   7248137   1
       697   2.523594e+08  2.580668e+08  4.674950e+03   7258542   1
       698   4.250635e+08  2.581452e+08  4.683291e+03   7269016   1
       699   2.281937e+08  2.581795e+08  4.691739e+03   7279623   1
       700   3.100512e+08  2.581890e+08  4.700169e+03   7290137   1
       701   4.335194e+08  2.582104e+08  4.708615e+03   7300394   1
       702   6.068845e+08  2.583150e+08  4.717024e+03   7310565   1
       703   2.520530e+08  2.583179e+08  4.725597e+03   7321210   1
       704   3.535017e+08  2.583308e+08  4.734173e+03   7331854   1
       705   1.841931e+08  2.584240e+08  4.742834e+03   7342434   1
       706   3.917680e+08  2.584605e+08  4.751471e+03   7352874   1
       707   2.894357e+08  2.585343e+08  4.760099e+03   7363485   1
       708   3.003887e+08  2.585421e+08  4.768898e+03   7374093   1
       709   1.384665e+08  2.585679e+08  4.777700e+03   7384782   1
       710   3.405676e+08  2.586118e+08  4.795754e+03   7395340   1
       711   7.352128e+08  2.587326e+08  4.804094e+03   7405647   1
       712   2.504869e+08  2.587874e+08  4.812761e+03   7416011   1
       713   3.408001e+08  2.588352e+08  4.821332e+03   7426417   1
       714   3.037368e+08  2.588389e+08  4.829945e+03   7436988   1
       715   5.813247e+08  2.589367e+08  4.838408e+03   7447350   1
       716   2.144123e+08  2.589506e+08  4.847008e+03   7457571   1
       717   3.985226e+08  2.590665e+08  4.855586e+03   7468041   1
       718   4.214997e+08  2.591083e+08  4.864334e+03   7478301   1
       719   3.168792e+08  2.591186e+08  4.873070e+03   7489073   1
       720   1.991911e+08  2.591284e+08  4.881823e+03   7499449   1
       721   2.730704e+08  2.591474e+08  4.890673e+03   7509591   1
       722   3.036476e+08  2.592008e+08  4.899543e+03   7519914   1
       723   3.200269e+08  2.592089e+08  4.908345e+03   7530314   1
       724   5.340054e+08  2.592254e+08  4.926747e+03   7540830   1
       725   2.326480e+08  2.592279e+08  4.935469e+03   7551533   1
       726   1.871277e+08  2.592413e+08  4.944087e+03   7562196   1
       727   4.521192e+08  2.592425e+08  4.952680e+03   7572552   1
       728   5.858793e+08  2.592648e+08  4.961252e+03   7582925   1
       729   2.928895e+08  2.592863e+08  4.969943e+03   7593111   1
       730   2.175982e+08  2.592949e+08  4.978761e+03   7603330   1
       731   3.587048e+08  2.593866e+08  4.987485e+03   7614055   1
       732   2.767316e+08  2.593949e+08  4.996427e+03   7624636   1
       733   2.240716e+08  2.598859e+08  5.005510e+03   7635250   1
       734   2.958965e+08  2.599277e+08  5.014347e+03   7645960   1
       735   1.694268e+08  2.599405e+08  5.023187e+03   7656538   1
       736   5.481773e+08  2.599620e+08  5.031987e+03   7666924   1
       737   1.716771e+08  2.599812e+08  5.040999e+03   7677237   1
       738   5.121038e+08  2.600433e+08  5.049909e+03   7687786   1
       739   3.167734e+08  2.600520e+08  5.068531e+03   7698404   1
       740   2.782235e+08  2.601375e+08  5.077314e+03   7708608   1
       741   2.298120e+08  2.601397e+08  5.086209e+03   7719018   1
       742   4.593009e+08  2.601430e+08  5.094999e+03   7729612   1
       743   2.517512e+08  2.601637e+08  5.103888e+03   7740344   1
       744   2.841992e+08  2.601791e+08  5.112736e+03   7750835   1
       745   2.520306e+08  2.602429e+08  5.121570e+03   7761416   1
       746   3.177708e+08  2.603365e+08  5.130393e+03   7772220   1
       747   4.356457e+08  2.603748e+08  5.139275e+03   7782556   1
       748   1.941694e+08  2.604355e+08  5.148391e+03   7792702   1
       749   3.880388e+08  2.604762e+08  5.157448e+03   7802834   1
       750   3.817786e+08  2.604832e+08  5.166455e+03   7813336   1
       751   3.054421e+08  2.605272e+08  5.175470e+03   7823895   1
       752   3.368163e+08  2.605916e+08  5.184528e+03   7834498   1
       753   7.905505e+08  2.606013e+08  5.193583e+03   7844533   1
       754   3.150192e+08  2.606117e+08  5.212617e+03   7854844   1
       755   1.572124e+08  2.606152e+08  5.221387e+03   7864991   1
       756   2.046180e+08  2.606342e+08  5.230266e+03   7875461   1
       757   3.454484e+08  2.606347e+08  5.239152e+03   7885877   1
       758   2.672583e+08  2.606647e+08  5.248026e+03   7896439   1
       759   1.826552e+08  2.606724e+08  5.257015e+03   7906810   1
       760   1.811067e+08  2.606725e+08  5.266056e+03   7917353   1
       761   2.623768e+08  2.606926e+08  5.275104e+03   7927731   1
       762   1.896992e+08  2.607256e+08  5.284068e+03   7938095   1
       763   3.152762e+08  2.609580e+08  5.293186e+03   7948536   1
       764   4.324553e+08  2.609588e+08  5.302212e+03   7958995   1
       765   3.677635e+08  2.609879e+08  5.311433e+03   7969450   1
       766   2.499366e+08  2.610490e+08  5.320680e+03   7980131   1
       767   3.394992e+08  2.610493e+08  5.329761e+03   7990453   1
       768   4.479001e+08  2.610896e+08  5.339101e+03   8000858   1
       769   4.307487e+08  2.611232e+08  5.348240e+03   8010819   1
       770   2.598263e+08  2.611884e+08  5.367397e+03   8021489   1
       771   3.730112e+08  2.611944e+08  5.376325e+03   8031782   1
       772   6.391391e+08  2.611964e+08  5.385301e+03   8042023   1
       773   4.917019e+08  2.612556e+08  5.394389e+03   8051750   1
       774   2.454894e+08  2.613670e+08  5.403409e+03   8062311   1
       775   5.072985e+08  2.615073e+08  5.412365e+03   8072806   1
       776   3.774920e+08  2.615128e+08  5.421477e+03   8083328   1
       777   2.203788e+08  2.615234e+08  5.430613e+03   8093951   1
       778   2.879831e+08  2.615473e+08  5.439709e+03   8104516   1
       779   1.567816e+08  2.616671e+08  5.449002e+03   8115005   1
       780   2.072386e+08  2.617077e+08  5.458244e+03   8125400   1
       781   5.357311e+08  2.617292e+08  5.467489e+03   8135767   1
       782   5.343295e+08  2.617407e+08  5.476751e+03   8146272   1
       783   2.458391e+08  2.618071e+08  5.486111e+03   8156720   1
       784   2.277182e+08  2.618072e+08  5.495524e+03   8167379   1
       785   3.495138e+08  2.618993e+08  5.515028e+03   8177966   1
       786   2.506526e+08  2.619064e+08  5.524177e+03   8188497   1
       787   2.474916e+08  2.619730e+08  5.533360e+03   8199151   1
       788   3.806941e+08  2.620030e+08  5.542585e+03   8209701   1
       789   2.026947e+08  2.620220e+08  5.551709e+03   8220203   1
       790   2.251524e+08  2.620243e+08  5.560919e+03   8230962   1
       791   2.407986e+08  2.620922e+08  5.570177e+03   8241226   1
       792   4.853362e+08  2.621395e+08  5.579399e+03   8251623   1
       793   4.401678e+08  2.621790e+08  5.588584e+03   8261802   1
       794   8.858678e+08  2.622015e+08  5.597634e+03   8272110   1
       795   1.682010e+08  2.622135e+08  5.607122e+03   8282551   1
       796   7.164128e+08  2.622204e+08  5.616489e+03   8292887   1
       797   3.691949e+08  2.622622e+08  5.625974e+03   8303301   1
       798   4.429335e+08  2.622714e+08  5.635357e+03   8313898   1
       799   2.574314e+08  2.623722e+08  5.644854e+03   8324425   1
       800   1.956303e+08  2.623931e+08  5.654404e+03   8334751   1
       801   2.935581e+08  2.624874e+08  5.674318e+03   8345486   1
       802   1.680714e+08  2.625370e+08  5.683648e+03   8355599   1
       803   1.674469e+08  2.626100e+08  5.693017e+03   8366229   1
       804   2.260760e+08  2.626563e+08  5.702367e+03   8376591   1
       805   4.346405e+08  2.626731e+08  5.711639e+03   8387094   1
       806   3.911143e+08  2.627665e+08  5.720941e+03   8397457   1
       807   2.113733e+08  2.627676e+08  5.730409e+03   8408042   1
       808   9.202297e+08  2.627757e+08  5.739654e+03   8418460   1
       809   1.977886e+08  2.627876e+08  5.749129e+03   8429122   1
       810   2.318840e+08  2.628642e+08  5.758586e+03   8439666   1
       811   3.300136e+08  2.628877e+08  5.768089e+03   8450042   1
       812   2.157604e+08  2.628936e+08  5.777623e+03   8460539   1
       813   4.104346e+08  2.629065e+08  5.787155e+03   8471071   1
       814   5.106147e+08  2.629537e+08  5.796753e+03   8481488   1
       815   2.307987e+08  2.629583e+08  5.806377e+03   8492041   1
       816   2.488363e+08  2.629677e+08  5.816131e+03   8502366   1
       817   2.626542e+08  2.629699e+08  5.836468e+03   8512794   1
       818   8.610296e+08  2.630385e+08  5.845857e+03   8523143   1
       819   2.691533e+08  2.630885e+08  5.855250e+03   8533727   1
       820   2.187870e+08  2.631257e+08  5.864684e+03   8544373   1
       821   3.014274e+08  2.631622e+08  5.874150e+03   8554794   1
       822   1.476113e+08  2.631664e+08  5.883673e+03   8565103   1
       823   2.146991e+08  2.631717e+08  5.893111e+03   8575591   1
       824   3.291866e+08  2.631746e+08  5.902646e+03   8586320   1
       825   1.683832e+08  2.631802e+08  5.912247e+03   8596741   1
       826   2.436478e+08  2.631887e+08  5.921861e+03   8607471   1
       827   3.418489e+08  2.632159e+08  5.931652e+03   8617719   1
       828   2.471974e+08  2.632534e+08  5.941304e+03   8628392   1
       829   5.699506e+08  2.633423e+08  5.950972e+03   8638676   1
       830   1.855935e+08  2.633793e+08  5.960709e+03   8649091   1
       831   2.532540e+08  2.634509e+08  5.970484e+03   8659541   1
       832   2.731651e+08  2.634589e+08  5.980351e+03   8670111   1
       833   3.942829e+08  2.634606e+08  6.000898e+03   8680351   1
       834   3.022701e+08  2.634824e+08  6.010467e+03   8690430   1
       835   2.054021e+08  2.635044e+08  6.020065e+03   8700984   1
       836   4.256771e+08  2.635085e+08  6.029625e+03   8711299   1
       837   2.698286e+08  2.635214e+08  6.039160e+03   8721720   1
       838   2.347603e+08  2.635690e+08  6.048817e+03   8732029   1
       839   4.375032e+08  2.635857e+08  6.058404e+03   8742389   1
       840   4.822919e+08  2.636033e+08  6.068018e+03   8752531   1
       841   1.566604e+08  2.636057e+08  6.077847e+03   8762865   1
       842   2.381677e+08  2.636260e+08  6.087524e+03   8773425   1
       843   2.643278e+08  2.636336e+08  6.097261e+03   8783792   1
       844   3.288318e+08  2.636521e+08  6.106977e+03   8793928   1
       845   2.115368e+08  2.636533e+08  6.116782e+03   8804372   1
       846   1.985689e+08  2.636630e+08  6.126726e+03   8814435   1
       847   2.280850e+08  2.636642e+08  6.136634e+03   8824857   1
       848   4.131119e+08  2.636656e+08  6.146626e+03   8835095   1
       849   5.225916e+08  2.636723e+08  6.167345e+03   8845437   1
       850   4.583179e+08  2.636970e+08  6.177017e+03   8855856   1
       851   2.082088e+08  2.636978e+08  6.186677e+03   8866290   1
       852   3.182004e+08  2.637074e+08  6.196231e+03   8876574   1
       853   4.805780e+08  2.637341e+08  6.205900e+03   8886943   1
       854   2.527418e+08  2.637365e+08  6.215681e+03   8897364   1
       855   2.579272e+08  2.637525e+08  6.225511e+03   8907833   1
       856   5.625674e+08  2.637717e+08  6.235249e+03   8918213   1
       857   2.829207e+08  2.637867e+08  6.244920e+03   8928499   1
       858   3.178047e+08  2.638411e+08  6.254720e+03   8939004   1
       859   2.239923e+08  2.638656e+08  6.264471e+03   8949467   1
       860   4.928681e+08  2.639010e+08  6.274219e+03   8959793   1
       861   3.502632e+08  2.639021e+08  6.283949e+03   8970245   1
       862   3.000460e+08  2.639326e+08  6.293938e+03   8980905   1
       863   2.394673e+08  2.639345e+08  6.303917e+03   8991276   1
       864   2.682829e+08  2.640232e+08  6.313991e+03   9001862   1
       865   2.816534e+08  2.640299e+08  6.335174e+03   9012520   1
       866   2.550670e+08  2.640674e+08  6.344845e+03   9023152   1
       867   4.104217e+08  2.640855e+08  6.354629e+03   9033506   1
       868   3.480822e+08  2.641569e+08  6.364415e+03   9043977   1
       869   3.162236e+08  2.641817e+08  6.374246e+03   9054322   1
       870   2.567200e+08  2.642148e+08  6.384060e+03   9064808   1
       871   4.418016e+08  2.642549e+08  6.393868e+03   9075152   1
       872   3.501869e+08  2.642958e+08  6.403852e+03   9085768   1
       873   3.641136e+08  2.643003e+08  6.413686e+03   9096267   1
       874   4.417156e+08  2.643135e+08  6.423622e+03   9106450   1
       875   2.635144e+08  2.643560e+08  6.433669e+03   9116853   1
       876   2.472510e+08  2.643564e+08  6.443704e+03   9127367   1
       877   2.866229e+08  2.644248e+08  6.453777e+03   9137670   1
       878   2.700863e+08  2.644603e+08  6.463792e+03   9148137   1
       879   6.592627e+08  2.644903e+08  6.473873e+03   9158818   1
       880   2.644004e+08  2.645036e+08  6.484008e+03   9169292   1
       881   1.897147e+08  2.645090e+08  6.494164e+03   9179636   1
       882   1.977703e+08  2.645352e+08  6.515747e+03   9190105   1
       883   1.742191e+08  2.645352e+08  6.525686e+03   9200780   1
       884   2.265708e+08  2.645490e+08  6.535737e+03   9211013   1
       885   3.686484e+08  2.645879e+08  6.545728e+03   9221368   1
       886   1.843299e+08  2.645909e+08  6.555825e+03   9231818   1
       887   2.418645e+08  2.646139e+08  6.565772e+03   9242479   1
       888   1.747929e+08  2.646700e+08  6.575844e+03   9252972   1
       889   2.926323e+08  2.646880e+08  6.585970e+03   9263607   1
       890   1.815024e+08  2.647145e+08  6.596085e+03   9273940   1
       891   2.578277e+08  2.647163e+08  6.606224e+03   9284250   1
       892   2.017533e+08  2.647185e+08  6.616441e+03   9294785   1
       893   1.494784e+08  2.647278e+08  6.626472e+03   9304938   1
       894   2.476194e+08  2.647603e+08  6.636609e+03   9315531   1
       895   2.718487e+08  2.647792e+08  6.646948e+03   9325693   1
       896   2.657970e+08  2.649803e+08  6.657258e+03   9336214   1
       897   2.360576e+08  2.651305e+08  6.667590e+03   9346697   1
       898   1.517895e+08  2.651386e+08  6.689565e+03   9356769   1
       899   1.678283e+08  2.651616e+08  6.699639e+03   9367204   1
       900   1.842380e+08  2.651625e+08  6.709679e+03   9377809   1
       901   2.857865e+08  2.651881e+08  6.719868e+03   9387809   1
       902   2.086401e+08  2.652203e+08  6.730031e+03   9398293   1
       903   2.820996e+08  2.652398e+08  6.740236e+03   9408730   1
       904   1.996925e+08  2.654215e+08  6.750293e+03   9419482   1
       905   5.582270e+08  2.654579e+08  6.760386e+03   9430016   1
       906   3.054866e+08  2.655046e+08  6.770486e+03   9440410   1
       907   3.164235e+08  2.655053e+08  6.780476e+03   9451023   1
       908   3.902798e+08  2.655208e+08  6.790676e+03   9461390   1
       909   2.220895e+08  2.655367e+08  6.801054e+03   9472052   1
       910   2.170367e+08  2.656226e+08  6.811233e+03   9482558   1
       911   3.797845e+08  2.656235e+08  6.821668e+03   9492980   1
       912   1.985005e+08  2.656722e+08  6.832081e+03   9503535   1
       913   2.771467e+08  2.657238e+08  6.842493e+03   9513881   1
       914   2.853366e+08  2.657772e+08  6.852958e+03   9524589   1
       915   1.811278e+08  2.657782e+08  6.875439e+03   9534952   1
       916   2.156184e+08  2.657977e+08  6.885673e+03   9545264   1
       917   3.366491e+08  2.658006e+08  6.895935e+03   9555557   1
       918   1.807596e+08  2.658661e+08  6.906147e+03   9565933   1
       919   2.285136e+08  2.658667e+08  6.916476e+03   9576437   1
       920   1.946195e+08  2.658995e+08  6.926819e+03   9586733   1
       921   2.875225e+08  2.659148e+08  6.937005e+03   9597076   1
       922   2.806538e+08  2.659157e+08  6.947292e+03   9607504   1
       923   4.963761e+08  2.659344e+08  6.957501e+03   9617869   1
       924   2.449829e+08  2.659489e+08  6.967848e+03   9628420   1
       925   2.522587e+08  2.660001e+08  6.978258e+03   9639052   1
       926   3.959906e+08  2.660041e+08  6.988614e+03   9649393   1
       927   4.135195e+08  2.660572e+08  6.999021e+03   9659935   1
       928   3.165376e+08  2.660687e+08  7.009482e+03   9670500   1
       929   2.150338e+08  2.660698e+08  7.020136e+03   9681212   1
       930   4.298817e+08  2.661398e+08  7.030755e+03   9691635   1
       931   3.210294e+08  2.661405e+08  7.041469e+03   9701882   1
       932   2.550173e+08  2.661514e+08  7.064413e+03   9712512   1
       933   3.887078e+08  2.661765e+08  7.074649e+03   9723154   1
       934   2.334489e+08  2.661765e+08  7.085116e+03   9733637   1
       935   2.393158e+08  2.661914e+08  7.095647e+03   9743951   1
       936   1.902904e+08  2.661917e+08  7.106220e+03   9754158   1
       937   7.712508e+08  2.662090e+08  7.116552e+03   9764264   1
       938   4.549118e+08  2.663048e+08  7.127015e+03   9774648   1
       939   1.620321e+08  2.663050e+08  7.137584e+03   9785091   1
       940   1.580666e+08  2.663150e+08  7.148088e+03   9795609   1
       941   3.140875e+08  2.663842e+08  7.158516e+03   9805989   1
       942   2.220005e+08  2.663883e+08  7.168985e+03   9816484   1
       943   6.524019e+08  2.663965e+08  7.179468e+03   9826893   1
       944   3.151098e+08  2.664230e+08  7.190032e+03   9837217   1
       945   2.783267e+08  2.664378e+08  7.200627e+03   9847767   1
-------------------------------------------------------------------
status         : time_limit
total time (s) : 7.200627e+03
total solves   : 9847767
best bound     :  2.664378e+08
simulation ci  :  3.421389e+08  1.053558e+07
numeric issues : 0
-------------------------------------------------------------------

 
                                        Time                    Allocations      
                                  
       Tot / % measured:            2.00h /  99.9%            820GiB /  99.9%    

 Section               ncalls     time    %tot     avg     alloc    %tot      avg
 
 backward_pass            945    1.99h   99.3%   7.57s    811GiB   99.1%   879MiB
   solve_subproblem     9.73M    2725s   37.9%   280s    494GiB   60.3%  53.2KiB
     get_dual_solution  9.73M    51.2s    0.7%  5.26s   13.9GiB    1.7%  1.50KiB
   prepare_backward...  1.89k    823ms    0.0%   436s    302MiB    0.0%   164KiB
 forward_pass             945    46.7s    0.6%  49.4ms   6.92GiB    0.8%  7.50MiB
   solve_subproblem      113k    43.6s    0.6%   384s   6.05GiB    0.7%  55.9KiB
     get_dual_solution   113k    428ms    0.0%  3.77s    164MiB    0.0%  1.48KiB
   sample_scenario        945    271ms    0.0%   287s   10.2MiB    0.0%  11.0KiB
 calculate_bound          945    2.61s    0.0%  2.76ms    810MiB    0.1%   877KiB
   get_dual_solution      945   1.40ms    0.0%  1.48s    517KiB    0.0%     560B
 


||||||||||||||||||||||||||||||||||||||||||||||||||||||||||||||||||||||||||||||||||||||||||||||||||||||||||||||||||||||||||||||||||||||||
SIMULATION RESULTS
LogLinearSDDP.NoSimulation()
markov
Lower bound: 2.6643777214421475e8
Statistical upper bound (confidence interval): 3.263995584156598e8  6.567981326407553e6
Pessimistic upper bound: 3.3296753974206734e8

||||||||||||||||||||||||||||||||||||||||||||||||||||||||||||||||||||||||||||||||||||||||||||||||||||||||||||||||||||||||||||||||||||||||
SIMULATION RESULTS
LogLinearSDDP.NoSimulation()
markov
Lower bound: 2.6643777214421475e8
Statistical upper bound (confidence interval): 2.106486509247862e8  5.200789220157458e6
Pessimistic upper bound: 2.1584944014494365e8

||||||||||||||||||||||||||||||||||||||||||||||||||||||||||||||||||||||||||||||||||||||||||||||||||||||||||||||||||||||||||||||||||||||||
SIMULATION RESULTS
LogLinearSDDP.NoSimulation()
custom_model
Lower bound: 2.6643777214421475e8
Statistical upper bound (confidence interval): 3.871579906232484e8  7.766304837236109e6
Pessimistic upper bound: 3.949242954604845e8

||||||||||||||||||||||||||||||||||||||||||||||||||||||||||||||||||||||||||||||||||||||||||||||||||||||||||||||||||||||||||||||||||||||||
SIMULATION RESULTS
LogLinearSDDP.NoSimulation()
custom_model
Lower bound: 2.6643777214421475e8
Statistical upper bound (confidence interval): 2.5151740258613467e8  6.356402215856617e6
Pessimistic upper bound: 2.5787380480199128e8

||||||||||||||||||||||||||||||||||||||||||||||||||||||||||||||||||||||||||||||||||||||||||||||||||||||||||||||||||||||||||||||||||||||||
SIMULATION RESULTS
LogLinearSDDP.NoSimulation()
fitted_model
Lower bound: 2.6643777214421475e8
Statistical upper bound (confidence interval): 2.842366100923463e8  4.742907204468933e6
Pessimistic upper bound: 2.889795172968152e8

||||||||||||||||||||||||||||||||||||||||||||||||||||||||||||||||||||||||||||||||||||||||||||||||||||||||||||||||||||||||||||||||||||||||
SIMULATION RESULTS
LogLinearSDDP.NoSimulation()
fitted_model
Lower bound: 2.6643777214421475e8
Statistical upper bound (confidence interval): 1.9232256069875044e8  4.0082326136361617e6
Pessimistic upper bound: 1.963307933123866e8

||||||||||||||||||||||||||||||||||||||||||||||||||||||||||||||||||||||||||||||||||||||||||||||||||||||||||||||||||||||||||||||||||||||||
SIMULATION RESULTS
LogLinearSDDP.NoSimulation()
shapiro_model
Lower bound: 2.6643777214421475e8
Statistical upper bound (confidence interval): 2.9190067295976245e8  5.353459500306552e6
Pessimistic upper bound: 2.97254132460069e8

||||||||||||||||||||||||||||||||||||||||||||||||||||||||||||||||||||||||||||||||||||||||||||||||||||||||||||||||||||||||||||||||||||||||
SIMULATION RESULTS
LogLinearSDDP.NoSimulation()
shapiro_model
Lower bound: 2.6643777214421475e8
Statistical upper bound (confidence interval): 1.9667050765324187e8  4.478813760966877e6
Pessimistic upper bound: 2.0114932141420874e8

||||||||||||||||||||||||||||||||||||||||||||||||||||||||||||||||||||||||||||||||||||||||||||||||||||||||||||||||||||||||||||||||||||||||
SIMULATION RESULTS
LogLinearSDDP.NoSimulation()
markov
Lower bound: 2.663058100238363e8
Statistical upper bound (confidence interval): 4.790095408410008e8  8.025560717256314e7
Pessimistic upper bound: 5.592651480135639e8

||||||||||||||||||||||||||||||||||||||||||||||||||||||||||||||||||||||||||||||||||||||||||||||||||||||||||||||||||||||||||||||||||||||||
SIMULATION RESULTS
LogLinearSDDP.NoSimulation()
markov
Lower bound: 2.663058100238363e8
Statistical upper bound (confidence interval): 3.13532342885915e8  6.519597626907705e7
Pessimistic upper bound: 3.7872831915499204e8
