||||||||||||||||||||||||||||||||||||||||||||||||||||||||||||||||||||||||||||||||||||||||||||||||||||||||||||||||||||||||||||||||||||||||
PATH
calling 
C:\Users\cg4102\Documents\New LogLinearSDDP\LogLinearSDDP.jl\Examples\Hydrothermal
C:\Users\cg4102\Documents\New LogLinearSDDP\LogLinearSDDP.jl\Examples\Hydrothermal\run_model_markov.jl
DATETIME
2025-04-28T11:12:40.425
RUN DESCRIPTION
LogLinearSDDP.AlgoParams(SDDP.AbstractStoppingRule[SDDP.TimeLimit(7200.0)], LogLinearSDDP.NoSimulation(), false, 2, 1, "C:/Users/cg4102/Documents/julia_logs/Cut-sharing Re-Run (2h)/Run_MC-SDDP_custom_model_11111/MC-SDDP.log", false, false, false, 11111, "MC-SDDP: 100 nodes, custom_model", :fitted_model)
-------------------------------------------------------------------
         SDDP.jl (c) Oscar Dowson and contributors, 2017-23
-------------------------------------------------------------------
problem
  nodes           : 11901
  state variables : 4
  scenarios       : 6.68857e+229
  existing cuts   : false
options
  solver          : serial mode
  risk measure    : SDDP.Expectation()
  sampling scheme : SDDP.Historical{String, Dict{String, Float64}}
subproblem structure
  VariableRef                                  : [142, 142]
  JuMP.AffExpr in MOI.EqualTo{Float64}         : [13, 13]
  JuMP.VariableRef in MOI.GreaterThan{Float64} : [138, 138]
  JuMP.VariableRef in MOI.LessThan{Float64}    : [129, 130]
-------------------------------------------------------------------
 iteration    simulation      bound        time (s)     solves  pid
-------------------------------------------------------------------
         1   1.574999e+09  9.953385e+05  6.702000e+00     10593   1
         2   1.330726e+09  3.002832e+06  1.011400e+01     21147   1
         3   1.288111e+09  3.267450e+06  1.341700e+01     31283   1
         4   8.197958e+08  4.184637e+06  1.688100e+01     41973   1
         5   7.996761e+08  4.264899e+06  2.020600e+01     52463   1
         6   5.688336e+08  6.164221e+06  2.352600e+01     63015   1
         7   8.731386e+08  2.001363e+07  2.674700e+01     73296   1
         8   7.195484e+08  2.431425e+07  3.000600e+01     83703   1
         9   5.231430e+08  2.861634e+07  3.312200e+01     94257   1
        10   5.762333e+08  3.526181e+07  3.636500e+01    104517   1
        11   3.042267e+08  3.604977e+07  3.950700e+01    115020   1
        12   2.432711e+08  4.104322e+07  4.264600e+01    125038   1
        13   4.305757e+08  4.319402e+07  4.829600e+01    135270   1
        14   8.457907e+08  4.460730e+07  5.114100e+01    145758   1
        15   3.955014e+08  4.631888e+07  5.419200e+01    156054   1
        16   2.877616e+08  5.190643e+07  5.716300e+01    166386   1
        17   2.563669e+08  5.196946e+07  6.019900e+01    176537   1
        18   2.092175e+08  5.991610e+07  6.319200e+01    186658   1
        19   5.539294e+08  6.125516e+07  6.611500e+01    197204   1
        20   3.289768e+08  6.167569e+07  6.915700e+01    207560   1
        21   1.130350e+09  6.248820e+07  7.189900e+01    217379   1
        22   4.834168e+08  6.965205e+07  7.484200e+01    227891   1
        23   6.038353e+08  7.136058e+07  7.770900e+01    238085   1
        24   2.673271e+08  7.143678e+07  8.074400e+01    248646   1
        25   2.554490e+08  7.310551e+07  8.379800e+01    259129   1
        26   5.721012e+08  7.471360e+07  8.668100e+01    269482   1
        27   6.628604e+08  8.030133e+07  8.969100e+01    279999   1
        28   3.951366e+08  8.173925e+07  9.274100e+01    290455   1
        29   6.234386e+08  8.192452e+07  9.585600e+01    301175   1
        30   2.048154e+08  8.292050e+07  9.909900e+01    311667   1
        31   8.056797e+08  8.458889e+07  1.020150e+02    321804   1
        32   3.113138e+08  8.654064e+07  1.051830e+02    332303   1
        33   2.483519e+08  8.810060e+07  1.085430e+02    343217   1
        34   2.638089e+08  9.009680e+07  1.120210e+02    353994   1
        35   4.149824e+08  9.010601e+07  1.151620e+02    364528   1
        36   2.896159e+08  9.121595e+07  1.185810e+02    375102   1
        37   4.031032e+08  9.266511e+07  1.218580e+02    385640   1
        38   2.993873e+08  9.428684e+07  1.251330e+02    395990   1
        39   4.137208e+08  9.452771e+07  1.284530e+02    406558   1
        40   2.638487e+08  9.544137e+07  1.317400e+02    417039   1
        41   1.055393e+09  9.564533e+07  1.349300e+02    427457   1
        42   6.361768e+08  9.602241e+07  1.380190e+02    437175   1
        43   2.596203e+08  1.033452e+08  1.413680e+02    447825   1
        44   3.171124e+08  1.053890e+08  1.475330e+02    458309   1
        45   4.743524e+08  1.053930e+08  1.504800e+02    468694   1
        46   2.952867e+08  1.055223e+08  1.534920e+02    478910   1
        47   4.836940e+08  1.059456e+08  1.564760e+02    489215   1
        48   5.032534e+08  1.059563e+08  1.595120e+02    499747   1
        49   2.515141e+08  1.062227e+08  1.624670e+02    509994   1
        50   2.173460e+08  1.065477e+08  1.656650e+02    520368   1
        51   4.244498e+08  1.076515e+08  1.687400e+02    530761   1
        52   3.002960e+08  1.076540e+08  1.717640e+02    541145   1
        53   6.593837e+08  1.087654e+08  1.748520e+02    551464   1
        54   1.474163e+09  1.097117e+08  1.779290e+02    561580   1
        55   4.602752e+08  1.099914e+08  1.809750e+02    571801   1
        56   3.658329e+08  1.104504e+08  1.841880e+02    582217   1
        57   2.933795e+08  1.107334e+08  1.874180e+02    592539   1
        58   2.283143e+08  1.110771e+08  1.909020e+02    603291   1
        59   2.243067e+08  1.149377e+08  1.942460e+02    614059   1
        60   5.425279e+08  1.187353e+08  1.974450e+02    624394   1
        61   9.151037e+08  1.197587e+08  2.005500e+02    634499   1
        62   2.205031e+08  1.206136e+08  2.036890e+02    644486   1
        63   3.756681e+08  1.229300e+08  2.069440e+02    654530   1
        64   2.239599e+08  1.252174e+08  2.102490e+02    665044   1
        65   3.442689e+08  1.252190e+08  2.135270e+02    675480   1
        66   2.052700e+08  1.261212e+08  2.169420e+02    685988   1
        67   2.575431e+08  1.288066e+08  2.203180e+02    696578   1
        68   2.294751e+08  1.289354e+08  2.237740e+02    706975   1
        69   3.453446e+08  1.289439e+08  2.271910e+02    717319   1
        70   5.980034e+08  1.301929e+08  2.305350e+02    727837   1
        71   2.316366e+08  1.305456e+08  2.339200e+02    738466   1
        72   5.557015e+08  1.313169e+08  2.372200e+02    748510   1
        73   4.216892e+08  1.354033e+08  2.407930e+02    759194   1
        74   1.803901e+08  1.368945e+08  2.471430e+02    769818   1
        75   2.780254e+08  1.369274e+08  2.503550e+02    780542   1
        76   3.824401e+08  1.369413e+08  2.535710e+02    790831   1
        77   2.941885e+08  1.373987e+08  2.568410e+02    801477   1
        78   3.136077e+08  1.376884e+08  2.601310e+02    812063   1
        79   3.339306e+08  1.376924e+08  2.634330e+02    822627   1
        80   2.564884e+08  1.387047e+08  2.668140e+02    833163   1
        81   2.149429e+08  1.387235e+08  2.699980e+02    843251   1
        82   2.782639e+08  1.387339e+08  2.733080e+02    853438   1
        83   8.713566e+08  1.394768e+08  2.765270e+02    863589   1
        84   3.409833e+08  1.414516e+08  2.798810e+02    874240   1
        85   3.120107e+08  1.417553e+08  2.832350e+02    884571   1
        86   2.362318e+08  1.420575e+08  2.864730e+02    894757   1
        87   3.156075e+08  1.452585e+08  2.899730e+02    905399   1
        88   3.091576e+08  1.471895e+08  2.933610e+02    916076   1
        89   8.527730e+08  1.478680e+08  2.966330e+02    926110   1
        90   4.590775e+08  1.480710e+08  2.999760e+02    936372   1
        91   4.849954e+08  1.500829e+08  3.034120e+02    946805   1
        92   3.904240e+08  1.501095e+08  3.067570e+02    956674   1
        93   6.008995e+08  1.503842e+08  3.101310e+02    966679   1
        94   3.236898e+08  1.514533e+08  3.136430e+02    977282   1
        95   3.519489e+08  1.526330e+08  3.170630e+02    987677   1
        96   3.940117e+08  1.529080e+08  3.205670e+02    997942   1
        97   6.544737e+08  1.532096e+08  3.239590e+02   1008140   1
        98   5.763176e+08  1.535083e+08  3.274520e+02   1018464   1
        99   3.034449e+08  1.535473e+08  3.309810e+02   1028932   1
       100   2.446113e+08  1.540216e+08  3.346170e+02   1039353   1
       101   1.951030e+08  1.555617e+08  3.382150e+02   1049510   1
       102   3.295958e+08  1.576596e+08  3.418210e+02   1060200   1
       103   5.201013e+08  1.584891e+08  3.481490e+02   1070602   1
       104   8.055539e+08  1.591923e+08  3.515950e+02   1081067   1
       105   2.437074e+08  1.594165e+08  3.549910e+02   1091403   1
       106   4.191239e+08  1.597533e+08  3.584610e+02   1101871   1
       107   2.533624e+08  1.599820e+08  3.619170e+02   1112463   1
       108   4.401192e+08  1.599826e+08  3.653400e+02   1122810   1
       109   5.999987e+08  1.622260e+08  3.688480e+02   1133099   1
       110   4.738143e+08  1.640011e+08  3.723230e+02   1143676   1
       111   1.733205e+08  1.641328e+08  3.758250e+02   1153996   1
       112   2.529730e+08  1.642531e+08  3.793710e+02   1164332   1
       113   2.387980e+08  1.643805e+08  3.829260e+02   1174727   1
       114   5.757872e+08  1.644259e+08  3.864080e+02   1185124   1
       115   2.496499e+08  1.666575e+08  3.899600e+02   1195419   1
       116   3.292003e+08  1.667026e+08  3.936340e+02   1206116   1
       117   2.996362e+08  1.667907e+08  3.972100e+02   1216434   1
       118   2.135680e+08  1.668018e+08  4.008060e+02   1226810   1
       119   4.142823e+08  1.676169e+08  4.044240e+02   1237358   1
       120   3.406789e+08  1.678690e+08  4.080690e+02   1247895   1
       121   2.282966e+08  1.678724e+08  4.117370e+02   1258333   1
       122   3.146149e+08  1.687350e+08  4.154770e+02   1268938   1
       123   5.589709e+08  1.693755e+08  4.191670e+02   1279317   1
       124   2.245128e+08  1.694701e+08  4.227620e+02   1289318   1
       125   3.821981e+08  1.694785e+08  4.264920e+02   1299819   1
       126   3.946434e+08  1.698848e+08  4.302800e+02   1310632   1
       127   2.437574e+08  1.703487e+08  4.340710e+02   1321168   1
       128   6.018173e+08  1.705683e+08  4.377750e+02   1331528   1
       129   3.230320e+08  1.713073e+08  4.416340e+02   1342102   1
       130   2.382640e+08  1.713347e+08  4.454270e+02   1352294   1
       131   4.953159e+08  1.720239e+08  4.492070e+02   1362741   1
       132   2.420586e+08  1.723745e+08  4.563380e+02   1373420   1
       133   2.625137e+08  1.723900e+08  4.599580e+02   1383903   1
       134   3.051866e+08  1.724036e+08  4.635960e+02   1394221   1
       135   2.302337e+08  1.734558e+08  4.672630e+02   1404453   1
       136   6.952543e+08  1.743017e+08  4.708810e+02   1414477   1
       137   7.358173e+08  1.744355e+08  4.745740e+02   1424945   1
       138   3.708838e+08  1.747229e+08  4.783390e+02   1435478   1
       139   3.689906e+08  1.749417e+08  4.821650e+02   1445835   1
       140   2.383200e+08  1.751858e+08  4.859590e+02   1456235   1
       141   1.887929e+08  1.769897e+08  4.896880e+02   1466730   1
       142   6.135786e+08  1.769953e+08  4.934370e+02   1476976   1
       143   2.466458e+08  1.770106e+08  4.972860e+02   1487425   1
       144   8.503507e+08  1.773967e+08  5.009560e+02   1497349   1
       145   2.934085e+08  1.774416e+08  5.047640e+02   1508072   1
       146   6.910301e+08  1.781988e+08  5.085500e+02   1518531   1
       147   2.659436e+08  1.782189e+08  5.124090e+02   1529145   1
       148   8.995009e+08  1.782430e+08  5.162410e+02   1539622   1
       149   4.326290e+08  1.782473e+08  5.200690e+02   1550064   1
       150   3.008504e+08  1.785685e+08  5.241140e+02   1560708   1
       151   2.665038e+08  1.794839e+08  5.280620e+02   1570926   1
       152   5.035107e+08  1.795154e+08  5.320150e+02   1581440   1
       153   2.570822e+08  1.795175e+08  5.359800e+02   1591879   1
       154   2.666415e+08  1.800876e+08  5.399530e+02   1602411   1
       155   2.716727e+08  1.801662e+08  5.438160e+02   1612566   1
       156   1.972760e+08  1.808596e+08  5.478610e+02   1623179   1
       157   3.026862e+08  1.810389e+08  5.518960e+02   1633679   1
       158   2.015570e+08  1.811693e+08  5.559710e+02   1644426   1
       159   1.960571e+08  1.816572e+08  5.601590e+02   1655305   1
       160   3.006812e+08  1.817383e+08  5.642120e+02   1665897   1
       161   5.150626e+08  1.822344e+08  5.683440e+02   1676367   1
       162   2.368220e+08  1.826951e+08  5.862890e+02   1686945   1
       163   5.455459e+08  1.827897e+08  5.903350e+02   1697341   1
       164   2.102153e+08  1.828005e+08  5.942920e+02   1707735   1
       165   2.158988e+08  1.828158e+08  5.983030e+02   1718319   1
       166   2.756653e+08  1.835058e+08  6.023700e+02   1728882   1
       167   2.343528e+08  1.835392e+08  6.063890e+02   1739332   1
       168   4.140958e+08  1.843582e+08  6.103300e+02   1749669   1
       169   2.131127e+08  1.847067e+08  6.143500e+02   1760182   1
       170   2.277823e+08  1.847204e+08  6.183340e+02   1770669   1
       171   6.455079e+08  1.854611e+08  6.223530e+02   1781124   1
       172   2.495159e+08  1.854771e+08  6.264190e+02   1791876   1
       173   4.131540e+08  1.857055e+08  6.304100e+02   1802163   1
       174   4.130616e+08  1.858197e+08  6.344470e+02   1812520   1
       175   4.348530e+08  1.858328e+08  6.385030e+02   1822826   1
       176   2.651054e+08  1.885035e+08  6.425370e+02   1832883   1
       177   2.595410e+08  1.888013e+08  6.467300e+02   1843137   1
       178   2.490203e+08  1.889576e+08  6.510300e+02   1853347   1
       179   5.351090e+08  1.898802e+08  6.552740e+02   1863358   1
       180   2.003096e+08  1.904813e+08  6.596390e+02   1873682   1
       181   5.290079e+08  1.905887e+08  6.640330e+02   1884120   1
       182   2.361239e+08  1.908595e+08  6.684410e+02   1894343   1
       183   2.747695e+08  1.915925e+08  6.729620e+02   1904698   1
       184   2.227132e+08  1.916056e+08  6.774060e+02   1915158   1
       185   3.688061e+08  1.918434e+08  6.867500e+02   1925848   1
       186   2.588992e+08  1.923208e+08  6.909400e+02   1936561   1
       187   4.396103e+08  1.924742e+08  6.950260e+02   1947012   1
       188   2.117948e+08  1.929896e+08  6.992420e+02   1957566   1
       189   3.279057e+08  1.932741e+08  7.034030e+02   1967982   1
       190   2.047064e+08  1.937545e+08  7.075030e+02   1977918   1
       191   1.984592e+08  1.942773e+08  7.116630e+02   1988163   1
       192   5.057208e+08  1.946468e+08  7.158970e+02   1998617   1
       193   3.999093e+08  1.946473e+08  7.202030e+02   2008873   1
       194   3.142878e+08  1.946766e+08  7.245740e+02   2019565   1
       195   3.976867e+08  1.947138e+08  7.289020e+02   2030215   1
       196   3.322809e+08  1.948537e+08  7.332460e+02   2040483   1
       197   3.883641e+08  1.949218e+08  7.376400e+02   2050925   1
       198   4.994861e+08  1.951300e+08  7.420370e+02   2061322   1
       199   4.694881e+08  1.952283e+08  7.464750e+02   2071603   1
       200   4.217568e+08  1.970434e+08  7.509990e+02   2082255   1
       201   2.625979e+08  1.971106e+08  7.555800e+02   2092796   1
       202   2.591683e+08  1.971488e+08  7.601650e+02   2103345   1
       203   1.996753e+08  1.971633e+08  7.691060e+02   2114131   1
       204   2.950788e+08  1.972029e+08  7.733790e+02   2124734   1
       205   3.744317e+08  1.978393e+08  7.777200e+02   2135324   1
       206   3.245526e+08  1.982390e+08  7.820260e+02   2145618   1
       207   4.159690e+08  1.982416e+08  7.863770e+02   2156102   1
       208   3.313107e+08  1.982494e+08  7.907150e+02   2166446   1
       209   2.907071e+08  1.983241e+08  7.950910e+02   2176991   1
       210   2.785334e+08  1.983732e+08  7.995410e+02   2187297   1
       211   2.165219e+08  1.984211e+08  8.039420e+02   2197537   1
       212   2.807701e+08  1.984799e+08  8.084810e+02   2207770   1
       213   3.378593e+08  1.984989e+08  8.129740e+02   2217903   1
       214   2.474059e+08  1.985423e+08  8.176360e+02   2228453   1
       215   3.453598e+08  1.986677e+08  8.221570e+02   2238909   1
       216   1.884393e+08  1.987390e+08  8.267940e+02   2249419   1
       217   6.888620e+08  1.987415e+08  8.357870e+02   2259739   1
       218   3.232478e+08  1.987425e+08  8.401530e+02   2269869   1
       219   5.430480e+08  1.989954e+08  8.447270e+02   2280643   1
       220   1.981779e+08  1.991517e+08  8.491770e+02   2291078   1
       221   6.279387e+08  1.991543e+08  8.535960e+02   2301070   1
       222   5.787042e+08  1.991562e+08  8.580430e+02   2311315   1
       223   2.293603e+08  1.992832e+08  8.625410e+02   2321715   1
       224   3.420757e+08  1.993057e+08  8.670510e+02   2332092   1
       225   4.260238e+08  2.005024e+08  8.716300e+02   2342552   1
       226   3.808925e+08  2.005245e+08  8.761920e+02   2352730   1
       227   4.150203e+08  2.010866e+08  8.808000e+02   2363172   1
       228   3.708747e+08  2.016804e+08  8.854420e+02   2373691   1
       229   3.037316e+08  2.018240e+08  8.901280e+02   2384283   1
       230   5.693971e+08  2.018630e+08  8.993250e+02   2394557   1
       231   2.369428e+08  2.027758e+08  9.039080e+02   2405250   1
       232   3.064474e+08  2.028591e+08  9.084390e+02   2415733   1
       233   3.060025e+08  2.029341e+08  9.130240e+02   2426278   1
       234   2.595379e+08  2.032499e+08  9.176210e+02   2436667   1
       235   2.181355e+08  2.032499e+08  9.223090e+02   2447328   1
       236   6.652731e+08  2.035544e+08  9.269070e+02   2457812   1
       237   3.172606e+08  2.035680e+08  9.315000e+02   2468264   1
       238   1.833039e+08  2.036076e+08  9.361480e+02   2478659   1
       239   7.561690e+08  2.036082e+08  9.408080e+02   2488832   1
       240   3.097751e+08  2.040816e+08  9.456190e+02   2499483   1
       241   2.843729e+08  2.042015e+08  9.503450e+02   2509883   1
       242   3.147542e+08  2.042936e+08  9.596970e+02   2520371   1
       243   2.694360e+08  2.045102e+08  9.642660e+02   2530118   1
       244   6.497682e+08  2.045742e+08  9.688700e+02   2540189   1
       245   2.194862e+08  2.049072e+08  9.735010e+02   2550618   1
       246   3.048250e+08  2.049176e+08  9.782050e+02   2561242   1
       247   3.781385e+08  2.049193e+08  9.828700e+02   2571235   1
       248   7.337385e+08  2.053737e+08  9.875390e+02   2581370   1
       249   3.124164e+08  2.054213e+08  9.923290e+02   2591879   1
       250   2.359731e+08  2.055441e+08  9.970270e+02   2602310   1
       251   8.690021e+08  2.055592e+08  1.001755e+03   2612529   1
       252   2.574547e+08  2.057255e+08  1.006613e+03   2622869   1
       253   1.946060e+08  2.057288e+08  1.011485e+03   2632868   1
       254   3.655812e+08  2.057947e+08  1.020872e+03   2643093   1
       255   8.561033e+08  2.061786e+08  1.025648e+03   2653400   1
       256   2.255400e+08  2.061994e+08  1.030437e+03   2663464   1
       257   7.646475e+08  2.076596e+08  1.035183e+03   2673494   1
       258   2.660423e+08  2.076798e+08  1.040040e+03   2683856   1
       259   6.238507e+08  2.079149e+08  1.044835e+03   2694109   1
       260   3.090897e+08  2.079236e+08  1.049651e+03   2704423   1
       261   2.582330e+08  2.079298e+08  1.054467e+03   2714700   1
       262   3.610500e+08  2.079470e+08  1.059401e+03   2725076   1
       263   3.971098e+08  2.081555e+08  1.064327e+03   2735623   1
       264   2.088934e+08  2.082128e+08  1.073971e+03   2745742   1
       265   2.390862e+08  2.082359e+08  1.078863e+03   2755995   1
       266   3.165061e+08  2.082510e+08  1.083654e+03   2766337   1
       267   2.150922e+08  2.083522e+08  1.088552e+03   2776900   1
       268   2.769125e+08  2.083605e+08  1.093500e+03   2787360   1
       269   2.560978e+08  2.083713e+08  1.098426e+03   2797796   1
       270   3.129795e+08  2.087096e+08  1.103280e+03   2808092   1
       271   3.591971e+08  2.088032e+08  1.108212e+03   2818560   1
       272   3.677105e+08  2.088363e+08  1.113247e+03   2828971   1
       273   3.916537e+08  2.088383e+08  1.118195e+03   2838960   1
       274   2.841184e+08  2.089082e+08  1.123300e+03   2849536   1
       275   5.061163e+08  2.089889e+08  1.133006e+03   2859774   1
       276   9.203543e+08  2.093006e+08  1.137937e+03   2869838   1
       277   5.313185e+08  2.096258e+08  1.142818e+03   2880170   1
       278   2.963277e+08  2.097066e+08  1.147888e+03   2890707   1
       279   3.201326e+08  2.097910e+08  1.152927e+03   2901373   1
       280   2.910217e+08  2.099549e+08  1.157957e+03   2911982   1
       281   2.938213e+08  2.099726e+08  1.162902e+03   2922246   1
       282   4.669450e+08  2.099736e+08  1.167829e+03   2932431   1
       283   5.056575e+08  2.099961e+08  1.172961e+03   2942781   1
       284   2.665278e+08  2.099976e+08  1.178127e+03   2953192   1
       285   2.994388e+08  2.101827e+08  1.188171e+03   2963839   1
       286   5.578241e+08  2.102633e+08  1.193125e+03   2974350   1
       287   2.949441e+08  2.103273e+08  1.198161e+03   2985039   1
       288   5.245444e+08  2.103447e+08  1.203199e+03   2995177   1
       289   4.555893e+08  2.103636e+08  1.208243e+03   3005592   1
       290   2.318786e+08  2.111488e+08  1.213340e+03   3016037   1
       291   3.966576e+08  2.111495e+08  1.218419e+03   3026666   1
       292   7.849296e+08  2.115063e+08  1.223538e+03   3037123   1
       293   3.251222e+08  2.118703e+08  1.228650e+03   3046997   1
       294   2.529496e+08  2.118760e+08  1.233965e+03   3057464   1
       295   2.730355e+08  2.119227e+08  1.244218e+03   3068011   1
       296   3.393931e+08  2.121062e+08  1.249267e+03   3078017   1
       297   5.562385e+08  2.122584e+08  1.254327e+03   3088571   1
       298   2.586502e+08  2.124405e+08  1.259477e+03   3099156   1
       299   4.628889e+08  2.128624e+08  1.264604e+03   3109746   1
       300   2.798308e+08  2.128772e+08  1.269823e+03   3120009   1
       301   2.404478e+08  2.128778e+08  1.274988e+03   3130628   1
       302   4.555421e+08  2.134321e+08  1.280147e+03   3140918   1
       303   4.036770e+08  2.134323e+08  1.285348e+03   3151406   1
       304   6.252796e+08  2.134323e+08  1.290614e+03   3161716   1
       305   2.379716e+08  2.134360e+08  1.295991e+03   3172400   1
       306   2.491431e+08  2.135555e+08  1.306362e+03   3182714   1
       307   2.447872e+08  2.135557e+08  1.311631e+03   3193505   1
       308   2.594155e+08  2.137459e+08  1.316750e+03   3203626   1
       309   3.750855e+08  2.137683e+08  1.321975e+03   3214024   1
       310   2.423113e+08  2.137687e+08  1.327187e+03   3224355   1
       311   2.517989e+08  2.137819e+08  1.332442e+03   3234775   1
       312   6.098750e+08  2.139264e+08  1.337787e+03   3244901   1
       313   2.835938e+08  2.140246e+08  1.343089e+03   3255364   1
       314   9.257136e+08  2.142974e+08  1.348371e+03   3265541   1
       315   2.139591e+08  2.142974e+08  1.353766e+03   3276023   1
       316   2.913321e+08  2.150255e+08  1.359243e+03   3286514   1
       317   2.206392e+08  2.151836e+08  1.369752e+03   3296722   1
       318   3.704558e+08  2.152001e+08  1.375016e+03   3306934   1
       319   4.460012e+08  2.152207e+08  1.380261e+03   3317409   1
       320   2.860055e+08  2.152493e+08  1.385602e+03   3327877   1
       321   1.469255e+08  2.152922e+08  1.390940e+03   3338070   1
       322   2.477266e+08  2.155686e+08  1.396300e+03   3348404   1
       323   3.243697e+08  2.157470e+08  1.401723e+03   3359009   1
       324   2.336904e+08  2.157557e+08  1.407108e+03   3369583   1
       325   6.840790e+08  2.158077e+08  1.412553e+03   3379985   1
       326   4.331278e+08  2.159311e+08  1.418043e+03   3390629   1
       327   3.935397e+08  2.159893e+08  1.428866e+03   3400494   1
       328   4.000432e+08  2.164101e+08  1.434262e+03   3410806   1
       329   3.885497e+08  2.175490e+08  1.439706e+03   3421241   1
       330   2.075466e+08  2.176032e+08  1.445114e+03   3431582   1
       331   2.043083e+08  2.176043e+08  1.450626e+03   3442030   1
       332   4.401853e+08  2.176083e+08  1.456089e+03   3452147   1
       333   1.810211e+08  2.176117e+08  1.461578e+03   3462671   1
       334   1.896677e+08  2.181116e+08  1.467068e+03   3472768   1
       335   3.788690e+08  2.181132e+08  1.472601e+03   3483255   1
       336   2.852138e+08  2.181232e+08  1.478144e+03   3493549   1
       337   2.794643e+08  2.182171e+08  1.483748e+03   3503730   1
       338   4.346077e+08  2.182674e+08  1.494683e+03   3514213   1
       339   3.412302e+08  2.187486e+08  1.500147e+03   3524619   1
       340   5.038765e+08  2.190377e+08  1.505623e+03   3535235   1
       341   2.885315e+08  2.193569e+08  1.511192e+03   3545803   1
       342   6.344721e+08  2.193863e+08  1.516727e+03   3556128   1
       343   3.256197e+08  2.194014e+08  1.522342e+03   3566801   1
       344   2.486427e+08  2.194303e+08  1.527947e+03   3577459   1
       345   2.338715e+08  2.196033e+08  1.533553e+03   3587871   1
       346   2.093325e+08  2.197852e+08  1.539283e+03   3598603   1
       347   2.536437e+08  2.199186e+08  1.544994e+03   3609007   1
       348   2.904826e+08  2.199218e+08  1.550745e+03   3619351   1
       349   3.910921e+08  2.201308e+08  1.561906e+03   3629804   1
       350   5.041088e+08  2.201558e+08  1.567422e+03   3639797   1
       351   3.003662e+08  2.206666e+08  1.573006e+03   3650114   1
       352   4.469798e+08  2.208809e+08  1.578649e+03   3660845   1
       353   3.002155e+08  2.208821e+08  1.584244e+03   3670799   1
       354   1.895695e+08  2.209018e+08  1.589961e+03   3681545   1
       355   4.348665e+08  2.209243e+08  1.595598e+03   3692122   1
       356   3.137893e+08  2.209243e+08  1.601265e+03   3702705   1
       357   2.592009e+08  2.209434e+08  1.606995e+03   3713017   1
       358   2.620464e+08  2.209450e+08  1.612844e+03   3723687   1
       359   2.361266e+08  2.209927e+08  1.618718e+03   3733967   1
       360   6.672135e+08  2.210155e+08  1.630066e+03   3744277   1
       361   3.612002e+08  2.210208e+08  1.635708e+03   3754908   1
       362   8.089292e+08  2.210627e+08  1.641349e+03   3764907   1
       363   4.653739e+08  2.211874e+08  1.647035e+03   3775392   1
       364   3.919927e+08  2.212778e+08  1.652637e+03   3785550   1
       365   2.582269e+08  2.213138e+08  1.658319e+03   3795979   1
       366   2.419346e+08  2.213157e+08  1.664069e+03   3806378   1
       367   3.179114e+08  2.213166e+08  1.669805e+03   3816613   1
       368   3.063604e+08  2.213171e+08  1.675658e+03   3827152   1
       369   2.728868e+08  2.216588e+08  1.681555e+03   3837557   1
       370   2.543401e+08  2.216928e+08  1.687459e+03   3848093   1
       371   2.617503e+08  2.218234e+08  1.699092e+03   3858494   1
       372   1.963867e+08  2.218481e+08  1.704899e+03   3868996   1
       373   2.359990e+08  2.219770e+08  1.710752e+03   3879654   1
       374   8.774325e+08  2.220359e+08  1.716516e+03   3889795   1
       375   6.162416e+08  2.221252e+08  1.722294e+03   3899802   1
       376   5.424432e+08  2.221268e+08  1.728155e+03   3909749   1
       377   2.719256e+08  2.221360e+08  1.733955e+03   3919889   1
       378   3.691464e+08  2.221370e+08  1.739832e+03   3930597   1
       379   3.307112e+08  2.221405e+08  1.745682e+03   3940945   1
       380   3.611203e+08  2.222591e+08  1.751635e+03   3951144   1
       381   2.509882e+08  2.225601e+08  1.757693e+03   3961720   1
       382   2.096303e+08  2.226443e+08  1.769601e+03   3972392   1
       383   5.673582e+08  2.226482e+08  1.775401e+03   3982893   1
       384   2.027625e+08  2.226766e+08  1.781312e+03   3993539   1
       385   6.925645e+08  2.231402e+08  1.787163e+03   4004147   1
       386   3.723261e+08  2.234143e+08  1.793098e+03   4014648   1
       387   2.584879e+08  2.234528e+08  1.798981e+03   4024617   1
       388   4.955973e+08  2.235403e+08  1.804908e+03   4034900   1
       389   2.671923e+08  2.238412e+08  1.810796e+03   4045235   1
       390   4.125512e+08  2.238972e+08  1.816742e+03   4055717   1
       391   3.524380e+08  2.239714e+08  1.822777e+03   4065975   1
       392   4.910968e+08  2.239747e+08  1.828898e+03   4076373   1
       393   3.579371e+08  2.241766e+08  1.841061e+03   4086571   1
       394   4.017524e+08  2.253163e+08  1.847095e+03   4097186   1
       395   2.253056e+08  2.254395e+08  1.853062e+03   4107609   1
       396   2.210239e+08  2.255982e+08  1.858989e+03   4117915   1
       397   4.490943e+08  2.258449e+08  1.864997e+03   4128242   1
       398   2.758318e+08  2.258506e+08  1.871033e+03   4138452   1
       399   2.428315e+08  2.258769e+08  1.877110e+03   4148862   1
       400   3.250024e+08  2.259064e+08  1.883183e+03   4159402   1
       401   2.264031e+08  2.260017e+08  1.889228e+03   4169746   1
       402   3.168262e+08  2.260427e+08  1.895305e+03   4180066   1
       403   2.590448e+08  2.261302e+08  1.901474e+03   4190712   1
       404   2.253371e+08  2.261846e+08  1.907748e+03   4201269   1
       405   3.158756e+08  2.261867e+08  1.920189e+03   4211703   1
       406   1.832961e+08  2.263434e+08  1.926309e+03   4222227   1
       407   4.612136e+08  2.264673e+08  1.932355e+03   4232887   1
       408   3.723355e+08  2.264699e+08  1.938352e+03   4242896   1
       409   3.481554e+08  2.269444e+08  1.944472e+03   4253474   1
       410   2.678085e+08  2.277100e+08  1.950637e+03   4264067   1
       411   2.805149e+08  2.277715e+08  1.956711e+03   4274487   1
       412   1.747864e+08  2.278512e+08  1.962785e+03   4284905   1
       413   2.594468e+08  2.278542e+08  1.968904e+03   4295179   1
       414   5.051734e+08  2.278608e+08  1.975126e+03   4305473   1
       415   3.507038e+08  2.279305e+08  1.981426e+03   4315665   1
       416   2.132989e+08  2.280209e+08  1.994085e+03   4326310   1
       417   6.579374e+08  2.281585e+08  2.000223e+03   4336557   1
       418   3.904267e+08  2.283196e+08  2.006391e+03   4347005   1
       419   4.366808e+08  2.283210e+08  2.012546e+03   4357504   1
       420   4.085376e+08  2.284036e+08  2.018685e+03   4367776   1
       421   4.964532e+08  2.286813e+08  2.024859e+03   4378260   1
       422   4.770660e+08  2.286828e+08  2.031117e+03   4388609   1
       423   2.305011e+08  2.287855e+08  2.037346e+03   4399237   1
       424   5.009986e+08  2.287891e+08  2.043508e+03   4409633   1
       425   1.991385e+08  2.292532e+08  2.049852e+03   4420189   1
       426   2.127335e+08  2.292959e+08  2.056237e+03   4430272   1
       427   2.871256e+08  2.292961e+08  2.062688e+03   4440740   1
       428   2.581071e+08  2.293679e+08  2.075576e+03   4451206   1
       429   2.476422e+08  2.293699e+08  2.081834e+03   4461670   1
       430   8.075532e+08  2.299505e+08  2.088048e+03   4471905   1
       431   2.517061e+08  2.299553e+08  2.094245e+03   4482089   1
       432   1.757352e+08  2.299765e+08  2.100575e+03   4492376   1
       433   4.177909e+08  2.301511e+08  2.106910e+03   4502797   1
       434   4.100841e+08  2.307918e+08  2.113206e+03   4513269   1
       435   4.651449e+08  2.308303e+08  2.119515e+03   4523700   1
       436   2.716325e+08  2.308577e+08  2.125803e+03   4534035   1
       437   2.698425e+08  2.309493e+08  2.132260e+03   4544505   1
       438   2.149864e+08  2.309493e+08  2.138780e+03   4555147   1
       439   5.914936e+08  2.310220e+08  2.145235e+03   4565197   1
       440   3.814407e+08  2.311476e+08  2.158302e+03   4575370   1
       441   3.153737e+08  2.311583e+08  2.164664e+03   4585781   1
       442   2.513004e+08  2.314106e+08  2.171128e+03   4596396   1
       443   4.084853e+08  2.314123e+08  2.177480e+03   4606687   1
       444   4.777257e+08  2.316153e+08  2.183866e+03   4617142   1
       445   5.479691e+08  2.316275e+08  2.190222e+03   4627666   1
       446   4.263174e+08  2.317137e+08  2.196560e+03   4637981   1
       447   3.256924e+08  2.317626e+08  2.202949e+03   4648513   1
       448   2.485954e+08  2.317718e+08  2.209337e+03   4658547   1
       449   2.372086e+08  2.317857e+08  2.215862e+03   4668873   1
       450   3.433091e+08  2.317945e+08  2.222489e+03   4679418   1
       451   2.509629e+08  2.318009e+08  2.229053e+03   4689609   1
       452   4.164484e+08  2.318686e+08  2.242417e+03   4699774   1
       453   5.193522e+08  2.319291e+08  2.248833e+03   4709940   1
       454   5.590329e+08  2.323141e+08  2.255179e+03   4720306   1
       455   3.602728e+08  2.323164e+08  2.261652e+03   4730507   1
       456   3.230294e+08  2.324281e+08  2.268170e+03   4740860   1
       457   5.656146e+08  2.329664e+08  2.274611e+03   4751226   1
       458   2.528073e+08  2.330133e+08  2.281221e+03   4761675   1
       459   4.262783e+08  2.331553e+08  2.287722e+03   4772195   1
       460   2.877472e+08  2.331613e+08  2.294230e+03   4782533   1
       461   9.132623e+08  2.333651e+08  2.300769e+03   4792863   1
       462   4.356764e+08  2.334010e+08  2.307415e+03   4803422   1
       463   1.971529e+08  2.335728e+08  2.314138e+03   4813875   1
       464   3.324910e+08  2.335735e+08  2.327769e+03   4824322   1
       465   5.082052e+08  2.336125e+08  2.334306e+03   4834761   1
       466   3.102658e+08  2.336199e+08  2.340883e+03   4845029   1
       467   2.870538e+08  2.336369e+08  2.347440e+03   4855538   1
       468   6.085427e+08  2.336938e+08  2.353933e+03   4865832   1
       469   3.619518e+08  2.337361e+08  2.360539e+03   4876111   1
       470   5.110482e+08  2.337372e+08  2.367165e+03   4886491   1
       471   2.700804e+08  2.338046e+08  2.373899e+03   4897133   1
       472   2.340439e+08  2.338056e+08  2.380504e+03   4907442   1
       473   2.142351e+08  2.338999e+08  2.387165e+03   4917819   1
       474   5.126311e+08  2.339840e+08  2.393879e+03   4928240   1
       475   2.177765e+08  2.339852e+08  2.400834e+03   4938770   1
       476   3.917611e+08  2.343834e+08  2.407671e+03   4949462   1
       477   4.817809e+08  2.344371e+08  2.421372e+03   4959817   1
       478   6.481053e+08  2.344374e+08  2.427930e+03   4970244   1
       479   5.237047e+08  2.345163e+08  2.434490e+03   4980639   1
       480   3.894342e+08  2.348371e+08  2.441191e+03   4991054   1
       481   3.130602e+08  2.348500e+08  2.447904e+03   5001414   1
       482   3.335322e+08  2.348585e+08  2.454636e+03   5011758   1
       483   4.115959e+08  2.348585e+08  2.461402e+03   5022172   1
       484   2.380027e+08  2.349021e+08  2.468103e+03   5032734   1
       485   2.330807e+08  2.349931e+08  2.474922e+03   5043072   1
       486   1.958290e+08  2.351614e+08  2.481734e+03   5053682   1
       487   1.783537e+08  2.352033e+08  2.488500e+03   5063982   1
       488   2.618444e+08  2.354033e+08  2.495339e+03   5074183   1
       489   4.492956e+08  2.356521e+08  2.509404e+03   5084738   1
       490   4.159295e+08  2.356604e+08  2.516159e+03   5095205   1
       491   1.947432e+08  2.357181e+08  2.522927e+03   5105980   1
       492   2.358660e+08  2.357220e+08  2.529654e+03   5116280   1
       493   2.832154e+08  2.361736e+08  2.536429e+03   5126726   1
       494   2.414175e+08  2.361772e+08  2.543270e+03   5136935   1
       495   2.241157e+08  2.370101e+08  2.550050e+03   5147164   1
       496   3.326199e+08  2.370301e+08  2.556727e+03   5156978   1
       497   5.531040e+08  2.370904e+08  2.563553e+03   5166999   1
       498   1.616635e+08  2.371010e+08  2.570482e+03   5177430   1
       499   3.121349e+08  2.371165e+08  2.577392e+03   5187624   1
       500   2.441236e+08  2.371289e+08  2.584407e+03   5198129   1
       501   3.018253e+08  2.372617e+08  2.591431e+03   5208746   1
       502   5.155297e+08  2.372900e+08  2.605705e+03   5219120   1
       503   2.914464e+08  2.372986e+08  2.612667e+03   5229341   1
       504   2.971664e+08  2.374032e+08  2.619558e+03   5239883   1
       505   2.190733e+08  2.374073e+08  2.626447e+03   5250239   1
       506   1.285954e+09  2.374846e+08  2.633275e+03   5259987   1
       507   2.616390e+08  2.375967e+08  2.640194e+03   5270488   1
       508   3.403552e+08  2.375991e+08  2.647060e+03   5281009   1
       509   1.584941e+08  2.376097e+08  2.654159e+03   5291685   1
       510   2.661022e+08  2.376229e+08  2.661162e+03   5302315   1
       511   2.955766e+08  2.376252e+08  2.668150e+03   5312604   1
       512   2.975304e+08  2.376265e+08  2.675160e+03   5323029   1
       513   2.442125e+08  2.376279e+08  2.682351e+03   5333530   1
       514   4.265996e+08  2.377103e+08  2.689470e+03   5343919   1
       515   2.423975e+08  2.377104e+08  2.704190e+03   5354035   1
       516   3.067581e+08  2.377105e+08  2.711189e+03   5364262   1
       517   2.553109e+08  2.377173e+08  2.718172e+03   5374833   1
       518   3.505779e+08  2.377178e+08  2.725122e+03   5385472   1
       519   7.772847e+08  2.377370e+08  2.732184e+03   5395273   1
       520   2.727599e+08  2.377373e+08  2.739263e+03   5405956   1
       521   2.212438e+08  2.377562e+08  2.746288e+03   5416331   1
       522   3.456154e+08  2.377563e+08  2.753362e+03   5426720   1
       523   2.836137e+08  2.378891e+08  2.760516e+03   5437167   1
       524   2.006182e+08  2.378962e+08  2.767724e+03   5447862   1
       525   6.509549e+08  2.378993e+08  2.774800e+03   5457892   1
       526   7.784231e+08  2.380715e+08  2.781981e+03   5467987   1
       527   2.822397e+08  2.380723e+08  2.789272e+03   5478286   1
       528   2.252414e+08  2.380813e+08  2.803936e+03   5488725   1
       529   2.017864e+08  2.381109e+08  2.811008e+03   5498998   1
       530   2.211713e+08  2.381256e+08  2.818117e+03   5509291   1
       531   2.571460e+08  2.381687e+08  2.825274e+03   5519952   1
       532   2.213274e+08  2.383937e+08  2.832443e+03   5530546   1
       533   4.614372e+08  2.383946e+08  2.839626e+03   5540820   1
       534   4.009977e+08  2.384407e+08  2.846757e+03   5551384   1
       535   4.141988e+08  2.386259e+08  2.853993e+03   5561841   1
       536   2.850064e+08  2.386534e+08  2.861243e+03   5572216   1
       537   2.082621e+08  2.389455e+08  2.868566e+03   5582748   1
       538   3.941252e+08  2.389463e+08  2.875837e+03   5593147   1
       539   2.410483e+08  2.390193e+08  2.883217e+03   5603568   1
       540   2.713354e+08  2.390417e+08  2.890719e+03   5613816   1
       541   5.594225e+08  2.390438e+08  2.905720e+03   5624137   1
       542   3.845866e+08  2.391152e+08  2.912876e+03   5634663   1
       543   3.220828e+08  2.391174e+08  2.920092e+03   5644797   1
       544   1.814106e+08  2.393670e+08  2.927355e+03   5655385   1
       545   2.146264e+08  2.393733e+08  2.934637e+03   5665762   1
       546   5.811162e+08  2.393939e+08  2.941910e+03   5676318   1
       547   2.437468e+08  2.393951e+08  2.949223e+03   5686626   1
       548   1.589865e+08  2.394522e+08  2.956469e+03   5696703   1
       549   4.099367e+08  2.394668e+08  2.963807e+03   5706970   1
       550   5.441248e+08  2.394766e+08  2.971101e+03   5716950   1
       551   2.269503e+08  2.395657e+08  2.978646e+03   5727672   1
       552   4.251953e+08  2.395834e+08  2.986099e+03   5738201   1
       553   2.802506e+08  2.397860e+08  2.993637e+03   5748232   1
       554   2.628527e+08  2.400190e+08  3.008984e+03   5758737   1
       555   2.792845e+08  2.400361e+08  3.016302e+03   5768961   1
       556   2.069153e+08  2.401881e+08  3.023682e+03   5779475   1
       557   2.738337e+08  2.401999e+08  3.031044e+03   5789979   1
       558   2.383363e+08  2.402090e+08  3.038465e+03   5800408   1
       559   5.410978e+08  2.406342e+08  3.045690e+03   5810934   1
       560   1.803013e+08  2.406439e+08  3.053173e+03   5821129   1
       561   2.234775e+08  2.407450e+08  3.060613e+03   5831431   1
       562   1.802190e+08  2.408323e+08  3.068027e+03   5841781   1
       563   2.641282e+08  2.408340e+08  3.075404e+03   5851692   1
       564   2.256229e+08  2.409076e+08  3.082879e+03   5862293   1
       565   1.897335e+08  2.410334e+08  3.090366e+03   5872728   1
       566   2.257793e+08  2.410370e+08  3.097956e+03   5882551   1
       567   3.643549e+08  2.410444e+08  3.113593e+03   5893073   1
       568   2.826824e+08  2.410531e+08  3.121078e+03   5903784   1
       569   7.641913e+08  2.410561e+08  3.128514e+03   5913879   1
       570   2.623826e+08  2.410739e+08  3.135934e+03   5924541   1
       571   2.743619e+08  2.412985e+08  3.143318e+03   5935006   1
       572   2.816811e+08  2.413025e+08  3.150836e+03   5945708   1
       573   1.968894e+08  2.413346e+08  3.158368e+03   5956146   1
       574   1.122916e+09  2.416180e+08  3.165754e+03   5966257   1
       575   2.771097e+08  2.416225e+08  3.173293e+03   5976566   1
       576   2.559986e+08  2.416304e+08  3.180947e+03   5987130   1
       577   2.945639e+08  2.419134e+08  3.188515e+03   5997422   1
       578   7.049086e+08  2.419325e+08  3.196035e+03   6007759   1
       579   7.620805e+08  2.419351e+08  3.203663e+03   6017878   1
       580   4.719026e+08  2.419457e+08  3.211383e+03   6028306   1
       581   3.512129e+08  2.419463e+08  3.227143e+03   6038703   1
       582   2.498899e+08  2.419620e+08  3.234645e+03   6049059   1
       583   4.915326e+08  2.419649e+08  3.242172e+03   6059484   1
       584   2.334971e+08  2.419689e+08  3.249731e+03   6069785   1
       585   3.995449e+08  2.420156e+08  3.257263e+03   6079957   1
       586   3.199635e+08  2.420159e+08  3.264783e+03   6090317   1
       587   2.650973e+08  2.420934e+08  3.272358e+03   6100752   1
       588   2.510667e+08  2.421213e+08  3.279998e+03   6111529   1
       589   6.819660e+08  2.424982e+08  3.287579e+03   6121740   1
       590   2.920580e+08  2.429851e+08  3.295337e+03   6132180   1
       591   2.241041e+08  2.430469e+08  3.303038e+03   6142187   1
       592   2.780536e+08  2.430548e+08  3.310868e+03   6152526   1
       593   2.794281e+08  2.432222e+08  3.318553e+03   6162756   1
       594   5.080216e+08  2.432371e+08  3.334739e+03   6173147   1
       595   3.347069e+08  2.432388e+08  3.342328e+03   6183556   1
       596   3.833893e+08  2.432525e+08  3.349934e+03   6194215   1
       597   5.362199e+08  2.433540e+08  3.357501e+03   6204921   1
       598   2.721771e+08  2.433566e+08  3.365224e+03   6215460   1
       599   6.346418e+08  2.434659e+08  3.372899e+03   6225703   1
       600   3.740621e+08  2.435003e+08  3.380597e+03   6236089   1
       601   3.797519e+08  2.435648e+08  3.388224e+03   6246565   1
       602   5.508755e+08  2.435685e+08  3.395869e+03   6256641   1
       603   2.455538e+08  2.436279e+08  3.403663e+03   6267029   1
       604   2.301033e+08  2.436310e+08  3.411435e+03   6277383   1
       605   1.853098e+08  2.436310e+08  3.419511e+03   6287826   1
       606   2.373855e+08  2.436315e+08  3.427401e+03   6298449   1
       607   4.012233e+08  2.436731e+08  3.435277e+03   6308768   1
       608   6.322988e+08  2.436820e+08  3.451741e+03   6319298   1
       609   1.668262e+08  2.438622e+08  3.459607e+03   6329772   1
       610   2.811566e+08  2.439682e+08  3.467378e+03   6340311   1
       611   1.090782e+09  2.441010e+08  3.475042e+03   6350312   1
       612   3.847427e+08  2.441361e+08  3.482886e+03   6360593   1
       613   2.803497e+08  2.443004e+08  3.490758e+03   6370930   1
       614   2.254824e+08  2.443401e+08  3.498583e+03   6381467   1
       615   3.033564e+08  2.443521e+08  3.506356e+03   6391900   1
       616   4.451689e+08  2.444436e+08  3.514071e+03   6401805   1
       617   3.232903e+08  2.445619e+08  3.521940e+03   6412239   1
       618   5.737713e+08  2.446469e+08  3.529684e+03   6422766   1
       619   1.148912e+09  2.446595e+08  3.537522e+03   6433018   1
       620   1.874491e+08  2.447394e+08  3.545583e+03   6443127   1
       621   4.368628e+08  2.447435e+08  3.553613e+03   6453360   1
       622   1.817149e+08  2.448081e+08  3.561768e+03   6463685   1
       623   3.509162e+08  2.448480e+08  3.578502e+03   6474060   1
       624   2.390360e+08  2.449127e+08  3.586271e+03   6484499   1
       625   2.744609e+08  2.450058e+08  3.594200e+03   6495146   1
       626   2.717747e+08  2.450338e+08  3.602188e+03   6505265   1
       627   3.527417e+08  2.450452e+08  3.610073e+03   6515878   1
       628   3.968350e+08  2.450743e+08  3.617958e+03   6526193   1
       629   3.274389e+08  2.451071e+08  3.625891e+03   6536666   1
       630   7.070893e+08  2.451720e+08  3.633843e+03   6546500   1
       631   3.951459e+08  2.451760e+08  3.641891e+03   6556714   1
       632   2.624945e+08  2.451784e+08  3.649904e+03   6566853   1
       633   2.373258e+08  2.453172e+08  3.657935e+03   6577517   1
       634   4.347959e+08  2.455180e+08  3.665957e+03   6587902   1
       635   5.183453e+08  2.455286e+08  3.674150e+03   6598445   1
       636   1.566504e+08  2.455428e+08  3.682420e+03   6608801   1
       637   3.115346e+08  2.455558e+08  3.699414e+03   6619181   1
       638   3.310919e+08  2.455570e+08  3.707519e+03   6629785   1
       639   3.233558e+08  2.456228e+08  3.715566e+03   6639898   1
       640   5.537064e+08  2.456703e+08  3.723509e+03   6650464   1
       641   2.595309e+08  2.456789e+08  3.731665e+03   6660813   1
       642   2.682287e+08  2.457879e+08  3.739769e+03   6671447   1
       643   3.593462e+08  2.458457e+08  3.747861e+03   6682014   1
       644   2.890650e+08  2.459530e+08  3.755932e+03   6692328   1
       645   3.245085e+08  2.459774e+08  3.764011e+03   6702760   1
       646   4.110800e+08  2.459775e+08  3.772177e+03   6713340   1
       647   2.395311e+08  2.460832e+08  3.780320e+03   6723723   1
       648   4.943186e+08  2.464460e+08  3.788586e+03   6734323   1
       649   2.573683e+08  2.464477e+08  3.796761e+03   6744639   1
       650   1.909455e+08  2.464632e+08  3.805020e+03   6754985   1
       651   3.126779e+08  2.464742e+08  3.822216e+03   6765403   1
       652   2.759237e+08  2.465269e+08  3.830272e+03   6775899   1
       653   2.743347e+08  2.465292e+08  3.838342e+03   6786472   1
       654   3.210775e+08  2.465448e+08  3.846408e+03   6797014   1
       655   2.159943e+08  2.465549e+08  3.854573e+03   6807335   1
       656   2.005737e+08  2.465961e+08  3.862723e+03   6817996   1
       657   2.357114e+08  2.468009e+08  3.870771e+03   6828469   1
       658   3.989873e+08  2.468577e+08  3.878972e+03   6838877   1
       659   5.068686e+08  2.469107e+08  3.887108e+03   6849580   1
       660   4.916464e+08  2.469109e+08  3.895347e+03   6859711   1
       661   1.884567e+08  2.472447e+08  3.903677e+03   6870198   1
       662   2.230063e+08  2.472869e+08  3.912018e+03   6880258   1
       663   2.824916e+08  2.472879e+08  3.920362e+03   6890519   1
       664   2.504456e+08  2.472960e+08  3.928757e+03   6900923   1
       665   3.308610e+08  2.473204e+08  3.946459e+03   6911332   1
       666   2.732850e+08  2.473233e+08  3.954746e+03   6921402   1
       667   2.987878e+08  2.473276e+08  3.963007e+03   6931586   1
       668   3.281972e+08  2.473628e+08  3.971250e+03   6941836   1
       669   2.009242e+08  2.473714e+08  3.979553e+03   6952446   1
       670   3.903974e+08  2.473727e+08  3.987727e+03   6962524   1
       671   6.988632e+08  2.474239e+08  3.995911e+03   6972731   1
       672   9.177456e+08  2.474245e+08  4.004221e+03   6983285   1
       673   3.931193e+08  2.474338e+08  4.012564e+03   6993699   1
       674   5.241713e+08  2.474404e+08  4.020975e+03   7004090   1
       675   5.884383e+08  2.474415e+08  4.029289e+03   7014031   1
       676   4.605204e+08  2.474441e+08  4.037651e+03   7024485   1
       677   2.758086e+08  2.476323e+08  4.046000e+03   7034760   1
       678   3.005965e+08  2.476815e+08  4.054585e+03   7045041   1
       679   3.572360e+08  2.476967e+08  4.063158e+03   7055615   1
       680   2.750953e+08  2.476980e+08  4.081120e+03   7066125   1
       681   2.178382e+08  2.477071e+08  4.089480e+03   7076586   1
       682   3.210458e+08  2.477074e+08  4.097843e+03   7087113   1
       683   2.842499e+08  2.477077e+08  4.106224e+03   7097542   1
       684   5.262269e+08  2.477195e+08  4.114457e+03   7107828   1
       685   2.854401e+08  2.477203e+08  4.122903e+03   7118101   1
       686   3.945299e+08  2.477212e+08  4.131238e+03   7128474   1
       687   4.407718e+08  2.477563e+08  4.139730e+03   7139043   1
       688   6.697716e+08  2.477563e+08  4.148111e+03   7149326   1
       689   3.129220e+08  2.477564e+08  4.156616e+03   7159885   1
       690   3.153430e+08  2.477626e+08  4.165106e+03   7170156   1
       691   2.152020e+08  2.477650e+08  4.173624e+03   7180640   1
       692   2.258425e+08  2.477661e+08  4.182307e+03   7190717   1
       693   3.356119e+08  2.478104e+08  4.190834e+03   7201141   1
       694   3.645469e+08  2.480482e+08  4.199594e+03   7211794   1
       695   1.552130e+08  2.480613e+08  4.217941e+03   7222117   1
       696   2.881406e+08  2.480622e+08  4.226470e+03   7232899   1
       697   5.448133e+08  2.480631e+08  4.234829e+03   7243025   1
       698   2.256542e+08  2.481920e+08  4.243293e+03   7253677   1
       699   3.031996e+08  2.483010e+08  4.251845e+03   7264234   1
       700   5.458376e+08  2.483120e+08  4.260311e+03   7274466   1
       701   2.853381e+08  2.483425e+08  4.268927e+03   7284668   1
       702   2.640054e+08  2.483554e+08  4.277519e+03   7295255   1
       703   2.574740e+08  2.483560e+08  4.286056e+03   7305376   1
       704   4.939065e+08  2.483593e+08  4.294668e+03   7315348   1
       705   4.516618e+08  2.483627e+08  4.303194e+03   7325605   1
       706   2.017668e+08  2.485543e+08  4.311840e+03   7336045   1
       707   2.613130e+08  2.485635e+08  4.320571e+03   7346611   1
       708   2.368861e+08  2.485716e+08  4.329513e+03   7356849   1
       709   2.981131e+08  2.487475e+08  4.338554e+03   7367358   1
       710   1.965293e+08  2.487857e+08  4.356945e+03   7378028   1
       711   4.016483e+08  2.488567e+08  4.365518e+03   7388208   1
       712   6.127205e+08  2.489501e+08  4.374174e+03   7398840   1
       713   2.405379e+08  2.490734e+08  4.382908e+03   7409483   1
       714   3.325181e+08  2.491355e+08  4.391535e+03   7420150   1
       715   3.910779e+08  2.491757e+08  4.400206e+03   7430099   1
       716   4.256553e+08  2.492002e+08  4.408826e+03   7440442   1
       717   2.983681e+08  2.492005e+08  4.417457e+03   7450768   1
       718   5.912245e+08  2.492130e+08  4.426160e+03   7461196   1
       719   2.650618e+08  2.492211e+08  4.434981e+03   7471878   1
       720   2.898181e+08  2.492212e+08  4.443738e+03   7482212   1
       721   7.771454e+08  2.492918e+08  4.452413e+03   7492340   1
       722   6.785217e+08  2.492961e+08  4.461184e+03   7502747   1
       723   2.135874e+08  2.493171e+08  4.470151e+03   7512663   1
       724   6.079904e+08  2.493933e+08  4.479061e+03   7523067   1
       725   3.688539e+08  2.495177e+08  4.497973e+03   7533646   1
       726   3.921766e+08  2.495433e+08  4.506702e+03   7544376   1
       727   1.759289e+08  2.495554e+08  4.515461e+03   7554813   1
       728   2.885840e+08  2.495556e+08  4.524354e+03   7565469   1
       729   4.168741e+08  2.495726e+08  4.533090e+03   7575979   1
       730   1.964621e+08  2.495805e+08  4.541956e+03   7586298   1
       731   2.062500e+08  2.496361e+08  4.550727e+03   7596495   1
       732   3.020736e+08  2.496741e+08  4.559549e+03   7607029   1
       733   2.880690e+08  2.496779e+08  4.568360e+03   7617135   1
       734   2.967314e+08  2.497038e+08  4.577263e+03   7627571   1
       735   3.905254e+08  2.497082e+08  4.586167e+03   7637689   1
       736   4.080564e+08  2.497747e+08  4.595016e+03   7648052   1
       737   2.702643e+08  2.499385e+08  4.603928e+03   7658496   1
       738   2.530779e+08  2.500537e+08  4.612964e+03   7668794   1
       739   2.207102e+08  2.501451e+08  4.621950e+03   7679065   1
       740   3.682442e+08  2.503624e+08  4.630926e+03   7689386   1
       741   5.586828e+08  2.503631e+08  4.650148e+03   7699587   1
       742   2.635779e+08  2.503765e+08  4.659070e+03   7710041   1
       743   2.428173e+08  2.504042e+08  4.667889e+03   7720376   1
       744   5.261646e+08  2.504046e+08  4.676663e+03   7730823   1
       745   3.561971e+08  2.505285e+08  4.685652e+03   7741164   1
       746   2.284285e+08  2.505557e+08  4.694542e+03   7751726   1
       747   4.503654e+08  2.505938e+08  4.703432e+03   7762471   1
       748   3.984281e+08  2.506956e+08  4.712348e+03   7773160   1
       749   3.184693e+08  2.507427e+08  4.721319e+03   7783657   1
       750   3.764497e+08  2.508827e+08  4.730312e+03   7793765   1
       751   3.265460e+08  2.509143e+08  4.739466e+03   7804337   1
       752   3.363799e+08  2.509286e+08  4.748490e+03   7814866   1
       753   3.063641e+08  2.509974e+08  4.757492e+03   7825220   1
       754   3.084121e+08  2.510000e+08  4.766594e+03   7835773   1
       755   3.309242e+08  2.511425e+08  4.775750e+03   7846195   1
       756   3.759577e+08  2.512499e+08  4.784902e+03   7856641   1
       757   4.470185e+08  2.514008e+08  4.804111e+03   7866866   1
       758   3.238781e+08  2.514196e+08  4.813101e+03   7877131   1
       759   3.201089e+08  2.514610e+08  4.822013e+03   7887831   1
       760   4.353549e+08  2.516138e+08  4.830926e+03   7898214   1
       761   4.033237e+08  2.516195e+08  4.839919e+03   7908634   1
       762   2.996115e+08  2.516265e+08  4.849029e+03   7919285   1
       763   3.566727e+08  2.516274e+08  4.858038e+03   7929558   1
       764   2.568625e+08  2.516335e+08  4.867119e+03   7940034   1
       765   3.455836e+08  2.516336e+08  4.876205e+03   7949931   1
       766   6.449354e+08  2.516469e+08  4.885169e+03   7960499   1
       767   4.124963e+08  2.517564e+08  4.894218e+03   7970939   1
       768   4.282324e+08  2.517566e+08  4.903386e+03   7981130   1
       769   2.365459e+08  2.517605e+08  4.912590e+03   7991385   1
       770   3.021612e+08  2.518054e+08  4.921984e+03   8001678   1
       771   3.786187e+08  2.519888e+08  4.931291e+03   8012323   1
       772   4.308637e+08  2.521013e+08  4.940618e+03   8022796   1
       773   3.416103e+08  2.521542e+08  4.960306e+03   8033566   1
       774   4.284355e+08  2.521833e+08  4.969434e+03   8044041   1
       775   5.018806e+08  2.522451e+08  4.978494e+03   8054610   1
       776   3.506002e+08  2.522461e+08  4.987609e+03   8065146   1
       777   3.409716e+08  2.525198e+08  4.996870e+03   8075623   1
       778   3.564546e+08  2.525205e+08  5.006061e+03   8086215   1
       779   2.835175e+08  2.525235e+08  5.015294e+03   8096615   1
       780   2.777737e+08  2.525260e+08  5.024630e+03   8106831   1
       781   2.238867e+08  2.525281e+08  5.033938e+03   8116996   1
       782   3.019979e+08  2.525376e+08  5.043225e+03   8127414   1
       783   3.142031e+08  2.525387e+08  5.052479e+03   8137919   1
       784   3.530482e+08  2.525468e+08  5.061736e+03   8148036   1
       785   4.707462e+08  2.525478e+08  5.071073e+03   8158295   1
       786   2.458827e+08  2.526364e+08  5.080405e+03   8168837   1
       787   2.394647e+08  2.526927e+08  5.089746e+03   8179298   1
       788   4.577710e+08  2.528320e+08  5.099147e+03   8189699   1
       789   2.544986e+08  2.528332e+08  5.119388e+03   8200304   1
       790   9.438133e+08  2.528402e+08  5.128603e+03   8210603   1
       791   2.841454e+08  2.528609e+08  5.137909e+03   8220984   1
       792   2.225617e+08  2.529112e+08  5.147161e+03   8231786   1
       793   3.102922e+08  2.530168e+08  5.156447e+03   8242091   1
       794   3.557949e+08  2.530170e+08  5.165878e+03   8252337   1
       795   4.100342e+08  2.530297e+08  5.175270e+03   8262658   1
       796   4.495099e+08  2.535209e+08  5.184668e+03   8273179   1
       797   3.403643e+08  2.536359e+08  5.194029e+03   8283863   1
       798   2.886125e+08  2.538297e+08  5.203358e+03   8294215   1
       799   2.631191e+08  2.538298e+08  5.212772e+03   8304658   1
       800   2.630152e+08  2.538625e+08  5.222132e+03   8315395   1
       801   2.093062e+08  2.538808e+08  5.231636e+03   8325991   1
       802   4.153863e+08  2.538826e+08  5.241025e+03   8336242   1
       803   2.115593e+08  2.538869e+08  5.250611e+03   8346268   1
       804   2.729715e+08  2.538897e+08  5.260190e+03   8356762   1
       805   3.589015e+08  2.539946e+08  5.269790e+03   8367463   1
       806   2.889432e+08  2.539982e+08  5.290220e+03   8378135   1
       807   2.944174e+08  2.539982e+08  5.299604e+03   8388814   1
       808   2.548765e+08  2.540158e+08  5.309100e+03   8399064   1
       809   1.973013e+08  2.540162e+08  5.318543e+03   8409494   1
       810   5.020599e+08  2.540166e+08  5.327989e+03   8419493   1
       811   5.726481e+08  2.540335e+08  5.337437e+03   8429501   1
       812   1.993440e+08  2.540350e+08  5.347040e+03   8439929   1
       813   2.246475e+08  2.542184e+08  5.356485e+03   8450488   1
       814   2.175428e+08  2.542219e+08  5.366055e+03   8461095   1
       815   3.957828e+08  2.542225e+08  5.375523e+03   8471628   1
       816   2.620902e+08  2.542899e+08  5.385051e+03   8482059   1
       817   2.616062e+08  2.544603e+08  5.394611e+03   8492564   1
       818   2.193250e+08  2.545036e+08  5.404339e+03   8503185   1
       819   2.433219e+08  2.545289e+08  5.414027e+03   8513368   1
       820   4.728767e+08  2.547728e+08  5.423707e+03   8523667   1
       821   2.172312e+08  2.547748e+08  5.433384e+03   8534181   1
       822   2.588523e+08  2.547766e+08  5.454226e+03   8544504   1
       823   2.983231e+08  2.547785e+08  5.463770e+03   8555078   1
       824   5.685538e+08  2.547915e+08  5.473145e+03   8565505   1
       825   4.864054e+08  2.548253e+08  5.482665e+03   8575709   1
       826   5.573990e+08  2.548397e+08  5.492369e+03   8586312   1
       827   3.434222e+08  2.548581e+08  5.501989e+03   8596415   1
       828   2.755089e+08  2.549887e+08  5.511568e+03   8606969   1
       829   2.659737e+08  2.549915e+08  5.521179e+03   8617564   1
       830   2.477593e+08  2.549964e+08  5.530927e+03   8628023   1
       831   2.405167e+08  2.549966e+08  5.540719e+03   8638252   1
       832   6.299630e+08  2.550988e+08  5.550300e+03   8648839   1
       833   3.727584e+08  2.551010e+08  5.560007e+03   8659020   1
       834   3.434285e+08  2.551197e+08  5.569680e+03   8669578   1
       835   4.789791e+08  2.552252e+08  5.579488e+03   8679969   1
       836   2.138605e+08  2.552549e+08  5.589450e+03   8690215   1
       837   3.040707e+08  2.553007e+08  5.599308e+03   8700640   1
       838   3.528463e+08  2.553981e+08  5.609140e+03   8711467   1
       839   4.964664e+08  2.554115e+08  5.630299e+03   8721898   1
       840   3.683324e+08  2.554197e+08  5.640004e+03   8732190   1
       841   1.519594e+08  2.554216e+08  5.649694e+03   8742327   1
       842   4.288134e+08  2.554966e+08  5.659486e+03   8752751   1
       843   3.415106e+08  2.555020e+08  5.669178e+03   8763451   1
       844   3.988522e+08  2.555131e+08  5.678954e+03   8774217   1
       845   2.674516e+08  2.555272e+08  5.688694e+03   8784673   1
       846   8.218616e+08  2.556363e+08  5.698223e+03   8794722   1
       847   3.302772e+08  2.557168e+08  5.708061e+03   8805118   1
       848   2.552321e+08  2.557203e+08  5.717938e+03   8815710   1
       849   2.324901e+08  2.557229e+08  5.727710e+03   8826067   1
       850   2.590140e+08  2.557645e+08  5.737472e+03   8836617   1
       851   9.097176e+08  2.557707e+08  5.747186e+03   8846797   1
       852   2.345027e+08  2.558166e+08  5.757113e+03   8857330   1
       853   4.566013e+08  2.558710e+08  5.766985e+03   8867461   1
       854   6.610516e+08  2.559414e+08  5.776862e+03   8877729   1
       855   2.274417e+08  2.559431e+08  5.786948e+03   8888261   1
       856   6.115556e+08  2.559630e+08  5.808415e+03   8898475   1
       857   2.637851e+08  2.560137e+08  5.818289e+03   8908994   1
       858   3.191540e+08  2.560158e+08  5.828127e+03   8919638   1
       859   7.276165e+08  2.560194e+08  5.837968e+03   8929934   1
       860   5.429175e+08  2.560400e+08  5.847773e+03   8940382   1
       861   3.883325e+08  2.560412e+08  5.857696e+03   8950773   1
       862   3.328680e+08  2.561324e+08  5.867472e+03   8961040   1
       863   7.569555e+08  2.561385e+08  5.877304e+03   8971296   1
       864   2.844245e+08  2.561511e+08  5.887129e+03   8981677   1
       865   4.939691e+08  2.562482e+08  5.896897e+03   8992349   1
       866   3.539163e+08  2.562827e+08  5.906742e+03   9002880   1
       867   2.604535e+08  2.563086e+08  5.916618e+03   9013220   1
       868   2.855664e+08  2.563657e+08  5.926578e+03   9023718   1
       869   2.439226e+08  2.563657e+08  5.936666e+03   9034294   1
       870   8.666019e+08  2.563675e+08  5.946528e+03   9044412   1
       871   2.246679e+08  2.563781e+08  5.956622e+03   9055072   1
       872   2.501858e+08  2.563928e+08  5.966731e+03   9065416   1
       873   2.214412e+08  2.564937e+08  5.976958e+03   9075701   1
       874   3.607701e+08  2.565888e+08  5.998889e+03   9086120   1
       875   5.187195e+08  2.566046e+08  6.008762e+03   9096284   1
       876   4.425632e+08  2.566132e+08  6.018748e+03   9106643   1
       877   2.742070e+08  2.566497e+08  6.028733e+03   9117184   1
       878   3.521114e+08  2.566619e+08  6.038757e+03   9127604   1
       879   2.436985e+08  2.566750e+08  6.048761e+03   9138339   1
       880   4.284645e+08  2.566776e+08  6.058658e+03   9148875   1
       881   9.144642e+08  2.567056e+08  6.068425e+03   9158900   1
       882   2.988027e+08  2.567522e+08  6.078591e+03   9169410   1
       883   2.676081e+08  2.567789e+08  6.088804e+03   9179704   1
       884   3.985244e+08  2.567789e+08  6.098817e+03   9190223   1
       885   3.400706e+08  2.567957e+08  6.108869e+03   9200751   1
       886   2.791352e+08  2.568126e+08  6.118894e+03   9211272   1
       887   1.830803e+08  2.568126e+08  6.129080e+03   9221638   1
       888   6.699804e+08  2.568126e+08  6.139330e+03   9231996   1
       889   1.846989e+08  2.568126e+08  6.149699e+03   9242396   1
       890   3.291325e+08  2.568126e+08  6.160062e+03   9252796   1
       891   4.620616e+08  2.568688e+08  6.182418e+03   9263042   1
       892   2.767969e+08  2.568707e+08  6.192449e+03   9273616   1
       893   4.014359e+08  2.568707e+08  6.202560e+03   9283925   1
       894   2.369385e+08  2.568762e+08  6.212969e+03   9294358   1
       895   3.012647e+08  2.570343e+08  6.223037e+03   9304856   1
       896   7.106837e+08  2.570775e+08  6.233045e+03   9315411   1
       897   2.553661e+08  2.570904e+08  6.243455e+03   9325864   1
       898   3.932351e+08  2.570905e+08  6.253583e+03   9335993   1
       899   4.295640e+08  2.570918e+08  6.263769e+03   9346373   1
       900   3.274020e+08  2.571093e+08  6.273973e+03   9357132   1
       901   3.298518e+08  2.571094e+08  6.284159e+03   9367597   1
       902   2.812324e+08  2.571783e+08  6.294352e+03   9378114   1
       903   6.367064e+08  2.573159e+08  6.304559e+03   9388343   1
       904   2.431340e+08  2.573164e+08  6.314846e+03   9399160   1
       905   4.596466e+08  2.573196e+08  6.325052e+03   9409212   1
       906   3.144681e+08  2.573962e+08  6.335405e+03   9419684   1
       907   2.102839e+08  2.575117e+08  6.345850e+03   9429826   1
       908   3.881275e+08  2.575216e+08  6.356239e+03   9440441   1
       909   6.574532e+08  2.575427e+08  6.378812e+03   9450937   1
       910   2.269124e+08  2.575431e+08  6.389070e+03   9461088   1
       911   2.854953e+08  2.575987e+08  6.399238e+03   9471812   1
       912   2.519647e+08  2.575988e+08  6.409441e+03   9482405   1
       913   5.104611e+08  2.578960e+08  6.419566e+03   9492976   1
       914   2.047377e+08  2.580326e+08  6.430026e+03   9503444   1
       915   2.183102e+08  2.580622e+08  6.440396e+03   9513815   1
       916   3.165819e+08  2.580863e+08  6.450694e+03   9524340   1
       917   2.080454e+08  2.581158e+08  6.461105e+03   9534808   1
       918   4.499403e+08  2.581274e+08  6.471461e+03   9545525   1
       919   2.591360e+08  2.581436e+08  6.481866e+03   9555873   1
       920   1.840247e+08  2.581471e+08  6.492341e+03   9566391   1
       921   5.562416e+08  2.582376e+08  6.502745e+03   9576709   1
       922   4.183450e+08  2.582576e+08  6.513117e+03   9587251   1
       923   3.831040e+08  2.582607e+08  6.523416e+03   9597746   1
       924   4.318764e+08  2.582680e+08  6.533830e+03   9608421   1
       925   2.682230e+08  2.582686e+08  6.544435e+03   9618916   1
       926   5.571983e+08  2.583207e+08  6.554851e+03   9629486   1
       927   2.172346e+08  2.583211e+08  6.577770e+03   9640058   1
       928   2.680621e+08  2.583495e+08  6.588178e+03   9650699   1
       929   7.209057e+08  2.583571e+08  6.598581e+03   9660800   1
       930   2.505186e+08  2.584321e+08  6.609077e+03   9671128   1
       931   5.640110e+08  2.584471e+08  6.619539e+03   9681261   1
       932   1.982736e+08  2.585299e+08  6.630034e+03   9691675   1
       933   2.927804e+08  2.585558e+08  6.640508e+03   9701933   1
       934   4.255533e+08  2.585575e+08  6.650868e+03   9712367   1
       935   4.185234e+08  2.586445e+08  6.661355e+03   9723111   1
       936   1.680612e+08  2.586838e+08  6.671989e+03   9733440   1
       937   2.447962e+08  2.586938e+08  6.682645e+03   9743992   1
       938   3.478302e+08  2.587059e+08  6.693160e+03   9754370   1
       939   2.434765e+08  2.587082e+08  6.703688e+03   9764806   1
       940   3.287506e+08  2.587106e+08  6.714330e+03   9775150   1
       941   2.454023e+08  2.587109e+08  6.725076e+03   9785507   1
       942   3.659371e+08  2.587131e+08  6.735621e+03   9796103   1
       943   5.218286e+08  2.587135e+08  6.746323e+03   9806519   1
       944   3.908281e+08  2.587146e+08  6.757228e+03   9816994   1
       945   5.261970e+08  2.587163e+08  6.780444e+03   9826988   1
       946   2.949768e+08  2.587195e+08  6.791026e+03   9837549   1
       947   5.201425e+08  2.587207e+08  6.801528e+03   9847956   1
       948   2.693220e+08  2.587315e+08  6.812250e+03   9858431   1
       949   4.115828e+08  2.588952e+08  6.822777e+03   9868814   1
       950   3.171298e+08  2.589691e+08  6.833371e+03   9878869   1
       951   2.031252e+08  2.590569e+08  6.844081e+03   9889422   1
       952   1.948454e+08  2.591137e+08  6.854619e+03   9899978   1
       953   8.070859e+08  2.591510e+08  6.865226e+03   9910238   1
       954   1.914582e+08  2.592053e+08  6.876076e+03   9920808   1
       955   2.639146e+08  2.592210e+08  6.886795e+03   9930794   1
       956   2.289114e+08  2.592263e+08  6.897657e+03   9941345   1
       957   4.109997e+08  2.592438e+08  6.908459e+03   9951622   1
       958   2.793573e+08  2.592441e+08  6.919354e+03   9962256   1
       959   2.696712e+08  2.592495e+08  6.930216e+03   9972803   1
       960   2.581245e+08  2.592633e+08  6.941089e+03   9983230   1
       961   2.095380e+08  2.592688e+08  6.951980e+03   9993238   1
       962   3.736183e+08  2.592711e+08  6.963047e+03  10003607   1
       963   2.595801e+08  2.592725e+08  6.986682e+03  10013833   1
       964   2.485616e+08  2.592726e+08  6.997511e+03  10024219   1
       965   3.642515e+08  2.592738e+08  7.008190e+03  10034726   1
       966   2.281506e+08  2.592739e+08  7.018795e+03  10045079   1
       967   2.730958e+08  2.593715e+08  7.029543e+03  10055517   1
       968   2.481446e+08  2.593727e+08  7.040305e+03  10065922   1
       969   4.897127e+08  2.594158e+08  7.050936e+03  10076526   1
       970   3.243643e+08  2.594788e+08  7.061701e+03  10087122   1
       971   5.961569e+08  2.594812e+08  7.072405e+03  10097384   1
       972   2.236420e+08  2.595108e+08  7.083169e+03  10107527   1
       973   3.907510e+08  2.595123e+08  7.093810e+03  10118088   1
       974   2.203386e+08  2.595248e+08  7.104641e+03  10128730   1
       975   2.412930e+08  2.596188e+08  7.115457e+03  10139258   1
       976   2.786355e+08  2.596258e+08  7.126280e+03  10149763   1
       977   6.005573e+08  2.596580e+08  7.137138e+03  10160175   1
       978   4.989463e+08  2.596602e+08  7.148109e+03  10170697   1
       979   2.800364e+08  2.596739e+08  7.159184e+03  10181391   1
       980   3.198859e+08  2.597010e+08  7.170196e+03  10191952   1
       981   3.968913e+08  2.597090e+08  7.194218e+03  10202386   1
       982   4.536681e+08  2.597556e+08  7.205073e+03  10212565   1
-------------------------------------------------------------------
status         : time_limit
total time (s) : 7.205073e+03
total solves   : 10212565
best bound     :  2.597556e+08
simulation ci  :  3.709250e+08  1.118439e+07
numeric issues : 0
-------------------------------------------------------------------

 
                                        Time                    Allocations      
                                  
       Tot / % measured:            2.00h /  99.9%            838GiB /  99.9%    

 Section               ncalls     time    %tot     avg     alloc    %tot      avg
 
 backward_pass            982    1.99h   99.3%   7.29s    829GiB   99.1%   865MiB
   solve_subproblem     10.1M    2636s   36.6%   261s    512GiB   61.2%  53.2KiB
     get_dual_solution  10.1M    44.7s    0.6%  4.43s   14.4GiB    1.7%  1.50KiB
   prepare_backward...  1.96k    1.38s    0.0%   704s    313MiB    0.0%   163KiB
 forward_pass             982    47.3s    0.7%  48.2ms   6.86GiB    0.8%  7.15MiB
   solve_subproblem      118k    40.2s    0.6%   341s   6.00GiB    0.7%  53.4KiB
     get_dual_solution   118k    120ms    0.0%  1.02s   62.9MiB    0.0%     560B
   sample_scenario        982   16.7ms    0.0%  17.0s    275KiB    0.0%     287B
 calculate_bound          982    2.44s    0.0%  2.49ms    841MiB    0.1%   877KiB
   get_dual_solution      982   1.28ms    0.0%  1.30s    537KiB    0.0%     560B
 


||||||||||||||||||||||||||||||||||||||||||||||||||||||||||||||||||||||||||||||||||||||||||||||||||||||||||||||||||||||||||||||||||||||||
SIMULATION RESULTS
LogLinearSDDP.NoSimulation()
markov
Lower bound: 2.597555701760851e8
Statistical upper bound (confidence interval): 3.200989004074042e8  5.940338713004545e6
Pessimistic upper bound: 3.260392391204087e8

||||||||||||||||||||||||||||||||||||||||||||||||||||||||||||||||||||||||||||||||||||||||||||||||||||||||||||||||||||||||||||||||||||||||
SIMULATION RESULTS
LogLinearSDDP.NoSimulation()
markov
Lower bound: 2.597555701760851e8
Statistical upper bound (confidence interval): 2.071121114214244e8  4.737595277724286e6
Pessimistic upper bound: 2.1184970669914868e8

||||||||||||||||||||||||||||||||||||||||||||||||||||||||||||||||||||||||||||||||||||||||||||||||||||||||||||||||||||||||||||||||||||||||
SIMULATION RESULTS
LogLinearSDDP.NoSimulation()
custom_model
Lower bound: 2.597555701760851e8
Statistical upper bound (confidence interval): 3.78738584803594e8  7.589615403526581e6
Pessimistic upper bound: 3.863282002071206e8

||||||||||||||||||||||||||||||||||||||||||||||||||||||||||||||||||||||||||||||||||||||||||||||||||||||||||||||||||||||||||||||||||||||||
SIMULATION RESULTS
LogLinearSDDP.NoSimulation()
custom_model
Lower bound: 2.597555701760851e8
Statistical upper bound (confidence interval): 2.4607195330534577e8  6.19660292783246e6
Pessimistic upper bound: 2.5226855623317823e8

||||||||||||||||||||||||||||||||||||||||||||||||||||||||||||||||||||||||||||||||||||||||||||||||||||||||||||||||||||||||||||||||||||||||
SIMULATION RESULTS
LogLinearSDDP.NoSimulation()
fitted_model
Lower bound: 2.597555701760851e8
Statistical upper bound (confidence interval): 2.80184240891486e8  4.6344257539239675e6
Pessimistic upper bound: 2.8481866664540994e8

||||||||||||||||||||||||||||||||||||||||||||||||||||||||||||||||||||||||||||||||||||||||||||||||||||||||||||||||||||||||||||||||||||||||
SIMULATION RESULTS
LogLinearSDDP.NoSimulation()
fitted_model
Lower bound: 2.597555701760851e8
Statistical upper bound (confidence interval): 1.9008520866743037e8  3.8963038128767763e6
Pessimistic upper bound: 1.9398151248030716e8

||||||||||||||||||||||||||||||||||||||||||||||||||||||||||||||||||||||||||||||||||||||||||||||||||||||||||||||||||||||||||||||||||||||||
SIMULATION RESULTS
LogLinearSDDP.NoSimulation()
shapiro_model
Lower bound: 2.597555701760851e8
Statistical upper bound (confidence interval): 2.9059551255613816e8  5.327989242427713e6
Pessimistic upper bound: 2.9592350179856586e8

||||||||||||||||||||||||||||||||||||||||||||||||||||||||||||||||||||||||||||||||||||||||||||||||||||||||||||||||||||||||||||||||||||||||
SIMULATION RESULTS
LogLinearSDDP.NoSimulation()
shapiro_model
Lower bound: 2.597555701760851e8
Statistical upper bound (confidence interval): 1.963279209177655e8  4.445637413636503e6
Pessimistic upper bound: 2.00773558331402e8

||||||||||||||||||||||||||||||||||||||||||||||||||||||||||||||||||||||||||||||||||||||||||||||||||||||||||||||||||||||||||||||||||||||||
SIMULATION RESULTS
LogLinearSDDP.NoSimulation()
markov
Lower bound: 2.5949061927973065e8
Statistical upper bound (confidence interval): 4.8094862889672023e8  8.050445073735054e7
Pessimistic upper bound: 5.614530796340708e8

||||||||||||||||||||||||||||||||||||||||||||||||||||||||||||||||||||||||||||||||||||||||||||||||||||||||||||||||||||||||||||||||||||||||
SIMULATION RESULTS
LogLinearSDDP.NoSimulation()
markov
Lower bound: 2.5949061927973065e8
Statistical upper bound (confidence interval): 3.1359815919262344e8  6.563475521686159e7
Pessimistic upper bound: 3.7923291440948504e8
