||||||||||||||||||||||||||||||||||||||||||||||||||||||||||||||||||||||||||||||||||||||||||||||||||||||||||||||||||||||||||||||||||||||||
PATH
calling 
C:\Users\cg4102\Documents\New LogLinearSDDP\LogLinearSDDP.jl\Examples\Hydrothermal
C:\Users\cg4102\Documents\New LogLinearSDDP\LogLinearSDDP.jl\Examples\Hydrothermal\run_model_markov.jl
DATETIME
2025-04-30T11:41:10.234
RUN DESCRIPTION
LogLinearSDDP.AlgoParams(SDDP.AbstractStoppingRule[SDDP.TimeLimit(7200.0)], LogLinearSDDP.NoSimulation(), false, 2, 1, "C:/Users/cg4102/Documents/julia_logs/Cut-sharing Re-Run - NoCS (2h)/Run_MC-SDDP_lattice_22222/MC-SDDP.log", false, false, false, 22222, "MC-SDDP: 100 nodes, lattice", :fitted_model)
-------------------------------------------------------------------
         SDDP.jl (c) Oscar Dowson and contributors, 2017-23
-------------------------------------------------------------------
problem
  nodes           : 11901
  state variables : 4
  scenarios       : 6.68857e+229
  existing cuts   : false
options
  solver          : serial mode
  risk measure    : SDDP.Expectation()
  sampling scheme : SDDP.InSampleMonteCarlo
subproblem structure
  VariableRef                                  : [142, 142]
  JuMP.AffExpr in MOI.EqualTo{Float64}         : [13, 13]
  JuMP.VariableRef in MOI.GreaterThan{Float64} : [138, 138]
  JuMP.VariableRef in MOI.LessThan{Float64}    : [129, 130]
-------------------------------------------------------------------
 iteration    simulation      bound        time (s)     solves  pid
-------------------------------------------------------------------
         1   2.015253e+09  1.165202e+06  1.051200e+01     10620   1
         2   1.390085e+09  1.693287e+06  1.380700e+01     21087   1
         3   8.358067e+08  1.788265e+06  1.663700e+01     31423   1
         4   5.754761e+08  3.378535e+06  1.949900e+01     41936   1
         5   7.433201e+08  1.682259e+07  2.220100e+01     52651   1
         6   5.202235e+08  2.060897e+07  2.485800e+01     63060   1
         7   4.912518e+08  4.132462e+07  2.873600e+01     73227   1
         8   6.110333e+08  4.486857e+07  3.138900e+01     83790   1
         9   6.314220e+08  4.629546e+07  3.398600e+01     94087   1
        10   4.225235e+08  4.769775e+07  3.654900e+01    104448   1
        11   4.258298e+08  4.856885e+07  3.906700e+01    114690   1
        12   3.323863e+08  5.008507e+07  4.172400e+01    125095   1
        13   5.398724e+08  5.228913e+07  4.428000e+01    135615   1
        14   4.045516e+08  5.887073e+07  4.690400e+01    146051   1
        15   4.509642e+08  6.199080e+07  4.975300e+01    156716   1
        16   2.650935e+08  6.940051e+07  5.226800e+01    166934   1
        17   4.729561e+08  6.971287e+07  5.489700e+01    177279   1
        18   2.422794e+08  7.021636e+07  5.743800e+01    187583   1
        19   2.811834e+08  7.071376e+07  6.132200e+01    197900   1
        20   2.305944e+08  7.251694e+07  6.399000e+01    208405   1
        21   3.968828e+08  7.511237e+07  6.641200e+01    218188   1
        22   4.009474e+08  7.635287e+07  6.890900e+01    228686   1
        23   2.665394e+08  7.919151e+07  7.147400e+01    238786   1
        24   2.155659e+08  8.055094e+07  7.416200e+01    249099   1
        25   5.042735e+08  8.368995e+07  7.701900e+01    259735   1
        26   3.549239e+08  8.472574e+07  8.030700e+01    270113   1
        27   3.059344e+08  8.510609e+07  8.375400e+01    280521   1
        28   4.838643e+08  8.513175e+07  8.747800e+01    291043   1
        29   5.569623e+08  9.166993e+07  9.147500e+01    301395   1
        30   1.753997e+08  9.312928e+07  9.570000e+01    311941   1
        31   4.127373e+08  9.391122e+07  1.007350e+02    322068   1
        32   5.158538e+08  9.410715e+07  1.042960e+02    332414   1
        33   5.494393e+08  9.982573e+07  1.079640e+02    342764   1
        34   3.518760e+08  1.000697e+08  1.118270e+02    353106   1
        35   8.561467e+08  1.007215e+08  1.160890e+02    363498   1
        36   4.663461e+08  1.013436e+08  1.207970e+02    374000   1
        37   3.218715e+08  1.023745e+08  1.255880e+02    384295   1
        38   5.400211e+08  1.038201e+08  1.288730e+02    394576   1
        39   2.693631e+08  1.052706e+08  1.319480e+02    405193   1
        40   3.422679e+08  1.065840e+08  1.354050e+02    415773   1
        41   3.417523e+08  1.071582e+08  1.395290e+02    426456   1
        42   3.861044e+08  1.073884e+08  1.442650e+02    436647   1
        43   3.254717e+08  1.073985e+08  1.500820e+02    447231   1
        44   2.581928e+08  1.083165e+08  1.554390e+02    457570   1
        45   9.145103e+08  1.083785e+08  1.618070e+02    467972   1
        46   2.189882e+08  1.095821e+08  1.689350e+02    478587   1
        47   3.449381e+08  1.113415e+08  1.762160e+02    489058   1
        48   2.408295e+08  1.113640e+08  1.832820e+02    499587   1
        49   5.165070e+08  1.113652e+08  1.900700e+02    509759   1
        50   1.926649e+08  1.133829e+08  1.977080e+02    520097   1
        51   4.847342e+08  1.139774e+08  2.052840e+02    530516   1
        52   3.494341e+08  1.183812e+08  2.132330e+02    541079   1
        53   2.423062e+08  1.199067e+08  2.217210e+02    551591   1
        54   2.214344e+08  1.209453e+08  2.305220e+02    561873   1
        55   1.915323e+08  1.220022e+08  2.410770e+02    572147   1
        56   2.695419e+08  1.232478e+08  2.522090e+02    582924   1
        57   7.021379e+08  1.241050e+08  2.630210e+02    593136   1
        58   1.798564e+08  1.241199e+08  2.737170e+02    603305   1
        59   3.420499e+08  1.289758e+08  2.861920e+02    614044   1
        60   2.842462e+08  1.292353e+08  2.998140e+02    624539   1
        61   5.329630e+08  1.295496e+08  3.122230e+02    634836   1
        62   5.598462e+08  1.312129e+08  3.239930e+02    645244   1
        63   5.103027e+08  1.335056e+08  3.364830e+02    655574   1
        64   2.929779e+08  1.338822e+08  3.501230e+02    666125   1
        65   3.855418e+08  1.342759e+08  3.632030e+02    676495   1
        66   2.174048e+08  1.344427e+08  3.761120e+02    687135   1
        67   3.841015e+08  1.368202e+08  3.896630e+02    697583   1
        68   1.703869e+08  1.371272e+08  4.035660e+02    708106   1
        69   3.864893e+08  1.378012e+08  4.179500e+02    718632   1
        70   4.031003e+08  1.397896e+08  4.325170e+02    729275   1
        71   3.449690e+08  1.412488e+08  4.473410e+02    739831   1
        72   3.099345e+08  1.417876e+08  4.624520e+02    750292   1
        73   2.611362e+08  1.433699e+08  4.770640e+02    760451   1
        74   4.813448e+08  1.458303e+08  4.934460e+02    770913   1
        75   4.998662e+08  1.459035e+08  5.105530e+02    781382   1
        76   2.195324e+08  1.461750e+08  5.276930e+02    791772   1
        77   2.301041e+08  1.472834e+08  5.451450e+02    802272   1
        78   3.723275e+08  1.506441e+08  5.638320e+02    812780   1
        79   3.957945e+08  1.513146e+08  5.850320e+02    823373   1
        80   4.212737e+08  1.533662e+08  6.064150e+02    834071   1
        81   2.662145e+08  1.537458e+08  6.274650e+02    844441   1
        82   4.335126e+08  1.552405e+08  6.472950e+02    854444   1
        83   2.285514e+08  1.558484e+08  6.692770e+02    865057   1
        84   3.483696e+08  1.559703e+08  6.907910e+02    875265   1
        85   3.852351e+08  1.561941e+08  7.142590e+02    885799   1
        86   2.167048e+08  1.566793e+08  7.380560e+02    896385   1
        87   1.740852e+08  1.582408e+08  7.617930e+02    906680   1
        88   2.282454e+08  1.588115e+08  7.865920e+02    917329   1
        89   4.956725e+08  1.591091e+08  8.109410e+02    927764   1
        90   2.393531e+08  1.594204e+08  8.355900e+02    938153   1
        91   2.992554e+08  1.594980e+08  8.617210e+02    948483   1
        92   6.015617e+08  1.598782e+08  8.860150e+02    958974   1
        93   3.308869e+08  1.618085e+08  9.092750e+02    969385   1
        94   3.584143e+08  1.630867e+08  9.333770e+02    979945   1
        95   2.179557e+08  1.633566e+08  9.589490e+02    990584   1
        96   2.805013e+08  1.636545e+08  9.850310e+02   1000700   1
        97   2.422415e+08  1.637479e+08  1.013261e+03   1011158   1
        98   6.882812e+08  1.642208e+08  1.040708e+03   1021317   1
        99   4.101697e+08  1.647478e+08  1.068446e+03   1031458   1
       100   9.282921e+08  1.653723e+08  1.096929e+03   1041675   1
       101   6.227203e+08  1.668027e+08  1.127188e+03   1052197   1
       102   1.763813e+08  1.668588e+08  1.158051e+03   1062788   1
       103   3.101309e+08  1.672432e+08  1.189787e+03   1073415   1
       104   6.291017e+08  1.677483e+08  1.218573e+03   1083936   1
       105   1.589370e+08  1.682444e+08  1.245505e+03   1094312   1
       106   2.365664e+08  1.682447e+08  1.272166e+03   1104703   1
       107   1.774928e+08  1.683206e+08  1.299954e+03   1115249   1
       108   3.275364e+08  1.695417e+08  1.328298e+03   1125546   1
       109   2.206667e+08  1.696911e+08  1.358625e+03   1136088   1
       110   2.452145e+08  1.711193e+08  1.389856e+03   1146525   1
       111   4.367692e+08  1.718669e+08  1.420743e+03   1157081   1
       112   3.291574e+08  1.726008e+08  1.450754e+03   1167636   1
       113   5.339058e+08  1.726249e+08  1.480270e+03   1178104   1
       114   2.237954e+08  1.726416e+08  1.510804e+03   1188766   1
       115   2.517350e+08  1.726519e+08  1.542755e+03   1199225   1
       116   2.212788e+08  1.737475e+08  1.575896e+03   1209690   1
       117   2.014670e+08  1.738999e+08  1.609626e+03   1220117   1
       118   2.116572e+08  1.748678e+08  1.644027e+03   1230681   1
       119   5.781271e+08  1.764077e+08  1.678807e+03   1241142   1
       120   2.219749e+08  1.777780e+08  1.713316e+03   1251352   1
       121   3.488941e+08  1.777868e+08  1.747761e+03   1261693   1
       122   1.695929e+08  1.786219e+08  1.780621e+03   1271858   1
       123   4.600633e+08  1.786430e+08  1.814402e+03   1282442   1
       124   3.195566e+08  1.793314e+08  1.847171e+03   1292922   1
       125   4.346563e+08  1.800728e+08  1.879507e+03   1303382   1
       126   2.124487e+08  1.802463e+08  1.911864e+03   1313763   1
       127   2.103708e+08  1.807419e+08  1.944888e+03   1324083   1
       128   2.170709e+08  1.813342e+08  1.977747e+03   1334496   1
       129   1.864220e+08  1.816433e+08  2.005584e+03   1345215   1
       130   5.330021e+08  1.816756e+08  2.034304e+03   1355349   1
       131   3.489430e+08  1.842532e+08  2.063115e+03   1365912   1
       132   3.104720e+08  1.843657e+08  2.090842e+03   1376271   1
       133   3.154344e+08  1.870995e+08  2.117499e+03   1386444   1
       134   4.686760e+08  1.881496e+08  2.145884e+03   1397042   1
       135   3.295234e+08  1.886753e+08  2.174181e+03   1407709   1
       136   2.729404e+08  1.889083e+08  2.201411e+03   1417965   1
       137   3.057802e+08  1.896667e+08  2.229726e+03   1428331   1
       138   2.183284e+08  1.896870e+08  2.258617e+03   1438732   1
       139   1.852636e+08  1.899101e+08  2.288576e+03   1449238   1
       140   4.490390e+08  1.923948e+08  2.317883e+03   1459762   1
       141   2.102032e+08  1.924871e+08  2.346837e+03   1470243   1
       142   2.720863e+08  1.924905e+08  2.375686e+03   1480676   1
       143   4.453256e+08  1.925415e+08  2.404353e+03   1491134   1
       144   2.563293e+08  1.925832e+08  2.433052e+03   1501514   1
       145   2.288110e+08  1.927005e+08  2.462059e+03   1511925   1
       146   2.582157e+08  1.927067e+08  2.491207e+03   1522293   1
       147   2.885691e+08  1.928043e+08  2.519560e+03   1532562   1
       148   2.715414e+08  1.929122e+08  2.549335e+03   1543111   1
       149   2.741881e+08  1.934225e+08  2.579253e+03   1553787   1
       150   4.313988e+08  1.936101e+08  2.609357e+03   1564263   1
       151   2.359018e+08  1.936219e+08  2.641136e+03   1574808   1
       152   4.123837e+08  1.939979e+08  2.671054e+03   1585051   1
       153   3.216355e+08  1.949138e+08  2.701721e+03   1595514   1
       154   5.043789e+08  1.949518e+08  2.732727e+03   1606048   1
       155   2.586077e+08  1.954018e+08  2.762521e+03   1616232   1
       156   1.963818e+08  1.954692e+08  2.793924e+03   1626896   1
       157   3.604153e+08  1.958119e+08  2.823902e+03   1637078   1
       158   3.859431e+08  1.958666e+08  2.854443e+03   1647482   1
       159   6.220918e+08  1.961162e+08  2.883660e+03   1657662   1
       160   2.498230e+08  1.962725e+08  2.915604e+03   1668434   1
       161   3.145915e+08  1.965629e+08  2.946085e+03   1678893   1
       162   4.078345e+08  1.967617e+08  2.976900e+03   1689477   1
       163   4.166439e+08  1.968025e+08  3.008041e+03   1699842   1
       164   2.583936e+08  1.970955e+08  3.038155e+03   1710183   1
       165   2.634973e+08  1.976851e+08  3.068117e+03   1720578   1
       166   3.232253e+08  1.981910e+08  3.098385e+03   1730921   1
       167   3.473305e+08  1.990063e+08  3.130377e+03   1741498   1
       168   2.415414e+08  1.990432e+08  3.161133e+03   1751743   1
       169   2.083426e+08  1.991682e+08  3.193618e+03   1762370   1
       170   2.638461e+08  1.992259e+08  3.226086e+03   1772976   1
       171   2.305092e+08  1.997784e+08  3.257393e+03   1783451   1
       172   9.180089e+08  1.999328e+08  3.288709e+03   1793902   1
       173   3.315941e+08  1.999685e+08  3.320787e+03   1804353   1
       174   7.206728e+08  2.003483e+08  3.354954e+03   1814838   1
       175   2.225815e+08  2.003985e+08  3.386512e+03   1825186   1
       176   2.307282e+08  2.004484e+08  3.418388e+03   1835722   1
       177   2.058376e+08  2.009587e+08  3.450669e+03   1846057   1
       178   3.178732e+08  2.010523e+08  3.481856e+03   1856316   1
       179   2.012256e+08  2.013445e+08  3.513983e+03   1866888   1
       180   2.300222e+08  2.014772e+08  3.545157e+03   1877211   1
       181   3.129601e+08  2.020784e+08  3.577322e+03   1887799   1
       182   2.878349e+08  2.021452e+08  3.609604e+03   1898161   1
       183   3.717282e+08  2.021602e+08  3.641035e+03   1908365   1
       184   3.631234e+08  2.024372e+08  3.674735e+03   1919225   1
       185   1.762496e+08  2.025028e+08  3.706872e+03   1929481   1
       186   2.023946e+08  2.026500e+08  3.742572e+03   1940196   1
       187   3.443763e+08  2.026615e+08  3.775882e+03   1950641   1
       188   2.709951e+08  2.026643e+08  3.808557e+03   1961010   1
       189   8.348959e+08  2.027062e+08  3.841571e+03   1971417   1
       190   6.330142e+08  2.037775e+08  3.876133e+03   1981961   1
       191   2.033155e+08  2.038093e+08  3.911472e+03   1992633   1
       192   3.353466e+08  2.041091e+08  3.946057e+03   2003120   1
       193   2.442298e+08  2.042579e+08  3.980937e+03   2013635   1
       194   2.303656e+08  2.050670e+08  4.016079e+03   2024328   1
       195   3.537019e+08  2.054243e+08  4.050702e+03   2034767   1
       196   5.083012e+08  2.055350e+08  4.084762e+03   2045147   1
       197   2.237473e+08  2.055946e+08  4.119274e+03   2055511   1
       198   2.033857e+08  2.057746e+08  4.154528e+03   2065962   1
       199   2.711848e+08  2.058461e+08  4.189748e+03   2076354   1
       200   2.434371e+08  2.058615e+08  4.226268e+03   2086810   1
       201   3.182459e+08  2.058891e+08  4.263027e+03   2097349   1
       202   2.916640e+08  2.059518e+08  4.299198e+03   2107738   1
       203   3.257057e+08  2.061186e+08  4.336093e+03   2118286   1
       204   3.141820e+08  2.070225e+08  4.373233e+03   2128795   1
       205   2.807031e+08  2.072077e+08  4.409410e+03   2139042   1
       206   1.161695e+09  2.072405e+08  4.446048e+03   2149368   1
       207   1.968076e+08  2.076734e+08  4.577785e+03   2160044   1
       208   5.268440e+08  2.076950e+08  4.618828e+03   2170574   1
       209   2.903007e+08  2.082609e+08  4.658455e+03   2180881   1
       210   3.677472e+08  2.082748e+08  4.698341e+03   2191504   1
       211   2.935161e+08  2.086571e+08  4.736595e+03   2201836   1
       212   3.033264e+08  2.088361e+08  4.776376e+03   2212313   1
       213   2.041893e+08  2.093262e+08  4.816632e+03   2222821   1
       214   2.406415e+08  2.098115e+08  4.856384e+03   2233373   1
       215   3.056191e+08  2.101537e+08  4.896583e+03   2243858   1
       216   1.968124e+08  2.109486e+08  4.935246e+03   2254039   1
       217   1.464420e+08  2.113137e+08  4.974578e+03   2264365   1
       218   3.369223e+08  2.116640e+08  5.015634e+03   2275016   1
       219   7.275398e+08  2.119689e+08  5.054800e+03   2285275   1
       220   2.853169e+08  2.128158e+08  5.095644e+03   2295805   1
       221   3.089500e+08  2.139416e+08  5.137336e+03   2306308   1
       222   1.838052e+08  2.139962e+08  5.178358e+03   2316846   1
       223   1.928987e+08  2.142002e+08  5.218991e+03   2327407   1
       224   1.853957e+08  2.146398e+08  5.258494e+03   2337721   1
       225   2.362399e+08  2.148471e+08  5.302798e+03   2348425   1
       226   4.684168e+08  2.151090e+08  5.343127e+03   2358877   1
       227   3.132172e+08  2.152661e+08  5.382880e+03   2369195   1
       228   3.136894e+08  2.152787e+08  5.424676e+03   2379857   1
       229   2.646614e+08  2.152907e+08  5.467070e+03   2390651   1
       230   3.802625e+08  2.157658e+08  5.507392e+03   2400974   1
       231   6.896567e+08  2.158811e+08  5.546767e+03   2411055   1
       232   2.854252e+08  2.169699e+08  5.587860e+03   2421449   1
       233   2.150244e+08  2.169760e+08  5.629106e+03   2431713   1
       234   2.207990e+08  2.169870e+08  5.670188e+03   2442091   1
       235   2.857590e+08  2.170121e+08  5.713131e+03   2452776   1
       236   2.187052e+08  2.172054e+08  5.755052e+03   2463293   1
       237   2.066713e+08  2.172257e+08  5.794710e+03   2473281   1
       238   3.046030e+08  2.173302e+08  5.836722e+03   2483773   1
       239   1.786102e+08  2.175861e+08  5.879190e+03   2494447   1
       240   2.984581e+08  2.183871e+08  5.919938e+03   2504599   1
       241   1.820335e+08  2.183982e+08  5.963724e+03   2514923   1
       242   2.125687e+08  2.184245e+08  6.007041e+03   2525602   1
       243   4.250301e+08  2.184365e+08  6.049280e+03   2535956   1
       244   2.223799e+08  2.187517e+08  6.092754e+03   2546527   1
       245   2.176137e+08  2.187572e+08  6.135333e+03   2556938   1
       246   2.830338e+08  2.188448e+08  6.178416e+03   2567614   1
       247   6.186013e+08  2.190643e+08  6.220507e+03   2578119   1
       248   2.500432e+08  2.191721e+08  6.263004e+03   2588492   1
       249   2.477314e+08  2.192265e+08  6.307279e+03   2599151   1
       250   5.231050e+08  2.195303e+08  6.350756e+03   2609609   1
       251   4.997881e+08  2.195437e+08  6.393481e+03   2619957   1
       252   4.868509e+08  2.200534e+08  6.436482e+03   2630381   1
       253   5.377227e+08  2.201193e+08  6.484120e+03   2640683   1
       254   1.733629e+08  2.202308e+08  6.538787e+03   2651090   1
       255   1.916884e+08  2.204689e+08  6.589264e+03   2661355   1
       256   1.962982e+08  2.205297e+08  6.641154e+03   2672035   1
       257   3.432139e+08  2.220515e+08  6.692318e+03   2682420   1
       258   2.247840e+08  2.224507e+08  6.744260e+03   2693062   1
       259   1.604762e+08  2.226019e+08  6.795515e+03   2703643   1
       260   1.918905e+08  2.226183e+08  6.846383e+03   2714124   1
       261   4.896832e+08  2.226629e+08  6.897530e+03   2724661   1
       262   1.955008e+08  2.226969e+08  6.949206e+03   2735270   1
       263   2.634115e+08  2.227917e+08  7.000301e+03   2745635   1
       264   2.606525e+08  2.229668e+08  7.051814e+03   2756299   1
       265   2.385919e+08  2.230339e+08  7.104172e+03   2766966   1
       266   4.444701e+08  2.231090e+08  7.159779e+03   2777611   1
       267   2.628097e+08  2.232670e+08  7.211508e+03   2787791   1
-------------------------------------------------------------------
status         : time_limit
total time (s) : 7.211508e+03
total solves   : 2787791
best bound     :  2.232670e+08
simulation ci  :  3.576872e+08 ± 2.403414e+07
numeric issues : 0
-------------------------------------------------------------------

 ────────────────────────────────────────────────────────────────────────────────
                                        Time                    Allocations      
                               ───────────────────────   ────────────────────────
       Tot / % measured:            2.00h / 100.0%            167GiB /  99.3%    

 Section               ncalls     time    %tot     avg     alloc    %tot      avg
 ────────────────────────────────────────────────────────────────────────────────
 backward_pass            267    1.98h   98.9%   26.7s    164GiB   98.7%   628MiB
   solve_subproblem     2.76M    1.95h   97.4%  2.55ms    141GiB   84.8%  53.5KiB
     get_dual_solution  2.76M    12.8s    0.2%  4.66μs   3.94GiB    2.4%  1.50KiB
   prepare_backward...    534    360ms    0.0%   675μs   85.2MiB    0.1%   163KiB
 forward_pass             267    78.6s    1.1%   294ms   1.86GiB    1.1%  7.13MiB
   solve_subproblem     32.0k    77.8s    1.1%  2.43ms   1.62GiB    1.0%  53.1KiB
     get_dual_solution  32.0k   36.6ms    0.0%  1.14μs   17.1MiB    0.0%     560B
   sample_scenario        267   73.4ms    0.0%   275μs   2.60MiB    0.0%  10.0KiB
 calculate_bound          267    1.14s    0.0%  4.26ms    228MiB    0.1%   876KiB
   get_dual_solution      267    358μs    0.0%  1.34μs    146KiB    0.0%     560B
 ────────────────────────────────────────────────────────────────────────────────


||||||||||||||||||||||||||||||||||||||||||||||||||||||||||||||||||||||||||||||||||||||||||||||||||||||||||||||||||||||||||||||||||||||||
SIMULATION RESULTS
LogLinearSDDP.NoSimulation()
markov
Lower bound: 2.2326697538642314e8
Statistical upper bound (confidence interval): 3.31615731864985e8 ± 6.70245338052807e6
Pessimistic upper bound: 3.383181852455131e8

||||||||||||||||||||||||||||||||||||||||||||||||||||||||||||||||||||||||||||||||||||||||||||||||||||||||||||||||||||||||||||||||||||||||
SIMULATION RESULTS
LogLinearSDDP.NoSimulation()
markov
Lower bound: 2.2326697538642314e8
Statistical upper bound (confidence interval): 2.1071901673634213e8 ± 5.213513780501963e6
Pessimistic upper bound: 2.159325305168441e8

||||||||||||||||||||||||||||||||||||||||||||||||||||||||||||||||||||||||||||||||||||||||||||||||||||||||||||||||||||||||||||||||||||||||
SIMULATION RESULTS
LogLinearSDDP.NoSimulation()
custom_model
Lower bound: 2.2326697538642314e8
Statistical upper bound (confidence interval): 4.150903987165321e8 ± 8.993061458240712e6
Pessimistic upper bound: 4.240834601747728e8

||||||||||||||||||||||||||||||||||||||||||||||||||||||||||||||||||||||||||||||||||||||||||||||||||||||||||||||||||||||||||||||||||||||||
SIMULATION RESULTS
LogLinearSDDP.NoSimulation()
custom_model
Lower bound: 2.2326697538642314e8
Statistical upper bound (confidence interval): 2.6478394034346536e8 ± 7.2055485293371985e6
Pessimistic upper bound: 2.7198948887280256e8

||||||||||||||||||||||||||||||||||||||||||||||||||||||||||||||||||||||||||||||||||||||||||||||||||||||||||||||||||||||||||||||||||||||||
SIMULATION RESULTS
LogLinearSDDP.NoSimulation()
fitted_model
Lower bound: 2.2326697538642314e8
Statistical upper bound (confidence interval): 2.971696654136853e8 ± 5.613214143987765e6
Pessimistic upper bound: 3.027828795576731e8

||||||||||||||||||||||||||||||||||||||||||||||||||||||||||||||||||||||||||||||||||||||||||||||||||||||||||||||||||||||||||||||||||||||||
SIMULATION RESULTS
LogLinearSDDP.NoSimulation()
fitted_model
Lower bound: 2.2326697538642314e8
Statistical upper bound (confidence interval): 1.9712603165366358e8 ± 4.538638230001397e6
Pessimistic upper bound: 2.0166466988366497e8

||||||||||||||||||||||||||||||||||||||||||||||||||||||||||||||||||||||||||||||||||||||||||||||||||||||||||||||||||||||||||||||||||||||||
SIMULATION RESULTS
LogLinearSDDP.NoSimulation()
shapiro_model
Lower bound: 2.2326697538642314e8
Statistical upper bound (confidence interval): 3.0162093062956214e8 ± 6.142509967910232e6
Pessimistic upper bound: 3.0776344059747237e8

||||||||||||||||||||||||||||||||||||||||||||||||||||||||||||||||||||||||||||||||||||||||||||||||||||||||||||||||||||||||||||||||||||||||
SIMULATION RESULTS
LogLinearSDDP.NoSimulation()
shapiro_model
Lower bound: 2.2326697538642314e8
Statistical upper bound (confidence interval): 1.9809479651947993e8 ± 4.935591071321978e6
Pessimistic upper bound: 2.030303875908019e8

||||||||||||||||||||||||||||||||||||||||||||||||||||||||||||||||||||||||||||||||||||||||||||||||||||||||||||||||||||||||||||||||||||||||
SIMULATION RESULTS
LogLinearSDDP.NoSimulation()
markov
Lower bound: 2.2278185025328773e8
Statistical upper bound (confidence interval): 5.052493124294418e8 ± 8.429551063646625e7
Pessimistic upper bound: 5.895448230659081e8

||||||||||||||||||||||||||||||||||||||||||||||||||||||||||||||||||||||||||||||||||||||||||||||||||||||||||||||||||||||||||||||||||||||||
SIMULATION RESULTS
LogLinearSDDP.NoSimulation()
markov
Lower bound: 2.2278185025328773e8
Statistical upper bound (confidence interval): 3.308256667460222e8 ± 6.848025488113905e7
Pessimistic upper bound: 3.9930592162716126e8
