||||||||||||||||||||||||||||||||||||||||||||||||||||||||||||||||||||||||||||||||||||||||||||||||||||||||||||||||||||||||||||||||||||||||
PATH
calling 
C:\Users\cg4102\Documents\New LogLinearSDDP\LogLinearSDDP.jl\Examples\Hydrothermal
C:\Users\cg4102\Documents\New LogLinearSDDP\LogLinearSDDP.jl\Examples\Hydrothermal\run_model_linearized.jl
DATETIME
2025-04-03T10:29:12.687
RUN DESCRIPTION
LogLinearSDDP.AlgoParams(SDDP.AbstractStoppingRule[SDDP.TimeLimit(7200.0)], LogLinearSDDP.Simulation(SDDP.InSampleMonteCarlo(0, false, true, SDDP.var"#155#158"{SDDP.var"#156#159"}(SDDP.var"#156#159"(), Core.Box(0)), nothing), 2000, 11111), false, 2, 1, "C:/Users/cg4102/Documents/julia_logs/Cut-sharing Final Run (2h) - NoCS/Run_shapiro_model_22222/LinearizedSDDP.log", false, false, false, 22222, "", :fitted_model)
-------------------------------------------------------------------
         SDDP.jl (c) Oscar Dowson and contributors, 2017-23
-------------------------------------------------------------------
problem
  nodes           : 120
  state variables : 8
  scenarios       : 1.00000e+238
  existing cuts   : false
options
  solver          : serial mode
  risk measure    : SDDP.Expectation()
  sampling scheme : SDDP.InSampleMonteCarlo
subproblem structure
  VariableRef                                  : [170, 174]
  JuMP.AffExpr in MOI.EqualTo{Float64}         : [13, 13]
  JuMP.VariableRef in MOI.EqualTo{Float64}     : [1, 1]
  JuMP.VariableRef in MOI.GreaterThan{Float64} : [157, 157]
  JuMP.VariableRef in MOI.LessThan{Float64}    : [148, 149]
-------------------------------------------------------------------
 iteration    simulation      bound        time (s)     solves  pid
-------------------------------------------------------------------
         1   2.423481e+09  2.450955e+05  2.063000e+00     12021   1
         2   1.588050e+09  2.450955e+05  4.110000e+00     24042   1
         3   1.572781e+09  2.450955e+05  6.126000e+00     36063   1
         4   1.228067e+09  2.027357e+06  8.172000e+00     48084   1
         5   1.071511e+09  2.595174e+06  1.028200e+01     60105   1
         6   8.871576e+08  2.856462e+06  1.236100e+01     72126   1
         7   6.319918e+08  3.028182e+06  1.443900e+01     84147   1
         8   8.040286e+08  3.561614e+06  1.653300e+01     96168   1
         9   6.639270e+08  3.709415e+06  1.862700e+01    108189   1
        10   7.916680e+08  4.249651e+06  2.069000e+01    120210   1
        11   6.982161e+08  5.110786e+06  2.281500e+01    132231   1
        12   6.323133e+08  5.911680e+06  2.492500e+01    144252   1
        13   5.471494e+08  6.920339e+06  2.700300e+01    156273   1
        14   5.651512e+08  6.958424e+06  2.912800e+01    168294   1
        15   4.233535e+08  7.910288e+06  3.123800e+01    180315   1
        16   1.393126e+09  1.007423e+07  3.331600e+01    192336   1
        17   4.336150e+08  1.042938e+07  3.545700e+01    204357   1
        18   6.177423e+08  1.054608e+07  3.756600e+01    216378   1
        19   3.058381e+08  1.065238e+07  3.966100e+01    228399   1
        20   3.466584e+08  1.102925e+07  4.181700e+01    240420   1
        21   4.290999e+08  1.189507e+07  4.397300e+01    252441   1
        22   5.199787e+08  1.204526e+07  4.609900e+01    264462   1
        23   6.151807e+08  1.375784e+07  4.824100e+01    276483   1
        24   4.991146e+08  4.841320e+07  5.036600e+01    288504   1
        25   2.333007e+08  4.841572e+07  5.244400e+01    300525   1
        26   2.743880e+08  4.950242e+07  5.460000e+01    312546   1
        27   2.653916e+08  6.278279e+07  5.672600e+01    324567   1
        28   7.885370e+08  6.321626e+07  5.889800e+01    336588   1
        29   2.014891e+08  6.417484e+07  6.104000e+01    348609   1
        30   2.483873e+08  6.422273e+07  6.318000e+01    360630   1
        31   1.489599e+08  7.756880e+07  6.527500e+01    372651   1
        32   2.984921e+08  7.796880e+07  6.746200e+01    384672   1
        33   4.852921e+08  7.818135e+07  6.966600e+01    396693   1
        34   1.879632e+08  8.265453e+07  7.188500e+01    408714   1
        35   4.348669e+08  8.386386e+07  7.410500e+01    420735   1
        36   5.901331e+08  8.393154e+07  7.632400e+01    432756   1
        37   9.303568e+08  8.406943e+07  7.855800e+01    444777   1
        38   3.437674e+08  8.420274e+07  8.080800e+01    456798   1
        39   6.217855e+08  8.426422e+07  8.305800e+01    468819   1
        40   2.573985e+08  8.443979e+07  8.526100e+01    480840   1
        41   6.902411e+08  8.896117e+07  8.752700e+01    492861   1
        42   1.405207e+09  8.906334e+07  8.979200e+01    504882   1
        43   7.237323e+08  8.915059e+07  9.205900e+01    516903   1
        44   2.834078e+08  8.928707e+07  9.432400e+01    528924   1
        45   1.848134e+08  8.998056e+07  9.652700e+01    540945   1
        46   6.434900e+08  9.020212e+07  9.885600e+01    552966   1
        47   3.882221e+08  9.112065e+07  1.011840e+02    564987   1
        48   3.331322e+08  9.158672e+07  1.035120e+02    577008   1
        49   1.677157e+08  9.256495e+07  1.057790e+02    589029   1
        50   1.860574e+08  9.326468e+07  1.080290e+02    601050   1
        51   4.867802e+08  9.346461e+07  1.103580e+02    613071   1
        52   1.960280e+08  9.394771e+07  1.126400e+02    625092   1
        53   3.937016e+08  9.443684e+07  1.150150e+02    637113   1
        54   2.639470e+08  9.520220e+07  1.174060e+02    649134   1
        55   2.379865e+08  9.556344e+07  1.197660e+02    661155   1
        56   2.295281e+08  9.556944e+07  1.221410e+02    673176   1
        57   5.023975e+08  9.587415e+07  1.245480e+02    685197   1
        58   2.913701e+08  9.594965e+07  1.269380e+02    697218   1
        59   8.865525e+08  9.610439e+07  1.293920e+02    709239   1
        60   3.671104e+08  9.637644e+07  1.318300e+02    721260   1
        61   4.663676e+08  9.642745e+07  1.342200e+02    733281   1
        62   2.093244e+08  9.826606e+07  1.366420e+02    745302   1
        63   6.051127e+08  9.852136e+07  1.391110e+02    757323   1
        64   2.477111e+08  9.866525e+07  1.415330e+02    769344   1
        65   2.520754e+08  9.995529e+07  1.439550e+02    781365   1
        66   3.173058e+08  1.000005e+08  1.464090e+02    793386   1
        67   4.466946e+08  1.009929e+08  1.488480e+02    805407   1
        68   9.691252e+08  1.045114e+08  1.513320e+02    817428   1
        69   1.700120e+08  1.045776e+08  1.537850e+02    829449   1
        70   1.988465e+08  1.048400e+08  1.562220e+02    841470   1
        71   1.640816e+08  1.048846e+08  1.586760e+02    853491   1
        72   4.005787e+08  1.054614e+08  1.611760e+02    865512   1
        73   3.165939e+08  1.085222e+08  1.636610e+02    877533   1
        74   1.658589e+08  1.108977e+08  1.661770e+02    889554   1
        75   3.591527e+08  1.114301e+08  1.686770e+02    901575   1
        76   1.762606e+08  1.117404e+08  1.711460e+02    913596   1
        77   7.461082e+08  1.119844e+08  1.737080e+02    925617   1
        78   4.148870e+08  1.121506e+08  1.762710e+02    937638   1
        79   5.052952e+08  1.126291e+08  1.788030e+02    949659   1
        80   4.139290e+08  1.131544e+08  1.813500e+02    961680   1
        81   2.426771e+08  1.133802e+08  1.838650e+02    973701   1
        82   4.082654e+08  1.138070e+08  1.864130e+02    985722   1
        83   3.056695e+08  1.143620e+08  1.890380e+02    997743   1
        84   1.721506e+08  1.144212e+08  1.916010e+02   1009764   1
        85   3.529463e+08  1.148444e+08  1.941950e+02   1021785   1
        86   2.213762e+08  1.161627e+08  1.967730e+02   1033806   1
        87   1.555244e+08  1.163174e+08  1.993980e+02   1045827   1
        88   2.208771e+08  1.166655e+08  2.020550e+02   1057848   1
        89   1.810983e+08  1.167126e+08  2.046960e+02   1069869   1
        90   4.075373e+08  1.169259e+08  2.073530e+02   1081890   1
        91   3.894664e+08  1.169756e+08  2.099940e+02   1093911   1
        92   2.537188e+08  1.180368e+08  2.126500e+02   1105932   1
        93   2.684157e+08  1.181943e+08  2.153220e+02   1117953   1
        94   2.704067e+08  1.186546e+08  2.180250e+02   1129974   1
        95   2.618443e+08  1.191485e+08  2.207590e+02   1141995   1
        96   1.566520e+08  1.195477e+08  2.234320e+02   1154016   1
        97   3.563933e+08  1.196894e+08  2.261510e+02   1166037   1
        98   4.368384e+08  1.197597e+08  2.289010e+02   1178058   1
        99   3.213552e+08  1.209559e+08  2.316040e+02   1190079   1
       100   1.424850e+08  1.214362e+08  2.342910e+02   1202100   1
       101   2.695654e+08  1.215843e+08  2.370270e+02   1214121   1
       102   1.776156e+08  1.230084e+08  2.397300e+02   1226142   1
       103   6.830879e+08  1.235035e+08  2.425120e+02   1238163   1
       104   3.169214e+08  1.244110e+08  2.453080e+02   1250184   1
       105   2.717280e+08  1.257490e+08  2.480110e+02   1262205   1
       106   2.076907e+08  1.258441e+08  2.507790e+02   1274226   1
       107   4.035346e+08  1.263265e+08  2.535290e+02   1286247   1
       108   2.510102e+08  1.264126e+08  2.562320e+02   1298268   1
       109   1.007115e+09  1.270455e+08  2.590290e+02   1310289   1
       110   1.574845e+08  1.274034e+08  2.618420e+02   1322310   1
       111   3.896173e+08  1.276315e+08  2.646390e+02   1334331   1
       112   4.106603e+08  1.280744e+08  2.674530e+02   1346352   1
       113   6.183958e+08  1.284173e+08  2.702500e+02   1358373   1
       114   1.657763e+08  1.284583e+08  2.730000e+02   1370394   1
       115   5.056669e+08  1.284856e+08  2.758280e+02   1382415   1
       116   2.462444e+08  1.296428e+08  2.786560e+02   1394436   1
       117   3.366348e+08  1.299295e+08  2.814720e+02   1406457   1
       118   3.527625e+08  1.307216e+08  2.843290e+02   1418478   1
       119   2.740976e+08  1.313034e+08  2.871880e+02   1430499   1
       120   4.388134e+08  1.315843e+08  2.900320e+02   1442520   1
       121   3.740846e+08  1.316993e+08  2.928760e+02   1454541   1
       122   1.770203e+08  1.319357e+08  2.957530e+02   1466562   1
       123   2.041764e+08  1.322105e+08  2.986440e+02   1478583   1
       124   2.543024e+08  1.322610e+08  3.015030e+02   1490604   1
       125   1.708608e+08  1.329789e+08  3.043930e+02   1502625   1
       126   4.140115e+08  1.333275e+08  3.072850e+02   1514646   1
       127   2.351735e+08  1.340102e+08  3.101760e+02   1526667   1
       128   3.646446e+08  1.341895e+08  3.131300e+02   1538688   1
       129   1.600485e+08  1.351250e+08  3.159890e+02   1550709   1
       130   2.536983e+08  1.351734e+08  3.188790e+02   1562730   1
       131   3.278940e+08  1.352937e+08  3.218010e+02   1574751   1
       132   7.933668e+08  1.357677e+08  3.247720e+02   1586772   1
       133   2.333126e+08  1.359576e+08  3.276640e+02   1598793   1
       134   5.129090e+08  1.362479e+08  3.306480e+02   1610814   1
       135   2.238318e+08  1.362665e+08  3.336170e+02   1622835   1
       136   3.396790e+08  1.367803e+08  3.366020e+02   1634856   1
       137   4.907364e+08  1.368767e+08  3.396350e+02   1646877   1
       138   3.512838e+08  1.370196e+08  3.426510e+02   1658898   1
       139   2.742012e+08  1.371759e+08  3.456820e+02   1670919   1
       140   2.287244e+08  1.374900e+08  3.486820e+02   1682940   1
       141   1.398649e+08  1.375725e+08  3.516830e+02   1694961   1
       142   4.875364e+08  1.376467e+08  3.546840e+02   1706982   1
       143   3.054328e+08  1.378440e+08  3.577620e+02   1719003   1
       144   2.397951e+08  1.385074e+08  3.607930e+02   1731024   1
       145   2.960994e+08  1.389154e+08  3.638090e+02   1743045   1
       146   2.092834e+08  1.396845e+08  3.668570e+02   1755066   1
       147   1.573063e+08  1.397273e+08  3.699200e+02   1767087   1
       148   1.590476e+08  1.398729e+08  3.729200e+02   1779108   1
       149   2.872440e+08  1.405996e+08  3.760290e+02   1791129   1
       150   3.025753e+08  1.406641e+08  3.791070e+02   1803150   1
       151   1.532646e+08  1.415514e+08  3.821540e+02   1815171   1
       152   3.234371e+08  1.424213e+08  3.852960e+02   1827192   1
       153   1.624635e+08  1.427684e+08  3.883900e+02   1839213   1
       154   4.276887e+08  1.429392e+08  3.914520e+02   1851234   1
       155   3.864855e+08  1.430858e+08  3.945770e+02   1863255   1
       156   3.046178e+08  1.435320e+08  3.976730e+02   1875276   1
       157   2.510723e+08  1.435336e+08  4.007510e+02   1887297   1
       158   1.348317e+08  1.437316e+08  4.037970e+02   1899318   1
       159   1.836442e+08  1.438558e+08  4.068760e+02   1911339   1
       160   5.549179e+08  1.439696e+08  4.100170e+02   1923360   1
       161   2.106412e+08  1.441216e+08  4.131420e+02   1935381   1
       162   3.860320e+08  1.442728e+08  4.162830e+02   1947402   1
       163   3.899495e+08  1.447027e+08  4.194390e+02   1959423   1
       164   2.952450e+08  1.447416e+08  4.225640e+02   1971444   1
       165   6.370992e+08  1.448082e+08  4.257050e+02   1983465   1
       166   1.988969e+08  1.450396e+08  4.288790e+02   1995486   1
       167   1.463556e+08  1.451614e+08  4.319880e+02   2007507   1
       168   1.887829e+08  1.455307e+08  4.351290e+02   2019528   1
       169   1.508075e+08  1.455676e+08  4.382540e+02   2031549   1
       170   1.632038e+08  1.456733e+08  4.414100e+02   2043570   1
       171   3.494452e+08  1.456831e+08  4.445980e+02   2055591   1
       172   1.720963e+08  1.458454e+08  4.477700e+02   2067612   1
       173   6.010946e+08  1.460077e+08  4.511920e+02   2079633   1
       174   2.924416e+08  1.463203e+08  4.544730e+02   2091654   1
       175   4.156027e+08  1.464528e+08  4.578960e+02   2103675   1
       176   2.955328e+08  1.465758e+08  4.613180e+02   2115696   1
       177   1.255254e+08  1.466837e+08  4.647240e+02   2127717   1
       178   1.486703e+08  1.467548e+08  4.681780e+02   2139738   1
       179   3.062134e+08  1.468027e+08  4.716620e+02   2151759   1
       180   9.784269e+08  1.469027e+08  4.751620e+02   2163780   1
       181   1.720114e+08  1.469674e+08  4.786150e+02   2175801   1
       182   2.531974e+08  1.470266e+08  4.821470e+02   2187822   1
       183   2.405346e+08  1.472149e+08  4.856790e+02   2199843   1
       184   2.782971e+08  1.474567e+08  4.892260e+02   2211864   1
       185   1.536150e+08  1.474794e+08  4.928040e+02   2223885   1
       186   4.307228e+08  1.476019e+08  4.963360e+02   2235906   1
       187   1.894048e+08  1.478673e+08  4.998990e+02   2247927   1
       188   2.261337e+08  1.481739e+08  5.034640e+02   2259948   1
       189   2.697498e+08  1.482815e+08  5.069170e+02   2271969   1
       190   4.145630e+08  1.485579e+08  5.105260e+02   2283990   1
       191   2.013549e+08  1.493966e+08  5.141050e+02   2296011   1
       192   2.054495e+08  1.498995e+08  5.176680e+02   2308032   1
       193   5.184756e+08  1.505664e+08  5.212770e+02   2320053   1
       194   2.040386e+08  1.508214e+08  5.248710e+02   2332074   1
       195   3.153708e+08  1.509255e+08  5.284970e+02   2344095   1
       196   4.116618e+08  1.511112e+08  5.321240e+02   2356116   1
       197   3.263068e+08  1.515766e+08  5.357330e+02   2368137   1
       198   2.024019e+08  1.518660e+08  5.393580e+02   2380158   1
       199   1.787566e+08  1.519257e+08  5.429690e+02   2392179   1
       200   2.696050e+08  1.520245e+08  5.466270e+02   2404200   1
       201   2.736482e+08  1.521296e+08  5.502830e+02   2416221   1
       202   2.166584e+08  1.525117e+08  5.539710e+02   2428242   1
       203   3.021097e+08  1.527321e+08  5.576280e+02   2440263   1
       204   5.811177e+08  1.529456e+08  5.613790e+02   2452284   1
       205   2.299621e+08  1.530858e+08  5.650040e+02   2464305   1
       206   2.968888e+08  1.532727e+08  5.686290e+02   2476326   1
       207   1.987053e+08  1.534711e+08  5.722700e+02   2488347   1
       208   1.660131e+08  1.535440e+08  5.758820e+02   2500368   1
       209   2.984140e+08  1.536478e+08  5.795380e+02   2512389   1
       210   3.097375e+08  1.540227e+08  5.831320e+02   2524410   1
       211   5.168873e+08  1.541065e+08  5.868350e+02   2536431   1
       212   2.976151e+08  1.541585e+08  5.905080e+02   2548452   1
       213   2.056258e+08  1.541752e+08  5.941800e+02   2560473   1
       214   3.278251e+08  1.542791e+08  5.978360e+02   2572494   1
       215   4.130043e+08  1.544357e+08  6.015550e+02   2584515   1
       216   2.110625e+08  1.547119e+08  6.051800e+02   2596536   1
       217   5.044309e+08  1.548119e+08  6.088370e+02   2608557   1
       218   6.240066e+08  1.550971e+08  6.125250e+02   2620578   1
       219   5.781089e+08  1.551634e+08  6.161980e+02   2632599   1
       220   3.381367e+08  1.554092e+08  6.199350e+02   2644620   1
       221   3.471768e+08  1.556003e+08  6.236530e+02   2656641   1
       222   5.085655e+08  1.556983e+08  6.274350e+02   2668662   1
       223   6.984470e+08  1.561796e+08  6.311860e+02   2680683   1
       224   4.960391e+08  1.563945e+08  6.349050e+02   2692704   1
       225   1.962144e+08  1.564775e+08  6.386400e+02   2704725   1
       226   1.509497e+08  1.566044e+08  6.424060e+02   2716746   1
       227   2.821931e+08  1.566742e+08  6.461250e+02   2728767   1
       228   1.987878e+08  1.568316e+08  6.499400e+02   2740788   1
       229   2.381862e+08  1.569640e+08  6.537520e+02   2752809   1
       230   2.171880e+08  1.570275e+08  6.575500e+02   2764830   1
       231   1.842656e+08  1.570577e+08  6.613470e+02   2776851   1
       232   3.560136e+08  1.572506e+08  6.651290e+02   2788872   1
       233   1.564077e+08  1.575926e+08  6.689420e+02   2800893   1
       234   1.447197e+08  1.578126e+08  6.727710e+02   2812914   1
       235   5.233263e+08  1.582628e+08  6.766460e+02   2824935   1
       236   1.570459e+08  1.585627e+08  6.803970e+02   2836956   1
       237   2.440986e+08  1.585974e+08  6.842560e+02   2848977   1
       238   4.019674e+08  1.586337e+08  6.881160e+02   2860998   1
       239   3.487761e+08  1.588394e+08  6.919930e+02   2873019   1
       240   6.813128e+08  1.590076e+08  6.958990e+02   2885040   1
       241   2.531063e+08  1.590830e+08  6.998220e+02   2897061   1
       242   2.125147e+08  1.591348e+08  7.036960e+02   2909082   1
       243   4.067143e+08  1.591683e+08  7.076510e+02   2921103   1
       244   1.625185e+08  1.592031e+08  7.115420e+02   2933124   1
       245   1.611414e+08  1.592475e+08  7.154950e+02   2945145   1
       246   2.178685e+08  1.593072e+08  7.194640e+02   2957166   1
       247   2.056191e+08  1.593353e+08  7.233250e+02   2969187   1
       248   2.049209e+08  1.594020e+08  7.272320e+02   2981208   1
       249   5.683181e+08  1.594131e+08  7.312330e+02   2993229   1
       250   2.977082e+08  1.594296e+08  7.352020e+02   3005250   1
       251   5.462117e+08  1.596670e+08  7.391550e+02   3017271   1
       252   1.559363e+08  1.597504e+08  7.430930e+02   3029292   1
       253   1.648245e+08  1.598890e+08  7.470930e+02   3041313   1
       254   4.626946e+08  1.601726e+08  7.510620e+02   3053334   1
       255   1.699890e+08  1.603513e+08  7.551090e+02   3065355   1
       256   2.593829e+08  1.603963e+08  7.591250e+02   3077376   1
       257   1.946351e+08  1.606084e+08  7.631570e+02   3089397   1
       258   5.417620e+08  1.606408e+08  7.671740e+02   3101418   1
       259   5.698239e+08  1.608524e+08  7.712050e+02   3113439   1
       260   3.206788e+08  1.609257e+08  7.753140e+02   3125460   1
       261   2.292252e+08  1.609525e+08  7.793610e+02   3137481   1
       262   3.857256e+08  1.610519e+08  7.834240e+02   3149502   1
       263   2.413386e+08  1.611345e+08  7.875170e+02   3161523   1
       264   2.500906e+08  1.611965e+08  7.916270e+02   3173544   1
       265   2.731904e+08  1.613050e+08  7.956920e+02   3185565   1
       266   2.335739e+08  1.614950e+08  7.997860e+02   3197586   1
       267   4.397026e+08  1.616298e+08  8.039100e+02   3209607   1
       268   1.533571e+08  1.617687e+08  8.079730e+02   3221628   1
       269   1.936777e+08  1.617754e+08  8.120670e+02   3233649   1
       270   2.585480e+08  1.619156e+08  8.161920e+02   3245670   1
       271   1.147571e+09  1.619745e+08  8.202860e+02   3257691   1
       272   3.170972e+08  1.622212e+08  8.243810e+02   3269712   1
       273   1.466709e+08  1.622684e+08  8.284590e+02   3281733   1
       274   2.748990e+08  1.623614e+08  8.325850e+02   3293754   1
       275   4.367865e+08  1.623646e+08  8.367570e+02   3305775   1
       276   1.317108e+08  1.624465e+08  8.408210e+02   3317796   1
       277   2.366691e+08  1.625749e+08  8.449300e+02   3329817   1
       278   3.678090e+08  1.625799e+08  8.490400e+02   3341838   1
       279   1.502901e+08  1.626709e+08  8.532120e+02   3353859   1
       280   2.039319e+08  1.626737e+08  8.573990e+02   3365880   1
       281   3.288641e+08  1.627726e+08  8.616340e+02   3377901   1
       282   3.339291e+08  1.627742e+08  8.658060e+02   3389922   1
       283   3.090269e+08  1.628849e+08  8.699640e+02   3401943   1
       284   1.755965e+08  1.629333e+08  8.741990e+02   3413964   1
       285   2.316811e+08  1.630443e+08  8.784180e+02   3425985   1
       286   2.820287e+08  1.631289e+08  8.826530e+02   3438006   1
       287   5.412634e+08  1.632133e+08  8.869180e+02   3450027   1
       288   3.758008e+08  1.632666e+08  8.911690e+02   3462048   1
       289   1.911070e+08  1.633554e+08  8.954500e+02   3474069   1
       290   1.820347e+08  1.634112e+08  8.997180e+02   3486090   1
       291   6.792701e+08  1.634617e+08  9.039670e+02   3498111   1
       292   3.898870e+08  1.636021e+08  9.082330e+02   3510132   1
       293   3.808303e+08  1.636022e+08  9.125300e+02   3522153   1
       294   1.050529e+09  1.637238e+08  9.168270e+02   3534174   1
       295   1.825606e+08  1.637752e+08  9.211090e+02   3546195   1
       296   2.395933e+08  1.638257e+08  9.254050e+02   3558216   1
       297   2.194362e+08  1.639132e+08  9.297500e+02   3570237   1
       298   3.775369e+08  1.640337e+08  9.340780e+02   3582258   1
       299   2.019046e+08  1.641435e+08  9.383910e+02   3594279   1
       300   1.918339e+08  1.643178e+08  9.426880e+02   3606300   1
       301   1.429806e+08  1.644744e+08  9.470320e+02   3618321   1
       302   1.826245e+08  1.646598e+08  9.513590e+02   3630342   1
       303   2.433755e+08  1.647133e+08  9.556720e+02   3642363   1
       304   1.525782e+08  1.649588e+08  9.600160e+02   3654384   1
       305   2.748247e+08  1.649618e+08  9.643750e+02   3666405   1
       306   1.699899e+08  1.651171e+08  9.686570e+02   3678426   1
       307   5.698262e+08  1.656905e+08  9.731250e+02   3690447   1
       308   2.334519e+08  1.656948e+08  9.774220e+02   3702468   1
       309   3.927126e+08  1.658860e+08  9.817350e+02   3714489   1
       310   1.681483e+08  1.660316e+08  9.861270e+02   3726510   1
       311   5.533170e+08  1.661391e+08  9.905180e+02   3738531   1
       312   2.400549e+08  1.661701e+08  9.949250e+02   3750552   1
       313   1.525247e+08  1.662527e+08  9.994410e+02   3762573   1
       314   8.628627e+08  1.662621e+08  1.003849e+03   3774594   1
       315   3.821325e+08  1.664361e+08  1.008303e+03   3786615   1
       316   4.285123e+08  1.665869e+08  1.012772e+03   3798636   1
       317   2.081199e+08  1.666967e+08  1.017164e+03   3810657   1
       318   1.591789e+08  1.668578e+08  1.021586e+03   3822678   1
       319   1.937353e+08  1.669765e+08  1.026008e+03   3834699   1
       320   1.810106e+08  1.670062e+08  1.030493e+03   3846720   1
       321   4.324950e+08  1.670936e+08  1.034946e+03   3858741   1
       322   2.201441e+08  1.670966e+08  1.039384e+03   3870762   1
       323   3.976420e+08  1.671657e+08  1.043853e+03   3882783   1
       324   3.916154e+08  1.671958e+08  1.048276e+03   3894804   1
       325   1.324202e+08  1.672043e+08  1.052776e+03   3906825   1
       326   1.576303e+08  1.672386e+08  1.057260e+03   3918846   1
       327   4.629497e+08  1.676321e+08  1.061761e+03   3930867   1
       328   4.347458e+08  1.677660e+08  1.066229e+03   3942888   1
       329   2.877804e+08  1.678217e+08  1.070682e+03   3954909   1
       330   1.703748e+08  1.679149e+08  1.075183e+03   3966930   1
       331   1.770733e+08  1.679577e+08  1.079651e+03   3978951   1
       332   1.459634e+08  1.680721e+08  1.084120e+03   3990972   1
       333   8.345750e+08  1.683326e+08  1.088607e+03   4002993   1
       334   3.165620e+08  1.684935e+08  1.093170e+03   4015014   1
       335   2.763361e+08  1.685686e+08  1.097686e+03   4027035   1
       336   2.083646e+08  1.687495e+08  1.102186e+03   4039056   1
       337   2.087334e+08  1.688045e+08  1.106688e+03   4051077   1
       338   6.107277e+08  1.690209e+08  1.111236e+03   4063098   1
       339   2.167979e+08  1.691694e+08  1.115784e+03   4075119   1
       340   1.957179e+08  1.693871e+08  1.120346e+03   4087140   1
       341   1.231822e+08  1.694692e+08  1.124957e+03   4099161   1
       342   7.848302e+08  1.695523e+08  1.129566e+03   4111182   1
       343   1.713365e+08  1.696644e+08  1.134115e+03   4123203   1
       344   2.688279e+08  1.697353e+08  1.138726e+03   4135224   1
       345   2.922731e+08  1.698391e+08  1.143383e+03   4147245   1
       346   3.059688e+08  1.699095e+08  1.147977e+03   4159266   1
       347   3.544166e+08  1.700330e+08  1.152634e+03   4171287   1
       348   2.310774e+08  1.702867e+08  1.157259e+03   4183308   1
       349   2.091423e+08  1.704533e+08  1.161868e+03   4195329   1
       350   2.455352e+08  1.704559e+08  1.166493e+03   4207350   1
       351   3.592101e+08  1.705696e+08  1.171150e+03   4219371   1
       352   2.589802e+08  1.706357e+08  1.175775e+03   4231392   1
       353   1.629956e+08  1.707196e+08  1.180384e+03   4243413   1
       354   2.091513e+08  1.707247e+08  1.184978e+03   4255434   1
       355   1.668732e+08  1.708938e+08  1.189635e+03   4267455   1
       356   2.209293e+08  1.709427e+08  1.194325e+03   4279476   1
       357   1.568782e+08  1.710194e+08  1.199059e+03   4291497   1
       358   1.970942e+08  1.710761e+08  1.203700e+03   4303518   1
       359   1.369919e+08  1.712195e+08  1.208312e+03   4315539   1
       360   2.726468e+08  1.712467e+08  1.213078e+03   4327560   1
       361   2.158758e+08  1.712842e+08  1.217688e+03   4339581   1
       362   1.533255e+08  1.713324e+08  1.222297e+03   4351602   1
       363   1.641222e+08  1.714763e+08  1.226985e+03   4363623   1
       364   3.133481e+08  1.716170e+08  1.231751e+03   4375644   1
       365   1.985574e+08  1.716589e+08  1.236520e+03   4387665   1
       366   2.895652e+08  1.717194e+08  1.241176e+03   4399686   1
       367   1.984994e+08  1.718041e+08  1.245770e+03   4411707   1
       368   2.977580e+08  1.719078e+08  1.250433e+03   4423728   1
       369   2.812296e+08  1.719993e+08  1.255102e+03   4435749   1
       370   2.415811e+08  1.720707e+08  1.259743e+03   4447770   1
       371   3.343350e+08  1.721914e+08  1.264416e+03   4459791   1
       372   3.102932e+08  1.722913e+08  1.269134e+03   4471812   1
       373   1.807372e+08  1.723879e+08  1.273759e+03   4483833   1
       374   1.396785e+08  1.724922e+08  1.278415e+03   4495854   1
       375   1.918667e+08  1.725767e+08  1.283103e+03   4507875   1
       376   1.200704e+08  1.726629e+08  1.287666e+03   4519896   1
       377   1.954703e+08  1.726635e+08  1.292337e+03   4531917   1
       378   2.334582e+08  1.727573e+08  1.297041e+03   4543938   1
       379   1.604782e+08  1.728632e+08  1.301605e+03   4555959   1
       380   2.325648e+08  1.730024e+08  1.306309e+03   4567980   1
       381   2.841050e+08  1.730887e+08  1.311000e+03   4580001   1
       382   2.616245e+08  1.731307e+08  1.315749e+03   4592022   1
       383   2.826781e+08  1.731542e+08  1.320484e+03   4604043   1
       384   2.555283e+08  1.732498e+08  1.325251e+03   4616064   1
       385   2.592075e+08  1.732941e+08  1.329970e+03   4628085   1
       386   3.149419e+08  1.732942e+08  1.334736e+03   4640106   1
       387   3.105072e+08  1.733666e+08  1.339425e+03   4652127   1
       388   3.500654e+08  1.734607e+08  1.344082e+03   4664148   1
       389   2.415584e+08  1.735389e+08  1.348800e+03   4676169   1
       390   2.752174e+08  1.736097e+08  1.353536e+03   4688190   1
       391   2.114700e+08  1.736771e+08  1.358224e+03   4700211   1
       392   4.456575e+08  1.737140e+08  1.363006e+03   4712232   1
       393   1.787532e+08  1.738432e+08  1.367742e+03   4724253   1
       394   3.511515e+08  1.738477e+08  1.372508e+03   4736274   1
       395   3.478950e+08  1.739467e+08  1.377164e+03   4748295   1
       396   1.163036e+08  1.740077e+08  1.381852e+03   4760316   1
       397   1.843583e+08  1.740121e+08  1.386679e+03   4772337   1
       398   1.659826e+08  1.741541e+08  1.391461e+03   4784358   1
       399   2.105700e+08  1.742043e+08  1.396242e+03   4796379   1
       400   1.724925e+08  1.743310e+08  1.401038e+03   4808400   1
       401   1.307571e+08  1.745471e+08  1.405851e+03   4820421   1
       402   4.337276e+08  1.745642e+08  1.410695e+03   4832442   1
       403   5.072615e+08  1.746932e+08  1.415538e+03   4844463   1
       404   3.864090e+08  1.747340e+08  1.420413e+03   4856484   1
       405   4.712018e+08  1.747566e+08  1.425289e+03   4868505   1
       406   1.590218e+08  1.748291e+08  1.430086e+03   4880526   1
       407   1.992058e+08  1.750037e+08  1.434976e+03   4892547   1
       408   4.234365e+08  1.750735e+08  1.439789e+03   4904568   1
       409   6.264999e+08  1.751801e+08  1.444664e+03   4916589   1
       410   3.096744e+08  1.752031e+08  1.449524e+03   4928610   1
       411   2.156130e+08  1.752540e+08  1.454447e+03   4940631   1
       412   3.574926e+08  1.753080e+08  1.459291e+03   4952652   1
       413   2.500914e+08  1.753442e+08  1.464229e+03   4964673   1
       414   2.016038e+08  1.753709e+08  1.469137e+03   4976694   1
       415   4.228083e+08  1.753996e+08  1.474137e+03   4988715   1
       416   1.741282e+08  1.754714e+08  1.479046e+03   5000736   1
       417   1.981406e+08  1.754943e+08  1.483906e+03   5012757   1
       418   1.902352e+08  1.755429e+08  1.488827e+03   5024778   1
       419   1.671829e+08  1.755609e+08  1.493750e+03   5036799   1
       420   1.838302e+08  1.756270e+08  1.498627e+03   5048820   1
       421   2.857738e+08  1.756619e+08  1.503611e+03   5060841   1
       422   4.077863e+08  1.756779e+08  1.508565e+03   5072862   1
       423   2.373386e+08  1.757353e+08  1.513472e+03   5084883   1
       424   2.125800e+08  1.758134e+08  1.518440e+03   5096904   1
       425   1.376786e+08  1.758364e+08  1.523347e+03   5108925   1
       426   2.215057e+08  1.759002e+08  1.528331e+03   5120946   1
       427   1.667168e+08  1.759031e+08  1.533284e+03   5132967   1
       428   7.640276e+08  1.759307e+08  1.538284e+03   5144988   1
       429   1.915268e+08  1.759452e+08  1.543222e+03   5157009   1
       430   1.912123e+08  1.760185e+08  1.548067e+03   5169030   1
       431   3.324762e+08  1.760277e+08  1.553162e+03   5181051   1
       432   1.623853e+08  1.760791e+08  1.558100e+03   5193072   1
       433   2.280562e+08  1.761844e+08  1.563147e+03   5205093   1
       434   2.812435e+08  1.762734e+08  1.568179e+03   5217114   1
       435   1.923316e+08  1.763334e+08  1.573149e+03   5229135   1
       436   1.880236e+08  1.763410e+08  1.578117e+03   5241156   1
       437   3.298680e+08  1.765803e+08  1.583102e+03   5253177   1
       438   3.444999e+08  1.765883e+08  1.588181e+03   5265198   1
       439   3.268642e+08  1.766255e+08  1.593181e+03   5277219   1
       440   1.862196e+08  1.767439e+08  1.598181e+03   5289240   1
       441   1.736469e+08  1.767893e+08  1.603260e+03   5301261   1
       442   2.182879e+08  1.768457e+08  1.608322e+03   5313282   1
       443   2.074801e+08  1.769070e+08  1.613385e+03   5325303   1
       444   2.523477e+08  1.769429e+08  1.618449e+03   5337324   1
       445   2.310703e+08  1.769559e+08  1.623590e+03   5349345   1
       446   1.860829e+08  1.770291e+08  1.628575e+03   5361366   1
       447   2.237650e+08  1.771026e+08  1.633685e+03   5373387   1
       448   1.085528e+08  1.771585e+08  1.638778e+03   5385408   1
       449   5.361940e+08  1.772120e+08  1.643857e+03   5397429   1
       450   1.647488e+08  1.772390e+08  1.649001e+03   5409450   1
       451   2.574893e+08  1.773498e+08  1.654142e+03   5421471   1
       452   2.660951e+08  1.774460e+08  1.659252e+03   5433492   1
       453   2.514448e+08  1.775063e+08  1.664393e+03   5445513   1
       454   2.365112e+08  1.775830e+08  1.669565e+03   5457534   1
       455   2.814293e+08  1.775966e+08  1.674737e+03   5469555   1
       456   5.508844e+08  1.776215e+08  1.679924e+03   5481576   1
       457   3.996324e+08  1.776853e+08  1.685097e+03   5493597   1
       458   1.651697e+08  1.777074e+08  1.690207e+03   5505618   1
       459   2.580117e+08  1.778284e+08  1.695395e+03   5517639   1
       460   1.971000e+08  1.780204e+08  1.700630e+03   5529660   1
       461   3.948411e+08  1.780700e+08  1.705680e+03   5541681   1
       462   4.769275e+08  1.781458e+08  1.710851e+03   5553702   1
       463   1.727496e+08  1.782680e+08  1.716118e+03   5565723   1
       464   1.748868e+08  1.783315e+08  1.721353e+03   5577744   1
       465   3.984620e+08  1.785552e+08  1.726634e+03   5589765   1
       466   4.293996e+08  1.785937e+08  1.731838e+03   5601786   1
       467   2.986470e+08  1.786944e+08  1.737061e+03   5613807   1
       468   6.435334e+08  1.787761e+08  1.742280e+03   5625828   1
       469   1.574861e+08  1.788259e+08  1.747531e+03   5637849   1
       470   2.324397e+08  1.789183e+08  1.752843e+03   5649870   1
       471   1.531008e+08  1.790203e+08  1.758125e+03   5661891   1
       472   1.367263e+08  1.791014e+08  1.763312e+03   5673912   1
       473   1.752464e+08  1.792225e+08  1.768453e+03   5685933   1
       474   2.172507e+08  1.792476e+08  1.773719e+03   5697954   1
       475   2.167733e+08  1.792893e+08  1.778955e+03   5709975   1
       476   1.834453e+08  1.793092e+08  1.784252e+03   5721996   1
       477   2.362936e+08  1.793451e+08  1.789550e+03   5734017   1
       478   4.148189e+08  1.794442e+08  1.794927e+03   5746038   1
       479   4.910355e+08  1.794778e+08  1.800208e+03   5758059   1
       480   1.963901e+08  1.795190e+08  1.805583e+03   5770080   1
       481   3.643965e+08  1.796538e+08  1.810974e+03   5782101   1
       482   4.222535e+08  1.796703e+08  1.816365e+03   5794122   1
       483   1.375715e+08  1.797854e+08  1.821739e+03   5806143   1
       484   3.792339e+08  1.798112e+08  1.826989e+03   5818164   1
       485   2.432728e+08  1.798594e+08  1.832286e+03   5830185   1
       486   2.059078e+08  1.798724e+08  1.837662e+03   5842206   1
       487   1.852628e+08  1.798780e+08  1.843021e+03   5854227   1
       488   1.902969e+08  1.798935e+08  1.848380e+03   5866248   1
       489   2.486716e+08  1.799294e+08  1.853772e+03   5878269   1
       490   2.046415e+08  1.799605e+08  1.859179e+03   5890290   1
       491   2.995156e+08  1.800284e+08  1.864508e+03   5902311   1
       492   1.875109e+08  1.800685e+08  1.869853e+03   5914332   1
       493   1.880595e+08  1.801469e+08  1.875275e+03   5926353   1
       494   4.172557e+08  1.802001e+08  1.880666e+03   5938374   1
       495   2.734468e+08  1.802514e+08  1.886072e+03   5950395   1
       496   2.278612e+08  1.803609e+08  1.891496e+03   5962416   1
       497   1.642336e+08  1.803907e+08  1.896982e+03   5974437   1
       498   2.279636e+08  1.804259e+08  1.902419e+03   5986458   1
       499   1.972292e+08  1.804544e+08  1.907795e+03   5998479   1
       500   4.348339e+08  1.805325e+08  1.913328e+03   6010500   1
       501   4.559660e+08  1.805354e+08  1.918720e+03   6022521   1
       502   3.350542e+08  1.805849e+08  1.924173e+03   6034542   1
       503   2.231308e+08  1.806211e+08  1.929704e+03   6046563   1
       504   2.159273e+08  1.808067e+08  1.935127e+03   6058584   1
       505   2.401810e+08  1.808914e+08  1.940581e+03   6070605   1
       506   2.842136e+08  1.809549e+08  1.946050e+03   6082626   1
       507   1.325043e+08  1.810275e+08  1.951535e+03   6094647   1
       508   8.344556e+08  1.810857e+08  1.957083e+03   6106668   1
       509   6.124050e+08  1.812602e+08  1.962615e+03   6118689   1
       510   3.609164e+08  1.813312e+08  1.968178e+03   6130710   1
       511   4.919435e+08  1.813898e+08  1.973709e+03   6142731   1
       512   3.049113e+08  1.814417e+08  1.979178e+03   6154752   1
       513   2.256632e+08  1.814837e+08  1.984772e+03   6166773   1
       514   1.421628e+08  1.815585e+08  1.990319e+03   6178794   1
       515   2.958814e+08  1.816388e+08  1.995881e+03   6190815   1
       516   2.102239e+08  1.816759e+08  2.001398e+03   6202836   1
       517   1.919806e+08  1.817380e+08  2.006882e+03   6214857   1
       518   3.076624e+08  1.818361e+08  2.012476e+03   6226878   1
       519   2.926093e+08  1.818362e+08  2.018116e+03   6238899   1
       520   2.975991e+08  1.818642e+08  2.023774e+03   6250920   1
       521   1.987624e+08  1.818981e+08  2.029401e+03   6262941   1
       522   2.222775e+08  1.820036e+08  2.035057e+03   6274962   1
       523   4.238204e+08  1.820135e+08  2.040604e+03   6286983   1
       524   2.058050e+08  1.821043e+08  2.046230e+03   6299004   1
       525   1.541814e+08  1.821055e+08  2.051840e+03   6311025   1
       526   1.799120e+08  1.821759e+08  2.057356e+03   6323046   1
       527   2.041165e+08  1.821771e+08  2.062934e+03   6335067   1
       528   2.236590e+08  1.822241e+08  2.068590e+03   6347088   1
       529   2.220055e+08  1.822290e+08  2.074218e+03   6359109   1
       530   2.202324e+08  1.823191e+08  2.079843e+03   6371130   1
       531   2.626489e+08  1.823633e+08  2.085532e+03   6383151   1
       532   1.528921e+08  1.824138e+08  2.091157e+03   6395172   1
       533   6.211859e+08  1.825415e+08  2.096798e+03   6407193   1
       534   2.212517e+08  1.825936e+08  2.102457e+03   6419214   1
       535   5.088520e+08  1.826091e+08  2.108081e+03   6431235   1
       536   4.352944e+08  1.826824e+08  2.113691e+03   6443256   1
       537   1.523809e+08  1.827014e+08  2.119396e+03   6455277   1
       538   3.316877e+08  1.827245e+08  2.125130e+03   6467298   1
       539   2.023857e+08  1.827635e+08  2.130833e+03   6479319   1
       540   3.306998e+08  1.827713e+08  2.136490e+03   6491340   1
       541   1.943568e+08  1.827875e+08  2.142177e+03   6503361   1
       542   3.250169e+08  1.828185e+08  2.147898e+03   6515382   1
       543   1.015482e+08  1.829048e+08  2.153540e+03   6527403   1
       544   4.346184e+08  1.829290e+08  2.159214e+03   6539424   1
       545   5.573175e+08  1.829491e+08  2.164981e+03   6551445   1
       546   2.106119e+08  1.829726e+08  2.170716e+03   6563466   1
       547   3.846773e+08  1.830485e+08  2.176513e+03   6575487   1
       548   3.221184e+08  1.830778e+08  2.182216e+03   6587508   1
       549   2.505526e+08  1.831337e+08  2.187919e+03   6599529   1
       550   3.868082e+08  1.831745e+08  2.193763e+03   6611550   1
       551   1.111674e+08  1.832129e+08  2.199419e+03   6623571   1
       552   1.912948e+08  1.832851e+08  2.205139e+03   6635592   1
       553   1.551114e+08  1.833430e+08  2.210936e+03   6647613   1
       554   2.735260e+08  1.834011e+08  2.216702e+03   6659634   1
       555   1.656334e+08  1.834446e+08  2.222437e+03   6671655   1
       556   2.020327e+08  1.835607e+08  2.228235e+03   6683676   1
       557   2.381275e+08  1.835771e+08  2.234095e+03   6695697   1
       558   1.871236e+08  1.836028e+08  2.239970e+03   6707718   1
       559   1.991579e+08  1.836477e+08  2.245829e+03   6719739   1
       560   2.016393e+08  1.837075e+08  2.251596e+03   6731760   1
       561   2.889258e+08  1.837759e+08  2.257471e+03   6743781   1
       562   3.953382e+08  1.838928e+08  2.263283e+03   6755802   1
       563   3.090604e+08  1.839394e+08  2.269113e+03   6767823   1
       564   3.327603e+08  1.840549e+08  2.274988e+03   6779844   1
       565   3.192257e+08  1.840800e+08  2.280803e+03   6791865   1
       566   4.085119e+08  1.841506e+08  2.286647e+03   6803886   1
       567   2.849553e+08  1.841674e+08  2.292572e+03   6815907   1
       568   1.909502e+08  1.841915e+08  2.298463e+03   6827928   1
       569   3.689498e+08  1.842047e+08  2.304337e+03   6839949   1
       570   1.651320e+08  1.842213e+08  2.310199e+03   6851970   1
       571   3.258478e+08  1.842692e+08  2.316090e+03   6863991   1
       572   1.821584e+08  1.842752e+08  2.322030e+03   6876012   1
       573   2.222128e+08  1.842840e+08  2.327983e+03   6888033   1
       574   1.773568e+08  1.843165e+08  2.333936e+03   6900054   1
       575   3.953152e+08  1.844272e+08  2.339878e+03   6912075   1
       576   2.757389e+08  1.845154e+08  2.345846e+03   6924096   1
       577   2.476465e+08  1.845430e+08  2.351834e+03   6936117   1
       578   2.345820e+08  1.845919e+08  2.357850e+03   6948138   1
       579   2.066469e+08  1.845990e+08  2.363849e+03   6960159   1
       580   1.725429e+08  1.846726e+08  2.369787e+03   6972180   1
       581   1.621932e+08  1.846952e+08  2.375818e+03   6984201   1
       582   4.869568e+08  1.847241e+08  2.381805e+03   6996222   1
       583   3.559725e+08  1.847628e+08  2.387758e+03   7008243   1
       584   1.179130e+09  1.847991e+08  2.393680e+03   7020264   1
       585   2.203831e+08  1.848140e+08  2.399649e+03   7032285   1
       586   2.455080e+08  1.848325e+08  2.405711e+03   7044306   1
       587   5.216404e+08  1.848528e+08  2.411791e+03   7056327   1
       588   1.925660e+08  1.849230e+08  2.417775e+03   7068348   1
       589   2.300233e+08  1.849390e+08  2.423791e+03   7080369   1
       590   3.455688e+08  1.850540e+08  2.429884e+03   7092390   1
       591   2.885868e+08  1.851015e+08  2.435837e+03   7104411   1
       592   2.410690e+08  1.851124e+08  2.441872e+03   7116432   1
       593   3.479291e+08  1.852751e+08  2.447919e+03   7128453   1
       594   1.692885e+08  1.852926e+08  2.453891e+03   7140474   1
       595   4.896634e+08  1.853566e+08  2.459969e+03   7152495   1
       596   6.815696e+08  1.854714e+08  2.466031e+03   7164516   1
       597   2.882751e+08  1.855495e+08  2.472142e+03   7176537   1
       598   2.978932e+08  1.855876e+08  2.478236e+03   7188558   1
       599   3.640172e+08  1.856451e+08  2.484269e+03   7200579   1
       600   2.740559e+08  1.856831e+08  2.490347e+03   7212600   1
       601   3.993251e+08  1.857800e+08  2.496488e+03   7224621   1
       602   3.352016e+08  1.858011e+08  2.502628e+03   7236642   1
       603   2.649320e+08  1.858124e+08  2.508832e+03   7248663   1
       604   4.473409e+08  1.858252e+08  2.514929e+03   7260684   1
       605   2.399059e+08  1.858836e+08  2.521054e+03   7272705   1
       606   2.250384e+08  1.858961e+08  2.527194e+03   7284726   1
       607   2.217109e+08  1.859463e+08  2.533444e+03   7296747   1
       608   4.739978e+08  1.859931e+08  2.539663e+03   7308768   1
       609   5.462185e+08  1.860885e+08  2.545897e+03   7320789   1
       610   6.447888e+08  1.861136e+08  2.552055e+03   7332810   1
       611   3.388089e+08  1.861241e+08  2.558247e+03   7344831   1
       612   3.832333e+08  1.861515e+08  2.564373e+03   7356852   1
       613   2.213172e+08  1.862069e+08  2.570576e+03   7368873   1
       614   1.321419e+08  1.862375e+08  2.576857e+03   7380894   1
       615   3.566634e+08  1.862957e+08  2.583061e+03   7392915   1
       616   2.081446e+08  1.864178e+08  2.589312e+03   7404936   1
       617   4.631019e+08  1.865004e+08  2.595452e+03   7416957   1
       618   4.505128e+08  1.865169e+08  2.601706e+03   7428978   1
       619   2.425584e+08  1.865630e+08  2.607971e+03   7440999   1
       620   2.673835e+08  1.866017e+08  2.614237e+03   7453020   1
       621   2.364118e+08  1.866318e+08  2.620518e+03   7465041   1
       622   2.053565e+08  1.866536e+08  2.626785e+03   7477062   1
       623   3.624499e+08  1.866720e+08  2.633052e+03   7489083   1
       624   2.603598e+08  1.867356e+08  2.639335e+03   7501104   1
       625   2.036381e+08  1.867597e+08  2.645539e+03   7513125   1
       626   1.333450e+08  1.868221e+08  2.651851e+03   7525146   1
       627   2.456482e+08  1.868602e+08  2.658133e+03   7537167   1
       628   2.046732e+08  1.869103e+08  2.664337e+03   7549188   1
       629   2.716365e+08  1.869333e+08  2.670571e+03   7561209   1
       630   2.858775e+08  1.869840e+08  2.676745e+03   7573230   1
       631   2.924851e+08  1.870388e+08  2.682979e+03   7585251   1
       632   4.999424e+08  1.870613e+08  2.689308e+03   7597272   1
       633   2.024488e+08  1.871337e+08  2.695638e+03   7609293   1
       634   1.725020e+08  1.871563e+08  2.701967e+03   7621314   1
       635   1.770409e+08  1.871602e+08  2.708264e+03   7633335   1
       636   5.137699e+08  1.872358e+08  2.714593e+03   7645356   1
       637   1.403692e+08  1.872577e+08  2.720891e+03   7657377   1
       638   1.827697e+08  1.872892e+08  2.727157e+03   7669398   1
       639   1.729126e+08  1.873639e+08  2.733581e+03   7681419   1
       640   3.033059e+08  1.874049e+08  2.739955e+03   7693440   1
       641   2.014664e+08  1.874389e+08  2.746427e+03   7705461   1
       642   4.593684e+08  1.874857e+08  2.752911e+03   7717482   1
       643   2.321335e+08  1.876574e+08  2.759239e+03   7729503   1
       644   2.517568e+08  1.877133e+08  2.765662e+03   7741524   1
       645   1.632588e+08  1.877227e+08  2.771959e+03   7753545   1
       646   4.229458e+08  1.877524e+08  2.778430e+03   7765566   1
       647   2.591173e+08  1.877754e+08  2.784680e+03   7777587   1
       648   1.288812e+08  1.877863e+08  2.791009e+03   7789608   1
       649   3.726408e+08  1.878474e+08  2.797415e+03   7801629   1
       650   1.526609e+08  1.878844e+08  2.803869e+03   7813650   1
       651   2.053016e+08  1.879230e+08  2.810353e+03   7825671   1
       652   3.544117e+08  1.879695e+08  2.816822e+03   7837692   1
       653   1.557519e+08  1.879760e+08  2.823276e+03   7849713   1
       654   3.364863e+08  1.880085e+08  2.829682e+03   7861734   1
       655   1.864287e+08  1.880370e+08  2.836168e+03   7873755   1
       656   2.026118e+08  1.880942e+08  2.842715e+03   7885776   1
       657   2.143039e+08  1.880999e+08  2.849246e+03   7897797   1
       658   3.033554e+08  1.881359e+08  2.855793e+03   7909818   1
       659   1.808490e+08  1.881610e+08  2.862263e+03   7921839   1
       660   1.647932e+08  1.882490e+08  2.868716e+03   7933860   1
       661   5.489527e+08  1.883105e+08  2.875217e+03   7945881   1
       662   2.917414e+08  1.883220e+08  2.881734e+03   7957902   1
       663   1.728225e+08  1.883443e+08  2.888281e+03   7969923   1
       664   1.670233e+08  1.883787e+08  2.894750e+03   7981944   1
       665   4.637701e+08  1.884042e+08  2.901127e+03   7993965   1
       666   1.719808e+08  1.884808e+08  2.907658e+03   8005986   1
       667   1.509068e+08  1.885349e+08  2.914065e+03   8018007   1
       668   1.610474e+08  1.885564e+08  2.920661e+03   8030028   1
       669   2.094218e+08  1.885959e+08  2.927303e+03   8042049   1
       670   3.377559e+08  1.886157e+08  2.933851e+03   8054070   1
       671   3.313091e+08  1.886365e+08  2.940429e+03   8066091   1
       672   3.719458e+08  1.886725e+08  2.946960e+03   8078112   1
       673   2.430128e+08  1.886729e+08  2.953556e+03   8090133   1
       674   1.708710e+08  1.887548e+08  2.959946e+03   8102154   1
       675   2.423967e+08  1.887777e+08  2.966556e+03   8114175   1
       676   2.678649e+08  1.888097e+08  2.973198e+03   8126196   1
       677   2.246067e+08  1.888337e+08  2.979744e+03   8138217   1
       678   2.425320e+08  1.888523e+08  2.986385e+03   8150238   1
       679   5.202388e+08  1.889421e+08  2.992949e+03   8162259   1
       680   1.917421e+08  1.891396e+08  2.999577e+03   8174280   1
       681   2.642489e+08  1.891671e+08  3.006187e+03   8186301   1
       682   1.630829e+08  1.891952e+08  3.012815e+03   8198322   1
       683   6.145289e+08  1.892424e+08  3.019425e+03   8210343   1
       684   4.451885e+08  1.892745e+08  3.026051e+03   8222364   1
       685   4.035127e+08  1.893207e+08  3.032708e+03   8234385   1
       686   2.447850e+08  1.893816e+08  3.039443e+03   8246406   1
       687   1.880865e+08  1.894374e+08  3.046052e+03   8258427   1
       688   1.770548e+08  1.895149e+08  3.052724e+03   8270448   1
       689   1.816823e+08  1.895537e+08  3.059474e+03   8282469   1
       690   3.482186e+08  1.895757e+08  3.066273e+03   8294490   1
       691   2.119208e+08  1.896325e+08  3.072915e+03   8306511   1
       692   1.406024e+08  1.896541e+08  3.079559e+03   8318532   1
       693   2.565100e+08  1.896643e+08  3.086295e+03   8330553   1
       694   1.825962e+08  1.898198e+08  3.093047e+03   8342574   1
       695   6.529909e+08  1.898619e+08  3.099765e+03   8354595   1
       696   1.958945e+08  1.899215e+08  3.106500e+03   8366616   1
       697   2.024361e+08  1.899839e+08  3.113252e+03   8378637   1
       698   2.323453e+08  1.900052e+08  3.120018e+03   8390658   1
       699   3.497613e+08  1.900499e+08  3.126754e+03   8402679   1
       700   1.277607e+08  1.901898e+08  3.133410e+03   8414700   1
       701   1.801092e+08  1.902744e+08  3.140192e+03   8426721   1
       702   3.873229e+08  1.902993e+08  3.147006e+03   8438742   1
       703   3.387088e+08  1.903585e+08  3.153867e+03   8450763   1
       704   2.417382e+08  1.903782e+08  3.160634e+03   8462784   1
       705   3.255903e+08  1.904452e+08  3.167415e+03   8474805   1
       706   2.252826e+08  1.904874e+08  3.174306e+03   8486826   1
       707   2.051826e+08  1.905315e+08  3.181119e+03   8498847   1
       708   1.347487e+08  1.905789e+08  3.187994e+03   8510868   1
       709   1.196826e+08  1.907031e+08  3.194778e+03   8522889   1
       710   2.651518e+08  1.907305e+08  3.201624e+03   8534910   1
       711   5.434076e+08  1.907925e+08  3.208469e+03   8546931   1
       712   2.396863e+08  1.908264e+08  3.215313e+03   8558952   1
       713   2.528042e+08  1.908285e+08  3.222142e+03   8570973   1
       714   2.564373e+08  1.908457e+08  3.228986e+03   8582994   1
       715   2.690530e+08  1.908648e+08  3.235799e+03   8595015   1
       716   3.314914e+08  1.909540e+08  3.242644e+03   8607036   1
       717   2.018075e+08  1.909611e+08  3.249519e+03   8619057   1
       718   2.041783e+08  1.910727e+08  3.256379e+03   8631078   1
       719   5.351426e+08  1.911502e+08  3.263208e+03   8643099   1
       720   4.891359e+08  1.911685e+08  3.270069e+03   8655120   1
       721   1.880959e+08  1.912294e+08  3.276898e+03   8667141   1
       722   1.498708e+08  1.912545e+08  3.283741e+03   8679162   1
       723   4.466542e+08  1.912696e+08  3.290679e+03   8691183   1
       724   2.224799e+08  1.912907e+08  3.297648e+03   8703204   1
       725   2.550331e+08  1.913286e+08  3.304556e+03   8715225   1
       726   1.997751e+08  1.913961e+08  3.311509e+03   8727246   1
       727   1.638481e+08  1.914372e+08  3.318433e+03   8739267   1
       728   4.005624e+08  1.914550e+08  3.325339e+03   8751288   1
       729   2.211455e+08  1.914984e+08  3.332277e+03   8763309   1
       730   2.340032e+08  1.915255e+08  3.339122e+03   8775330   1
       731   2.144378e+08  1.915487e+08  3.346029e+03   8787351   1
       732   2.030765e+08  1.915933e+08  3.352953e+03   8799372   1
       733   1.890517e+08  1.916138e+08  3.360016e+03   8811393   1
       734   2.029150e+08  1.916909e+08  3.367079e+03   8823414   1
       735   2.392800e+08  1.916930e+08  3.374064e+03   8835435   1
       736   5.556676e+08  1.917119e+08  3.381099e+03   8847456   1
       737   3.829106e+08  1.917383e+08  3.388100e+03   8859477   1
       738   2.636414e+08  1.917455e+08  3.395163e+03   8871498   1
       739   2.095636e+08  1.917716e+08  3.402132e+03   8883519   1
       740   1.742655e+08  1.918227e+08  3.409135e+03   8895540   1
       741   2.275916e+08  1.918296e+08  3.416103e+03   8907561   1
       742   1.757909e+08  1.918546e+08  3.423106e+03   8919582   1
       743   3.479966e+08  1.918771e+08  3.430058e+03   8931603   1
       744   2.020743e+08  1.918902e+08  3.437152e+03   8943624   1
       745   1.933037e+08  1.919352e+08  3.444310e+03   8955645   1
       746   2.493399e+08  1.919366e+08  3.451388e+03   8967666   1
       747   2.570587e+08  1.919920e+08  3.458420e+03   8979687   1
       748   2.063159e+08  1.920019e+08  3.465545e+03   8991708   1
       749   1.955967e+08  1.920347e+08  3.472608e+03   9003729   1
       750   2.723731e+08  1.920657e+08  3.479717e+03   9015750   1
       751   1.755668e+08  1.920834e+08  3.486842e+03   9027771   1
       752   8.589787e+08  1.921024e+08  3.493845e+03   9039792   1
       753   3.440180e+08  1.921362e+08  3.500956e+03   9051813   1
       754   2.360812e+08  1.921441e+08  3.508097e+03   9063834   1
       755   1.732905e+08  1.921524e+08  3.515208e+03   9075855   1
       756   6.782676e+08  1.921622e+08  3.522193e+03   9087876   1
       757   2.404250e+08  1.921640e+08  3.529302e+03   9099897   1
       758   1.781997e+08  1.921773e+08  3.536365e+03   9111918   1
       759   2.693181e+08  1.922089e+08  3.543525e+03   9123939   1
       760   1.519267e+08  1.922120e+08  3.550682e+03   9135960   1
       761   1.254999e+08  1.922379e+08  3.557776e+03   9147981   1
       762   2.193377e+08  1.922458e+08  3.564917e+03   9160002   1
       763   1.881670e+08  1.922617e+08  3.572185e+03   9172023   1
       764   3.536525e+08  1.922817e+08  3.579278e+03   9184044   1
       765   2.677414e+08  1.922862e+08  3.586451e+03   9196065   1
       766   2.341440e+08  1.923306e+08  3.593579e+03   9208086   1
       767   1.642624e+08  1.923354e+08  3.600658e+03   9220107   1
       768   2.987820e+08  1.923578e+08  3.607817e+03   9232128   1
       769   5.654787e+08  1.923694e+08  3.615068e+03   9244149   1
       770   1.388385e+08  1.924313e+08  3.622240e+03   9256170   1
       771   1.944778e+08  1.924865e+08  3.629569e+03   9268191   1
       772   1.795927e+08  1.925080e+08  3.636740e+03   9280212   1
       773   1.761756e+08  1.925240e+08  3.644039e+03   9292233   1
       774   1.579647e+08  1.925638e+08  3.651321e+03   9304254   1
       775   4.208244e+08  1.925773e+08  3.658652e+03   9316275   1
       776   4.306807e+08  1.926116e+08  3.665870e+03   9328296   1
       777   3.341063e+08  1.926709e+08  3.673137e+03   9340317   1
       778   4.757173e+08  1.926778e+08  3.680560e+03   9352338   1
       779   2.798770e+08  1.927069e+08  3.687905e+03   9364359   1
       780   1.699310e+08  1.927523e+08  3.695187e+03   9376380   1
       781   2.264652e+08  1.927812e+08  3.702486e+03   9388401   1
       782   3.613353e+08  1.928006e+08  3.709846e+03   9400422   1
       783   2.751289e+08  1.928159e+08  3.717080e+03   9412443   1
       784   2.572850e+08  1.928408e+08  3.724378e+03   9424464   1
       785   1.232343e+08  1.928684e+08  3.731754e+03   9436485   1
       786   2.252752e+08  1.928772e+08  3.739051e+03   9448506   1
       787   4.292118e+08  1.929572e+08  3.746303e+03   9460527   1
       788   1.260938e+08  1.929668e+08  3.753678e+03   9472548   1
       789   2.403178e+08  1.930185e+08  3.761086e+03   9484569   1
       790   6.419072e+08  1.930367e+08  3.768430e+03   9496590   1
       791   2.152615e+08  1.930691e+08  3.775806e+03   9508611   1
       792   3.402345e+08  1.930788e+08  3.783024e+03   9520632   1
       793   2.006856e+08  1.931730e+08  3.790415e+03   9532653   1
       794   5.716773e+08  1.932194e+08  3.797838e+03   9544674   1
       795   2.909942e+08  1.932657e+08  3.805199e+03   9556695   1
       796   6.060635e+08  1.932687e+08  3.812496e+03   9568716   1
       797   1.799372e+08  1.933184e+08  3.819950e+03   9580737   1
       798   4.417919e+08  1.933504e+08  3.827452e+03   9592758   1
       799   1.562520e+08  1.933596e+08  3.834736e+03   9604779   1
       800   2.443186e+08  1.933819e+08  3.842239e+03   9616800   1
       801   1.897478e+08  1.934373e+08  3.849678e+03   9628821   1
       802   1.488754e+08  1.934630e+08  3.857100e+03   9640842   1
       803   1.742188e+08  1.934880e+08  3.864587e+03   9652863   1
       804   2.521937e+08  1.935099e+08  3.872071e+03   9664884   1
       805   3.210848e+08  1.935324e+08  3.879604e+03   9676905   1
       806   1.730040e+08  1.935881e+08  3.887182e+03   9688926   1
       807   2.747716e+08  1.935979e+08  3.894747e+03   9700947   1
       808   3.335019e+08  1.936117e+08  3.902325e+03   9712968   1
       809   3.696539e+08  1.936479e+08  3.909875e+03   9724989   1
       810   2.150302e+08  1.936997e+08  3.917390e+03   9737010   1
       811   2.582554e+08  1.937679e+08  3.925204e+03   9749031   1
       812   2.899859e+08  1.938118e+08  3.933032e+03   9761052   1
       813   3.132341e+08  1.938502e+08  3.940705e+03   9773073   1
       814   2.366190e+08  1.938701e+08  3.948268e+03   9785094   1
       815   2.134055e+08  1.939306e+08  3.956112e+03   9797115   1
       816   3.673336e+08  1.939404e+08  3.963847e+03   9809136   1
       817   2.324221e+08  1.940183e+08  3.971738e+03   9821157   1
       818   1.898310e+08  1.940219e+08  3.979504e+03   9833178   1
       819   2.010616e+08  1.940920e+08  3.987301e+03   9845199   1
       820   5.224649e+08  1.941245e+08  3.995285e+03   9857220   1
       821   4.293869e+08  1.941246e+08  4.003035e+03   9869241   1
       822   2.277378e+08  1.942053e+08  4.010849e+03   9881262   1
       823   2.770689e+08  1.942156e+08  4.018771e+03   9893283   1
       824   3.668161e+08  1.942302e+08  4.026493e+03   9905304   1
       825   1.646801e+08  1.942859e+08  4.034338e+03   9917325   1
       826   2.183214e+08  1.943199e+08  4.042276e+03   9929346   1
       827   2.560187e+08  1.943436e+08  4.050121e+03   9941367   1
       828   5.985898e+08  1.944019e+08  4.057918e+03   9953388   1
       829   4.238764e+08  1.944264e+08  4.065793e+03   9965409   1
       830   4.098210e+08  1.944406e+08  4.073777e+03   9977430   1
       831   1.633123e+08  1.944578e+08  4.081638e+03   9989451   1
       832   5.739223e+08  1.945208e+08  4.089638e+03  10001472   1
       833   1.831591e+08  1.945284e+08  4.097622e+03  10013493   1
       834   1.605558e+08  1.945430e+08  4.105685e+03  10025514   1
       835   1.938953e+08  1.945543e+08  4.113452e+03  10037535   1
       836   2.529978e+08  1.945582e+08  4.121328e+03  10049556   1
       837   1.891669e+08  1.945636e+08  4.129344e+03  10061577   1
       838   2.324008e+08  1.945898e+08  4.137251e+03  10073598   1
       839   1.752301e+08  1.947582e+08  4.145267e+03  10085619   1
       840   3.607611e+08  1.947993e+08  4.153315e+03  10097640   1
       841   2.629568e+08  1.948266e+08  4.161268e+03  10109661   1
       842   3.388246e+08  1.948550e+08  4.169284e+03  10121682   1
       843   2.127425e+08  1.948810e+08  4.177347e+03  10133703   1
       844   2.006729e+08  1.949258e+08  4.185363e+03  10145724   1
       845   2.779879e+08  1.949500e+08  4.193379e+03  10157745   1
       846   1.889021e+08  1.949905e+08  4.201398e+03  10169766   1
       847   2.958171e+08  1.950258e+08  4.209258e+03  10181787   1
       848   1.890151e+08  1.950763e+08  4.217275e+03  10193808   1
       849   3.031038e+08  1.950817e+08  4.225416e+03  10205829   1
       850   3.579537e+08  1.951006e+08  4.233562e+03  10217850   1
       851   3.303953e+08  1.951219e+08  4.241593e+03  10229871   1
       852   2.241348e+08  1.951263e+08  4.249783e+03  10241892   1
       853   2.335619e+08  1.951719e+08  4.257941e+03  10253913   1
       854   3.030965e+08  1.951940e+08  4.266036e+03  10265934   1
       855   1.465164e+08  1.952097e+08  4.274101e+03  10277955   1
       856   1.720735e+08  1.952429e+08  4.282212e+03  10289976   1
       857   1.857644e+08  1.952648e+08  4.290293e+03  10301997   1
       858   4.286448e+08  1.953211e+08  4.298465e+03  10314018   1
       859   2.319707e+08  1.954268e+08  4.306561e+03  10326039   1
       860   1.756174e+08  1.954545e+08  4.314796e+03  10338060   1
       861   2.362294e+08  1.954587e+08  4.322985e+03  10350081   1
       862   2.325669e+08  1.954765e+08  4.331110e+03  10362102   1
       863   2.503021e+08  1.955017e+08  4.339282e+03  10374123   1
       864   3.138372e+08  1.955167e+08  4.347534e+03  10386144   1
       865   5.953327e+08  1.955235e+08  4.355770e+03  10398165   1
       866   4.464642e+08  1.955524e+08  4.364067e+03  10410186   1
       867   2.191631e+08  1.955563e+08  4.372270e+03  10422207   1
       868   4.849687e+08  1.956784e+08  4.380504e+03  10434228   1
       869   2.494971e+08  1.957217e+08  4.388804e+03  10446249   1
       870   1.740980e+08  1.957380e+08  4.396946e+03  10458270   1
       871   3.689395e+08  1.958216e+08  4.405211e+03  10470291   1
       872   2.676786e+08  1.958553e+08  4.413446e+03  10482312   1
       873   2.159471e+08  1.959365e+08  4.421806e+03  10494333   1
       874   2.503116e+08  1.959402e+08  4.430010e+03  10506354   1
       875   1.833465e+08  1.959533e+08  4.438263e+03  10518375   1
       876   1.857258e+08  1.959648e+08  4.446405e+03  10530396   1
       877   1.876841e+08  1.959920e+08  4.454608e+03  10542417   1
       878   1.527385e+08  1.960264e+08  4.462874e+03  10554438   1
       879   5.327523e+08  1.960281e+08  4.471187e+03  10566459   1
       880   2.862738e+08  1.960797e+08  4.479469e+03  10578480   1
       881   2.112901e+08  1.961322e+08  4.487845e+03  10590501   1
       882   1.865780e+08  1.961453e+08  4.496127e+03  10602522   1
       883   2.078645e+08  1.962251e+08  4.504580e+03  10614543   1
       884   2.011512e+08  1.962502e+08  4.512940e+03  10626564   1
       885   4.062645e+08  1.962571e+08  4.521239e+03  10638585   1
       886   2.220321e+08  1.962726e+08  4.529738e+03  10650606   1
       887   3.147958e+08  1.962951e+08  4.538162e+03  10662627   1
       888   6.810959e+08  1.963353e+08  4.546490e+03  10674648   1
       889   1.855148e+08  1.963469e+08  4.554883e+03  10686669   1
       890   2.372532e+08  1.963536e+08  4.563338e+03  10698690   1
       891   2.377969e+08  1.963910e+08  4.571728e+03  10710711   1
       892   1.608987e+08  1.964032e+08  4.580072e+03  10722732   1
       893   2.165898e+08  1.964290e+08  4.588385e+03  10734753   1
       894   3.343411e+08  1.965275e+08  4.596948e+03  10746774   1
       895   3.474621e+08  1.965488e+08  4.605495e+03  10758795   1
       896   4.063321e+08  1.965736e+08  4.614012e+03  10770816   1
       897   2.422656e+08  1.966042e+08  4.622420e+03  10782837   1
       898   2.234039e+08  1.966431e+08  4.630919e+03  10794858   1
       899   3.316217e+08  1.966668e+08  4.639358e+03  10806879   1
       900   3.119929e+08  1.966853e+08  4.647875e+03  10818900   1
       901   6.838926e+08  1.967063e+08  4.656375e+03  10830921   1
       902   8.465872e+08  1.967198e+08  4.664767e+03  10842942   1
       903   1.776338e+08  1.967412e+08  4.673362e+03  10854963   1
       904   1.978678e+08  1.967436e+08  4.681925e+03  10866984   1
       905   2.533430e+08  1.967496e+08  4.690597e+03  10879005   1
       906   3.340208e+08  1.967767e+08  4.699100e+03  10891026   1
       907   2.024577e+08  1.967903e+08  4.707679e+03  10903047   1
       908   3.081170e+08  1.968214e+08  4.716229e+03  10915068   1
       909   2.019604e+08  1.968344e+08  4.724854e+03  10927089   1
       910   2.405534e+08  1.968429e+08  4.733354e+03  10939110   1
       911   1.796118e+08  1.968740e+08  4.742027e+03  10951131   1
       912   1.458374e+08  1.968905e+08  4.750480e+03  10963152   1
       913   2.593541e+08  1.968956e+08  4.759077e+03  10975173   1
       914   2.960895e+08  1.969120e+08  4.767656e+03  10987194   1
       915   2.542643e+08  1.969299e+08  4.776376e+03  10999215   1
       916   2.250179e+08  1.969426e+08  4.785002e+03  11011236   1
       917   2.354030e+08  1.969671e+08  4.793502e+03  11023257   1
       918   1.865631e+08  1.969767e+08  4.802159e+03  11035278   1
       919   2.320806e+08  1.969887e+08  4.810846e+03  11047299   1
       920   2.333853e+08  1.970160e+08  4.819490e+03  11059320   1
       921   2.350935e+08  1.970402e+08  4.828194e+03  11071341   1
       922   2.539307e+08  1.970699e+08  4.836896e+03  11083362   1
       923   1.736544e+08  1.970784e+08  4.845663e+03  11095383   1
       924   3.029245e+08  1.970889e+08  4.854335e+03  11107404   1
       925   2.410179e+08  1.970978e+08  4.863043e+03  11119425   1
       926   3.587488e+08  1.970996e+08  4.871732e+03  11131446   1
       927   3.383433e+08  1.971148e+08  4.880357e+03  11143467   1
       928   2.977715e+08  1.971210e+08  4.888982e+03  11155488   1
       929   2.400788e+08  1.971548e+08  4.897717e+03  11167509   1
       930   2.895040e+08  1.971629e+08  4.906499e+03  11179530   1
       931   2.097712e+08  1.971640e+08  4.915296e+03  11191551   1
       932   1.867052e+08  1.971763e+08  4.924046e+03  11203572   1
       933   3.645623e+08  1.971900e+08  4.932860e+03  11215593   1
       934   1.822149e+08  1.972015e+08  4.941688e+03  11227614   1
       935   2.643929e+08  1.972434e+08  4.950628e+03  11239635   1
       936   4.708201e+08  1.972671e+08  4.959456e+03  11251656   1
       937   2.879472e+08  1.973110e+08  4.968347e+03  11263677   1
       938   2.347463e+08  1.973193e+08  4.977035e+03  11275698   1
       939   4.912576e+08  1.973302e+08  4.985754e+03  11287719   1
       940   3.240045e+08  1.973474e+08  4.994507e+03  11299740   1
       941   2.851664e+08  1.973547e+08  5.003289e+03  11311761   1
       942   2.257205e+08  1.973805e+08  5.012070e+03  11323782   1
       943   1.635151e+08  1.973846e+08  5.020913e+03  11335803   1
       944   2.193242e+08  1.973996e+08  5.029883e+03  11347824   1
       945   6.227763e+08  1.974671e+08  5.038571e+03  11359845   1
       946   2.325872e+08  1.974763e+08  5.047322e+03  11371866   1
       947   3.004181e+08  1.974848e+08  5.056307e+03  11383887   1
       948   1.925377e+08  1.974939e+08  5.065200e+03  11395908   1
       949   1.870209e+08  1.975260e+08  5.073968e+03  11407929   1
       950   3.067398e+08  1.975376e+08  5.082954e+03  11419950   1
       951   4.806427e+08  1.975796e+08  5.091876e+03  11431971   1
       952   1.891777e+08  1.975946e+08  5.100813e+03  11443992   1
       953   4.387493e+08  1.976348e+08  5.109861e+03  11456013   1
       954   3.262236e+08  1.976586e+08  5.118642e+03  11468034   1
       955   4.724378e+08  1.976792e+08  5.127347e+03  11480055   1
       956   2.181112e+08  1.976904e+08  5.136159e+03  11492076   1
       957   3.394007e+08  1.977013e+08  5.145175e+03  11504097   1
       958   1.881118e+08  1.977183e+08  5.154003e+03  11516118   1
       959   2.416744e+08  1.977301e+08  5.163018e+03  11528139   1
       960   1.670649e+08  1.977627e+08  5.171894e+03  11540160   1
       961   2.195775e+08  1.978060e+08  5.180972e+03  11552181   1
       962   2.041116e+08  1.978474e+08  5.189925e+03  11564202   1
       963   5.822796e+08  1.978618e+08  5.198893e+03  11576223   1
       964   3.325263e+08  1.978877e+08  5.207831e+03  11588244   1
       965   4.435075e+08  1.979437e+08  5.216802e+03  11600265   1
       966   2.251871e+08  1.980104e+08  5.225740e+03  11612286   1
       967   1.959957e+08  1.980277e+08  5.235007e+03  11624307   1
       968   2.262383e+08  1.980426e+08  5.244054e+03  11636328   1
       969   1.695412e+08  1.980696e+08  5.253086e+03  11648349   1
       970   2.612350e+08  1.980878e+08  5.262211e+03  11660370   1
       971   3.574947e+08  1.981002e+08  5.271165e+03  11672391   1
       972   2.120052e+08  1.981159e+08  5.280198e+03  11684412   1
       973   3.066548e+08  1.981331e+08  5.289185e+03  11696433   1
       974   2.308034e+08  1.981436e+08  5.298310e+03  11708454   1
       975   4.862735e+08  1.981462e+08  5.307435e+03  11720475   1
       976   3.043713e+08  1.981536e+08  5.316512e+03  11732496   1
       977   2.536275e+08  1.981643e+08  5.325670e+03  11744517   1
       978   3.657610e+08  1.981682e+08  5.334827e+03  11756538   1
       979   1.964516e+08  1.981760e+08  5.343983e+03  11768559   1
       980   2.067878e+08  1.981966e+08  5.353186e+03  11780580   1
       981   2.050467e+08  1.982008e+08  5.362330e+03  11792601   1
       982   2.120433e+08  1.982335e+08  5.371643e+03  11804622   1
       983   4.090777e+08  1.982614e+08  5.380799e+03  11816643   1
       984   1.954471e+08  1.983194e+08  5.389941e+03  11828664   1
       985   1.787580e+08  1.983383e+08  5.398956e+03  11840685   1
       986   5.810117e+08  1.983482e+08  5.408082e+03  11852706   1
       987   2.059362e+08  1.983908e+08  5.417317e+03  11864727   1
       988   2.957670e+08  1.984342e+08  5.426474e+03  11876748   1
       989   1.804188e+08  1.984617e+08  5.435663e+03  11888769   1
       990   3.010788e+08  1.985116e+08  5.444976e+03  11900790   1
       991   1.560746e+08  1.985541e+08  5.454117e+03  11912811   1
       992   1.684415e+08  1.985789e+08  5.463257e+03  11924832   1
       993   2.335166e+08  1.985802e+08  5.472586e+03  11936853   1
       994   2.060806e+08  1.985931e+08  5.481742e+03  11948874   1
       995   2.292959e+08  1.986029e+08  5.491070e+03  11960895   1
       996   2.204076e+08  1.986031e+08  5.500244e+03  11972916   1
       997   1.772968e+08  1.986338e+08  5.509466e+03  11984937   1
       998   1.724236e+08  1.986725e+08  5.518763e+03  11996958   1
       999   1.960270e+08  1.986907e+08  5.527872e+03  12008979   1
      1000   2.883768e+08  1.987263e+08  5.537249e+03  12021000   1
      1001   2.780561e+08  1.987688e+08  5.546499e+03  12033021   1
      1002   1.502064e+08  1.987756e+08  5.555780e+03  12045042   1
      1003   1.498559e+08  1.988030e+08  5.565126e+03  12057063   1
      1004   4.179887e+08  1.988439e+08  5.574471e+03  12069084   1
      1005   1.890219e+08  1.988660e+08  5.583909e+03  12081105   1
      1006   2.098101e+08  1.989342e+08  5.593068e+03  12093126   1
      1007   7.311838e+08  1.989645e+08  5.602382e+03  12105147   1
      1008   4.243414e+08  1.990340e+08  5.611852e+03  12117168   1
      1009   2.041349e+08  1.990458e+08  5.621211e+03  12129189   1
      1010   2.341626e+08  1.990634e+08  5.630539e+03  12141210   1
      1011   4.301761e+08  1.990914e+08  5.639807e+03  12153231   1
      1012   2.417081e+08  1.991068e+08  5.649042e+03  12165252   1
      1013   2.267989e+08  1.991158e+08  5.658417e+03  12177273   1
      1014   2.121956e+08  1.991638e+08  5.667652e+03  12189294   1
      1015   1.883290e+08  1.991765e+08  5.676950e+03  12201315   1
      1016   1.658536e+08  1.992105e+08  5.686278e+03  12213336   1
      1017   1.427552e+08  1.992279e+08  5.695670e+03  12225357   1
      1018   1.131902e+08  1.992592e+08  5.704921e+03  12237378   1
      1019   2.447803e+08  1.992729e+08  5.714344e+03  12249399   1
      1020   1.373990e+08  1.993031e+08  5.723673e+03  12261420   1
      1021   2.750246e+08  1.993222e+08  5.732892e+03  12273441   1
      1022   2.433254e+08  1.993278e+08  5.742439e+03  12285462   1
      1023   2.404682e+08  1.993484e+08  5.751800e+03  12297483   1
      1024   2.160799e+08  1.993552e+08  5.761206e+03  12309504   1
      1025   3.103426e+08  1.994276e+08  5.770754e+03  12321525   1
      1026   1.924614e+08  1.994453e+08  5.780115e+03  12333546   1
      1027   2.112364e+08  1.995305e+08  5.789368e+03  12345567   1
      1028   6.724806e+08  1.995397e+08  5.798713e+03  12357588   1
      1029   2.533059e+08  1.995633e+08  5.808060e+03  12369609   1
      1030   2.995042e+08  1.995846e+08  5.817452e+03  12381630   1
      1031   2.263916e+08  1.996189e+08  5.826827e+03  12393651   1
      1032   1.714893e+08  1.996425e+08  5.836249e+03  12405672   1
      1033   1.891734e+08  1.996548e+08  5.845782e+03  12417693   1
      1034   2.535507e+08  1.996739e+08  5.855251e+03  12429714   1
      1035   1.521750e+08  1.996978e+08  5.864703e+03  12441735   1
      1036   5.443058e+08  1.997053e+08  5.874235e+03  12453756   1
      1037   7.853002e+08  1.997135e+08  5.883579e+03  12465777   1
      1038   2.300871e+08  1.997151e+08  5.893080e+03  12477798   1
      1039   2.420884e+08  1.997446e+08  5.902705e+03  12489819   1
      1040   1.840525e+08  1.997658e+08  5.912018e+03  12501840   1
      1041   2.139052e+08  1.997821e+08  5.921490e+03  12513861   1
      1042   2.114723e+08  1.997944e+08  5.931037e+03  12525882   1
      1043   1.460752e+08  1.998054e+08  5.940600e+03  12537903   1
      1044   2.262924e+08  1.998167e+08  5.950164e+03  12549924   1
      1045   3.262960e+08  1.998212e+08  5.959711e+03  12561945   1
      1046   2.121125e+08  1.998520e+08  5.969273e+03  12573966   1
      1047   3.944666e+08  1.998762e+08  5.978792e+03  12585987   1
      1048   1.437144e+08  1.999228e+08  5.988479e+03  12598008   1
      1049   5.357297e+08  1.999340e+08  5.998120e+03  12610029   1
      1050   2.209582e+08  1.999571e+08  6.007637e+03  12622050   1
      1051   3.041412e+08  1.999764e+08  6.017356e+03  12634071   1
      1052   1.313976e+08  2.000300e+08  6.026966e+03  12646092   1
      1053   2.678029e+08  2.000411e+08  6.036548e+03  12658113   1
      1054   1.561431e+08  2.000506e+08  6.046126e+03  12670134   1
      1055   8.631301e+08  2.000585e+08  6.055704e+03  12682155   1
      1056   1.774843e+08  2.000817e+08  6.065423e+03  12694176   1
      1057   1.894347e+08  2.000991e+08  6.074969e+03  12706197   1
      1058   1.502236e+08  2.001134e+08  6.084469e+03  12718218   1
      1059   3.293650e+08  2.001393e+08  6.094080e+03  12730239   1
      1060   3.810253e+08  2.001547e+08  6.103784e+03  12742260   1
      1061   2.083814e+08  2.001749e+08  6.113378e+03  12754281   1
      1062   2.468929e+08  2.001887e+08  6.123019e+03  12766302   1
      1063   4.186466e+08  2.002281e+08  6.132599e+03  12778323   1
      1064   3.245688e+08  2.002552e+08  6.142427e+03  12790344   1
      1065   1.600950e+08  2.002627e+08  6.152303e+03  12802365   1
      1066   1.177880e+08  2.002658e+08  6.161789e+03  12814386   1
      1067   2.081980e+08  2.003148e+08  6.171602e+03  12826407   1
      1068   2.328223e+08  2.003418e+08  6.181336e+03  12838428   1
      1069   1.591160e+08  2.003570e+08  6.191023e+03  12850449   1
      1070   2.272038e+08  2.003639e+08  6.200603e+03  12862470   1
      1071   1.887082e+08  2.003792e+08  6.210196e+03  12874491   1
      1072   1.936612e+08  2.004099e+08  6.220011e+03  12886512   1
      1073   1.354321e+08  2.004678e+08  6.229683e+03  12898533   1
      1074   1.963193e+08  2.005169e+08  6.239511e+03  12910554   1
      1075   2.190122e+08  2.005213e+08  6.249183e+03  12922575   1
      1076   2.042142e+08  2.005405e+08  6.258840e+03  12934596   1
      1077   2.472370e+08  2.005491e+08  6.268637e+03  12946617   1
      1078   1.736097e+08  2.005750e+08  6.278355e+03  12958638   1
      1079   2.080208e+08  2.006221e+08  6.287950e+03  12970659   1
      1080   2.647349e+08  2.006323e+08  6.297856e+03  12982680   1
      1081   2.367732e+08  2.006790e+08  6.307653e+03  12994701   1
      1082   2.099880e+08  2.007051e+08  6.317450e+03  13006722   1
      1083   2.867831e+08  2.007174e+08  6.327171e+03  13018743   1
      1084   2.475611e+08  2.007478e+08  6.337093e+03  13030764   1
      1085   1.974596e+08  2.007646e+08  6.346999e+03  13042785   1
      1086   1.982271e+08  2.007852e+08  6.356640e+03  13054806   1
      1087   2.509673e+08  2.008152e+08  6.366390e+03  13066827   1
      1088   3.256589e+08  2.008298e+08  6.376251e+03  13078848   1
      1089   2.310457e+08  2.008787e+08  6.385985e+03  13090869   1
      1090   2.326393e+08  2.008826e+08  6.395831e+03  13102890   1
      1091   2.685133e+08  2.009138e+08  6.405613e+03  13114911   1
      1092   1.317240e+08  2.009214e+08  6.415457e+03  13126932   1
      1093   1.821365e+08  2.009361e+08  6.425316e+03  13138953   1
      1094   3.238470e+08  2.009539e+08  6.435334e+03  13150974   1
      1095   1.838933e+08  2.009994e+08  6.445322e+03  13162995   1
      1096   4.891455e+08  2.010585e+08  6.455245e+03  13175016   1
      1097   1.872847e+08  2.010703e+08  6.465198e+03  13187037   1
      1098   1.846701e+08  2.010803e+08  6.475137e+03  13199058   1
      1099   1.603875e+08  2.010832e+08  6.485093e+03  13211079   1
      1100   2.305781e+08  2.011000e+08  6.494968e+03  13223100   1
      1101   3.099784e+08  2.011316e+08  6.504812e+03  13235121   1
      1102   1.840497e+08  2.011356e+08  6.514735e+03  13247142   1
      1103   2.819986e+08  2.011391e+08  6.524517e+03  13259163   1
      1104   1.379930e+08  2.011736e+08  6.534470e+03  13271184   1
      1105   1.835140e+08  2.012045e+08  6.544442e+03  13283205   1
      1106   4.956780e+08  2.012726e+08  6.554474e+03  13295226   1
      1107   2.240155e+08  2.013131e+08  6.564336e+03  13307247   1
      1108   3.736809e+08  2.013364e+08  6.574415e+03  13319268   1
      1109   2.874707e+08  2.013655e+08  6.584479e+03  13331289   1
      1110   1.744075e+08  2.013862e+08  6.594468e+03  13343310   1
      1111   2.566595e+08  2.014023e+08  6.604483e+03  13355331   1
      1112   5.385456e+08  2.014321e+08  6.614436e+03  13367352   1
      1113   3.010837e+08  2.014532e+08  6.624498e+03  13379373   1
      1114   3.647356e+08  2.014886e+08  6.634608e+03  13391394   1
      1115   1.764652e+08  2.015222e+08  6.644484e+03  13403415   1
      1116   1.994285e+08  2.015515e+08  6.654501e+03  13415436   1
      1117   1.624190e+08  2.016026e+08  6.664612e+03  13427457   1
      1118   1.561601e+08  2.016126e+08  6.674676e+03  13439478   1
      1119   2.331412e+08  2.016224e+08  6.684678e+03  13451499   1
      1120   2.396621e+08  2.016437e+08  6.694695e+03  13463520   1
      1121   2.031043e+08  2.016707e+08  6.704727e+03  13475541   1
      1122   1.898225e+08  2.016759e+08  6.714758e+03  13487562   1
      1123   2.375125e+08  2.016876e+08  6.724902e+03  13499583   1
      1124   4.536097e+08  2.016920e+08  6.735028e+03  13511604   1
      1125   3.348547e+08  2.017381e+08  6.745154e+03  13523625   1
      1126   1.469611e+08  2.017683e+08  6.755203e+03  13535646   1
      1127   1.413666e+08  2.017805e+08  6.765189e+03  13547667   1
      1128   3.000484e+08  2.017930e+08  6.775206e+03  13559688   1
      1129   1.431721e+08  2.018217e+08  6.785411e+03  13571709   1
      1130   2.076152e+08  2.018614e+08  6.795740e+03  13583730   1
      1131   3.788160e+08  2.018807e+08  6.805897e+03  13595751   1
      1132   1.970032e+08  2.019289e+08  6.816023e+03  13607772   1
      1133   3.840675e+08  2.019687e+08  6.826195e+03  13619793   1
      1134   2.206971e+08  2.019745e+08  6.836416e+03  13631814   1
      1135   2.324109e+08  2.019941e+08  6.846448e+03  13643835   1
      1136   2.674785e+08  2.020115e+08  6.856637e+03  13655856   1
      1137   1.415518e+08  2.020319e+08  6.866918e+03  13667877   1
      1138   4.063138e+08  2.020442e+08  6.877092e+03  13679898   1
      1139   2.901474e+08  2.020524e+08  6.887248e+03  13691919   1
      1140   1.353645e+08  2.020738e+08  6.897483e+03  13703940   1
      1141   1.826692e+08  2.020744e+08  6.907842e+03  13715961   1
      1142   1.595691e+08  2.020981e+08  6.918033e+03  13727982   1
      1143   1.637869e+08  2.021058e+08  6.928332e+03  13740003   1
      1144   2.571635e+08  2.021274e+08  6.938676e+03  13752024   1
      1145   1.661264e+08  2.021437e+08  6.948802e+03  13764045   1
      1146   2.734829e+08  2.021493e+08  6.959162e+03  13776066   1
      1147   1.967279e+08  2.021729e+08  6.969412e+03  13788087   1
      1148   2.026677e+08  2.021790e+08  6.979771e+03  13800108   1
      1149   2.349182e+08  2.021809e+08  6.990146e+03  13812129   1
      1150   2.445737e+08  2.021871e+08  7.000349e+03  13824150   1
      1151   1.811899e+08  2.022074e+08  7.010724e+03  13836171   1
      1152   3.267023e+08  2.022965e+08  7.021132e+03  13848192   1
      1153   2.436590e+08  2.023394e+08  7.031477e+03  13860213   1
      1154   2.677435e+08  2.023500e+08  7.041680e+03  13872234   1
      1155   1.979608e+08  2.023762e+08  7.052072e+03  13884255   1
      1156   4.588954e+08  2.023938e+08  7.062291e+03  13896276   1
      1157   2.031257e+08  2.024148e+08  7.072619e+03  13908297   1
      1158   1.550626e+08  2.024163e+08  7.082947e+03  13920318   1
      1159   1.938981e+08  2.024179e+08  7.093137e+03  13932339   1
      1160   2.272360e+08  2.024273e+08  7.103528e+03  13944360   1
      1161   1.802775e+08  2.024336e+08  7.114045e+03  13956381   1
      1162   2.723923e+08  2.024437e+08  7.124468e+03  13968402   1
      1163   1.613972e+08  2.024458e+08  7.134828e+03  13980423   1
      1164   4.842940e+08  2.024561e+08  7.145282e+03  13992444   1
      1165   2.031605e+08  2.024615e+08  7.155658e+03  14004465   1
      1166   1.726572e+08  2.024656e+08  7.166157e+03  14016486   1
      1167   1.218166e+08  2.024771e+08  7.176579e+03  14028507   1
      1168   6.161918e+08  2.025194e+08  7.186969e+03  14040528   1
      1169   6.058101e+08  2.025586e+08  7.197361e+03  14052549   1
      1170   1.681429e+08  2.025662e+08  7.207846e+03  14064570   1
-------------------------------------------------------------------
status         : time_limit
total time (s) : 7.207846e+03
total solves   : 14064570
best bound     :  2.025662e+08
simulation ci  :  3.000242e+08  1.030802e+07
numeric issues : 0
-------------------------------------------------------------------

 
                                        Time                    Allocations      
                                  
       Tot / % measured:            2.00h / 100.0%            517GiB / 100.0%    

 Section               ncalls     time    %tot     avg     alloc    %tot      avg
 
 backward_pass          1.17k    1.98h   98.7%   6.08s    511GiB   98.9%   447MiB
   solve_subproblem     13.9M    1.97h   98.3%   509s    503GiB   97.2%  37.8KiB
     get_dual_solution  13.9M     103s    1.4%  7.41s   31.5GiB    6.1%  2.38KiB
   prepare_backward...  2.34k   10.8ms    0.0%  4.63s   2.39MiB    0.0%  1.05KiB
 forward_pass           1.17k    91.6s    1.3%  78.3ms   5.80GiB    1.1%  5.07MiB
   solve_subproblem      140k    90.2s    1.3%   643s   5.31GiB    1.0%  39.6KiB
     get_dual_solution   140k    193ms    0.0%  1.37s   75.0MiB    0.0%     560B
   sample_scenario      1.17k    847ms    0.0%   724s    335MiB    0.1%   294KiB
 calculate_bound        1.17k    638ms    0.0%   546s   49.3MiB    0.0%  43.1KiB
   get_dual_solution    1.17k   1.67ms    0.0%  1.43s    640KiB    0.0%     560B
 


||||||||||||||||||||||||||||||||||||||||||||||||||||||||||||||||||||||||||||||||||||||||||||||||||||||||||||||||||||||||||||||||||||||||
SIMULATION RESULTS
LogLinearSDDP.Simulation(SDDP.InSampleMonteCarlo(0, false, true, SDDP.var"#155#158"{SDDP.var"#156#159"}(SDDP.var"#156#159"(), Core.Box(2000)), nothing), 2000, 11111)
shapiro_model
Lower bound: 2.025661610839966e8
Statistical upper bound (confidence interval): 2.70844354183573e8  5.703464184044656e6
Pessimistic upper bound: 2.7654781836761767e8

||||||||||||||||||||||||||||||||||||||||||||||||||||||||||||||||||||||||||||||||||||||||||||||||||||||||||||||||||||||||||||||||||||||||
SIMULATION RESULTS
LogLinearSDDP.Simulation(SDDP.InSampleMonteCarlo(0, false, true, SDDP.var"#155#158"{SDDP.var"#156#159"}(SDDP.var"#156#159"(), Core.Box(2000)), nothing), 2000, 11111)
shapiro_model
Lower bound: 2.025661610839966e8
Statistical upper bound (confidence interval): 1.7145925772580883e8  4.415006050782454e6
Pessimistic upper bound: 1.7587426377659127e8

||||||||||||||||||||||||||||||||||||||||||||||||||||||||||||||||||||||||||||||||||||||||||||||||||||||||||||||||||||||||||||||||||||||||
SIMULATION RESULTS
LogLinearSDDP.Simulation(SDDP.InSampleMonteCarlo(0, false, true, SDDP.var"#155#158"{SDDP.var"#156#159"}(SDDP.var"#156#159"(), Core.Box(2000)), nothing), 2000, 11111)
shapiro_model
Lower bound: 2.025661610839966e8
Statistical upper bound (confidence interval): 2.906591628227327e8  6.337876851015312e6
Pessimistic upper bound: 2.96997039673748e8

||||||||||||||||||||||||||||||||||||||||||||||||||||||||||||||||||||||||||||||||||||||||||||||||||||||||||||||||||||||||||||||||||||||||
SIMULATION RESULTS
LogLinearSDDP.Simulation(SDDP.InSampleMonteCarlo(0, false, true, SDDP.var"#155#158"{SDDP.var"#156#159"}(SDDP.var"#156#159"(), Core.Box(2000)), nothing), 2000, 11111)
shapiro_model
Lower bound: 2.025661610839966e8
Statistical upper bound (confidence interval): 1.8613272592576784e8  5.002990093936965e6
Pessimistic upper bound: 1.9113571601970482e8

||||||||||||||||||||||||||||||||||||||||||||||||||||||||||||||||||||||||||||||||||||||||||||||||||||||||||||||||||||||||||||||||||||||||
SIMULATION RESULTS
LogLinearSDDP.Simulation(SDDP.InSampleMonteCarlo(0, false, true, SDDP.var"#155#158"{SDDP.var"#156#159"}(SDDP.var"#156#159"(), Core.Box(2000)), nothing), 2000, 11111)
fitted_model
Lower bound: 2.025661610839966e8
Statistical upper bound (confidence interval): 2.8232149326982605e8  5.747665944813158e6
Pessimistic upper bound: 2.880691592146392e8

||||||||||||||||||||||||||||||||||||||||||||||||||||||||||||||||||||||||||||||||||||||||||||||||||||||||||||||||||||||||||||||||||||||||
SIMULATION RESULTS
LogLinearSDDP.Simulation(SDDP.InSampleMonteCarlo(0, false, true, SDDP.var"#155#158"{SDDP.var"#156#159"}(SDDP.var"#156#159"(), Core.Box(2000)), nothing), 2000, 11111)
fitted_model
Lower bound: 2.025661610839966e8
Statistical upper bound (confidence interval): 1.821403617780541e8  4.542746459364588e6
Pessimistic upper bound: 1.8668310823741868e8

||||||||||||||||||||||||||||||||||||||||||||||||||||||||||||||||||||||||||||||||||||||||||||||||||||||||||||||||||||||||||||||||||||||||
SIMULATION RESULTS
LogLinearSDDP.Simulation(SDDP.InSampleMonteCarlo(0, false, true, SDDP.var"#155#158"{SDDP.var"#156#159"}(SDDP.var"#156#159"(), Core.Box(2000)), nothing), 2000, 11111)
custom_model
Lower bound: 2.025661610839966e8
Statistical upper bound (confidence interval): 4.0176823832957727e8  9.083540505202457e6
Pessimistic upper bound: 4.1085177883477974e8

||||||||||||||||||||||||||||||||||||||||||||||||||||||||||||||||||||||||||||||||||||||||||||||||||||||||||||||||||||||||||||||||||||||||
SIMULATION RESULTS
LogLinearSDDP.Simulation(SDDP.InSampleMonteCarlo(0, false, true, SDDP.var"#155#158"{SDDP.var"#156#159"}(SDDP.var"#156#159"(), Core.Box(2000)), nothing), 2000, 11111)
custom_model
Lower bound: 2.025661610839966e8
Statistical upper bound (confidence interval): 2.4954570498591146e8  7.155667340849599e6
Pessimistic upper bound: 2.5670137232676107e8

||||||||||||||||||||||||||||||||||||||||||||||||||||||||||||||||||||||||||||||||||||||||||||||||||||||||||||||||||||||||||||||||||||||||
SIMULATION RESULTS
LogLinearSDDP.Simulation(SDDP.InSampleMonteCarlo(0, false, true, SDDP.var"#155#158"{SDDP.var"#156#159"}(SDDP.var"#156#159"(), Core.Box(2000)), nothing), 2000, 11111)
bic_model
Lower bound: 2.025661610839966e8
Statistical upper bound (confidence interval): 4.136403608499391e8  9.381727821763659e6
Pessimistic upper bound: 4.2302208867170274e8

||||||||||||||||||||||||||||||||||||||||||||||||||||||||||||||||||||||||||||||||||||||||||||||||||||||||||||||||||||||||||||||||||||||||
SIMULATION RESULTS
LogLinearSDDP.Simulation(SDDP.InSampleMonteCarlo(0, false, true, SDDP.var"#155#158"{SDDP.var"#156#159"}(SDDP.var"#156#159"(), Core.Box(2000)), nothing), 2000, 11111)
bic_model
Lower bound: 2.025661610839966e8
Statistical upper bound (confidence interval): 2.5913406718920282e8  7.439547348590409e6
Pessimistic upper bound: 2.6657361453779322e8

||||||||||||||||||||||||||||||||||||||||||||||||||||||||||||||||||||||||||||||||||||||||||||||||||||||||||||||||||||||||||||||||||||||||
SIMULATION RESULTS
LogLinearSDDP.Simulation(SDDP.InSampleMonteCarlo(0, false, true, SDDP.var"#155#158"{SDDP.var"#156#159"}(SDDP.var"#156#159"(), Core.Box(2000)), nothing), 2000, 11111)
shapiro_model
Lower bound: 2.0279225047487992e8
Statistical upper bound (confidence interval): 4.9282617310134745e8  8.311498890298282e7
Pessimistic upper bound: 5.759411620043303e8

||||||||||||||||||||||||||||||||||||||||||||||||||||||||||||||||||||||||||||||||||||||||||||||||||||||||||||||||||||||||||||||||||||||||
SIMULATION RESULTS
LogLinearSDDP.Simulation(SDDP.InSampleMonteCarlo(0, false, true, SDDP.var"#155#158"{SDDP.var"#156#159"}(SDDP.var"#156#159"(), Core.Box(2000)), nothing), 2000, 11111)
shapiro_model
Lower bound: 2.0279225047487992e8
Statistical upper bound (confidence interval): 3.157468337985794e8  6.703980921455156e7
Pessimistic upper bound: 3.8278664301313096e8
