||||||||||||||||||||||||||||||||||||||||||||||||||||||||||||||||||||||||||||||||||||||||||||||||||||||||||||||||||||||||||||||||||||||||
PATH
calling 
C:\Users\cg4102\Documents\New LogLinearSDDP\LogLinearSDDP.jl\Examples\Hydrothermal
C:\Users\cg4102\Documents\New LogLinearSDDP\LogLinearSDDP.jl\Examples\Hydrothermal\run_model_markov.jl
DATETIME
2025-04-29T17:36:12.590
RUN DESCRIPTION
LogLinearSDDP.AlgoParams(SDDP.AbstractStoppingRule[SDDP.TimeLimit(7200.0)], LogLinearSDDP.NoSimulation(), false, 2, 1, "C:/Users/cg4102/Documents/julia_logs/Cut-sharing Re-Run (2h)/Run_MC-SDDP_shapiro_model_55555/MC-SDDP.log", false, false, false, 55555, "MC-SDDP: 100 nodes, shapiro_model", :fitted_model)
-------------------------------------------------------------------
         SDDP.jl (c) Oscar Dowson and contributors, 2017-23
-------------------------------------------------------------------
problem
  nodes           : 11901
  state variables : 4
  scenarios       : 6.68857e+229
  existing cuts   : false
options
  solver          : serial mode
  risk measure    : SDDP.Expectation()
  sampling scheme : SDDP.Historical{String, Dict{String, Float64}}
subproblem structure
  VariableRef                                  : [142, 142]
  JuMP.AffExpr in MOI.EqualTo{Float64}         : [13, 13]
  JuMP.VariableRef in MOI.GreaterThan{Float64} : [138, 138]
  JuMP.VariableRef in MOI.LessThan{Float64}    : [129, 130]
-------------------------------------------------------------------
 iteration    simulation      bound        time (s)     solves  pid
-------------------------------------------------------------------
         1   1.888893e+09  1.134374e+06  6.322000e+00     10781   1
         2   1.097130e+09  1.623735e+06  9.665000e+00     21171   1
         3   6.573957e+08  3.474131e+06  1.267000e+01     31479   1
         4   6.694503e+08  6.024290e+06  1.581400e+01     41815   1
         5   4.549430e+08  6.034665e+06  1.873500e+01     51912   1
         6   4.831724e+08  1.533811e+07  2.184800e+01     62027   1
         7   7.778435e+08  3.690621e+07  2.502100e+01     72438   1
         8   4.454358e+08  3.915060e+07  2.794600e+01     82342   1
         9   3.528741e+08  4.387490e+07  3.135700e+01     92916   1
        10   3.927808e+08  4.453295e+07  3.449400e+01    103252   1
        11   3.896512e+08  4.545944e+07  3.745000e+01    113586   1
        12   3.659908e+08  4.575350e+07  4.050200e+01    123665   1
        13   3.032557e+08  4.583800e+07  4.368600e+01    133931   1
        14   3.766507e+08  4.730322e+07  4.692100e+01    144389   1
        15   1.997040e+08  4.796385e+07  4.995500e+01    154174   1
        16   3.309483e+08  4.879224e+07  5.350400e+01    164670   1
        17   3.053297e+08  5.737858e+07  5.682900e+01    175174   1
        18   8.427025e+08  5.773560e+07  5.995200e+01    185423   1
        19   3.626336e+08  5.986351e+07  6.328700e+01    195873   1
        20   4.971901e+08  6.419814e+07  6.639500e+01    206270   1
        21   6.911284e+08  6.515454e+07  6.932700e+01    216004   1
        22   3.124199e+08  6.575210e+07  7.285200e+01    226691   1
        23   1.516258e+08  6.795007e+07  7.623200e+01    237047   1
        24   4.768747e+08  6.893449e+07  7.944500e+01    247213   1
        25   2.024409e+08  7.075050e+07  8.271800e+01    257581   1
        26   4.495876e+08  7.106271e+07  8.869300e+01    267883   1
        27   2.542816e+08  7.179687e+07  9.180300e+01    278424   1
        28   3.428506e+08  7.374841e+07  9.484700e+01    288742   1
        29   2.353388e+08  7.596429e+07  9.779900e+01    298942   1
        30   3.311412e+08  7.785512e+07  1.008830e+02    309302   1
        31   3.279641e+08  8.288873e+07  1.039920e+02    319896   1
        32   2.739262e+08  8.488297e+07  1.071800e+02    330570   1
        33   2.682202e+08  8.551738e+07  1.103710e+02    341243   1
        34   2.158378e+08  8.588277e+07  1.134060e+02    351687   1
        35   2.542820e+08  9.008991e+07  1.163190e+02    361614   1
        36   2.214985e+08  9.128013e+07  1.194620e+02    371886   1
        37   5.326594e+08  9.288821e+07  1.224800e+02    382372   1
        38   3.692921e+08  9.300322e+07  1.254620e+02    392593   1
        39   6.920893e+08  9.318419e+07  1.284360e+02    402856   1
        40   3.602739e+08  9.551887e+07  1.315520e+02    413312   1
        41   2.219369e+08  9.581419e+07  1.346800e+02    423683   1
        42   5.707486e+08  9.828436e+07  1.378720e+02    434067   1
        43   4.493274e+08  1.006137e+08  1.410630e+02    444493   1
        44   1.930392e+08  1.025116e+08  1.441660e+02    454847   1
        45   2.571876e+08  1.030520e+08  1.473970e+02    465177   1
        46   4.066472e+08  1.077169e+08  1.505930e+02    475818   1
        47   2.177007e+08  1.087014e+08  1.537050e+02    486057   1
        48   2.722858e+08  1.087625e+08  1.569420e+02    496596   1
        49   3.404566e+08  1.090529e+08  1.601920e+02    507326   1
        50   2.981479e+08  1.106910e+08  1.633700e+02    517715   1
        51   1.996872e+08  1.117807e+08  1.666490e+02    528060   1
        52   2.036448e+08  1.129199e+08  1.700960e+02    538491   1
        53   1.982210e+08  1.130251e+08  1.731980e+02    548433   1
        54   2.022491e+08  1.136285e+08  1.764310e+02    558345   1
        55   3.041390e+08  1.146933e+08  1.796560e+02    568634   1
        56   2.429467e+08  1.151135e+08  1.828350e+02    578414   1
        57   1.919776e+08  1.161399e+08  1.894900e+02    589057   1
        58   3.514495e+08  1.162821e+08  1.926030e+02    599370   1
        59   2.053947e+08  1.163656e+08  1.958060e+02    609769   1
        60   1.843367e+08  1.177075e+08  1.989450e+02    619954   1
        61   2.022880e+08  1.180222e+08  2.021820e+02    630167   1
        62   2.055727e+08  1.182636e+08  2.053890e+02    640768   1
        63   2.270841e+08  1.215915e+08  2.086730e+02    651389   1
        64   2.560986e+08  1.270653e+08  2.119320e+02    661934   1
        65   4.223188e+08  1.273154e+08  2.152130e+02    672355   1
        66   3.210997e+08  1.285242e+08  2.182680e+02    682003   1
        67   2.138176e+08  1.319799e+08  2.216930e+02    692696   1
        68   3.497034e+08  1.338358e+08  2.250200e+02    703315   1
        69   7.719603e+08  1.362056e+08  2.282020e+02    713589   1
        70   1.933695e+08  1.383860e+08  2.313890e+02    723703   1
        71   2.343898e+08  1.439057e+08  2.346450e+02    734149   1
        72   4.180951e+08  1.440085e+08  2.379460e+02    744658   1
        73   9.102342e+08  1.443715e+08  2.411480e+02    754929   1
        74   4.309279e+08  1.444430e+08  2.445200e+02    765548   1
        75   1.904404e+08  1.451382e+08  2.477990e+02    775812   1
        76   4.209503e+08  1.461248e+08  2.511060e+02    786287   1
        77   3.279010e+08  1.473151e+08  2.543790e+02    796386   1
        78   3.459796e+08  1.495480e+08  2.577790e+02    806776   1
        79   2.206169e+08  1.506905e+08  2.612360e+02    817026   1
        80   2.924433e+08  1.507508e+08  2.646830e+02    827283   1
        81   1.907566e+08  1.530557e+08  2.681270e+02    837867   1
        82   2.515007e+08  1.538352e+08  2.715630e+02    848393   1
        83   1.329426e+08  1.539482e+08  2.748380e+02    858191   1
        84   4.104464e+08  1.547165e+08  2.782360e+02    868503   1
        85   5.498177e+08  1.551571e+08  2.817160e+02    878939   1
        86   2.507366e+08  1.552773e+08  2.852170e+02    889443   1
        87   4.068693e+08  1.606034e+08  2.886910e+02    899873   1
        88   1.393515e+08  1.606092e+08  2.949560e+02    910013   1
        89   1.930255e+08  1.609191e+08  2.983360e+02    920545   1
        90   2.525959e+08  1.611951e+08  3.017340e+02    930947   1
        91   2.253074e+08  1.612300e+08  3.051780e+02    941065   1
        92   2.393182e+08  1.612349e+08  3.085330e+02    951359   1
        93   2.494554e+08  1.613450e+08  3.118870e+02    961555   1
        94   3.903570e+08  1.615493e+08  3.153950e+02    972087   1
        95   3.251638e+08  1.618124e+08  3.187650e+02    982376   1
        96   2.215517e+08  1.618999e+08  3.222180e+02    992618   1
        97   4.774977e+08  1.621751e+08  3.256390e+02   1002983   1
        98   2.671629e+08  1.621801e+08  3.291110e+02   1013370   1
        99   2.624472e+08  1.635342e+08  3.326040e+02   1023736   1
       100   2.778296e+08  1.635569e+08  3.360440e+02   1034170   1
       101   3.893788e+08  1.638410e+08  3.394700e+02   1044575   1
       102   4.154872e+08  1.647997e+08  3.430600e+02   1055237   1
       103   3.205798e+08  1.656468e+08  3.465710e+02   1065444   1
       104   1.732497e+08  1.657398e+08  3.500640e+02   1075583   1
       105   5.636952e+08  1.671053e+08  3.535720e+02   1085878   1
       106   2.754571e+08  1.678605e+08  3.572250e+02   1096442   1
       107   3.280322e+08  1.678639e+08  3.608450e+02   1107151   1
       108   1.898268e+08  1.680024e+08  3.643910e+02   1117264   1
       109   1.690337e+08  1.680695e+08  3.680180e+02   1127674   1
       110   4.200626e+08  1.683694e+08  3.716040e+02   1137733   1
       111   2.945541e+08  1.686116e+08  3.752280e+02   1148255   1
       112   1.922654e+08  1.693010e+08  3.788530e+02   1158505   1
       113   2.285973e+08  1.694205e+08  3.825440e+02   1168852   1
       114   1.747557e+08  1.695428e+08  3.861230e+02   1179063   1
       115   2.285754e+08  1.713910e+08  3.898190e+02   1189273   1
       116   1.679496e+08  1.724402e+08  3.935620e+02   1199596   1
       117   3.017478e+08  1.745517e+08  4.004550e+02   1209894   1
       118   3.706754e+08  1.749585e+08  4.040850e+02   1220372   1
       119   2.364101e+08  1.751023e+08  4.076880e+02   1231011   1
       120   3.850099e+08  1.751605e+08  4.112650e+02   1241388   1
       121   1.945329e+08  1.752935e+08  4.149540e+02   1251992   1
       122   1.717960e+08  1.755553e+08  4.186380e+02   1262432   1
       123   5.171633e+08  1.756099e+08  4.222740e+02   1273110   1
       124   3.290832e+08  1.756981e+08  4.259510e+02   1283592   1
       125   4.140259e+08  1.757015e+08  4.295830e+02   1293810   1
       126   1.897081e+08  1.758051e+08  4.332450e+02   1304200   1
       127   2.080492e+08  1.759270e+08  4.368750e+02   1314300   1
       128   2.278292e+08  1.764134e+08  4.406050e+02   1324868   1
       129   2.510873e+08  1.768686e+08  4.442720e+02   1335014   1
       130   1.441130e+08  1.771955e+08  4.479450e+02   1345309   1
       131   6.840809e+08  1.772079e+08  4.515560e+02   1355495   1
       132   7.424328e+08  1.775883e+08  4.553330e+02   1365896   1
       133   2.453822e+08  1.776168e+08  4.591570e+02   1376406   1
       134   8.212181e+08  1.777349e+08  4.629080e+02   1386685   1
       135   1.940825e+08  1.778066e+08  4.666570e+02   1396863   1
       136   2.780597e+08  1.778086e+08  4.704970e+02   1407418   1
       137   4.549162e+08  1.779279e+08  4.743950e+02   1418170   1
       138   1.993765e+08  1.788555e+08  4.783770e+02   1428738   1
       139   2.776606e+08  1.789785e+08  4.821940e+02   1438996   1
       140   2.293853e+08  1.789933e+08  4.860970e+02   1449518   1
       141   4.576367e+08  1.807084e+08  4.900320e+02   1459933   1
       142   3.299800e+08  1.811255e+08  4.938830e+02   1469948   1
       143   1.809989e+08  1.833655e+08  4.979030e+02   1480539   1
       144   2.296463e+08  1.857346e+08  5.018920e+02   1491308   1
       145   3.049550e+08  1.858157e+08  5.057500e+02   1501272   1
       146   1.970337e+08  1.859248e+08  5.096260e+02   1511152   1
       147   3.025155e+08  1.859284e+08  5.275740e+02   1521357   1
       148   2.941129e+08  1.860230e+08  5.314740e+02   1531756   1
       149   4.702947e+08  1.860449e+08  5.353070e+02   1541945   1
       150   1.550919e+08  1.861533e+08  5.391970e+02   1552566   1
       151   6.151429e+08  1.863529e+08  5.429300e+02   1562292   1
       152   1.593608e+08  1.863536e+08  5.468570e+02   1572499   1
       153   1.111750e+09  1.876580e+08  5.506890e+02   1582519   1
       154   1.940845e+08  1.878249e+08  5.546100e+02   1592904   1
       155   4.194791e+08  1.880026e+08  5.584560e+02   1602891   1
       156   2.480485e+08  1.884874e+08  5.624040e+02   1613492   1
       157   3.803687e+08  1.886931e+08  5.663300e+02   1623981   1
       158   6.256997e+08  1.896810e+08  5.703790e+02   1634331   1
       159   2.111616e+08  1.902126e+08  5.742970e+02   1644626   1
       160   4.962709e+08  1.906103e+08  5.782840e+02   1655007   1
       161   4.362288e+08  1.906402e+08  5.823140e+02   1665425   1
       162   3.560754e+08  1.907009e+08  5.863110e+02   1676007   1
       163   3.217276e+08  1.908293e+08  5.904010e+02   1686193   1
       164   1.493202e+08  1.909007e+08  5.945730e+02   1696061   1
       165   2.077495e+08  1.909027e+08  5.989600e+02   1706633   1
       166   3.144304e+08  1.909047e+08  6.032970e+02   1717182   1
       167   2.102355e+08  1.909179e+08  6.075730e+02   1727654   1
       168   2.249813e+08  1.909366e+08  6.118700e+02   1738061   1
       169   2.394601e+08  1.911091e+08  6.161810e+02   1748462   1
       170   2.543050e+08  1.913482e+08  6.253960e+02   1758824   1
       171   1.690791e+08  1.914347e+08  6.292960e+02   1768680   1
       172   4.040479e+08  1.916967e+08  6.334080e+02   1779363   1
       173   4.610726e+08  1.917097e+08  6.373700e+02   1789626   1
       174   6.342171e+08  1.917103e+08  6.415170e+02   1800118   1
       175   5.755457e+08  1.918349e+08  6.455760e+02   1810454   1
       176   5.016456e+08  1.918414e+08  6.497120e+02   1820902   1
       177   5.993841e+08  1.923552e+08  6.538820e+02   1831376   1
       178   2.189832e+08  1.946545e+08  6.581700e+02   1841865   1
       179   2.800641e+08  1.947582e+08  6.623510e+02   1852225   1
       180   1.413610e+08  1.953173e+08  6.665630e+02   1862340   1
       181   5.829452e+08  1.955221e+08  6.707620e+02   1872779   1
       182   1.971383e+08  1.958025e+08  6.750240e+02   1883011   1
       183   3.241480e+08  1.958915e+08  6.794670e+02   1893367   1
       184   4.726041e+08  1.958946e+08  6.838790e+02   1903581   1
       185   1.565874e+08  1.960108e+08  6.883850e+02   1913958   1
       186   1.830976e+08  1.968631e+08  6.928940e+02   1924311   1
       187   3.730070e+08  1.970562e+08  7.018060e+02   1934464   1
       188   2.676054e+08  1.972017e+08  7.060680e+02   1944651   1
       189   2.890659e+08  1.974324e+08  7.102850e+02   1955135   1
       190   2.567389e+08  1.981677e+08  7.145460e+02   1965062   1
       191   4.879541e+08  1.989637e+08  7.188060e+02   1975588   1
       192   1.846375e+08  1.990369e+08  7.230960e+02   1986173   1
       193   2.027919e+08  1.993909e+08  7.274780e+02   1996779   1
       194   2.202841e+08  1.995959e+08  7.317920e+02   2007465   1
       195   3.814906e+08  1.996807e+08  7.361090e+02   2017704   1
       196   5.309679e+08  1.996813e+08  7.403890e+02   2027574   1
       197   1.850983e+08  2.000541e+08  7.447670e+02   2037947   1
       198   1.678184e+08  2.001621e+08  7.491420e+02   2048228   1
       199   2.419037e+08  2.003428e+08  7.536410e+02   2058968   1
       200   2.014571e+08  2.003579e+08  7.581100e+02   2069264   1
       201   2.196174e+08  2.007395e+08  7.626230e+02   2079789   1
       202   2.022640e+08  2.007399e+08  7.713030e+02   2089915   1
       203   2.341041e+08  2.008558e+08  7.755820e+02   2099910   1
       204   5.358418e+08  2.008675e+08  7.798410e+02   2110228   1
       205   1.826972e+08  2.008687e+08  7.842140e+02   2120852   1
       206   1.539404e+08  2.008830e+08  7.885360e+02   2131107   1
       207   1.818359e+08  2.009338e+08  7.929070e+02   2141189   1
       208   2.275694e+08  2.010291e+08  7.972640e+02   2151528   1
       209   2.090567e+08  2.014315e+08  8.017340e+02   2162236   1
       210   2.354899e+08  2.016932e+08  8.062920e+02   2172535   1
       211   1.971176e+08  2.022846e+08  8.109510e+02   2183121   1
       212   2.239096e+08  2.022860e+08  8.154520e+02   2193723   1
       213   1.864355e+08  2.024450e+08  8.199330e+02   2203703   1
       214   2.343288e+08  2.024998e+08  8.246250e+02   2213967   1
       215   4.000618e+08  2.025104e+08  8.333810e+02   2224449   1
       216   2.609062e+08  2.028723e+08  8.377680e+02   2234868   1
       217   2.414233e+08  2.030144e+08  8.421820e+02   2245083   1
       218   3.222456e+08  2.038517e+08  8.467150e+02   2255607   1
       219   2.172620e+08  2.040531e+08  8.512230e+02   2265875   1
       220   2.216616e+08  2.041601e+08  8.557320e+02   2276097   1
       221   3.077429e+08  2.043435e+08  8.602510e+02   2286671   1
       222   5.084750e+08  2.043438e+08  8.648610e+02   2297084   1
       223   3.951053e+08  2.049740e+08  8.695250e+02   2307602   1
       224   2.349007e+08  2.056279e+08  8.742010e+02   2317967   1
       225   6.715993e+08  2.057612e+08  8.788180e+02   2328191   1
       226   1.733182e+08  2.058277e+08  8.877510e+02   2338248   1
       227   2.667024e+08  2.059504e+08  8.923540e+02   2348852   1
       228   2.228818e+08  2.059625e+08  8.969420e+02   2359107   1
       229   2.045480e+08  2.065096e+08  9.014850e+02   2369585   1
       230   3.329427e+08  2.065243e+08  9.061160e+02   2380347   1
       231   2.211911e+08  2.065567e+08  9.106890e+02   2390648   1
       232   2.403857e+08  2.070527e+08  9.152750e+02   2400893   1
       233   7.260071e+08  2.071744e+08  9.198830e+02   2411364   1
       234   5.287964e+08  2.072564e+08  9.246850e+02   2422165   1
       235   1.979863e+08  2.077499e+08  9.294090e+02   2432316   1
       236   1.556077e+08  2.083262e+08  9.342840e+02   2442510   1
       237   5.179592e+08  2.085232e+08  9.433190e+02   2452609   1
       238   2.467297e+08  2.087979e+08  9.480200e+02   2462863   1
       239   1.480566e+08  2.088144e+08  9.526920e+02   2473045   1
       240   5.425557e+08  2.088960e+08  9.573740e+02   2483233   1
       241   1.460094e+08  2.091203e+08  9.621510e+02   2493785   1
       242   2.828848e+08  2.091208e+08  9.669180e+02   2504155   1
       243   3.639208e+08  2.091344e+08  9.716530e+02   2514300   1
       244   2.077549e+08  2.091634e+08  9.763330e+02   2524405   1
       245   2.861721e+08  2.091982e+08  9.811360e+02   2534929   1
       246   2.698451e+08  2.092177e+08  9.859810e+02   2545243   1
       247   2.819522e+08  2.092688e+08  9.953750e+02   2555790   1
       248   2.562629e+08  2.093798e+08  1.000069e+03   2566231   1
       249   2.689041e+08  2.094010e+08  1.004764e+03   2576644   1
       250   2.722835e+08  2.094014e+08  1.009502e+03   2587041   1
       251   2.439179e+08  2.094814e+08  1.014279e+03   2597328   1
       252   2.599891e+08  2.094994e+08  1.019056e+03   2607363   1
       253   2.017590e+08  2.095024e+08  1.023908e+03   2617871   1
       254   1.527843e+08  2.095821e+08  1.028760e+03   2628492   1
       255   4.468782e+08  2.097996e+08  1.033731e+03   2638853   1
       256   3.662815e+08  2.098785e+08  1.038707e+03   2649242   1
       257   2.326037e+08  2.106398e+08  1.048241e+03   2659804   1
       258   2.531868e+08  2.106411e+08  1.053146e+03   2670309   1
       259   2.936923e+08  2.106916e+08  1.057961e+03   2680754   1
       260   6.163118e+08  2.109592e+08  1.062766e+03   2691165   1
       261   4.520695e+08  2.116982e+08  1.067577e+03   2701054   1
       262   3.068814e+08  2.117920e+08  1.072468e+03   2711379   1
       263   1.967610e+08  2.119937e+08  1.077450e+03   2721778   1
       264   5.095367e+08  2.120541e+08  1.082415e+03   2732261   1
       265   2.453603e+08  2.121733e+08  1.087406e+03   2742784   1
       266   2.294107e+08  2.122328e+08  1.092404e+03   2753013   1
       267   5.926608e+08  2.124481e+08  1.102047e+03   2763380   1
       268   3.132899e+08  2.125060e+08  1.106934e+03   2773896   1
       269   1.871253e+08  2.125195e+08  1.111860e+03   2784306   1
       270   3.727601e+08  2.127140e+08  1.116754e+03   2794607   1
       271   3.459728e+08  2.127329e+08  1.121630e+03   2804926   1
       272   1.814002e+08  2.129248e+08  1.126685e+03   2815538   1
       273   2.411740e+08  2.130816e+08  1.131662e+03   2826053   1
       274   4.174077e+08  2.131967e+08  1.136701e+03   2836575   1
       275   3.491001e+08  2.132488e+08  1.141789e+03   2846882   1
       276   2.220243e+08  2.134013e+08  1.146872e+03   2857199   1
       277   2.039508e+08  2.138700e+08  1.156781e+03   2867658   1
       278   1.920561e+08  2.138734e+08  1.161785e+03   2878227   1
       279   1.900087e+08  2.139230e+08  1.166674e+03   2888444   1
       280   2.595639e+08  2.142438e+08  1.171695e+03   2898911   1
       281   5.085324e+08  2.143361e+08  1.176765e+03   2909688   1
       282   3.694382e+08  2.144481e+08  1.181826e+03   2919856   1
       283   1.702965e+08  2.147012e+08  1.186889e+03   2930363   1
       284   2.232432e+08  2.152400e+08  1.191928e+03   2940214   1
       285   9.970710e+08  2.161458e+08  1.197098e+03   2950818   1
       286   2.016348e+08  2.164539e+08  1.202324e+03   2961208   1
       287   2.294961e+08  2.165954e+08  1.212424e+03   2971656   1
       288   4.500097e+08  2.169168e+08  1.217525e+03   2981999   1
       289   2.336896e+08  2.169171e+08  1.222630e+03   2992491   1
       290   2.461325e+08  2.170118e+08  1.227783e+03   3003166   1
       291   2.676766e+08  2.170970e+08  1.232987e+03   3013868   1
       292   5.779976e+08  2.171237e+08  1.238184e+03   3024071   1
       293   3.499551e+08  2.173628e+08  1.243315e+03   3034519   1
       294   4.316349e+08  2.173920e+08  1.248451e+03   3044630   1
       295   2.070660e+08  2.175513e+08  1.253734e+03   3055230   1
       296   2.970925e+08  2.175860e+08  1.259077e+03   3065927   1
       297   1.831200e+08  2.176149e+08  1.269481e+03   3076537   1
       298   3.144271e+08  2.178256e+08  1.274645e+03   3086794   1
       299   2.677305e+08  2.180210e+08  1.279757e+03   3097019   1
       300   1.727329e+08  2.180237e+08  1.284865e+03   3106838   1
       301   2.440029e+08  2.180373e+08  1.290123e+03   3117361   1
       302   2.633408e+08  2.184735e+08  1.295314e+03   3127243   1
       303   5.993759e+08  2.185662e+08  1.300541e+03   3137616   1
       304   2.428262e+08  2.187815e+08  1.305784e+03   3148250   1
       305   1.979371e+08  2.189239e+08  1.311111e+03   3158684   1
       306   1.466550e+08  2.190607e+08  1.316511e+03   3168914   1
       307   4.633029e+08  2.190632e+08  1.327032e+03   3179408   1
       308   2.111898e+08  2.191023e+08  1.332309e+03   3189806   1
       309   6.341078e+08  2.191144e+08  1.337505e+03   3200185   1
       310   2.467837e+08  2.192403e+08  1.342866e+03   3210903   1
       311   2.967528e+08  2.204809e+08  1.348181e+03   3221697   1
       312   2.004194e+08  2.205845e+08  1.353584e+03   3232599   1
       313   2.592362e+08  2.209027e+08  1.358873e+03   3243122   1
       314   2.395265e+08  2.213628e+08  1.364273e+03   3253783   1
       315   3.191429e+08  2.215421e+08  1.369695e+03   3263979   1
       316   1.714230e+08  2.216100e+08  1.375262e+03   3274355   1
       317   6.081760e+08  2.216664e+08  1.380717e+03   3284897   1
       318   2.135971e+08  2.217478e+08  1.391290e+03   3295451   1
       319   3.416005e+08  2.225607e+08  1.396666e+03   3306131   1
       320   5.126406e+08  2.226988e+08  1.401984e+03   3316425   1
       321   4.023252e+08  2.227758e+08  1.407388e+03   3326470   1
       322   2.307971e+08  2.228068e+08  1.412831e+03   3337040   1
       323   2.018441e+08  2.228141e+08  1.418269e+03   3347363   1
       324   2.596017e+08  2.228327e+08  1.423730e+03   3357759   1
       325   2.677244e+08  2.229077e+08  1.429193e+03   3368106   1
       326   2.914492e+08  2.233914e+08  1.434712e+03   3378239   1
       327   1.824734e+08  2.237428e+08  1.440312e+03   3388733   1
       328   1.771745e+08  2.237924e+08  1.451140e+03   3398951   1
       329   2.405033e+08  2.237936e+08  1.456614e+03   3409369   1
       330   3.765377e+08  2.238857e+08  1.461992e+03   3419560   1
       331   1.824297e+08  2.239054e+08  1.467334e+03   3429612   1
       332   1.651603e+08  2.239112e+08  1.472841e+03   3440074   1
       333   2.433629e+08  2.239112e+08  1.478345e+03   3450359   1
       334   1.897960e+08  2.239863e+08  1.483827e+03   3460548   1
       335   3.071210e+08  2.240114e+08  1.489323e+03   3471079   1
       336   2.610261e+08  2.240115e+08  1.495032e+03   3481403   1
       337   1.680866e+08  2.244346e+08  1.500707e+03   3491363   1
       338   4.338922e+08  2.245745e+08  1.511796e+03   3501435   1
       339   4.076661e+08  2.245748e+08  1.517246e+03   3511905   1
       340   3.165011e+08  2.246154e+08  1.522796e+03   3522244   1
       341   3.861208e+08  2.248049e+08  1.528340e+03   3532774   1
       342   2.193431e+08  2.248982e+08  1.533920e+03   3542860   1
       343   2.369517e+08  2.256228e+08  1.539472e+03   3552996   1
       344   2.255863e+08  2.256733e+08  1.545061e+03   3563242   1
       345   2.076637e+08  2.257509e+08  1.550668e+03   3573602   1
       346   2.014005e+08  2.258789e+08  1.556364e+03   3583815   1
       347   2.498073e+08  2.259071e+08  1.562088e+03   3593965   1
       348   3.054077e+08  2.261053e+08  1.567864e+03   3604314   1
       349   6.659450e+08  2.262334e+08  1.579118e+03   3614573   1
       350   2.485329e+08  2.263502e+08  1.584805e+03   3625413   1
       351   2.425625e+08  2.263503e+08  1.590444e+03   3635834   1
       352   2.827971e+08  2.264022e+08  1.596137e+03   3646400   1
       353   2.371139e+08  2.264524e+08  1.601844e+03   3656779   1
       354   2.920794e+08  2.266266e+08  1.607584e+03   3667512   1
       355   1.915997e+08  2.266471e+08  1.613281e+03   3677312   1
       356   2.928192e+08  2.266695e+08  1.619043e+03   3687711   1
       357   1.970536e+08  2.268504e+08  1.624903e+03   3698175   1
       358   4.080264e+08  2.269987e+08  1.630672e+03   3708309   1
       359   2.528972e+08  2.270201e+08  1.636511e+03   3718528   1
       360   2.681727e+08  2.270250e+08  1.647924e+03   3728845   1
       361   3.013153e+08  2.270652e+08  1.653626e+03   3739175   1
       362   5.161353e+08  2.274361e+08  1.659290e+03   3749107   1
       363   2.200299e+08  2.278483e+08  1.665035e+03   3759670   1
       364   3.412587e+08  2.280013e+08  1.670784e+03   3770178   1
       365   2.613170e+08  2.280901e+08  1.676603e+03   3780620   1
       366   6.493725e+08  2.281185e+08  1.682353e+03   3791040   1
       367   2.072934e+08  2.283833e+08  1.688124e+03   3801043   1
       368   6.448082e+08  2.284081e+08  1.693960e+03   3811203   1
       369   3.655483e+08  2.284976e+08  1.699908e+03   3821883   1
       370   5.677587e+08  2.285346e+08  1.705881e+03   3832367   1
       371   2.348526e+08  2.286799e+08  1.717500e+03   3842825   1
       372   3.171142e+08  2.288655e+08  1.723273e+03   3853422   1
       373   2.242528e+08  2.288669e+08  1.729152e+03   3863972   1
       374   2.339372e+08  2.289247e+08  1.734987e+03   3874568   1
       375   3.508964e+08  2.289326e+08  1.740903e+03   3884965   1
       376   2.002007e+08  2.289887e+08  1.746839e+03   3895800   1
       377   2.167513e+08  2.290734e+08  1.752788e+03   3906311   1
       378   4.001767e+08  2.290894e+08  1.758543e+03   3916097   1
       379   2.787536e+08  2.292758e+08  1.764534e+03   3926214   1
       380   2.345798e+08  2.292847e+08  1.770520e+03   3936409   1
       381   1.547018e+08  2.293942e+08  1.776595e+03   3946678   1
       382   2.922422e+08  2.293983e+08  1.788423e+03   3957002   1
       383   2.138128e+08  2.294392e+08  1.794355e+03   3967463   1
       384   2.648038e+08  2.294549e+08  1.800287e+03   3977979   1
       385   3.980481e+08  2.294844e+08  1.806194e+03   3988465   1
       386   2.666414e+08  2.295621e+08  1.812162e+03   3999001   1
       387   5.581390e+08  2.295965e+08  1.818040e+03   4009229   1
       388   4.735543e+08  2.295970e+08  1.824003e+03   4019228   1
       389   6.097481e+08  2.305329e+08  1.829989e+03   4029690   1
       390   2.861262e+08  2.305777e+08  1.836117e+03   4040362   1
       391   2.113760e+08  2.306119e+08  1.842202e+03   4050482   1
       392   2.913030e+08  2.306355e+08  1.848402e+03   4060842   1
       393   2.472715e+08  2.307717e+08  1.860548e+03   4071103   1
       394   3.084846e+08  2.307788e+08  1.866573e+03   4081356   1
       395   2.818161e+08  2.307827e+08  1.872597e+03   4091718   1
       396   1.831976e+08  2.308343e+08  1.878590e+03   4101994   1
       397   3.388732e+08  2.308346e+08  1.884666e+03   4112340   1
       398   2.189645e+08  2.308348e+08  1.890857e+03   4122964   1
       399   2.500042e+08  2.308971e+08  1.896845e+03   4133052   1
       400   1.913557e+08  2.309705e+08  1.902963e+03   4143207   1
       401   1.637261e+08  2.310805e+08  1.909057e+03   4152715   1
       402   2.922889e+08  2.311125e+08  1.915326e+03   4163119   1
       403   2.586965e+08  2.314031e+08  1.921627e+03   4173881   1
       404   2.477739e+08  2.316940e+08  1.933965e+03   4184077   1
       405   1.543934e+08  2.318716e+08  1.940042e+03   4194479   1
       406   2.337780e+08  2.318865e+08  1.946136e+03   4205005   1
       407   1.935836e+08  2.324697e+08  1.952292e+03   4215317   1
       408   2.781014e+08  2.325724e+08  1.958396e+03   4225365   1
       409   2.744795e+08  2.326708e+08  1.964611e+03   4235412   1
       410   3.105853e+08  2.326991e+08  1.970841e+03   4245709   1
       411   2.233087e+08  2.328948e+08  1.977103e+03   4256330   1
       412   5.025496e+08  2.329908e+08  1.983318e+03   4266606   1
       413   6.035716e+08  2.333952e+08  1.989505e+03   4277033   1
       414   2.507937e+08  2.334540e+08  1.995861e+03   4287407   1
       415   1.611577e+08  2.334586e+08  2.008495e+03   4297989   1
       416   2.642178e+08  2.335053e+08  2.014676e+03   4308539   1
       417   4.148137e+08  2.337970e+08  2.020831e+03   4318874   1
       418   2.166987e+08  2.340552e+08  2.027001e+03   4329182   1
       419   3.073166e+08  2.340634e+08  2.033303e+03   4339531   1
       420   2.325026e+08  2.341086e+08  2.039618e+03   4350258   1
       421   3.833820e+08  2.341405e+08  2.045882e+03   4360767   1
       422   2.786198e+08  2.343907e+08  2.052051e+03   4371114   1
       423   2.470436e+08  2.344791e+08  2.058361e+03   4381750   1
       424   2.240023e+08  2.346050e+08  2.064690e+03   4392136   1
       425   2.319765e+08  2.350556e+08  2.071166e+03   4402610   1
       426   5.012654e+08  2.350658e+08  2.077555e+03   4412709   1
       427   2.718065e+08  2.353010e+08  2.090339e+03   4423331   1
       428   2.401271e+08  2.354473e+08  2.096733e+03   4433701   1
       429   2.698864e+08  2.354718e+08  2.103001e+03   4443980   1
       430   2.477318e+08  2.355087e+08  2.109315e+03   4454307   1
       431   2.553067e+08  2.355145e+08  2.115749e+03   4464589   1
       432   1.847949e+08  2.355218e+08  2.122100e+03   4474953   1
       433   2.322052e+08  2.355685e+08  2.128444e+03   4485247   1
       434   2.270871e+08  2.355999e+08  2.134907e+03   4495634   1
       435   5.212243e+08  2.356118e+08  2.141303e+03   4506004   1
       436   2.320613e+08  2.356417e+08  2.147749e+03   4516339   1
       437   2.428624e+08  2.356708e+08  2.154295e+03   4526728   1
       438   4.328017e+08  2.356958e+08  2.167352e+03   4536869   1
       439   2.162557e+08  2.356978e+08  2.173699e+03   4547193   1
       440   1.551865e+08  2.357001e+08  2.180044e+03   4557529   1
       441   2.031880e+08  2.357064e+08  2.186490e+03   4567985   1
       442   2.794853e+08  2.357298e+08  2.193050e+03   4578517   1
       443   5.280752e+08  2.358178e+08  2.199390e+03   4588811   1
       444   2.474181e+08  2.358184e+08  2.205882e+03   4599232   1
       445   2.293669e+08  2.358786e+08  2.212432e+03   4609797   1
       446   2.415783e+08  2.358976e+08  2.218986e+03   4620006   1
       447   2.308589e+08  2.359853e+08  2.225622e+03   4630248   1
       448   2.033732e+08  2.360315e+08  2.232263e+03   4640387   1
       449   1.680432e+08  2.360564e+08  2.238999e+03   4650723   1
       450   3.101235e+08  2.360609e+08  2.252267e+03   4661131   1
       451   2.450495e+08  2.361207e+08  2.258733e+03   4671602   1
       452   2.805962e+08  2.361960e+08  2.265233e+03   4681462   1
       453   1.531403e+08  2.362210e+08  2.271764e+03   4691713   1
       454   2.255960e+08  2.363370e+08  2.278346e+03   4702173   1
       455   4.564136e+08  2.363620e+08  2.284887e+03   4712623   1
       456   2.718843e+08  2.364122e+08  2.291448e+03   4723113   1
       457   1.993420e+08  2.364572e+08  2.298015e+03   4733540   1
       458   2.324094e+08  2.365381e+08  2.304604e+03   4743982   1
       459   2.075113e+08  2.367121e+08  2.311296e+03   4754319   1
       460   2.956421e+08  2.367516e+08  2.317930e+03   4764858   1
       461   2.329069e+08  2.372190e+08  2.324682e+03   4775551   1
       462   2.846781e+08  2.373561e+08  2.338144e+03   4785998   1
       463   2.274053e+08  2.377488e+08  2.344778e+03   4796407   1
       464   3.106781e+08  2.377822e+08  2.351408e+03   4806707   1
       465   4.035653e+08  2.378252e+08  2.358035e+03   4816843   1
       466   2.710203e+08  2.378985e+08  2.364647e+03   4827018   1
       467   2.154797e+08  2.379142e+08  2.371355e+03   4837381   1
       468   2.749016e+08  2.380799e+08  2.378021e+03   4847716   1
       469   2.992778e+08  2.380825e+08  2.384761e+03   4858161   1
       470   1.401356e+08  2.381996e+08  2.391486e+03   4868099   1
       471   1.909944e+08  2.382886e+08  2.398337e+03   4878497   1
       472   2.595554e+08  2.382896e+08  2.405143e+03   4888774   1
       473   3.886794e+08  2.383220e+08  2.411945e+03   4899048   1
       474   1.975663e+08  2.386295e+08  2.425643e+03   4909559   1
       475   2.340710e+08  2.389129e+08  2.432340e+03   4920276   1
       476   2.387384e+08  2.389292e+08  2.438977e+03   4930705   1
       477   4.570007e+08  2.389517e+08  2.445629e+03   4941130   1
       478   2.580528e+08  2.389639e+08  2.452412e+03   4951701   1
       479   2.202999e+08  2.389862e+08  2.459248e+03   4962302   1
       480   2.101242e+08  2.390027e+08  2.466047e+03   4972610   1
       481   1.703205e+08  2.390034e+08  2.472845e+03   4983021   1
       482   4.157993e+08  2.390429e+08  2.479636e+03   4993241   1
       483   2.146650e+08  2.391216e+08  2.486620e+03   5003487   1
       484   2.147312e+08  2.392823e+08  2.493579e+03   5013848   1
       485   2.445745e+08  2.393937e+08  2.500571e+03   5024730   1
       486   2.697869e+08  2.395496e+08  2.514647e+03   5035270   1
       487   1.588740e+08  2.395809e+08  2.521437e+03   5045499   1
       488   2.075967e+08  2.398498e+08  2.528284e+03   5056052   1
       489   1.657065e+08  2.398525e+08  2.535179e+03   5066391   1
       490   2.324594e+08  2.400706e+08  2.541968e+03   5076815   1
       491   1.999943e+08  2.401611e+08  2.548759e+03   5087274   1
       492   2.221372e+08  2.401683e+08  2.555626e+03   5097677   1
       493   2.785569e+08  2.401825e+08  2.562533e+03   5108065   1
       494   2.616902e+08  2.401930e+08  2.569473e+03   5118481   1
       495   3.143210e+08  2.403766e+08  2.576418e+03   5128930   1
       496   1.541077e+08  2.403875e+08  2.583485e+03   5139148   1
       497   2.307232e+08  2.406033e+08  2.590593e+03   5149431   1
       498   1.312861e+08  2.406547e+08  2.604835e+03   5159800   1
       499   2.309755e+08  2.406568e+08  2.611778e+03   5170363   1
       500   2.021814e+08  2.407311e+08  2.618731e+03   5180847   1
       501   2.142843e+08  2.407986e+08  2.625671e+03   5190738   1
       502   1.449767e+08  2.408435e+08  2.632639e+03   5200767   1
       503   6.533227e+08  2.408988e+08  2.639629e+03   5211172   1
       504   1.846565e+08  2.410966e+08  2.646598e+03   5221563   1
       505   3.092411e+08  2.411069e+08  2.653645e+03   5231890   1
       506   2.940763e+08  2.413064e+08  2.660614e+03   5242080   1
       507   2.484108e+08  2.413784e+08  2.667711e+03   5252368   1
       508   4.235523e+08  2.415622e+08  2.674783e+03   5262722   1
       509   2.613986e+08  2.416090e+08  2.681938e+03   5272863   1
       510   2.283429e+08  2.416261e+08  2.696498e+03   5283339   1
       511   1.590773e+08  2.416300e+08  2.703558e+03   5293258   1
       512   3.853407e+08  2.416369e+08  2.710537e+03   5303576   1
       513   2.440440e+08  2.416398e+08  2.717593e+03   5314137   1
       514   2.174165e+08  2.417953e+08  2.724626e+03   5324454   1
       515   2.297365e+08  2.418171e+08  2.731689e+03   5334792   1
       516   1.572647e+08  2.419009e+08  2.738812e+03   5345286   1
       517   1.966509e+08  2.419026e+08  2.745973e+03   5355892   1
       518   3.633420e+08  2.421221e+08  2.753083e+03   5366368   1
       519   4.030921e+08  2.421303e+08  2.760285e+03   5376357   1
       520   3.227825e+08  2.421776e+08  2.767458e+03   5386549   1
       521   2.437978e+08  2.421828e+08  2.774703e+03   5396938   1
       522   2.143386e+08  2.422276e+08  2.782149e+03   5407542   1
       523   1.808323e+08  2.422282e+08  2.796773e+03   5417205   1
       524   2.384344e+08  2.422737e+08  2.803947e+03   5427442   1
       525   2.028378e+08  2.422740e+08  2.811241e+03   5438124   1
       526   4.246113e+08  2.423839e+08  2.818421e+03   5448324   1
       527   4.008637e+08  2.424479e+08  2.825604e+03   5459154   1
       528   2.950320e+08  2.424682e+08  2.832837e+03   5469715   1
       529   3.256136e+08  2.425098e+08  2.839967e+03   5479765   1
       530   1.902721e+08  2.425136e+08  2.847188e+03   5490020   1
       531   4.571301e+08  2.426006e+08  2.854353e+03   5500080   1
       532   2.362163e+08  2.426007e+08  2.861674e+03   5510440   1
       533   3.274038e+08  2.426047e+08  2.869043e+03   5520658   1
       534   1.668412e+08  2.426358e+08  2.876474e+03   5530340   1
       535   4.077966e+08  2.426399e+08  2.891451e+03   5540806   1
       536   2.014846e+08  2.426501e+08  2.898741e+03   5550917   1
       537   2.156295e+08  2.426851e+08  2.905967e+03   5561565   1
       538   1.905534e+08  2.426944e+08  2.913275e+03   5572003   1
       539   1.726130e+08  2.427243e+08  2.920598e+03   5582489   1
       540   2.411155e+08  2.428077e+08  2.927910e+03   5593020   1
       541   1.861211e+08  2.428128e+08  2.935211e+03   5602987   1
       542   6.640368e+08  2.428540e+08  2.942431e+03   5613384   1
       543   2.761078e+08  2.428809e+08  2.949772e+03   5624013   1
       544   2.207642e+08  2.428893e+08  2.957151e+03   5634364   1
       545   1.876953e+08  2.429486e+08  2.964647e+03   5644603   1
       546   1.690391e+08  2.429967e+08  2.972114e+03   5655025   1
       547   2.082522e+08  2.429997e+08  2.979743e+03   5665131   1
       548   3.137174e+08  2.430092e+08  2.994995e+03   5675727   1
       549   4.444029e+08  2.430605e+08  3.002207e+03   5686180   1
       550   1.973859e+08  2.430736e+08  3.009587e+03   5696307   1
       551   2.917359e+08  2.431067e+08  3.016945e+03   5706632   1
       552   2.772495e+08  2.432089e+08  3.024338e+03   5717157   1
       553   1.952379e+08  2.432222e+08  3.031762e+03   5727345   1
       554   2.489878e+08  2.432395e+08  3.039221e+03   5737751   1
       555   1.967442e+08  2.433528e+08  3.046627e+03   5748047   1
       556   3.351808e+08  2.434545e+08  3.054058e+03   5758354   1
       557   2.409486e+08  2.434559e+08  3.061553e+03   5768622   1
       558   7.362836e+08  2.438413e+08  3.068979e+03   5778788   1
       559   3.441243e+08  2.439491e+08  3.076491e+03   5789077   1
       560   2.426692e+08  2.439664e+08  3.084116e+03   5799395   1
       561   2.416950e+08  2.439775e+08  3.099704e+03   5809655   1
       562   2.650850e+08  2.439967e+08  3.107138e+03   5819938   1
       563   2.781100e+08  2.440018e+08  3.114642e+03   5830225   1
       564   2.406553e+08  2.440274e+08  3.122066e+03   5840513   1
       565   3.328994e+08  2.440765e+08  3.129444e+03   5850740   1
       566   1.759033e+08  2.440790e+08  3.136944e+03   5860565   1
       567   2.721098e+08  2.441522e+08  3.144410e+03   5870926   1
       568   2.221815e+08  2.441606e+08  3.151932e+03   5881279   1
       569   1.931593e+08  2.441884e+08  3.159570e+03   5891778   1
       570   4.105041e+08  2.442448e+08  3.167169e+03   5901912   1
       571   2.363642e+08  2.442578e+08  3.174891e+03   5912239   1
       572   2.219789e+08  2.442578e+08  3.182700e+03   5922471   1
       573   2.178342e+08  2.442975e+08  3.198613e+03   5932989   1
       574   2.617157e+08  2.443222e+08  3.206089e+03   5943436   1
       575   2.663221e+08  2.444233e+08  3.213611e+03   5954028   1
       576   6.509971e+08  2.445041e+08  3.221081e+03   5964217   1
       577   5.598399e+08  2.445264e+08  3.228482e+03   5974539   1
       578   1.746504e+08  2.445529e+08  3.236056e+03   5984777   1
       579   4.100896e+08  2.446023e+08  3.243708e+03   5995150   1
       580   1.464695e+08  2.446027e+08  3.251450e+03   6005518   1
       581   1.453671e+08  2.446264e+08  3.259037e+03   6015881   1
       582   3.329286e+08  2.449531e+08  3.266658e+03   6026486   1
       583   2.987743e+08  2.449642e+08  3.274349e+03   6036943   1
       584   2.788434e+08  2.449882e+08  3.282126e+03   6047218   1
       585   3.754612e+08  2.449970e+08  3.289998e+03   6057546   1
       586   2.009427e+08  2.450274e+08  3.298011e+03   6068202   1
       587   1.972078e+08  2.450610e+08  3.314141e+03   6078282   1
       588   4.379714e+08  2.451255e+08  3.321756e+03   6088805   1
       589   1.230082e+08  2.451816e+08  3.329492e+03   6098881   1
       590   3.585792e+08  2.451822e+08  3.337146e+03   6109488   1
       591   2.074558e+08  2.452728e+08  3.344917e+03   6120214   1
       592   1.614680e+08  2.453679e+08  3.352718e+03   6130663   1
       593   2.520618e+08  2.455215e+08  3.360532e+03   6140936   1
       594   2.255477e+08  2.455512e+08  3.368276e+03   6151197   1
       595   2.373848e+08  2.456953e+08  3.376007e+03   6161635   1
       596   1.470434e+08  2.456973e+08  3.383892e+03   6171973   1
       597   2.083752e+08  2.457461e+08  3.391697e+03   6181936   1
       598   2.263668e+08  2.457760e+08  3.399611e+03   6192124   1
       599   8.064289e+08  2.459322e+08  3.407539e+03   6202592   1
       600   2.095132e+08  2.459601e+08  3.424038e+03   6213084   1
       601   2.674819e+08  2.459664e+08  3.431812e+03   6223531   1
       602   8.241375e+08  2.460279e+08  3.439494e+03   6233778   1
       603   2.544318e+08  2.460380e+08  3.447346e+03   6244319   1
       604   2.086850e+08  2.461093e+08  3.455261e+03   6254558   1
       605   2.597418e+08  2.461403e+08  3.463088e+03   6265139   1
       606   2.065015e+08  2.461649e+08  3.470857e+03   6275260   1
       607   1.729275e+08  2.461651e+08  3.478670e+03   6285382   1
       608   4.260034e+08  2.461801e+08  3.486569e+03   6295750   1
       609   2.671749e+08  2.462334e+08  3.494476e+03   6306336   1
       610   2.591749e+08  2.462402e+08  3.502457e+03   6316627   1
       611   2.338082e+08  2.462550e+08  3.510531e+03   6327380   1
       612   2.257746e+08  2.464027e+08  3.518504e+03   6337720   1
       613   2.820004e+08  2.464623e+08  3.526651e+03   6347983   1
       614   3.120909e+08  2.465465e+08  3.543370e+03   6358630   1
       615   1.778398e+08  2.465562e+08  3.551350e+03   6368939   1
       616   1.839768e+08  2.465656e+08  3.559191e+03   6379325   1
       617   1.694419e+08  2.471748e+08  3.567116e+03   6389473   1
       618   2.910027e+08  2.473623e+08  3.575071e+03   6400064   1
       619   1.652944e+08  2.473654e+08  3.583068e+03   6410397   1
       620   2.076685e+08  2.475383e+08  3.591032e+03   6421071   1
       621   3.329740e+08  2.476151e+08  3.599024e+03   6431396   1
       622   2.688485e+08  2.476535e+08  3.607083e+03   6441734   1
       623   3.276555e+08  2.477527e+08  3.615141e+03   6452033   1
       624   2.494336e+08  2.477901e+08  3.623247e+03   6462179   1
       625   2.356628e+08  2.478037e+08  3.631377e+03   6472643   1
       626   1.647053e+08  2.478640e+08  3.639575e+03   6482856   1
       627   2.944185e+08  2.482682e+08  3.656521e+03   6493170   1
       628   1.998602e+08  2.483738e+08  3.664511e+03   6503585   1
       629   7.025019e+08  2.483750e+08  3.672502e+03   6513852   1
       630   2.353866e+08  2.484989e+08  3.680557e+03   6524485   1
       631   2.995320e+08  2.485168e+08  3.688598e+03   6534879   1
       632   2.952390e+08  2.485185e+08  3.696618e+03   6545534   1
       633   3.998759e+08  2.485382e+08  3.704597e+03   6556182   1
       634   2.676703e+08  2.485386e+08  3.712660e+03   6566456   1
       635   3.859427e+08  2.485438e+08  3.720698e+03   6576944   1
       636   2.393372e+08  2.485522e+08  3.728767e+03   6587218   1
       637   1.808031e+08  2.485532e+08  3.736989e+03   6597567   1
       638   2.309301e+08  2.485562e+08  3.745318e+03   6607667   1
       639   2.420762e+08  2.486170e+08  3.753637e+03   6618040   1
       640   2.630222e+08  2.486189e+08  3.761937e+03   6628347   1
       641   1.631440e+08  2.487128e+08  3.779358e+03   6638847   1
       642   2.121214e+08  2.487578e+08  3.787529e+03   6649100   1
       643   1.771292e+08  2.487826e+08  3.795616e+03   6659475   1
       644   2.751152e+08  2.487879e+08  3.803730e+03   6669810   1
       645   6.835530e+08  2.487911e+08  3.811852e+03   6679808   1
       646   4.453757e+08  2.488317e+08  3.819936e+03   6690121   1
       647   1.800326e+08  2.488328e+08  3.828202e+03   6699882   1
       648   1.331960e+08  2.488993e+08  3.836358e+03   6710170   1
       649   2.146468e+08  2.489308e+08  3.844641e+03   6720583   1
       650   1.860747e+08  2.490257e+08  3.852861e+03   6731195   1
       651   2.565112e+08  2.490366e+08  3.861010e+03   6741215   1
       652   1.922480e+08  2.490502e+08  3.869494e+03   6751289   1
       653   2.170212e+08  2.490518e+08  3.877956e+03   6761609   1
       654   3.297672e+08  2.491632e+08  3.886359e+03   6772021   1
       655   1.829045e+08  2.491705e+08  3.903788e+03   6782223   1
       656   1.908875e+08  2.492460e+08  3.912016e+03   6792714   1
       657   4.395414e+08  2.492776e+08  3.920175e+03   6802730   1
       658   1.691247e+08  2.492840e+08  3.928496e+03   6812947   1
       659   4.347281e+08  2.492999e+08  3.936576e+03   6822933   1
       660   4.079735e+08  2.495846e+08  3.944916e+03   6833592   1
       661   2.525810e+08  2.496102e+08  3.953126e+03   6843876   1
       662   2.346362e+08  2.497348e+08  3.961635e+03   6854148   1
       663   2.146701e+08  2.497364e+08  3.970079e+03   6864812   1
       664   3.243336e+08  2.499622e+08  3.978235e+03   6874939   1
       665   2.465730e+08  2.499676e+08  3.986564e+03   6884569   1
       666   4.755814e+08  2.499784e+08  3.994999e+03   6894795   1
       667   4.634568e+08  2.500623e+08  4.003523e+03   6905029   1
       668   1.758425e+08  2.500632e+08  4.012106e+03   6915505   1
       669   1.353238e+08  2.500862e+08  4.029923e+03   6925676   1
       670   2.285564e+08  2.500885e+08  4.038252e+03   6936393   1
       671   2.420632e+08  2.501185e+08  4.046585e+03   6946666   1
       672   1.747942e+08  2.503930e+08  4.054980e+03   6957170   1
       673   2.408652e+08  2.504203e+08  4.063331e+03   6967944   1
       674   2.512350e+08  2.504284e+08  4.071708e+03   6978477   1
       675   2.391532e+08  2.505168e+08  4.080090e+03   6989053   1
       676   5.614235e+08  2.505288e+08  4.088515e+03   6999505   1
       677   2.421897e+08  2.505716e+08  4.097061e+03   7009765   1
       678   5.120101e+08  2.506205e+08  4.105504e+03   7019824   1
       679   1.848664e+08  2.507254e+08  4.114139e+03   7030241   1
       680   3.009820e+08  2.507961e+08  4.122695e+03   7040772   1
       681   1.994802e+08  2.508205e+08  4.131262e+03   7051465   1
       682   3.155991e+08  2.508378e+08  4.139884e+03   7061733   1
       683   2.395806e+08  2.508690e+08  4.157935e+03   7072147   1
       684   2.040974e+08  2.508719e+08  4.166450e+03   7082463   1
       685   2.573484e+08  2.508782e+08  4.174904e+03   7092872   1
       686   3.710419e+08  2.510134e+08  4.183342e+03   7103116   1
       687   3.234577e+08  2.510169e+08  4.191952e+03   7113620   1
       688   2.426946e+08  2.510633e+08  4.200466e+03   7123746   1
       689   2.019170e+08  2.510644e+08  4.209028e+03   7133949   1
       690   2.875974e+08  2.511093e+08  4.217552e+03   7144181   1
       691   2.900084e+08  2.511479e+08  4.226097e+03   7154671   1
       692   1.641384e+08  2.511530e+08  4.234684e+03   7164610   1
       693   2.319182e+08  2.511779e+08  4.243332e+03   7174788   1
       694   1.464147e+08  2.511795e+08  4.252088e+03   7184866   1
       695   3.237393e+08  2.512648e+08  4.260870e+03   7195103   1
       696   1.671058e+08  2.512653e+08  4.269618e+03   7205489   1
       697   2.303792e+08  2.513105e+08  4.287893e+03   7216190   1
       698   3.248870e+08  2.513113e+08  4.296450e+03   7226732   1
       699   2.287636e+08  2.513141e+08  4.305104e+03   7236929   1
       700   3.052846e+08  2.513196e+08  4.313727e+03   7247392   1
       701   2.749288e+08  2.513237e+08  4.322357e+03   7257449   1
       702   2.522643e+08  2.513845e+08  4.331031e+03   7268027   1
       703   2.086229e+08  2.514512e+08  4.339674e+03   7278412   1
       704   3.627612e+08  2.514521e+08  4.348341e+03   7289019   1
       705   2.521793e+08  2.514564e+08  4.357195e+03   7298960   1
       706   1.675006e+08  2.514828e+08  4.365944e+03   7309422   1
       707   2.012932e+08  2.514859e+08  4.374671e+03   7319740   1
       708   1.805188e+08  2.515043e+08  4.383714e+03   7329562   1
       709   1.880401e+08  2.515225e+08  4.392733e+03   7339640   1
       710   4.744680e+08  2.515608e+08  4.401915e+03   7350050   1
       711   1.741294e+08  2.515964e+08  4.420641e+03   7360083   1
       712   2.253755e+08  2.516248e+08  4.429323e+03   7370563   1
       713   1.835777e+08  2.517085e+08  4.438141e+03   7380728   1
       714   4.703104e+08  2.517753e+08  4.446782e+03   7391122   1
       715   2.353759e+08  2.519463e+08  4.455564e+03   7401768   1
       716   4.235064e+08  2.519725e+08  4.464224e+03   7411857   1
       717   2.280719e+08  2.520652e+08  4.472974e+03   7422148   1
       718   1.595116e+08  2.520657e+08  4.481806e+03   7432429   1
       719   1.946358e+08  2.520690e+08  4.490679e+03   7442722   1
       720   3.473597e+08  2.521259e+08  4.499424e+03   7453145   1
       721   2.633260e+08  2.521362e+08  4.508247e+03   7463440   1
       722   2.278101e+08  2.521623e+08  4.517178e+03   7474170   1
       723   5.323866e+08  2.521855e+08  4.525956e+03   7484513   1
       724   4.914633e+08  2.522099e+08  4.534815e+03   7494813   1
       725   2.492581e+08  2.522557e+08  4.543806e+03   7505257   1
       726   2.719789e+08  2.524619e+08  4.562753e+03   7515996   1
       727   2.849817e+08  2.525193e+08  4.571574e+03   7525975   1
       728   2.985432e+08  2.525206e+08  4.580455e+03   7536184   1
       729   1.985125e+08  2.525346e+08  4.589329e+03   7546502   1
       730   1.559436e+08  2.525387e+08  4.598255e+03   7556687   1
       731   1.522022e+08  2.525390e+08  4.607129e+03   7566718   1
       732   2.807411e+08  2.525653e+08  4.616079e+03   7577192   1
       733   1.680466e+08  2.526021e+08  4.624957e+03   7587284   1
       734   2.712548e+08  2.526532e+08  4.633912e+03   7597875   1
       735   6.148460e+08  2.526542e+08  4.642700e+03   7608601   1
       736   2.355967e+08  2.527268e+08  4.651634e+03   7618646   1
       737   3.872990e+08  2.527346e+08  4.660577e+03   7629090   1
       738   2.161966e+08  2.527816e+08  4.669744e+03   7639236   1
       739   4.608285e+08  2.528660e+08  4.678878e+03   7649721   1
       740   4.746039e+08  2.529775e+08  4.688104e+03   7659537   1
       741   2.058999e+08  2.530283e+08  4.707358e+03   7669912   1
       742   3.542669e+08  2.531437e+08  4.716245e+03   7680219   1
       743   2.848171e+08  2.531605e+08  4.725336e+03   7690345   1
       744   4.660711e+08  2.531923e+08  4.734280e+03   7700639   1
       745   2.428965e+08  2.532996e+08  4.743385e+03   7711020   1
       746   2.185839e+08  2.533754e+08  4.752360e+03   7721633   1
       747   2.504076e+08  2.533859e+08  4.761354e+03   7732049   1
       748   1.857272e+08  2.534692e+08  4.770409e+03   7742488   1
       749   2.475369e+08  2.536719e+08  4.779442e+03   7753117   1
       750   1.869029e+08  2.536743e+08  4.788519e+03   7763030   1
       751   2.596812e+08  2.536848e+08  4.797684e+03   7773682   1
       752   6.985173e+08  2.537362e+08  4.806612e+03   7784053   1
       753   3.600638e+08  2.537630e+08  4.815905e+03   7794331   1
       754   2.751825e+08  2.538188e+08  4.825048e+03   7804801   1
       755   2.269061e+08  2.538844e+08  4.834241e+03   7815012   1
       756   1.769637e+08  2.538943e+08  4.843563e+03   7825455   1
       757   2.750185e+08  2.539632e+08  4.862992e+03   7836013   1
       758   1.999015e+08  2.539782e+08  4.872141e+03   7846484   1
       759   2.511096e+08  2.539832e+08  4.881176e+03   7856556   1
       760   5.808121e+08  2.539956e+08  4.890294e+03   7866845   1
       761   2.261068e+08  2.539995e+08  4.899458e+03   7877501   1
       762   2.460296e+08  2.540194e+08  4.908647e+03   7888065   1
       763   2.601461e+08  2.540507e+08  4.917957e+03   7898416   1
       764   2.341800e+08  2.540516e+08  4.927226e+03   7908720   1
       765   1.710968e+08  2.540633e+08  4.936501e+03   7918609   1
       766   1.532923e+08  2.541421e+08  4.945680e+03   7928784   1
       767   3.001597e+08  2.542374e+08  4.954875e+03   7939319   1
       768   2.388807e+08  2.542441e+08  4.964233e+03   7949558   1
       769   1.841357e+08  2.543145e+08  4.973666e+03   7959933   1
       770   1.937916e+08  2.543225e+08  4.983077e+03   7970171   1
       771   3.473824e+08  2.543312e+08  4.992500e+03   7980772   1
       772   2.953135e+08  2.543527e+08  5.012364e+03   7991063   1
       773   2.843614e+08  2.544268e+08  5.021576e+03   8001488   1
       774   2.844992e+08  2.544279e+08  5.030735e+03   8012225   1
       775   3.419501e+08  2.545168e+08  5.039931e+03   8022888   1
       776   3.494337e+08  2.545266e+08  5.049096e+03   8033563   1
       777   7.977837e+08  2.545266e+08  5.058363e+03   8043741   1
       778   2.700140e+08  2.545274e+08  5.067575e+03   8053924   1
       779   2.580262e+08  2.545408e+08  5.076972e+03   8064275   1
       780   1.836313e+08  2.545413e+08  5.086480e+03   8074600   1
       781   1.724278e+08  2.545416e+08  5.095834e+03   8085287   1
       782   2.454504e+08  2.545544e+08  5.105259e+03   8095906   1
       783   3.789944e+08  2.545763e+08  5.114643e+03   8106577   1
       784   2.522000e+08  2.545988e+08  5.124188e+03   8116839   1
       785   2.447852e+08  2.546195e+08  5.133625e+03   8126850   1
       786   1.780871e+08  2.546239e+08  5.143185e+03   8136886   1
       787   3.650931e+08  2.546322e+08  5.152860e+03   8147403   1
       788   5.148678e+08  2.546327e+08  5.172888e+03   8157868   1
       789   2.806166e+08  2.547068e+08  5.182107e+03   8168348   1
       790   6.105366e+08  2.547408e+08  5.191404e+03   8178364   1
       791   2.045384e+08  2.547831e+08  5.200904e+03   8188843   1
       792   2.233241e+08  2.547894e+08  5.210344e+03   8198979   1
       793   2.945749e+08  2.548040e+08  5.219813e+03   8209161   1
       794   1.698423e+08  2.548042e+08  5.229222e+03   8219745   1
       795   2.898965e+08  2.548102e+08  5.238614e+03   8230153   1
       796   1.788498e+08  2.548270e+08  5.248069e+03   8240570   1
       797   2.946299e+08  2.548276e+08  5.257603e+03   8250730   1
       798   3.569325e+08  2.548421e+08  5.267050e+03   8260947   1
       799   5.881514e+08  2.548647e+08  5.276320e+03   8271470   1
       800   2.600880e+08  2.548661e+08  5.285865e+03   8282013   1
       801   3.042571e+08  2.549010e+08  5.295312e+03   8292387   1
       802   2.786571e+08  2.549246e+08  5.304956e+03   8302846   1
       803   2.917869e+08  2.549258e+08  5.314684e+03   8313566   1
       804   3.200635e+08  2.549483e+08  5.335221e+03   8324113   1
       805   2.902247e+08  2.549858e+08  5.344694e+03   8334543   1
       806   2.362699e+08  2.550634e+08  5.354155e+03   8344829   1
       807   2.621851e+08  2.551142e+08  5.363794e+03   8355345   1
       808   2.262873e+08  2.551277e+08  5.373327e+03   8365562   1
       809   2.332362e+08  2.551297e+08  5.382836e+03   8375836   1
       810   2.286623e+08  2.551303e+08  5.392390e+03   8386559   1
       811   2.279201e+08  2.551966e+08  5.401933e+03   8397267   1
       812   3.038449e+08  2.552309e+08  5.411390e+03   8407462   1
       813   1.850718e+08  2.552674e+08  5.421041e+03   8417920   1
       814   2.745696e+08  2.552777e+08  5.430696e+03   8428644   1
       815   3.339453e+08  2.552969e+08  5.440154e+03   8439241   1
       816   1.578687e+08  2.552973e+08  5.450065e+03   8449488   1
       817   1.363278e+08  2.553154e+08  5.459827e+03   8459536   1
       818   1.695332e+08  2.553339e+08  5.469709e+03   8470007   1
       819   6.590202e+08  2.553375e+08  5.479455e+03   8480232   1
       820   2.188403e+08  2.553386e+08  5.500317e+03   8490117   1
       821   3.980845e+08  2.553423e+08  5.509947e+03   8500489   1
       822   1.429788e+08  2.553601e+08  5.519664e+03   8510442   1
       823   1.506595e+08  2.553607e+08  5.529171e+03   8520858   1
       824   3.819605e+08  2.556820e+08  5.538834e+03   8531286   1
       825   1.886756e+08  2.556832e+08  5.548615e+03   8541814   1
       826   8.021494e+08  2.557281e+08  5.558213e+03   8551919   1
       827   2.273520e+08  2.559233e+08  5.567971e+03   8562217   1
       828   2.347218e+08  2.560203e+08  5.577624e+03   8572600   1
       829   2.333855e+08  2.561739e+08  5.587362e+03   8582699   1
       830   2.875810e+08  2.568520e+08  5.597040e+03   8593041   1
       831   2.191211e+08  2.569822e+08  5.606831e+03   8603460   1
       832   2.960817e+08  2.570765e+08  5.616547e+03   8613676   1
       833   2.401725e+08  2.570843e+08  5.626321e+03   8624221   1
       834   2.661798e+08  2.570929e+08  5.636193e+03   8634343   1
       835   1.486312e+08  2.571106e+08  5.646193e+03   8644740   1
       836   2.172424e+08  2.571965e+08  5.667246e+03   8655196   1
       837   1.376445e+08  2.571965e+08  5.677097e+03   8665035   1
       838   1.576785e+08  2.574178e+08  5.686911e+03   8675576   1
       839   2.609925e+08  2.574474e+08  5.696674e+03   8686074   1
       840   2.833027e+08  2.576451e+08  5.706319e+03   8696513   1
       841   2.207089e+08  2.576845e+08  5.716109e+03   8707143   1
       842   2.818578e+08  2.578398e+08  5.725842e+03   8717512   1
       843   2.224394e+08  2.578444e+08  5.735536e+03   8728057   1
       844   4.853798e+08  2.579105e+08  5.745253e+03   8738457   1
       845   3.616061e+08  2.579112e+08  5.755114e+03   8748720   1
       846   2.625542e+08  2.580835e+08  5.764923e+03   8759306   1
       847   7.589062e+08  2.581036e+08  5.774615e+03   8769382   1
       848   3.619392e+08  2.582292e+08  5.784433e+03   8780138   1
       849   1.723931e+08  2.582989e+08  5.794546e+03   8790582   1
       850   2.079893e+08  2.583013e+08  5.804570e+03   8801026   1
       851   2.580884e+08  2.583369e+08  5.814665e+03   8811601   1
       852   2.035759e+08  2.583668e+08  5.836333e+03   8822182   1
       853   2.027031e+08  2.583680e+08  5.846181e+03   8832643   1
       854   3.232765e+08  2.584229e+08  5.855912e+03   8842951   1
       855   2.180550e+08  2.585324e+08  5.865705e+03   8853426   1
       856   2.421951e+08  2.585328e+08  5.875631e+03   8863707   1
       857   1.960554e+08  2.585841e+08  5.885614e+03   8873874   1
       858   3.432512e+08  2.585901e+08  5.895636e+03   8883969   1
       859   2.423865e+08  2.585962e+08  5.905591e+03   8893989   1
       860   2.223882e+08  2.586221e+08  5.915668e+03   8903852   1
       861   1.868770e+08  2.586227e+08  5.925654e+03   8914201   1
       862   2.459906e+08  2.586298e+08  5.935714e+03   8924503   1
       863   1.828314e+08  2.586648e+08  5.945820e+03   8935191   1
       864   1.446282e+08  2.587026e+08  5.955882e+03   8945721   1
       865   3.538764e+08  2.587601e+08  5.965957e+03   8955816   1
       866   4.109488e+08  2.587970e+08  5.976073e+03   8965970   1
       867   2.182109e+08  2.587990e+08  5.986409e+03   8976104   1
       868   2.086125e+08  2.588066e+08  6.008411e+03   8986638   1
       869   2.271924e+08  2.588987e+08  6.018365e+03   8997058   1
       870   4.034510e+08  2.589013e+08  6.028342e+03   9007810   1
       871   2.470369e+08  2.589035e+08  6.038258e+03   9018051   1
       872   3.359648e+08  2.589160e+08  6.048247e+03   9028440   1
       873   3.376931e+08  2.589706e+08  6.058468e+03   9038814   1
       874   1.830269e+08  2.589822e+08  6.068453e+03   9049437   1
       875   2.541406e+08  2.589851e+08  6.078519e+03   9059754   1
       876   3.246526e+08  2.589907e+08  6.088677e+03   9070049   1
       877   2.138077e+08  2.589929e+08  6.098831e+03   9080533   1
       878   2.119347e+08  2.590522e+08  6.109017e+03   9091004   1
       879   3.437507e+08  2.590530e+08  6.119176e+03   9101436   1
       880   2.387509e+08  2.591155e+08  6.129351e+03   9111671   1
       881   2.327326e+08  2.591447e+08  6.139614e+03   9122144   1
       882   5.467960e+08  2.591455e+08  6.149811e+03   9132521   1
       883   6.437747e+08  2.591623e+08  6.160011e+03   9143100   1
       884   3.577159e+08  2.591906e+08  6.170250e+03   9153338   1
       885   4.972920e+08  2.591912e+08  6.192413e+03   9163741   1
       886   2.866850e+08  2.591978e+08  6.202591e+03   9174336   1
       887   5.269685e+08  2.592528e+08  6.212545e+03   9184712   1
       888   1.432245e+08  2.592538e+08  6.222702e+03   9194686   1
       889   2.162770e+08  2.592576e+08  6.232949e+03   9205225   1
       890   5.343854e+08  2.592664e+08  6.243012e+03   9215786   1
       891   2.243647e+08  2.592692e+08  6.253169e+03   9225857   1
       892   1.887692e+08  2.592837e+08  6.263325e+03   9236311   1
       893   1.496392e+08  2.592914e+08  6.273495e+03   9246775   1
       894   1.388374e+08  2.592914e+08  6.283731e+03   9257035   1
       895   6.570969e+08  2.593019e+08  6.293976e+03   9267296   1
       896   6.867020e+08  2.593675e+08  6.304002e+03   9277513   1
       897   1.467618e+08  2.593766e+08  6.314367e+03   9287454   1
       898   2.140002e+08  2.594896e+08  6.324758e+03   9297622   1
       899   2.864921e+08  2.594951e+08  6.335138e+03   9308144   1
       900   3.008749e+08  2.595060e+08  6.345428e+03   9318615   1
       901   2.113036e+08  2.595305e+08  6.356021e+03   9329084   1
       902   2.432465e+08  2.595465e+08  6.378693e+03   9339383   1
       903   2.429161e+08  2.595605e+08  6.388995e+03   9349876   1
       904   2.442032e+08  2.595862e+08  6.399322e+03   9360525   1
       905   1.938492e+08  2.595921e+08  6.409716e+03   9370917   1
       906   3.847114e+08  2.596004e+08  6.420021e+03   9381281   1
       907   1.613204e+08  2.596132e+08  6.430400e+03   9391600   1
       908   1.925736e+08  2.596148e+08  6.440772e+03   9401885   1
       909   2.694622e+08  2.596153e+08  6.451282e+03   9411840   1
       910   2.267736e+08  2.596493e+08  6.461744e+03   9422448   1
       911   3.676096e+08  2.597036e+08  6.472126e+03   9432732   1
       912   3.047056e+08  2.597122e+08  6.482470e+03   9443062   1
       913   3.298050e+08  2.597463e+08  6.492966e+03   9453512   1
       914   2.885856e+08  2.597491e+08  6.503434e+03   9464267   1
       915   2.443379e+08  2.597715e+08  6.514087e+03   9474196   1
       916   1.719951e+08  2.597770e+08  6.524570e+03   9484649   1
       917   2.656035e+08  2.598214e+08  6.535009e+03   9495036   1
       918   2.761384e+08  2.598316e+08  6.545732e+03   9505410   1
       919   2.153296e+08  2.598811e+08  6.556558e+03   9516039   1
       920   3.158130e+08  2.598999e+08  6.579330e+03   9526231   1
       921   1.945132e+08  2.599608e+08  6.590043e+03   9536648   1
       922   1.555536e+08  2.599608e+08  6.600504e+03   9547128   1
       923   1.336469e+08  2.599623e+08  6.611087e+03   9557220   1
       924   2.615625e+08  2.599697e+08  6.621655e+03   9567755   1
       925   2.377757e+08  2.599717e+08  6.632129e+03   9578529   1
       926   2.092135e+08  2.600324e+08  6.642471e+03   9588713   1
       927   2.614395e+08  2.601042e+08  6.653133e+03   9599284   1
       928   2.157412e+08  2.601393e+08  6.663807e+03   9609030   1
       929   1.588325e+08  2.602127e+08  6.674378e+03   9619250   1
       930   1.802916e+08  2.602817e+08  6.684954e+03   9629904   1
       931   2.562584e+08  2.603667e+08  6.695611e+03   9640453   1
       932   2.598379e+08  2.603733e+08  6.706349e+03   9650707   1
       933   9.902871e+07  2.603912e+08  6.717023e+03   9660768   1
       934   3.738264e+08  2.606075e+08  6.727929e+03   9670832   1
       935   2.782212e+08  2.606104e+08  6.738753e+03   9681105   1
       936   1.747450e+08  2.606184e+08  6.762061e+03   9691124   1
       937   2.394517e+08  2.606212e+08  6.772642e+03   9701564   1
       938   6.068501e+08  2.606403e+08  6.783071e+03   9711759   1
       939   4.526256e+08  2.606522e+08  6.793667e+03   9722105   1
       940   3.104141e+08  2.607068e+08  6.804389e+03   9732474   1
       941   1.819098e+08  2.607102e+08  6.815181e+03   9742917   1
       942   2.558224e+08  2.607379e+08  6.825851e+03   9753316   1
       943   1.713954e+08  2.607379e+08  6.836868e+03   9763824   1
       944   2.530372e+08  2.607726e+08  6.847550e+03   9774470   1
       945   3.404419e+08  2.608190e+08  6.858326e+03   9784943   1
       946   2.059832e+08  2.608929e+08  6.868996e+03   9795360   1
       947   2.543794e+08  2.608946e+08  6.879627e+03   9805978   1
       948   1.929399e+08  2.610841e+08  6.890420e+03   9816358   1
       949   2.720110e+08  2.610909e+08  6.901365e+03   9826931   1
       950   1.574458e+08  2.611210e+08  6.912253e+03   9837435   1
       951   2.004871e+08  2.612475e+08  6.923142e+03   9847712   1
       952   1.726558e+08  2.612563e+08  6.934070e+03   9857525   1
       953   2.095511e+08  2.613075e+08  6.957932e+03   9867925   1
       954   2.641166e+08  2.613216e+08  6.968605e+03   9878402   1
       955   3.356257e+08  2.613396e+08  6.979165e+03   9889023   1
       956   2.573410e+08  2.613417e+08  6.989860e+03   9899415   1
       957   3.387985e+08  2.613485e+08  7.000556e+03   9909474   1
       958   2.703344e+08  2.613511e+08  7.011570e+03   9919703   1
       959   2.934139e+08  2.614256e+08  7.022356e+03   9930302   1
       960   6.208154e+08  2.614347e+08  7.033063e+03   9940249   1
       961   1.674036e+08  2.614489e+08  7.044040e+03   9950599   1
       962   1.554438e+08  2.615250e+08  7.054842e+03   9961370   1
       963   2.240164e+08  2.615265e+08  7.065701e+03   9971872   1
       964   4.054415e+08  2.615777e+08  7.076642e+03   9982047   1
       965   1.861668e+08  2.616093e+08  7.087500e+03   9992481   1
       966   1.853949e+08  2.616098e+08  7.098412e+03  10002487   1
       967   1.964120e+08  2.616217e+08  7.109487e+03  10012612   1
       968   1.463145e+08  2.616410e+08  7.120449e+03  10022729   1
       969   3.720032e+08  2.616414e+08  7.131514e+03  10033273   1
       970   2.133902e+08  2.618430e+08  7.142755e+03  10043047   1
       971   2.826073e+08  2.619247e+08  7.166582e+03  10053655   1
       972   3.455536e+08  2.619395e+08  7.177222e+03  10064222   1
       973   2.781386e+08  2.619952e+08  7.187958e+03  10074524   1
       974   2.283956e+08  2.620256e+08  7.198766e+03  10085108   1
       975   3.291786e+08  2.620459e+08  7.209628e+03  10095812   1
-------------------------------------------------------------------
status         : time_limit
total time (s) : 7.209628e+03
total solves   : 10095812
best bound     :  2.620459e+08
simulation ci  :  2.953752e+08  9.135508e+06
numeric issues : 0
-------------------------------------------------------------------

 
                                        Time                    Allocations      
                                  
       Tot / % measured:            2.00h /  99.9%            858GiB /  99.9%    

 Section               ncalls     time    %tot     avg     alloc    %tot      avg
 
 backward_pass            975    1.99h   99.5%   7.36s    849GiB   99.1%   892MiB
   solve_subproblem     10.0M    2570s   35.6%   258s    507GiB   59.1%  53.2KiB
     get_dual_solution  10.0M    47.9s    0.7%  4.80s   14.3GiB    1.7%  1.50KiB
   prepare_backward...  1.95k    1.40s    0.0%   719s    311MiB    0.0%   163KiB
 forward_pass             975    31.1s    0.4%  31.9ms   6.81GiB    0.8%  7.15MiB
   solve_subproblem      117k    28.6s    0.4%   244s   5.96GiB    0.7%  53.4KiB
     get_dual_solution   117k    117ms    0.0%   999ns   62.5MiB    0.0%     560B
   sample_scenario        975   5.05ms    0.0%  5.18s    152KiB    0.0%     160B
 calculate_bound          975    2.53s    0.0%  2.59ms    835MiB    0.1%   877KiB
   get_dual_solution      975   1.38ms    0.0%  1.41s    533KiB    0.0%     560B
 


||||||||||||||||||||||||||||||||||||||||||||||||||||||||||||||||||||||||||||||||||||||||||||||||||||||||||||||||||||||||||||||||||||||||
SIMULATION RESULTS
LogLinearSDDP.NoSimulation()
markov
Lower bound: 2.6204593099474958e8
Statistical upper bound (confidence interval): 3.28904169883885e8  6.566413299144734e6
Pessimistic upper bound: 3.354705831830298e8

||||||||||||||||||||||||||||||||||||||||||||||||||||||||||||||||||||||||||||||||||||||||||||||||||||||||||||||||||||||||||||||||||||||||
SIMULATION RESULTS
LogLinearSDDP.NoSimulation()
markov
Lower bound: 2.6204593099474958e8
Statistical upper bound (confidence interval): 2.0987933938140288e8  5.213062360364436e6
Pessimistic upper bound: 2.1509240174176732e8

||||||||||||||||||||||||||||||||||||||||||||||||||||||||||||||||||||||||||||||||||||||||||||||||||||||||||||||||||||||||||||||||||||||||
SIMULATION RESULTS
LogLinearSDDP.NoSimulation()
custom_model
Lower bound: 2.6204593099474958e8
Statistical upper bound (confidence interval): 3.5648989390406495e8  7.060591052434456e6
Pessimistic upper bound: 3.635504849564994e8

||||||||||||||||||||||||||||||||||||||||||||||||||||||||||||||||||||||||||||||||||||||||||||||||||||||||||||||||||||||||||||||||||||||||
SIMULATION RESULTS
LogLinearSDDP.NoSimulation()
custom_model
Lower bound: 2.6204593099474958e8
Statistical upper bound (confidence interval): 2.2212102781501415e8  5.438894593526338e6
Pessimistic upper bound: 2.275599224085405e8

||||||||||||||||||||||||||||||||||||||||||||||||||||||||||||||||||||||||||||||||||||||||||||||||||||||||||||||||||||||||||||||||||||||||
SIMULATION RESULTS
LogLinearSDDP.NoSimulation()
fitted_model
Lower bound: 2.6204593099474958e8
Statistical upper bound (confidence interval): 2.6237000272104815e8  4.242587349276702e6
Pessimistic upper bound: 2.6661259007032484e8

||||||||||||||||||||||||||||||||||||||||||||||||||||||||||||||||||||||||||||||||||||||||||||||||||||||||||||||||||||||||||||||||||||||||
SIMULATION RESULTS
LogLinearSDDP.NoSimulation()
fitted_model
Lower bound: 2.6204593099474958e8
Statistical upper bound (confidence interval): 1.731847548437952e8  3.390411731583602e6
Pessimistic upper bound: 1.765751665753788e8

||||||||||||||||||||||||||||||||||||||||||||||||||||||||||||||||||||||||||||||||||||||||||||||||||||||||||||||||||||||||||||||||||||||||
SIMULATION RESULTS
LogLinearSDDP.NoSimulation()
shapiro_model
Lower bound: 2.6204593099474958e8
Statistical upper bound (confidence interval): 2.700787987806996e8  4.809832594454167e6
Pessimistic upper bound: 2.748886313751538e8

||||||||||||||||||||||||||||||||||||||||||||||||||||||||||||||||||||||||||||||||||||||||||||||||||||||||||||||||||||||||||||||||||||||||
SIMULATION RESULTS
LogLinearSDDP.NoSimulation()
shapiro_model
Lower bound: 2.6204593099474958e8
Statistical upper bound (confidence interval): 1.7790821426789618e8  3.8542622634604867e6
Pessimistic upper bound: 1.8176247653135666e8

||||||||||||||||||||||||||||||||||||||||||||||||||||||||||||||||||||||||||||||||||||||||||||||||||||||||||||||||||||||||||||||||||||||||
SIMULATION RESULTS
LogLinearSDDP.NoSimulation()
markov
Lower bound: 2.620858287866006e8
Statistical upper bound (confidence interval): 4.819280956152703e8  8.16379987294316e7
Pessimistic upper bound: 5.635660943447019e8

||||||||||||||||||||||||||||||||||||||||||||||||||||||||||||||||||||||||||||||||||||||||||||||||||||||||||||||||||||||||||||||||||||||||
SIMULATION RESULTS
LogLinearSDDP.NoSimulation()
markov
Lower bound: 2.620858287866006e8
Statistical upper bound (confidence interval): 3.13460011746067e8  6.6171202795214295e7
Pessimistic upper bound: 3.796312145412813e8
