||||||||||||||||||||||||||||||||||||||||||||||||||||||||||||||||||||||||||||||||||||||||||||||||||||||||||||||||||||||||||||||||||||||||
PATH
calling 
C:\Users\cg4102\Documents\New LogLinearSDDP\LogLinearSDDP.jl\Examples\Hydrothermal
C:\Users\cg4102\Documents\New LogLinearSDDP\LogLinearSDDP.jl\Examples\Hydrothermal\run_model_linearized.jl
DATETIME
2025-04-03T15:10:39.089
RUN DESCRIPTION
LogLinearSDDP.AlgoParams(SDDP.AbstractStoppingRule[SDDP.TimeLimit(7200.0)], LogLinearSDDP.Simulation(SDDP.InSampleMonteCarlo(0, false, true, SDDP.var"#155#158"{SDDP.var"#156#159"}(SDDP.var"#156#159"(), Core.Box(0)), nothing), 2000, 11111), false, 2, 1, "C:/Users/cg4102/Documents/julia_logs/Cut-sharing Final Run (2h) - NoCS/Run_shapiro_model_444444/LinearizedSDDP.log", false, false, false, 444444, "", :fitted_model)
-------------------------------------------------------------------
         SDDP.jl (c) Oscar Dowson and contributors, 2017-23
-------------------------------------------------------------------
problem
  nodes           : 120
  state variables : 8
  scenarios       : 1.00000e+238
  existing cuts   : false
options
  solver          : serial mode
  risk measure    : SDDP.Expectation()
  sampling scheme : SDDP.InSampleMonteCarlo
subproblem structure
  VariableRef                                  : [170, 174]
  JuMP.AffExpr in MOI.EqualTo{Float64}         : [13, 13]
  JuMP.VariableRef in MOI.EqualTo{Float64}     : [1, 1]
  JuMP.VariableRef in MOI.GreaterThan{Float64} : [157, 157]
  JuMP.VariableRef in MOI.LessThan{Float64}    : [148, 149]
-------------------------------------------------------------------
 iteration    simulation      bound        time (s)     solves  pid
-------------------------------------------------------------------
         1   2.737213e+09  2.450955e+05  2.266000e+00     12021   1
         2   1.313517e+09  2.450955e+05  4.454000e+00     24042   1
         3   1.289804e+09  2.891103e+05  6.688000e+00     36063   1
         4   6.841283e+08  1.948090e+06  8.907000e+00     48084   1
         5   7.793026e+08  2.197013e+06  1.114200e+01     60105   1
         6   1.035222e+09  2.437984e+06  1.342500e+01     72126   1
         7   1.232868e+09  2.551315e+06  1.567500e+01     84147   1
         8   6.976444e+08  3.609457e+06  1.790900e+01     96168   1
         9   6.107955e+08  3.674943e+06  2.019000e+01    108189   1
        10   4.419403e+08  3.695057e+06  2.244000e+01    120210   1
        11   3.692090e+08  7.495950e+06  2.472200e+01    132231   1
        12   4.590713e+08  7.764930e+06  2.698900e+01    144252   1
        13   4.989046e+08  1.770123e+07  2.923900e+01    156273   1
        14   2.112241e+08  1.915754e+07  3.147300e+01    168294   1
        15   4.375925e+08  1.936826e+07  3.370700e+01    180315   1
        16   6.356154e+08  1.971167e+07  3.595700e+01    192336   1
        17   5.436884e+08  2.115819e+07  3.820700e+01    204357   1
        18   6.911468e+08  2.213038e+07  4.050600e+01    216378   1
        19   4.272784e+08  2.259422e+07  4.275700e+01    228399   1
        20   3.582522e+08  2.278940e+07  4.502300e+01    240420   1
        21   1.912558e+08  4.368196e+07  4.727300e+01    252441   1
        22   7.400400e+08  4.421055e+07  4.955400e+01    264462   1
        23   3.478031e+08  4.480683e+07  5.188300e+01    276483   1
        24   2.365801e+08  4.504689e+07  5.419600e+01    288504   1
        25   4.118940e+08  4.536540e+07  5.651000e+01    300525   1
        26   6.437235e+08  5.265565e+07  5.882200e+01    312546   1
        27   2.452737e+08  8.113661e+07  6.116600e+01    324567   1
        28   2.710706e+08  8.179736e+07  6.347900e+01    336588   1
        29   3.436993e+08  8.230880e+07  6.582200e+01    348609   1
        30   7.913365e+08  8.237197e+07  6.819800e+01    360630   1
        31   6.759785e+08  8.287807e+07  7.051200e+01    372651   1
        32   3.764881e+08  8.287843e+07  7.281000e+01    384672   1
        33   3.512091e+08  8.294213e+07  7.515400e+01    396693   1
        34   1.817877e+08  8.318681e+07  7.748200e+01    408714   1
        35   5.603454e+08  8.367028e+07  7.987300e+01    420735   1
        36   5.183901e+08  8.984619e+07  8.229500e+01    432756   1
        37   5.257302e+08  9.048233e+07  8.471800e+01    444777   1
        38   5.748748e+08  9.097811e+07  8.712500e+01    456798   1
        39   5.063066e+08  9.105976e+07  8.954700e+01    468819   1
        40   7.018593e+08  9.116586e+07  9.195400e+01    480840   1
        41   4.262728e+08  9.117146e+07  9.439200e+01    492861   1
        42   5.650818e+08  9.149753e+07  9.684500e+01    504882   1
        43   4.801651e+08  9.206963e+07  9.928300e+01    516903   1
        44   5.041637e+08  9.396981e+07  1.017220e+02    528924   1
        45   6.550268e+08  9.431986e+07  1.042220e+02    540945   1
        46   6.079876e+08  9.445030e+07  1.067220e+02    552966   1
        47   2.219319e+08  9.471633e+07  1.091750e+02    564987   1
        48   7.617617e+08  9.477077e+07  1.116920e+02    577008   1
        49   2.344709e+08  9.494472e+07  1.141770e+02    589029   1
        50   4.369001e+08  9.528558e+07  1.167260e+02    601050   1
        51   2.734215e+08  9.536682e+07  1.192410e+02    613071   1
        52   2.913487e+08  9.564367e+07  1.217410e+02    625092   1
        53   4.399515e+08  9.584022e+07  1.242880e+02    637113   1
        54   2.262656e+08  9.610917e+07  1.268190e+02    649134   1
        55   2.862690e+08  9.786823e+07  1.293210e+02    661155   1
        56   6.323741e+08  1.014487e+08  1.319010e+02    673176   1
        57   2.276770e+08  1.017817e+08  1.344790e+02    685197   1
        58   1.773263e+08  1.054316e+08  1.370260e+02    697218   1
        59   3.728206e+08  1.057008e+08  1.395880e+02    709239   1
        60   3.683974e+08  1.084795e+08  1.422440e+02    721260   1
        61   2.587251e+08  1.088152e+08  1.448390e+02    733281   1
        62   3.912213e+08  1.090012e+08  1.473860e+02    745302   1
        63   2.364683e+08  1.091127e+08  1.500420e+02    757323   1
        64   6.072070e+08  1.098058e+08  1.526670e+02    769344   1
        65   5.400058e+08  1.106068e+08  1.553240e+02    781365   1
        66   4.480898e+08  1.110980e+08  1.580430e+02    793386   1
        67   4.348564e+08  1.111447e+08  1.606850e+02    805407   1
        68   1.990489e+08  1.135594e+08  1.633260e+02    817428   1
        69   3.007119e+08  1.173696e+08  1.660290e+02    829449   1
        70   3.484969e+08  1.175463e+08  1.686860e+02    841470   1
        71   3.502522e+08  1.176785e+08  1.713420e+02    853491   1
        72   3.453760e+08  1.177814e+08  1.740470e+02    865512   1
        73   2.901133e+08  1.180869e+08  1.766870e+02    877533   1
        74   3.626881e+08  1.181959e+08  1.793900e+02    889554   1
        75   4.075685e+08  1.189867e+08  1.820950e+02    901575   1
        76   4.547892e+08  1.190137e+08  1.847980e+02    913596   1
        77   2.885161e+08  1.191939e+08  1.875020e+02    925617   1
        78   2.401499e+08  1.193544e+08  1.902390e+02    937638   1
        79   2.814205e+08  1.194451e+08  1.929730e+02    949659   1
        80   7.398549e+08  1.196194e+08  1.957400e+02    961680   1
        81   1.860838e+08  1.196263e+08  1.984590e+02    973701   1
        82   2.853202e+08  1.196672e+08  2.011770e+02    985722   1
        83   4.253564e+08  1.196835e+08  2.039610e+02    997743   1
        84   3.608161e+08  1.197094e+08  2.067420e+02   1009764   1
        85   3.824006e+08  1.198519e+08  2.094770e+02   1021785   1
        86   4.375009e+08  1.199698e+08  2.122580e+02   1033806   1
        87   2.143752e+08  1.199801e+08  2.150860e+02   1045827   1
        88   2.362515e+08  1.200605e+08  2.178840e+02   1057848   1
        89   2.401079e+08  1.227130e+08  2.207280e+02   1069869   1
        90   1.759044e+08  1.236930e+08  2.235870e+02   1081890   1
        91   2.048337e+08  1.240302e+08  2.264160e+02   1093911   1
        92   4.449072e+08  1.242009e+08  2.292910e+02   1105932   1
        93   3.293843e+08  1.245227e+08  2.321510e+02   1117953   1
        94   3.295632e+08  1.255360e+08  2.350110e+02   1129974   1
        95   2.110020e+08  1.257841e+08  2.378860e+02   1141995   1
        96   3.418431e+08  1.258114e+08  2.408240e+02   1154016   1
        97   4.509752e+08  1.258943e+08  2.437460e+02   1166037   1
        98   2.767229e+08  1.261669e+08  2.466380e+02   1178058   1
        99   2.814677e+08  1.263905e+08  2.495770e+02   1190079   1
       100   2.769557e+08  1.264773e+08  2.524680e+02   1202100   1
       101   6.174757e+08  1.266736e+08  2.554210e+02   1214121   1
       102   2.239615e+08  1.267423e+08  2.583900e+02   1226142   1
       103   2.675043e+08  1.271772e+08  2.612670e+02   1238163   1
       104   6.244549e+08  1.274512e+08  2.642380e+02   1250184   1
       105   3.716322e+08  1.275861e+08  2.672530e+02   1262205   1
       106   1.777488e+08  1.277758e+08  2.701770e+02   1274226   1
       107   2.337500e+08  1.278379e+08  2.731460e+02   1286247   1
       108   2.892524e+08  1.281540e+08  2.761780e+02   1298268   1
       109   2.250726e+08  1.292117e+08  2.791320e+02   1310289   1
       110   3.754520e+08  1.292298e+08  2.821320e+02   1322310   1
       111   3.812390e+08  1.302709e+08  2.851170e+02   1334331   1
       112   3.133162e+08  1.306767e+08  2.881020e+02   1346352   1
       113   3.579538e+08  1.314529e+08  2.911180e+02   1358373   1
       114   2.639472e+08  1.317257e+08  2.941490e+02   1370394   1
       115   4.578836e+08  1.317839e+08  2.971800e+02   1382415   1
       116   2.210284e+08  1.318145e+08  3.001800e+02   1394436   1
       117   3.008683e+08  1.326483e+08  3.032430e+02   1406457   1
       118   1.144290e+08  1.329541e+08  3.062130e+02   1418478   1
       119   2.260652e+08  1.332101e+08  3.092450e+02   1430499   1
       120   2.151262e+08  1.332614e+08  3.122920e+02   1442520   1
       121   2.187495e+08  1.339403e+08  3.153550e+02   1454541   1
       122   1.619951e+08  1.343965e+08  3.183710e+02   1466562   1
       123   1.431004e+08  1.344463e+08  3.213880e+02   1478583   1
       124   2.095248e+08  1.345900e+08  3.244970e+02   1490604   1
       125   3.465330e+08  1.346239e+08  3.276070e+02   1502625   1
       126   4.946697e+08  1.349097e+08  3.306850e+02   1514646   1
       127   4.577930e+08  1.352739e+08  3.337940e+02   1526667   1
       128   1.202676e+08  1.356549e+08  3.368740e+02   1538688   1
       129   1.855198e+08  1.358077e+08  3.399840e+02   1550709   1
       130   3.121453e+08  1.361787e+08  3.431090e+02   1562730   1
       131   2.565999e+08  1.362231e+08  3.462810e+02   1574751   1
       132   5.947090e+08  1.364581e+08  3.494390e+02   1586772   1
       133   5.711406e+08  1.364770e+08  3.525970e+02   1598793   1
       134   2.315313e+08  1.365877e+08  3.558000e+02   1610814   1
       135   1.625405e+08  1.366165e+08  3.589090e+02   1622835   1
       136   2.625237e+08  1.371054e+08  3.620500e+02   1634856   1
       137   2.688906e+08  1.372628e+08  3.653160e+02   1646877   1
       138   3.122816e+08  1.373214e+08  3.684730e+02   1658898   1
       139   1.474503e+08  1.373491e+08  3.716620e+02   1670919   1
       140   2.841660e+08  1.373517e+08  3.748960e+02   1682940   1
       141   2.772967e+08  1.377489e+08  3.781620e+02   1694961   1
       142   1.992583e+08  1.377990e+08  3.813510e+02   1706982   1
       143   5.313157e+08  1.389415e+08  3.846320e+02   1719003   1
       144   2.125599e+08  1.392471e+08  3.878210e+02   1731024   1
       145   2.362221e+08  1.392493e+08  3.910870e+02   1743045   1
       146   4.737637e+08  1.397077e+08  3.943390e+02   1755066   1
       147   3.255604e+08  1.398365e+08  3.976350e+02   1767087   1
       148   2.166339e+08  1.398385e+08  4.009020e+02   1779108   1
       149   2.824153e+08  1.401594e+08  4.041990e+02   1791129   1
       150   3.380891e+08  1.406627e+08  4.075590e+02   1803150   1
       151   3.227281e+08  1.414909e+08  4.108260e+02   1815171   1
       152   2.232750e+08  1.415237e+08  4.141540e+02   1827192   1
       153   2.841147e+08  1.431349e+08  4.174830e+02   1839213   1
       154   1.951084e+08  1.440135e+08  4.207950e+02   1851234   1
       155   1.330172e+08  1.441724e+08  4.241410e+02   1863255   1
       156   4.530152e+08  1.441911e+08  4.274840e+02   1875276   1
       157   5.977335e+08  1.444486e+08  4.308600e+02   1887297   1
       158   2.609962e+08  1.450508e+08  4.342500e+02   1899318   1
       159   2.526125e+08  1.452565e+08  4.375950e+02   1911339   1
       160   1.806934e+08  1.452835e+08  4.409400e+02   1923360   1
       161   3.898401e+08  1.457424e+08  4.443470e+02   1935381   1
       162   3.287018e+08  1.460152e+08  4.477700e+02   1947402   1
       163   1.719808e+08  1.460628e+08  4.511290e+02   1959423   1
       164   1.846571e+08  1.460950e+08  4.545370e+02   1971444   1
       165   3.977634e+08  1.461074e+08  4.579280e+02   1983465   1
       166   2.531918e+08  1.461874e+08  4.612870e+02   1995486   1
       167   2.250616e+08  1.462007e+08  4.647240e+02   2007507   1
       168   4.253418e+08  1.462553e+08  4.681950e+02   2019528   1
       169   2.046058e+08  1.463165e+08  4.716010e+02   2031549   1
       170   2.334849e+08  1.464740e+08  4.750390e+02   2043570   1
       171   2.484686e+08  1.465707e+08  4.784450e+02   2055591   1
       172   3.843239e+08  1.466742e+08  4.818370e+02   2067612   1
       173   4.068700e+08  1.469295e+08  4.854780e+02   2079633   1
       174   3.044736e+08  1.473982e+08  4.891030e+02   2091654   1
       175   4.494350e+08  1.475364e+08  4.927900e+02   2103675   1
       176   6.267668e+08  1.476118e+08  4.964940e+02   2115696   1
       177   2.289927e+08  1.478332e+08  5.001050e+02   2127717   1
       178   4.217833e+08  1.490474e+08  5.038550e+02   2139738   1
       179   2.148377e+08  1.495237e+08  5.075430e+02   2151759   1
       180   5.038613e+08  1.495788e+08  5.112160e+02   2163780   1
       181   3.525571e+08  1.501303e+08  5.149840e+02   2175801   1
       182   2.663312e+08  1.504646e+08  5.187810e+02   2187822   1
       183   1.645594e+08  1.506418e+08  5.225460e+02   2199843   1
       184   2.347308e+08  1.510276e+08  5.263140e+02   2211864   1
       185   1.727013e+08  1.512319e+08  5.301100e+02   2223885   1
       186   1.969217e+08  1.512775e+08  5.338300e+02   2235906   1
       187   2.786232e+08  1.513167e+08  5.376110e+02   2247927   1
       188   3.082271e+08  1.513524e+08  5.413950e+02   2259948   1
       189   3.092701e+08  1.513981e+08  5.452070e+02   2271969   1
       190   2.213625e+08  1.516647e+08  5.489880e+02   2283990   1
       191   2.607039e+08  1.518950e+08  5.527850e+02   2296011   1
       192   5.563395e+08  1.519444e+08  5.566470e+02   2308032   1
       193   2.110591e+08  1.521535e+08  5.604910e+02   2320053   1
       194   1.497541e+08  1.521825e+08  5.642870e+02   2332074   1
       195   1.661424e+08  1.522630e+08  5.681000e+02   2344095   1
       196   1.504093e+08  1.523351e+08  5.718990e+02   2356116   1
       197   8.939259e+08  1.524728e+08  5.757740e+02   2368137   1
       198   1.305572e+08  1.526159e+08  5.795550e+02   2380158   1
       199   2.233233e+08  1.527453e+08  5.833840e+02   2392179   1
       200   2.538908e+08  1.529637e+08  5.872280e+02   2404200   1
       201   3.918646e+08  1.530046e+08  5.911190e+02   2416221   1
       202   1.539172e+08  1.530455e+08  5.950260e+02   2428242   1
       203   4.104937e+08  1.531154e+08  5.989630e+02   2440263   1
       204   4.969595e+08  1.533523e+08  6.028700e+02   2452284   1
       205   2.673364e+08  1.534054e+08  6.067450e+02   2464305   1
       206   2.686374e+08  1.535254e+08  6.106670e+02   2476326   1
       207   3.303412e+08  1.535895e+08  6.145130e+02   2488347   1
       208   1.774784e+08  1.536945e+08  6.183570e+02   2500368   1
       209   4.197567e+08  1.537660e+08  6.222020e+02   2512389   1
       210   6.262118e+08  1.540546e+08  6.260610e+02   2524410   1
       211   2.326919e+08  1.540761e+08  6.299380e+02   2536431   1
       212   2.311633e+08  1.542247e+08  6.338130e+02   2548452   1
       213   1.515148e+08  1.543844e+08  6.376410e+02   2560473   1
       214   1.592136e+08  1.544578e+08  6.415010e+02   2572494   1
       215   1.666720e+08  1.545159e+08  6.453780e+02   2584515   1
       216   1.563581e+08  1.545566e+08  6.492370e+02   2596536   1
       217   2.390037e+08  1.545979e+08  6.531590e+02   2608557   1
       218   2.064818e+08  1.547815e+08  6.570190e+02   2620578   1
       219   3.307016e+08  1.548328e+08  6.609430e+02   2632599   1
       220   1.985344e+08  1.549747e+08  6.648810e+02   2644620   1
       221   1.862443e+08  1.550354e+08  6.688180e+02   2656641   1
       222   2.575711e+08  1.552128e+08  6.727870e+02   2668662   1
       223   1.451360e+08  1.552580e+08  6.766460e+02   2680683   1
       224   3.889102e+08  1.553153e+08  6.805840e+02   2692704   1
       225   1.751748e+08  1.554476e+08  6.845530e+02   2704725   1
       226   5.815845e+08  1.555653e+08  6.885400e+02   2716746   1
       227   3.540098e+08  1.558286e+08  6.925560e+02   2728767   1
       228   3.710996e+08  1.560454e+08  6.965880e+02   2740788   1
       229   2.044327e+08  1.561174e+08  7.004780e+02   2752809   1
       230   2.467657e+08  1.562659e+08  7.044490e+02   2764830   1
       231   4.244024e+08  1.563021e+08  7.085110e+02   2776851   1
       232   1.762282e+08  1.563049e+08  7.124960e+02   2788872   1
       233   2.689113e+08  1.563286e+08  7.165110e+02   2800893   1
       234   2.309104e+08  1.563393e+08  7.205900e+02   2812914   1
       235   3.388587e+08  1.563804e+08  7.246690e+02   2824935   1
       236   4.859300e+08  1.564458e+08  7.286840e+02   2836956   1
       237   2.414641e+08  1.567611e+08  7.327940e+02   2848977   1
       238   1.244463e+08  1.569320e+08  7.368410e+02   2860998   1
       239   4.600236e+08  1.569877e+08  7.409350e+02   2873019   1
       240   3.564512e+08  1.570905e+08  7.450290e+02   2885040   1
       241   3.855302e+08  1.571495e+08  7.491720e+02   2897061   1
       242   8.484317e+08  1.572268e+08  7.533290e+02   2909082   1
       243   2.043026e+08  1.572947e+08  7.575320e+02   2921103   1
       244   2.059270e+08  1.573492e+08  7.616130e+02   2933124   1
       245   1.937728e+08  1.576072e+08  7.657230e+02   2945145   1
       246   2.214735e+08  1.577436e+08  7.698480e+02   2957166   1
       247   3.606815e+08  1.577827e+08  7.740350e+02   2969187   1
       248   3.661014e+08  1.578579e+08  7.782410e+02   2981208   1
       249   1.757803e+08  1.580453e+08  7.823820e+02   2993229   1
       250   7.073794e+08  1.584141e+08  7.865070e+02   3005250   1
       251   1.640282e+08  1.585054e+08  7.906810e+02   3017271   1
       252   3.051843e+08  1.589539e+08  7.949000e+02   3029292   1
       253   2.752273e+08  1.591730e+08  7.991040e+02   3041313   1
       254   2.502399e+08  1.592784e+08  8.032920e+02   3053334   1
       255   3.125062e+08  1.593329e+08  8.075600e+02   3065355   1
       256   1.967878e+08  1.593702e+08  8.117790e+02   3077376   1
       257   1.631561e+08  1.594734e+08  8.159990e+02   3089397   1
       258   3.958154e+08  1.595609e+08  8.202650e+02   3101418   1
       259   2.993857e+08  1.596182e+08  8.245150e+02   3113439   1
       260   3.120886e+08  1.596498e+08  8.287650e+02   3125460   1
       261   2.470978e+08  1.597790e+08  8.329840e+02   3137481   1
       262   3.728742e+08  1.598268e+08  8.372060e+02   3149502   1
       263   2.734535e+08  1.599937e+08  8.415500e+02   3161523   1
       264   3.827839e+08  1.603511e+08  8.457840e+02   3173544   1
       265   2.442644e+08  1.605739e+08  8.501140e+02   3185565   1
       266   1.198981e+08  1.606983e+08  8.543800e+02   3197586   1
       267   2.083777e+08  1.612346e+08  8.586770e+02   3209607   1
       268   1.824290e+08  1.613395e+08  8.629900e+02   3221628   1
       269   1.977498e+08  1.614728e+08  8.673190e+02   3233649   1
       270   3.194360e+08  1.615614e+08  8.716480e+02   3245670   1
       271   4.386568e+08  1.616932e+08  8.760240e+02   3257691   1
       272   2.793757e+08  1.618507e+08  8.804010e+02   3269712   1
       273   3.524487e+08  1.618833e+08  8.847920e+02   3281733   1
       274   3.824566e+08  1.619510e+08  8.891200e+02   3293754   1
       275   2.202591e+08  1.619512e+08  8.935600e+02   3305775   1
       276   1.765319e+08  1.620022e+08  8.979050e+02   3317796   1
       277   4.011563e+08  1.620997e+08  9.022960e+02   3329817   1
       278   5.941910e+08  1.623083e+08  9.067500e+02   3341838   1
       279   1.833366e+08  1.623196e+08  9.111100e+02   3353859   1
       280   3.653483e+08  1.624472e+08  9.154550e+02   3365880   1
       281   2.777057e+08  1.624956e+08  9.199240e+02   3377901   1
       282   2.140397e+08  1.625946e+08  9.243770e+02   3389922   1
       283   3.079447e+08  1.628930e+08  9.288460e+02   3401943   1
       284   1.770873e+08  1.629501e+08  9.332830e+02   3413964   1
       285   1.660703e+08  1.630171e+08  9.376750e+02   3425985   1
       286   5.703283e+08  1.630693e+08  9.420660e+02   3438006   1
       287   3.124790e+08  1.631255e+08  9.465810e+02   3450027   1
       288   1.845810e+08  1.631611e+08  9.510040e+02   3462048   1
       289   2.103486e+08  1.631953e+08  9.554580e+02   3474069   1
       290   3.379210e+08  1.632001e+08  9.599740e+02   3486090   1
       291   4.345376e+08  1.632218e+08  9.644750e+02   3498111   1
       292   1.850758e+08  1.636858e+08  9.689620e+02   3510132   1
       293   4.272989e+08  1.640160e+08  9.735400e+02   3522153   1
       294   3.507279e+08  1.640492e+08  9.780720e+02   3534174   1
       295   4.098850e+08  1.643383e+08  9.826360e+02   3546195   1
       296   2.728441e+08  1.645788e+08  9.871670e+02   3558216   1
       297   2.272199e+08  1.650409e+08  9.916830e+02   3570237   1
       298   1.316784e+08  1.654309e+08  9.961830e+02   3582258   1
       299   1.632834e+08  1.654925e+08  1.000792e+03   3594279   1
       300   1.632588e+08  1.656511e+08  1.005309e+03   3606300   1
       301   3.432732e+08  1.657255e+08  1.009872e+03   3618321   1
       302   6.376316e+08  1.658180e+08  1.014419e+03   3630342   1
       303   2.760469e+08  1.660460e+08  1.019030e+03   3642363   1
       304   3.918684e+08  1.661049e+08  1.023577e+03   3654384   1
       305   1.110372e+08  1.662725e+08  1.028062e+03   3666405   1
       306   1.382569e+08  1.664333e+08  1.032547e+03   3678426   1
       307   2.413324e+08  1.665107e+08  1.037188e+03   3690447   1
       308   1.810768e+08  1.667131e+08  1.041752e+03   3702468   1
       309   2.830582e+08  1.667192e+08  1.046361e+03   3714489   1
       310   3.466449e+08  1.668678e+08  1.051049e+03   3726510   1
       311   1.719786e+08  1.669080e+08  1.055613e+03   3738531   1
       312   2.424346e+08  1.670007e+08  1.060254e+03   3750552   1
       313   2.819107e+08  1.670510e+08  1.064927e+03   3762573   1
       314   1.889534e+08  1.671407e+08  1.069505e+03   3774594   1
       315   2.154026e+08  1.671725e+08  1.074021e+03   3786615   1
       316   4.601289e+08  1.673273e+08  1.078756e+03   3798636   1
       317   1.151251e+08  1.673844e+08  1.083365e+03   3810657   1
       318   2.335610e+08  1.674401e+08  1.087976e+03   3822678   1
       319   2.439181e+08  1.675291e+08  1.092679e+03   3834699   1
       320   2.987425e+08  1.677214e+08  1.097319e+03   3846720   1
       321   3.060888e+08  1.678067e+08  1.102054e+03   3858741   1
       322   1.543948e+08  1.678255e+08  1.106727e+03   3870762   1
       323   2.521841e+08  1.680455e+08  1.111430e+03   3882783   1
       324   4.722604e+08  1.680671e+08  1.116073e+03   3894804   1
       325   7.932738e+08  1.681477e+08  1.120823e+03   3906825   1
       326   2.809603e+08  1.682343e+08  1.125527e+03   3918846   1
       327   2.245716e+08  1.683415e+08  1.130183e+03   3930867   1
       328   2.158283e+08  1.683988e+08  1.134902e+03   3942888   1
       329   2.898734e+08  1.684621e+08  1.139559e+03   3954909   1
       330   1.808723e+08  1.685932e+08  1.144185e+03   3966930   1
       331   1.532318e+08  1.686809e+08  1.148841e+03   3978951   1
       332   2.126219e+08  1.688206e+08  1.153513e+03   3990972   1
       333   2.178826e+08  1.688809e+08  1.158188e+03   4002993   1
       334   2.106557e+08  1.689447e+08  1.162876e+03   4015014   1
       335   1.794757e+08  1.689455e+08  1.167548e+03   4027035   1
       336   3.796349e+08  1.689812e+08  1.172313e+03   4039056   1
       337   1.945115e+08  1.693341e+08  1.177001e+03   4051077   1
       338   3.047540e+08  1.693716e+08  1.181738e+03   4063098   1
       339   3.583193e+08  1.694949e+08  1.186473e+03   4075119   1
       340   3.515006e+08  1.695329e+08  1.191176e+03   4087140   1
       341   3.205422e+08  1.696657e+08  1.195879e+03   4099161   1
       342   4.375467e+08  1.697486e+08  1.200646e+03   4111182   1
       343   1.599579e+08  1.699333e+08  1.205313e+03   4123203   1
       344   2.246876e+08  1.700965e+08  1.210087e+03   4135224   1
       345   5.377732e+08  1.702922e+08  1.214883e+03   4147245   1
       346   3.734051e+08  1.703123e+08  1.219681e+03   4159266   1
       347   3.083424e+08  1.704816e+08  1.224464e+03   4171287   1
       348   1.836560e+08  1.705015e+08  1.229277e+03   4183308   1
       349   1.702463e+08  1.706617e+08  1.234076e+03   4195329   1
       350   1.751504e+08  1.707569e+08  1.238826e+03   4207350   1
       351   1.450482e+08  1.709694e+08  1.243593e+03   4219371   1
       352   3.743512e+08  1.710782e+08  1.248297e+03   4231392   1
       353   5.882938e+08  1.711569e+08  1.253125e+03   4243413   1
       354   1.523827e+08  1.712088e+08  1.257875e+03   4255434   1
       355   2.406039e+08  1.713318e+08  1.262769e+03   4267455   1
       356   2.135787e+08  1.713956e+08  1.267675e+03   4279476   1
       357   9.416115e+08  1.713960e+08  1.272597e+03   4291497   1
       358   6.735450e+08  1.714264e+08  1.277428e+03   4303518   1
       359   3.948601e+08  1.714532e+08  1.282319e+03   4315539   1
       360   2.971054e+08  1.714686e+08  1.287194e+03   4327560   1
       361   1.784070e+08  1.715681e+08  1.292087e+03   4339581   1
       362   2.292427e+08  1.716683e+08  1.296978e+03   4351602   1
       363   2.471889e+08  1.717562e+08  1.301915e+03   4363623   1
       364   2.421764e+08  1.718851e+08  1.306778e+03   4375644   1
       365   5.237730e+08  1.719237e+08  1.311684e+03   4387665   1
       366   3.172025e+08  1.719773e+08  1.316591e+03   4399686   1
       367   2.228466e+08  1.720669e+08  1.321420e+03   4411707   1
       368   3.425329e+08  1.721625e+08  1.326248e+03   4423728   1
       369   1.612308e+08  1.721948e+08  1.331124e+03   4435749   1
       370   2.914029e+08  1.723107e+08  1.335983e+03   4447770   1
       371   3.040481e+08  1.723617e+08  1.340905e+03   4459791   1
       372   2.646132e+08  1.724082e+08  1.345812e+03   4471812   1
       373   1.680914e+08  1.724891e+08  1.350643e+03   4483833   1
       374   6.515400e+08  1.727744e+08  1.355518e+03   4495854   1
       375   1.916183e+08  1.728408e+08  1.360424e+03   4507875   1
       376   8.352840e+08  1.728569e+08  1.365349e+03   4519896   1
       377   6.392328e+08  1.729174e+08  1.370271e+03   4531917   1
       378   2.376038e+08  1.730210e+08  1.375146e+03   4543938   1
       379   3.411644e+08  1.731279e+08  1.380071e+03   4555959   1
       380   3.820695e+08  1.731403e+08  1.385040e+03   4567980   1
       381   1.666871e+08  1.731670e+08  1.389883e+03   4580001   1
       382   1.574374e+08  1.733497e+08  1.394760e+03   4592022   1
       383   3.340157e+08  1.734150e+08  1.399715e+03   4604043   1
       384   1.836582e+08  1.734269e+08  1.404605e+03   4616064   1
       385   2.023865e+08  1.734453e+08  1.409512e+03   4628085   1
       386   1.561566e+08  1.735551e+08  1.414403e+03   4640106   1
       387   2.363985e+08  1.735830e+08  1.419293e+03   4652127   1
       388   1.757880e+08  1.736502e+08  1.424232e+03   4664148   1
       389   4.158622e+08  1.737348e+08  1.429185e+03   4676169   1
       390   1.714051e+08  1.737571e+08  1.434138e+03   4688190   1
       391   1.682661e+08  1.737933e+08  1.439048e+03   4700211   1
       392   6.306693e+08  1.738480e+08  1.444174e+03   4712232   1
       393   1.520463e+08  1.738948e+08  1.449143e+03   4724253   1
       394   1.293393e+08  1.739321e+08  1.454068e+03   4736274   1
       395   1.831010e+08  1.739932e+08  1.459038e+03   4748295   1
       396   3.420385e+08  1.740130e+08  1.464039e+03   4760316   1
       397   4.126689e+08  1.742159e+08  1.469008e+03   4772337   1
       398   3.647359e+08  1.742545e+08  1.474024e+03   4784358   1
       399   2.303051e+08  1.743571e+08  1.479071e+03   4796379   1
       400   1.503783e+08  1.743821e+08  1.484043e+03   4808400   1
       401   4.991938e+08  1.744749e+08  1.489075e+03   4820421   1
       402   3.537525e+08  1.745190e+08  1.494124e+03   4832442   1
       403   3.234745e+08  1.747911e+08  1.499095e+03   4844463   1
       404   7.596827e+08  1.748652e+08  1.504175e+03   4856484   1
       405   2.266055e+08  1.750172e+08  1.509175e+03   4868505   1
       406   3.884318e+08  1.750904e+08  1.514285e+03   4880526   1
       407   2.295715e+08  1.751686e+08  1.519332e+03   4892547   1
       408   1.527362e+08  1.752239e+08  1.524426e+03   4904568   1
       409   2.189421e+08  1.753170e+08  1.529504e+03   4916589   1
       410   2.451659e+08  1.754059e+08  1.534599e+03   4928610   1
       411   2.504725e+08  1.754158e+08  1.539680e+03   4940631   1
       412   1.284493e+08  1.754691e+08  1.544805e+03   4952652   1
       413   2.294207e+08  1.755080e+08  1.549977e+03   4964673   1
       414   2.566207e+08  1.755250e+08  1.555089e+03   4976694   1
       415   3.206696e+08  1.755810e+08  1.560199e+03   4988715   1
       416   4.195758e+08  1.756068e+08  1.565325e+03   5000736   1
       417   3.389894e+08  1.756394e+08  1.570437e+03   5012757   1
       418   1.261852e+08  1.756732e+08  1.575609e+03   5024778   1
       419   1.597284e+08  1.757216e+08  1.580766e+03   5036799   1
       420   2.433074e+08  1.757637e+08  1.585878e+03   5048820   1
       421   1.453875e+08  1.758927e+08  1.591113e+03   5060841   1
       422   8.713671e+08  1.759751e+08  1.596191e+03   5072862   1
       423   2.163187e+08  1.760478e+08  1.601364e+03   5084883   1
       424   1.694640e+08  1.760718e+08  1.606552e+03   5096904   1
       425   1.954955e+08  1.761345e+08  1.611756e+03   5108925   1
       426   2.877659e+08  1.761797e+08  1.616912e+03   5120946   1
       427   1.860608e+08  1.763430e+08  1.622178e+03   5132967   1
       428   3.501837e+08  1.764033e+08  1.627381e+03   5144988   1
       429   4.786104e+08  1.764662e+08  1.632584e+03   5157009   1
       430   3.807418e+08  1.764674e+08  1.637834e+03   5169030   1
       431   2.522229e+08  1.765916e+08  1.643055e+03   5181051   1
       432   3.529799e+08  1.767039e+08  1.648245e+03   5193072   1
       433   2.066197e+08  1.767105e+08  1.653431e+03   5205093   1
       434   6.875134e+08  1.767641e+08  1.658666e+03   5217114   1
       435   1.564644e+08  1.767867e+08  1.663916e+03   5229135   1
       436   2.177267e+08  1.768764e+08  1.669119e+03   5241156   1
       437   1.732957e+08  1.769013e+08  1.674293e+03   5253177   1
       438   1.620661e+08  1.769644e+08  1.679514e+03   5265198   1
       439   2.124608e+08  1.769670e+08  1.684780e+03   5277219   1
       440   2.675541e+08  1.771224e+08  1.689922e+03   5289240   1
       441   3.478776e+08  1.772085e+08  1.695141e+03   5301261   1
       442   1.926755e+08  1.773941e+08  1.700392e+03   5313282   1
       443   2.908276e+08  1.775154e+08  1.705610e+03   5325303   1
       444   1.647323e+08  1.776386e+08  1.710892e+03   5337324   1
       445   1.448187e+08  1.777274e+08  1.716114e+03   5349345   1
       446   1.682039e+08  1.777860e+08  1.721426e+03   5361366   1
       447   2.024990e+08  1.778941e+08  1.726645e+03   5373387   1
       448   1.306684e+08  1.779169e+08  1.731879e+03   5385408   1
       449   2.035891e+08  1.780001e+08  1.737114e+03   5397429   1
       450   1.621063e+08  1.780627e+08  1.742410e+03   5409450   1
       451   1.963966e+08  1.781759e+08  1.747741e+03   5421471   1
       452   4.043607e+08  1.782085e+08  1.753040e+03   5433492   1
       453   3.111896e+08  1.782298e+08  1.758432e+03   5445513   1
       454   1.595491e+08  1.783280e+08  1.763729e+03   5457534   1
       455   2.633298e+08  1.783852e+08  1.769041e+03   5469555   1
       456   1.475588e+08  1.784196e+08  1.774354e+03   5481576   1
       457   5.276229e+08  1.784348e+08  1.779635e+03   5493597   1
       458   5.845187e+08  1.784891e+08  1.785011e+03   5505618   1
       459   4.980880e+08  1.785483e+08  1.790480e+03   5517639   1
       460   1.874346e+08  1.785975e+08  1.795825e+03   5529660   1
       461   5.752071e+08  1.786111e+08  1.801153e+03   5541681   1
       462   1.702299e+08  1.786624e+08  1.806512e+03   5553702   1
       463   2.509260e+08  1.787630e+08  1.811809e+03   5565723   1
       464   1.612711e+08  1.788082e+08  1.817184e+03   5577744   1
       465   3.548137e+08  1.788166e+08  1.822621e+03   5589765   1
       466   4.808134e+08  1.788264e+08  1.828122e+03   5601786   1
       467   1.237969e+08  1.788956e+08  1.833493e+03   5613807   1
       468   1.744562e+08  1.789656e+08  1.838970e+03   5625828   1
       469   4.082386e+08  1.789742e+08  1.844392e+03   5637849   1
       470   1.226523e+08  1.789782e+08  1.849736e+03   5649870   1
       471   2.163557e+08  1.790105e+08  1.855236e+03   5661891   1
       472   3.365105e+08  1.790159e+08  1.860721e+03   5673912   1
       473   7.035288e+08  1.790352e+08  1.866111e+03   5685933   1
       474   5.854652e+08  1.791268e+08  1.871643e+03   5697954   1
       475   2.307368e+08  1.791812e+08  1.877112e+03   5709975   1
       476   3.290071e+08  1.792022e+08  1.882581e+03   5721996   1
       477   2.447473e+08  1.792284e+08  1.888128e+03   5734017   1
       478   1.670577e+08  1.792825e+08  1.893627e+03   5746038   1
       479   2.197616e+08  1.793466e+08  1.899114e+03   5758059   1
       480   2.089264e+08  1.793477e+08  1.904755e+03   5770080   1
       481   4.092807e+08  1.794666e+08  1.910258e+03   5782101   1
       482   2.953540e+08  1.795343e+08  1.915726e+03   5794122   1
       483   3.122530e+08  1.796235e+08  1.921367e+03   5806143   1
       484   2.673145e+08  1.796884e+08  1.926836e+03   5818164   1
       485   2.570848e+08  1.797789e+08  1.932445e+03   5830185   1
       486   1.949955e+08  1.799046e+08  1.937961e+03   5842206   1
       487   1.735673e+08  1.799658e+08  1.943524e+03   5854227   1
       488   2.088621e+08  1.799985e+08  1.949087e+03   5866248   1
       489   2.205449e+08  1.800185e+08  1.954649e+03   5878269   1
       490   2.281537e+08  1.800814e+08  1.960196e+03   5890290   1
       491   2.910315e+08  1.800980e+08  1.965822e+03   5902311   1
       492   2.766633e+08  1.802803e+08  1.971462e+03   5914332   1
       493   2.403501e+08  1.803131e+08  1.977072e+03   5926353   1
       494   7.458367e+08  1.803546e+08  1.982682e+03   5938374   1
       495   2.392645e+08  1.803725e+08  1.988291e+03   5950395   1
       496   2.834838e+08  1.805092e+08  1.993932e+03   5962416   1
       497   2.855907e+08  1.805748e+08  1.999604e+03   5974437   1
       498   3.468336e+08  1.806342e+08  2.005185e+03   5986458   1
       499   4.564269e+08  1.806663e+08  2.010814e+03   5998479   1
       500   1.785862e+08  1.806803e+08  2.016407e+03   6010500   1
       501   2.353824e+08  1.807706e+08  2.022095e+03   6022521   1
       502   1.783259e+08  1.807993e+08  2.027720e+03   6034542   1
       503   3.125224e+08  1.809050e+08  2.033439e+03   6046563   1
       504   2.017034e+08  1.809325e+08  2.039111e+03   6058584   1
       505   2.823491e+08  1.809915e+08  2.044658e+03   6070605   1
       506   2.425326e+08  1.810938e+08  2.050298e+03   6082626   1
       507   2.441003e+08  1.811359e+08  2.055986e+03   6094647   1
       508   1.316401e+08  1.811473e+08  2.061643e+03   6106668   1
       509   4.736433e+08  1.811996e+08  2.067409e+03   6118689   1
       510   1.964266e+08  1.812285e+08  2.073018e+03   6130710   1
       511   4.703149e+08  1.812456e+08  2.078690e+03   6142731   1
       512   3.353203e+08  1.812763e+08  2.084427e+03   6154752   1
       513   2.669022e+08  1.812896e+08  2.090117e+03   6166773   1
       514   2.040289e+08  1.813255e+08  2.095853e+03   6178794   1
       515   1.391733e+08  1.813842e+08  2.101557e+03   6190815   1
       516   1.462294e+08  1.813960e+08  2.107261e+03   6202836   1
       517   2.157615e+08  1.814784e+08  2.113092e+03   6214857   1
       518   3.226269e+08  1.815098e+08  2.118920e+03   6226878   1
       519   2.143738e+08  1.815472e+08  2.124764e+03   6238899   1
       520   1.569445e+08  1.816270e+08  2.130640e+03   6250920   1
       521   2.690067e+08  1.816691e+08  2.136437e+03   6262941   1
       522   1.491345e+08  1.816837e+08  2.142269e+03   6274962   1
       523   1.876378e+08  1.817097e+08  2.148113e+03   6286983   1
       524   2.317343e+08  1.817728e+08  2.153972e+03   6299004   1
       525   2.114824e+08  1.817827e+08  2.159801e+03   6311025   1
       526   6.366716e+08  1.818988e+08  2.165723e+03   6323046   1
       527   3.084192e+08  1.819841e+08  2.171536e+03   6335067   1
       528   3.003299e+08  1.821033e+08  2.177380e+03   6347088   1
       529   2.345169e+08  1.821703e+08  2.183350e+03   6359109   1
       530   2.154081e+08  1.822369e+08  2.189054e+03   6371130   1
       531   1.529058e+08  1.823227e+08  2.194836e+03   6383151   1
       532   2.470356e+08  1.823508e+08  2.200727e+03   6395172   1
       533   1.849072e+08  1.824973e+08  2.206586e+03   6407193   1
       534   2.423607e+08  1.825343e+08  2.212383e+03   6419214   1
       535   3.450035e+08  1.826076e+08  2.218275e+03   6431235   1
       536   2.837059e+08  1.827252e+08  2.224119e+03   6443256   1
       537   7.716460e+08  1.827481e+08  2.230012e+03   6455277   1
       538   4.184823e+08  1.830425e+08  2.235998e+03   6467298   1
       539   3.252187e+08  1.830632e+08  2.241998e+03   6479319   1
       540   7.599522e+08  1.832055e+08  2.247877e+03   6491340   1
       541   3.658401e+08  1.833701e+08  2.253767e+03   6503361   1
       542   1.470787e+08  1.835370e+08  2.259753e+03   6515382   1
       543   1.902540e+08  1.835879e+08  2.265615e+03   6527403   1
       544   2.058056e+08  1.836945e+08  2.271583e+03   6539424   1
       545   2.339249e+08  1.837777e+08  2.277569e+03   6551445   1
       546   2.391990e+08  1.838258e+08  2.283616e+03   6563466   1
       547   1.463817e+08  1.838600e+08  2.289634e+03   6575487   1
       548   2.919020e+08  1.839167e+08  2.295619e+03   6587508   1
       549   3.889097e+08  1.839890e+08  2.301605e+03   6599529   1
       550   1.772819e+08  1.840121e+08  2.307621e+03   6611550   1
       551   3.031268e+08  1.841213e+08  2.313699e+03   6623571   1
       552   1.494565e+08  1.841414e+08  2.319795e+03   6635592   1
       553   3.279567e+08  1.842886e+08  2.325686e+03   6647613   1
       554   5.798629e+08  1.844327e+08  2.331688e+03   6659634   1
       555   1.329522e+08  1.844660e+08  2.337719e+03   6671655   1
       556   1.538015e+08  1.845731e+08  2.343704e+03   6683676   1
       557   2.111864e+08  1.846257e+08  2.349705e+03   6695697   1
       558   5.696147e+08  1.846482e+08  2.355689e+03   6707718   1
       559   2.175142e+08  1.847589e+08  2.361706e+03   6719739   1
       560   1.932541e+08  1.847953e+08  2.367692e+03   6731760   1
       561   2.284450e+08  1.848180e+08  2.373755e+03   6743781   1
       562   4.166705e+08  1.848377e+08  2.379834e+03   6755802   1
       563   3.127694e+08  1.848429e+08  2.386021e+03   6767823   1
       564   2.548322e+08  1.848913e+08  2.392147e+03   6779844   1
       565   1.341566e+08  1.849036e+08  2.398256e+03   6791865   1
       566   2.075760e+08  1.851007e+08  2.404413e+03   6803886   1
       567   2.277292e+08  1.851268e+08  2.410538e+03   6815907   1
       568   5.046811e+08  1.851868e+08  2.416600e+03   6827928   1
       569   6.045292e+08  1.851987e+08  2.422726e+03   6839949   1
       570   4.128899e+08  1.852304e+08  2.428821e+03   6851970   1
       571   1.693326e+08  1.852447e+08  2.434868e+03   6863991   1
       572   1.515792e+08  1.853279e+08  2.440978e+03   6876012   1
       573   1.999318e+08  1.854144e+08  2.447087e+03   6888033   1
       574   2.613576e+08  1.854192e+08  2.453213e+03   6900054   1
       575   2.587390e+08  1.855080e+08  2.459401e+03   6912075   1
       576   2.326807e+08  1.855650e+08  2.465557e+03   6924096   1
       577   1.780861e+08  1.856352e+08  2.471714e+03   6936117   1
       578   3.495126e+08  1.857318e+08  2.477870e+03   6948138   1
       579   2.595066e+08  1.858343e+08  2.484027e+03   6960159   1
       580   4.878075e+08  1.859373e+08  2.490199e+03   6972180   1
       581   1.735450e+08  1.859719e+08  2.496435e+03   6984201   1
       582   3.622193e+08  1.859953e+08  2.502669e+03   6996222   1
       583   5.756008e+08  1.860221e+08  2.508904e+03   7008243   1
       584   1.546451e+08  1.860897e+08  2.515076e+03   7020264   1
       585   2.520035e+08  1.861250e+08  2.521388e+03   7032285   1
       586   5.012155e+08  1.861947e+08  2.527639e+03   7044306   1
       587   2.610837e+08  1.862406e+08  2.533920e+03   7056327   1
       588   2.266706e+08  1.862790e+08  2.540188e+03   7068348   1
       589   3.103678e+08  1.863236e+08  2.546407e+03   7080369   1
       590   4.866511e+08  1.863434e+08  2.552688e+03   7092390   1
       591   5.994979e+08  1.864211e+08  2.558954e+03   7104411   1
       592   3.378921e+08  1.864803e+08  2.565221e+03   7116432   1
       593   3.277776e+08  1.866091e+08  2.571549e+03   7128453   1
       594   2.572949e+08  1.866250e+08  2.577831e+03   7140474   1
       595   2.362107e+08  1.866403e+08  2.584113e+03   7152495   1
       596   6.851762e+08  1.866700e+08  2.590379e+03   7164516   1
       597   3.687713e+08  1.867818e+08  2.596786e+03   7176537   1
       598   3.828032e+08  1.868204e+08  2.603067e+03   7188558   1
       599   1.180698e+08  1.868268e+08  2.609257e+03   7200579   1
       600   2.523952e+08  1.868991e+08  2.615570e+03   7212600   1
       601   1.714526e+08  1.869395e+08  2.621820e+03   7224621   1
       602   1.557629e+08  1.869722e+08  2.628180e+03   7236642   1
       603   2.018799e+08  1.869797e+08  2.634587e+03   7248663   1
       604   2.838495e+08  1.870239e+08  2.640965e+03   7260684   1
       605   2.565770e+08  1.871199e+08  2.647340e+03   7272705   1
       606   1.348237e+08  1.872507e+08  2.653731e+03   7284726   1
       607   3.324186e+08  1.873006e+08  2.660043e+03   7296747   1
       608   3.771844e+08  1.873209e+08  2.666482e+03   7308768   1
       609   9.520671e+08  1.873631e+08  2.672888e+03   7320789   1
       610   2.446185e+08  1.873728e+08  2.679341e+03   7332810   1
       611   6.748348e+08  1.874377e+08  2.685719e+03   7344831   1
       612   1.780777e+08  1.874881e+08  2.692110e+03   7356852   1
       613   2.321281e+08  1.874973e+08  2.698578e+03   7368873   1
       614   3.200082e+08  1.875156e+08  2.704891e+03   7380894   1
       615   1.727501e+08  1.875511e+08  2.711315e+03   7392915   1
       616   2.034060e+08  1.875705e+08  2.717709e+03   7404936   1
       617   2.197413e+08  1.875841e+08  2.724053e+03   7416957   1
       618   1.653848e+08  1.876104e+08  2.730460e+03   7428978   1
       619   2.736363e+08  1.876303e+08  2.736866e+03   7440999   1
       620   1.920706e+08  1.876822e+08  2.743350e+03   7453020   1
       621   4.322172e+08  1.876882e+08  2.749835e+03   7465041   1
       622   2.348056e+08  1.877052e+08  2.756303e+03   7477062   1
       623   2.439173e+08  1.877401e+08  2.762772e+03   7489083   1
       624   2.416722e+08  1.877621e+08  2.769210e+03   7501104   1
       625   2.319095e+08  1.878426e+08  2.775711e+03   7513125   1
       626   2.628356e+08  1.878705e+08  2.782226e+03   7525146   1
       627   2.237041e+08  1.878731e+08  2.788665e+03   7537167   1
       628   1.522363e+08  1.879064e+08  2.795072e+03   7549188   1
       629   6.987152e+08  1.879223e+08  2.801588e+03   7561209   1
       630   1.974803e+08  1.879422e+08  2.808041e+03   7573230   1
       631   3.284047e+08  1.879456e+08  2.814432e+03   7585251   1
       632   1.837976e+08  1.880116e+08  2.820949e+03   7597272   1
       633   2.846154e+08  1.880204e+08  2.827449e+03   7609293   1
       634   6.738644e+08  1.880760e+08  2.833948e+03   7621314   1
       635   1.783194e+08  1.880922e+08  2.840558e+03   7633335   1
       636   2.007726e+08  1.881224e+08  2.847058e+03   7645356   1
       637   3.359079e+08  1.882099e+08  2.853573e+03   7657377   1
       638   4.312087e+08  1.882173e+08  2.860247e+03   7669398   1
       639   2.938819e+08  1.883908e+08  2.866825e+03   7681419   1
       640   2.354021e+08  1.883914e+08  2.873372e+03   7693440   1
       641   4.964525e+08  1.884002e+08  2.879965e+03   7705461   1
       642   1.933486e+08  1.885475e+08  2.886606e+03   7717482   1
       643   4.604703e+08  1.886246e+08  2.893185e+03   7729503   1
       644   2.207589e+08  1.887188e+08  2.899795e+03   7741524   1
       645   3.072255e+08  1.887191e+08  2.906374e+03   7753545   1
       646   5.957389e+08  1.887742e+08  2.913015e+03   7765566   1
       647   1.665917e+08  1.888972e+08  2.919719e+03   7777587   1
       648   1.771074e+08  1.889316e+08  2.926344e+03   7789608   1
       649   7.501450e+08  1.889990e+08  2.933017e+03   7801629   1
       650   2.578242e+08  1.891242e+08  2.939626e+03   7813650   1
       651   2.778710e+08  1.891371e+08  2.946282e+03   7825671   1
       652   1.526946e+08  1.891663e+08  2.952955e+03   7837692   1
       653   2.372078e+08  1.892138e+08  2.959627e+03   7849713   1
       654   2.565928e+08  1.892348e+08  2.966254e+03   7861734   1
       655   6.106285e+08  1.892972e+08  2.972879e+03   7873755   1
       656   1.243214e+09  1.893414e+08  2.979523e+03   7885776   1
       657   2.901217e+08  1.894093e+08  2.986242e+03   7897797   1
       658   3.646699e+08  1.894256e+08  2.992979e+03   7909818   1
       659   2.916342e+08  1.894827e+08  2.999573e+03   7921839   1
       660   2.126843e+08  1.895217e+08  3.006261e+03   7933860   1
       661   3.096477e+08  1.895241e+08  3.013073e+03   7945881   1
       662   3.178007e+08  1.895542e+08  3.019870e+03   7957902   1
       663   2.145742e+08  1.896483e+08  3.026511e+03   7969923   1
       664   2.949257e+08  1.896689e+08  3.033323e+03   7981944   1
       665   1.927797e+08  1.896957e+08  3.040061e+03   7993965   1
       666   2.414377e+08  1.897334e+08  3.046764e+03   8005986   1
       667   3.994079e+08  1.898158e+08  3.053563e+03   8018007   1
       668   3.774260e+08  1.898458e+08  3.060329e+03   8030028   1
       669   1.540847e+08  1.898798e+08  3.066971e+03   8042049   1
       670   2.096253e+08  1.898799e+08  3.073676e+03   8054070   1
       671   3.021653e+08  1.899630e+08  3.080476e+03   8066091   1
       672   2.154609e+08  1.899803e+08  3.087290e+03   8078112   1
       673   3.099308e+08  1.899913e+08  3.094056e+03   8090133   1
       674   2.320231e+08  1.900359e+08  3.100775e+03   8102154   1
       675   1.824018e+08  1.900461e+08  3.107587e+03   8114175   1
       676   2.171959e+08  1.900505e+08  3.114385e+03   8126196   1
       677   2.301931e+08  1.900837e+08  3.121197e+03   8138217   1
       678   2.156883e+08  1.900848e+08  3.128026e+03   8150238   1
       679   3.514544e+08  1.901165e+08  3.134839e+03   8162259   1
       680   5.191115e+08  1.901615e+08  3.141621e+03   8174280   1
       681   3.709345e+08  1.902866e+08  3.148419e+03   8186301   1
       682   1.907591e+08  1.903214e+08  3.155265e+03   8198322   1
       683   3.523678e+08  1.903990e+08  3.162031e+03   8210343   1
       684   2.689654e+08  1.904109e+08  3.168877e+03   8222364   1
       685   1.931413e+08  1.904737e+08  3.175720e+03   8234385   1
       686   3.590972e+08  1.904800e+08  3.182597e+03   8246406   1
       687   8.463936e+08  1.905127e+08  3.189519e+03   8258427   1
       688   1.657433e+08  1.905665e+08  3.196349e+03   8270448   1
       689   1.587557e+08  1.905837e+08  3.203209e+03   8282469   1
       690   1.828054e+08  1.906158e+08  3.210163e+03   8294490   1
       691   2.892181e+08  1.906766e+08  3.217133e+03   8306511   1
       692   4.714971e+08  1.906999e+08  3.224055e+03   8318532   1
       693   2.155556e+08  1.907411e+08  3.230995e+03   8330553   1
       694   2.365786e+08  1.907421e+08  3.237823e+03   8342574   1
       695   2.074691e+08  1.907629e+08  3.244729e+03   8354595   1
       696   2.096628e+08  1.908330e+08  3.251666e+03   8366616   1
       697   3.637366e+08  1.908593e+08  3.258513e+03   8378637   1
       698   2.108991e+08  1.909005e+08  3.265388e+03   8390658   1
       699   2.030261e+08  1.909179e+08  3.272423e+03   8402679   1
       700   2.331746e+08  1.909429e+08  3.279363e+03   8414700   1
       701   2.118905e+08  1.909615e+08  3.286379e+03   8426721   1
       702   1.991991e+08  1.909822e+08  3.293380e+03   8438742   1
       703   1.879933e+08  1.909977e+08  3.300335e+03   8450763   1
       704   1.757119e+08  1.910394e+08  3.307335e+03   8462784   1
       705   1.567125e+08  1.910849e+08  3.314213e+03   8474805   1
       706   1.411119e+08  1.910977e+08  3.321150e+03   8486826   1
       707   2.038673e+08  1.912593e+08  3.328150e+03   8498847   1
       708   1.449802e+08  1.912758e+08  3.335184e+03   8510868   1
       709   3.361226e+08  1.913543e+08  3.342232e+03   8522889   1
       710   2.234071e+08  1.913920e+08  3.349264e+03   8534910   1
       711   1.542240e+08  1.914239e+08  3.356248e+03   8546931   1
       712   2.111715e+08  1.914626e+08  3.363264e+03   8558952   1
       713   2.416556e+08  1.914802e+08  3.370421e+03   8570973   1
       714   3.327285e+08  1.915099e+08  3.377515e+03   8582994   1
       715   2.966915e+08  1.915747e+08  3.384563e+03   8595015   1
       716   2.008766e+08  1.916185e+08  3.391688e+03   8607036   1
       717   3.253777e+08  1.916390e+08  3.398769e+03   8619057   1
       718   2.849961e+08  1.916873e+08  3.405789e+03   8631078   1
       719   4.279274e+08  1.917194e+08  3.412854e+03   8643099   1
       720   2.189021e+08  1.917501e+08  3.419824e+03   8655120   1
       721   1.360134e+08  1.917845e+08  3.426824e+03   8667141   1
       722   2.935376e+08  1.918449e+08  3.433982e+03   8679162   1
       723   2.243743e+08  1.918797e+08  3.441045e+03   8691183   1
       724   2.865417e+08  1.919439e+08  3.448123e+03   8703204   1
       725   1.795296e+08  1.919619e+08  3.455109e+03   8715225   1
       726   3.242561e+08  1.919969e+08  3.462265e+03   8727246   1
       727   3.360476e+08  1.920174e+08  3.469437e+03   8739267   1
       728   3.967953e+08  1.920630e+08  3.476609e+03   8751288   1
       729   2.500320e+08  1.920956e+08  3.483720e+03   8763309   1
       730   5.596985e+08  1.921030e+08  3.490894e+03   8775330   1
       731   2.138350e+08  1.921231e+08  3.497972e+03   8787351   1
       732   2.405248e+08  1.921834e+08  3.505020e+03   8799372   1
       733   2.389903e+08  1.922290e+08  3.512114e+03   8811393   1
       734   2.265350e+08  1.922425e+08  3.519255e+03   8823414   1
       735   2.581664e+08  1.922698e+08  3.526411e+03   8835435   1
       736   1.240186e+08  1.923104e+08  3.533538e+03   8847456   1
       737   5.845098e+08  1.923481e+08  3.540649e+03   8859477   1
       738   2.149865e+08  1.923786e+08  3.547837e+03   8871498   1
       739   2.373731e+08  1.923988e+08  3.555008e+03   8883519   1
       740   7.957078e+08  1.924209e+08  3.562228e+03   8895540   1
       741   1.854732e+08  1.924385e+08  3.569385e+03   8907561   1
       742   1.764852e+08  1.924892e+08  3.576525e+03   8919582   1
       743   1.641894e+08  1.925451e+08  3.583698e+03   8931603   1
       744   2.179537e+08  1.925865e+08  3.590885e+03   8943624   1
       745   2.105925e+08  1.926179e+08  3.598167e+03   8955645   1
       746   3.236949e+08  1.926387e+08  3.605387e+03   8967666   1
       747   1.957896e+08  1.926870e+08  3.612546e+03   8979687   1
       748   2.668163e+08  1.927308e+08  3.619827e+03   8991708   1
       749   3.140016e+08  1.927392e+08  3.627157e+03   9003729   1
       750   4.322225e+08  1.927824e+08  3.634313e+03   9015750   1
       751   3.037612e+08  1.929411e+08  3.641658e+03   9027771   1
       752   6.708050e+08  1.929691e+08  3.648971e+03   9039792   1
       753   2.296517e+08  1.930018e+08  3.656269e+03   9051813   1
       754   2.530236e+08  1.930365e+08  3.663661e+03   9063834   1
       755   1.748065e+08  1.930760e+08  3.670990e+03   9075855   1
       756   6.137697e+08  1.930934e+08  3.678398e+03   9087876   1
       757   4.729448e+08  1.931451e+08  3.685775e+03   9099897   1
       758   2.544397e+08  1.931660e+08  3.693182e+03   9111918   1
       759   2.782195e+08  1.932704e+08  3.700542e+03   9123939   1
       760   1.951215e+08  1.933097e+08  3.707855e+03   9135960   1
       761   4.063085e+08  1.933206e+08  3.715123e+03   9147981   1
       762   2.004564e+08  1.933436e+08  3.722466e+03   9160002   1
       763   2.474580e+08  1.934555e+08  3.729889e+03   9172023   1
       764   1.415658e+08  1.934815e+08  3.737295e+03   9184044   1
       765   3.414866e+08  1.935751e+08  3.744609e+03   9196065   1
       766   5.280439e+08  1.935977e+08  3.751922e+03   9208086   1
       767   2.311316e+08  1.936498e+08  3.759313e+03   9220107   1
       768   1.993177e+08  1.936980e+08  3.766705e+03   9232128   1
       769   3.389690e+08  1.937467e+08  3.774098e+03   9244149   1
       770   2.501174e+08  1.937952e+08  3.781505e+03   9256170   1
       771   2.263306e+08  1.938004e+08  3.788943e+03   9268191   1
       772   2.592896e+08  1.938508e+08  3.796304e+03   9280212   1
       773   4.756304e+08  1.939023e+08  3.803742e+03   9292233   1
       774   5.583579e+08  1.939501e+08  3.811260e+03   9304254   1
       775   2.667811e+08  1.939793e+08  3.818667e+03   9316275   1
       776   2.113013e+08  1.940099e+08  3.825964e+03   9328296   1
       777   1.794316e+08  1.940639e+08  3.833466e+03   9340317   1
       778   2.363128e+08  1.941019e+08  3.840935e+03   9352338   1
       779   2.239556e+08  1.941097e+08  3.848390e+03   9364359   1
       780   3.751748e+08  1.941189e+08  3.855921e+03   9376380   1
       781   1.840268e+08  1.941582e+08  3.863453e+03   9388401   1
       782   1.499817e+08  1.941729e+08  3.870924e+03   9400422   1
       783   1.545300e+08  1.942110e+08  3.878409e+03   9412443   1
       784   2.354717e+08  1.942250e+08  3.885973e+03   9424464   1
       785   2.149471e+08  1.942358e+08  3.893567e+03   9436485   1
       786   1.680965e+08  1.942647e+08  3.901098e+03   9448506   1
       787   2.573834e+08  1.942678e+08  3.908693e+03   9460527   1
       788   2.721757e+08  1.942741e+08  3.916194e+03   9472548   1
       789   2.206317e+08  1.942889e+08  3.923664e+03   9484569   1
       790   1.972555e+08  1.943386e+08  3.931258e+03   9496590   1
       791   3.959202e+08  1.943441e+08  3.938900e+03   9508611   1
       792   2.203343e+08  1.943755e+08  3.946479e+03   9520632   1
       793   2.817134e+08  1.944396e+08  3.954136e+03   9532653   1
       794   1.975846e+08  1.944557e+08  3.961794e+03   9544674   1
       795   1.643334e+08  1.944841e+08  3.969294e+03   9556695   1
       796   2.278257e+08  1.945087e+08  3.976919e+03   9568716   1
       797   2.529693e+08  1.945221e+08  3.984515e+03   9580737   1
       798   1.477272e+08  1.945227e+08  3.991954e+03   9592758   1
       799   1.793065e+08  1.945473e+08  3.999549e+03   9604779   1
       800   2.921534e+08  1.945593e+08  4.007254e+03   9616800   1
       801   6.993913e+08  1.945959e+08  4.014817e+03   9628821   1
       802   2.185168e+08  1.946053e+08  4.022413e+03   9640842   1
       803   2.405877e+08  1.946393e+08  4.030101e+03   9652863   1
       804   2.000737e+08  1.946630e+08  4.037633e+03   9664884   1
       805   2.303522e+08  1.947149e+08  4.045353e+03   9676905   1
       806   1.977916e+08  1.947340e+08  4.053120e+03   9688926   1
       807   1.748309e+08  1.947460e+08  4.060886e+03   9700947   1
       808   3.828063e+08  1.947691e+08  4.068686e+03   9712968   1
       809   1.367554e+08  1.947803e+08  4.076592e+03   9724989   1
       810   1.613442e+08  1.947913e+08  4.084468e+03   9737010   1
       811   2.409021e+08  1.948335e+08  4.092297e+03   9749031   1
       812   5.829921e+08  1.948395e+08  4.100268e+03   9761052   1
       813   2.158774e+08  1.948485e+08  4.108268e+03   9773073   1
       814   6.687816e+08  1.948974e+08  4.116175e+03   9785094   1
       815   3.049958e+08  1.949121e+08  4.124053e+03   9797115   1
       816   2.381992e+08  1.949343e+08  4.131882e+03   9809136   1
       817   2.860046e+08  1.949467e+08  4.139900e+03   9821157   1
       818   1.834313e+08  1.949869e+08  4.147774e+03   9833178   1
       819   2.764853e+08  1.949889e+08  4.155807e+03   9845199   1
       820   2.320346e+08  1.950207e+08  4.163808e+03   9857220   1
       821   2.149975e+08  1.950438e+08  4.171761e+03   9869241   1
       822   2.425253e+08  1.950856e+08  4.179776e+03   9881262   1
       823   2.424162e+08  1.951091e+08  4.187964e+03   9893283   1
       824   1.728851e+08  1.951159e+08  4.195995e+03   9905304   1
       825   3.711363e+08  1.951413e+08  4.204089e+03   9917325   1
       826   7.555126e+08  1.951612e+08  4.212137e+03   9929346   1
       827   2.000558e+08  1.951805e+08  4.220231e+03   9941367   1
       828   2.711702e+08  1.951983e+08  4.228390e+03   9953388   1
       829   1.807046e+08  1.952256e+08  4.236533e+03   9965409   1
       830   3.046481e+08  1.952344e+08  4.244707e+03   9977430   1
       831   4.474807e+08  1.952433e+08  4.252863e+03   9989451   1
       832   2.809018e+08  1.952960e+08  4.260927e+03  10001472   1
       833   2.184128e+08  1.953187e+08  4.269037e+03  10013493   1
       834   2.382997e+08  1.953472e+08  4.277147e+03  10025514   1
       835   3.145507e+08  1.953757e+08  4.285475e+03  10037535   1
       836   4.196178e+08  1.954006e+08  4.293603e+03  10049556   1
       837   2.169252e+08  1.954063e+08  4.301792e+03  10061577   1
       838   2.254315e+08  1.954172e+08  4.309983e+03  10073598   1
       839   1.610265e+08  1.954621e+08  4.318187e+03  10085619   1
       840   1.365077e+08  1.954993e+08  4.326296e+03  10097640   1
       841   1.637858e+08  1.955642e+08  4.334499e+03  10109661   1
       842   1.156894e+08  1.955696e+08  4.342719e+03  10121682   1
       843   1.486466e+08  1.955832e+08  4.351110e+03  10133703   1
       844   5.286656e+08  1.955870e+08  4.359219e+03  10145724   1
       845   3.107875e+08  1.956317e+08  4.367502e+03  10157745   1
       846   2.392941e+08  1.956344e+08  4.375801e+03  10169766   1
       847   1.534342e+08  1.956517e+08  4.384144e+03  10181787   1
       848   2.029421e+08  1.956805e+08  4.392412e+03  10193808   1
       849   4.164056e+08  1.957013e+08  4.400756e+03  10205829   1
       850   1.296612e+08  1.957153e+08  4.409053e+03  10217850   1
       851   1.912933e+08  1.957399e+08  4.417367e+03  10229871   1
       852   2.088231e+08  1.957601e+08  4.425556e+03  10241892   1
       853   2.954278e+08  1.957751e+08  4.433980e+03  10253913   1
       854   2.380772e+08  1.958134e+08  4.442262e+03  10265934   1
       855   2.304586e+08  1.958312e+08  4.450669e+03  10277955   1
       856   3.288344e+08  1.958851e+08  4.458953e+03  10289976   1
       857   2.528933e+08  1.959042e+08  4.467343e+03  10301997   1
       858   1.502444e+08  1.959429e+08  4.475737e+03  10314018   1
       859   1.999542e+08  1.959766e+08  4.484081e+03  10326039   1
       860   2.660612e+08  1.960410e+08  4.492363e+03  10338060   1
       861   1.511951e+08  1.960639e+08  4.500739e+03  10350081   1
       862   3.345626e+08  1.960817e+08  4.509161e+03  10362102   1
       863   2.082915e+08  1.961619e+08  4.517709e+03  10374123   1
       864   2.041111e+08  1.961749e+08  4.526007e+03  10386144   1
       865   2.590193e+08  1.962424e+08  4.534570e+03  10398165   1
       866   1.193388e+08  1.962736e+08  4.542992e+03  10410186   1
       867   5.596595e+08  1.962867e+08  4.551477e+03  10422207   1
       868   1.988767e+08  1.963418e+08  4.559993e+03  10434228   1
       869   3.642830e+08  1.963959e+08  4.568494e+03  10446249   1
       870   2.901544e+08  1.964440e+08  4.576915e+03  10458270   1
       871   2.829923e+08  1.964536e+08  4.585463e+03  10470291   1
       872   1.979371e+08  1.964839e+08  4.593855e+03  10482312   1
       873   4.283992e+08  1.964934e+08  4.602247e+03  10494333   1
       874   1.436383e+08  1.965013e+08  4.610653e+03  10506354   1
       875   2.823406e+08  1.965396e+08  4.619108e+03  10518375   1
       876   2.493105e+08  1.965600e+08  4.627547e+03  10530396   1
       877   1.739728e+08  1.965730e+08  4.635937e+03  10542417   1
       878   3.162477e+08  1.965967e+08  4.644578e+03  10554438   1
       879   2.708818e+08  1.966312e+08  4.653063e+03  10566459   1
       880   1.846350e+08  1.966406e+08  4.661674e+03  10578480   1
       881   2.070391e+08  1.966743e+08  4.670253e+03  10590501   1
       882   5.917950e+08  1.966865e+08  4.678769e+03  10602522   1
       883   4.775913e+08  1.967857e+08  4.687410e+03  10614543   1
       884   6.468616e+08  1.968192e+08  4.696160e+03  10626564   1
       885   2.614653e+08  1.968461e+08  4.704753e+03  10638585   1
       886   2.542430e+08  1.968572e+08  4.713411e+03  10650606   1
       887   1.540912e+08  1.968830e+08  4.721958e+03  10662627   1
       888   1.445258e+08  1.968857e+08  4.730584e+03  10674648   1
       889   3.315836e+08  1.969575e+08  4.739193e+03  10686669   1
       890   4.108968e+08  1.969885e+08  4.747756e+03  10698690   1
       891   3.086028e+08  1.970106e+08  4.756288e+03  10710711   1
       892   2.253021e+08  1.970449e+08  4.765055e+03  10722732   1
       893   2.053095e+08  1.970621e+08  4.773649e+03  10734753   1
       894   3.333285e+08  1.970927e+08  4.782415e+03  10746774   1
       895   3.363594e+08  1.971131e+08  4.791119e+03  10758795   1
       896   1.902947e+08  1.971292e+08  4.799759e+03  10770816   1
       897   1.924895e+08  1.971414e+08  4.808479e+03  10782837   1
       898   2.438278e+08  1.971653e+08  4.817200e+03  10794858   1
       899   1.947557e+08  1.972092e+08  4.825953e+03  10806879   1
       900   3.611809e+08  1.972305e+08  4.834642e+03  10818900   1
       901   3.404159e+08  1.972517e+08  4.843345e+03  10830921   1
       902   2.188834e+08  1.972592e+08  4.852159e+03  10842942   1
       903   1.890807e+08  1.972738e+08  4.860785e+03  10854963   1
       904   1.208752e+08  1.973113e+08  4.869410e+03  10866984   1
       905   2.941097e+08  1.973418e+08  4.878145e+03  10879005   1
       906   2.196659e+08  1.973844e+08  4.886866e+03  10891026   1
       907   2.793373e+08  1.974100e+08  4.895556e+03  10903047   1
       908   1.401676e+08  1.974675e+08  4.904294e+03  10915068   1
       909   2.820739e+08  1.975016e+08  4.913076e+03  10927089   1
       910   1.421409e+08  1.975063e+08  4.921904e+03  10939110   1
       911   3.341296e+08  1.975836e+08  4.930719e+03  10951131   1
       912   1.573527e+08  1.976103e+08  4.939470e+03  10963152   1
       913   2.182789e+08  1.976269e+08  4.948236e+03  10975173   1
       914   1.817785e+08  1.976582e+08  4.956893e+03  10987194   1
       915   2.642069e+08  1.976632e+08  4.965737e+03  10999215   1
       916   2.107135e+08  1.976960e+08  4.974456e+03  11011236   1
       917   2.158788e+08  1.977232e+08  4.983301e+03  11023257   1
       918   3.931770e+08  1.977438e+08  4.992192e+03  11035278   1
       919   2.647152e+08  1.977933e+08  5.001207e+03  11047299   1
       920   3.348704e+08  1.978245e+08  5.010114e+03  11059320   1
       921   1.843187e+08  1.978481e+08  5.019100e+03  11071341   1
       922   1.783271e+08  1.979134e+08  5.027928e+03  11083362   1
       923   1.897480e+08  1.979268e+08  5.036898e+03  11095383   1
       924   4.292254e+08  1.979396e+08  5.045961e+03  11107404   1
       925   2.731421e+08  1.979424e+08  5.054930e+03  11119425   1
       926   1.858086e+08  1.979545e+08  5.063917e+03  11131446   1
       927   2.589282e+08  1.979736e+08  5.072823e+03  11143467   1
       928   1.604123e+08  1.980077e+08  5.081792e+03  11155488   1
       929   2.852520e+08  1.980321e+08  5.090746e+03  11167509   1
       930   1.820101e+08  1.980417e+08  5.099715e+03  11179530   1
       931   2.366334e+08  1.980694e+08  5.108684e+03  11191551   1
       932   2.126267e+08  1.980849e+08  5.117716e+03  11203572   1
       933   2.197254e+08  1.981064e+08  5.126717e+03  11215593   1
       934   1.707510e+08  1.981404e+08  5.135732e+03  11227614   1
       935   2.568520e+08  1.981447e+08  5.144888e+03  11239635   1
       936   1.798550e+08  1.981736e+08  5.153905e+03  11251656   1
       937   7.369765e+08  1.981877e+08  5.162780e+03  11263677   1
       938   1.799191e+08  1.981956e+08  5.171733e+03  11275698   1
       939   2.805897e+08  1.982163e+08  5.180734e+03  11287719   1
       940   1.616615e+08  1.982343e+08  5.189749e+03  11299740   1
       941   2.208153e+08  1.982685e+08  5.198922e+03  11311761   1
       942   3.010753e+08  1.982858e+08  5.207937e+03  11323782   1
       943   1.913488e+08  1.983281e+08  5.216922e+03  11335803   1
       944   2.589941e+08  1.983429e+08  5.226003e+03  11347824   1
       945   2.600453e+08  1.983514e+08  5.235144e+03  11359845   1
       946   2.584328e+08  1.983679e+08  5.244207e+03  11371866   1
       947   2.296987e+08  1.984020e+08  5.253286e+03  11383887   1
       948   3.275767e+08  1.984231e+08  5.262286e+03  11395908   1
       949   1.698713e+08  1.984434e+08  5.271257e+03  11407929   1
       950   3.966704e+08  1.984530e+08  5.280429e+03  11419950   1
       951   1.944262e+08  1.984598e+08  5.289413e+03  11431971   1
       952   6.184962e+08  1.984815e+08  5.298569e+03  11443992   1
       953   1.134411e+08  1.985105e+08  5.307649e+03  11456013   1
       954   2.621713e+08  1.985200e+08  5.316824e+03  11468034   1
       955   1.885287e+08  1.985374e+08  5.326043e+03  11480055   1
       956   1.620679e+08  1.985809e+08  5.335199e+03  11492076   1
       957   2.766628e+08  1.985960e+08  5.344450e+03  11504097   1
       958   2.427791e+08  1.986095e+08  5.353591e+03  11516118   1
       959   6.871960e+08  1.986181e+08  5.362716e+03  11528139   1
       960   2.263792e+08  1.986313e+08  5.371967e+03  11540160   1
       961   1.985046e+08  1.986416e+08  5.381203e+03  11552181   1
       962   1.492871e+08  1.986562e+08  5.390359e+03  11564202   1
       963   4.779481e+08  1.986731e+08  5.399580e+03  11576223   1
       964   2.254036e+08  1.986866e+08  5.408737e+03  11588244   1
       965   2.109642e+08  1.986883e+08  5.417957e+03  11600265   1
       966   2.060556e+08  1.986989e+08  5.427177e+03  11612286   1
       967   2.313290e+08  1.987152e+08  5.436616e+03  11624307   1
       968   1.579947e+08  1.987306e+08  5.445853e+03  11636328   1
       969   4.389385e+08  1.987565e+08  5.455025e+03  11648349   1
       970   1.669469e+08  1.987666e+08  5.464321e+03  11660370   1
       971   1.562797e+08  1.987926e+08  5.473463e+03  11672391   1
       972   3.370459e+08  1.988249e+08  5.482825e+03  11684412   1
       973   5.903790e+08  1.988603e+08  5.492060e+03  11696433   1
       974   4.977403e+08  1.988819e+08  5.501374e+03  11708454   1
       975   2.370342e+08  1.989058e+08  5.510657e+03  11720475   1
       976   2.867257e+08  1.989224e+08  5.519954e+03  11732496   1
       977   1.990316e+08  1.989327e+08  5.529267e+03  11744517   1
       978   1.969674e+08  1.989707e+08  5.538439e+03  11756538   1
       979   1.625808e+08  1.990007e+08  5.547674e+03  11768559   1
       980   2.798644e+08  1.990169e+08  5.557017e+03  11780580   1
       981   1.876435e+08  1.990416e+08  5.566269e+03  11792601   1
       982   2.760911e+08  1.990535e+08  5.575691e+03  11804622   1
       983   3.943721e+08  1.990840e+08  5.585050e+03  11816643   1
       984   1.765406e+08  1.990937e+08  5.594380e+03  11828664   1
       985   2.573163e+08  1.991305e+08  5.603693e+03  11840685   1
       986   1.459335e+08  1.991445e+08  5.612867e+03  11852706   1
       987   2.099196e+08  1.991560e+08  5.622370e+03  11864727   1
       988   2.831661e+08  1.991657e+08  5.631746e+03  11876748   1
       989   4.078188e+08  1.991947e+08  5.641060e+03  11888769   1
       990   2.698078e+08  1.992122e+08  5.650545e+03  11900790   1
       991   5.217219e+08  1.992241e+08  5.659782e+03  11912811   1
       992   2.182586e+08  1.992661e+08  5.669188e+03  11924832   1
       993   3.465649e+08  1.992841e+08  5.678595e+03  11936853   1
       994   1.852532e+08  1.993108e+08  5.687986e+03  11948874   1
       995   3.509265e+08  1.993386e+08  5.697315e+03  11960895   1
       996   2.593980e+08  1.993661e+08  5.706784e+03  11972916   1
       997   1.712071e+08  1.993830e+08  5.716223e+03  11984937   1
       998   1.465945e+08  1.994070e+08  5.725630e+03  11996958   1
       999   2.151416e+08  1.994120e+08  5.735037e+03  12008979   1
      1000   2.519676e+08  1.994297e+08  5.744540e+03  12021000   1
      1001   6.089272e+08  1.994622e+08  5.753870e+03  12033021   1
      1002   1.596974e+08  1.994668e+08  5.763356e+03  12045042   1
      1003   1.683582e+08  1.994829e+08  5.772824e+03  12057063   1
      1004   3.311238e+08  1.995273e+08  5.782310e+03  12069084   1
      1005   1.584700e+08  1.995342e+08  5.791794e+03  12081105   1
      1006   6.938319e+08  1.995513e+08  5.801326e+03  12093126   1
      1007   3.590995e+08  1.995600e+08  5.810796e+03  12105147   1
      1008   1.829160e+08  1.995930e+08  5.820283e+03  12117168   1
      1009   2.661534e+08  1.996178e+08  5.829862e+03  12129189   1
      1010   2.042724e+08  1.996491e+08  5.839488e+03  12141210   1
      1011   3.023023e+08  1.996777e+08  5.848973e+03  12153231   1
      1012   3.146915e+08  1.997254e+08  5.858661e+03  12165252   1
      1013   3.857454e+08  1.997425e+08  5.868083e+03  12177273   1
      1014   1.562765e+08  1.997462e+08  5.877569e+03  12189294   1
      1015   2.134959e+08  1.997816e+08  5.887038e+03  12201315   1
      1016   1.722958e+08  1.997869e+08  5.896571e+03  12213336   1
      1017   3.435191e+08  1.997917e+08  5.906072e+03  12225357   1
      1018   2.057042e+08  1.998041e+08  5.915699e+03  12237378   1
      1019   2.779312e+08  1.998496e+08  5.925170e+03  12249399   1
      1020   3.346195e+08  1.999074e+08  5.934764e+03  12261420   1
      1021   5.680224e+08  1.999196e+08  5.944172e+03  12273441   1
      1022   2.559434e+08  1.999233e+08  5.953767e+03  12285462   1
      1023   1.795177e+08  1.999559e+08  5.963410e+03  12297483   1
      1024   2.217981e+08  1.999829e+08  5.973081e+03  12309504   1
      1025   2.634274e+08  2.000047e+08  5.982740e+03  12321525   1
      1026   1.623252e+08  2.000185e+08  5.992336e+03  12333546   1
      1027   2.354847e+08  2.000373e+08  6.002026e+03  12345567   1
      1028   1.747661e+08  2.000535e+08  6.011729e+03  12357588   1
      1029   1.948554e+08  2.000697e+08  6.021418e+03  12369609   1
      1030   2.897718e+08  2.000795e+08  6.031075e+03  12381630   1
      1031   3.016318e+08  2.000824e+08  6.040591e+03  12393651   1
      1032   2.637484e+08  2.001788e+08  6.050108e+03  12405672   1
      1033   2.917326e+08  2.001910e+08  6.059874e+03  12417693   1
      1034   2.175074e+08  2.002338e+08  6.069593e+03  12429714   1
      1035   2.025275e+08  2.002481e+08  6.079346e+03  12441735   1
      1036   2.248708e+08  2.002577e+08  6.089050e+03  12453756   1
      1037   5.425718e+08  2.003033e+08  6.098800e+03  12465777   1
      1038   2.980516e+08  2.003519e+08  6.108444e+03  12477798   1
      1039   2.858016e+08  2.003597e+08  6.118319e+03  12489819   1
      1040   2.102459e+08  2.003680e+08  6.128241e+03  12501840   1
      1041   2.259440e+08  2.003845e+08  6.138039e+03  12513861   1
      1042   3.104543e+08  2.004023e+08  6.147915e+03  12525882   1
      1043   1.334032e+08  2.004227e+08  6.157728e+03  12537903   1
      1044   2.125763e+08  2.004444e+08  6.167557e+03  12549924   1
      1045   2.402203e+08  2.004506e+08  6.177338e+03  12561945   1
      1046   2.372834e+08  2.005796e+08  6.187137e+03  12573966   1
      1047   2.219373e+08  2.006344e+08  6.197090e+03  12585987   1
      1048   2.610722e+08  2.006620e+08  6.206952e+03  12598008   1
      1049   1.366117e+08  2.006853e+08  6.216765e+03  12610029   1
      1050   3.827414e+08  2.006962e+08  6.226702e+03  12622050   1
      1051   2.970553e+08  2.007283e+08  6.236437e+03  12634071   1
      1052   3.760151e+08  2.007683e+08  6.246281e+03  12646092   1
      1053   2.431152e+08  2.007755e+08  6.256145e+03  12658113   1
      1054   1.932133e+08  2.008087e+08  6.265927e+03  12670134   1
      1055   3.239375e+08  2.008169e+08  6.275775e+03  12682155   1
      1056   1.980967e+08  2.008453e+08  6.285619e+03  12694176   1
      1057   2.414548e+08  2.008839e+08  6.295386e+03  12706197   1
      1058   1.631156e+08  2.008969e+08  6.305011e+03  12718218   1
      1059   2.865349e+08  2.009393e+08  6.314792e+03  12730239   1
      1060   1.943054e+08  2.009592e+08  6.324638e+03  12742260   1
      1061   2.324768e+08  2.009775e+08  6.334624e+03  12754281   1
      1062   1.712933e+08  2.009944e+08  6.344500e+03  12766302   1
      1063   1.780486e+08  2.010155e+08  6.354360e+03  12778323   1
      1064   2.153210e+08  2.010451e+08  6.364236e+03  12790344   1
      1065   2.750332e+08  2.011106e+08  6.374251e+03  12802365   1
      1066   3.367530e+08  2.011195e+08  6.384268e+03  12814386   1
      1067   3.558888e+08  2.011260e+08  6.394191e+03  12826407   1
      1068   1.754769e+08  2.011282e+08  6.404097e+03  12838428   1
      1069   1.169240e+08  2.011320e+08  6.413926e+03  12850449   1
      1070   2.290524e+08  2.011835e+08  6.424069e+03  12862470   1
      1071   7.491426e+08  2.012264e+08  6.434009e+03  12874491   1
      1072   3.179523e+08  2.012407e+08  6.443978e+03  12886512   1
      1073   2.678457e+08  2.012713e+08  6.453933e+03  12898533   1
      1074   1.505096e+08  2.013155e+08  6.463980e+03  12910554   1
      1075   1.858016e+08  2.013399e+08  6.474011e+03  12922575   1
      1076   1.516891e+08  2.013455e+08  6.484058e+03  12934596   1
      1077   2.424661e+08  2.013956e+08  6.494215e+03  12946617   1
      1078   3.085198e+08  2.014031e+08  6.504249e+03  12958638   1
      1079   1.548579e+08  2.014187e+08  6.514171e+03  12970659   1
      1080   2.361857e+08  2.014353e+08  6.524202e+03  12982680   1
      1081   2.642460e+08  2.014421e+08  6.534204e+03  12994701   1
      1082   2.057065e+08  2.014575e+08  6.544158e+03  13006722   1
      1083   4.137325e+08  2.014600e+08  6.554143e+03  13018743   1
      1084   2.788828e+08  2.014925e+08  6.564302e+03  13030764   1
      1085   3.774432e+08  2.014968e+08  6.574493e+03  13042785   1
      1086   4.796383e+08  2.015237e+08  6.584650e+03  13054806   1
      1087   2.941448e+08  2.015440e+08  6.594572e+03  13066827   1
      1088   1.628877e+08  2.015968e+08  6.604715e+03  13078848   1
      1089   1.595519e+08  2.016154e+08  6.614796e+03  13090869   1
      1090   1.371400e+08  2.016184e+08  6.624844e+03  13102890   1
      1091   2.552763e+08  2.016315e+08  6.635143e+03  13114911   1
      1092   1.661010e+08  2.016559e+08  6.645284e+03  13126932   1
      1093   1.944224e+08  2.016780e+08  6.655426e+03  13138953   1
      1094   2.741265e+08  2.017055e+08  6.665521e+03  13150974   1
      1095   2.466917e+08  2.017243e+08  6.675725e+03  13162995   1
      1096   1.876986e+08  2.017392e+08  6.685976e+03  13175016   1
      1097   2.629594e+08  2.017682e+08  6.696163e+03  13187037   1
      1098   3.664595e+08  2.017948e+08  6.706320e+03  13199058   1
      1099   2.354256e+08  2.018423e+08  6.716383e+03  13211079   1
      1100   2.300694e+08  2.018644e+08  6.726633e+03  13223100   1
      1101   2.574929e+08  2.018859e+08  6.736775e+03  13235121   1
      1102   5.156171e+08  2.019049e+08  6.747056e+03  13247142   1
      1103   2.429918e+08  2.019261e+08  6.757417e+03  13259163   1
      1104   1.508627e+08  2.019307e+08  6.767682e+03  13271184   1
      1105   1.503297e+08  2.019576e+08  6.777854e+03  13283205   1
      1106   2.194879e+08  2.019769e+08  6.788073e+03  13295226   1
      1107   4.480721e+08  2.020114e+08  6.798422e+03  13307247   1
      1108   2.023422e+08  2.020263e+08  6.808673e+03  13319268   1
      1109   1.918515e+08  2.020358e+08  6.818986e+03  13331289   1
      1110   2.149509e+08  2.020461e+08  6.829221e+03  13343310   1
      1111   2.962890e+08  2.020724e+08  6.839550e+03  13355331   1
      1112   1.983122e+08  2.020881e+08  6.849833e+03  13367352   1
      1113   2.057983e+08  2.020931e+08  6.860051e+03  13379373   1
      1114   2.153530e+08  2.021123e+08  6.870364e+03  13391394   1
      1115   3.867843e+08  2.021301e+08  6.880802e+03  13403415   1
      1116   2.829232e+08  2.021785e+08  6.891208e+03  13415436   1
      1117   2.387589e+08  2.021825e+08  6.901490e+03  13427457   1
      1118   2.257166e+08  2.022001e+08  6.911865e+03  13439478   1
      1119   2.500815e+08  2.022434e+08  6.922227e+03  13451499   1
      1120   1.793877e+08  2.022600e+08  6.932619e+03  13463520   1
      1121   1.269984e+08  2.023057e+08  6.942933e+03  13475541   1
      1122   2.254646e+08  2.023089e+08  6.953356e+03  13487562   1
      1123   1.109155e+08  2.023282e+08  6.963717e+03  13499583   1
      1124   6.177088e+08  2.023359e+08  6.974126e+03  13511604   1
      1125   6.958812e+08  2.023473e+08  6.984439e+03  13523625   1
      1126   2.337583e+08  2.024240e+08  6.994908e+03  13535646   1
      1127   1.716413e+08  2.024276e+08  7.005408e+03  13547667   1
      1128   2.301194e+08  2.024759e+08  7.015941e+03  13559688   1
      1129   4.396143e+08  2.024843e+08  7.026241e+03  13571709   1
      1130   1.604741e+08  2.025042e+08  7.036726e+03  13583730   1
      1131   1.302173e+08  2.025463e+08  7.047400e+03  13595751   1
      1132   2.188346e+08  2.025525e+08  7.057667e+03  13607772   1
      1133   2.315152e+08  2.025782e+08  7.068262e+03  13619793   1
      1134   1.827896e+08  2.025852e+08  7.078825e+03  13631814   1
      1135   4.499745e+08  2.025877e+08  7.089372e+03  13643835   1
      1136   1.486355e+08  2.026223e+08  7.099749e+03  13655856   1
      1137   3.538174e+08  2.026481e+08  7.110250e+03  13667877   1
      1138   1.552453e+08  2.026853e+08  7.120845e+03  13679898   1
      1139   3.966566e+08  2.026957e+08  7.131487e+03  13691919   1
      1140   1.740719e+08  2.027233e+08  7.141943e+03  13703940   1
      1141   4.224659e+08  2.027250e+08  7.152318e+03  13715961   1
      1142   2.257950e+08  2.027456e+08  7.163070e+03  13727982   1
      1143   2.258212e+08  2.027644e+08  7.173510e+03  13740003   1
      1144   1.895355e+08  2.027674e+08  7.184119e+03  13752024   1
      1145   2.282266e+08  2.028096e+08  7.194526e+03  13764045   1
      1146   3.510298e+08  2.028423e+08  7.205167e+03  13776066   1
-------------------------------------------------------------------
status         : time_limit
total time (s) : 7.205167e+03
total solves   : 13776066
best bound     :  2.028423e+08
simulation ci  :  3.001903e+08  9.970321e+06
numeric issues : 0
-------------------------------------------------------------------

 
                                        Time                    Allocations      
                                  
       Tot / % measured:            2.00h / 100.0%            506GiB / 100.0%    

 Section               ncalls     time    %tot     avg     alloc    %tot      avg
 
 backward_pass          1.15k    1.98h   98.7%   6.21s    501GiB   98.9%   447MiB
   solve_subproblem     13.6M    1.97h   98.3%   519s    492GiB   97.2%  37.8KiB
     get_dual_solution  13.6M     110s    1.5%  8.04s   30.9GiB    6.1%  2.38KiB
   prepare_backward...  2.29k   10.8ms    0.0%  4.72s   2.34MiB    0.0%  1.05KiB
 forward_pass           1.15k    92.0s    1.3%  80.3ms   5.68GiB    1.1%  5.07MiB
   solve_subproblem      138k    90.4s    1.3%   657s   5.20GiB    1.0%  39.6KiB
     get_dual_solution   138k    199ms    0.0%  1.44s   73.4MiB    0.0%     560B
   sample_scenario      1.15k    1.18s    0.0%  1.03ms    329MiB    0.1%   294KiB
 calculate_bound        1.15k    632ms    0.0%   552s   48.2MiB    0.0%  43.1KiB
   get_dual_solution    1.15k   1.62ms    0.0%  1.41s    627KiB    0.0%     560B
 


||||||||||||||||||||||||||||||||||||||||||||||||||||||||||||||||||||||||||||||||||||||||||||||||||||||||||||||||||||||||||||||||||||||||
SIMULATION RESULTS
LogLinearSDDP.Simulation(SDDP.InSampleMonteCarlo(0, false, true, SDDP.var"#155#158"{SDDP.var"#156#159"}(SDDP.var"#156#159"(), Core.Box(2000)), nothing), 2000, 11111)
shapiro_model
Lower bound: 2.0284225249718565e8
Statistical upper bound (confidence interval): 2.688245111977654e8  5.537336056569948e6
Pessimistic upper bound: 2.7436184725433534e8

||||||||||||||||||||||||||||||||||||||||||||||||||||||||||||||||||||||||||||||||||||||||||||||||||||||||||||||||||||||||||||||||||||||||
SIMULATION RESULTS
LogLinearSDDP.Simulation(SDDP.InSampleMonteCarlo(0, false, true, SDDP.var"#155#158"{SDDP.var"#156#159"}(SDDP.var"#156#159"(), Core.Box(2000)), nothing), 2000, 11111)
shapiro_model
Lower bound: 2.0284225249718565e8
Statistical upper bound (confidence interval): 1.7244814677626678e8  4.518921729713099e6
Pessimistic upper bound: 1.769670685059799e8

||||||||||||||||||||||||||||||||||||||||||||||||||||||||||||||||||||||||||||||||||||||||||||||||||||||||||||||||||||||||||||||||||||||||
SIMULATION RESULTS
LogLinearSDDP.Simulation(SDDP.InSampleMonteCarlo(0, false, true, SDDP.var"#155#158"{SDDP.var"#156#159"}(SDDP.var"#156#159"(), Core.Box(2000)), nothing), 2000, 11111)
shapiro_model
Lower bound: 2.0284225249718565e8
Statistical upper bound (confidence interval): 2.964137730768767e8  6.303353222862922e6
Pessimistic upper bound: 3.027171262997396e8

||||||||||||||||||||||||||||||||||||||||||||||||||||||||||||||||||||||||||||||||||||||||||||||||||||||||||||||||||||||||||||||||||||||||
SIMULATION RESULTS
LogLinearSDDP.Simulation(SDDP.InSampleMonteCarlo(0, false, true, SDDP.var"#155#158"{SDDP.var"#156#159"}(SDDP.var"#156#159"(), Core.Box(2000)), nothing), 2000, 11111)
shapiro_model
Lower bound: 2.0284225249718565e8
Statistical upper bound (confidence interval): 1.882618591570943e8  4.805248414653032e6
Pessimistic upper bound: 1.9306710757174733e8

||||||||||||||||||||||||||||||||||||||||||||||||||||||||||||||||||||||||||||||||||||||||||||||||||||||||||||||||||||||||||||||||||||||||
SIMULATION RESULTS
LogLinearSDDP.Simulation(SDDP.InSampleMonteCarlo(0, false, true, SDDP.var"#155#158"{SDDP.var"#156#159"}(SDDP.var"#156#159"(), Core.Box(2000)), nothing), 2000, 11111)
fitted_model
Lower bound: 2.0284225249718565e8
Statistical upper bound (confidence interval): 2.8640275657107484e8  5.652718067856237e6
Pessimistic upper bound: 2.920554746389311e8

||||||||||||||||||||||||||||||||||||||||||||||||||||||||||||||||||||||||||||||||||||||||||||||||||||||||||||||||||||||||||||||||||||||||
SIMULATION RESULTS
LogLinearSDDP.Simulation(SDDP.InSampleMonteCarlo(0, false, true, SDDP.var"#155#158"{SDDP.var"#156#159"}(SDDP.var"#156#159"(), Core.Box(2000)), nothing), 2000, 11111)
fitted_model
Lower bound: 2.0284225249718565e8
Statistical upper bound (confidence interval): 1.834286809628888e8  4.3579370087442845e6
Pessimistic upper bound: 1.8778661797163308e8

||||||||||||||||||||||||||||||||||||||||||||||||||||||||||||||||||||||||||||||||||||||||||||||||||||||||||||||||||||||||||||||||||||||||
SIMULATION RESULTS
LogLinearSDDP.Simulation(SDDP.InSampleMonteCarlo(0, false, true, SDDP.var"#155#158"{SDDP.var"#156#159"}(SDDP.var"#156#159"(), Core.Box(2000)), nothing), 2000, 11111)
custom_model
Lower bound: 2.0284225249718565e8
Statistical upper bound (confidence interval): 4.0997471808940035e8  8.967293150415542e6
Pessimistic upper bound: 4.189420112398159e8

||||||||||||||||||||||||||||||||||||||||||||||||||||||||||||||||||||||||||||||||||||||||||||||||||||||||||||||||||||||||||||||||||||||||
SIMULATION RESULTS
LogLinearSDDP.Simulation(SDDP.InSampleMonteCarlo(0, false, true, SDDP.var"#155#158"{SDDP.var"#156#159"}(SDDP.var"#156#159"(), Core.Box(2000)), nothing), 2000, 11111)
custom_model
Lower bound: 2.0284225249718565e8
Statistical upper bound (confidence interval): 2.522675323528231e8  6.916500331049709e6
Pessimistic upper bound: 2.5918403268387282e8

||||||||||||||||||||||||||||||||||||||||||||||||||||||||||||||||||||||||||||||||||||||||||||||||||||||||||||||||||||||||||||||||||||||||
SIMULATION RESULTS
LogLinearSDDP.Simulation(SDDP.InSampleMonteCarlo(0, false, true, SDDP.var"#155#158"{SDDP.var"#156#159"}(SDDP.var"#156#159"(), Core.Box(2000)), nothing), 2000, 11111)
bic_model
Lower bound: 2.0284225249718565e8
Statistical upper bound (confidence interval): 4.2478979510492295e8  9.382344213937776e6
Pessimistic upper bound: 4.341721393188607e8

||||||||||||||||||||||||||||||||||||||||||||||||||||||||||||||||||||||||||||||||||||||||||||||||||||||||||||||||||||||||||||||||||||||||
SIMULATION RESULTS
LogLinearSDDP.Simulation(SDDP.InSampleMonteCarlo(0, false, true, SDDP.var"#155#158"{SDDP.var"#156#159"}(SDDP.var"#156#159"(), Core.Box(2000)), nothing), 2000, 11111)
bic_model
Lower bound: 2.0284225249718565e8
Statistical upper bound (confidence interval): 2.6545619016493165e8  7.35475302831e6
Pessimistic upper bound: 2.7281094319324166e8

||||||||||||||||||||||||||||||||||||||||||||||||||||||||||||||||||||||||||||||||||||||||||||||||||||||||||||||||||||||||||||||||||||||||
SIMULATION RESULTS
LogLinearSDDP.Simulation(SDDP.InSampleMonteCarlo(0, false, true, SDDP.var"#155#158"{SDDP.var"#156#159"}(SDDP.var"#156#159"(), Core.Box(2000)), nothing), 2000, 11111)
shapiro_model
Lower bound: 2.0278917983327368e8
Statistical upper bound (confidence interval): 4.933117508173602e8  8.37132937520144e7
Pessimistic upper bound: 5.770250445693746e8

||||||||||||||||||||||||||||||||||||||||||||||||||||||||||||||||||||||||||||||||||||||||||||||||||||||||||||||||||||||||||||||||||||||||
SIMULATION RESULTS
LogLinearSDDP.Simulation(SDDP.InSampleMonteCarlo(0, false, true, SDDP.var"#155#158"{SDDP.var"#156#159"}(SDDP.var"#156#159"(), Core.Box(2000)), nothing), 2000, 11111)
shapiro_model
Lower bound: 2.0278917983327368e8
Statistical upper bound (confidence interval): 3.1644402203880703e8  6.717857187148193e7
Pessimistic upper bound: 3.8362259391028893e8
