||||||||||||||||||||||||||||||||||||||||||||||||||||||||||||||||||||||||||||||||||||||||||||||||||||||||||||||||||||||||||||||||||||||||
PATH
calling 
C:\Users\cg4102\Documents\New LogLinearSDDP\LogLinearSDDP.jl\Examples\Hydrothermal
C:\Users\cg4102\Documents\New LogLinearSDDP\LogLinearSDDP.jl\Examples\Hydrothermal\run_model_markov.jl
DATETIME
2025-04-29T08:55:25.788
RUN DESCRIPTION
LogLinearSDDP.AlgoParams(SDDP.AbstractStoppingRule[SDDP.TimeLimit(7200.0)], LogLinearSDDP.NoSimulation(), false, 2, 1, "C:/Users/cg4102/Documents/julia_logs/Cut-sharing Re-Run (2h)/Run_MC-SDDP_shapiro_model_11111/MC-SDDP.log", false, false, false, 11111, "MC-SDDP: 100 nodes, shapiro_model", :fitted_model)
-------------------------------------------------------------------
         SDDP.jl (c) Oscar Dowson and contributors, 2017-23
-------------------------------------------------------------------
problem
  nodes           : 11901
  state variables : 4
  scenarios       : 6.68857e+229
  existing cuts   : false
options
  solver          : serial mode
  risk measure    : SDDP.Expectation()
  sampling scheme : SDDP.Historical{String, Dict{String, Float64}}
subproblem structure
  VariableRef                                  : [142, 142]
  JuMP.AffExpr in MOI.EqualTo{Float64}         : [13, 13]
  JuMP.VariableRef in MOI.GreaterThan{Float64} : [138, 138]
  JuMP.VariableRef in MOI.LessThan{Float64}    : [129, 130]
-------------------------------------------------------------------
 iteration    simulation      bound        time (s)     solves  pid
-------------------------------------------------------------------
         1   1.377048e+09  6.074142e+05  6.060000e+00     10420   1
         2   1.448235e+09  3.648346e+06  9.251000e+00     20868   1
         3   1.205192e+09  3.817976e+06  1.236800e+01     30999   1
         4   7.672180e+08  4.408378e+06  1.557000e+01     41678   1
         5   6.844771e+08  4.473998e+06  1.882400e+01     52228   1
         6   5.485024e+08  1.109683e+07  2.231500e+01     62774   1
         7   7.222077e+08  3.460206e+07  2.547500e+01     73141   1
         8   6.551629e+08  3.722717e+07  2.840200e+01     83306   1
         9   4.269773e+08  4.321240e+07  3.174400e+01     93799   1
        10   6.022657e+08  4.564770e+07  3.483000e+01    104031   1
        11   2.510740e+08  4.719168e+07  3.830000e+01    114408   1
        12   2.080487e+08  5.128558e+07  4.114600e+01    123977   1
        13   4.210940e+08  5.493731e+07  4.429500e+01    134097   1
        14   6.295682e+08  5.774969e+07  4.741900e+01    144440   1
        15   3.371573e+08  5.902844e+07  5.062200e+01    154802   1
        16   2.450979e+08  6.367283e+07  5.373600e+01    165079   1
        17   2.069873e+08  6.414067e+07  5.697100e+01    175246   1
        18   1.811982e+08  6.598046e+07  6.033400e+01    185383   1
        19   3.025182e+08  6.726448e+07  6.365900e+01    195812   1
        20   2.514831e+08  6.730834e+07  6.707300e+01    206049   1
        21   8.706644e+08  6.781364e+07  7.004400e+01    215969   1
        22   3.184203e+08  7.217262e+07  7.321200e+01    226333   1
        23   5.359227e+08  7.334401e+07  7.900300e+01    236496   1
        24   2.038766e+08  7.359802e+07  8.215600e+01    247127   1
        25   1.993618e+08  7.604839e+07  8.517400e+01    257599   1
        26   5.245212e+08  7.671377e+07  8.809900e+01    268033   1
        27   4.460247e+08  7.820035e+07  9.106200e+01    278511   1
        28   3.913155e+08  8.055849e+07  9.403600e+01    288930   1
        29   4.450495e+08  8.124543e+07  9.707000e+01    299658   1
        30   1.838382e+08  8.151893e+07  1.000890e+02    310035   1
        31   7.243424e+08  8.329619e+07  1.029580e+02    320182   1
        32   2.304157e+08  8.386571e+07  1.060150e+02    330645   1
        33   1.922165e+08  8.514808e+07  1.092350e+02    341440   1
        34   1.934825e+08  8.575570e+07  1.124530e+02    352212   1
        35   2.851150e+08  8.653198e+07  1.156970e+02    362768   1
        36   2.146683e+08  8.788445e+07  1.189290e+02    373364   1
        37   3.150098e+08  9.304243e+07  1.220650e+02    383987   1
        38   2.744823e+08  9.777825e+07  1.251730e+02    394216   1
        39   2.522892e+08  9.856981e+07  1.284250e+02    404699   1
        40   1.912585e+08  9.925142e+07  1.316950e+02    414967   1
        41   7.150578e+08  9.955097e+07  1.347790e+02    425512   1
        42   4.145911e+08  1.002287e+08  1.377370e+02    435000   1
        43   2.144462e+08  1.030413e+08  1.409870e+02    445533   1
        44   2.575272e+08  1.058155e+08  1.442270e+02    456046   1
        45   3.276063e+08  1.062380e+08  1.473680e+02    466376   1
        46   2.348538e+08  1.062417e+08  1.505710e+02    476475   1
        47   3.979649e+08  1.117854e+08  1.537160e+02    486823   1
        48   4.391300e+08  1.117922e+08  1.569250e+02    497324   1
        49   2.093766e+08  1.122104e+08  1.601250e+02    507595   1
        50   1.889134e+08  1.122852e+08  1.632760e+02    517577   1
        51   2.902344e+08  1.134980e+08  1.666440e+02    528060   1
        52   2.229052e+08  1.134990e+08  1.700250e+02    538496   1
        53   5.642619e+08  1.154763e+08  1.761630e+02    548865   1
        54   1.272334e+09  1.201372e+08  1.792440e+02    559185   1
        55   3.581696e+08  1.224555e+08  1.823570e+02    569344   1
        56   2.987733e+08  1.241596e+08  1.855370e+02    579646   1
        57   1.930888e+08  1.242816e+08  1.886500e+02    589879   1
        58   2.265274e+08  1.245010e+08  1.919820e+02    600464   1
        59   1.737007e+08  1.255373e+08  1.953940e+02    611225   1
        60   3.356055e+08  1.315418e+08  1.985530e+02    621501   1
        61   7.743839e+08  1.320747e+08  2.016210e+02    631656   1
        62   1.301700e+08  1.325680e+08  2.046640e+02    641329   1
        63   2.931020e+08  1.329958e+08  2.078140e+02    651127   1
        64   1.726329e+08  1.335762e+08  2.109770e+02    661414   1
        65   2.389440e+08  1.335768e+08  2.142510e+02    671631   1
        66   2.014421e+08  1.340883e+08  2.176190e+02    682071   1
        67   2.122712e+08  1.342485e+08  2.210090e+02    692745   1
        68   1.837248e+08  1.342786e+08  2.243500e+02    702947   1
        69   2.378950e+08  1.344891e+08  2.276640e+02    713154   1
        70   5.342550e+08  1.353456e+08  2.309680e+02    723594   1
        71   1.692399e+08  1.358070e+08  2.343820e+02    734172   1
        72   5.158731e+08  1.364872e+08  2.376630e+02    744243   1
        73   2.904434e+08  1.406684e+08  2.410170e+02    754660   1
        74   1.587876e+08  1.412475e+08  2.444990e+02    765111   1
        75   2.033457e+08  1.418375e+08  2.479570e+02    775813   1
        76   3.661116e+08  1.419742e+08  2.512840e+02    786046   1
        77   2.574512e+08  1.426386e+08  2.547180e+02    796644   1
        78   2.832550e+08  1.435711e+08  2.581510e+02    806988   1
        79   1.907582e+08  1.435714e+08  2.615990e+02    817405   1
        80   1.960055e+08  1.445916e+08  2.652400e+02    827888   1
        81   1.565450e+08  1.450591e+08  2.685980e+02    837905   1
        82   2.849034e+08  1.450924e+08  2.748750e+02    848148   1
        83   7.670744e+08  1.456132e+08  2.781280e+02    858398   1
        84   2.119990e+08  1.471013e+08  2.815060e+02    869054   1
        85   2.704731e+08  1.472850e+08  2.848310e+02    879313   1
        86   1.896856e+08  1.476127e+08  2.880570e+02    889383   1
        87   2.298836e+08  1.491508e+08  2.914940e+02    899951   1
        88   2.293938e+08  1.502564e+08  2.949300e+02    910536   1
        89   6.335431e+08  1.513155e+08  2.981890e+02    920684   1
        90   2.899749e+08  1.513311e+08  3.015670e+02    931025   1
        91   4.745028e+08  1.517346e+08  3.049670e+02    941337   1
        92   2.552602e+08  1.518498e+08  3.083600e+02    951113   1
        93   4.588029e+08  1.520087e+08  3.116910e+02    961182   1
        94   2.587429e+08  1.520913e+08  3.151180e+02    971695   1
        95   3.157056e+08  1.529851e+08  3.185440e+02    982022   1
        96   3.441186e+08  1.530400e+08  3.220160e+02    992209   1
        97   4.489019e+08  1.534599e+08  3.254860e+02   1002489   1
        98   4.728131e+08  1.534927e+08  3.288800e+02   1012719   1
        99   2.014878e+08  1.535565e+08  3.323960e+02   1023094   1
       100   2.084259e+08  1.542633e+08  3.360800e+02   1033276   1
       101   1.480463e+08  1.548007e+08  3.395640e+02   1043189   1
       102   2.287525e+08  1.557424e+08  3.432320e+02   1053898   1
       103   3.862518e+08  1.569812e+08  3.467890e+02   1064131   1
       104   6.210952e+08  1.589518e+08  3.504040e+02   1074614   1
       105   1.995904e+08  1.595131e+08  3.539860e+02   1084929   1
       106   3.471035e+08  1.605253e+08  3.576700e+02   1095432   1
       107   1.974755e+08  1.634351e+08  3.613960e+02   1105910   1
       108   3.392059e+08  1.636537e+08  3.650370e+02   1116301   1
       109   3.547351e+08  1.679784e+08  3.687450e+02   1126721   1
       110   4.133060e+08  1.689547e+08  3.758630e+02   1137255   1
       111   1.420544e+08  1.697498e+08  3.793280e+02   1147399   1
       112   1.937439e+08  1.697662e+08  3.828490e+02   1157518   1
       113   1.935902e+08  1.699042e+08  3.865030e+02   1167898   1
       114   3.837124e+08  1.700108e+08  3.900520e+02   1178234   1
       115   2.394842e+08  1.710114e+08  3.936270e+02   1188435   1
       116   2.569735e+08  1.716892e+08  3.973380e+02   1199091   1
       117   2.306532e+08  1.717072e+08  4.010020e+02   1209450   1
       118   1.835648e+08  1.717604e+08  4.047120e+02   1219837   1
       119   2.986700e+08  1.722191e+08  4.083960e+02   1230453   1
       120   2.885844e+08  1.726222e+08  4.120520e+02   1241007   1
       121   1.635534e+08  1.729974e+08  4.156630e+02   1251285   1
       122   2.123560e+08  1.732215e+08  4.193100e+02   1261889   1
       123   4.424291e+08  1.735421e+08  4.228760e+02   1272134   1
       124   1.698357e+08  1.735999e+08  4.264160e+02   1281903   1
       125   2.879202e+08  1.736151e+08  4.300850e+02   1292443   1
       126   2.976571e+08  1.742321e+08  4.338120e+02   1303279   1
       127   2.145781e+08  1.746143e+08  4.375450e+02   1313652   1
       128   5.113857e+08  1.747756e+08  4.413380e+02   1323962   1
       129   2.329733e+08  1.750660e+08  4.451650e+02   1334397   1
       130   1.637329e+08  1.750682e+08  4.489070e+02   1344427   1
       131   4.390891e+08  1.754892e+08  4.526620e+02   1354774   1
       132   2.065016e+08  1.757021e+08  4.564900e+02   1365446   1
       133   2.052989e+08  1.763685e+08  4.602810e+02   1375971   1
       134   2.221552e+08  1.766760e+08  4.640320e+02   1386016   1
       135   1.437966e+08  1.775809e+08  4.678480e+02   1395912   1
       136   6.001657e+08  1.780776e+08  4.716770e+02   1406036   1
       137   5.859712e+08  1.784668e+08  4.755650e+02   1416493   1
       138   2.710730e+08  1.785826e+08  4.795060e+02   1427035   1
       139   3.092262e+08  1.794205e+08  4.833820e+02   1437359   1
       140   2.249054e+08  1.794815e+08  5.016520e+02   1447717   1
       141   1.740639e+08  1.803549e+08  5.054740e+02   1458141   1
       142   4.804403e+08  1.804875e+08  5.092630e+02   1468326   1
       143   1.843012e+08  1.806702e+08  5.133210e+02   1478650   1
       144   7.679794e+08  1.816390e+08  5.169840e+02   1488548   1
       145   2.341622e+08  1.817973e+08  5.208850e+02   1499175   1
       146   4.604084e+08  1.822916e+08  5.247110e+02   1509788   1
       147   2.387319e+08  1.823424e+08  5.286040e+02   1520397   1
       148   6.783039e+08  1.823735e+08  5.324960e+02   1530986   1
       149   2.796966e+08  1.823867e+08  5.363120e+02   1541285   1
       150   2.487830e+08  1.832624e+08  5.402650e+02   1551906   1
       151   2.383780e+08  1.849855e+08  5.440470e+02   1561895   1
       152   4.381539e+08  1.850083e+08  5.479570e+02   1572389   1
       153   1.959221e+08  1.854557e+08  5.518650e+02   1582682   1
       154   2.056149e+08  1.868451e+08  5.557540e+02   1593049   1
       155   2.132925e+08  1.868669e+08  5.596610e+02   1603271   1
       156   1.569399e+08  1.870954e+08  5.637630e+02   1613759   1
       157   2.341149e+08  1.877660e+08  5.680150e+02   1624233   1
       158   1.701009e+08  1.880155e+08  5.722500e+02   1634806   1
       159   1.680227e+08  1.881036e+08  5.767470e+02   1645702   1
       160   2.659208e+08  1.881429e+08  5.809460e+02   1656225   1
       161   3.822699e+08  1.882906e+08  5.851690e+02   1666737   1
       162   2.032811e+08  1.885564e+08  5.943620e+02   1677331   1
       163   4.301517e+08  1.886139e+08  5.982640e+02   1687865   1
       164   1.636363e+08  1.886145e+08  6.021590e+02   1697960   1
       165   1.842541e+08  1.886479e+08  6.062300e+02   1708609   1
       166   2.700758e+08  1.890813e+08  6.102200e+02   1719065   1
       167   2.181146e+08  1.891321e+08  6.142710e+02   1729461   1
       168   3.473718e+08  1.894633e+08  6.182680e+02   1739773   1
       169   1.693793e+08  1.897085e+08  6.224370e+02   1750075   1
       170   1.940399e+08  1.897937e+08  6.266090e+02   1760556   1
       171   6.006612e+08  1.900226e+08  6.306920e+02   1770913   1
       172   2.046092e+08  1.901655e+08  6.348990e+02   1781725   1
       173   3.444286e+08  1.902233e+08  6.390250e+02   1791903   1
       174   3.473381e+08  1.903182e+08  6.431950e+02   1802261   1
       175   3.059312e+08  1.903221e+08  6.474210e+02   1812573   1
       176   1.713407e+08  1.912565e+08  6.517030e+02   1822417   1
       177   2.108164e+08  1.916912e+08  6.561860e+02   1832595   1
       178   2.374933e+08  1.917574e+08  6.606590e+02   1842745   1
       179   3.754446e+08  1.924605e+08  6.691210e+02   1852979   1
       180   1.758610e+08  1.928464e+08  6.731880e+02   1863234   1
       181   4.033219e+08  1.947640e+08  6.773390e+02   1873678   1
       182   1.827289e+08  1.948027e+08  6.814310e+02   1883845   1
       183   1.989438e+08  1.957339e+08  6.857270e+02   1894359   1
       184   1.828944e+08  1.957452e+08  6.899010e+02   1904676   1
       185   2.916799e+08  1.959425e+08  6.940900e+02   1915250   1
       186   1.948659e+08  1.968442e+08  6.984480e+02   1925864   1
       187   2.858624e+08  1.972692e+08  7.027180e+02   1936295   1
       188   1.673944e+08  1.973595e+08  7.070300e+02   1946799   1
       189   2.310071e+08  1.976596e+08  7.113760e+02   1957246   1
       190   1.368799e+08  1.977048e+08  7.155550e+02   1966855   1
       191   1.731201e+08  1.986308e+08  7.198860e+02   1976946   1
       192   3.291564e+08  1.988054e+08  7.242500e+02   1987418   1
       193   3.135640e+08  1.988622e+08  7.327230e+02   1997565   1
       194   2.676125e+08  1.990916e+08  7.369880e+02   2008224   1
       195   2.888657e+08  1.991403e+08  7.412700e+02   2018859   1
       196   3.906288e+08  2.000123e+08  7.456070e+02   2029175   1
       197   3.781427e+08  2.000470e+08  7.499060e+02   2039674   1
       198   4.144069e+08  2.001399e+08  7.541760e+02   2049956   1
       199   3.740245e+08  2.002914e+08  7.584740e+02   2059995   1
       200   2.892642e+08  2.006671e+08  7.628150e+02   2070592   1
       201   1.854998e+08  2.007952e+08  7.672610e+02   2080951   1
       202   2.376648e+08  2.008513e+08  7.717040e+02   2091568   1
       203   1.708632e+08  2.008818e+08  7.762490e+02   2102331   1
       204   2.091836e+08  2.010120e+08  7.807220e+02   2112743   1
       205   3.008620e+08  2.015500e+08  7.894710e+02   2123270   1
       206   2.222703e+08  2.018095e+08  7.937680e+02   2133481   1
       207   3.117984e+08  2.020144e+08  7.981250e+02   2144054   1
       208   2.994317e+08  2.020260e+08  8.024660e+02   2154415   1
       209   2.529755e+08  2.020736e+08  8.068440e+02   2164884   1
       210   1.732853e+08  2.020987e+08  8.112890e+02   2174960   1
       211   1.814291e+08  2.021955e+08  8.156550e+02   2185051   1
       212   2.635898e+08  2.022800e+08  8.201120e+02   2195275   1
       213   2.438188e+08  2.023103e+08  8.245800e+02   2205249   1
       214   1.816165e+08  2.024919e+08  8.291860e+02   2215759   1
       215   2.288911e+08  2.025414e+08  8.337590e+02   2226187   1
       216   1.583977e+08  2.026328e+08  8.383880e+02   2236682   1
       217   6.141736e+08  2.026692e+08  8.470110e+02   2246905   1
       218   1.739036e+08  2.026756e+08  8.513910e+02   2256993   1
       219   4.380689e+08  2.030876e+08  8.559480e+02   2267794   1
       220   1.612332e+08  2.032611e+08  8.604510e+02   2278070   1
       221   5.800843e+08  2.032914e+08  8.648580e+02   2287954   1
       222   4.068652e+08  2.033239e+08  8.692910e+02   2298181   1
       223   2.059314e+08  2.037248e+08  8.738130e+02   2308617   1
       224   2.581697e+08  2.043727e+08  8.783970e+02   2318928   1
       225   2.747828e+08  2.050141e+08  8.830370e+02   2329257   1
       226   3.235126e+08  2.051334e+08  8.876120e+02   2339206   1
       227   3.549936e+08  2.059148e+08  8.965410e+02   2349548   1
       228   2.249783e+08  2.062686e+08  9.010330e+02   2359779   1
       229   2.337107e+08  2.064764e+08  9.056490e+02   2370372   1
       230   3.302376e+08  2.066954e+08  9.102040e+02   2380622   1
       231   1.851058e+08  2.078127e+08  9.148400e+02   2391266   1
       232   2.164741e+08  2.080640e+08  9.195260e+02   2401698   1
       233   2.174509e+08  2.087053e+08  9.241920e+02   2412297   1
       234   2.122376e+08  2.087942e+08  9.288690e+02   2422762   1
       235   1.929293e+08  2.089180e+08  9.336540e+02   2433362   1
       236   4.399780e+08  2.091874e+08  9.384410e+02   2443903   1
       237   2.737655e+08  2.094669e+08  9.475120e+02   2454352   1
       238   1.556426e+08  2.095042e+08  9.521480e+02   2464471   1
       239   5.242536e+08  2.095106e+08  9.567210e+02   2474707   1
       240   2.585310e+08  2.103009e+08  9.614560e+02   2485432   1
       241   2.404423e+08  2.105441e+08  9.661370e+02   2495755   1
       242   2.376652e+08  2.107401e+08  9.709990e+02   2506245   1
       243   1.974292e+08  2.107628e+08  9.755980e+02   2515996   1
       244   4.536106e+08  2.109463e+08  9.802990e+02   2525952   1
       245   1.963985e+08  2.117782e+08  9.851950e+02   2536349   1
       246   2.701937e+08  2.121762e+08  9.900720e+02   2546916   1
       247   2.285435e+08  2.121943e+08  9.992150e+02   2556879   1
       248   5.779193e+08  2.122911e+08  1.003859e+03   2566989   1
       249   2.628719e+08  2.126470e+08  1.008657e+03   2577307   1
       250   1.987271e+08  2.128794e+08  1.013400e+03   2587634   1
       251   6.756802e+08  2.131308e+08  1.018103e+03   2597935   1
       252   1.946363e+08  2.132279e+08  1.022931e+03   2608205   1
       253   1.676321e+08  2.132293e+08  1.027640e+03   2617875   1
       254   2.794153e+08  2.132751e+08  1.032453e+03   2628174   1
       255   6.310248e+08  2.135947e+08  1.037304e+03   2638484   1
       256   2.098620e+08  2.136358e+08  1.042226e+03   2648620   1
       257   6.726123e+08  2.145168e+08  1.051597e+03   2658725   1
       258   2.122397e+08  2.145252e+08  1.056393e+03   2669039   1
       259   5.525957e+08  2.147800e+08  1.061183e+03   2679301   1
       260   2.582225e+08  2.147855e+08  1.065951e+03   2689518   1
       261   2.112087e+08  2.147897e+08  1.070787e+03   2699709   1
       262   3.461459e+08  2.147901e+08  1.075679e+03   2710160   1
       263   3.062053e+08  2.151415e+08  1.080648e+03   2720774   1
       264   1.529561e+08  2.153216e+08  1.085581e+03   2730563   1
       265   1.928618e+08  2.153808e+08  1.090695e+03   2740707   1
       266   2.670471e+08  2.154074e+08  1.100404e+03   2750899   1
       267   1.989669e+08  2.154174e+08  1.105345e+03   2761425   1
       268   2.186458e+08  2.154381e+08  1.110290e+03   2771824   1
       269   1.885169e+08  2.154496e+08  1.115224e+03   2782267   1
       270   2.511728e+08  2.157082e+08  1.120154e+03   2792414   1
       271   3.081775e+08  2.159638e+08  1.125105e+03   2802844   1
       272   2.884499e+08  2.160937e+08  1.130111e+03   2813277   1
       273   3.254725e+08  2.161104e+08  1.134972e+03   2823188   1
       274   2.387085e+08  2.162406e+08  1.140080e+03   2833654   1
       275   3.552590e+08  2.163923e+08  1.145141e+03   2844080   1
       276   6.657055e+08  2.164156e+08  1.154910e+03   2854196   1
       277   4.036171e+08  2.165124e+08  1.159882e+03   2864461   1
       278   2.693497e+08  2.166589e+08  1.164988e+03   2875007   1
       279   3.129823e+08  2.166990e+08  1.169999e+03   2885511   1
       280   2.384347e+08  2.168330e+08  1.175071e+03   2895975   1
       281   1.875870e+08  2.169063e+08  1.180123e+03   2906218   1
       282   2.709422e+08  2.169082e+08  1.185153e+03   2916302   1
       283   3.661815e+08  2.169531e+08  1.190248e+03   2926546   1
       284   2.341306e+08  2.169542e+08  1.195380e+03   2936705   1
       285   2.420287e+08  2.170250e+08  1.200650e+03   2947318   1
       286   4.280108e+08  2.170505e+08  1.210611e+03   2957745   1
       287   2.558860e+08  2.171827e+08  1.215735e+03   2968505   1
       288   3.585338e+08  2.172346e+08  1.220735e+03   2978380   1
       289   4.209484e+08  2.172787e+08  1.225812e+03   2988821   1
       290   2.133335e+08  2.176831e+08  1.230985e+03   2999104   1
       291   2.815744e+08  2.176959e+08  1.236117e+03   3009697   1
       292   5.854450e+08  2.178220e+08  1.241247e+03   3020305   1
       293   2.313293e+08  2.178948e+08  1.246387e+03   3030203   1
       294   1.992424e+08  2.179292e+08  1.251788e+03   3040527   1
       295   2.154719e+08  2.179561e+08  1.257124e+03   3050974   1
       296   2.476979e+08  2.179750e+08  1.267214e+03   3060729   1
       297   4.234392e+08  2.183401e+08  1.272381e+03   3071245   1
       298   2.137102e+08  2.185126e+08  1.277605e+03   3081823   1
       299   3.438147e+08  2.186815e+08  1.282753e+03   3092348   1
       300   2.225320e+08  2.186933e+08  1.288023e+03   3102712   1
       301   1.985957e+08  2.187038e+08  1.293237e+03   3113104   1
       302   3.793731e+08  2.194462e+08  1.298411e+03   3123352   1
       303   2.590445e+08  2.195233e+08  1.303701e+03   3133968   1
       304   5.786474e+08  2.195316e+08  1.308998e+03   3144324   1
       305   1.861548e+08  2.195790e+08  1.314411e+03   3154741   1
       306   1.845988e+08  2.198697e+08  1.324770e+03   3164910   1
       307   1.965090e+08  2.198745e+08  1.330098e+03   3175526   1
       308   2.085023e+08  2.199441e+08  1.335286e+03   3185413   1
       309   2.768634e+08  2.199965e+08  1.340581e+03   3195733   1
       310   1.973227e+08  2.199988e+08  1.345897e+03   3205790   1
       311   1.904030e+08  2.200005e+08  1.351222e+03   3216124   1
       312   3.240921e+08  2.203107e+08  1.356545e+03   3226196   1
       313   2.095119e+08  2.203132e+08  1.361879e+03   3236304   1
       314   7.659521e+08  2.204732e+08  1.367254e+03   3246390   1
       315   1.361220e+08  2.204855e+08  1.372735e+03   3256730   1
       316   2.070850e+08  2.211189e+08  1.383371e+03   3267320   1
       317   1.990793e+08  2.213817e+08  1.388678e+03   3277494   1
       318   2.500561e+08  2.213919e+08  1.393948e+03   3287491   1
       319   2.876930e+08  2.216217e+08  1.399211e+03   3298022   1
       320   2.075317e+08  2.217350e+08  1.404675e+03   3308528   1
       321   1.160390e+08  2.218268e+08  1.410181e+03   3318662   1
       322   1.910440e+08  2.218288e+08  1.415525e+03   3328851   1
       323   2.556727e+08  2.223666e+08  1.421014e+03   3339572   1
       324   1.921076e+08  2.224019e+08  1.426634e+03   3350029   1
       325   4.784117e+08  2.225414e+08  1.432129e+03   3360386   1
       326   3.109058e+08  2.227984e+08  1.442924e+03   3371009   1
       327   2.569639e+08  2.228084e+08  1.448316e+03   3380746   1
       328   2.711778e+08  2.230017e+08  1.453677e+03   3390892   1
       329   2.709173e+08  2.238416e+08  1.459203e+03   3401434   1
       330   1.767893e+08  2.238598e+08  1.464727e+03   3411636   1
       331   1.687346e+08  2.239279e+08  1.470266e+03   3421876   1
       332   2.787486e+08  2.242926e+08  1.475777e+03   3432170   1
       333   1.464695e+08  2.242932e+08  1.481302e+03   3442536   1
       334   1.473270e+08  2.246383e+08  1.486941e+03   3452429   1
       335   3.076908e+08  2.246689e+08  1.492559e+03   3462842   1
       336   2.093458e+08  2.246725e+08  1.503580e+03   3473093   1
       337   2.031068e+08  2.247262e+08  1.509066e+03   3483384   1
       338   3.225348e+08  2.248182e+08  1.514567e+03   3493995   1
       339   2.897779e+08  2.252565e+08  1.520060e+03   3504384   1
       340   3.293312e+08  2.256755e+08  1.525709e+03   3514904   1
       341   2.406920e+08  2.256805e+08  1.531379e+03   3525394   1
       342   4.380106e+08  2.260335e+08  1.536919e+03   3535731   1
       343   2.535970e+08  2.260632e+08  1.542569e+03   3546358   1
       344   1.767325e+08  2.263069e+08  1.548225e+03   3556870   1
       345   1.861147e+08  2.264848e+08  1.554001e+03   3567156   1
       346   1.768878e+08  2.264903e+08  1.559834e+03   3577917   1
       347   2.055372e+08  2.264985e+08  1.571037e+03   3588277   1
       348   2.331266e+08  2.265341e+08  1.576692e+03   3598604   1
       349   3.639262e+08  2.266634e+08  1.582307e+03   3608972   1
       350   2.714992e+08  2.266854e+08  1.587921e+03   3618881   1
       351   2.477823e+08  2.270469e+08  1.593544e+03   3629043   1
       352   3.781232e+08  2.271420e+08  1.599318e+03   3639846   1
       353   2.024660e+08  2.271495e+08  1.604937e+03   3649874   1
       354   1.589899e+08  2.272289e+08  1.610755e+03   3660428   1
       355   3.345264e+08  2.272399e+08  1.616592e+03   3670973   1
       356   2.078674e+08  2.274113e+08  1.622542e+03   3681696   1
       357   1.771651e+08  2.275330e+08  1.628480e+03   3691912   1
       358   2.084972e+08  2.275639e+08  1.640118e+03   3702666   1
       359   1.854353e+08  2.276203e+08  1.645928e+03   3712834   1
       360   3.234906e+08  2.279332e+08  1.651743e+03   3723278   1
       361   2.501612e+08  2.279740e+08  1.657539e+03   3733922   1
       362   5.282630e+08  2.280386e+08  1.663344e+03   3744071   1
       363   4.510450e+08  2.282730e+08  1.669163e+03   3754541   1
       364   2.401191e+08  2.282924e+08  1.674882e+03   3764549   1
       365   1.989010e+08  2.283204e+08  1.680663e+03   3774986   1
       366   2.108514e+08  2.283818e+08  1.686682e+03   3785406   1
       367   2.972515e+08  2.283942e+08  1.692647e+03   3795432   1
       368   2.571590e+08  2.284859e+08  1.704609e+03   3805762   1
       369   2.832413e+08  2.288594e+08  1.710461e+03   3816169   1
       370   2.136160e+08  2.289323e+08  1.716297e+03   3826459   1
       371   2.238940e+08  2.289564e+08  1.722124e+03   3836713   1
       372   1.665052e+08  2.290167e+08  1.728013e+03   3847060   1
       373   2.352716e+08  2.292114e+08  1.733922e+03   3857680   1
       374   6.633313e+08  2.292181e+08  1.739795e+03   3867953   1
       375   4.680427e+08  2.292438e+08  1.745644e+03   3877729   1
       376   4.270690e+08  2.292481e+08  1.751598e+03   3887693   1
       377   2.855111e+08  2.292653e+08  1.757640e+03   3897638   1
       378   2.909120e+08  2.292674e+08  1.763743e+03   3908282   1
       379   2.498844e+08  2.292694e+08  1.775878e+03   3918780   1
       380   2.699611e+08  2.292993e+08  1.781823e+03   3929033   1
       381   1.682891e+08  2.293224e+08  1.787787e+03   3939499   1
       382   1.875971e+08  2.294101e+08  1.793762e+03   3950148   1
       383   4.691619e+08  2.294151e+08  1.799717e+03   3960731   1
       384   1.554113e+08  2.294293e+08  1.805781e+03   3971336   1
       385   5.167515e+08  2.300193e+08  1.811790e+03   3982020   1
       386   2.303664e+08  2.301188e+08  1.817827e+03   3992362   1
       387   2.080335e+08  2.301769e+08  1.823812e+03   4002262   1
       388   2.939410e+08  2.302476e+08  1.829979e+03   4012336   1
       389   2.256825e+08  2.303384e+08  1.836125e+03   4022492   1
       390   3.229147e+08  2.304337e+08  1.848398e+03   4033070   1
       391   2.011261e+08  2.304651e+08  1.854471e+03   4043209   1
       392   4.126915e+08  2.305477e+08  1.860509e+03   4053698   1
       393   2.629867e+08  2.307714e+08  1.866522e+03   4063849   1
       394   3.030967e+08  2.308985e+08  1.872677e+03   4074444   1
       395   1.950807e+08  2.309439e+08  1.878832e+03   4084830   1
       396   1.936191e+08  2.310493e+08  1.884974e+03   4094877   1
       397   3.755505e+08  2.315594e+08  1.891119e+03   4105261   1
       398   2.320232e+08  2.315639e+08  1.897238e+03   4115370   1
       399   1.870981e+08  2.316231e+08  1.903488e+03   4125523   1
       400   2.264955e+08  2.316554e+08  1.909790e+03   4136023   1
       401   2.019771e+08  2.317798e+08  1.922348e+03   4146440   1
       402   2.503193e+08  2.318627e+08  1.928457e+03   4156787   1
       403   2.025608e+08  2.318647e+08  1.934578e+03   4167460   1
       404   1.814641e+08  2.320507e+08  1.940746e+03   4177905   1
       405   2.399289e+08  2.320513e+08  1.947005e+03   4188254   1
       406   1.617553e+08  2.321121e+08  1.953287e+03   4198660   1
       407   3.468391e+08  2.321752e+08  1.959476e+03   4209302   1
       408   2.646055e+08  2.322141e+08  1.965665e+03   4219232   1
       409   2.821619e+08  2.323852e+08  1.971863e+03   4229821   1
       410   2.507108e+08  2.327936e+08  1.978257e+03   4240348   1
       411   2.308371e+08  2.328600e+08  1.984626e+03   4250843   1
       412   1.753951e+08  2.329036e+08  1.997460e+03   4260954   1
       413   2.225017e+08  2.329506e+08  2.003731e+03   4271207   1
       414   4.315576e+08  2.329573e+08  2.009971e+03   4281528   1
       415   3.127656e+08  2.329996e+08  2.016211e+03   4291749   1
       416   2.073929e+08  2.331171e+08  2.022511e+03   4302261   1
       417   5.226022e+08  2.333033e+08  2.028732e+03   4312540   1
       418   2.723113e+08  2.334576e+08  2.035048e+03   4322907   1
       419   2.444569e+08  2.334810e+08  2.041398e+03   4333226   1
       420   2.945129e+08  2.335852e+08  2.047681e+03   4343579   1
       421   3.523358e+08  2.336292e+08  2.054021e+03   4354119   1
       422   3.432549e+08  2.336395e+08  2.060486e+03   4364610   1
       423   2.266803e+08  2.339547e+08  2.066991e+03   4375175   1
       424   3.199615e+08  2.339876e+08  2.079978e+03   4385408   1
       425   1.476351e+08  2.341572e+08  2.086392e+03   4395856   1
       426   1.809085e+08  2.342125e+08  2.092736e+03   4405793   1
       427   1.935602e+08  2.342394e+08  2.099106e+03   4416197   1
       428   2.118042e+08  2.344365e+08  2.105531e+03   4426608   1
       429   2.027032e+08  2.344437e+08  2.111946e+03   4436999   1
       430   6.675017e+08  2.351174e+08  2.118322e+03   4447246   1
       431   2.416355e+08  2.352067e+08  2.124747e+03   4457225   1
       432   1.470752e+08  2.352085e+08  2.131198e+03   4467438   1
       433   2.902549e+08  2.352726e+08  2.137748e+03   4477920   1
       434   2.710566e+08  2.354018e+08  2.144263e+03   4488412   1
       435   3.112970e+08  2.354857e+08  2.157536e+03   4498872   1
       436   2.142058e+08  2.354972e+08  2.163882e+03   4509169   1
       437   2.151826e+08  2.356276e+08  2.170341e+03   4519680   1
       438   1.863441e+08  2.357183e+08  2.176838e+03   4530347   1
       439   4.335233e+08  2.358062e+08  2.183221e+03   4540433   1
       440   2.736319e+08  2.360310e+08  2.189736e+03   4550702   1
       441   2.509838e+08  2.360342e+08  2.196269e+03   4561077   1
       442   1.974274e+08  2.360740e+08  2.202884e+03   4571492   1
       443   3.422198e+08  2.360781e+08  2.209341e+03   4581711   1
       444   3.567692e+08  2.360809e+08  2.215942e+03   4592160   1
       445   3.297831e+08  2.363944e+08  2.222547e+03   4602767   1
       446   3.723720e+08  2.363947e+08  2.229144e+03   4613079   1
       447   2.358554e+08  2.364716e+08  2.242287e+03   4623613   1
       448   2.027917e+08  2.365472e+08  2.248854e+03   4633625   1
       449   1.642306e+08  2.365475e+08  2.255328e+03   4643923   1
       450   2.516281e+08  2.365546e+08  2.261856e+03   4654531   1
       451   1.879957e+08  2.367420e+08  2.268349e+03   4664779   1
       452   3.225240e+08  2.368699e+08  2.274900e+03   4675055   1
       453   3.359304e+08  2.368941e+08  2.281452e+03   4685328   1
       454   3.910783e+08  2.371374e+08  2.287898e+03   4695758   1
       455   2.366056e+08  2.374543e+08  2.294505e+03   4705997   1
       456   1.896245e+08  2.376147e+08  2.301201e+03   4716256   1
       457   5.465041e+08  2.376583e+08  2.307854e+03   4726629   1
       458   2.069909e+08  2.377173e+08  2.314759e+03   4736779   1
       459   2.779183e+08  2.378125e+08  2.328149e+03   4747305   1
       460   2.365437e+08  2.378499e+08  2.334698e+03   4757685   1
       461   7.227997e+08  2.379190e+08  2.341223e+03   4767902   1
       462   3.184057e+08  2.379629e+08  2.347844e+03   4778425   1
       463   1.654061e+08  2.380836e+08  2.354507e+03   4788774   1
       464   3.061212e+08  2.381135e+08  2.361139e+03   4799133   1
       465   3.493652e+08  2.381739e+08  2.367788e+03   4809663   1
       466   2.431772e+08  2.381884e+08  2.374428e+03   4819841   1
       467   2.259362e+08  2.381937e+08  2.381145e+03   4830370   1
       468   4.054597e+08  2.382062e+08  2.387823e+03   4840768   1
       469   2.515954e+08  2.382113e+08  2.394614e+03   4850953   1
       470   4.717058e+08  2.382326e+08  2.408356e+03   4861292   1
       471   2.409901e+08  2.382400e+08  2.415087e+03   4871970   1
       472   2.009606e+08  2.382708e+08  2.421772e+03   4882329   1
       473   1.846769e+08  2.383262e+08  2.428487e+03   4892645   1
       474   5.168019e+08  2.383518e+08  2.435186e+03   4902998   1
       475   1.666637e+08  2.383587e+08  2.441981e+03   4913494   1
       476   3.478904e+08  2.384016e+08  2.448735e+03   4924050   1
       477   3.845662e+08  2.385271e+08  2.455428e+03   4934338   1
       478   4.557775e+08  2.385527e+08  2.462052e+03   4944759   1
       479   3.343810e+08  2.385772e+08  2.468811e+03   4955191   1
       480   3.150800e+08  2.387123e+08  2.475701e+03   4965546   1
       481   2.300069e+08  2.387196e+08  2.482560e+03   4975897   1
       482   2.868675e+08  2.387654e+08  2.489556e+03   4986341   1
       483   3.255876e+08  2.387714e+08  2.503311e+03   4996773   1
       484   2.186731e+08  2.387833e+08  2.510049e+03   5007297   1
       485   1.868371e+08  2.388497e+08  2.516857e+03   5017679   1
       486   1.576394e+08  2.388837e+08  2.523699e+03   5028263   1
       487   1.504580e+08  2.388936e+08  2.530418e+03   5038262   1
       488   1.582260e+08  2.389832e+08  2.537152e+03   5048220   1
       489   3.109398e+08  2.392789e+08  2.543947e+03   5058837   1
       490   3.306674e+08  2.392801e+08  2.550760e+03   5069222   1
       491   1.585186e+08  2.392875e+08  2.557639e+03   5079767   1
       492   1.792966e+08  2.393099e+08  2.564585e+03   5090026   1
       493   2.259163e+08  2.393851e+08  2.571544e+03   5100506   1
       494   1.401330e+08  2.393952e+08  2.578551e+03   5110676   1
       495   1.855235e+08  2.395117e+08  2.592595e+03   5120813   1
       496   2.711435e+08  2.396692e+08  2.599317e+03   5130533   1
       497   3.740015e+08  2.397028e+08  2.606125e+03   5140529   1
       498   1.380193e+08  2.397286e+08  2.613061e+03   5150789   1
       499   2.468817e+08  2.397483e+08  2.619915e+03   5160946   1
       500   1.900277e+08  2.398578e+08  2.626896e+03   5171327   1
       501   2.590347e+08  2.401953e+08  2.633794e+03   5181875   1
       502   3.676387e+08  2.402220e+08  2.640803e+03   5192206   1
       503   2.448820e+08  2.402463e+08  2.647772e+03   5202216   1
       504   2.442425e+08  2.402875e+08  2.654847e+03   5212412   1
       505   1.972482e+08  2.403030e+08  2.661953e+03   5222747   1
       506   8.976471e+08  2.403504e+08  2.669030e+03   5232652   1
       507   2.017199e+08  2.404301e+08  2.683454e+03   5243111   1
       508   2.271796e+08  2.404534e+08  2.690423e+03   5253400   1
       509   1.369734e+08  2.404561e+08  2.697522e+03   5263913   1
       510   2.271424e+08  2.404715e+08  2.704560e+03   5274381   1
       511   2.348198e+08  2.404852e+08  2.711530e+03   5284560   1
       512   2.247915e+08  2.404975e+08  2.718559e+03   5294871   1
       513   1.901278e+08  2.405067e+08  2.725741e+03   5305231   1
       514   2.315080e+08  2.405325e+08  2.732802e+03   5315501   1
       515   1.929737e+08  2.405340e+08  2.739954e+03   5325481   1
       516   2.173953e+08  2.405391e+08  2.747111e+03   5335758   1
       517   2.318642e+08  2.405428e+08  2.754325e+03   5346368   1
       518   3.203608e+08  2.405491e+08  2.761537e+03   5356951   1
       519   6.013971e+08  2.408085e+08  2.776159e+03   5366906   1
       520   2.019228e+08  2.408973e+08  2.783246e+03   5377475   1
       521   1.951580e+08  2.409062e+08  2.790351e+03   5387779   1
       522   2.670866e+08  2.409267e+08  2.797466e+03   5398098   1
       523   2.512024e+08  2.410676e+08  2.804584e+03   5408483   1
       524   1.726148e+08  2.410688e+08  2.811828e+03   5419102   1
       525   5.741904e+08  2.410797e+08  2.818865e+03   5429306   1
       526   4.803978e+08  2.411937e+08  2.826068e+03   5439454   1
       527   2.032725e+08  2.411964e+08  2.833312e+03   5449835   1
       528   1.779200e+08  2.412461e+08  2.840447e+03   5460151   1
       529   1.767837e+08  2.412505e+08  2.847700e+03   5470262   1
       530   1.616629e+08  2.413411e+08  2.855110e+03   5480310   1
       531   1.859828e+08  2.413492e+08  2.870088e+03   5490977   1
       532   2.104424e+08  2.413804e+08  2.877241e+03   5501505   1
       533   2.109413e+08  2.413809e+08  2.884422e+03   5511898   1
       534   3.044129e+08  2.415021e+08  2.891515e+03   5522339   1
       535   3.028634e+08  2.415185e+08  2.898792e+03   5532673   1
       536   2.533733e+08  2.415556e+08  2.906044e+03   5543100   1
       537   1.768748e+08  2.418693e+08  2.913383e+03   5553447   1
       538   2.522251e+08  2.419526e+08  2.920616e+03   5563872   1
       539   2.274069e+08  2.419658e+08  2.927934e+03   5574212   1
       540   2.116604e+08  2.419865e+08  2.935289e+03   5584426   1
       541   4.221901e+08  2.419878e+08  2.942598e+03   5594878   1
       542   3.081476e+08  2.420929e+08  2.949955e+03   5605458   1
       543   2.668326e+08  2.420953e+08  2.957448e+03   5615680   1
       544   1.537215e+08  2.422281e+08  2.972811e+03   5626070   1
       545   1.541398e+08  2.422386e+08  2.980087e+03   5636299   1
       546   4.856317e+08  2.422569e+08  2.987382e+03   5646776   1
       547   2.153537e+08  2.422976e+08  2.994708e+03   5656971   1
       548   1.297512e+08  2.422982e+08  3.002060e+03   5666903   1
       549   3.292529e+08  2.423852e+08  3.009428e+03   5677113   1
       550   3.792169e+08  2.423941e+08  3.016760e+03   5686928   1
       551   1.986218e+08  2.423954e+08  3.024248e+03   5697566   1
       552   3.370763e+08  2.424240e+08  3.031608e+03   5708075   1
       553   2.278447e+08  2.424457e+08  3.038958e+03   5718021   1
       554   2.021438e+08  2.424699e+08  3.046477e+03   5728442   1
       555   2.042929e+08  2.424702e+08  3.054025e+03   5738640   1
       556   1.762273e+08  2.425213e+08  3.061676e+03   5749146   1
       557   2.140016e+08  2.425640e+08  3.077066e+03   5759579   1
       558   1.892238e+08  2.425641e+08  3.084500e+03   5769949   1
       559   4.782150e+08  2.429225e+08  3.091847e+03   5780612   1
       560   1.626813e+08  2.430472e+08  3.099311e+03   5790771   1
       561   1.904350e+08  2.430889e+08  3.106789e+03   5800940   1
       562   1.471829e+08  2.431314e+08  3.114253e+03   5811270   1
       563   2.277525e+08  2.431544e+08  3.121708e+03   5821112   1
       564   1.745703e+08  2.432032e+08  3.129287e+03   5831480   1
       565   1.488073e+08  2.433264e+08  3.136731e+03   5841811   1
       566   1.527868e+08  2.433281e+08  3.144293e+03   5851441   1
       567   2.686651e+08  2.433372e+08  3.151999e+03   5862003   1
       568   2.268914e+08  2.433394e+08  3.159673e+03   5872723   1
       569   6.225165e+08  2.433424e+08  3.175350e+03   5882980   1
       570   2.247009e+08  2.433510e+08  3.182812e+03   5893686   1
       571   2.106947e+08  2.434708e+08  3.190210e+03   5904018   1
       572   2.071631e+08  2.434753e+08  3.197764e+03   5914750   1
       573   1.654752e+08  2.435371e+08  3.205369e+03   5925036   1
       574   9.367060e+08  2.435392e+08  3.212861e+03   5935258   1
       575   2.125672e+08  2.435856e+08  3.220422e+03   5945417   1
       576   2.294865e+08  2.436945e+08  3.228052e+03   5955943   1
       577   2.769946e+08  2.438504e+08  3.235687e+03   5966114   1
       578   5.544215e+08  2.439046e+08  3.243190e+03   5976569   1
       579   6.697130e+08  2.439183e+08  3.250821e+03   5986792   1
       580   3.977750e+08  2.439192e+08  3.258540e+03   5997168   1
       581   2.442296e+08  2.439454e+08  3.266275e+03   6007606   1
       582   2.153867e+08  2.439690e+08  3.274186e+03   6017858   1
       583   4.201661e+08  2.440112e+08  3.290117e+03   6028284   1
       584   2.041144e+08  2.440144e+08  3.297811e+03   6038846   1
       585   3.150838e+08  2.440957e+08  3.305324e+03   6049086   1
       586   2.352614e+08  2.440971e+08  3.312922e+03   6059433   1
       587   2.280395e+08  2.442359e+08  3.320495e+03   6069861   1
       588   2.157596e+08  2.442950e+08  3.328230e+03   6080622   1
       589   5.027469e+08  2.444901e+08  3.335873e+03   6090934   1
       590   2.122604e+08  2.447270e+08  3.343637e+03   6101467   1
       591   1.492525e+08  2.450368e+08  3.351280e+03   6111362   1
       592   2.260526e+08  2.450557e+08  3.359034e+03   6121771   1
       593   2.336320e+08  2.452918e+08  3.366803e+03   6131987   1
       594   3.961117e+08  2.454729e+08  3.374624e+03   6142419   1
       595   2.627586e+08  2.455217e+08  3.382465e+03   6152669   1
       596   2.896549e+08  2.455248e+08  3.398694e+03   6163266   1
       597   4.122143e+08  2.457554e+08  3.406323e+03   6173963   1
       598   1.965304e+08  2.458981e+08  3.414087e+03   6184487   1
       599   4.993315e+08  2.459377e+08  3.421738e+03   6194830   1
       600   3.471457e+08  2.459470e+08  3.429550e+03   6205221   1
       601   3.136340e+08  2.460368e+08  3.437336e+03   6215801   1
       602   4.288519e+08  2.460375e+08  3.445040e+03   6226034   1
       603   1.608997e+08  2.460850e+08  3.452981e+03   6236303   1
       604   1.781502e+08  2.460896e+08  3.460877e+03   6246519   1
       605   1.584758e+08  2.460905e+08  3.468848e+03   6256902   1
       606   2.027035e+08  2.461173e+08  3.476780e+03   6267402   1
       607   3.543600e+08  2.461178e+08  3.484651e+03   6277802   1
       608   3.910966e+08  2.461675e+08  3.492587e+03   6288333   1
       609   1.419797e+08  2.463493e+08  3.500739e+03   6298661   1
       610   2.213013e+08  2.463888e+08  3.517199e+03   6309111   1
       611   8.841217e+08  2.464635e+08  3.524876e+03   6319211   1
       612   3.038814e+08  2.464892e+08  3.532692e+03   6329482   1
       613   2.126742e+08  2.466298e+08  3.540638e+03   6339811   1
       614   2.129640e+08  2.466734e+08  3.548549e+03   6350263   1
       615   2.535309e+08  2.468382e+08  3.556393e+03   6360725   1
       616   3.370013e+08  2.469050e+08  3.564212e+03   6370517   1
       617   2.787397e+08  2.469547e+08  3.572297e+03   6380877   1
       618   4.524395e+08  2.469805e+08  3.580153e+03   6391488   1
       619   9.604797e+08  2.469992e+08  3.587940e+03   6401818   1
       620   1.509930e+08  2.470845e+08  3.596117e+03   6411648   1
       621   3.463466e+08  2.470856e+08  3.604206e+03   6421892   1
       622   1.636386e+08  2.470900e+08  3.612489e+03   6432157   1
       623   2.549773e+08  2.471036e+08  3.629447e+03   6442628   1
       624   1.789306e+08  2.471316e+08  3.637345e+03   6452975   1
       625   2.338328e+08  2.472278e+08  3.645452e+03   6463585   1
       626   2.404698e+08  2.472373e+08  3.653434e+03   6473695   1
       627   2.647258e+08  2.472509e+08  3.661386e+03   6484397   1
       628   2.792450e+08  2.472725e+08  3.669380e+03   6494752   1
       629   2.351635e+08  2.472866e+08  3.677404e+03   6505224   1
       630   4.717783e+08  2.472901e+08  3.685320e+03   6515195   1
       631   2.748541e+08  2.473331e+08  3.693486e+03   6525358   1
       632   2.357499e+08  2.473717e+08  3.701543e+03   6535289   1
       633   1.872198e+08  2.474682e+08  3.709683e+03   6545922   1
       634   3.805600e+08  2.476653e+08  3.717814e+03   6556324   1
       635   3.603966e+08  2.477220e+08  3.726019e+03   6566990   1
       636   1.188719e+08  2.477297e+08  3.734401e+03   6577238   1
       637   2.496722e+08  2.477379e+08  3.751388e+03   6587759   1
       638   2.853324e+08  2.477718e+08  3.759467e+03   6598357   1
       639   3.300720e+08  2.477922e+08  3.767556e+03   6608370   1
       640   4.242296e+08  2.478933e+08  3.775592e+03   6618979   1
       641   2.364600e+08  2.478942e+08  3.783700e+03   6629308   1
       642   2.048717e+08  2.479867e+08  3.791863e+03   6639733   1
       643   2.585652e+08  2.480164e+08  3.800102e+03   6650229   1
       644   2.177300e+08  2.480492e+08  3.808288e+03   6660582   1
       645   2.384038e+08  2.481261e+08  3.816496e+03   6671077   1
       646   3.174988e+08  2.482194e+08  3.824756e+03   6681556   1
       647   2.093377e+08  2.482479e+08  3.833039e+03   6691857   1
       648   3.716602e+08  2.484315e+08  3.841355e+03   6702339   1
       649   2.339175e+08  2.484754e+08  3.849668e+03   6712626   1
       650   1.669945e+08  2.485068e+08  3.858008e+03   6722836   1
       651   2.273885e+08  2.485422e+08  3.875255e+03   6733283   1
       652   2.096463e+08  2.485422e+08  3.883400e+03   6743661   1
       653   2.756287e+08  2.485455e+08  3.891550e+03   6754074   1
       654   2.261701e+08  2.485922e+08  3.899752e+03   6764512   1
       655   1.601143e+08  2.485924e+08  3.908001e+03   6774658   1
       656   1.624706e+08  2.486586e+08  3.916239e+03   6785312   1
       657   1.962643e+08  2.487833e+08  3.924359e+03   6795755   1
       658   2.844021e+08  2.488192e+08  3.932749e+03   6805913   1
       659   4.021084e+08  2.488503e+08  3.941010e+03   6816529   1
       660   2.827775e+08  2.488532e+08  3.949232e+03   6826699   1
       661   1.765156e+08  2.490634e+08  3.957622e+03   6837120   1
       662   1.810920e+08  2.491765e+08  3.966085e+03   6847023   1
       663   2.428627e+08  2.491833e+08  3.974520e+03   6857303   1
       664   2.047445e+08  2.491893e+08  3.983117e+03   6867632   1
       665   2.484446e+08  2.492243e+08  4.000574e+03   6877893   1
       666   2.066921e+08  2.492249e+08  4.008937e+03   6887952   1
       667   2.493788e+08  2.492342e+08  4.017243e+03   6898087   1
       668   2.681389e+08  2.492611e+08  4.025610e+03   6908243   1
       669   1.585194e+08  2.492611e+08  4.033979e+03   6918722   1
       670   2.709109e+08  2.492903e+08  4.042251e+03   6928819   1
       671   5.097976e+08  2.492989e+08  4.050558e+03   6938999   1
       672   7.153101e+08  2.493040e+08  4.058956e+03   6949620   1
       673   2.883782e+08  2.493279e+08  4.067378e+03   6960041   1
       674   3.568739e+08  2.493284e+08  4.075790e+03   6970625   1
       675   4.600940e+08  2.493479e+08  4.084263e+03   6980344   1
       676   4.327669e+08  2.493551e+08  4.092857e+03   6990844   1
       677   2.546958e+08  2.493788e+08  4.101384e+03   7000903   1
       678   2.610796e+08  2.494685e+08  4.110158e+03   7011211   1
       679   3.125747e+08  2.494686e+08  4.128043e+03   7021719   1
       680   2.166578e+08  2.494703e+08  4.136448e+03   7032254   1
       681   1.686720e+08  2.494936e+08  4.144879e+03   7042279   1
       682   2.347092e+08  2.495048e+08  4.153405e+03   7052669   1
       683   2.097255e+08  2.495086e+08  4.162002e+03   7063038   1
       684   3.268022e+08  2.495311e+08  4.170318e+03   7073121   1
       685   2.133805e+08  2.495333e+08  4.178852e+03   7083348   1
       686   3.243789e+08  2.495428e+08  4.187297e+03   7093693   1
       687   3.269054e+08  2.495699e+08  4.195744e+03   7104227   1
       688   5.766659e+08  2.495813e+08  4.204186e+03   7114495   1
       689   2.452311e+08  2.496341e+08  4.212793e+03   7124988   1
       690   2.900172e+08  2.496358e+08  4.221414e+03   7135047   1
       691   2.124613e+08  2.497037e+08  4.230133e+03   7145626   1
       692   1.652679e+08  2.497132e+08  4.239056e+03   7155553   1
       693   2.784253e+08  2.498034e+08  4.257118e+03   7165728   1
       694   3.110752e+08  2.500361e+08  4.265731e+03   7176269   1
       695   1.231284e+08  2.500589e+08  4.274430e+03   7186449   1
       696   2.189001e+08  2.500591e+08  4.283026e+03   7197138   1
       697   4.775368e+08  2.500704e+08  4.291566e+03   7207302   1
       698   1.835375e+08  2.501656e+08  4.300200e+03   7217797   1
       699   2.263302e+08  2.502270e+08  4.308756e+03   7228543   1
       700   4.149613e+08  2.502592e+08  4.317347e+03   7238724   1
       701   2.116602e+08  2.503131e+08  4.326154e+03   7248778   1
       702   2.390719e+08  2.503211e+08  4.334878e+03   7259367   1
       703   2.060125e+08  2.503656e+08  4.343545e+03   7269211   1
       704   3.491319e+08  2.503657e+08  4.352368e+03   7279228   1
       705   3.788470e+08  2.504187e+08  4.361165e+03   7289296   1
       706   1.672416e+08  2.505581e+08  4.370067e+03   7299721   1
       707   1.972380e+08  2.505694e+08  4.388646e+03   7310166   1
       708   1.967938e+08  2.506525e+08  4.397270e+03   7320354   1
       709   2.438718e+08  2.507670e+08  4.405938e+03   7330800   1
       710   1.578793e+08  2.507987e+08  4.414615e+03   7341345   1
       711   3.413521e+08  2.509712e+08  4.423355e+03   7351398   1
       712   4.703593e+08  2.513703e+08  4.432075e+03   7362034   1
       713   2.254634e+08  2.514473e+08  4.440922e+03   7372698   1
       714   2.549622e+08  2.514701e+08  4.449583e+03   7383353   1
       715   2.286964e+08  2.514739e+08  4.458323e+03   7393061   1
       716   2.693428e+08  2.514916e+08  4.467259e+03   7403327   1
       717   2.497994e+08  2.515203e+08  4.476266e+03   7413650   1
       718   4.380743e+08  2.515490e+08  4.485330e+03   7424200   1
       719   1.930129e+08  2.515860e+08  4.494673e+03   7434830   1
       720   2.367151e+08  2.516011e+08  4.503924e+03   7444962   1
       721   6.694270e+08  2.516395e+08  4.513100e+03   7454929   1
       722   4.476651e+08  2.516422e+08  4.531680e+03   7465400   1
       723   1.662899e+08  2.516549e+08  4.540574e+03   7474896   1
       724   3.669040e+08  2.517033e+08  4.549345e+03   7485326   1
       725   3.118292e+08  2.517201e+08  4.558208e+03   7495806   1
       726   2.720621e+08  2.517606e+08  4.567027e+03   7506528   1
       727   1.431210e+08  2.517624e+08  4.575892e+03   7516715   1
       728   2.182281e+08  2.517686e+08  4.584896e+03   7527354   1
       729   2.955959e+08  2.517836e+08  4.593787e+03   7537874   1
       730   1.492138e+08  2.517970e+08  4.602726e+03   7548103   1
       731   1.769948e+08  2.518052e+08  4.611661e+03   7558029   1
       732   2.725978e+08  2.518186e+08  4.620656e+03   7568591   1
       733   2.329328e+08  2.518239e+08  4.629827e+03   7578561   1
       734   2.255454e+08  2.518392e+08  4.639058e+03   7589040   1
       735   3.763145e+08  2.518757e+08  4.648275e+03   7599112   1
       736   2.773092e+08  2.519010e+08  4.667823e+03   7609488   1
       737   2.036014e+08  2.519140e+08  4.676951e+03   7620000   1
       738   2.181089e+08  2.519628e+08  4.685887e+03   7630220   1
       739   2.099535e+08  2.520058e+08  4.694728e+03   7640381   1
       740   2.301645e+08  2.520787e+08  4.703694e+03   7650583   1
       741   4.283535e+08  2.520804e+08  4.712900e+03   7660701   1
       742   2.175790e+08  2.520822e+08  4.722138e+03   7670889   1
       743   2.044926e+08  2.520970e+08  4.731172e+03   7681179   1
       744   4.169639e+08  2.521060e+08  4.740108e+03   7691667   1
       745   2.759702e+08  2.521905e+08  4.749190e+03   7701947   1
       746   2.179152e+08  2.521916e+08  4.758235e+03   7712520   1
       747   2.979417e+08  2.522533e+08  4.767395e+03   7723328   1
       748   2.646540e+08  2.523654e+08  4.776635e+03   7733914   1
       749   2.243074e+08  2.524005e+08  4.785979e+03   7744430   1
       750   2.737949e+08  2.524198e+08  4.795371e+03   7754518   1
       751   2.881383e+08  2.524338e+08  4.815316e+03   7765066   1
       752   2.702739e+08  2.524763e+08  4.824360e+03   7775540   1
       753   2.055247e+08  2.524963e+08  4.833490e+03   7785570   1
       754   2.370091e+08  2.525572e+08  4.842524e+03   7796168   1
       755   2.718112e+08  2.525948e+08  4.851666e+03   7806487   1
       756   3.125479e+08  2.527682e+08  4.860850e+03   7816951   1
       757   3.303158e+08  2.528662e+08  4.869836e+03   7827220   1
       758   2.104577e+08  2.528673e+08  4.878950e+03   7837447   1
       759   2.726440e+08  2.528786e+08  4.888103e+03   7848115   1
       760   2.929254e+08  2.529048e+08  4.897249e+03   7858529   1
       761   2.976142e+08  2.529088e+08  4.906532e+03   7868963   1
       762   2.549590e+08  2.529321e+08  4.915838e+03   7879628   1
       763   3.076060e+08  2.529453e+08  4.925008e+03   7890063   1
       764   1.906929e+08  2.529801e+08  4.934415e+03   7900237   1
       765   2.360339e+08  2.529849e+08  4.943701e+03   7910019   1
       766   5.120235e+08  2.530013e+08  4.952999e+03   7920720   1
       767   3.527081e+08  2.530614e+08  4.972568e+03   7931211   1
       768   3.080900e+08  2.530680e+08  4.981698e+03   7941280   1
       769   1.877934e+08  2.533255e+08  4.990829e+03   7951454   1
       770   2.751507e+08  2.535571e+08  5.000104e+03   7961729   1
       771   2.999260e+08  2.536277e+08  5.009225e+03   7972489   1
       772   2.969238e+08  2.536516e+08  5.018424e+03   7982978   1
       773   2.390899e+08  2.536650e+08  5.027609e+03   7993749   1
       774   3.260131e+08  2.538960e+08  5.036921e+03   8004108   1
       775   3.604678e+08  2.538969e+08  5.045997e+03   8014757   1
       776   2.759547e+08  2.539072e+08  5.055286e+03   8025163   1
       777   2.488728e+08  2.540063e+08  5.064651e+03   8035552   1
       778   2.426226e+08  2.540566e+08  5.073975e+03   8046176   1
       779   2.465123e+08  2.540599e+08  5.083459e+03   8056310   1
       780   2.160671e+08  2.540635e+08  5.093000e+03   8066329   1
       781   2.174902e+08  2.540692e+08  5.102603e+03   8076356   1
       782   2.513286e+08  2.540704e+08  5.122559e+03   8086852   1
       783   2.673942e+08  2.540738e+08  5.131828e+03   8097400   1
       784   2.444877e+08  2.540893e+08  5.141027e+03   8107455   1
       785   3.391304e+08  2.540907e+08  5.150192e+03   8117744   1
       786   2.064937e+08  2.540998e+08  5.159520e+03   8128363   1
       787   2.033831e+08  2.541655e+08  5.168796e+03   8138853   1
       788   3.568912e+08  2.542465e+08  5.178067e+03   8149327   1
       789   1.967792e+08  2.542544e+08  5.187567e+03   8159870   1
       790   6.474097e+08  2.542750e+08  5.196841e+03   8170296   1
       791   2.192705e+08  2.542816e+08  5.206305e+03   8180705   1
       792   1.804814e+08  2.543303e+08  5.215768e+03   8191562   1
       793   2.552608e+08  2.543494e+08  5.225172e+03   8201749   1
       794   2.786921e+08  2.543666e+08  5.234717e+03   8212171   1
       795   2.724714e+08  2.544498e+08  5.244231e+03   8222424   1
       796   3.204484e+08  2.545867e+08  5.253791e+03   8232983   1
       797   2.463113e+08  2.546030e+08  5.263408e+03   8243664   1
       798   2.079005e+08  2.546765e+08  5.283881e+03   8253939   1
       799   2.457442e+08  2.547005e+08  5.293246e+03   8264502   1
       800   2.390356e+08  2.547027e+08  5.302594e+03   8275195   1
       801   1.754162e+08  2.547220e+08  5.311969e+03   8285770   1
       802   3.375610e+08  2.547221e+08  5.321343e+03   8296259   1
       803   1.696290e+08  2.547645e+08  5.330873e+03   8306081   1
       804   2.453181e+08  2.547748e+08  5.340359e+03   8316527   1
       805   2.742702e+08  2.548492e+08  5.349788e+03   8327081   1
       806   2.542397e+08  2.548494e+08  5.359271e+03   8337632   1
       807   2.314724e+08  2.548588e+08  5.368789e+03   8348296   1
       808   1.991741e+08  2.548764e+08  5.378421e+03   8358292   1
       809   1.584847e+08  2.548813e+08  5.387978e+03   8368571   1
       810   3.433622e+08  2.548839e+08  5.397586e+03   8378539   1
       811   4.894820e+08  2.548951e+08  5.407117e+03   8388523   1
       812   1.491751e+08  2.548953e+08  5.416922e+03   8398945   1
       813   1.930620e+08  2.549979e+08  5.426706e+03   8409495   1
       814   1.839467e+08  2.550075e+08  5.447310e+03   8420090   1
       815   3.815441e+08  2.550080e+08  5.456698e+03   8430588   1
       816   2.190167e+08  2.550387e+08  5.466304e+03   8440846   1
       817   1.817073e+08  2.550506e+08  5.475858e+03   8451352   1
       818   2.074972e+08  2.550525e+08  5.485489e+03   8461919   1
       819   2.050024e+08  2.551076e+08  5.495215e+03   8472105   1
       820   4.139727e+08  2.551119e+08  5.504664e+03   8482353   1
       821   1.918804e+08  2.551442e+08  5.514273e+03   8492827   1
       822   2.129234e+08  2.551458e+08  5.523838e+03   8503271   1
       823   2.734437e+08  2.551700e+08  5.533502e+03   8513786   1
       824   5.708538e+08  2.552113e+08  5.543032e+03   8524210   1
       825   3.603632e+08  2.553216e+08  5.552798e+03   8534523   1
       826   4.356619e+08  2.553496e+08  5.562491e+03   8545157   1
       827   3.002225e+08  2.553559e+08  5.572328e+03   8555071   1
       828   2.324177e+08  2.554007e+08  5.582288e+03   8565644   1
       829   2.190014e+08  2.554012e+08  5.592188e+03   8576267   1
       830   1.823267e+08  2.554226e+08  5.613565e+03   8586564   1
       831   1.916355e+08  2.554629e+08  5.623298e+03   8596707   1
       832   5.008764e+08  2.554685e+08  5.632928e+03   8607286   1
       833   2.851736e+08  2.554814e+08  5.642679e+03   8617541   1
       834   2.675824e+08  2.554899e+08  5.652480e+03   8628058   1
       835   3.267180e+08  2.556771e+08  5.662108e+03   8638530   1
       836   1.659799e+08  2.557267e+08  5.671856e+03   8648655   1
       837   2.493429e+08  2.557343e+08  5.681732e+03   8659004   1
       838   2.672747e+08  2.558435e+08  5.691554e+03   8669744   1
       839   4.121694e+08  2.558662e+08  5.701389e+03   8680235   1
       840   1.998706e+08  2.558760e+08  5.711263e+03   8690540   1
       841   1.328908e+08  2.559020e+08  5.721167e+03   8700292   1
       842   2.778826e+08  2.559155e+08  5.731122e+03   8710747   1
       843   2.734978e+08  2.559382e+08  5.741022e+03   8721500   1
       844   3.364579e+08  2.559410e+08  5.751055e+03   8732311   1
       845   2.272346e+08  2.559526e+08  5.761249e+03   8742664   1
       846   7.404492e+08  2.560742e+08  5.782495e+03   8752748   1
       847   2.144829e+08  2.562792e+08  5.792512e+03   8762929   1
       848   2.315183e+08  2.562824e+08  5.802270e+03   8773511   1
       849   1.632407e+08  2.562858e+08  5.812109e+03   8783705   1
       850   2.173681e+08  2.563187e+08  5.822009e+03   8794168   1
       851   6.310319e+08  2.563402e+08  5.831780e+03   8804349   1
       852   1.856040e+08  2.563723e+08  5.841705e+03   8814890   1
       853   3.332213e+08  2.563792e+08  5.851645e+03   8824963   1
       854   4.359203e+08  2.564605e+08  5.861386e+03   8835159   1
       855   1.907150e+08  2.564633e+08  5.871348e+03   8845646   1
       856   4.355729e+08  2.564807e+08  5.881227e+03   8856046   1
       857   2.461441e+08  2.566148e+08  5.891218e+03   8866508   1
       858   2.599265e+08  2.566470e+08  5.901254e+03   8877083   1
       859   5.790709e+08  2.567338e+08  5.911297e+03   8887450   1
       860   3.283242e+08  2.569145e+08  5.921298e+03   8897981   1
       861   2.736003e+08  2.570193e+08  5.931451e+03   8908246   1
       862   2.739904e+08  2.570319e+08  5.941624e+03   8918509   1
       863   5.105709e+08  2.570391e+08  5.963290e+03   8928975   1
       864   2.806846e+08  2.571402e+08  5.973358e+03   8939231   1
       865   4.005468e+08  2.572858e+08  5.983199e+03   8949825   1
       866   2.547037e+08  2.573689e+08  5.993120e+03   8960377   1
       867   2.044241e+08  2.574454e+08  6.003060e+03   8970706   1
       868   2.203248e+08  2.576561e+08  6.013106e+03   8980899   1
       869   2.092447e+08  2.576562e+08  6.023171e+03   8991339   1
       870   7.021203e+08  2.576680e+08  6.033095e+03   9001580   1
       871   1.973617e+08  2.577261e+08  6.043224e+03   9012300   1
       872   1.984478e+08  2.578416e+08  6.053330e+03   9022717   1
       873   1.834275e+08  2.579710e+08  6.063407e+03   9032869   1
       874   3.150131e+08  2.580973e+08  6.073557e+03   9043233   1
       875   3.829957e+08  2.581200e+08  6.083723e+03   9053447   1
       876   3.080626e+08  2.581261e+08  6.094006e+03   9063645   1
       877   2.170991e+08  2.581431e+08  6.104446e+03   9073970   1
       878   2.969082e+08  2.581440e+08  6.114671e+03   9084418   1
       879   2.007004e+08  2.581935e+08  6.136772e+03   9095180   1
       880   3.228695e+08  2.582110e+08  6.146838e+03   9105768   1
       881   6.590964e+08  2.582385e+08  6.156886e+03   9115785   1
       882   2.593951e+08  2.584679e+08  6.167130e+03   9126341   1
       883   2.164173e+08  2.584696e+08  6.177377e+03   9136666   1
       884   3.102553e+08  2.585299e+08  6.187496e+03   9147280   1
       885   2.667803e+08  2.585313e+08  6.197612e+03   9157737   1
       886   2.327779e+08  2.585332e+08  6.207676e+03   9168325   1
       887   1.457794e+08  2.585362e+08  6.217870e+03   9178533   1
       888   5.624480e+08  2.585365e+08  6.228225e+03   9188826   1
       889   1.573634e+08  2.585424e+08  6.238662e+03   9199172   1
       890   2.477598e+08  2.585424e+08  6.248919e+03   9209529   1
       891   3.849526e+08  2.585655e+08  6.259211e+03   9219690   1
       892   1.874676e+08  2.585856e+08  6.269594e+03   9230143   1
       893   3.081946e+08  2.585861e+08  6.279931e+03   9240308   1
       894   2.378934e+08  2.586300e+08  6.290652e+03   9250596   1
       895   2.312103e+08  2.587456e+08  6.301024e+03   9261005   1
       896   4.381899e+08  2.587521e+08  6.323379e+03   9271599   1
       897   2.141637e+08  2.587670e+08  6.333781e+03   9282010   1
       898   3.341071e+08  2.587901e+08  6.343966e+03   9292215   1
       899   2.816547e+08  2.588308e+08  6.354185e+03   9302694   1
       900   2.819111e+08  2.588472e+08  6.364581e+03   9313403   1
       901   3.244342e+08  2.588506e+08  6.374852e+03   9323672   1
       902   2.348801e+08  2.589127e+08  6.385266e+03   9333898   1
       903   6.269796e+08  2.589560e+08  6.395483e+03   9344156   1
       904   1.932540e+08  2.589628e+08  6.405903e+03   9354785   1
       905   3.323872e+08  2.589628e+08  6.416097e+03   9364938   1
       906   2.491244e+08  2.590294e+08  6.426473e+03   9375476   1
       907   1.435620e+08  2.591233e+08  6.436866e+03   9385428   1
       908   2.636040e+08  2.591840e+08  6.447227e+03   9395933   1
       909   4.304813e+08  2.592470e+08  6.457772e+03   9406471   1
       910   2.090722e+08  2.592520e+08  6.468305e+03   9416440   1
       911   2.339263e+08  2.592973e+08  6.478975e+03   9427048   1
       912   1.924935e+08  2.593016e+08  6.489617e+03   9437503   1
       913   3.444937e+08  2.594713e+08  6.512403e+03   9447951   1
       914   1.650563e+08  2.595249e+08  6.523029e+03   9458398   1
       915   1.754870e+08  2.595481e+08  6.533466e+03   9468701   1
       916   2.675910e+08  2.596077e+08  6.543810e+03   9479014   1
       917   1.637405e+08  2.596821e+08  6.554237e+03   9489407   1
       918   2.768386e+08  2.597069e+08  6.564625e+03   9500155   1
       919   2.153300e+08  2.597095e+08  6.575164e+03   9510593   1
       920   1.767381e+08  2.597251e+08  6.585772e+03   9520876   1
       921   3.295031e+08  2.597258e+08  6.596307e+03   9531351   1
       922   2.926522e+08  2.597643e+08  6.606768e+03   9541803   1
       923   2.996132e+08  2.597718e+08  6.617205e+03   9552154   1
       924   3.740429e+08  2.597748e+08  6.627781e+03   9562648   1
       925   2.410912e+08  2.597796e+08  6.638342e+03   9573008   1
       926   3.068630e+08  2.597869e+08  6.648930e+03   9583537   1
       927   1.821685e+08  2.598038e+08  6.659575e+03   9594069   1
       928   2.184663e+08  2.598945e+08  6.670360e+03   9604787   1
       929   5.696349e+08  2.599055e+08  6.681105e+03   9614966   1
       930   2.245183e+08  2.599119e+08  6.704502e+03   9625196   1
       931   4.327448e+08  2.599266e+08  6.715118e+03   9635516   1
       932   1.536401e+08  2.599291e+08  6.725768e+03   9645768   1
       933   2.648310e+08  2.599895e+08  6.736336e+03   9656121   1
       934   3.209411e+08  2.599907e+08  6.746962e+03   9666547   1
       935   2.945959e+08  2.600456e+08  6.757468e+03   9677238   1
       936   1.369596e+08  2.601369e+08  6.768265e+03   9687093   1
       937   2.091516e+08  2.601787e+08  6.779113e+03   9697414   1
       938   2.608029e+08  2.601796e+08  6.789877e+03   9707655   1
       939   2.164762e+08  2.601832e+08  6.800692e+03   9718039   1
       940   2.836369e+08  2.601903e+08  6.811462e+03   9728453   1
       941   1.970727e+08  2.601909e+08  6.822242e+03   9738656   1
       942   2.574191e+08  2.602073e+08  6.832891e+03   9749190   1
       943   3.327129e+08  2.602100e+08  6.843656e+03   9759770   1
       944   2.888048e+08  2.602113e+08  6.854571e+03   9770402   1
       945   3.624367e+08  2.602719e+08  6.865539e+03   9780182   1
       946   2.715482e+08  2.602758e+08  6.876590e+03   9790693   1
       947   3.674592e+08  2.603870e+08  6.900023e+03   9801155   1
       948   2.169339e+08  2.603876e+08  6.910870e+03   9811580   1
       949   2.966523e+08  2.605481e+08  6.921552e+03   9821980   1
       950   2.804700e+08  2.606242e+08  6.932270e+03   9831830   1
       951   1.838661e+08  2.606350e+08  6.942866e+03   9842287   1
       952   1.579236e+08  2.607003e+08  6.953541e+03   9852805   1
       953   5.614687e+08  2.607343e+08  6.964183e+03   9863203   1
       954   1.570736e+08  2.607467e+08  6.975040e+03   9873701   1
       955   2.135738e+08  2.607699e+08  6.985816e+03   9883797   1
       956   2.024643e+08  2.607709e+08  6.996817e+03   9894391   1
       957   2.611249e+08  2.607821e+08  7.007787e+03   9904592   1
       958   2.523278e+08  2.607832e+08  7.018909e+03   9915053   1
       959   2.074140e+08  2.607884e+08  7.029811e+03   9925556   1
       960   2.411318e+08  2.607888e+08  7.040818e+03   9935800   1
       961   1.645828e+08  2.608029e+08  7.051886e+03   9945391   1
       962   2.763769e+08  2.608077e+08  7.062986e+03   9955704   1
       963   2.151015e+08  2.608160e+08  7.073980e+03   9965921   1
       964   2.167701e+08  2.608179e+08  7.097924e+03   9976305   1
       965   2.810833e+08  2.608227e+08  7.108669e+03   9986866   1
       966   1.847047e+08  2.608231e+08  7.119493e+03   9997078   1
       967   2.225955e+08  2.608561e+08  7.130468e+03  10007418   1
       968   2.215105e+08  2.608562e+08  7.141451e+03  10017676   1
       969   3.943825e+08  2.608562e+08  7.152227e+03  10028409   1
       970   2.791630e+08  2.609131e+08  7.163168e+03  10038938   1
       971   4.557280e+08  2.609194e+08  7.174111e+03  10049186   1
       972   2.082603e+08  2.609511e+08  7.185070e+03  10059120   1
       973   3.443110e+08  2.609511e+08  7.195907e+03  10069679   1
       974   1.857093e+08  2.610342e+08  7.206874e+03  10080294   1
-------------------------------------------------------------------
status         : time_limit
total time (s) : 7.206874e+03
total solves   : 10080294
best bound     :  2.610342e+08
simulation ci  :  2.906948e+08  9.086128e+06
numeric issues : 0
-------------------------------------------------------------------

 
                                        Time                    Allocations      
                                  
       Tot / % measured:            2.00h /  99.9%            859GiB /  99.9%    

 Section               ncalls     time    %tot     avg     alloc    %tot      avg
 
 backward_pass            974    1.99h   99.5%   7.36s    851GiB   99.1%   894MiB
   solve_subproblem     10.0M    2574s   35.7%   258s    506GiB   58.9%  53.2KiB
     get_dual_solution  10.0M    43.2s    0.6%  4.34s   14.3GiB    1.7%  1.50KiB
   prepare_backward...  1.95k    1.45s    0.0%   744s    311MiB    0.0%   163KiB
 forward_pass             974    30.9s    0.4%  31.8ms   6.80GiB    0.8%  7.15MiB
   solve_subproblem      117k    28.4s    0.4%   243s   5.95GiB    0.7%  53.4KiB
     get_dual_solution   117k    116ms    0.0%   993ns   62.4MiB    0.0%     560B
   sample_scenario        974   4.88ms    0.0%  5.01s    152KiB    0.0%     160B
 calculate_bound          974    2.61s    0.0%  2.68ms    834MiB    0.1%   877KiB
   get_dual_solution      974   1.29ms    0.0%  1.32s    533KiB    0.0%     560B
 


||||||||||||||||||||||||||||||||||||||||||||||||||||||||||||||||||||||||||||||||||||||||||||||||||||||||||||||||||||||||||||||||||||||||
SIMULATION RESULTS
LogLinearSDDP.NoSimulation()
markov
Lower bound: 2.6103421258437127e8
Statistical upper bound (confidence interval): 3.275915377697831e8  6.639275506636801e6
Pessimistic upper bound: 3.342308132764199e8

||||||||||||||||||||||||||||||||||||||||||||||||||||||||||||||||||||||||||||||||||||||||||||||||||||||||||||||||||||||||||||||||||||||||
SIMULATION RESULTS
LogLinearSDDP.NoSimulation()
markov
Lower bound: 2.6103421258437127e8
Statistical upper bound (confidence interval): 2.0953151853374538e8  5.152544514782928e6
Pessimistic upper bound: 2.146840630485283e8

||||||||||||||||||||||||||||||||||||||||||||||||||||||||||||||||||||||||||||||||||||||||||||||||||||||||||||||||||||||||||||||||||||||||
SIMULATION RESULTS
LogLinearSDDP.NoSimulation()
custom_model
Lower bound: 2.6103421258437127e8
Statistical upper bound (confidence interval): 3.8869356547922194e8  7.931010591437823e6
Pessimistic upper bound: 3.9662457607065976e8

||||||||||||||||||||||||||||||||||||||||||||||||||||||||||||||||||||||||||||||||||||||||||||||||||||||||||||||||||||||||||||||||||||||||
SIMULATION RESULTS
LogLinearSDDP.NoSimulation()
custom_model
Lower bound: 2.6103421258437127e8
Statistical upper bound (confidence interval): 2.513683300491371e8  6.453508375922951e6
Pessimistic upper bound: 2.5782183842506003e8

||||||||||||||||||||||||||||||||||||||||||||||||||||||||||||||||||||||||||||||||||||||||||||||||||||||||||||||||||||||||||||||||||||||||
SIMULATION RESULTS
LogLinearSDDP.NoSimulation()
fitted_model
Lower bound: 2.6103421258437127e8
Statistical upper bound (confidence interval): 2.837575429140964e8  4.857911626918911e6
Pessimistic upper bound: 2.886154545410153e8

||||||||||||||||||||||||||||||||||||||||||||||||||||||||||||||||||||||||||||||||||||||||||||||||||||||||||||||||||||||||||||||||||||||||
SIMULATION RESULTS
LogLinearSDDP.NoSimulation()
fitted_model
Lower bound: 2.6103421258437127e8
Statistical upper bound (confidence interval): 1.9167799262435704e8  4.073257968395709e6
Pessimistic upper bound: 1.9575125059275275e8

||||||||||||||||||||||||||||||||||||||||||||||||||||||||||||||||||||||||||||||||||||||||||||||||||||||||||||||||||||||||||||||||||||||||
SIMULATION RESULTS
LogLinearSDDP.NoSimulation()
shapiro_model
Lower bound: 2.6103421258437127e8
Statistical upper bound (confidence interval): 2.9188035098169065e8  5.476883384784899e6
Pessimistic upper bound: 2.973572343664755e8

||||||||||||||||||||||||||||||||||||||||||||||||||||||||||||||||||||||||||||||||||||||||||||||||||||||||||||||||||||||||||||||||||||||||
SIMULATION RESULTS
LogLinearSDDP.NoSimulation()
shapiro_model
Lower bound: 2.6103421258437127e8
Statistical upper bound (confidence interval): 1.9652768996761376e8  4.560646848210547e6
Pessimistic upper bound: 2.010883368158243e8

||||||||||||||||||||||||||||||||||||||||||||||||||||||||||||||||||||||||||||||||||||||||||||||||||||||||||||||||||||||||||||||||||||||||
SIMULATION RESULTS
LogLinearSDDP.NoSimulation()
markov
Lower bound: 2.6086410039526123e8
Statistical upper bound (confidence interval): 4.8648580827453536e8  8.158981988836545e7
Pessimistic upper bound: 5.680756281629008e8

||||||||||||||||||||||||||||||||||||||||||||||||||||||||||||||||||||||||||||||||||||||||||||||||||||||||||||||||||||||||||||||||||||||||
SIMULATION RESULTS
LogLinearSDDP.NoSimulation()
markov
Lower bound: 2.6086410039526123e8
Statistical upper bound (confidence interval): 3.1644276161427754e8  6.602543023174579e7
Pessimistic upper bound: 3.824681918460233e8
