||||||||||||||||||||||||||||||||||||||||||||||||||||||||||||||||||||||||||||||||||||||||||||||||||||||||||||||||||||||||||||||||||||||||
PATH
calling 
C:\Users\cg4102\Documents\New LogLinearSDDP\LogLinearSDDP.jl\Examples\Hydrothermal
C:\Users\cg4102\Documents\New LogLinearSDDP\LogLinearSDDP.jl\Examples\Hydrothermal\run_model_linearized.jl
DATETIME
2025-04-04T00:35:01.810
RUN DESCRIPTION
LogLinearSDDP.AlgoParams(SDDP.AbstractStoppingRule[SDDP.TimeLimit(7200.0)], LogLinearSDDP.Simulation(SDDP.InSampleMonteCarlo(0, false, true, SDDP.var"#155#158"{SDDP.var"#156#159"}(SDDP.var"#156#159"(), Core.Box(0)), nothing), 2000, 11111), false, 2, 1, "C:/Users/cg4102/Documents/julia_logs/Cut-sharing Final Run (2h) - NoCS/Run_fitted_model_33333/LinearizedSDDP.log", false, false, false, 33333, "", :fitted_model)
-------------------------------------------------------------------
         SDDP.jl (c) Oscar Dowson and contributors, 2017-23
-------------------------------------------------------------------
problem
  nodes           : 120
  state variables : 8
  scenarios       : 1.00000e+238
  existing cuts   : false
options
  solver          : serial mode
  risk measure    : SDDP.Expectation()
  sampling scheme : SDDP.InSampleMonteCarlo
subproblem structure
  VariableRef                                  : [170, 174]
  JuMP.AffExpr in MOI.EqualTo{Float64}         : [13, 13]
  JuMP.VariableRef in MOI.EqualTo{Float64}     : [1, 1]
  JuMP.VariableRef in MOI.GreaterThan{Float64} : [157, 157]
  JuMP.VariableRef in MOI.LessThan{Float64}    : [148, 149]
-------------------------------------------------------------------
 iteration    simulation      bound        time (s)     solves  pid
-------------------------------------------------------------------
         1   2.127307e+09  2.450955e+05  2.328000e+00     12021   1
         2   1.724737e+09  2.450955e+05  4.578000e+00     24042   1
         3   1.755702e+09  1.026373e+06  6.829000e+00     36063   1
         4   9.973516e+08  1.561564e+06  9.141000e+00     48084   1
         5   1.075869e+09  1.651903e+06  1.143800e+01     60105   1
         6   1.023397e+09  1.722374e+06  1.373600e+01     72126   1
         7   9.244248e+08  1.752781e+06  1.606500e+01     84147   1
         8   1.179034e+09  3.446192e+06  1.837800e+01     96168   1
         9   4.719025e+08  4.930697e+06  2.069100e+01    108189   1
        10   6.210892e+08  8.109041e+06  2.302000e+01    120210   1
        11   4.357305e+08  8.404452e+06  2.531700e+01    132231   1
        12   7.953343e+08  1.346246e+07  2.764500e+01    144252   1
        13   5.698736e+08  1.573969e+07  3.002200e+01    156273   1
        14   8.111705e+08  1.706875e+07  3.233500e+01    168294   1
        15   4.090750e+08  1.716458e+07  3.464800e+01    180315   1
        16   3.296376e+08  3.008191e+07  3.699200e+01    192336   1
        17   5.137576e+08  3.019705e+07  3.935100e+01    204357   1
        18   3.755837e+08  3.074117e+07  4.171200e+01    216378   1
        19   3.968724e+08  3.122833e+07  4.407300e+01    228399   1
        20   2.893654e+08  3.189338e+07  4.640100e+01    240420   1
        21   5.377510e+08  3.199193e+07  4.880800e+01    252441   1
        22   3.344410e+08  3.275977e+07  5.118200e+01    264462   1
        23   3.368796e+08  3.640260e+07  5.355700e+01    276483   1
        24   6.684826e+08  4.231894e+07  5.599500e+01    288504   1
        25   3.477548e+08  4.289108e+07  5.843400e+01    300525   1
        26   2.846464e+08  4.317653e+07  6.080900e+01    312546   1
        27   3.584985e+08  4.338356e+07  6.323200e+01    324567   1
        28   6.539537e+08  4.357036e+07  6.566900e+01    336588   1
        29   2.094129e+08  5.805066e+07  6.801300e+01    348609   1
        30   4.064752e+08  5.839101e+07  7.045100e+01    360630   1
        31   4.487557e+08  5.877776e+07  7.290500e+01    372651   1
        32   4.057176e+08  5.920443e+07  7.528100e+01    384672   1
        33   4.348262e+08  5.941865e+07  7.771900e+01    396693   1
        34   4.327377e+08  6.274173e+07  8.023500e+01    408714   1
        35   6.837269e+08  6.281567e+07  8.271900e+01    420735   1
        36   4.216005e+08  6.382660e+07  8.526600e+01    432756   1
        37   2.388538e+08  6.384021e+07  8.779900e+01    444777   1
        38   5.539109e+08  6.430806e+07  9.028300e+01    456798   1
        39   2.863381e+08  6.446504e+07  9.279900e+01    468819   1
        40   2.284805e+08  6.502067e+07  9.534700e+01    480840   1
        41   1.968090e+08  6.505961e+07  9.786200e+01    492861   1
        42   3.447887e+08  6.535546e+07  1.004410e+02    504882   1
        43   2.499198e+08  7.134344e+07  1.030370e+02    516903   1
        44   4.605878e+08  7.166069e+07  1.056000e+02    528924   1
        45   2.142298e+08  8.543481e+07  1.081780e+02    540945   1
        46   2.770247e+08  8.566001e+07  1.107870e+02    552966   1
        47   1.903094e+08  8.586677e+07  1.133810e+02    564987   1
        48   4.922416e+08  8.607369e+07  1.159920e+02    577008   1
        49   3.502403e+08  8.613814e+07  1.186500e+02    589029   1
        50   5.879374e+08  8.630240e+07  1.212900e+02    601050   1
        51   2.804522e+08  8.631436e+07  1.239310e+02    613071   1
        52   4.053685e+08  8.661562e+07  1.266660e+02    625092   1
        53   4.394657e+08  8.695060e+07  1.293850e+02    637113   1
        54   1.433268e+08  8.698615e+07  1.320740e+02    649134   1
        55   6.524144e+08  8.706403e+07  1.348560e+02    661155   1
        56   4.650601e+08  8.707168e+07  1.375590e+02    673176   1
        57   3.511195e+08  8.720360e+07  1.402940e+02    685197   1
        58   4.758979e+08  8.722401e+07  1.431220e+02    697218   1
        59   6.629577e+08  8.729225e+07  1.458720e+02    709239   1
        60   3.031890e+08  8.743684e+07  1.486530e+02    721260   1
        61   3.750666e+08  8.749406e+07  1.514660e+02    733281   1
        62   2.280723e+08  8.753226e+07  1.542470e+02    745302   1
        63   1.865566e+08  8.794274e+07  1.570290e+02    757323   1
        64   3.230380e+08  8.796877e+07  1.598730e+02    769344   1
        65   3.141081e+08  8.800726e+07  1.627040e+02    781365   1
        66   3.809273e+08  8.813655e+07  1.654700e+02    793386   1
        67   4.435335e+08  8.821281e+07  1.682820e+02    805407   1
        68   5.212848e+08  9.071603e+07  1.711260e+02    817428   1
        69   2.294139e+08  9.104596e+07  1.739550e+02    829449   1
        70   2.793806e+08  9.105618e+07  1.768000e+02    841470   1
        71   1.998641e+08  9.109273e+07  1.796130e+02    853491   1
        72   5.518403e+08  9.123525e+07  1.824260e+02    865512   1
        73   2.468715e+08  9.879997e+07  1.853170e+02    877533   1
        74   2.398003e+08  9.879997e+07  1.881610e+02    889554   1
        75   8.822472e+08  9.892605e+07  1.910210e+02    901575   1
        76   2.939809e+08  9.896417e+07  1.939430e+02    913596   1
        77   3.681285e+08  9.961900e+07  1.968190e+02    925617   1
        78   3.400958e+08  1.014222e+08  1.997250e+02    937638   1
        79   7.466564e+08  1.026399e+08  2.027090e+02    949659   1
        80   3.563994e+08  1.072338e+08  2.056480e+02    961680   1
        81   2.376579e+08  1.078322e+08  2.085710e+02    973701   1
        82   2.467953e+08  1.084001e+08  2.115080e+02    985722   1
        83   2.348050e+08  1.086027e+08  2.144300e+02    997743   1
        84   2.558687e+08  1.093696e+08  2.173360e+02   1009764   1
        85   4.614195e+08  1.094102e+08  2.203360e+02   1021785   1
        86   5.606470e+08  1.094552e+08  2.232740e+02   1033806   1
        87   1.958958e+08  1.095131e+08  2.262430e+02   1045827   1
        88   4.750319e+08  1.095349e+08  2.293070e+02   1057848   1
        89   2.950408e+08  1.095991e+08  2.323070e+02   1069869   1
        90   7.497422e+08  1.096749e+08  2.353550e+02   1081890   1
        91   1.863311e+08  1.098650e+08  2.383700e+02   1093911   1
        92   6.068970e+08  1.099597e+08  2.414330e+02   1105932   1
        93   5.210820e+08  1.104469e+08  2.444640e+02   1117953   1
        94   1.900300e+08  1.165772e+08  2.475270e+02   1129974   1
        95   3.509073e+08  1.177926e+08  2.505600e+02   1141995   1
        96   1.488186e+08  1.182871e+08  2.535930e+02   1154016   1
        97   2.187294e+08  1.183509e+08  2.566710e+02   1166037   1
        98   2.935610e+08  1.183784e+08  2.597640e+02   1178058   1
        99   4.439441e+08  1.184033e+08  2.628600e+02   1190079   1
       100   1.974628e+08  1.185408e+08  2.660020e+02   1202100   1
       101   5.342055e+08  1.185662e+08  2.691270e+02   1214121   1
       102   2.473909e+08  1.186192e+08  2.721900e+02   1226142   1
       103   3.399415e+08  1.188217e+08  2.753620e+02   1238163   1
       104   3.180642e+08  1.189525e+08  2.784730e+02   1250184   1
       105   1.866745e+08  1.189532e+08  2.816290e+02   1262205   1
       106   9.608593e+08  1.191207e+08  2.848020e+02   1274226   1
       107   3.061958e+08  1.192822e+08  2.879580e+02   1286247   1
       108   2.323046e+08  1.192863e+08  2.911610e+02   1298268   1
       109   2.215333e+08  1.196703e+08  2.943040e+02   1310289   1
       110   1.476119e+08  1.200352e+08  2.974770e+02   1322310   1
       111   2.268641e+08  1.200494e+08  3.006330e+02   1334331   1
       112   2.212726e+08  1.219864e+08  3.037890e+02   1346352   1
       113   7.102509e+08  1.224048e+08  3.069630e+02   1358373   1
       114   1.491241e+08  1.226529e+08  3.101680e+02   1370394   1
       115   3.687228e+08  1.226597e+08  3.133550e+02   1382415   1
       116   2.598501e+08  1.230732e+08  3.165270e+02   1394436   1
       117   3.205907e+08  1.232679e+08  3.197610e+02   1406457   1
       118   4.146221e+08  1.234153e+08  3.230130e+02   1418478   1
       119   1.742781e+08  1.236438e+08  3.261700e+02   1430499   1
       120   2.192919e+08  1.236702e+08  3.294050e+02   1442520   1
       121   2.228354e+08  1.237265e+08  3.326230e+02   1454541   1
       122   5.072848e+08  1.243060e+08  3.359210e+02   1466562   1
       123   1.807756e+08  1.248972e+08  3.392040e+02   1478583   1
       124   4.888788e+08  1.253130e+08  3.424540e+02   1490604   1
       125   2.079617e+08  1.255691e+08  3.457050e+02   1502625   1
       126   1.529560e+08  1.264190e+08  3.490020e+02   1514646   1
       127   2.414487e+08  1.265291e+08  3.522690e+02   1526667   1
       128   2.638141e+08  1.267731e+08  3.555510e+02   1538688   1
       129   3.277932e+08  1.267921e+08  3.588490e+02   1550709   1
       130   2.153377e+08  1.270154e+08  3.621460e+02   1562730   1
       131   2.236860e+08  1.270456e+08  3.654130e+02   1574751   1
       132   5.843560e+08  1.293096e+08  3.687430e+02   1586772   1
       133   3.677747e+08  1.293163e+08  3.720560e+02   1598793   1
       134   2.114385e+08  1.302666e+08  3.753690e+02   1610814   1
       135   1.755211e+08  1.308049e+08  3.787130e+02   1622835   1
       136   2.812829e+08  1.310481e+08  3.820740e+02   1634856   1
       137   1.644999e+08  1.313835e+08  3.853560e+02   1646877   1
       138   2.022129e+08  1.322423e+08  3.887000e+02   1658898   1
       139   2.607760e+08  1.331789e+08  3.920910e+02   1670919   1
       140   3.905976e+08  1.334632e+08  3.954830e+02   1682940   1
       141   5.744338e+08  1.336164e+08  3.989520e+02   1694961   1
       142   2.118420e+08  1.336209e+08  4.023280e+02   1706982   1
       143   3.573862e+08  1.336993e+08  4.056880e+02   1719003   1
       144   2.708523e+08  1.340355e+08  4.090790e+02   1731024   1
       145   1.306042e+08  1.340694e+08  4.124870e+02   1743045   1
       146   3.366936e+08  1.341046e+08  4.159090e+02   1755066   1
       147   1.351722e+08  1.341896e+08  4.193780e+02   1767087   1
       148   4.695221e+08  1.342678e+08  4.228620e+02   1779108   1
       149   3.580215e+08  1.346068e+08  4.263020e+02   1791129   1
       150   3.241537e+08  1.347485e+08  4.297860e+02   1803150   1
       151   1.759172e+08  1.347953e+08  4.332550e+02   1815171   1
       152   4.411009e+08  1.349085e+08  4.366920e+02   1827192   1
       153   1.187931e+08  1.349134e+08  4.401480e+02   1839213   1
       154   2.456627e+08  1.349650e+08  4.435850e+02   1851234   1
       155   1.375312e+08  1.349983e+08  4.470220e+02   1863255   1
       156   1.650902e+08  1.350877e+08  4.505380e+02   1875276   1
       157   2.124125e+08  1.351756e+08  4.540250e+02   1887297   1
       158   1.474704e+08  1.352831e+08  4.574310e+02   1899318   1
       159   1.633868e+08  1.353239e+08  4.609150e+02   1911339   1
       160   2.421145e+08  1.354122e+08  4.643530e+02   1923360   1
       161   1.710581e+08  1.355132e+08  4.678840e+02   1935381   1
       162   6.340921e+08  1.356345e+08  4.714960e+02   1947402   1
       163   2.111662e+08  1.356721e+08  4.749810e+02   1959423   1
       164   4.526040e+08  1.357087e+08  4.785130e+02   1971444   1
       165   2.924927e+08  1.358434e+08  4.820280e+02   1983465   1
       166   4.101605e+08  1.359475e+08  4.855930e+02   1995486   1
       167   3.638717e+08  1.360684e+08  4.890930e+02   2007507   1
       168   5.357994e+08  1.361062e+08  4.926710e+02   2019528   1
       169   1.553477e+08  1.362311e+08  4.961560e+02   2031549   1
       170   3.878454e+08  1.365114e+08  4.997200e+02   2043570   1
       171   1.487195e+08  1.365225e+08  5.032830e+02   2055591   1
       172   2.722594e+08  1.366486e+08  5.068140e+02   2067612   1
       173   1.780838e+08  1.368296e+08  5.105490e+02   2079633   1
       174   1.697738e+08  1.369638e+08  5.142850e+02   2091654   1
       175   2.203667e+08  1.370226e+08  5.180350e+02   2103675   1
       176   1.789489e+08  1.375208e+08  5.218480e+02   2115696   1
       177   3.025368e+08  1.377156e+08  5.256290e+02   2127717   1
       178   3.820568e+08  1.377597e+08  5.294750e+02   2139738   1
       179   9.887388e+07  1.382830e+08  5.333040e+02   2151759   1
       180   2.624282e+08  1.385378e+08  5.372100e+02   2163780   1
       181   1.575344e+08  1.387229e+08  5.410550e+02   2175801   1
       182   3.077482e+08  1.388807e+08  5.450110e+02   2187822   1
       183   1.780233e+08  1.389408e+08  5.488260e+02   2199843   1
       184   1.632591e+08  1.390267e+08  5.526710e+02   2211864   1
       185   1.902409e+08  1.390604e+08  5.566080e+02   2223885   1
       186   1.958291e+08  1.390812e+08  5.605310e+02   2235906   1
       187   2.009143e+08  1.392172e+08  5.644520e+02   2247927   1
       188   1.830228e+08  1.393000e+08  5.684060e+02   2259948   1
       189   5.078325e+08  1.395228e+08  5.723610e+02   2271969   1
       190   3.076008e+08  1.397152e+08  5.763300e+02   2283990   1
       191   1.841595e+08  1.401700e+08  5.802670e+02   2296011   1
       192   1.685325e+08  1.401920e+08  5.842520e+02   2308032   1
       193   3.254704e+08  1.404329e+08  5.882240e+02   2320053   1
       194   1.626628e+08  1.405610e+08  5.921780e+02   2332074   1
       195   1.751996e+08  1.406524e+08  5.961470e+02   2344095   1
       196   1.814669e+08  1.407105e+08  6.001320e+02   2356116   1
       197   3.558671e+08  1.408150e+08  6.042130e+02   2368137   1
       198   1.467050e+08  1.410230e+08  6.081500e+02   2380158   1
       199   1.826906e+08  1.412470e+08  6.121190e+02   2392179   1
       200   2.364477e+08  1.413681e+08  6.160880e+02   2404200   1
       201   2.630526e+08  1.415506e+08  6.200890e+02   2416221   1
       202   1.515402e+08  1.416554e+08  6.240900e+02   2428242   1
       203   3.243670e+08  1.418098e+08  6.281840e+02   2440263   1
       204   2.642314e+08  1.418618e+08  6.322490e+02   2452284   1
       205   1.546324e+08  1.419007e+08  6.363120e+02   2464305   1
       206   1.713591e+08  1.419764e+08  6.403580e+02   2476326   1
       207   1.409135e+08  1.421532e+08  6.442960e+02   2488347   1
       208   5.020273e+08  1.421701e+08  6.482200e+02   2500368   1
       209   3.705915e+08  1.422235e+08  6.521420e+02   2512389   1
       210   3.677100e+08  1.423375e+08  6.559860e+02   2524410   1
       211   1.518064e+08  1.424252e+08  6.599090e+02   2536431   1
       212   1.520967e+08  1.425383e+08  6.638170e+02   2548452   1
       213   4.734552e+08  1.425772e+08  6.676770e+02   2560473   1
       214   5.041196e+08  1.426183e+08  6.716150e+02   2572494   1
       215   1.973523e+08  1.426650e+08  6.755540e+02   2584515   1
       216   2.388697e+08  1.427113e+08  6.795070e+02   2596536   1
       217   2.625618e+08  1.427830e+08  6.835070e+02   2608557   1
       218   1.854667e+08  1.427942e+08  6.875390e+02   2620578   1
       219   7.972099e+08  1.431825e+08  6.914930e+02   2632599   1
       220   3.004680e+08  1.432776e+08  6.954620e+02   2644620   1
       221   1.945606e+08  1.435175e+08  6.995080e+02   2656641   1
       222   1.900728e+08  1.438817e+08  7.035270e+02   2668662   1
       223   2.670274e+08  1.443024e+08  7.076050e+02   2680683   1
       224   1.926196e+08  1.443270e+08  7.116060e+02   2692704   1
       225   5.380291e+08  1.444867e+08  7.156370e+02   2704725   1
       226   2.828052e+08  1.445066e+08  7.197960e+02   2716746   1
       227   2.076234e+08  1.445657e+08  7.238440e+02   2728767   1
       228   3.294480e+08  1.447576e+08  7.279070e+02   2740788   1
       229   6.455862e+08  1.448201e+08  7.320950e+02   2752809   1
       230   1.813747e+08  1.449210e+08  7.362210e+02   2764830   1
       231   2.485114e+08  1.450391e+08  7.403000e+02   2776851   1
       232   2.077024e+08  1.451079e+08  7.444880e+02   2788872   1
       233   2.137888e+08  1.452573e+08  7.486780e+02   2800893   1
       234   1.930738e+08  1.454100e+08  7.528360e+02   2812914   1
       235   3.069575e+08  1.454413e+08  7.570550e+02   2824935   1
       236   1.642178e+08  1.456011e+08  7.611960e+02   2836956   1
       237   4.608690e+08  1.463017e+08  7.653860e+02   2848977   1
       238   2.520576e+08  1.463316e+08  7.696060e+02   2860998   1
       239   4.284707e+08  1.463658e+08  7.738240e+02   2873019   1
       240   2.098826e+08  1.464331e+08  7.780460e+02   2885040   1
       241   1.934248e+08  1.464970e+08  7.823110e+02   2897061   1
       242   2.889673e+08  1.465756e+08  7.865460e+02   2909082   1
       243   1.911330e+08  1.465931e+08  7.907960e+02   2921103   1
       244   4.216119e+08  1.466513e+08  7.951110e+02   2933124   1
       245   4.491135e+08  1.467445e+08  7.994090e+02   2945145   1
       246   2.210846e+08  1.469884e+08  8.037050e+02   2957166   1
       247   1.117324e+08  1.476133e+08  8.079270e+02   2969187   1
       248   4.129428e+08  1.477681e+08  8.122710e+02   2981208   1
       249   1.830861e+08  1.481744e+08  8.165530e+02   2993229   1
       250   1.619032e+08  1.482937e+08  8.208810e+02   3005250   1
       251   4.701379e+08  1.483803e+08  8.251480e+02   3017271   1
       252   4.894657e+08  1.484058e+08  8.294610e+02   3029292   1
       253   3.741407e+08  1.485717e+08  8.338360e+02   3041313   1
       254   1.637092e+08  1.486216e+08  8.381360e+02   3053334   1
       255   1.741499e+08  1.490247e+08  8.424640e+02   3065355   1
       256   1.492979e+08  1.492853e+08  8.468860e+02   3077376   1
       257   2.628700e+08  1.493546e+08  8.512950e+02   3089397   1
       258   2.745669e+08  1.494119e+08  8.557010e+02   3101418   1
       259   1.300929e+08  1.496379e+08  8.601710e+02   3113439   1
       260   2.719873e+08  1.497338e+08  8.645610e+02   3125460   1
       261   2.946359e+08  1.497524e+08  8.689050e+02   3137481   1
       262   1.587779e+08  1.497707e+08  8.733430e+02   3149502   1
       263   6.632081e+08  1.499587e+08  8.777500e+02   3161523   1
       264   1.631303e+08  1.499604e+08  8.821440e+02   3173544   1
       265   1.170389e+08  1.501848e+08  8.865810e+02   3185565   1
       266   2.454025e+08  1.502631e+08  8.910500e+02   3197586   1
       267   2.352472e+08  1.502925e+08  8.954740e+02   3209607   1
       268   2.249891e+08  1.505316e+08  8.999430e+02   3221628   1
       269   2.227831e+08  1.506152e+08  9.043810e+02   3233649   1
       270   3.733568e+08  1.506623e+08  9.089280e+02   3245670   1
       271   7.783228e+08  1.507971e+08  9.134600e+02   3257691   1
       272   5.883230e+08  1.510675e+08  9.179290e+02   3269712   1
       273   1.794573e+08  1.511693e+08  9.224600e+02   3281733   1
       274   2.918420e+08  1.513573e+08  9.269470e+02   3293754   1
       275   2.627894e+08  1.514086e+08  9.314630e+02   3305775   1
       276   1.783415e+08  1.515496e+08  9.359790e+02   3317796   1
       277   1.815149e+08  1.516955e+08  9.405130e+02   3329817   1
       278   3.236855e+08  1.517396e+08  9.450130e+02   3341838   1
       279   1.895392e+08  1.519328e+08  9.495290e+02   3353859   1
       280   3.130895e+08  1.519470e+08  9.540470e+02   3365880   1
       281   1.934469e+08  1.519882e+08  9.585790e+02   3377901   1
       282   1.531013e+08  1.521819e+08  9.631270e+02   3389922   1
       283   1.565304e+08  1.522126e+08  9.676580e+02   3401943   1
       284   3.384116e+08  1.524263e+08  9.722210e+02   3413964   1
       285   2.645750e+08  1.524485e+08  9.767520e+02   3425985   1
       286   2.901075e+08  1.525456e+08  9.813630e+02   3438006   1
       287   1.667622e+08  1.526661e+08  9.859290e+02   3450027   1
       288   4.945043e+08  1.527388e+08  9.905700e+02   3462048   1
       289   2.533698e+08  1.528991e+08  9.951320e+02   3474069   1
       290   2.297053e+08  1.529734e+08  9.997910e+02   3486090   1
       291   1.622156e+08  1.531114e+08  1.004370e+03   3498111   1
       292   1.380732e+08  1.531647e+08  1.008901e+03   3510132   1
       293   6.109718e+08  1.533752e+08  1.013545e+03   3522153   1
       294   2.741305e+08  1.534388e+08  1.018187e+03   3534174   1
       295   2.743046e+08  1.535168e+08  1.022719e+03   3546195   1
       296   4.288332e+08  1.536135e+08  1.027284e+03   3558216   1
       297   3.085466e+08  1.537011e+08  1.031862e+03   3570237   1
       298   1.854246e+08  1.537932e+08  1.036425e+03   3582258   1
       299   1.610617e+08  1.538141e+08  1.040987e+03   3594279   1
       300   1.504148e+08  1.538707e+08  1.045581e+03   3606300   1
       301   3.367188e+08  1.539542e+08  1.050253e+03   3618321   1
       302   2.051565e+08  1.541265e+08  1.054878e+03   3630342   1
       303   3.323666e+08  1.541338e+08  1.059585e+03   3642363   1
       304   2.831583e+08  1.542587e+08  1.064225e+03   3654384   1
       305   5.468588e+08  1.542897e+08  1.068897e+03   3666405   1
       306   1.887095e+08  1.543349e+08  1.073618e+03   3678426   1
       307   3.379907e+08  1.543464e+08  1.078323e+03   3690447   1
       308   5.683421e+08  1.544182e+08  1.083041e+03   3702468   1
       309   7.842726e+08  1.544703e+08  1.087810e+03   3714489   1
       310   2.439759e+08  1.545198e+08  1.092513e+03   3726510   1
       311   1.828647e+08  1.545828e+08  1.097122e+03   3738531   1
       312   4.639412e+08  1.546388e+08  1.101891e+03   3750552   1
       313   3.456174e+08  1.548238e+08  1.106597e+03   3762573   1
       314   1.609848e+08  1.548379e+08  1.111378e+03   3774594   1
       315   1.734174e+08  1.549981e+08  1.116084e+03   3786615   1
       316   4.177373e+08  1.550511e+08  1.120850e+03   3798636   1
       317   2.490233e+08  1.551316e+08  1.125632e+03   3810657   1
       318   1.648691e+08  1.552325e+08  1.130354e+03   3822678   1
       319   2.948351e+08  1.552564e+08  1.135104e+03   3834699   1
       320   1.556192e+08  1.552893e+08  1.139886e+03   3846720   1
       321   1.918408e+08  1.553399e+08  1.144654e+03   3858741   1
       322   3.173270e+08  1.553576e+08  1.149467e+03   3870762   1
       323   2.870728e+08  1.554336e+08  1.154280e+03   3882783   1
       324   2.830375e+08  1.555112e+08  1.159048e+03   3894804   1
       325   7.352994e+08  1.555937e+08  1.163783e+03   3906825   1
       326   2.708033e+08  1.556330e+08  1.168580e+03   3918846   1
       327   7.447963e+08  1.556649e+08  1.173376e+03   3930867   1
       328   2.227465e+08  1.557023e+08  1.178158e+03   3942888   1
       329   2.083033e+08  1.557278e+08  1.182954e+03   3954909   1
       330   3.828759e+08  1.557678e+08  1.187704e+03   3966930   1
       331   2.519306e+08  1.558434e+08  1.192455e+03   3978951   1
       332   2.018939e+08  1.558445e+08  1.197251e+03   3990972   1
       333   4.098666e+08  1.558654e+08  1.202017e+03   4002993   1
       334   2.885484e+08  1.559390e+08  1.206720e+03   4015014   1
       335   2.580079e+08  1.560172e+08  1.211455e+03   4027035   1
       336   1.519486e+08  1.561578e+08  1.216220e+03   4039056   1
       337   4.495548e+08  1.561634e+08  1.221051e+03   4051077   1
       338   2.769208e+08  1.562281e+08  1.225848e+03   4063098   1
       339   3.439415e+08  1.562465e+08  1.230660e+03   4075119   1
       340   1.560356e+08  1.563516e+08  1.235476e+03   4087140   1
       341   2.683884e+08  1.563704e+08  1.240319e+03   4099161   1
       342   4.677631e+08  1.564140e+08  1.245210e+03   4111182   1
       343   1.984980e+08  1.564238e+08  1.250057e+03   4123203   1
       344   1.144093e+08  1.564646e+08  1.254901e+03   4135224   1
       345   1.721092e+08  1.565006e+08  1.259777e+03   4147245   1
       346   3.380921e+08  1.566342e+08  1.264655e+03   4159266   1
       347   2.747335e+08  1.566442e+08  1.269576e+03   4171287   1
       348   4.535705e+08  1.568315e+08  1.274467e+03   4183308   1
       349   2.529964e+08  1.568600e+08  1.279392e+03   4195329   1
       350   1.454440e+08  1.569488e+08  1.284283e+03   4207350   1
       351   1.382666e+08  1.570125e+08  1.289173e+03   4219371   1
       352   2.004776e+08  1.572527e+08  1.294067e+03   4231392   1
       353   3.057651e+08  1.572530e+08  1.298989e+03   4243413   1
       354   2.571664e+08  1.573238e+08  1.303974e+03   4255434   1
       355   2.035605e+08  1.574068e+08  1.308899e+03   4267455   1
       356   2.312995e+08  1.574274e+08  1.313899e+03   4279476   1
       357   2.892701e+08  1.576230e+08  1.318774e+03   4291497   1
       358   2.884819e+08  1.578224e+08  1.323809e+03   4303518   1
       359   2.559663e+08  1.579038e+08  1.328715e+03   4315539   1
       360   3.531951e+08  1.579460e+08  1.333746e+03   4327560   1
       361   2.107378e+08  1.579836e+08  1.338781e+03   4339581   1
       362   2.849173e+08  1.582308e+08  1.343861e+03   4351602   1
       363   3.448711e+08  1.584304e+08  1.348861e+03   4363623   1
       364   1.497288e+08  1.585542e+08  1.353908e+03   4375644   1
       365   3.534790e+08  1.586221e+08  1.359002e+03   4387665   1
       366   1.633530e+08  1.586548e+08  1.363955e+03   4399686   1
       367   3.139723e+08  1.587170e+08  1.368939e+03   4411707   1
       368   2.132415e+08  1.588290e+08  1.373894e+03   4423728   1
       369   2.057710e+08  1.589471e+08  1.378784e+03   4435749   1
       370   2.318486e+08  1.590169e+08  1.383816e+03   4447770   1
       371   2.988038e+08  1.590521e+08  1.388816e+03   4459791   1
       372   1.893025e+08  1.591410e+08  1.393772e+03   4471812   1
       373   2.105972e+08  1.591843e+08  1.398788e+03   4483833   1
       374   2.822614e+08  1.592678e+08  1.403819e+03   4495854   1
       375   2.670162e+08  1.593268e+08  1.408822e+03   4507875   1
       376   3.769030e+08  1.593508e+08  1.413869e+03   4519896   1
       377   2.428121e+08  1.594065e+08  1.418932e+03   4531917   1
       378   2.544349e+08  1.594328e+08  1.424014e+03   4543938   1
       379   2.521773e+08  1.594903e+08  1.429061e+03   4555959   1
       380   3.339830e+08  1.595162e+08  1.434093e+03   4567980   1
       381   7.016361e+08  1.595589e+08  1.439110e+03   4580001   1
       382   3.369481e+08  1.595977e+08  1.444174e+03   4592022   1
       383   1.775531e+08  1.596449e+08  1.449111e+03   4604043   1
       384   5.616388e+08  1.597103e+08  1.454145e+03   4616064   1
       385   1.687873e+08  1.597655e+08  1.459192e+03   4628085   1
       386   1.494047e+08  1.598273e+08  1.464207e+03   4640106   1
       387   2.045491e+08  1.598708e+08  1.469304e+03   4652127   1
       388   2.233286e+08  1.598862e+08  1.474306e+03   4664148   1
       389   2.737455e+08  1.600181e+08  1.479368e+03   4676169   1
       390   2.166810e+08  1.600234e+08  1.484465e+03   4688190   1
       391   4.533914e+08  1.600621e+08  1.489496e+03   4700211   1
       392   5.513138e+08  1.603640e+08  1.494496e+03   4712232   1
       393   2.414588e+08  1.605579e+08  1.499609e+03   4724253   1
       394   2.181333e+08  1.605634e+08  1.504702e+03   4736274   1
       395   3.049417e+08  1.607079e+08  1.509827e+03   4748295   1
       396   2.862066e+08  1.607330e+08  1.514971e+03   4760316   1
       397   3.298865e+08  1.607394e+08  1.520097e+03   4772337   1
       398   2.641238e+08  1.608863e+08  1.525160e+03   4784358   1
       399   1.557404e+08  1.609418e+08  1.530269e+03   4796379   1
       400   1.649999e+08  1.610391e+08  1.535441e+03   4808400   1
       401   1.903580e+08  1.610877e+08  1.540551e+03   4820421   1
       402   3.718164e+08  1.611406e+08  1.545692e+03   4832442   1
       403   4.562418e+08  1.611450e+08  1.550817e+03   4844463   1
       404   1.637042e+08  1.612556e+08  1.555992e+03   4856484   1
       405   2.622700e+08  1.612872e+08  1.561258e+03   4868505   1
       406   3.492190e+08  1.613495e+08  1.566414e+03   4880526   1
       407   1.593145e+08  1.614111e+08  1.571652e+03   4892547   1
       408   2.243654e+08  1.615258e+08  1.576887e+03   4904568   1
       409   2.410167e+08  1.615683e+08  1.582105e+03   4916589   1
       410   3.466722e+08  1.616501e+08  1.587327e+03   4928610   1
       411   7.903447e+08  1.617006e+08  1.592562e+03   4940631   1
       412   2.885819e+08  1.618192e+08  1.597749e+03   4952652   1
       413   2.093104e+08  1.618443e+08  1.602956e+03   4964673   1
       414   1.985484e+08  1.619682e+08  1.608160e+03   4976694   1
       415   3.130425e+08  1.620829e+08  1.613316e+03   4988715   1
       416   2.672411e+08  1.621221e+08  1.618489e+03   5000736   1
       417   1.996813e+08  1.621612e+08  1.623771e+03   5012757   1
       418   2.628597e+08  1.621805e+08  1.629055e+03   5024778   1
       419   2.986367e+08  1.622801e+08  1.634355e+03   5036799   1
       420   4.418225e+08  1.623047e+08  1.639685e+03   5048820   1
       421   1.783149e+08  1.623723e+08  1.644904e+03   5060841   1
       422   2.760377e+08  1.624939e+08  1.650171e+03   5072862   1
       423   2.079577e+08  1.625239e+08  1.655499e+03   5084883   1
       424   3.032439e+08  1.625244e+08  1.660799e+03   5096904   1
       425   2.223757e+08  1.626171e+08  1.666111e+03   5108925   1
       426   2.367020e+08  1.626176e+08  1.671424e+03   5120946   1
       427   9.276214e+08  1.626534e+08  1.676721e+03   5132967   1
       428   2.082213e+08  1.626794e+08  1.682033e+03   5144988   1
       429   4.553754e+08  1.627993e+08  1.687315e+03   5157009   1
       430   2.609688e+08  1.628004e+08  1.692596e+03   5169030   1
       431   1.533117e+08  1.628692e+08  1.697988e+03   5181051   1
       432   5.528772e+08  1.629492e+08  1.703273e+03   5193072   1
       433   3.423666e+08  1.629944e+08  1.708617e+03   5205093   1
       434   1.944642e+08  1.630475e+08  1.713961e+03   5217114   1
       435   2.021119e+08  1.630495e+08  1.719246e+03   5229135   1
       436   2.006756e+08  1.631815e+08  1.724480e+03   5241156   1
       437   3.977920e+08  1.632131e+08  1.729871e+03   5253177   1
       438   3.219417e+08  1.632814e+08  1.735105e+03   5265198   1
       439   2.786654e+08  1.633572e+08  1.740371e+03   5277219   1
       440   2.255270e+08  1.633859e+08  1.745715e+03   5289240   1
       441   2.005946e+08  1.635518e+08  1.751013e+03   5301261   1
       442   2.243813e+08  1.636581e+08  1.756310e+03   5313282   1
       443   3.701237e+08  1.636901e+08  1.761641e+03   5325303   1
       444   2.217492e+08  1.638221e+08  1.766954e+03   5337324   1
       445   2.603182e+08  1.639655e+08  1.772298e+03   5349345   1
       446   2.096062e+08  1.640121e+08  1.777676e+03   5361366   1
       447   2.691173e+08  1.640880e+08  1.783098e+03   5373387   1
       448   1.781595e+08  1.642681e+08  1.788364e+03   5385408   1
       449   1.504788e+08  1.643322e+08  1.793758e+03   5397429   1
       450   3.035056e+08  1.644803e+08  1.799133e+03   5409450   1
       451   1.602634e+08  1.645797e+08  1.804399e+03   5421471   1
       452   4.562639e+08  1.647610e+08  1.809790e+03   5433492   1
       453   5.972359e+08  1.649006e+08  1.815166e+03   5445513   1
       454   2.046485e+08  1.649242e+08  1.820526e+03   5457534   1
       455   1.328048e+08  1.650801e+08  1.825964e+03   5469555   1
       456   4.463684e+08  1.650845e+08  1.831386e+03   5481576   1
       457   1.172413e+08  1.651351e+08  1.836827e+03   5493597   1
       458   3.561555e+08  1.651916e+08  1.842281e+03   5505618   1
       459   3.217693e+08  1.652658e+08  1.847734e+03   5517639   1
       460   2.079277e+08  1.653540e+08  1.853109e+03   5529660   1
       461   5.560259e+08  1.654655e+08  1.858656e+03   5541681   1
       462   2.911504e+08  1.655286e+08  1.864144e+03   5553702   1
       463   2.218601e+08  1.656344e+08  1.869675e+03   5565723   1
       464   1.310113e+08  1.656755e+08  1.875144e+03   5577744   1
       465   1.332821e+08  1.657019e+08  1.880568e+03   5589765   1
       466   2.909668e+08  1.657251e+08  1.886085e+03   5601786   1
       467   4.659321e+08  1.658140e+08  1.891616e+03   5613807   1
       468   2.148241e+08  1.658268e+08  1.897148e+03   5625828   1
       469   3.089288e+08  1.659143e+08  1.902727e+03   5637849   1
       470   3.839374e+08  1.659601e+08  1.908293e+03   5649870   1
       471   2.100870e+08  1.659921e+08  1.913873e+03   5661891   1
       472   5.948869e+08  1.660397e+08  1.919483e+03   5673912   1
       473   2.114280e+08  1.661146e+08  1.925065e+03   5685933   1
       474   4.854493e+08  1.662042e+08  1.930643e+03   5697954   1
       475   7.248001e+08  1.662294e+08  1.936252e+03   5709975   1
       476   6.212916e+08  1.662659e+08  1.941925e+03   5721996   1
       477   5.007512e+08  1.662694e+08  1.947440e+03   5734017   1
       478   2.095927e+08  1.662993e+08  1.953053e+03   5746038   1
       479   2.395471e+08  1.663678e+08  1.958568e+03   5758059   1
       480   4.830489e+08  1.663722e+08  1.964193e+03   5770080   1
       481   1.455344e+08  1.664326e+08  1.969850e+03   5782101   1
       482   5.328860e+08  1.664335e+08  1.975398e+03   5794122   1
       483   2.883919e+08  1.664999e+08  1.980991e+03   5806143   1
       484   4.051029e+08  1.665376e+08  1.986585e+03   5818164   1
       485   3.940459e+08  1.665417e+08  1.992210e+03   5830185   1
       486   1.662409e+08  1.666473e+08  1.997886e+03   5842206   1
       487   2.844546e+08  1.667397e+08  2.003558e+03   5854227   1
       488   2.344351e+08  1.667718e+08  2.009183e+03   5866248   1
       489   1.394918e+08  1.668924e+08  2.014855e+03   5878269   1
       490   1.676112e+08  1.668941e+08  2.020620e+03   5890290   1
       491   1.802579e+08  1.669770e+08  2.026311e+03   5902311   1
       492   1.947092e+08  1.669914e+08  2.031998e+03   5914332   1
       493   1.417844e+08  1.670770e+08  2.037655e+03   5926353   1
       494   1.960013e+08  1.671966e+08  2.043361e+03   5938374   1
       495   3.858325e+08  1.672041e+08  2.049096e+03   5950395   1
       496   2.428195e+08  1.673168e+08  2.054896e+03   5962416   1
       497   2.019944e+08  1.673277e+08  2.060631e+03   5974437   1
       498   1.890464e+08  1.673970e+08  2.066319e+03   5986458   1
       499   3.021076e+08  1.674312e+08  2.072088e+03   5998479   1
       500   1.902572e+08  1.674626e+08  2.077869e+03   6010500   1
       501   2.771478e+08  1.674738e+08  2.083651e+03   6022521   1
       502   1.775830e+08  1.675151e+08  2.089416e+03   6034542   1
       503   1.460038e+08  1.675919e+08  2.095136e+03   6046563   1
       504   4.849537e+08  1.676470e+08  2.101060e+03   6058584   1
       505   2.523627e+08  1.676765e+08  2.106888e+03   6070605   1
       506   3.477729e+08  1.677025e+08  2.112716e+03   6082626   1
       507   2.434060e+08  1.677094e+08  2.118529e+03   6094647   1
       508   4.151616e+08  1.677840e+08  2.124357e+03   6106668   1
       509   3.950753e+08  1.677911e+08  2.130236e+03   6118689   1
       510   1.752476e+08  1.678281e+08  2.136048e+03   6130710   1
       511   1.627634e+08  1.679303e+08  2.141939e+03   6142731   1
       512   2.065126e+08  1.679424e+08  2.147798e+03   6154752   1
       513   2.801686e+08  1.679656e+08  2.153737e+03   6166773   1
       514   1.484955e+08  1.679942e+08  2.159600e+03   6178794   1
       515   5.147912e+08  1.680280e+08  2.165522e+03   6190815   1
       516   1.661351e+08  1.680466e+08  2.171506e+03   6202836   1
       517   1.867303e+08  1.680899e+08  2.177381e+03   6214857   1
       518   2.172744e+08  1.681935e+08  2.183304e+03   6226878   1
       519   2.398275e+08  1.682184e+08  2.189261e+03   6238899   1
       520   1.721035e+08  1.683057e+08  2.195120e+03   6250920   1
       521   1.820044e+08  1.683457e+08  2.201135e+03   6262941   1
       522   4.661153e+08  1.684059e+08  2.207104e+03   6274962   1
       523   2.595381e+08  1.684560e+08  2.213041e+03   6286983   1
       524   3.058624e+08  1.684659e+08  2.218966e+03   6299004   1
       525   1.755260e+08  1.685116e+08  2.224935e+03   6311025   1
       526   3.588988e+08  1.685341e+08  2.230843e+03   6323046   1
       527   2.303158e+08  1.685568e+08  2.236734e+03   6335067   1
       528   2.166534e+08  1.686282e+08  2.242749e+03   6347088   1
       529   4.403834e+08  1.686429e+08  2.248768e+03   6359109   1
       530   3.463336e+08  1.686844e+08  2.254768e+03   6371130   1
       531   1.907162e+08  1.687707e+08  2.260740e+03   6383151   1
       532   3.543222e+08  1.688385e+08  2.266756e+03   6395172   1
       533   3.207323e+08  1.689237e+08  2.272834e+03   6407193   1
       534   2.516465e+08  1.689272e+08  2.278882e+03   6419214   1
       535   2.134730e+08  1.689653e+08  2.285007e+03   6431235   1
       536   3.974087e+08  1.689909e+08  2.291165e+03   6443256   1
       537   3.142975e+08  1.689976e+08  2.297199e+03   6455277   1
       538   2.971854e+08  1.690380e+08  2.303261e+03   6467298   1
       539   4.338776e+08  1.690665e+08  2.309371e+03   6479319   1
       540   1.641070e+08  1.690951e+08  2.315386e+03   6491340   1
       541   2.365850e+08  1.691304e+08  2.321453e+03   6503361   1
       542   2.776755e+08  1.691733e+08  2.327547e+03   6515382   1
       543   1.315192e+08  1.692693e+08  2.333613e+03   6527403   1
       544   1.882300e+08  1.692807e+08  2.339677e+03   6539424   1
       545   2.021406e+08  1.694196e+08  2.345802e+03   6551445   1
       546   1.775293e+08  1.694682e+08  2.351962e+03   6563466   1
       547   1.785282e+08  1.695679e+08  2.358102e+03   6575487   1
       548   6.721586e+08  1.695897e+08  2.364309e+03   6587508   1
       549   2.379665e+08  1.696702e+08  2.370466e+03   6599529   1
       550   2.364768e+08  1.697067e+08  2.376669e+03   6611550   1
       551   1.094254e+08  1.697508e+08  2.382762e+03   6623571   1
       552   2.733589e+08  1.698004e+08  2.388903e+03   6635592   1
       553   2.754014e+08  1.699338e+08  2.395047e+03   6647613   1
       554   2.151546e+08  1.700509e+08  2.401266e+03   6659634   1
       555   3.076932e+08  1.701201e+08  2.407442e+03   6671655   1
       556   2.749486e+08  1.701669e+08  2.413679e+03   6683676   1
       557   2.202777e+08  1.702024e+08  2.419992e+03   6695697   1
       558   2.788311e+08  1.702793e+08  2.426273e+03   6707718   1
       559   1.826246e+08  1.703187e+08  2.432460e+03   6719739   1
       560   1.277382e+08  1.703450e+08  2.438636e+03   6731760   1
       561   3.553330e+08  1.703940e+08  2.444902e+03   6743781   1
       562   1.845441e+08  1.704614e+08  2.451136e+03   6755802   1
       563   3.256746e+08  1.705350e+08  2.457464e+03   6767823   1
       564   2.431914e+08  1.705782e+08  2.463746e+03   6779844   1
       565   3.343192e+08  1.706400e+08  2.469965e+03   6791865   1
       566   1.578256e+08  1.706863e+08  2.476277e+03   6803886   1
       567   4.166795e+08  1.707777e+08  2.482451e+03   6815907   1
       568   2.969649e+08  1.708208e+08  2.488826e+03   6827928   1
       569   2.646667e+08  1.708822e+08  2.495091e+03   6839949   1
       570   1.260901e+08  1.708920e+08  2.501373e+03   6851970   1
       571   2.289379e+08  1.709470e+08  2.507717e+03   6863991   1
       572   1.779782e+08  1.709799e+08  2.513998e+03   6876012   1
       573   1.639038e+08  1.710761e+08  2.520217e+03   6888033   1
       574   2.874179e+08  1.711257e+08  2.526501e+03   6900054   1
       575   3.928572e+08  1.711677e+08  2.532830e+03   6912075   1
       576   1.072723e+08  1.711847e+08  2.539162e+03   6924096   1
       577   3.218357e+08  1.712672e+08  2.545552e+03   6936117   1
       578   3.285455e+08  1.712886e+08  2.551818e+03   6948138   1
       579   2.042743e+08  1.713003e+08  2.558162e+03   6960159   1
       580   1.627853e+08  1.713532e+08  2.564490e+03   6972180   1
       581   1.917376e+08  1.714099e+08  2.570854e+03   6984201   1
       582   2.089612e+08  1.714471e+08  2.577322e+03   6996222   1
       583   2.033285e+08  1.714834e+08  2.583713e+03   7008243   1
       584   9.282135e+08  1.715474e+08  2.590138e+03   7020264   1
       585   1.404537e+08  1.715821e+08  2.596559e+03   7032285   1
       586   4.549586e+08  1.715999e+08  2.602951e+03   7044306   1
       587   4.685548e+08  1.716990e+08  2.609419e+03   7056327   1
       588   2.065978e+08  1.717109e+08  2.615908e+03   7068348   1
       589   2.736376e+08  1.717471e+08  2.622361e+03   7080369   1
       590   3.658446e+08  1.718360e+08  2.628787e+03   7092390   1
       591   4.623260e+08  1.718625e+08  2.635177e+03   7104411   1
       592   2.053702e+08  1.719262e+08  2.641662e+03   7116432   1
       593   2.594346e+08  1.719486e+08  2.648131e+03   7128453   1
       594   1.198044e+08  1.719708e+08  2.654584e+03   7140474   1
       595   3.998493e+08  1.720175e+08  2.660975e+03   7152495   1
       596   2.519149e+08  1.720431e+08  2.667444e+03   7164516   1
       597   2.311851e+08  1.720818e+08  2.673917e+03   7176537   1
       598   2.717216e+08  1.721463e+08  2.680432e+03   7188558   1
       599   2.675288e+08  1.721920e+08  2.686983e+03   7200579   1
       600   2.276468e+08  1.722706e+08  2.693436e+03   7212600   1
       601   3.643474e+08  1.723573e+08  2.699826e+03   7224621   1
       602   1.951866e+08  1.724531e+08  2.706374e+03   7236642   1
       603   2.135173e+08  1.725242e+08  2.712827e+03   7248663   1
       604   3.272474e+08  1.725673e+08  2.719233e+03   7260684   1
       605   1.415221e+08  1.725952e+08  2.725843e+03   7272705   1
       606   2.455788e+08  1.726413e+08  2.732378e+03   7284726   1
       607   1.445381e+08  1.726916e+08  2.738894e+03   7296747   1
       608   1.765744e+08  1.727300e+08  2.745429e+03   7308768   1
       609   2.604146e+08  1.727887e+08  2.751945e+03   7320789   1
       610   1.523576e+08  1.728476e+08  2.758398e+03   7332810   1
       611   1.404076e+08  1.728562e+08  2.764757e+03   7344831   1
       612   2.427751e+08  1.728952e+08  2.771304e+03   7356852   1
       613   3.152117e+08  1.729325e+08  2.777898e+03   7368873   1
       614   1.460282e+08  1.729857e+08  2.784523e+03   7380894   1
       615   3.969752e+08  1.730393e+08  2.791073e+03   7392915   1
       616   3.237711e+08  1.730853e+08  2.797635e+03   7404936   1
       617   2.225260e+08  1.731030e+08  2.804138e+03   7416957   1
       618   1.744183e+08  1.731611e+08  2.810686e+03   7428978   1
       619   2.243658e+08  1.731860e+08  2.817264e+03   7440999   1
       620   3.009418e+08  1.732210e+08  2.823779e+03   7453020   1
       621   1.956820e+08  1.732453e+08  2.830389e+03   7465041   1
       622   3.079824e+08  1.733027e+08  2.837030e+03   7477062   1
       623   3.517287e+08  1.733422e+08  2.843671e+03   7489083   1
       624   1.535444e+08  1.733793e+08  2.850269e+03   7501104   1
       625   1.647732e+08  1.734446e+08  2.856879e+03   7513125   1
       626   4.930797e+08  1.734824e+08  2.863523e+03   7525146   1
       627   5.830424e+08  1.735309e+08  2.870148e+03   7537167   1
       628   3.996955e+08  1.735719e+08  2.876804e+03   7549188   1
       629   2.122864e+08  1.736486e+08  2.883367e+03   7561209   1
       630   2.573302e+08  1.737073e+08  2.890023e+03   7573230   1
       631   1.424991e+08  1.737737e+08  2.896650e+03   7585251   1
       632   1.842267e+08  1.738248e+08  2.903306e+03   7597272   1
       633   4.687438e+08  1.738524e+08  2.909869e+03   7609293   1
       634   1.541287e+08  1.738811e+08  2.916540e+03   7621314   1
       635   4.240050e+08  1.739927e+08  2.923216e+03   7633335   1
       636   9.585563e+08  1.740091e+08  2.929748e+03   7645356   1
       637   2.461019e+08  1.740391e+08  2.936471e+03   7657377   1
       638   5.245406e+08  1.741305e+08  2.943159e+03   7669398   1
       639   1.492570e+08  1.742139e+08  2.949831e+03   7681419   1
       640   2.980259e+08  1.742183e+08  2.956534e+03   7693440   1
       641   3.392148e+08  1.742457e+08  2.963346e+03   7705461   1
       642   6.329400e+08  1.742595e+08  2.970127e+03   7717482   1
       643   2.946093e+08  1.743152e+08  2.976799e+03   7729503   1
       644   1.841830e+08  1.743337e+08  2.983565e+03   7741524   1
       645   2.085655e+08  1.744433e+08  2.990283e+03   7753545   1
       646   2.342894e+08  1.744573e+08  2.997085e+03   7765566   1
       647   1.759717e+08  1.745005e+08  3.003788e+03   7777587   1
       648   4.131203e+08  1.745370e+08  3.010542e+03   7789608   1
       649   3.427450e+08  1.745858e+08  3.017229e+03   7801629   1
       650   1.587995e+08  1.745995e+08  3.023967e+03   7813650   1
       651   3.819695e+08  1.746128e+08  3.030670e+03   7825671   1
       652   3.134369e+08  1.746501e+08  3.037514e+03   7837692   1
       653   4.231675e+08  1.747056e+08  3.044358e+03   7849713   1
       654   5.447748e+08  1.747731e+08  3.051248e+03   7861734   1
       655   3.639793e+08  1.747899e+08  3.058061e+03   7873755   1
       656   6.031265e+08  1.748028e+08  3.064920e+03   7885776   1
       657   4.464365e+08  1.748317e+08  3.071783e+03   7897797   1
       658   2.530804e+08  1.748483e+08  3.078642e+03   7909818   1
       659   1.564966e+08  1.749100e+08  3.085487e+03   7921839   1
       660   2.028379e+08  1.749362e+08  3.092362e+03   7933860   1
       661   1.294840e+08  1.749446e+08  3.099163e+03   7945881   1
       662   1.563980e+08  1.749529e+08  3.105944e+03   7957902   1
       663   2.051411e+08  1.749923e+08  3.112870e+03   7969923   1
       664   2.273451e+08  1.750743e+08  3.119683e+03   7981944   1
       665   2.799480e+08  1.751414e+08  3.126593e+03   7993965   1
       666   3.114101e+08  1.751932e+08  3.133439e+03   8005986   1
       667   3.831430e+08  1.752024e+08  3.140362e+03   8018007   1
       668   1.852269e+08  1.752741e+08  3.147177e+03   8030028   1
       669   1.709423e+08  1.752937e+08  3.154145e+03   8042049   1
       670   3.779982e+08  1.753090e+08  3.160911e+03   8054070   1
       671   1.484529e+08  1.753471e+08  3.167849e+03   8066091   1
       672   5.079025e+08  1.753659e+08  3.174818e+03   8078112   1
       673   3.524599e+08  1.753816e+08  3.181755e+03   8090133   1
       674   5.706143e+08  1.754032e+08  3.188650e+03   8102154   1
       675   3.795406e+08  1.754309e+08  3.195634e+03   8114175   1
       676   1.921015e+08  1.754427e+08  3.202623e+03   8126196   1
       677   2.197136e+08  1.754841e+08  3.209560e+03   8138217   1
       678   1.716195e+08  1.755130e+08  3.216470e+03   8150238   1
       679   2.334163e+08  1.755433e+08  3.223501e+03   8162259   1
       680   2.579773e+08  1.755499e+08  3.230567e+03   8174280   1
       681   2.623763e+08  1.755559e+08  3.237505e+03   8186301   1
       682   2.571348e+08  1.755773e+08  3.244384e+03   8198322   1
       683   1.741480e+08  1.755905e+08  3.251337e+03   8210343   1
       684   1.864578e+08  1.756390e+08  3.258259e+03   8222364   1
       685   1.487486e+08  1.756464e+08  3.265321e+03   8234385   1
       686   1.637758e+08  1.756839e+08  3.272305e+03   8246406   1
       687   4.008870e+08  1.757233e+08  3.279243e+03   8258427   1
       688   3.029022e+08  1.757548e+08  3.286274e+03   8270448   1
       689   1.325781e+08  1.757835e+08  3.293275e+03   8282469   1
       690   2.898651e+08  1.758084e+08  3.300353e+03   8294490   1
       691   4.188402e+08  1.758114e+08  3.307338e+03   8306511   1
       692   1.629436e+08  1.758532e+08  3.314338e+03   8318532   1
       693   4.935349e+08  1.758536e+08  3.321447e+03   8330553   1
       694   1.812294e+08  1.759008e+08  3.328463e+03   8342574   1
       695   2.951029e+08  1.759272e+08  3.335624e+03   8354595   1
       696   1.700347e+08  1.759451e+08  3.342780e+03   8366616   1
       697   1.957001e+08  1.759616e+08  3.349894e+03   8378637   1
       698   3.988880e+08  1.760160e+08  3.356987e+03   8390658   1
       699   1.474196e+08  1.760741e+08  3.364117e+03   8402679   1
       700   2.028577e+08  1.760863e+08  3.371226e+03   8414700   1
       701   1.698055e+08  1.761116e+08  3.378324e+03   8426721   1
       702   4.554301e+08  1.761435e+08  3.385465e+03   8438742   1
       703   2.804859e+08  1.761975e+08  3.392639e+03   8450763   1
       704   2.800215e+08  1.762157e+08  3.399811e+03   8462784   1
       705   5.867232e+08  1.762607e+08  3.406938e+03   8474805   1
       706   2.515346e+08  1.762816e+08  3.414188e+03   8486826   1
       707   4.427365e+08  1.763083e+08  3.421348e+03   8498847   1
       708   1.773504e+08  1.763627e+08  3.428536e+03   8510868   1
       709   1.788206e+08  1.763926e+08  3.435822e+03   8522889   1
       710   1.274610e+08  1.764878e+08  3.442837e+03   8534910   1
       711   4.939904e+08  1.765688e+08  3.449919e+03   8546931   1
       712   2.195831e+08  1.765927e+08  3.457154e+03   8558952   1
       713   3.411657e+08  1.766810e+08  3.464326e+03   8570973   1
       714   2.641881e+08  1.767323e+08  3.471498e+03   8582994   1
       715   4.497664e+08  1.767562e+08  3.478779e+03   8595015   1
       716   2.423364e+08  1.768390e+08  3.485951e+03   8607036   1
       717   4.435148e+08  1.768443e+08  3.493107e+03   8619057   1
       718   4.497269e+08  1.768716e+08  3.500388e+03   8631078   1
       719   2.068543e+08  1.768829e+08  3.507654e+03   8643099   1
       720   3.179291e+08  1.768911e+08  3.514920e+03   8655120   1
       721   2.187570e+08  1.769858e+08  3.522234e+03   8667141   1
       722   1.734672e+08  1.770667e+08  3.529500e+03   8679162   1
       723   2.020431e+08  1.771112e+08  3.536828e+03   8691183   1
       724   1.571856e+08  1.771899e+08  3.544016e+03   8703204   1
       725   3.079165e+08  1.772062e+08  3.551219e+03   8715225   1
       726   1.816566e+08  1.772248e+08  3.558532e+03   8727246   1
       727   1.641480e+08  1.772710e+08  3.565844e+03   8739267   1
       728   2.268289e+08  1.772842e+08  3.573126e+03   8751288   1
       729   5.585683e+08  1.773151e+08  3.580266e+03   8763309   1
       730   4.885878e+08  1.773303e+08  3.587626e+03   8775330   1
       731   3.799879e+08  1.773696e+08  3.594969e+03   8787351   1
       732   2.870555e+08  1.774320e+08  3.602316e+03   8799372   1
       733   2.098668e+08  1.774623e+08  3.609707e+03   8811393   1
       734   2.103251e+08  1.774774e+08  3.617004e+03   8823414   1
       735   2.215580e+08  1.774885e+08  3.624441e+03   8835435   1
       736   7.206008e+08  1.775204e+08  3.631753e+03   8847456   1
       737   2.858597e+08  1.775522e+08  3.639160e+03   8859477   1
       738   1.070343e+08  1.776990e+08  3.646472e+03   8871498   1
       739   2.613349e+08  1.777872e+08  3.653722e+03   8883519   1
       740   2.416776e+08  1.778427e+08  3.661193e+03   8895540   1
       741   2.944427e+08  1.778774e+08  3.668584e+03   8907561   1
       742   1.640181e+08  1.779008e+08  3.675990e+03   8919582   1
       743   3.305568e+08  1.779510e+08  3.683412e+03   8931603   1
       744   3.826200e+08  1.779842e+08  3.690912e+03   8943624   1
       745   2.119150e+08  1.779864e+08  3.698209e+03   8955645   1
       746   6.073942e+08  1.780359e+08  3.705537e+03   8967666   1
       747   2.000824e+08  1.780603e+08  3.712959e+03   8979687   1
       748   1.206022e+08  1.780629e+08  3.720272e+03   8991708   1
       749   4.086011e+08  1.780689e+08  3.727600e+03   9003729   1
       750   3.441752e+08  1.780970e+08  3.735010e+03   9015750   1
       751   2.031108e+08  1.781234e+08  3.742464e+03   9027771   1
       752   3.513076e+08  1.781880e+08  3.749979e+03   9039792   1
       753   3.439428e+08  1.782485e+08  3.757386e+03   9051813   1
       754   3.303985e+08  1.782932e+08  3.764917e+03   9063834   1
       755   1.644064e+08  1.783126e+08  3.772422e+03   9075855   1
       756   1.476808e+08  1.783197e+08  3.779828e+03   9087876   1
       757   2.363349e+08  1.783416e+08  3.787333e+03   9099897   1
       758   2.373705e+08  1.783495e+08  3.794989e+03   9111918   1
       759   2.327533e+08  1.783774e+08  3.802571e+03   9123939   1
       760   4.142242e+08  1.783792e+08  3.810008e+03   9135960   1
       761   2.789630e+08  1.783950e+08  3.817653e+03   9147981   1
       762   1.927658e+08  1.784221e+08  3.825247e+03   9160002   1
       763   1.996208e+08  1.784330e+08  3.832783e+03   9172023   1
       764   1.531397e+08  1.785057e+08  3.840288e+03   9184044   1
       765   2.960854e+08  1.785081e+08  3.847902e+03   9196065   1
       766   3.341591e+08  1.785832e+08  3.855495e+03   9208086   1
       767   2.629652e+08  1.785846e+08  3.863027e+03   9220107   1
       768   4.893410e+08  1.786319e+08  3.870605e+03   9232128   1
       769   3.608943e+08  1.786321e+08  3.878125e+03   9244149   1
       770   3.993096e+08  1.786893e+08  3.885735e+03   9256170   1
       771   2.289644e+08  1.786899e+08  3.893332e+03   9268191   1
       772   1.901712e+08  1.787599e+08  3.900879e+03   9280212   1
       773   2.267061e+08  1.787906e+08  3.908520e+03   9292233   1
       774   5.333545e+08  1.787907e+08  3.916176e+03   9304254   1
       775   3.063799e+08  1.788508e+08  3.923770e+03   9316275   1
       776   1.442861e+08  1.788630e+08  3.931457e+03   9328296   1
       777   3.091728e+08  1.788958e+08  3.939004e+03   9340317   1
       778   4.209115e+08  1.789163e+08  3.946613e+03   9352338   1
       779   1.669196e+08  1.789192e+08  3.954223e+03   9364359   1
       780   6.027650e+08  1.789336e+08  3.961989e+03   9376380   1
       781   3.548436e+08  1.789479e+08  3.969707e+03   9388401   1
       782   4.866736e+08  1.790029e+08  3.977364e+03   9400422   1
       783   3.931830e+08  1.790361e+08  3.985098e+03   9412443   1
       784   2.295373e+08  1.790863e+08  3.992866e+03   9424464   1
       785   1.549617e+08  1.791735e+08  4.000397e+03   9436485   1
       786   2.049706e+08  1.791849e+08  4.008026e+03   9448506   1
       787   1.915425e+08  1.792123e+08  4.015683e+03   9460527   1
       788   2.777432e+08  1.792331e+08  4.023422e+03   9472548   1
       789   2.460276e+08  1.792653e+08  4.031203e+03   9484569   1
       790   2.325417e+08  1.793150e+08  4.038942e+03   9496590   1
       791   2.027070e+08  1.793316e+08  4.046614e+03   9508611   1
       792   1.312037e+08  1.793746e+08  4.054212e+03   9520632   1
       793   3.553877e+08  1.793988e+08  4.061993e+03   9532653   1
       794   2.323107e+08  1.794853e+08  4.069681e+03   9544674   1
       795   2.475885e+08  1.794859e+08  4.077321e+03   9556695   1
       796   2.746805e+08  1.794994e+08  4.084993e+03   9568716   1
       797   1.375834e+08  1.795153e+08  4.092868e+03   9580737   1
       798   1.699135e+08  1.795228e+08  4.100572e+03   9592758   1
       799   2.280818e+08  1.795584e+08  4.108494e+03   9604779   1
       800   1.620980e+08  1.795766e+08  4.116197e+03   9616800   1
       801   1.796624e+08  1.796111e+08  4.123868e+03   9628821   1
       802   4.853949e+08  1.796406e+08  4.131666e+03   9640842   1
       803   3.216561e+08  1.796642e+08  4.139421e+03   9652863   1
       804   1.283217e+08  1.796679e+08  4.147217e+03   9664884   1
       805   1.347406e+08  1.797156e+08  4.155019e+03   9676905   1
       806   4.519308e+08  1.797210e+08  4.162987e+03   9688926   1
       807   1.643281e+08  1.797741e+08  4.170930e+03   9700947   1
       808   3.566235e+08  1.797757e+08  4.178961e+03   9712968   1
       809   1.794005e+08  1.798139e+08  4.186856e+03   9724989   1
       810   4.859459e+08  1.798140e+08  4.194827e+03   9737010   1
       811   1.667501e+08  1.798421e+08  4.202905e+03   9749031   1
       812   2.624408e+08  1.798434e+08  4.211030e+03   9761052   1
       813   2.931310e+08  1.798968e+08  4.219108e+03   9773073   1
       814   2.389762e+08  1.799097e+08  4.227139e+03   9785094   1
       815   1.954119e+08  1.799602e+08  4.235265e+03   9797115   1
       816   1.553700e+08  1.799962e+08  4.243424e+03   9809136   1
       817   2.679892e+08  1.800522e+08  4.251487e+03   9821157   1
       818   1.680070e+08  1.800827e+08  4.259491e+03   9833178   1
       819   4.285808e+08  1.801201e+08  4.267695e+03   9845199   1
       820   2.733686e+08  1.801320e+08  4.275898e+03   9857220   1
       821   2.246914e+08  1.801618e+08  4.284197e+03   9869241   1
       822   1.570555e+08  1.801758e+08  4.292385e+03   9881262   1
       823   1.501146e+08  1.802436e+08  4.300510e+03   9893283   1
       824   2.268695e+08  1.802553e+08  4.308807e+03   9905304   1
       825   1.784454e+08  1.802962e+08  4.317094e+03   9917325   1
       826   4.416479e+08  1.803449e+08  4.325315e+03   9929346   1
       827   1.626796e+08  1.804552e+08  4.333523e+03   9941367   1
       828   2.911773e+08  1.805057e+08  4.341680e+03   9953388   1
       829   5.664998e+08  1.805093e+08  4.349759e+03   9965409   1
       830   2.051012e+08  1.805606e+08  4.358009e+03   9977430   1
       831   2.656915e+08  1.805949e+08  4.366400e+03   9989451   1
       832   2.114026e+08  1.806469e+08  4.374718e+03  10001472   1
       833   1.589455e+08  1.806610e+08  4.382999e+03  10013493   1
       834   2.268008e+08  1.806612e+08  4.391286e+03  10025514   1
       835   2.335292e+08  1.807500e+08  4.399583e+03  10037535   1
       836   1.641592e+08  1.807994e+08  4.407927e+03  10049556   1
       837   2.757816e+08  1.808119e+08  4.416270e+03  10061577   1
       838   2.183631e+08  1.808735e+08  4.424524e+03  10073598   1
       839   4.025463e+08  1.808753e+08  4.432775e+03  10085619   1
       840   1.886030e+08  1.809140e+08  4.441044e+03  10097640   1
       841   2.475115e+08  1.809243e+08  4.449406e+03  10109661   1
       842   1.843241e+08  1.809261e+08  4.457828e+03  10121682   1
       843   2.401167e+08  1.809447e+08  4.466156e+03  10133703   1
       844   1.327167e+08  1.809703e+08  4.474547e+03  10145724   1
       845   1.662739e+08  1.809722e+08  4.482953e+03  10157745   1
       846   2.041850e+08  1.810089e+08  4.491406e+03  10169766   1
       847   1.484117e+08  1.810319e+08  4.499781e+03  10181787   1
       848   9.446020e+08  1.810350e+08  4.508270e+03  10193808   1
       849   1.934365e+08  1.810737e+08  4.516614e+03  10205829   1
       850   3.949225e+08  1.810769e+08  4.524976e+03  10217850   1
       851   1.946529e+08  1.811141e+08  4.533431e+03  10229871   1
       852   3.541736e+08  1.811169e+08  4.541697e+03  10241892   1
       853   2.155290e+08  1.811633e+08  4.550139e+03  10253913   1
       854   2.118809e+08  1.811658e+08  4.558639e+03  10265934   1
       855   3.445040e+08  1.812094e+08  4.567138e+03  10277955   1
       856   4.657375e+08  1.812483e+08  4.575514e+03  10289976   1
       857   1.719526e+08  1.812555e+08  4.583982e+03  10301997   1
       858   2.694145e+08  1.813089e+08  4.592576e+03  10314018   1
       859   1.642263e+08  1.813425e+08  4.601138e+03  10326039   1
       860   4.155582e+08  1.813875e+08  4.609766e+03  10338060   1
       861   4.261871e+08  1.813902e+08  4.618422e+03  10350081   1
       862   5.211559e+08  1.814455e+08  4.626906e+03  10362102   1
       863   1.897011e+08  1.814458e+08  4.635328e+03  10374123   1
       864   3.892856e+08  1.814673e+08  4.643862e+03  10386144   1
       865   2.321509e+08  1.815150e+08  4.652518e+03  10398165   1
       866   4.370822e+08  1.815166e+08  4.661111e+03  10410186   1
       867   1.449423e+08  1.815654e+08  4.669742e+03  10422207   1
       868   2.812033e+08  1.815941e+08  4.678289e+03  10434228   1
       869   1.961952e+08  1.815971e+08  4.686945e+03  10446249   1
       870   1.562100e+08  1.816404e+08  4.695418e+03  10458270   1
       871   2.460656e+08  1.816765e+08  4.704184e+03  10470291   1
       872   1.388006e+08  1.817135e+08  4.712767e+03  10482312   1
       873   1.884102e+08  1.817174e+08  4.721360e+03  10494333   1
       874   1.078095e+08  1.817447e+08  4.729975e+03  10506354   1
       875   1.905477e+08  1.817830e+08  4.738490e+03  10518375   1
       876   2.028957e+08  1.818194e+08  4.747209e+03  10530396   1
       877   2.771512e+08  1.818229e+08  4.755803e+03  10542417   1
       878   2.656202e+08  1.818775e+08  4.764335e+03  10554438   1
       879   2.512286e+08  1.819248e+08  4.772886e+03  10566459   1
       880   2.151054e+08  1.819691e+08  4.781573e+03  10578480   1
       881   1.890220e+08  1.819788e+08  4.790354e+03  10590501   1
       882   1.673363e+08  1.820188e+08  4.799057e+03  10602522   1
       883   1.956566e+08  1.820227e+08  4.807824e+03  10614543   1
       884   3.527309e+08  1.820512e+08  4.816436e+03  10626564   1
       885   3.849087e+08  1.820995e+08  4.825221e+03  10638585   1
       886   1.934008e+08  1.821356e+08  4.833955e+03  10650606   1
       887   2.552031e+08  1.821409e+08  4.842736e+03  10662627   1
       888   2.060650e+08  1.821860e+08  4.851439e+03  10674648   1
       889   1.518774e+08  1.822293e+08  4.860238e+03  10686669   1
       890   2.806015e+08  1.822593e+08  4.868895e+03  10698690   1
       891   5.355101e+08  1.823006e+08  4.877707e+03  10710711   1
       892   1.569036e+08  1.823170e+08  4.886410e+03  10722732   1
       893   1.370358e+08  1.823376e+08  4.895145e+03  10734753   1
       894   1.510466e+08  1.823499e+08  4.903833e+03  10746774   1
       895   2.813827e+08  1.823744e+08  4.912661e+03  10758795   1
       896   2.385105e+08  1.823998e+08  4.921351e+03  10770816   1
       897   2.533519e+08  1.824451e+08  4.930257e+03  10782837   1
       898   2.064421e+08  1.824656e+08  4.938949e+03  10794858   1
       899   2.471813e+08  1.824888e+08  4.947624e+03  10806879   1
       900   1.695062e+08  1.825077e+08  4.956453e+03  10818900   1
       901   3.397463e+08  1.825164e+08  4.965296e+03  10830921   1
       902   2.200428e+08  1.825244e+08  4.974062e+03  10842942   1
       903   2.140581e+08  1.825275e+08  4.983063e+03  10854963   1
       904   3.171161e+08  1.825300e+08  4.991943e+03  10866984   1
       905   2.781915e+08  1.825748e+08  5.000943e+03  10879005   1
       906   4.442024e+08  1.826078e+08  5.009802e+03  10891026   1
       907   3.040868e+08  1.826150e+08  5.018615e+03  10903047   1
       908   3.903998e+08  1.826663e+08  5.027506e+03  10915068   1
       909   1.401284e+08  1.827081e+08  5.036275e+03  10927089   1
       910   2.786673e+08  1.827574e+08  5.045213e+03  10939110   1
       911   2.673854e+08  1.827692e+08  5.054151e+03  10951131   1
       912   2.522380e+08  1.827857e+08  5.063011e+03  10963152   1
       913   1.541776e+08  1.827982e+08  5.071809e+03  10975173   1
       914   2.556799e+08  1.828443e+08  5.080764e+03  10987194   1
       915   3.864866e+08  1.828714e+08  5.089703e+03  10999215   1
       916   4.396259e+08  1.829375e+08  5.098626e+03  11011236   1
       917   1.427424e+08  1.830491e+08  5.107516e+03  11023257   1
       918   1.809905e+08  1.830889e+08  5.116549e+03  11035278   1
       919   2.038659e+08  1.831076e+08  5.125474e+03  11047299   1
       920   2.425327e+08  1.831132e+08  5.134570e+03  11059320   1
       921   4.670651e+08  1.831220e+08  5.143648e+03  11071341   1
       922   1.574089e+08  1.831916e+08  5.152743e+03  11083362   1
       923   3.375639e+08  1.832160e+08  5.161744e+03  11095383   1
       924   2.560774e+08  1.832409e+08  5.170793e+03  11107404   1
       925   1.517781e+08  1.832572e+08  5.179825e+03  11119425   1
       926   2.538260e+08  1.832894e+08  5.188966e+03  11131446   1
       927   5.028504e+08  1.833047e+08  5.197873e+03  11143467   1
       928   4.485868e+08  1.833278e+08  5.206907e+03  11155488   1
       929   1.619012e+08  1.833472e+08  5.215893e+03  11167509   1
       930   2.178479e+08  1.833517e+08  5.225097e+03  11179530   1
       931   2.318617e+08  1.833567e+08  5.234273e+03  11191551   1
       932   4.688743e+08  1.833654e+08  5.243289e+03  11203572   1
       933   1.850420e+08  1.833718e+08  5.252431e+03  11215593   1
       934   1.614900e+08  1.834242e+08  5.261603e+03  11227614   1
       935   2.675796e+08  1.834285e+08  5.270728e+03  11239635   1
       936   3.861593e+08  1.834440e+08  5.279839e+03  11251656   1
       937   2.079337e+08  1.834586e+08  5.288997e+03  11263677   1
       938   1.848434e+08  1.834656e+08  5.298169e+03  11275698   1
       939   1.752348e+08  1.834703e+08  5.307342e+03  11287719   1
       940   1.398643e+08  1.834815e+08  5.316363e+03  11299740   1
       941   1.650842e+08  1.834859e+08  5.325551e+03  11311761   1
       942   1.503335e+08  1.835043e+08  5.334755e+03  11323782   1
       943   1.177567e+08  1.835267e+08  5.343836e+03  11335803   1
       944   3.588695e+08  1.835313e+08  5.352993e+03  11347824   1
       945   3.994844e+08  1.835683e+08  5.362183e+03  11359845   1
       946   2.363059e+08  1.835826e+08  5.371480e+03  11371866   1
       947   3.313492e+08  1.836015e+08  5.380715e+03  11383887   1
       948   2.663304e+08  1.836169e+08  5.389873e+03  11395908   1
       949   2.662973e+08  1.836327e+08  5.399093e+03  11407929   1
       950   5.357184e+08  1.836677e+08  5.408297e+03  11419950   1
       951   2.041817e+08  1.836952e+08  5.417548e+03  11431971   1
       952   4.203786e+08  1.837504e+08  5.426909e+03  11443992   1
       953   3.055621e+08  1.837621e+08  5.436162e+03  11456013   1
       954   2.649321e+08  1.837862e+08  5.445365e+03  11468034   1
       955   3.613827e+08  1.838341e+08  5.454725e+03  11480055   1
       956   4.370308e+08  1.838509e+08  5.464025e+03  11492076   1
       957   1.239277e+08  1.838780e+08  5.473324e+03  11504097   1
       958   2.025392e+08  1.838934e+08  5.482481e+03  11516118   1
       959   1.859216e+08  1.838998e+08  5.491747e+03  11528139   1
       960   2.000512e+08  1.839274e+08  5.501185e+03  11540160   1
       961   2.398469e+08  1.839327e+08  5.510654e+03  11552181   1
       962   2.003325e+08  1.839535e+08  5.520035e+03  11564202   1
       963   1.312078e+08  1.839707e+08  5.529317e+03  11576223   1
       964   1.541444e+08  1.839752e+08  5.538632e+03  11588244   1
       965   2.230680e+08  1.840277e+08  5.548023e+03  11600265   1
       966   3.511922e+08  1.840330e+08  5.557446e+03  11612286   1
       967   2.826785e+08  1.840606e+08  5.566794e+03  11624307   1
       968   1.207845e+08  1.840682e+08  5.576107e+03  11636328   1
       969   3.839118e+08  1.840802e+08  5.585486e+03  11648349   1
       970   3.418990e+08  1.840892e+08  5.594817e+03  11660370   1
       971   2.834744e+08  1.841082e+08  5.604411e+03  11672391   1
       972   1.749911e+08  1.841199e+08  5.613646e+03  11684412   1
       973   1.440072e+08  1.841286e+08  5.623037e+03  11696433   1
       974   2.081723e+08  1.841453e+08  5.632554e+03  11708454   1
       975   2.133356e+08  1.841672e+08  5.641947e+03  11720475   1
       976   3.200656e+08  1.841852e+08  5.651431e+03  11732496   1
       977   3.888920e+08  1.841950e+08  5.660823e+03  11744517   1
       978   1.999330e+08  1.842050e+08  5.670245e+03  11756538   1
       979   1.604025e+08  1.842280e+08  5.679807e+03  11768559   1
       980   1.732701e+08  1.842350e+08  5.689245e+03  11780580   1
       981   2.599198e+08  1.842577e+08  5.698669e+03  11792601   1
       982   1.472361e+08  1.842966e+08  5.708016e+03  11804622   1
       983   1.913488e+08  1.843135e+08  5.717500e+03  11816643   1
       984   6.584796e+08  1.843498e+08  5.726939e+03  11828664   1
       985   2.775523e+08  1.843630e+08  5.736361e+03  11840685   1
       986   1.346689e+08  1.843726e+08  5.745752e+03  11852706   1
       987   2.572087e+08  1.844888e+08  5.755318e+03  11864727   1
       988   2.830768e+08  1.845522e+08  5.764927e+03  11876748   1
       989   2.428775e+08  1.845722e+08  5.774540e+03  11888769   1
       990   3.633239e+08  1.845938e+08  5.784181e+03  11900790   1
       991   3.522694e+08  1.846356e+08  5.793666e+03  11912811   1
       992   3.030257e+08  1.847661e+08  5.803259e+03  11924832   1
       993   2.003546e+08  1.847845e+08  5.812806e+03  11936853   1
       994   2.835052e+08  1.848136e+08  5.822481e+03  11948874   1
       995   3.737098e+08  1.848585e+08  5.831997e+03  11960895   1
       996   5.674404e+08  1.848868e+08  5.841607e+03  11972916   1
       997   2.759235e+08  1.849042e+08  5.851201e+03  11984937   1
       998   3.668887e+08  1.849464e+08  5.860847e+03  11996958   1
       999   1.746692e+08  1.849657e+08  5.870534e+03  12008979   1
      1000   2.711515e+08  1.850195e+08  5.880180e+03  12021000   1
      1001   2.562964e+08  1.850530e+08  5.889714e+03  12033021   1
      1002   1.596969e+08  1.850924e+08  5.899386e+03  12045042   1
      1003   4.406471e+08  1.851169e+08  5.909126e+03  12057063   1
      1004   3.046511e+08  1.851210e+08  5.918804e+03  12069084   1
      1005   2.341923e+08  1.852050e+08  5.928507e+03  12081105   1
      1006   2.340192e+08  1.852275e+08  5.938226e+03  12093126   1
      1007   1.405429e+08  1.852491e+08  5.948009e+03  12105147   1
      1008   2.334288e+08  1.852557e+08  5.957619e+03  12117168   1
      1009   1.968921e+08  1.852849e+08  5.967370e+03  12129189   1
      1010   2.105144e+08  1.853098e+08  5.977064e+03  12141210   1
      1011   2.478868e+08  1.853560e+08  5.986892e+03  12153231   1
      1012   1.787385e+08  1.853874e+08  5.996674e+03  12165252   1
      1013   1.707306e+08  1.854188e+08  6.006383e+03  12177273   1
      1014   1.572525e+08  1.854244e+08  6.016102e+03  12189294   1
      1015   3.437272e+08  1.854443e+08  6.025852e+03  12201315   1
      1016   2.132526e+08  1.854594e+08  6.035546e+03  12213336   1
      1017   1.867112e+08  1.854993e+08  6.045358e+03  12225357   1
      1018   1.704395e+08  1.855259e+08  6.055140e+03  12237378   1
      1019   2.011312e+08  1.855595e+08  6.064959e+03  12249399   1
      1020   2.496519e+08  1.856167e+08  6.074647e+03  12261420   1
      1021   2.888698e+08  1.856460e+08  6.084585e+03  12273441   1
      1022   4.831151e+08  1.856520e+08  6.094353e+03  12285462   1
      1023   2.295035e+08  1.856763e+08  6.104088e+03  12297483   1
      1024   1.421278e+08  1.856945e+08  6.114073e+03  12309504   1
      1025   2.025625e+08  1.857085e+08  6.123968e+03  12321525   1
      1026   3.960664e+08  1.857113e+08  6.133811e+03  12333546   1
      1027   3.168278e+08  1.857189e+08  6.143827e+03  12345567   1
      1028   2.802691e+08  1.857304e+08  6.153551e+03  12357588   1
      1029   1.628591e+08  1.857519e+08  6.163473e+03  12369609   1
      1030   2.244007e+08  1.857766e+08  6.173334e+03  12381630   1
      1031   2.062056e+08  1.857892e+08  6.183367e+03  12393651   1
      1032   1.443295e+08  1.858295e+08  6.193242e+03  12405672   1
      1033   3.115527e+08  1.858707e+08  6.203165e+03  12417693   1
      1034   2.612826e+08  1.859378e+08  6.213155e+03  12429714   1
      1035   2.510536e+08  1.859593e+08  6.223202e+03  12441735   1
      1036   5.466821e+08  1.859746e+08  6.233108e+03  12453756   1
      1037   1.334006e+08  1.859944e+08  6.242892e+03  12465777   1
      1038   4.805145e+08  1.860244e+08  6.252830e+03  12477798   1
      1039   3.285895e+08  1.860416e+08  6.262736e+03  12489819   1
      1040   1.852547e+08  1.860488e+08  6.272689e+03  12501840   1
      1041   4.634944e+08  1.860605e+08  6.282658e+03  12513861   1
      1042   3.792106e+08  1.861050e+08  6.292679e+03  12525882   1
      1043   1.372073e+08  1.861202e+08  6.302573e+03  12537903   1
      1044   3.031416e+08  1.861478e+08  6.312729e+03  12549924   1
      1045   3.006597e+08  1.861981e+08  6.322839e+03  12561945   1
      1046   5.305220e+08  1.862122e+08  6.332886e+03  12573966   1
      1047   1.973897e+08  1.862644e+08  6.342996e+03  12585987   1
      1048   1.972268e+08  1.862717e+08  6.352902e+03  12598008   1
      1049   2.673565e+08  1.862785e+08  6.362996e+03  12610029   1
      1050   1.588016e+08  1.862943e+08  6.372966e+03  12622050   1
      1051   3.240286e+08  1.863283e+08  6.383014e+03  12634071   1
      1052   3.544400e+08  1.863518e+08  6.393160e+03  12646092   1
      1053   4.279817e+08  1.863673e+08  6.403177e+03  12658113   1
      1054   1.993899e+08  1.863798e+08  6.413239e+03  12670134   1
      1055   2.876282e+08  1.863886e+08  6.423277e+03  12682155   1
      1056   1.616831e+08  1.864063e+08  6.433419e+03  12694176   1
      1057   1.699676e+08  1.864403e+08  6.443403e+03  12706197   1
      1058   1.859725e+08  1.864591e+08  6.453597e+03  12718218   1
      1059   3.018742e+08  1.864925e+08  6.463706e+03  12730239   1
      1060   3.473825e+08  1.865513e+08  6.473847e+03  12742260   1
      1061   6.291288e+08  1.865863e+08  6.484052e+03  12754281   1
      1062   2.052913e+08  1.866057e+08  6.494208e+03  12766302   1
      1063   5.715343e+08  1.866287e+08  6.504428e+03  12778323   1
      1064   1.776557e+08  1.866377e+08  6.514600e+03  12790344   1
      1065   4.688500e+08  1.866609e+08  6.524772e+03  12802365   1
      1066   1.735237e+08  1.866926e+08  6.534850e+03  12814386   1
      1067   2.132436e+08  1.867079e+08  6.544995e+03  12826407   1
      1068   2.113894e+08  1.867198e+08  6.555173e+03  12838428   1
      1069   3.626619e+08  1.867202e+08  6.565361e+03  12850449   1
      1070   1.784007e+08  1.867463e+08  6.575768e+03  12862470   1
      1071   1.725314e+08  1.867532e+08  6.585930e+03  12874491   1
      1072   2.489334e+08  1.867583e+08  6.596227e+03  12886512   1
      1073   1.944584e+08  1.867922e+08  6.606227e+03  12898533   1
      1074   2.160632e+08  1.867985e+08  6.616525e+03  12910554   1
      1075   3.463222e+08  1.868075e+08  6.626776e+03  12922575   1
      1076   2.035310e+08  1.868111e+08  6.637260e+03  12934596   1
      1077   4.748328e+08  1.868272e+08  6.647603e+03  12946617   1
      1078   3.592115e+08  1.868295e+08  6.657907e+03  12958638   1
      1079   2.831805e+08  1.868441e+08  6.668239e+03  12970659   1
      1080   1.466091e+08  1.868475e+08  6.678506e+03  12982680   1
      1081   1.798022e+08  1.868736e+08  6.688916e+03  12994701   1
      1082   3.345431e+08  1.868822e+08  6.699246e+03  13006722   1
      1083   1.623486e+08  1.868931e+08  6.709624e+03  13018743   1
      1084   4.128429e+08  1.869057e+08  6.719985e+03  13030764   1
      1085   1.618901e+08  1.869164e+08  6.730297e+03  13042785   1
      1086   3.318597e+08  1.869168e+08  6.740767e+03  13054806   1
      1087   1.825158e+08  1.869223e+08  6.751112e+03  13066827   1
      1088   3.026421e+08  1.869535e+08  6.761474e+03  13078848   1
      1089   3.768821e+08  1.869792e+08  6.771944e+03  13090869   1
      1090   2.218573e+08  1.869944e+08  6.782428e+03  13102890   1
      1091   7.534875e+08  1.870267e+08  6.792881e+03  13114911   1
      1092   1.781065e+08  1.870311e+08  6.803323e+03  13126932   1
      1093   1.534520e+08  1.870372e+08  6.813887e+03  13138953   1
      1094   1.858390e+08  1.870420e+08  6.824391e+03  13150974   1
      1095   1.929820e+08  1.870584e+08  6.834908e+03  13162995   1
      1096   2.208349e+08  1.870834e+08  6.845301e+03  13175016   1
      1097   2.088420e+08  1.870957e+08  6.855772e+03  13187037   1
      1098   2.534845e+08  1.871129e+08  6.866367e+03  13199058   1
      1099   2.128556e+08  1.871457e+08  6.876867e+03  13211079   1
      1100   2.387045e+08  1.871726e+08  6.887199e+03  13223100   1
      1101   1.495803e+08  1.871948e+08  6.897826e+03  13235121   1
      1102   1.343316e+08  1.872180e+08  6.908360e+03  13247142   1
      1103   2.440137e+08  1.872242e+08  6.918703e+03  13259163   1
      1104   1.974629e+08  1.872421e+08  6.929267e+03  13271184   1
      1105   1.605867e+08  1.872505e+08  6.939800e+03  13283205   1
      1106   1.958720e+08  1.872789e+08  6.950316e+03  13295226   1
      1107   3.331492e+08  1.873050e+08  6.960912e+03  13307247   1
      1108   1.452125e+08  1.873160e+08  6.971475e+03  13319268   1
      1109   2.073519e+08  1.873338e+08  6.981991e+03  13331289   1
      1110   2.888554e+08  1.873488e+08  6.992572e+03  13343310   1
      1111   2.011909e+08  1.873575e+08  7.003215e+03  13355331   1
      1112   1.655461e+08  1.873628e+08  7.013811e+03  13367352   1
      1113   1.173815e+08  1.873954e+08  7.024454e+03  13379373   1
      1114   2.910671e+08  1.874025e+08  7.035126e+03  13391394   1
      1115   2.770206e+08  1.874136e+08  7.045752e+03  13403415   1
      1116   2.457674e+08  1.874394e+08  7.056368e+03  13415436   1
      1117   1.770763e+08  1.874515e+08  7.066992e+03  13427457   1
      1118   3.097063e+08  1.874527e+08  7.077650e+03  13439478   1
      1119   3.345082e+08  1.874533e+08  7.088400e+03  13451499   1
      1120   1.253163e+08  1.874864e+08  7.098966e+03  13463520   1
      1121   1.877340e+08  1.875056e+08  7.109715e+03  13475541   1
      1122   2.835397e+08  1.875302e+08  7.120296e+03  13487562   1
      1123   1.699754e+08  1.875367e+08  7.131032e+03  13499583   1
      1124   1.504235e+08  1.875511e+08  7.141722e+03  13511604   1
      1125   5.595209e+08  1.875726e+08  7.152552e+03  13523625   1
      1126   1.969393e+08  1.876275e+08  7.163257e+03  13535646   1
      1127   2.989164e+08  1.876566e+08  7.174117e+03  13547667   1
      1128   1.520472e+08  1.876718e+08  7.184758e+03  13559688   1
      1129   3.743773e+08  1.877178e+08  7.195353e+03  13571709   1
      1130   2.450574e+08  1.877316e+08  7.206198e+03  13583730   1
-------------------------------------------------------------------
status         : time_limit
total time (s) : 7.206198e+03
total solves   : 13583730
best bound     :  1.877316e+08
simulation ci  :  2.948485e+08  9.792334e+06
numeric issues : 0
-------------------------------------------------------------------

 
                                        Time                    Allocations      
                                  
       Tot / % measured:            2.00h / 100.0%            499GiB / 100.0%    

 Section               ncalls     time    %tot     avg     alloc    %tot      avg
 
 backward_pass          1.13k    1.98h   98.7%   6.29s    494GiB   98.9%   447MiB
   solve_subproblem     13.4M    1.97h   98.2%   526s    485GiB   97.2%  37.8KiB
     get_dual_solution  13.4M     112s    1.6%  8.33s   30.5GiB    6.1%  2.38KiB
   prepare_backward...  2.26k   10.3ms    0.0%  4.54s   2.31MiB    0.0%  1.05KiB
 forward_pass           1.13k    92.4s    1.3%  81.8ms   5.60GiB    1.1%  5.08MiB
   solve_subproblem      136k    90.6s    1.3%   668s   5.13GiB    1.0%  39.6KiB
     get_dual_solution   136k    198ms    0.0%  1.46s   72.4MiB    0.0%     560B
   sample_scenario      1.13k    1.24s    0.0%  1.10ms    324MiB    0.1%   294KiB
 calculate_bound        1.13k    613ms    0.0%   543s   47.6MiB    0.0%  43.1KiB
   get_dual_solution    1.13k   1.61ms    0.0%  1.42s    618KiB    0.0%     560B
 


||||||||||||||||||||||||||||||||||||||||||||||||||||||||||||||||||||||||||||||||||||||||||||||||||||||||||||||||||||||||||||||||||||||||
SIMULATION RESULTS
LogLinearSDDP.Simulation(SDDP.InSampleMonteCarlo(0, false, true, SDDP.var"#155#158"{SDDP.var"#156#159"}(SDDP.var"#156#159"(), Core.Box(2000)), nothing), 2000, 11111)
fitted_model
Lower bound: 1.8773161866736168e8
Statistical upper bound (confidence interval): 2.6278289115239772e8  5.129241264530734e6
Pessimistic upper bound: 2.6791213241692847e8

||||||||||||||||||||||||||||||||||||||||||||||||||||||||||||||||||||||||||||||||||||||||||||||||||||||||||||||||||||||||||||||||||||||||
SIMULATION RESULTS
LogLinearSDDP.Simulation(SDDP.InSampleMonteCarlo(0, false, true, SDDP.var"#155#158"{SDDP.var"#156#159"}(SDDP.var"#156#159"(), Core.Box(2000)), nothing), 2000, 11111)
fitted_model
Lower bound: 1.8773161866736168e8
Statistical upper bound (confidence interval): 1.676894755684281e8  4.134458995797683e6
Pessimistic upper bound: 1.718239345642258e8

||||||||||||||||||||||||||||||||||||||||||||||||||||||||||||||||||||||||||||||||||||||||||||||||||||||||||||||||||||||||||||||||||||||||
SIMULATION RESULTS
LogLinearSDDP.Simulation(SDDP.InSampleMonteCarlo(0, false, true, SDDP.var"#155#158"{SDDP.var"#156#159"}(SDDP.var"#156#159"(), Core.Box(2000)), nothing), 2000, 11111)
fitted_model
Lower bound: 1.8773161866736168e8
Statistical upper bound (confidence interval): 2.5963175544605348e8  5.250943174092481e6
Pessimistic upper bound: 2.6488269862014595e8

||||||||||||||||||||||||||||||||||||||||||||||||||||||||||||||||||||||||||||||||||||||||||||||||||||||||||||||||||||||||||||||||||||||||
SIMULATION RESULTS
LogLinearSDDP.Simulation(SDDP.InSampleMonteCarlo(0, false, true, SDDP.var"#155#158"{SDDP.var"#156#159"}(SDDP.var"#156#159"(), Core.Box(2000)), nothing), 2000, 11111)
fitted_model
Lower bound: 1.8773161866736168e8
Statistical upper bound (confidence interval): 1.7613680361270735e8  4.383713913319211e6
Pessimistic upper bound: 1.8052051752602655e8

||||||||||||||||||||||||||||||||||||||||||||||||||||||||||||||||||||||||||||||||||||||||||||||||||||||||||||||||||||||||||||||||||||||||
SIMULATION RESULTS
LogLinearSDDP.Simulation(SDDP.InSampleMonteCarlo(0, false, true, SDDP.var"#155#158"{SDDP.var"#156#159"}(SDDP.var"#156#159"(), Core.Box(2000)), nothing), 2000, 11111)
shapiro_model
Lower bound: 1.8773161866736168e8
Statistical upper bound (confidence interval): 2.728685458481716e8  5.92164201341529e6
Pessimistic upper bound: 2.7879018786158687e8

||||||||||||||||||||||||||||||||||||||||||||||||||||||||||||||||||||||||||||||||||||||||||||||||||||||||||||||||||||||||||||||||||||||||
SIMULATION RESULTS
LogLinearSDDP.Simulation(SDDP.InSampleMonteCarlo(0, false, true, SDDP.var"#155#158"{SDDP.var"#156#159"}(SDDP.var"#156#159"(), Core.Box(2000)), nothing), 2000, 11111)
shapiro_model
Lower bound: 1.8773161866736168e8
Statistical upper bound (confidence interval): 1.8633275409915948e8  5.053287700771202e6
Pessimistic upper bound: 1.913860417999307e8

||||||||||||||||||||||||||||||||||||||||||||||||||||||||||||||||||||||||||||||||||||||||||||||||||||||||||||||||||||||||||||||||||||||||
SIMULATION RESULTS
LogLinearSDDP.Simulation(SDDP.InSampleMonteCarlo(0, false, true, SDDP.var"#155#158"{SDDP.var"#156#159"}(SDDP.var"#156#159"(), Core.Box(2000)), nothing), 2000, 11111)
custom_model
Lower bound: 1.8773161866736168e8
Statistical upper bound (confidence interval): 3.666613342572583e8  8.3232075649930155e6
Pessimistic upper bound: 3.749845418222513e8

||||||||||||||||||||||||||||||||||||||||||||||||||||||||||||||||||||||||||||||||||||||||||||||||||||||||||||||||||||||||||||||||||||||||
SIMULATION RESULTS
LogLinearSDDP.Simulation(SDDP.InSampleMonteCarlo(0, false, true, SDDP.var"#155#158"{SDDP.var"#156#159"}(SDDP.var"#156#159"(), Core.Box(2000)), nothing), 2000, 11111)
custom_model
Lower bound: 1.8773161866736168e8
Statistical upper bound (confidence interval): 2.4105920557063246e8  6.8804133870252855e6
Pessimistic upper bound: 2.4793961895765775e8

||||||||||||||||||||||||||||||||||||||||||||||||||||||||||||||||||||||||||||||||||||||||||||||||||||||||||||||||||||||||||||||||||||||||
SIMULATION RESULTS
LogLinearSDDP.Simulation(SDDP.InSampleMonteCarlo(0, false, true, SDDP.var"#155#158"{SDDP.var"#156#159"}(SDDP.var"#156#159"(), Core.Box(2000)), nothing), 2000, 11111)
bic_model
Lower bound: 1.8773161866736168e8
Statistical upper bound (confidence interval): 3.79616590506081e8  8.536197252226016e6
Pessimistic upper bound: 3.88152787758307e8

||||||||||||||||||||||||||||||||||||||||||||||||||||||||||||||||||||||||||||||||||||||||||||||||||||||||||||||||||||||||||||||||||||||||
SIMULATION RESULTS
LogLinearSDDP.Simulation(SDDP.InSampleMonteCarlo(0, false, true, SDDP.var"#155#158"{SDDP.var"#156#159"}(SDDP.var"#156#159"(), Core.Box(2000)), nothing), 2000, 11111)
bic_model
Lower bound: 1.8773161866736168e8
Statistical upper bound (confidence interval): 2.502350513507088e8  7.09560098802165e6
Pessimistic upper bound: 2.5733065233873045e8

||||||||||||||||||||||||||||||||||||||||||||||||||||||||||||||||||||||||||||||||||||||||||||||||||||||||||||||||||||||||||||||||||||||||
SIMULATION RESULTS
LogLinearSDDP.Simulation(SDDP.InSampleMonteCarlo(0, false, true, SDDP.var"#155#158"{SDDP.var"#156#159"}(SDDP.var"#156#159"(), Core.Box(2000)), nothing), 2000, 11111)
fitted_model
Lower bound: 1.8786413062031183e8
Statistical upper bound (confidence interval): 5.076003261630203e8  8.567201948653543e7
Pessimistic upper bound: 5.932723456495557e8

||||||||||||||||||||||||||||||||||||||||||||||||||||||||||||||||||||||||||||||||||||||||||||||||||||||||||||||||||||||||||||||||||||||||
SIMULATION RESULTS
LogLinearSDDP.Simulation(SDDP.InSampleMonteCarlo(0, false, true, SDDP.var"#155#158"{SDDP.var"#156#159"}(SDDP.var"#156#159"(), Core.Box(2000)), nothing), 2000, 11111)
fitted_model
Lower bound: 1.8786413062031183e8
Statistical upper bound (confidence interval): 3.236114811997816e8  6.912555387109102e7
Pessimistic upper bound: 3.927370350708726e8
