||||||||||||||||||||||||||||||||||||||||||||||||||||||||||||||||||||||||||||||||||||||||||||||||||||||||||||||||||||||||||||||||||||||||
PATH
calling 
C:\Users\cg4102\Documents\New LogLinearSDDP\LogLinearSDDP.jl\Examples\Hydrothermal
C:\Users\cg4102\Documents\New LogLinearSDDP\LogLinearSDDP.jl\Examples\Hydrothermal\run_model_markov.jl
DATETIME
2025-04-29T04:34:21.333
RUN DESCRIPTION
LogLinearSDDP.AlgoParams(SDDP.AbstractStoppingRule[SDDP.TimeLimit(7200.0)], LogLinearSDDP.NoSimulation(), false, 2, 1, "C:/Users/cg4102/Documents/julia_logs/Cut-sharing Re-Run (2h)/Run_MC-SDDP_fitted_model_444444/MC-SDDP.log", false, false, false, 444444, "MC-SDDP: 100 nodes, fitted_model", :fitted_model)
-------------------------------------------------------------------
         SDDP.jl (c) Oscar Dowson and contributors, 2017-23
-------------------------------------------------------------------
problem
  nodes           : 11901
  state variables : 4
  scenarios       : 6.68857e+229
  existing cuts   : false
options
  solver          : serial mode
  risk measure    : SDDP.Expectation()
  sampling scheme : SDDP.Historical{String, Dict{String, Float64}}
subproblem structure
  VariableRef                                  : [142, 142]
  JuMP.AffExpr in MOI.EqualTo{Float64}         : [13, 13]
  JuMP.VariableRef in MOI.GreaterThan{Float64} : [138, 138]
  JuMP.VariableRef in MOI.LessThan{Float64}    : [129, 130]
-------------------------------------------------------------------
 iteration    simulation      bound        time (s)     solves  pid
-------------------------------------------------------------------
         1   1.935779e+09  7.449356e+05  6.068000e+00     10469   1
         2   7.754669e+08  3.094299e+06  9.502000e+00     20748   1
         3   9.016051e+08  3.149844e+06  1.260400e+01     30894   1
         4   3.969217e+08  3.759483e+06  1.569400e+01     41059   1
         5   4.955621e+08  9.996359e+06  1.865800e+01     51299   1
         6   8.062602e+08  2.399692e+07  2.178400e+01     61602   1
         7   5.518258e+08  2.613760e+07  2.497000e+01     72071   1
         8   4.335061e+08  2.668233e+07  2.778900e+01     82157   1
         9   4.176112e+08  2.769983e+07  3.109700e+01     92608   1
        10   3.056865e+08  3.814360e+07  3.412900e+01    102953   1
        11   2.003982e+08  4.125984e+07  3.711000e+01    112549   1
        12   2.811096e+08  4.170732e+07  4.042900e+01    123316   1
        13   3.611006e+08  4.433825e+07  4.384600e+01    133926   1
        14   1.770029e+08  4.503265e+07  4.688400e+01    143828   1
        15   2.142958e+08  5.016587e+07  4.987200e+01    154088   1
        16   5.833892e+08  5.373207e+07  5.285300e+01    164505   1
        17   5.135299e+08  5.789897e+07  5.593000e+01    174802   1
        18   5.807262e+08  5.843867e+07  5.906000e+01    184979   1
        19   3.854677e+08  5.899586e+07  6.226400e+01    195397   1
        20   2.640107e+08  5.955072e+07  6.543300e+01    205827   1
        21   1.237283e+08  5.957291e+07  6.872000e+01    216321   1
        22   5.564845e+08  6.111826e+07  7.186200e+01    226407   1
        23   3.039031e+08  6.122439e+07  7.499300e+01    236887   1
        24   1.914959e+08  7.305854e+07  8.078300e+01    247159   1
        25   3.452810e+08  7.773763e+07  8.361900e+01    257338   1
        26   4.320555e+08  8.098812e+07  8.650800e+01    267531   1
        27   2.334512e+08  8.148809e+07  8.953700e+01    277899   1
        28   1.893549e+08  8.238870e+07  9.238100e+01    287945   1
        29   2.689317e+08  8.680852e+07  9.536100e+01    298317   1
        30   6.058403e+08  8.914221e+07  9.847800e+01    308855   1
        31   4.270797e+08  8.945402e+07  1.015470e+02    319301   1
        32   2.431803e+08  9.174100e+07  1.045940e+02    329942   1
        33   2.669763e+08  9.311285e+07  1.077640e+02    340496   1
        34   1.788136e+08  9.441326e+07  1.107570e+02    350655   1
        35   4.679992e+08  9.502209e+07  1.136970e+02    361063   1
        36   4.372650e+08  9.859482e+07  1.167010e+02    371549   1
        37   3.678349e+08  1.007721e+08  1.198450e+02    382226   1
        38   4.727500e+08  1.036266e+08  1.228380e+02    392290   1
        39   2.519469e+08  1.049702e+08  1.258000e+02    402555   1
        40   4.032256e+08  1.052918e+08  1.288190e+02    413014   1
        41   3.097347e+08  1.053643e+08  1.320160e+02    423719   1
        42   3.677388e+08  1.053851e+08  1.349990e+02    433741   1
        43   4.134033e+08  1.061736e+08  1.382880e+02    444114   1
        44   3.930351e+08  1.066661e+08  1.414890e+02    454816   1
        45   5.930383e+08  1.084777e+08  1.445970e+02    465523   1
        46   4.747278e+08  1.101327e+08  1.478690e+02    476168   1
        47   2.282304e+08  1.114224e+08  1.510830e+02    486809   1
        48   6.122892e+08  1.127519e+08  1.542630e+02    497242   1
        49   2.615219e+08  1.133349e+08  1.574830e+02    507470   1
        50   4.687974e+08  1.143779e+08  1.606940e+02    517867   1
        51   2.676699e+08  1.167014e+08  1.640210e+02    528336   1
        52   2.396056e+08  1.176725e+08  1.672580e+02    538604   1
        53   3.999440e+08  1.177024e+08  1.704450e+02    548972   1
        54   2.286440e+08  1.178451e+08  1.764010e+02    559378   1
        55   2.496952e+08  1.200749e+08  1.796230e+02    569824   1
        56   6.067733e+08  1.200946e+08  1.827510e+02    580327   1
        57   1.899049e+08  1.202744e+08  1.859290e+02    590770   1
        58   1.727781e+08  1.207394e+08  1.890630e+02    601257   1
        59   2.681196e+08  1.209559e+08  1.923180e+02    611919   1
        60   3.857150e+08  1.224268e+08  1.954720e+02    622684   1
        61   2.861584e+08  1.225350e+08  1.986990e+02    633395   1
        62   3.359494e+08  1.225879e+08  2.019110e+02    643670   1
        63   2.372895e+08  1.227636e+08  2.052130e+02    654374   1
        64   6.239142e+08  1.227682e+08  2.083520e+02    664522   1
        65   4.829810e+08  1.228177e+08  2.115410e+02    674970   1
        66   4.073766e+08  1.230333e+08  2.148230e+02    685388   1
        67   3.459315e+08  1.244811e+08  2.179530e+02    695521   1
        68   2.263555e+08  1.254515e+08  2.213740e+02    706295   1
        69   2.932464e+08  1.325956e+08  2.246450e+02    716916   1
        70   3.416556e+08  1.328007e+08  2.277820e+02    726828   1
        71   2.952292e+08  1.333926e+08  2.311390e+02    737505   1
        72   2.869946e+08  1.337950e+08  2.344300e+02    747649   1
        73   2.327736e+08  1.338409e+08  2.377530e+02    757933   1
        74   3.093942e+08  1.346083e+08  2.411880e+02    768423   1
        75   4.397452e+08  1.350388e+08  2.445580e+02    778998   1
        76   3.193403e+08  1.354623e+08  2.478590e+02    789272   1
        77   2.376687e+08  1.359805e+08  2.511810e+02    799657   1
        78   2.423536e+08  1.360248e+08  2.544380e+02    809609   1
        79   2.788347e+08  1.362728e+08  2.578750e+02    820049   1
        80   8.085534e+08  1.366834e+08  2.612570e+02    830560   1
        81   1.917648e+08  1.367399e+08  2.647230e+02    841172   1
        82   3.017852e+08  1.367985e+08  2.681880e+02    851549   1
        83   3.665095e+08  1.370630e+08  2.744410e+02    862223   1
        84   3.168885e+08  1.371037e+08  2.777600e+02    872647   1
        85   2.616554e+08  1.375265e+08  2.810470e+02    882869   1
        86   5.611218e+08  1.376577e+08  2.842440e+02    893033   1
        87   2.349629e+08  1.384209e+08  2.874970e+02    903161   1
        88   1.972707e+08  1.395359e+08  2.908680e+02    913622   1
        89   2.662155e+08  1.402863e+08  2.942270e+02    923783   1
        90   1.730061e+08  1.404294e+08  2.976810e+02    934150   1
        91   2.118956e+08  1.405835e+08  3.010630e+02    944183   1
        92   4.241206e+08  1.420063e+08  3.045010e+02    954687   1
        93   2.987297e+08  1.425720e+08  3.078120e+02    964533   1
        94   3.334522e+08  1.478814e+08  3.111690e+02    974699   1
        95   2.299202e+08  1.486723e+08  3.146090e+02    985151   1
        96   3.170593e+08  1.488922e+08  3.181050e+02    995850   1
        97   4.111600e+08  1.488935e+08  3.215400e+02   1006274   1
        98   2.192147e+08  1.500355e+08  3.249610e+02   1016656   1
        99   2.778439e+08  1.504185e+08  3.285390e+02   1027410   1
       100   2.529873e+08  1.504869e+08  3.320590e+02   1037942   1
       101   5.672110e+08  1.504917e+08  3.355590e+02   1048194   1
       102   2.112913e+08  1.506704e+08  3.390800e+02   1058444   1
       103   2.618755e+08  1.513267e+08  3.426740e+02   1068893   1
       104   5.092772e+08  1.525364e+08  3.461540e+02   1079239   1
       105   3.760539e+08  1.528868e+08  3.497250e+02   1089614   1
       106   1.597519e+08  1.531803e+08  3.532000e+02   1099621   1
       107   1.999154e+08  1.533568e+08  3.568920e+02   1110051   1
       108   2.517137e+08  1.536902e+08  3.604250e+02   1120164   1
       109   2.580572e+08  1.539039e+08  3.641040e+02   1130649   1
       110   3.092982e+08  1.544649e+08  3.676930e+02   1140952   1
       111   3.049782e+08  1.557494e+08  3.744660e+02   1151251   1
       112   3.015558e+08  1.558315e+08  3.780160e+02   1161743   1
       113   3.164523e+08  1.566078e+08  3.814220e+02   1171816   1
       114   2.385981e+08  1.569267e+08  3.848710e+02   1181848   1
       115   4.060381e+08  1.571733e+08  3.884760e+02   1192148   1
       116   1.768465e+08  1.572089e+08  3.919780e+02   1202439   1
       117   2.649039e+08  1.572748e+08  3.954010e+02   1212404   1
       118   1.447334e+08  1.573595e+08  3.988960e+02   1222355   1
       119   2.218964e+08  1.575811e+08  4.024380e+02   1232745   1
       120   2.023761e+08  1.579599e+08  4.061840e+02   1243513   1
       121   2.339047e+08  1.579674e+08  4.097470e+02   1253943   1
       122   1.695726e+08  1.586042e+08  4.133700e+02   1264038   1
       123   1.613960e+08  1.592747e+08  4.171050e+02   1274462   1
       124   1.862120e+08  1.593704e+08  4.207300e+02   1284704   1
       125   2.594164e+08  1.604321e+08  4.244140e+02   1295194   1
       126   4.125516e+08  1.604977e+08  4.280420e+02   1305430   1
       127   3.632372e+08  1.611539e+08  4.316370e+02   1315659   1
       128   1.204752e+08  1.625366e+08  4.352390e+02   1325638   1
       129   2.218414e+08  1.640541e+08  4.389530e+02   1335855   1
       130   2.789050e+08  1.645728e+08  4.427350e+02   1346468   1
       131   3.059382e+08  1.646083e+08  4.464700e+02   1356713   1
       132   5.523438e+08  1.665986e+08  4.503060e+02   1367154   1
       133   5.412307e+08  1.666000e+08  4.540880e+02   1377519   1
       134   2.418576e+08  1.666951e+08  4.578900e+02   1388036   1
       135   1.623754e+08  1.667033e+08  4.616820e+02   1398281   1
       136   2.104564e+08  1.676775e+08  4.655560e+02   1408376   1
       137   2.510884e+08  1.676955e+08  4.694450e+02   1418856   1
       138   2.207987e+08  1.678083e+08  4.732000e+02   1428714   1
       139   1.353287e+08  1.678192e+08  4.770060e+02   1438380   1
       140   2.633879e+08  1.678265e+08  4.809260e+02   1449048   1
       141   2.449203e+08  1.679789e+08  4.990650e+02   1459421   1
       142   1.896976e+08  1.679843e+08  5.029390e+02   1469504   1
       143   4.623096e+08  1.687700e+08  5.067990e+02   1480158   1
       144   2.019850e+08  1.687752e+08  5.105230e+02   1490259   1
       145   2.175666e+08  1.688159e+08  5.143480e+02   1500579   1
       146   3.316257e+08  1.688443e+08  5.181920e+02   1510886   1
       147   3.066844e+08  1.696725e+08  5.220250e+02   1521547   1
       148   2.190124e+08  1.696729e+08  5.258320e+02   1531859   1
       149   2.647322e+08  1.696786e+08  5.297860e+02   1542120   1
       150   3.202757e+08  1.696845e+08  5.336280e+02   1552579   1
       151   3.006355e+08  1.698709e+08  5.374780e+02   1562829   1
       152   2.644656e+08  1.701650e+08  5.414280e+02   1573379   1
       153   2.602708e+08  1.717871e+08  5.455420e+02   1584036   1
       154   2.190384e+08  1.728434e+08  5.494450e+02   1594418   1
       155   1.473197e+08  1.748528e+08  5.532740e+02   1604181   1
       156   3.893667e+08  1.748537e+08  5.572810e+02   1614567   1
       157   5.194115e+08  1.752436e+08  5.612340e+02   1625161   1
       158   2.902378e+08  1.755899e+08  5.653410e+02   1635640   1
       159   2.113244e+08  1.759225e+08  5.695070e+02   1645553   1
       160   1.734258e+08  1.759231e+08  5.737440e+02   1655987   1
       161   3.545057e+08  1.768627e+08  5.779840e+02   1666492   1
       162   2.897129e+08  1.772726e+08  5.822210e+02   1676751   1
       163   2.018218e+08  1.777747e+08  5.864440e+02   1687174   1
       164   2.021178e+08  1.778173e+08  5.954920e+02   1697562   1
       165   3.590349e+08  1.780381e+08  5.994170e+02   1707692   1
       166   2.141038e+08  1.780756e+08  6.034090e+02   1718195   1
       167   1.802610e+08  1.781018e+08  6.073080e+02   1728198   1
       168   4.134487e+08  1.786124e+08  6.113080e+02   1738752   1
       169   2.075603e+08  1.793907e+08  6.153450e+02   1749026   1
       170   2.367513e+08  1.795516e+08  6.193520e+02   1759113   1
       171   2.601627e+08  1.803542e+08  6.234190e+02   1769669   1
       172   3.819483e+08  1.815519e+08  6.275020e+02   1779932   1
       173   3.000524e+08  1.819767e+08  6.316520e+02   1790144   1
       174   2.915608e+08  1.820805e+08  6.358350e+02   1800570   1
       175   3.672098e+08  1.823834e+08  6.400000e+02   1811084   1
       176   4.484129e+08  1.824874e+08  6.441960e+02   1821219   1
       177   1.816593e+08  1.825290e+08  6.485860e+02   1831514   1
       178   3.664490e+08  1.825300e+08  6.531230e+02   1842013   1
       179   2.349866e+08  1.828577e+08  6.578940e+02   1852304   1
       180   5.099572e+08  1.828650e+08  6.624490e+02   1862332   1
       181   4.081082e+08  1.837926e+08  6.708650e+02   1872535   1
       182   2.536947e+08  1.839115e+08  6.750100e+02   1883097   1
       183   1.874366e+08  1.847419e+08  6.790790e+02   1893290   1
       184   2.620637e+08  1.869297e+08  6.831220e+02   1903392   1
       185   1.661237e+08  1.869956e+08  6.872830e+02   1913757   1
       186   1.903607e+08  1.870806e+08  6.915460e+02   1924057   1
       187   2.821935e+08  1.870817e+08  6.957700e+02   1934640   1
       188   2.847407e+08  1.870865e+08  6.999370e+02   1944927   1
       189   2.570596e+08  1.870989e+08  7.042140e+02   1955384   1
       190   1.901010e+08  1.872000e+08  7.085260e+02   1965461   1
       191   2.461698e+08  1.873147e+08  7.127780e+02   1975597   1
       192   4.678545e+08  1.873874e+08  7.171650e+02   1985999   1
       193   2.222125e+08  1.876480e+08  7.215070e+02   1996435   1
       194   1.901531e+08  1.876538e+08  7.259580e+02   2006897   1
       195   1.841111e+08  1.880606e+08  7.345510e+02   2017386   1
       196   1.647967e+08  1.894943e+08  7.388920e+02   2027538   1
       197   7.339334e+08  1.907135e+08  7.431100e+02   2037877   1
       198   1.477633e+08  1.908844e+08  7.473870e+02   2047914   1
       199   2.227460e+08  1.911380e+08  7.516120e+02   2057859   1
       200   2.198870e+08  1.913134e+08  7.559160e+02   2068244   1
       201   3.116169e+08  1.914699e+08  7.602810e+02   2078676   1
       202   1.771858e+08  1.918441e+08  7.646070e+02   2088850   1
       203   3.033144e+08  1.921854e+08  7.690240e+02   2099214   1
       204   3.480073e+08  1.925291e+08  7.734160e+02   2109435   1
       205   3.058895e+08  1.925524e+08  7.778930e+02   2119851   1
       206   2.598744e+08  1.925755e+08  7.823560e+02   2130341   1
       207   3.062273e+08  1.926787e+08  7.867850e+02   2140338   1
       208   1.826699e+08  1.939710e+08  7.954820e+02   2150928   1
       209   3.644555e+08  1.944801e+08  7.998510e+02   2161587   1
       210   6.273827e+08  1.949035e+08  8.042300e+02   2172134   1
       211   2.184572e+08  1.949112e+08  8.087110e+02   2182730   1
       212   2.364074e+08  1.949330e+08  8.130920e+02   2193131   1
       213   1.707358e+08  1.949386e+08  8.175770e+02   2203711   1
       214   2.077832e+08  1.950922e+08  8.220310e+02   2214295   1
       215   2.053594e+08  1.950979e+08  8.265160e+02   2224695   1
       216   1.761300e+08  1.951036e+08  8.310520e+02   2235013   1
       217   2.503341e+08  1.951838e+08  8.356380e+02   2245334   1
       218   1.991709e+08  1.955525e+08  8.402280e+02   2255623   1
       219   3.481234e+08  1.956104e+08  8.489350e+02   2265806   1
       220   2.104654e+08  1.957319e+08  8.533810e+02   2276388   1
       221   1.780009e+08  1.958821e+08  8.578820e+02   2286531   1
       222   2.532252e+08  1.959146e+08  8.623500e+02   2296930   1
       223   1.499243e+08  1.959229e+08  8.668530e+02   2307126   1
       224   3.868664e+08  1.959413e+08  8.713730e+02   2317270   1
       225   1.735867e+08  1.959453e+08  8.759010e+02   2327583   1
       226   5.201420e+08  1.959737e+08  8.803850e+02   2337771   1
       227   2.689461e+08  1.961773e+08  8.849610e+02   2347947   1
       228   3.200654e+08  1.962157e+08  8.896100e+02   2358639   1
       229   2.270402e+08  1.966923e+08  8.942820e+02   2368993   1
       230   2.451461e+08  1.970565e+08  9.032600e+02   2379546   1
       231   3.977833e+08  1.970565e+08  9.077140e+02   2389496   1
       232   1.775317e+08  1.971750e+08  9.123510e+02   2399713   1
       233   2.567243e+08  1.977427e+08  9.169400e+02   2409901   1
       234   2.475020e+08  1.979648e+08  9.216180e+02   2420164   1
       235   3.347294e+08  1.979772e+08  9.262290e+02   2430788   1
       236   3.796458e+08  1.981330e+08  9.308560e+02   2440740   1
       237   2.425678e+08  1.981824e+08  9.355380e+02   2451053   1
       238   1.806241e+08  1.983250e+08  9.402310e+02   2461011   1
       239   4.102643e+08  1.983251e+08  9.450220e+02   2471328   1
       240   3.665528e+08  1.983516e+08  9.541980e+02   2481686   1
       241   3.562369e+08  1.984228e+08  9.588640e+02   2491572   1
       242   6.825794e+08  1.985050e+08  9.634700e+02   2501964   1
       243   2.523541e+08  1.985294e+08  9.681960e+02   2512399   1
       244   2.263735e+08  1.987035e+08  9.729710e+02   2522921   1
       245   1.850706e+08  1.994756e+08  9.776840e+02   2533244   1
       246   2.173547e+08  1.994756e+08  9.823430e+02   2543624   1
       247   3.572848e+08  1.994993e+08  9.869990e+02   2553623   1
       248   2.945498e+08  1.995522e+08  9.917660e+02   2563524   1
       249   1.677900e+08  1.996591e+08  9.966130e+02   2573650   1
       250   6.397761e+08  2.005992e+08  1.005767e+03   2583650   1
       251   1.782433e+08  2.007845e+08  1.010446e+03   2593778   1
       252   3.158575e+08  2.011788e+08  1.015164e+03   2603728   1
       253   2.433938e+08  2.011793e+08  1.020006e+03   2614234   1
       254   2.095269e+08  2.013894e+08  1.024690e+03   2623705   1
       255   2.613654e+08  2.016282e+08  1.029490e+03   2633782   1
       256   2.061915e+08  2.016750e+08  1.034481e+03   2644424   1
       257   1.951690e+08  2.018290e+08  1.039358e+03   2654839   1
       258   2.674465e+08  2.018315e+08  1.044244e+03   2664965   1
       259   2.039894e+08  2.020665e+08  1.049195e+03   2674919   1
       260   2.350922e+08  2.022644e+08  1.058675e+03   2685458   1
       261   2.971079e+08  2.025390e+08  1.063484e+03   2695827   1
       262   3.258774e+08  2.025432e+08  1.068316e+03   2706212   1
       263   3.257886e+08  2.041952e+08  1.073202e+03   2716814   1
       264   2.957596e+08  2.042299e+08  1.078115e+03   2726899   1
       265   2.593345e+08  2.042452e+08  1.083017e+03   2737229   1
       266   1.447894e+08  2.044902e+08  1.087932e+03   2747146   1
       267   2.270536e+08  2.045586e+08  1.092906e+03   2757560   1
       268   2.059260e+08  2.045836e+08  1.097857e+03   2767870   1
       269   2.304101e+08  2.045881e+08  1.102877e+03   2778077   1
       270   2.753751e+08  2.046891e+08  1.112515e+03   2788641   1
       271   3.937965e+08  2.046903e+08  1.117460e+03   2799434   1
       272   2.438964e+08  2.047004e+08  1.122483e+03   2810096   1
       273   2.579079e+08  2.057427e+08  1.127421e+03   2820152   1
       274   2.850566e+08  2.058496e+08  1.132372e+03   2830526   1
       275   2.230543e+08  2.058699e+08  1.137307e+03   2840665   1
       276   2.117395e+08  2.064265e+08  1.142315e+03   2851050   1
       277   3.051292e+08  2.064560e+08  1.147374e+03   2861663   1
       278   6.553760e+08  2.071604e+08  1.152459e+03   2872219   1
       279   2.112721e+08  2.071648e+08  1.157539e+03   2882345   1
       280   3.349245e+08  2.076535e+08  1.167468e+03   2892669   1
       281   3.218581e+08  2.076721e+08  1.172471e+03   2902949   1
       282   2.428569e+08  2.079657e+08  1.177456e+03   2913226   1
       283   3.154696e+08  2.079761e+08  1.182475e+03   2923785   1
       284   1.995175e+08  2.079987e+08  1.187507e+03   2933967   1
       285   1.723026e+08  2.083905e+08  1.192575e+03   2944291   1
       286   4.901001e+08  2.084107e+08  1.197517e+03   2954203   1
       287   2.793550e+08  2.088859e+08  1.202558e+03   2964446   1
       288   1.960232e+08  2.088976e+08  1.207717e+03   2975047   1
       289   2.276615e+08  2.096094e+08  1.212974e+03   2985514   1
       290   3.242122e+08  2.096214e+08  1.222909e+03   2996030   1
       291   3.633528e+08  2.096339e+08  1.227986e+03   3006340   1
       292   1.854252e+08  2.115433e+08  1.233041e+03   3016484   1
       293   4.328755e+08  2.117798e+08  1.238113e+03   3026845   1
       294   3.310474e+08  2.117930e+08  1.243210e+03   3037290   1
       295   3.464440e+08  2.117986e+08  1.248305e+03   3047623   1
       296   2.767056e+08  2.118570e+08  1.253487e+03   3057807   1
       297   1.901858e+08  2.118590e+08  1.258886e+03   3068155   1
       298   1.363658e+08  2.119312e+08  1.264182e+03   3078508   1
       299   1.654100e+08  2.120819e+08  1.269484e+03   3088657   1
       300   1.916464e+08  2.122816e+08  1.279745e+03   3098608   1
       301   4.179816e+08  2.122945e+08  1.284954e+03   3108883   1
       302   4.882949e+08  2.123881e+08  1.290132e+03   3119414   1
       303   2.232153e+08  2.125926e+08  1.295362e+03   3129882   1
       304   3.090067e+08  2.126430e+08  1.300502e+03   3139804   1
       305   1.333215e+08  2.130326e+08  1.305764e+03   3149983   1
       306   1.323088e+08  2.130782e+08  1.310955e+03   3159872   1
       307   2.518767e+08  2.130785e+08  1.316195e+03   3170178   1
       308   2.099076e+08  2.139295e+08  1.321629e+03   3180261   1
       309   2.787143e+08  2.139317e+08  1.326988e+03   3190548   1
       310   3.526215e+08  2.139326e+08  1.337438e+03   3201335   1
       311   1.882335e+08  2.142619e+08  1.342710e+03   3211400   1
       312   2.214678e+08  2.142829e+08  1.348063e+03   3222068   1
       313   3.101782e+08  2.142851e+08  1.353354e+03   3232298   1
       314   2.119903e+08  2.142995e+08  1.358723e+03   3242735   1
       315   2.007389e+08  2.144288e+08  1.364088e+03   3253025   1
       316   4.238109e+08  2.150924e+08  1.369487e+03   3263712   1
       317   1.694048e+08  2.153463e+08  1.374872e+03   3273807   1
       318   2.396753e+08  2.156103e+08  1.380345e+03   3284229   1
       319   2.607951e+08  2.161636e+08  1.385846e+03   3294647   1
       320   2.542626e+08  2.174373e+08  1.396809e+03   3305014   1
       321   2.608478e+08  2.174516e+08  1.402278e+03   3315681   1
       322   1.637584e+08  2.175989e+08  1.407646e+03   3326082   1
       323   2.312189e+08  2.177978e+08  1.413102e+03   3336372   1
       324   3.677350e+08  2.178027e+08  1.418523e+03   3346536   1
       325   6.087600e+08  2.178950e+08  1.423985e+03   3356796   1
       326   2.674816e+08  2.180874e+08  1.429465e+03   3367255   1
       327   2.200355e+08  2.182634e+08  1.434978e+03   3377903   1
       328   2.070834e+08  2.182725e+08  1.440581e+03   3388245   1
       329   2.973671e+08  2.185642e+08  1.446189e+03   3398827   1
       330   1.995182e+08  2.190017e+08  1.451813e+03   3409218   1
       331   1.579129e+08  2.190766e+08  1.462846e+03   3419267   1
       332   1.998972e+08  2.190930e+08  1.468379e+03   3429532   1
       333   2.102289e+08  2.190973e+08  1.473925e+03   3440189   1
       334   2.155828e+08  2.191020e+08  1.479430e+03   3450500   1
       335   1.958878e+08  2.192348e+08  1.484962e+03   3460907   1
       336   3.536709e+08  2.194171e+08  1.490380e+03   3471092   1
       337   2.260278e+08  2.199352e+08  1.495966e+03   3481496   1
       338   2.923672e+08  2.203789e+08  1.501574e+03   3491849   1
       339   3.010526e+08  2.208290e+08  1.507278e+03   3501853   1
       340   3.612184e+08  2.208445e+08  1.513054e+03   3512331   1
       341   3.143454e+08  2.208562e+08  1.524313e+03   3522489   1
       342   4.540472e+08  2.208975e+08  1.529823e+03   3532617   1
       343   1.723810e+08  2.209283e+08  1.535464e+03   3543001   1
       344   2.491504e+08  2.215363e+08  1.541038e+03   3553277   1
       345   4.898694e+08  2.215842e+08  1.546687e+03   3563699   1
       346   3.348383e+08  2.215866e+08  1.552405e+03   3573840   1
       347   2.681191e+08  2.220043e+08  1.558096e+03   3584304   1
       348   1.907806e+08  2.221420e+08  1.563731e+03   3594485   1
       349   2.004004e+08  2.224046e+08  1.569447e+03   3604781   1
       350   1.882985e+08  2.224211e+08  1.575290e+03   3615231   1
       351   1.594272e+08  2.231062e+08  1.581200e+03   3625881   1
       352   4.027393e+08  2.231626e+08  1.592663e+03   3636366   1
       353   4.965983e+08  2.232697e+08  1.598417e+03   3646739   1
       354   1.943183e+08  2.236400e+08  1.604152e+03   3657245   1
       355   2.340902e+08  2.239315e+08  1.609857e+03   3667804   1
       356   1.840874e+08  2.239394e+08  1.615569e+03   3677759   1
       357   9.055258e+08  2.239943e+08  1.621224e+03   3687896   1
       358   6.458364e+08  2.239992e+08  1.626902e+03   3698073   1
       359   3.741032e+08  2.240173e+08  1.632712e+03   3708596   1
       360   2.418235e+08  2.242019e+08  1.638586e+03   3718862   1
       361   2.069353e+08  2.245693e+08  1.644470e+03   3729271   1
       362   2.208572e+08  2.247587e+08  1.650418e+03   3739569   1
       363   2.346148e+08  2.248606e+08  1.662098e+03   3750076   1
       364   2.424210e+08  2.249780e+08  1.667762e+03   3760414   1
       365   4.326042e+08  2.250921e+08  1.673468e+03   3770784   1
       366   3.050310e+08  2.250924e+08  1.679302e+03   3781113   1
       367   2.298505e+08  2.254261e+08  1.685067e+03   3791262   1
       368   3.450109e+08  2.254294e+08  1.690779e+03   3801358   1
       369   1.730792e+08  2.254306e+08  1.696546e+03   3811126   1
       370   2.469860e+08  2.254362e+08  1.702390e+03   3821654   1
       371   3.121732e+08  2.254495e+08  1.708287e+03   3832121   1
       372   2.652731e+08  2.255725e+08  1.714259e+03   3842647   1
       373   2.139460e+08  2.255726e+08  1.720279e+03   3853242   1
       374   5.094453e+08  2.256556e+08  1.732026e+03   3863591   1
       375   2.228380e+08  2.256592e+08  1.737868e+03   3874221   1
       376   7.444276e+08  2.257296e+08  1.743651e+03   3884625   1
       377   5.612633e+08  2.257778e+08  1.749448e+03   3894857   1
       378   2.390963e+08  2.258790e+08  1.755308e+03   3905032   1
       379   2.967470e+08  2.261065e+08  1.761251e+03   3915547   1
       380   3.792216e+08  2.261066e+08  1.767101e+03   3926064   1
       381   1.944504e+08  2.261070e+08  1.772987e+03   3936334   1
       382   1.647481e+08  2.261107e+08  1.779033e+03   3946595   1
       383   3.307553e+08  2.261867e+08  1.785120e+03   3957044   1
       384   2.056840e+08  2.262068e+08  1.791273e+03   3967444   1
       385   2.170270e+08  2.265042e+08  1.803360e+03   3977925   1
       386   1.756591e+08  2.265085e+08  1.809237e+03   3987567   1
       387   2.347690e+08  2.265512e+08  1.815160e+03   3997866   1
       388   1.891390e+08  2.265564e+08  1.821082e+03   4008526   1
       389   3.980969e+08  2.265616e+08  1.826955e+03   4018690   1
       390   1.815590e+08  2.266011e+08  1.833007e+03   4028982   1
       391   1.710368e+08  2.269333e+08  1.838952e+03   4039258   1
       392   6.173813e+08  2.270471e+08  1.844882e+03   4049924   1
       393   1.844531e+08  2.271753e+08  1.850960e+03   4059925   1
       394   1.507290e+08  2.271779e+08  1.857078e+03   4069777   1
       395   1.842538e+08  2.272262e+08  1.863066e+03   4079222   1
       396   2.611204e+08  2.272304e+08  1.875420e+03   4089816   1
       397   3.535394e+08  2.274430e+08  1.881467e+03   4100458   1
       398   2.676958e+08  2.274534e+08  1.887430e+03   4110789   1
       399   2.505651e+08  2.275247e+08  1.893471e+03   4121072   1
       400   1.598014e+08  2.275600e+08  1.899558e+03   4131323   1
       401   4.483294e+08  2.275799e+08  1.905514e+03   4141457   1
       402   3.374140e+08  2.277520e+08  1.911528e+03   4151283   1
       403   2.964789e+08  2.279203e+08  1.917684e+03   4161633   1
       404   6.246591e+08  2.287435e+08  1.923741e+03   4172093   1
       405   2.233586e+08  2.288788e+08  1.930020e+03   4182566   1
       406   3.415123e+08  2.288801e+08  1.936263e+03   4192901   1
       407   2.119800e+08  2.289392e+08  1.949022e+03   4203514   1
       408   1.642305e+08  2.289392e+08  1.955192e+03   4213908   1
       409   2.198720e+08  2.289398e+08  1.961295e+03   4224341   1
       410   2.347625e+08  2.289405e+08  1.967414e+03   4234943   1
       411   2.103958e+08  2.289417e+08  1.973621e+03   4245621   1
       412   1.375791e+08  2.290072e+08  1.979768e+03   4255450   1
       413   2.319352e+08  2.290078e+08  1.985983e+03   4265815   1
       414   2.471475e+08  2.290384e+08  1.992237e+03   4276434   1
       415   3.188186e+08  2.292647e+08  1.998460e+03   4286786   1
       416   3.908786e+08  2.292764e+08  2.004750e+03   4297007   1
       417   3.356356e+08  2.292916e+08  2.011076e+03   4307390   1
       418   1.567224e+08  2.293000e+08  2.017596e+03   4317632   1
       419   1.705773e+08  2.293008e+08  2.030271e+03   4327959   1
       420   2.356210e+08  2.293269e+08  2.036578e+03   4338494   1
       421   1.590602e+08  2.294606e+08  2.042863e+03   4348907   1
       422   7.192969e+08  2.294682e+08  2.049037e+03   4358968   1
       423   1.982856e+08  2.294820e+08  2.055409e+03   4369692   1
       424   2.077240e+08  2.294849e+08  2.061686e+03   4380059   1
       425   1.936882e+08  2.295251e+08  2.067993e+03   4390665   1
       426   2.350532e+08  2.296152e+08  2.074354e+03   4401302   1
       427   1.993193e+08  2.300072e+08  2.080711e+03   4411548   1
       428   2.795855e+08  2.301833e+08  2.087189e+03   4422162   1
       429   4.470698e+08  2.303842e+08  2.093587e+03   4432510   1
       430   3.832537e+08  2.303863e+08  2.106659e+03   4443021   1
       431   2.381133e+08  2.303937e+08  2.113011e+03   4453722   1
       432   2.611791e+08  2.304832e+08  2.119331e+03   4463935   1
       433   2.410977e+08  2.304880e+08  2.125670e+03   4474175   1
       434   5.892651e+08  2.304925e+08  2.131934e+03   4484382   1
       435   1.776481e+08  2.305776e+08  2.138370e+03   4494625   1
       436   2.333871e+08  2.305950e+08  2.144864e+03   4505303   1
       437   1.743827e+08  2.305966e+08  2.151275e+03   4515168   1
       438   1.714212e+08  2.309279e+08  2.157675e+03   4525663   1
       439   1.996997e+08  2.311045e+08  2.164164e+03   4536049   1
       440   2.436460e+08  2.311914e+08  2.170730e+03   4546245   1
       441   3.159422e+08  2.314094e+08  2.177352e+03   4556795   1
       442   1.857962e+08  2.315334e+08  2.190633e+03   4567005   1
       443   2.836016e+08  2.316593e+08  2.197034e+03   4577632   1
       444   1.749605e+08  2.316596e+08  2.203412e+03   4587626   1
       445   1.485339e+08  2.317121e+08  2.209897e+03   4597879   1
       446   1.738343e+08  2.317348e+08  2.216350e+03   4608684   1
       447   2.067639e+08  2.317772e+08  2.222758e+03   4618967   1
       448   1.504479e+08  2.317947e+08  2.229238e+03   4629128   1
       449   2.207195e+08  2.319976e+08  2.235642e+03   4639664   1
       450   1.860844e+08  2.320966e+08  2.242152e+03   4650181   1
       451   2.183392e+08  2.321215e+08  2.248862e+03   4660788   1
       452   3.499308e+08  2.321298e+08  2.255518e+03   4671067   1
       453   3.003593e+08  2.321763e+08  2.262205e+03   4681467   1
       454   1.749692e+08  2.322402e+08  2.275825e+03   4691443   1
       455   2.475091e+08  2.322973e+08  2.282381e+03   4701803   1
       456   1.517852e+08  2.323145e+08  2.288886e+03   4711926   1
       457   5.268719e+08  2.323211e+08  2.295366e+03   4722239   1
       458   5.164544e+08  2.323423e+08  2.301946e+03   4732754   1
       459   4.298311e+08  2.323496e+08  2.308438e+03   4743140   1
       460   1.882191e+08  2.323584e+08  2.314969e+03   4753678   1
       461   5.307469e+08  2.324566e+08  2.321491e+03   4764052   1
       462   1.888179e+08  2.325066e+08  2.328207e+03   4774204   1
       463   2.507403e+08  2.326649e+08  2.334976e+03   4784667   1
       464   1.820889e+08  2.327458e+08  2.341752e+03   4794978   1
       465   3.334236e+08  2.327472e+08  2.348599e+03   4805350   1
       466   4.535236e+08  2.327505e+08  2.362305e+03   4815862   1
       467   1.548444e+08  2.327523e+08  2.369024e+03   4826011   1
       468   1.888524e+08  2.330689e+08  2.375704e+03   4836389   1
       469   4.079710e+08  2.330719e+08  2.382320e+03   4846966   1
       470   1.429049e+08  2.330765e+08  2.389059e+03   4857150   1
       471   2.333108e+08  2.331237e+08  2.395713e+03   4867444   1
       472   2.847443e+08  2.331264e+08  2.402447e+03   4877866   1
       473   5.663327e+08  2.332690e+08  2.409058e+03   4888234   1
       474   5.153304e+08  2.335018e+08  2.415746e+03   4898777   1
       475   2.672761e+08  2.341056e+08  2.422576e+03   4909225   1
       476   3.719400e+08  2.341063e+08  2.429447e+03   4919644   1
       477   2.626886e+08  2.342546e+08  2.436342e+03   4929997   1
       478   1.719618e+08  2.342904e+08  2.450259e+03   4940255   1
       479   2.005565e+08  2.344291e+08  2.456962e+03   4950765   1
       480   2.268921e+08  2.344334e+08  2.463679e+03   4961269   1
       481   3.999830e+08  2.345409e+08  2.470350e+03   4971602   1
       482   2.897577e+08  2.346446e+08  2.476953e+03   4981675   1
       483   2.859384e+08  2.354220e+08  2.483770e+03   4992297   1
       484   2.688575e+08  2.354224e+08  2.490556e+03   5002615   1
       485   2.253260e+08  2.355133e+08  2.497313e+03   5013152   1
       486   1.792986e+08  2.355324e+08  2.504121e+03   5023340   1
       487   1.955478e+08  2.357428e+08  2.511028e+03   5033587   1
       488   1.970380e+08  2.357586e+08  2.518025e+03   5043793   1
       489   2.387187e+08  2.357702e+08  2.525043e+03   5054248   1
       490   2.290704e+08  2.358568e+08  2.539319e+03   5064938   1
       491   2.700563e+08  2.358570e+08  2.546100e+03   5075087   1
       492   2.728239e+08  2.360048e+08  2.552910e+03   5085680   1
       493   2.358983e+08  2.360365e+08  2.559710e+03   5096119   1
       494   5.955252e+08  2.360373e+08  2.566527e+03   5106724   1
       495   2.017384e+08  2.360658e+08  2.573285e+03   5116626   1
       496   2.501669e+08  2.361216e+08  2.580234e+03   5127238   1
       497   2.409612e+08  2.361985e+08  2.587033e+03   5137524   1
       498   2.652419e+08  2.361989e+08  2.593906e+03   5147548   1
       499   4.238003e+08  2.362429e+08  2.600804e+03   5157815   1
       500   1.769217e+08  2.362437e+08  2.607855e+03   5167568   1
       501   2.249365e+08  2.362437e+08  2.615041e+03   5178160   1
       502   2.135043e+08  2.362464e+08  2.622338e+03   5188673   1
       503   2.405232e+08  2.364009e+08  2.636679e+03   5198629   1
       504   2.097412e+08  2.364135e+08  2.643590e+03   5208940   1
       505   2.970383e+08  2.364704e+08  2.650433e+03   5219012   1
       506   2.412964e+08  2.365342e+08  2.657402e+03   5229955   1
       507   2.476714e+08  2.365435e+08  2.664405e+03   5240251   1
       508   1.484060e+08  2.365667e+08  2.671413e+03   5250314   1
       509   3.907082e+08  2.365758e+08  2.678333e+03   5260901   1
       510   1.922729e+08  2.366920e+08  2.685327e+03   5271099   1
       511   4.114682e+08  2.366931e+08  2.692362e+03   5281574   1
       512   3.067167e+08  2.368757e+08  2.699481e+03   5292024   1
       513   2.503308e+08  2.369290e+08  2.706663e+03   5302206   1
       514   2.861319e+08  2.369319e+08  2.713798e+03   5312547   1
       515   1.637725e+08  2.369545e+08  2.728502e+03   5322959   1
       516   1.555242e+08  2.370057e+08  2.735411e+03   5332761   1
       517   2.595372e+08  2.370150e+08  2.742314e+03   5342965   1
       518   3.729678e+08  2.370159e+08  2.749288e+03   5353524   1
       519   2.035262e+08  2.370248e+08  2.756407e+03   5363996   1
       520   1.920335e+08  2.370466e+08  2.763485e+03   5374519   1
       521   2.736201e+08  2.370718e+08  2.770510e+03   5385199   1
       522   1.669525e+08  2.371064e+08  2.777626e+03   5395491   1
       523   2.161627e+08  2.371339e+08  2.784779e+03   5405832   1
       524   2.231024e+08  2.377524e+08  2.791998e+03   5416382   1
       525   2.096826e+08  2.377692e+08  2.799296e+03   5426762   1
       526   5.827066e+08  2.381169e+08  2.806481e+03   5437107   1
       527   2.801034e+08  2.382878e+08  2.813871e+03   5447566   1
       528   2.934139e+08  2.382980e+08  2.828734e+03   5458128   1
       529   2.327462e+08  2.383211e+08  2.835869e+03   5468640   1
       530   2.035198e+08  2.383364e+08  2.842933e+03   5479008   1
       531   1.759851e+08  2.383808e+08  2.850119e+03   5489366   1
       532   2.481116e+08  2.383911e+08  2.857282e+03   5499463   1
       533   1.992487e+08  2.385993e+08  2.864381e+03   5509909   1
       534   2.269953e+08  2.386165e+08  2.871409e+03   5519586   1
       535   3.516819e+08  2.386170e+08  2.878586e+03   5529884   1
       536   2.801771e+08  2.386447e+08  2.885761e+03   5540190   1
       537   6.679479e+08  2.386605e+08  2.892963e+03   5550645   1
       538   3.752889e+08  2.388412e+08  2.900332e+03   5561263   1
       539   3.533625e+08  2.388431e+08  2.907657e+03   5571933   1
       540   5.902873e+08  2.388680e+08  2.915007e+03   5581875   1
       541   3.898603e+08  2.390113e+08  2.930154e+03   5592224   1
       542   1.563957e+08  2.392788e+08  2.937446e+03   5602558   1
       543   2.195261e+08  2.394887e+08  2.944698e+03   5612949   1
       544   2.073998e+08  2.394887e+08  2.951977e+03   5623456   1
       545   2.294117e+08  2.394938e+08  2.959331e+03   5634045   1
       546   2.100619e+08  2.395538e+08  2.966623e+03   5644319   1
       547   1.576842e+08  2.395826e+08  2.973945e+03   5654270   1
       548   2.899044e+08  2.396014e+08  2.981232e+03   5664681   1
       549   3.257926e+08  2.396016e+08  2.988457e+03   5675277   1
       550   2.121582e+08  2.396064e+08  2.995815e+03   5685469   1
       551   2.805832e+08  2.398373e+08  3.003296e+03   5695951   1
       552   1.701886e+08  2.398671e+08  3.010748e+03   5706249   1
       553   2.037705e+08  2.400956e+08  3.018297e+03   5715908   1
       554   5.098212e+08  2.403322e+08  3.033679e+03   5726383   1
       555   1.557448e+08  2.403615e+08  3.041068e+03   5736627   1
       556   1.776318e+08  2.403615e+08  3.048360e+03   5746586   1
       557   2.095007e+08  2.403803e+08  3.055709e+03   5756670   1
       558   4.745598e+08  2.403861e+08  3.063095e+03   5767032   1
       559   2.174227e+08  2.404283e+08  3.070642e+03   5777272   1
       560   1.839523e+08  2.405114e+08  3.078044e+03   5787513   1
       561   2.229559e+08  2.405132e+08  3.085507e+03   5797584   1
       562   4.128813e+08  2.405145e+08  3.092988e+03   5807648   1
       563   3.070015e+08  2.405210e+08  3.100422e+03   5817810   1
       564   2.637201e+08  2.405239e+08  3.108029e+03   5827918   1
       565   1.542285e+08  2.405666e+08  3.115740e+03   5838287   1
       566   2.338255e+08  2.408472e+08  3.123532e+03   5848913   1
       567   2.251863e+08  2.408489e+08  3.139095e+03   5859393   1
       568   4.619845e+08  2.408974e+08  3.146463e+03   5869880   1
       569   4.620884e+08  2.413440e+08  3.153830e+03   5880119   1
       570   3.882432e+08  2.413935e+08  3.161297e+03   5890021   1
       571   1.766784e+08  2.415378e+08  3.168803e+03   5900205   1
       572   2.052830e+08  2.415779e+08  3.176331e+03   5910653   1
       573   2.059803e+08  2.418217e+08  3.183863e+03   5920870   1
       574   2.366142e+08  2.418237e+08  3.191353e+03   5931189   1
       575   2.396681e+08  2.418283e+08  3.198869e+03   5941663   1
       576   2.604713e+08  2.419097e+08  3.206450e+03   5952120   1
       577   2.288283e+08  2.420640e+08  3.214067e+03   5962410   1
       578   3.375508e+08  2.421045e+08  3.221807e+03   5972654   1
       579   2.517267e+08  2.421068e+08  3.229648e+03   5983134   1
       580   4.844107e+08  2.421188e+08  3.245622e+03   5993390   1
       581   1.998959e+08  2.421205e+08  3.253256e+03   6003860   1
       582   3.248272e+08  2.421213e+08  3.260775e+03   6014405   1
       583   5.833063e+08  2.421262e+08  3.268221e+03   6024942   1
       584   1.804604e+08  2.421282e+08  3.275826e+03   6035530   1
       585   2.391121e+08  2.422716e+08  3.283536e+03   6045950   1
       586   3.709102e+08  2.422828e+08  3.291140e+03   6056508   1
       587   2.320772e+08  2.423005e+08  3.298735e+03   6067013   1
       588   2.542450e+08  2.423013e+08  3.306344e+03   6077452   1
       589   2.440169e+08  2.423082e+08  3.313951e+03   6087090   1
       590   3.638547e+08  2.424740e+08  3.321760e+03   6097732   1
       591   4.902634e+08  2.424773e+08  3.329591e+03   6108205   1
       592   2.709393e+08  2.425943e+08  3.337488e+03   6118211   1
       593   2.935898e+08  2.426760e+08  3.353897e+03   6128466   1
       594   2.551414e+08  2.426796e+08  3.361496e+03   6138918   1
       595   2.504408e+08  2.427312e+08  3.369163e+03   6149031   1
       596   5.806944e+08  2.431100e+08  3.376728e+03   6159176   1
       597   3.646035e+08  2.434649e+08  3.384432e+03   6169599   1
       598   3.680579e+08  2.436246e+08  3.392053e+03   6179623   1
       599   1.520887e+08  2.436272e+08  3.399858e+03   6189475   1
       600   2.442508e+08  2.436544e+08  3.407614e+03   6199969   1
       601   1.811281e+08  2.436804e+08  3.415468e+03   6209960   1
       602   1.632091e+08  2.436856e+08  3.423234e+03   6220291   1
       603   2.054703e+08  2.436882e+08  3.431102e+03   6230557   1
       604   2.652389e+08  2.436888e+08  3.439083e+03   6241235   1
       605   2.296357e+08  2.437242e+08  3.447103e+03   6251574   1
       606   1.392461e+08  2.437334e+08  3.455187e+03   6261496   1
       607   3.305432e+08  2.437593e+08  3.471638e+03   6272148   1
       608   3.379124e+08  2.437645e+08  3.479349e+03   6282829   1
       609   7.319431e+08  2.437682e+08  3.487102e+03   6292983   1
       610   2.230803e+08  2.437683e+08  3.494916e+03   6303364   1
       611   6.094544e+08  2.437902e+08  3.502633e+03   6313803   1
       612   2.013097e+08  2.438408e+08  3.510514e+03   6323899   1
       613   2.442772e+08  2.438453e+08  3.518438e+03   6334438   1
       614   3.324341e+08  2.438867e+08  3.526204e+03   6344191   1
       615   1.878942e+08  2.438869e+08  3.534218e+03   6354684   1
       616   2.202689e+08  2.438902e+08  3.542204e+03   6365148   1
       617   2.337423e+08  2.438972e+08  3.550240e+03   6375762   1
       618   1.865139e+08  2.438973e+08  3.558379e+03   6385802   1
       619   2.857388e+08  2.438994e+08  3.566500e+03   6395958   1
       620   1.935409e+08  2.439307e+08  3.583536e+03   6406567   1
       621   3.741868e+08  2.439332e+08  3.591443e+03   6416670   1
       622   2.303962e+08  2.439363e+08  3.599314e+03   6427129   1
       623   2.478435e+08  2.439583e+08  3.607185e+03   6437643   1
       624   2.215856e+08  2.440407e+08  3.615108e+03   6448038   1
       625   2.360844e+08  2.440595e+08  3.623048e+03   6458348   1
       626   2.651969e+08  2.440709e+08  3.631028e+03   6468846   1
       627   2.333294e+08  2.440994e+08  3.638988e+03   6479321   1
       628   1.630241e+08  2.442136e+08  3.646898e+03   6489623   1
       629   6.642525e+08  2.442150e+08  3.654840e+03   6500034   1
       630   2.189500e+08  2.442161e+08  3.662884e+03   6510527   1
       631   3.092830e+08  2.442222e+08  3.670934e+03   6520516   1
       632   1.950884e+08  2.442224e+08  3.679153e+03   6531192   1
       633   2.463843e+08  2.443147e+08  3.687407e+03   6541607   1
       634   6.334803e+08  2.445126e+08  3.704622e+03   6552371   1
       635   1.844017e+08  2.445157e+08  3.712774e+03   6562944   1
       636   2.099973e+08  2.445474e+08  3.720717e+03   6573034   1
       637   2.673345e+08  2.445641e+08  3.728841e+03   6583078   1
       638   4.782742e+08  2.445738e+08  3.736897e+03   6593229   1
       639   3.011044e+08  2.446578e+08  3.744932e+03   6603059   1
       640   2.302716e+08  2.446602e+08  3.753123e+03   6613484   1
       641   4.260667e+08  2.446650e+08  3.761173e+03   6623763   1
       642   2.156960e+08  2.447018e+08  3.769277e+03   6634219   1
       643   3.316905e+08  2.447070e+08  3.777443e+03   6644469   1
       644   2.279321e+08  2.447611e+08  3.785553e+03   6654578   1
       645   2.892967e+08  2.448767e+08  3.793857e+03   6665029   1
       646   5.186607e+08  2.448989e+08  3.802021e+03   6675450   1
       647   1.957538e+08  2.449762e+08  3.810509e+03   6685464   1
       648   2.047378e+08  2.450387e+08  3.827749e+03   6695435   1
       649   7.002884e+08  2.450390e+08  3.835750e+03   6705832   1
       650   2.446080e+08  2.450513e+08  3.843897e+03   6716113   1
       651   2.761491e+08  2.451274e+08  3.852095e+03   6726524   1
       652   1.770314e+08  2.451299e+08  3.860371e+03   6736714   1
       653   2.351702e+08  2.452313e+08  3.868591e+03   6747157   1
       654   2.494680e+08  2.452354e+08  3.876725e+03   6756766   1
       655   5.711550e+08  2.452495e+08  3.884920e+03   6767160   1
       656   1.045239e+09  2.452504e+08  3.892946e+03   6777497   1
       657   2.580311e+08  2.452798e+08  3.901162e+03   6788019   1
       658   3.523396e+08  2.452813e+08  3.909434e+03   6798351   1
       659   2.740963e+08  2.452834e+08  3.917848e+03   6808963   1
       660   2.126189e+08  2.453606e+08  3.926275e+03   6819349   1
       661   2.962941e+08  2.453631e+08  3.934731e+03   6829765   1
       662   2.970189e+08  2.453635e+08  3.943403e+03   6840554   1
       663   1.987121e+08  2.453638e+08  3.960940e+03   6850982   1
       664   2.478360e+08  2.453650e+08  3.969247e+03   6861232   1
       665   1.838779e+08  2.453698e+08  3.977467e+03   6871727   1
       666   2.283548e+08  2.453703e+08  3.985754e+03   6882132   1
       667   3.014247e+08  2.454028e+08  3.994102e+03   6892210   1
       668   2.727332e+08  2.455449e+08  4.002340e+03   6902716   1
       669   1.616070e+08  2.455451e+08  4.010822e+03   6912901   1
       670   2.121783e+08  2.455562e+08  4.019157e+03   6923239   1
       671   2.832948e+08  2.456848e+08  4.027440e+03   6933756   1
       672   2.082133e+08  2.456859e+08  4.035786e+03   6944308   1
       673   3.016383e+08  2.456894e+08  4.044125e+03   6954259   1
       674   2.226033e+08  2.457615e+08  4.052614e+03   6964178   1
       675   1.949351e+08  2.457626e+08  4.061251e+03   6974690   1
       676   2.374506e+08  2.457754e+08  4.069944e+03   6985249   1
       677   2.101420e+08  2.457771e+08  4.087645e+03   6995760   1
       678   2.261784e+08  2.457830e+08  4.095856e+03   7006084   1
       679   3.077466e+08  2.458585e+08  4.104235e+03   7016570   1
       680   4.073294e+08  2.460512e+08  4.112653e+03   7026942   1
       681   3.548705e+08  2.461291e+08  4.121005e+03   7037310   1
       682   1.978232e+08  2.461300e+08  4.129449e+03   7047896   1
       683   3.503999e+08  2.462162e+08  4.137756e+03   7057997   1
       684   2.242323e+08  2.464789e+08  4.146222e+03   7068339   1
       685   2.025096e+08  2.464801e+08  4.154679e+03   7078819   1
       686   2.973084e+08  2.464814e+08  4.163200e+03   7089051   1
       687   6.721433e+08  2.464854e+08  4.171631e+03   7099263   1
       688   1.771787e+08  2.465269e+08  4.180380e+03   7109763   1
       689   1.791903e+08  2.465403e+08  4.189074e+03   7120147   1
       690   1.953534e+08  2.470103e+08  4.197872e+03   7130712   1
       691   2.861603e+08  2.471855e+08  4.216104e+03   7141345   1
       692   4.148938e+08  2.471855e+08  4.224489e+03   7151702   1
       693   2.155566e+08  2.471928e+08  4.233043e+03   7162196   1
       694   2.490998e+08  2.472047e+08  4.241487e+03   7172564   1
       695   2.085872e+08  2.473137e+08  4.249933e+03   7183043   1
       696   2.195611e+08  2.473537e+08  4.258381e+03   7193276   1
       697   2.839392e+08  2.473657e+08  4.266829e+03   7203525   1
       698   2.240174e+08  2.473668e+08  4.275376e+03   7213679   1
       699   2.247068e+08  2.473906e+08  4.283946e+03   7223916   1
       700   2.598481e+08  2.474390e+08  4.292460e+03   7234099   1
       701   2.241129e+08  2.474432e+08  4.301113e+03   7244558   1
       702   2.021620e+08  2.474551e+08  4.309797e+03   7254866   1
       703   2.024136e+08  2.474652e+08  4.318501e+03   7265363   1
       704   1.892445e+08  2.475553e+08  4.327314e+03   7275901   1
       705   1.785683e+08  2.475553e+08  4.336177e+03   7286047   1
       706   1.687254e+08  2.475578e+08  4.354645e+03   7296439   1
       707   2.118298e+08  2.476010e+08  4.363302e+03   7306834   1
       708   1.672761e+08  2.476050e+08  4.371821e+03   7316633   1
       709   3.771942e+08  2.476390e+08  4.380337e+03   7326772   1
       710   2.122878e+08  2.476818e+08  4.388947e+03   7337082   1
       711   1.782835e+08  2.477122e+08  4.397581e+03   7347634   1
       712   2.082377e+08  2.477337e+08  4.406292e+03   7357989   1
       713   2.483992e+08  2.477967e+08  4.415029e+03   7368450   1
       714   2.955284e+08  2.478404e+08  4.423742e+03   7378805   1
       715   2.899987e+08  2.478423e+08  4.432520e+03   7389583   1
       716   1.971836e+08  2.478584e+08  4.441562e+03   7399869   1
       717   2.848020e+08  2.478592e+08  4.450821e+03   7409987   1
       718   2.790976e+08  2.478597e+08  4.460126e+03   7420556   1
       719   3.503295e+08  2.478625e+08  4.469289e+03   7431040   1
       720   2.292672e+08  2.478653e+08  4.488345e+03   7441446   1
       721   1.440289e+08  2.478735e+08  4.497059e+03   7451698   1
       722   2.845488e+08  2.479925e+08  4.505737e+03   7461721   1
       723   2.377966e+08  2.481340e+08  4.514428e+03   7472336   1
       724   2.892947e+08  2.482159e+08  4.523173e+03   7482734   1
       725   2.145109e+08  2.482159e+08  4.532004e+03   7492937   1
       726   2.643984e+08  2.483361e+08  4.540794e+03   7503371   1
       727   3.347672e+08  2.483361e+08  4.549554e+03   7514061   1
       728   3.455667e+08  2.483378e+08  4.558198e+03   7524647   1
       729   2.674350e+08  2.483480e+08  4.567040e+03   7535141   1
       730   4.802659e+08  2.483708e+08  4.575955e+03   7545487   1
       731   2.076323e+08  2.484526e+08  4.584821e+03   7555652   1
       732   2.292714e+08  2.484572e+08  4.593895e+03   7566027   1
       733   2.368450e+08  2.484608e+08  4.602978e+03   7576465   1
       734   2.066614e+08  2.484617e+08  4.612155e+03   7586730   1
       735   2.583070e+08  2.484617e+08  4.631312e+03   7597354   1
       736   1.582000e+08  2.484647e+08  4.640071e+03   7607600   1
       737   5.243852e+08  2.484724e+08  4.648846e+03   7617993   1
       738   2.107421e+08  2.484861e+08  4.657795e+03   7628203   1
       739   2.587727e+08  2.484864e+08  4.666748e+03   7638885   1
       740   7.528724e+08  2.485050e+08  4.675414e+03   7649186   1
       741   1.908090e+08  2.485054e+08  4.684311e+03   7659421   1
       742   1.811972e+08  2.487041e+08  4.693356e+03   7669751   1
       743   1.661934e+08  2.488087e+08  4.702336e+03   7679943   1
       744   1.948167e+08  2.488185e+08  4.711419e+03   7690349   1
       745   2.067107e+08  2.488261e+08  4.720436e+03   7700696   1
       746   2.791460e+08  2.488287e+08  4.729351e+03   7710817   1
       747   2.053502e+08  2.492336e+08  4.738479e+03   7721667   1
       748   2.879661e+08  2.492509e+08  4.747559e+03   7732114   1
       749   2.846967e+08  2.492596e+08  4.756838e+03   7741996   1
       750   3.916669e+08  2.492687e+08  4.765987e+03   7752271   1
       751   2.681882e+08  2.492860e+08  4.785377e+03   7762048   1
       752   5.822841e+08  2.493681e+08  4.794253e+03   7772229   1
       753   2.430241e+08  2.493823e+08  4.803328e+03   7782673   1
       754   2.404639e+08  2.493847e+08  4.812316e+03   7793175   1
       755   1.975310e+08  2.494425e+08  4.821403e+03   7802898   1
       756   4.884060e+08  2.494549e+08  4.830341e+03   7813070   1
       757   4.568916e+08  2.494660e+08  4.839324e+03   7823545   1
       758   2.646507e+08  2.496200e+08  4.848421e+03   7833952   1
       759   2.858890e+08  2.496972e+08  4.857535e+03   7844423   1
       760   2.280271e+08  2.497021e+08  4.866594e+03   7855087   1
       761   3.807528e+08  2.497115e+08  4.875678e+03   7865264   1
       762   1.869054e+08  2.497213e+08  4.885014e+03   7875278   1
       763   2.493073e+08  2.497328e+08  4.894361e+03   7885794   1
       764   1.562714e+08  2.497560e+08  4.903712e+03   7895808   1
       765   2.658029e+08  2.498119e+08  4.912978e+03   7905933   1
       766   4.867899e+08  2.498365e+08  4.932640e+03   7916183   1
       767   2.349051e+08  2.498464e+08  4.941728e+03   7926418   1
       768   2.043724e+08  2.498484e+08  4.950914e+03   7936537   1
       769   2.964399e+08  2.498530e+08  4.960080e+03   7946889   1
       770   2.786320e+08  2.498615e+08  4.969149e+03   7957515   1
       771   2.261634e+08  2.498621e+08  4.978309e+03   7967647   1
       772   2.917137e+08  2.499740e+08  4.987486e+03   7977955   1
       773   3.841635e+08  2.502401e+08  4.996730e+03   7988383   1
       774   4.688078e+08  2.504441e+08  5.005752e+03   7998797   1
       775   2.519642e+08  2.504445e+08  5.015105e+03   8009164   1
       776   2.063532e+08  2.504816e+08  5.024454e+03   8019205   1
       777   2.191479e+08  2.504861e+08  5.033897e+03   8029578   1
       778   2.507016e+08  2.504956e+08  5.043294e+03   8040091   1
       779   2.159932e+08  2.505035e+08  5.052793e+03   8050420   1
       780   3.003821e+08  2.505064e+08  5.062282e+03   8060439   1
       781   1.965715e+08  2.505070e+08  5.082655e+03   8070850   1
       782   1.801850e+08  2.505073e+08  5.091959e+03   8081276   1
       783   1.957499e+08  2.506723e+08  5.101215e+03   8091260   1
       784   2.456604e+08  2.506883e+08  5.110402e+03   8101810   1
       785   1.966626e+08  2.506899e+08  5.119696e+03   8111906   1
       786   1.788962e+08  2.507680e+08  5.129016e+03   8122185   1
       787   2.526002e+08  2.507705e+08  5.138292e+03   8132800   1
       788   2.755661e+08  2.507712e+08  5.147543e+03   8143266   1
       789   2.196539e+08  2.507728e+08  5.156961e+03   8153547   1
       790   2.087406e+08  2.508036e+08  5.166273e+03   8163767   1
       791   3.752335e+08  2.508039e+08  5.175541e+03   8174488   1
       792   2.049828e+08  2.508219e+08  5.185002e+03   8185206   1
       793   2.952414e+08  2.508587e+08  5.194402e+03   8195895   1
       794   2.081396e+08  2.508684e+08  5.204009e+03   8206761   1
       795   1.749736e+08  2.509410e+08  5.213586e+03   8217210   1
       796   2.287138e+08  2.510010e+08  5.223244e+03   8227615   1
       797   2.656913e+08  2.511119e+08  5.243903e+03   8237965   1
       798   1.527925e+08  2.511119e+08  5.253406e+03   8248044   1
       799   1.783663e+08  2.511585e+08  5.262893e+03   8258379   1
       800   3.043911e+08  2.511588e+08  5.272313e+03   8268652   1
       801   7.223566e+08  2.511623e+08  5.281698e+03   8278784   1
       802   2.145830e+08  2.511642e+08  5.291062e+03   8289018   1
       803   1.990674e+08  2.512226e+08  5.300603e+03   8299003   1
       804   2.016092e+08  2.512250e+08  5.310003e+03   8309467   1
       805   2.203592e+08  2.513818e+08  5.319508e+03   8320064   1
       806   1.892264e+08  2.514675e+08  5.329017e+03   8330045   1
       807   2.065618e+08  2.516462e+08  5.338601e+03   8340529   1
       808   4.043698e+08  2.517011e+08  5.348012e+03   8351118   1
       809   1.459190e+08  2.517163e+08  5.357688e+03   8361321   1
       810   1.707650e+08  2.517261e+08  5.367357e+03   8371745   1
       811   2.668874e+08  2.517474e+08  5.377093e+03   8381992   1
       812   4.563513e+08  2.517493e+08  5.386859e+03   8392484   1
       813   2.367005e+08  2.517868e+08  5.407845e+03   8402788   1
       814   5.883508e+08  2.519261e+08  5.417144e+03   8412996   1
       815   2.966521e+08  2.519447e+08  5.426677e+03   8423236   1
       816   2.335705e+08  2.520134e+08  5.436107e+03   8433000   1
       817   2.615482e+08  2.520205e+08  5.445665e+03   8443588   1
       818   1.984957e+08  2.522770e+08  5.455223e+03   8454079   1
       819   2.669240e+08  2.522803e+08  5.464742e+03   8464696   1
       820   2.443056e+08  2.522888e+08  5.474199e+03   8475103   1
       821   1.855791e+08  2.522925e+08  5.483804e+03   8485041   1
       822   2.224684e+08  2.522993e+08  5.493624e+03   8495051   1
       823   2.586166e+08  2.523657e+08  5.503255e+03   8505449   1
       824   1.838428e+08  2.523826e+08  5.512916e+03   8515754   1
       825   2.770230e+08  2.524583e+08  5.522678e+03   8526259   1
       826   5.421226e+08  2.524768e+08  5.532446e+03   8536636   1
       827   2.045231e+08  2.525444e+08  5.542424e+03   8546836   1
       828   2.607303e+08  2.525561e+08  5.552418e+03   8557130   1
       829   1.867543e+08  2.525759e+08  5.562377e+03   8567554   1
       830   2.702055e+08  2.528924e+08  5.583343e+03   8578139   1
       831   4.343128e+08  2.529048e+08  5.592936e+03   8588685   1
       832   2.692903e+08  2.529481e+08  5.602776e+03   8599136   1
       833   2.144440e+08  2.532237e+08  5.612331e+03   8609392   1
       834   2.362720e+08  2.532319e+08  5.621983e+03   8619324   1
       835   2.928192e+08  2.532921e+08  5.631757e+03   8629905   1
       836   3.525292e+08  2.532932e+08  5.641542e+03   8640092   1
       837   2.351238e+08  2.533035e+08  5.651439e+03   8650578   1
       838   2.144418e+08  2.533143e+08  5.661109e+03   8660789   1
       839   1.776640e+08  2.533234e+08  5.670909e+03   8671039   1
       840   1.540717e+08  2.533355e+08  5.680743e+03   8680882   1
       841   1.551693e+08  2.533503e+08  5.690560e+03   8691380   1
       842   1.550061e+08  2.533573e+08  5.700404e+03   8701200   1
       843   1.632662e+08  2.533599e+08  5.710444e+03   8711344   1
       844   5.008220e+08  2.533672e+08  5.720548e+03   8721620   1
       845   2.899766e+08  2.533681e+08  5.730497e+03   8732085   1
       846   2.467022e+08  2.533770e+08  5.751924e+03   8742457   1
       847   1.668554e+08  2.534638e+08  5.761755e+03   8752840   1
       848   2.154654e+08  2.534877e+08  5.771434e+03   8763022   1
       849   3.028838e+08  2.534890e+08  5.781329e+03   8773471   1
       850   1.435384e+08  2.535645e+08  5.791216e+03   8783846   1
       851   1.984625e+08  2.535652e+08  5.801074e+03   8794271   1
       852   2.007395e+08  2.535686e+08  5.810904e+03   8804424   1
       853   2.374848e+08  2.535913e+08  5.820834e+03   8815003   1
       854   2.590794e+08  2.535942e+08  5.830747e+03   8825433   1
       855   2.392029e+08  2.536025e+08  5.840694e+03   8835658   1
       856   3.425903e+08  2.536027e+08  5.850540e+03   8846120   1
       857   2.545515e+08  2.536211e+08  5.860427e+03   8856718   1
       858   1.691902e+08  2.536262e+08  5.870644e+03   8867367   1
       859   2.196872e+08  2.536514e+08  5.880643e+03   8877658   1
       860   2.857850e+08  2.536598e+08  5.890747e+03   8887909   1
       861   1.625047e+08  2.536891e+08  5.901004e+03   8898379   1
       862   3.293977e+08  2.536979e+08  5.922960e+03   8908961   1
       863   2.052299e+08  2.537001e+08  5.932927e+03   8919253   1
       864   2.405825e+08  2.537060e+08  5.942938e+03   8929514   1
       865   2.317857e+08  2.537840e+08  5.952896e+03   8940053   1
       866   1.546947e+08  2.538293e+08  5.962933e+03   8950248   1
       867   5.363900e+08  2.538344e+08  5.972911e+03   8960632   1
       868   1.969559e+08  2.538567e+08  5.982927e+03   8971087   1
       869   3.375301e+08  2.539754e+08  5.992907e+03   8981624   1
       870   2.991655e+08  2.539805e+08  6.002852e+03   8991821   1
       871   2.742864e+08  2.540432e+08  6.012896e+03   9002255   1
       872   2.189812e+08  2.540434e+08  6.022961e+03   9012675   1
       873   4.044153e+08  2.540435e+08  6.033008e+03   9022617   1
       874   1.721355e+08  2.540443e+08  6.043153e+03   9033131   1
       875   2.781094e+08  2.542781e+08  6.053439e+03   9043508   1
       876   2.400433e+08  2.542942e+08  6.063690e+03   9053550   1
       877   1.911508e+08  2.543300e+08  6.073947e+03   9063446   1
       878   3.292398e+08  2.543336e+08  6.084369e+03   9074009   1
       879   2.115857e+08  2.543395e+08  6.106453e+03   9084083   1
       880   2.083690e+08  2.543474e+08  6.116501e+03   9094340   1
       881   2.015659e+08  2.543501e+08  6.126475e+03   9104592   1
       882   5.271623e+08  2.543617e+08  6.136649e+03   9114439   1
       883   4.153004e+08  2.544041e+08  6.146720e+03   9124830   1
       884   5.179498e+08  2.544055e+08  6.156794e+03   9134628   1
       885   2.468137e+08  2.544374e+08  6.166951e+03   9144999   1
       886   2.583943e+08  2.544401e+08  6.176991e+03   9155902   1
       887   1.655159e+08  2.544407e+08  6.187103e+03   9166186   1
       888   1.687276e+08  2.544454e+08  6.197374e+03   9175885   1
       889   3.420351e+08  2.544558e+08  6.207592e+03   9186590   1
       890   3.364089e+08  2.544657e+08  6.217719e+03   9196469   1
       891   2.798014e+08  2.545617e+08  6.227979e+03   9206590   1
       892   2.134171e+08  2.548256e+08  6.238427e+03   9216930   1
       893   1.999289e+08  2.548634e+08  6.248772e+03   9227242   1
       894   3.026418e+08  2.549001e+08  6.259227e+03   9237897   1
       895   2.720487e+08  2.549006e+08  6.269928e+03   9248346   1
       896   2.083435e+08  2.549838e+08  6.292446e+03   9258896   1
       897   1.997865e+08  2.549867e+08  6.302747e+03   9269364   1
       898   2.440759e+08  2.551280e+08  6.312940e+03   9279845   1
       899   2.040980e+08  2.551285e+08  6.323323e+03   9290302   1
       900   3.626070e+08  2.551328e+08  6.333587e+03   9300681   1
       901   2.979951e+08  2.551517e+08  6.343763e+03   9310950   1
       902   2.376771e+08  2.551527e+08  6.354023e+03   9321551   1
       903   1.929520e+08  2.551531e+08  6.364268e+03   9332199   1
       904   1.345975e+08  2.552400e+08  6.374518e+03   9341678   1
       905   2.692890e+08  2.553321e+08  6.384871e+03   9351690   1
       906   2.233804e+08  2.553330e+08  6.395172e+03   9362253   1
       907   2.785466e+08  2.553414e+08  6.405417e+03   9372679   1
       908   1.460461e+08  2.553424e+08  6.415778e+03   9383041   1
       909   2.575450e+08  2.553764e+08  6.426136e+03   9393458   1
       910   1.543798e+08  2.553789e+08  6.436772e+03   9403771   1
       911   2.837129e+08  2.555000e+08  6.447379e+03   9414174   1
       912   1.661963e+08  2.555634e+08  6.458135e+03   9424160   1
       913   2.332478e+08  2.555816e+08  6.481064e+03   9434412   1
       914   2.085639e+08  2.555878e+08  6.491345e+03   9444783   1
       915   2.514366e+08  2.555879e+08  6.501715e+03   9455222   1
       916   1.965259e+08  2.556678e+08  6.512185e+03   9465234   1
       917   2.136396e+08  2.556714e+08  6.522585e+03   9475769   1
       918   3.439376e+08  2.557477e+08  6.532839e+03   9486297   1
       919   2.625187e+08  2.558481e+08  6.543192e+03   9496325   1
       920   3.089428e+08  2.559906e+08  6.553507e+03   9506908   1
       921   1.974286e+08  2.560009e+08  6.563977e+03   9517528   1
       922   1.859207e+08  2.560410e+08  6.574440e+03   9527689   1
       923   2.024882e+08  2.560491e+08  6.584836e+03   9538393   1
       924   4.399367e+08  2.560598e+08  6.595136e+03   9548851   1
       925   2.484695e+08  2.560600e+08  6.605626e+03   9559352   1
       926   1.873850e+08  2.560601e+08  6.616413e+03   9569665   1
       927   2.476263e+08  2.561323e+08  6.627058e+03   9579564   1
       928   1.648589e+08  2.561781e+08  6.637735e+03   9589988   1
       929   2.578059e+08  2.561784e+08  6.648469e+03   9600730   1
       930   2.016536e+08  2.561786e+08  6.671772e+03   9611046   1
       931   2.365920e+08  2.562156e+08  6.682424e+03   9621400   1
       932   2.003898e+08  2.562217e+08  6.692996e+03   9631789   1
       933   2.337240e+08  2.562234e+08  6.703660e+03   9642378   1
       934   1.788617e+08  2.562490e+08  6.714229e+03   9652905   1
       935   2.857904e+08  2.562495e+08  6.724811e+03   9663463   1
       936   1.796343e+08  2.562850e+08  6.735335e+03   9673649   1
       937   6.374506e+08  2.562853e+08  6.745838e+03   9683842   1
       938   2.010539e+08  2.562877e+08  6.756809e+03   9694055   1
       939   2.984821e+08  2.562952e+08  6.767417e+03   9704270   1
       940   1.769977e+08  2.562970e+08  6.778058e+03   9714917   1
       941   2.033995e+08  2.562988e+08  6.788775e+03   9725214   1
       942   2.992403e+08  2.563029e+08  6.799415e+03   9735273   1
       943   1.861630e+08  2.563120e+08  6.810153e+03   9745969   1
       944   2.487166e+08  2.563154e+08  6.820974e+03   9756549   1
       945   2.688911e+08  2.563154e+08  6.831902e+03   9767240   1
       946   2.671046e+08  2.563225e+08  6.842816e+03   9777561   1
       947   2.603024e+08  2.563228e+08  6.853739e+03   9788166   1
       948   2.869807e+08  2.563524e+08  6.877108e+03   9798423   1
       949   2.217068e+08  2.563565e+08  6.887771e+03   9808686   1
       950   3.223497e+08  2.563566e+08  6.898356e+03   9819031   1
       951   2.162382e+08  2.564016e+08  6.909175e+03   9829107   1
       952   5.258319e+08  2.564058e+08  6.919978e+03   9839440   1
       953   1.188049e+08  2.564816e+08  6.930909e+03   9849036   1
       954   2.677128e+08  2.565030e+08  6.941772e+03   9859321   1
       955   1.829368e+08  2.565316e+08  6.952598e+03   9869680   1
       956   1.574986e+08  2.565335e+08  6.963278e+03   9880281   1
       957   2.492673e+08  2.565751e+08  6.974117e+03   9890930   1
       958   2.341262e+08  2.566819e+08  6.984915e+03   9901429   1
       959   6.927378e+08  2.566819e+08  6.995693e+03   9911600   1
       960   2.287407e+08  2.567032e+08  7.006384e+03   9921908   1
       961   2.139540e+08  2.567090e+08  7.017209e+03   9932507   1
       962   1.622277e+08  2.567095e+08  7.028369e+03   9942569   1
       963   4.095353e+08  2.567908e+08  7.039302e+03   9953095   1
       964   2.451132e+08  2.568091e+08  7.050614e+03   9963249   1
       965   2.346090e+08  2.568098e+08  7.074550e+03   9973799   1
       966   1.968330e+08  2.568098e+08  7.085393e+03   9984165   1
       967   2.342135e+08  2.568315e+08  7.096163e+03   9994586   1
       968   1.909635e+08  2.568357e+08  7.107024e+03  10004608   1
       969   3.248511e+08  2.568799e+08  7.117895e+03  10014811   1
       970   1.703878e+08  2.569233e+08  7.128808e+03  10024902   1
       971   1.868446e+08  2.570558e+08  7.139878e+03  10035268   1
       972   2.946027e+08  2.570561e+08  7.150745e+03  10045643   1
       973   5.232561e+08  2.570593e+08  7.161553e+03  10055983   1
       974   4.235711e+08  2.570827e+08  7.172256e+03  10066619   1
       975   2.479843e+08  2.570849e+08  7.183254e+03  10076988   1
       976   2.754479e+08  2.573380e+08  7.194081e+03  10087356   1
       977   2.068700e+08  2.573455e+08  7.204900e+03  10097820   1
-------------------------------------------------------------------
status         : time_limit
total time (s) : 7.204900e+03
total solves   : 10097820
best bound     :  2.573455e+08
simulation ci  :  2.853397e+08  8.424791e+06
numeric issues : 0
-------------------------------------------------------------------

 
                                        Time                    Allocations      
                                  
       Tot / % measured:            2.00h /  99.9%            852GiB /  99.9%    

 Section               ncalls     time    %tot     avg     alloc    %tot      avg
 
 backward_pass            977    1.99h   99.5%   7.34s    844GiB   99.1%   884MiB
   solve_subproblem     10.0M    2665s   37.0%   267s    507GiB   59.5%  53.2KiB
     get_dual_solution  10.0M    43.4s    0.6%  4.35s   14.3GiB    1.7%  1.50KiB
   prepare_backward...  1.95k    1.44s    0.0%   738s    312MiB    0.0%   163KiB
 forward_pass             977    31.1s    0.4%  31.9ms   6.82GiB    0.8%  7.15MiB
   solve_subproblem      117k    28.6s    0.4%   244s   5.97GiB    0.7%  53.4KiB
     get_dual_solution   117k    116ms    0.0%   989ns   62.6MiB    0.0%     560B
   sample_scenario        977   4.95ms    0.0%  5.06s    153KiB    0.0%     160B
 calculate_bound          977    5.79s    0.1%  5.92ms    837MiB    0.1%   877KiB
   get_dual_solution      977   1.30ms    0.0%  1.33s    534KiB    0.0%     560B
 


||||||||||||||||||||||||||||||||||||||||||||||||||||||||||||||||||||||||||||||||||||||||||||||||||||||||||||||||||||||||||||||||||||||||
SIMULATION RESULTS
LogLinearSDDP.NoSimulation()
markov
Lower bound: 2.5734548794454005e8
Statistical upper bound (confidence interval): 3.34749027367284e8  7.005676062293525e6
Pessimistic upper bound: 3.417547034295775e8

||||||||||||||||||||||||||||||||||||||||||||||||||||||||||||||||||||||||||||||||||||||||||||||||||||||||||||||||||||||||||||||||||||||||
SIMULATION RESULTS
LogLinearSDDP.NoSimulation()
markov
Lower bound: 2.5734548794454005e8
Statistical upper bound (confidence interval): 2.160741482456769e8  5.599314861090047e6
Pessimistic upper bound: 2.2167346310676694e8

||||||||||||||||||||||||||||||||||||||||||||||||||||||||||||||||||||||||||||||||||||||||||||||||||||||||||||||||||||||||||||||||||||||||
SIMULATION RESULTS
LogLinearSDDP.NoSimulation()
custom_model
Lower bound: 2.5734548794454005e8
Statistical upper bound (confidence interval): 4.0090196360235476e8  8.466716396353059e6
Pessimistic upper bound: 4.0936867999870783e8

||||||||||||||||||||||||||||||||||||||||||||||||||||||||||||||||||||||||||||||||||||||||||||||||||||||||||||||||||||||||||||||||||||||||
SIMULATION RESULTS
LogLinearSDDP.NoSimulation()
custom_model
Lower bound: 2.5734548794454005e8
Statistical upper bound (confidence interval): 2.5284227015336773e8  6.548578714969105e6
Pessimistic upper bound: 2.5939084886833683e8

||||||||||||||||||||||||||||||||||||||||||||||||||||||||||||||||||||||||||||||||||||||||||||||||||||||||||||||||||||||||||||||||||||||||
SIMULATION RESULTS
LogLinearSDDP.NoSimulation()
fitted_model
Lower bound: 2.5734548794454005e8
Statistical upper bound (confidence interval): 2.872644003124298e8  5.198135518449401e6
Pessimistic upper bound: 2.924625358308792e8

||||||||||||||||||||||||||||||||||||||||||||||||||||||||||||||||||||||||||||||||||||||||||||||||||||||||||||||||||||||||||||||||||||||||
SIMULATION RESULTS
LogLinearSDDP.NoSimulation()
fitted_model
Lower bound: 2.5734548794454005e8
Statistical upper bound (confidence interval): 1.889332858569506e8  4.071489658162274e6
Pessimistic upper bound: 1.9300477551511288e8

||||||||||||||||||||||||||||||||||||||||||||||||||||||||||||||||||||||||||||||||||||||||||||||||||||||||||||||||||||||||||||||||||||||||
SIMULATION RESULTS
LogLinearSDDP.NoSimulation()
shapiro_model
Lower bound: 2.5734548794454005e8
Statistical upper bound (confidence interval): 2.98163366128501e8  5.947259220500006e6
Pessimistic upper bound: 3.04110625349001e8

||||||||||||||||||||||||||||||||||||||||||||||||||||||||||||||||||||||||||||||||||||||||||||||||||||||||||||||||||||||||||||||||||||||||
SIMULATION RESULTS
LogLinearSDDP.NoSimulation()
shapiro_model
Lower bound: 2.5734548794454005e8
Statistical upper bound (confidence interval): 1.942400215204824e8  4.614108406110417e6
Pessimistic upper bound: 1.988541299265928e8

||||||||||||||||||||||||||||||||||||||||||||||||||||||||||||||||||||||||||||||||||||||||||||||||||||||||||||||||||||||||||||||||||||||||
SIMULATION RESULTS
LogLinearSDDP.NoSimulation()
markov
Lower bound: 2.5719082728849024e8
Statistical upper bound (confidence interval): 4.9264143560163e8  8.448199329630037e7
Pessimistic upper bound: 5.771234288979304e8

||||||||||||||||||||||||||||||||||||||||||||||||||||||||||||||||||||||||||||||||||||||||||||||||||||||||||||||||||||||||||||||||||||||||
SIMULATION RESULTS
LogLinearSDDP.NoSimulation()
markov
Lower bound: 2.5719082728849024e8
Statistical upper bound (confidence interval): 3.2278296448706913e8  6.89270707491926e7
Pessimistic upper bound: 3.917100352362617e8
