||||||||||||||||||||||||||||||||||||||||||||||||||||||||||||||||||||||||||||||||||||||||||||||||||||||||||||||||||||||||||||||||||||||||
PATH
calling 
C:\Users\cg4102\Documents\New LogLinearSDDP\LogLinearSDDP.jl\Examples\Hydrothermal
C:\Users\cg4102\Documents\New LogLinearSDDP\LogLinearSDDP.jl\Examples\Hydrothermal\run_model_markov.jl
DATETIME
2025-04-28T13:23:02.076
RUN DESCRIPTION
LogLinearSDDP.AlgoParams(SDDP.AbstractStoppingRule[SDDP.TimeLimit(7200.0)], LogLinearSDDP.NoSimulation(), false, 2, 1, "C:/Users/cg4102/Documents/julia_logs/Cut-sharing Re-Run (2h)/Run_MC-SDDP_custom_model_22222/MC-SDDP.log", false, false, false, 22222, "MC-SDDP: 100 nodes, custom_model", :fitted_model)
-------------------------------------------------------------------
         SDDP.jl (c) Oscar Dowson and contributors, 2017-23
-------------------------------------------------------------------
problem
  nodes           : 11901
  state variables : 4
  scenarios       : 6.68857e+229
  existing cuts   : false
options
  solver          : serial mode
  risk measure    : SDDP.Expectation()
  sampling scheme : SDDP.Historical{String, Dict{String, Float64}}
subproblem structure
  VariableRef                                  : [142, 142]
  JuMP.AffExpr in MOI.EqualTo{Float64}         : [13, 13]
  JuMP.VariableRef in MOI.GreaterThan{Float64} : [138, 138]
  JuMP.VariableRef in MOI.LessThan{Float64}    : [129, 130]
-------------------------------------------------------------------
 iteration    simulation      bound        time (s)     solves  pid
-------------------------------------------------------------------
         1   2.075066e+09  7.822676e+05  8.930000e+00     10315   1
         2   1.278154e+09  1.196046e+06  1.234800e+01     20777   1
         3   1.283327e+09  2.549115e+06  1.557700e+01     31276   1
         4   1.123286e+09  1.439055e+07  1.869800e+01     41660   1
         5   7.685959e+08  1.544924e+07  2.197300e+01     52407   1
         6   5.800062e+08  2.277000e+07  2.497400e+01     62841   1
         7   3.760665e+08  2.321170e+07  2.822100e+01     73230   1
         8   7.732075e+08  3.415291e+07  3.128100e+01     83605   1
         9   3.126902e+08  3.416370e+07  3.438600e+01     94118   1
        10   7.885260e+08  3.420269e+07  3.731600e+01    104431   1
        11   8.273383e+08  3.434447e+07  4.025200e+01    115057   1
        12   5.119369e+08  3.482498e+07  4.320300e+01    125448   1
        13   5.432885e+08  3.929266e+07  4.620000e+01    135940   1
        14   5.993651e+08  3.957705e+07  4.922500e+01    146274   1
        15   4.850665e+08  4.777753e+07  5.223200e+01    156715   1
        16   1.059868e+09  5.008162e+07  5.509700e+01    166393   1
        17   4.120286e+08  5.150420e+07  5.830700e+01    176986   1
        18   6.803686e+08  5.407430e+07  6.145200e+01    187374   1
        19   3.123640e+08  5.646765e+07  6.460600e+01    197904   1
        20   4.441327e+08  5.908641e+07  6.776800e+01    208451   1
        21   5.922042e+08  6.082408e+07  7.085800e+01    219205   1
        22   6.859179e+08  6.281334e+07  7.383000e+01    229342   1
        23   7.094807e+08  6.451428e+07  7.681200e+01    239742   1
        24   4.840400e+08  6.722302e+07  7.998300e+01    250047   1
        25   3.132201e+08  7.009985e+07  8.306400e+01    260042   1
        26   2.931749e+08  7.010374e+07  8.643800e+01    270490   1
        27   2.692933e+08  7.011863e+07  8.975100e+01    281028   1
        28   6.868311e+08  7.012286e+07  9.295300e+01    291128   1
        29   2.459597e+08  7.301583e+07  9.623500e+01    301448   1
        30   2.285765e+08  7.374877e+07  1.022760e+02    311613   1
        31   2.111021e+08  7.768012e+07  1.054420e+02    322064   1
        32   2.668122e+08  7.779807e+07  1.085030e+02    332652   1
        33   3.326122e+08  7.781167e+07  1.113140e+02    342727   1
        34   2.005999e+08  8.039406e+07  1.144670e+02    353284   1
        35   3.552947e+08  8.110097e+07  1.173270e+02    363749   1
        36   5.377520e+08  8.110564e+07  1.202520e+02    373864   1
        37   8.175212e+08  8.271302e+07  1.231180e+02    383757   1
        38   4.388604e+08  8.303811e+07  1.261410e+02    394118   1
        39   5.526923e+08  8.419758e+07  1.291170e+02    404431   1
        40   2.954166e+08  8.497625e+07  1.323330e+02    415080   1
        41   9.361056e+08  8.776029e+07  1.353950e+02    425537   1
        42   1.394617e+09  9.322205e+07  1.384160e+02    435666   1
        43   6.682200e+08  9.567284e+07  1.415720e+02    446024   1
        44   3.347407e+08  9.588347e+07  1.447060e+02    456627   1
        45   2.146922e+08  9.619337e+07  1.479790e+02    467221   1
        46   7.786941e+08  9.907474e+07  1.510150e+02    477691   1
        47   4.150262e+08  1.015317e+08  1.542420e+02    488326   1
        48   3.976642e+08  1.017773e+08  1.574070e+02    498990   1
        49   2.255492e+08  1.034127e+08  1.605790e+02    509411   1
        50   2.920549e+08  1.035895e+08  1.639590e+02    519913   1
        51   7.120418e+08  1.036539e+08  1.671330e+02    530160   1
        52   2.269083e+08  1.049020e+08  1.703480e+02    540615   1
        53   3.904015e+08  1.050360e+08  1.736850e+02    551212   1
        54   2.503189e+08  1.066248e+08  1.769810e+02    561789   1
        55   2.427312e+08  1.075265e+08  1.803250e+02    572379   1
        56   2.931268e+08  1.086412e+08  1.836990e+02    583041   1
        57   4.723488e+08  1.086479e+08  1.869000e+02    593426   1
        58   4.628167e+08  1.087840e+08  1.902460e+02    604085   1
        59   1.104738e+09  1.095419e+08  1.934290e+02    614278   1
        60   4.287503e+08  1.116013e+08  1.966560e+02    624633   1
        61   4.988590e+08  1.126986e+08  2.027990e+02    635028   1
        62   2.284713e+08  1.139020e+08  2.059170e+02    645676   1
        63   6.457379e+08  1.139141e+08  2.089590e+02    656095   1
        64   3.562912e+08  1.163930e+08  2.121590e+02    666832   1
        65   3.649963e+08  1.236626e+08  2.153200e+02    677293   1
        66   3.632704e+08  1.241517e+08  2.184760e+02    687800   1
        67   5.732142e+08  1.247009e+08  2.215910e+02    697938   1
        68   1.055066e+09  1.257906e+08  2.247160e+02    708163   1
        69   2.097221e+08  1.270606e+08  2.279150e+02    718463   1
        70   2.442294e+08  1.283961e+08  2.311970e+02    729003   1
        71   2.771711e+08  1.297016e+08  2.343280e+02    739208   1
        72   4.715787e+08  1.297619e+08  2.375220e+02    749525   1
        73   4.199075e+08  1.325030e+08  2.409060e+02    760261   1
        74   1.833838e+08  1.337929e+08  2.441790e+02    770703   1
        75   3.113146e+08  1.348520e+08  2.473740e+02    781117   1
        76   2.827749e+08  1.351603e+08  2.505560e+02    790986   1
        77   6.994653e+08  1.360040e+08  2.537820e+02    801237   1
        78   5.299170e+08  1.363198e+08  2.570170e+02    811431   1
        79   6.475432e+08  1.379683e+08  2.603570e+02    821837   1
        80   4.651461e+08  1.381978e+08  2.636810e+02    832305   1
        81   2.808410e+08  1.393257e+08  2.670910e+02    842813   1
        82   4.325129e+08  1.397155e+08  2.704770e+02    853188   1
        83   3.251785e+08  1.413127e+08  2.739040e+02    863871   1
        84   2.090717e+08  1.418831e+08  2.773750e+02    874069   1
        85   3.760892e+08  1.448595e+08  2.807990e+02    884406   1
        86   3.147736e+08  1.456716e+08  2.843120e+02    895124   1
        87   1.991514e+08  1.456807e+08  2.876840e+02    904942   1
        88   2.915504e+08  1.457779e+08  2.911750e+02    915203   1
        89   2.382462e+08  1.458730e+08  2.945470e+02    925161   1
        90   5.215595e+08  1.464212e+08  2.980500e+02    935552   1
        91   4.825600e+08  1.466551e+08  3.044330e+02    945949   1
        92   2.583851e+08  1.468488e+08  3.078060e+02    956430   1
        93   2.997310e+08  1.469504e+08  3.111410e+02    967020   1
        94   3.128751e+08  1.482916e+08  3.145010e+02    977584   1
        95   3.346733e+08  1.486555e+08  3.179130e+02    988391   1
        96   1.966051e+08  1.487385e+08  3.213400e+02    999021   1
        97   3.906479e+08  1.489636e+08  3.247990e+02   1009651   1
        98   4.206514e+08  1.496916e+08  3.281780e+02   1019893   1
        99   3.976141e+08  1.503928e+08  3.316330e+02   1030420   1
       100   1.727916e+08  1.506337e+08  3.350920e+02   1041043   1
       101   3.761484e+08  1.511140e+08  3.385200e+02   1051702   1
       102   2.350032e+08  1.517215e+08  3.420090e+02   1062171   1
       103   9.913829e+08  1.521700e+08  3.454010e+02   1072517   1
       104   3.157885e+08  1.526139e+08  3.489960e+02   1083210   1
       105   4.261407e+08  1.540194e+08  3.523710e+02   1093294   1
       106   2.722939e+08  1.542114e+08  3.558590e+02   1103527   1
       107   4.540632e+08  1.545159e+08  3.593810e+02   1114058   1
       108   2.584804e+08  1.548152e+08  3.629240e+02   1124436   1
       109   1.147271e+09  1.555848e+08  3.664110e+02   1134595   1
       110   2.459346e+08  1.556288e+08  3.700240e+02   1144972   1
       111   3.992205e+08  1.556543e+08  3.736080e+02   1155332   1
       112   4.802231e+08  1.556970e+08  3.771520e+02   1165653   1
       113   6.489288e+08  1.558354e+08  3.807660e+02   1175996   1
       114   2.270902e+08  1.558413e+08  3.844150e+02   1186438   1
       115   7.621293e+08  1.559649e+08  3.880150e+02   1196806   1
       116   2.789482e+08  1.560297e+08  3.917510e+02   1207494   1
       117   4.258081e+08  1.561902e+08  3.955350e+02   1218058   1
       118   4.243383e+08  1.562060e+08  3.991730e+02   1228170   1
       119   2.984715e+08  1.571398e+08  4.029810e+02   1238644   1
       120   5.364342e+08  1.572312e+08  4.099450e+02   1249063   1
       121   3.558836e+08  1.574553e+08  4.135630e+02   1259583   1
       122   2.733768e+08  1.589649e+08  4.170860e+02   1269799   1
       123   2.638401e+08  1.589928e+08  4.206570e+02   1280110   1
       124   2.611137e+08  1.589954e+08  4.243460e+02   1290621   1
       125   2.548541e+08  1.590178e+08  4.279870e+02   1301367   1
       126   6.352330e+08  1.590602e+08  4.315910e+02   1311893   1
       127   2.655448e+08  1.611000e+08  4.352470e+02   1322383   1
       128   4.365932e+08  1.614081e+08  4.387610e+02   1332232   1
       129   1.936046e+08  1.615716e+08  4.424220e+02   1342555   1
       130   2.661632e+08  1.621456e+08  4.461600e+02   1353299   1
       131   4.160033e+08  1.647352e+08  4.497920e+02   1363550   1
       132   8.679960e+08  1.657362e+08  4.535050e+02   1373980   1
       133   2.698753e+08  1.658685e+08  4.572090e+02   1384426   1
       134   7.180493e+08  1.659420e+08  4.608510e+02   1394654   1
       135   2.982757e+08  1.659425e+08  4.644530e+02   1404670   1
       136   4.353490e+08  1.663265e+08  4.681680e+02   1415163   1
       137   4.777836e+08  1.663850e+08  4.718970e+02   1425797   1
       138   3.577889e+08  1.665773e+08  4.757020e+02   1436121   1
       139   4.115380e+08  1.679696e+08  4.795150e+02   1446515   1
       140   2.594028e+08  1.681968e+08  4.834170e+02   1457189   1
       141   2.470009e+08  1.697188e+08  4.872530e+02   1467632   1
       142   4.625844e+08  1.698566e+08  4.910500e+02   1477715   1
       143   3.952675e+08  1.701531e+08  4.949490e+02   1488084   1
       144   3.183795e+08  1.710923e+08  4.988820e+02   1498617   1
       145   4.171788e+08  1.743403e+08  5.028960e+02   1509171   1
       146   3.207927e+08  1.780752e+08  5.068090e+02   1519297   1
       147   1.912611e+08  1.781414e+08  5.108560e+02   1529776   1
       148   2.112784e+08  1.783008e+08  5.148800e+02   1540034   1
       149   3.319862e+08  1.789441e+08  5.188530e+02   1550488   1
       150   3.426800e+08  1.789693e+08  5.365290e+02   1560809   1
       151   2.093221e+08  1.797309e+08  5.404800e+02   1571220   1
       152   4.538305e+08  1.798322e+08  5.443900e+02   1581690   1
       153   2.248949e+08  1.799657e+08  5.483600e+02   1592135   1
       154   5.559511e+08  1.805476e+08  5.522030e+02   1602519   1
       155   5.086072e+08  1.815280e+08  5.560710e+02   1613057   1
       156   4.648563e+08  1.815899e+08  5.599490e+02   1623631   1
       157   3.536828e+08  1.815982e+08  5.637880e+02   1633696   1
       158   2.095844e+08  1.821726e+08  5.677260e+02   1644143   1
       159   2.325259e+08  1.822710e+08  5.716410e+02   1654609   1
       160   5.719289e+08  1.822720e+08  5.754870e+02   1664812   1
       161   2.514573e+08  1.826751e+08  5.794370e+02   1675370   1
       162   4.741045e+08  1.831195e+08  5.832920e+02   1685598   1
       163   5.069665e+08  1.833479e+08  5.872240e+02   1695818   1
       164   3.288604e+08  1.837671e+08  5.912520e+02   1706318   1
       165   6.909309e+08  1.837815e+08  5.952570e+02   1716898   1
       166   2.848689e+08  1.838619e+08  5.992460e+02   1727371   1
       167   2.610735e+08  1.838621e+08  6.033890e+02   1737783   1
       168   2.472741e+08  1.838978e+08  6.077110e+02   1748123   1
       169   2.488631e+08  1.839693e+08  6.119630e+02   1758556   1
       170   2.086808e+08  1.843508e+08  6.162870e+02   1769103   1
       171   3.735048e+08  1.843589e+08  6.205250e+02   1779207   1
       172   1.980898e+08  1.862513e+08  6.248630e+02   1789589   1
       173   7.919988e+08  1.862555e+08  6.341950e+02   1800081   1
       174   3.360805e+08  1.864250e+08  6.382210e+02   1810378   1
       175   5.770284e+08  1.864251e+08  6.422280e+02   1820540   1
       176   3.630801e+08  1.868341e+08  6.461680e+02   1830646   1
       177   2.023479e+08  1.871021e+08  6.502470e+02   1841361   1
       178   2.212890e+08  1.872048e+08  6.542870e+02   1851696   1
       179   3.573637e+08  1.875879e+08  6.585270e+02   1862353   1
       180   1.029206e+09  1.875940e+08  6.625700e+02   1872462   1
       181   2.520690e+08  1.885003e+08  6.667900e+02   1882908   1
       182   2.751003e+08  1.886126e+08  6.709820e+02   1893193   1
       183   2.999896e+08  1.886904e+08  6.752810e+02   1903644   1
       184   3.012651e+08  1.888615e+08  6.795480e+02   1914229   1
       185   2.008731e+08  1.888653e+08  6.838330e+02   1924913   1
       186   4.887403e+08  1.899181e+08  6.881390e+02   1935091   1
       187   2.313730e+08  1.905356e+08  6.927010e+02   1945353   1
       188   2.857749e+08  1.907946e+08  6.971220e+02   1955573   1
       189   2.994399e+08  1.917950e+08  7.016120e+02   1965701   1
       190   5.696561e+08  1.917980e+08  7.060970e+02   1976142   1
       191   2.729057e+08  1.918231e+08  7.147840e+02   1986701   1
       192   2.887277e+08  1.918560e+08  7.190110e+02   1997467   1
       193   6.011027e+08  1.923204e+08  7.232370e+02   2007974   1
       194   3.168007e+08  1.923254e+08  7.274240e+02   2018599   1
       195   3.977887e+08  1.923364e+08  7.317200e+02   2029227   1
       196   5.232698e+08  1.924531e+08  7.359530e+02   2039573   1
       197   4.027732e+08  1.928953e+08  7.402570e+02   2050096   1
       198   2.736472e+08  1.945233e+08  7.445660e+02   2060624   1
       199   2.275326e+08  1.945309e+08  7.490300e+02   2071392   1
       200   3.415868e+08  1.951765e+08  7.534090e+02   2081884   1
       201   2.624013e+08  1.952589e+08  7.579220e+02   2092383   1
       202   2.764212e+08  1.953349e+08  7.623910e+02   2102991   1
       203   3.555724e+08  1.953774e+08  7.668690e+02   2113664   1
       204   7.935606e+08  1.953908e+08  7.712920e+02   2124187   1
       205   2.503897e+08  1.955281e+08  7.757850e+02   2134586   1
       206   4.058790e+08  1.967690e+08  7.843880e+02   2144944   1
       207   2.312361e+08  1.972574e+08  7.887550e+02   2155530   1
       208   2.209053e+08  1.974020e+08  7.929840e+02   2165456   1
       209   4.340901e+08  1.978584e+08  7.973540e+02   2175892   1
       210   2.866138e+08  1.980429e+08  8.017790e+02   2186403   1
       211   6.334254e+08  1.980696e+08  8.061670e+02   2196739   1
       212   3.303685e+08  1.981664e+08  8.106120e+02   2207370   1
       213   3.060286e+08  1.981763e+08  8.150500e+02   2217726   1
       214   3.249619e+08  1.981983e+08  8.195250e+02   2228087   1
       215   6.054974e+08  1.982029e+08  8.240050e+02   2238511   1
       216   2.917009e+08  1.982094e+08  8.285540e+02   2248964   1
       217   6.484221e+08  1.983429e+08  8.329140e+02   2258630   1
       218   7.340930e+08  1.985275e+08  8.374120e+02   2268486   1
       219   6.363387e+08  1.987998e+08  8.461100e+02   2278685   1
       220   4.572589e+08  1.993542e+08  8.505340e+02   2289183   1
       221   4.169134e+08  1.995842e+08  8.549920e+02   2299610   1
       222   7.456595e+08  1.995842e+08  8.593910e+02   2309802   1
       223   7.689188e+08  1.998719e+08  8.639360e+02   2320224   1
       224   7.260973e+08  2.003510e+08  8.683560e+02   2330459   1
       225   2.487475e+08  2.004452e+08  8.728890e+02   2341053   1
       226   2.003038e+08  2.004553e+08  8.775340e+02   2351308   1
       227   4.150722e+08  2.006526e+08  8.821320e+02   2361676   1
       228   2.533694e+08  2.006704e+08  8.868310e+02   2372364   1
       229   3.092761e+08  2.008996e+08  8.914920e+02   2382949   1
       230   2.553891e+08  2.009820e+08  9.005050e+02   2393096   1
       231   2.972053e+08  2.012287e+08  9.050450e+02   2403247   1
       232   3.894247e+08  2.016840e+08  9.095850e+02   2413768   1
       233   2.265468e+08  2.021002e+08  9.140550e+02   2423727   1
       234   2.102630e+08  2.021022e+08  9.186880e+02   2434126   1
       235   6.526378e+08  2.033214e+08  9.232550e+02   2444330   1
       236   1.959838e+08  2.040031e+08  9.279540e+02   2454949   1
       237   2.722796e+08  2.045652e+08  9.325980e+02   2465646   1
       238   5.524495e+08  2.046947e+08  9.372530e+02   2475851   1
       239   3.969484e+08  2.048506e+08  9.419810e+02   2486363   1
       240   7.920061e+08  2.049956e+08  9.466780e+02   2496849   1
       241   3.613257e+08  2.050162e+08  9.558890e+02   2507367   1
       242   3.108846e+08  2.050178e+08  9.605490e+02   2517980   1
       243   5.933690e+08  2.050292e+08  9.651650e+02   2528377   1
       244   2.227678e+08  2.056133e+08  9.698280e+02   2538686   1
       245   2.278890e+08  2.061975e+08  9.745830e+02   2549259   1
       246   2.567083e+08  2.065025e+08  9.792570e+02   2559529   1
       247   2.216132e+08  2.065102e+08  9.839490e+02   2569610   1
       248   2.553688e+08  2.066453e+08  9.885110e+02   2579459   1
       249   8.500575e+08  2.071096e+08  9.932280e+02   2589655   1
       250   3.040985e+08  2.072530e+08  9.980470e+02   2600055   1
       251   6.500348e+08  2.077872e+08  1.002938e+03   2610551   1
       252   1.953516e+08  2.078507e+08  1.012219e+03   2621021   1
       253   2.267364e+08  2.078622e+08  1.016930e+03   2631453   1
       254   5.479803e+08  2.085065e+08  1.021653e+03   2641717   1
       255   2.249639e+08  2.085842e+08  1.026441e+03   2652092   1
       256   3.723974e+08  2.089065e+08  1.031137e+03   2662113   1
       257   2.599503e+08  2.090562e+08  1.035993e+03   2672757   1
       258   6.311977e+08  2.093255e+08  1.040764e+03   2683001   1
       259   7.490233e+08  2.093681e+08  1.045500e+03   2693295   1
       260   4.078217e+08  2.093832e+08  1.050396e+03   2703834   1
       261   3.066893e+08  2.093911e+08  1.055286e+03   2713741   1
       262   5.063971e+08  2.094196e+08  1.064794e+03   2724037   1
       263   3.111618e+08  2.094220e+08  1.069614e+03   2734759   1
       264   3.378997e+08  2.095923e+08  1.074434e+03   2745298   1
       265   3.871541e+08  2.097256e+08  1.079271e+03   2755579   1
       266   3.561492e+08  2.097993e+08  1.084164e+03   2766060   1
       267   5.980922e+08  2.105135e+08  1.089011e+03   2776677   1
       268   2.344996e+08  2.105161e+08  1.093912e+03   2786826   1
       269   2.602635e+08  2.105270e+08  1.098838e+03   2797124   1
       270   3.524884e+08  2.108316e+08  1.103792e+03   2807780   1
       271   1.234596e+09  2.109406e+08  1.108678e+03   2817847   1
       272   4.024217e+08  2.110786e+08  1.113734e+03   2828326   1
       273   1.837321e+08  2.110933e+08  1.123421e+03   2838393   1
       274   3.536338e+08  2.120856e+08  1.128425e+03   2849050   1
       275   5.505294e+08  2.128794e+08  1.133242e+03   2859509   1
       276   1.684766e+08  2.129072e+08  1.138253e+03   2870093   1
       277   2.921938e+08  2.130754e+08  1.143146e+03   2880234   1
       278   6.281372e+08  2.134874e+08  1.148164e+03   2890924   1
       279   2.137617e+08  2.137684e+08  1.153189e+03   2901347   1
       280   2.613138e+08  2.137869e+08  1.158243e+03   2911934   1
       281   4.360957e+08  2.138012e+08  1.163301e+03   2922090   1
       282   4.483483e+08  2.139458e+08  1.168340e+03   2932000   1
       283   3.613744e+08  2.139913e+08  1.178315e+03   2942114   1
       284   2.518831e+08  2.141111e+08  1.183331e+03   2952755   1
       285   3.142052e+08  2.146477e+08  1.188236e+03   2962820   1
       286   3.870693e+08  2.148707e+08  1.193314e+03   2973323   1
       287   7.164540e+08  2.149000e+08  1.198355e+03   2983667   1
       288   5.249387e+08  2.149185e+08  1.203320e+03   2994039   1
       289   2.353632e+08  2.149281e+08  1.208397e+03   3004518   1
       290   2.232546e+08  2.149401e+08  1.213524e+03   3015063   1
       291   7.986467e+08  2.150676e+08  1.218643e+03   3025329   1
       292   4.800422e+08  2.151741e+08  1.223901e+03   3035848   1
       293   5.189517e+08  2.152849e+08  1.234134e+03   3046354   1
       294   1.157578e+09  2.157328e+08  1.239076e+03   3056686   1
       295   2.779191e+08  2.157336e+08  1.244197e+03   3067103   1
       296   3.508374e+08  2.158428e+08  1.249295e+03   3077519   1
       297   2.395880e+08  2.160089e+08  1.254439e+03   3088081   1
       298   5.413430e+08  2.160097e+08  1.259553e+03   3098179   1
       299   2.687695e+08  2.161703e+08  1.264715e+03   3108246   1
       300   2.243869e+08  2.161732e+08  1.269965e+03   3118960   1
       301   1.956626e+08  2.161859e+08  1.275134e+03   3129185   1
       302   2.583803e+08  2.161998e+08  1.280425e+03   3139675   1
       303   3.407736e+08  2.162004e+08  1.285756e+03   3150052   1
       304   2.080433e+08  2.162590e+08  1.296018e+03   3160263   1
       305   3.540375e+08  2.162591e+08  1.301243e+03   3171036   1
       306   2.534514e+08  2.162695e+08  1.306338e+03   3181135   1
       307   6.300452e+08  2.163025e+08  1.311463e+03   3191523   1
       308   3.302201e+08  2.163762e+08  1.316775e+03   3201966   1
       309   3.994276e+08  2.163865e+08  1.322043e+03   3212406   1
       310   1.929781e+08  2.165738e+08  1.327347e+03   3222847   1
       311   7.052696e+08  2.165915e+08  1.332578e+03   3233435   1
       312   2.885020e+08  2.166455e+08  1.337899e+03   3243758   1
       313   2.172538e+08  2.166678e+08  1.343263e+03   3254007   1
       314   9.947862e+08  2.170883e+08  1.353737e+03   3263836   1
       315   3.866428e+08  2.171933e+08  1.359042e+03   3274313   1
       316   5.471795e+08  2.172165e+08  1.364308e+03   3284574   1
       317   2.841478e+08  2.172534e+08  1.369548e+03   3294939   1
       318   2.039824e+08  2.173845e+08  1.374869e+03   3305308   1
       319   2.505074e+08  2.174695e+08  1.380278e+03   3315916   1
       320   2.325810e+08  2.174720e+08  1.385699e+03   3326288   1
       321   5.079405e+08  2.174752e+08  1.390980e+03   3336226   1
       322   2.738533e+08  2.174780e+08  1.396326e+03   3346571   1
       323   4.361591e+08  2.175331e+08  1.401741e+03   3356663   1
       324   5.231700e+08  2.175850e+08  1.407186e+03   3366867   1
       325   2.151607e+08  2.176470e+08  1.417904e+03   3377368   1
       326   2.096722e+08  2.177319e+08  1.423232e+03   3387549   1
       327   6.188939e+08  2.177624e+08  1.428578e+03   3397733   1
       328   5.174338e+08  2.181470e+08  1.433959e+03   3407769   1
       329   4.169003e+08  2.183225e+08  1.439343e+03   3417948   1
       330   2.234097e+08  2.183333e+08  1.444786e+03   3428637   1
       331   2.190526e+08  2.183417e+08  1.450335e+03   3439416   1
       332   1.759653e+08  2.187287e+08  1.455779e+03   3449732   1
       333   9.514656e+08  2.188832e+08  1.461256e+03   3459783   1
       334   4.328694e+08  2.192682e+08  1.466808e+03   3469971   1
       335   2.865032e+08  2.193389e+08  1.477974e+03   3480364   1
       336   2.702719e+08  2.193445e+08  1.483413e+03   3490774   1
       337   2.809051e+08  2.193638e+08  1.488990e+03   3501276   1
       338   8.342923e+08  2.195256e+08  1.494347e+03   3511677   1
       339   3.269222e+08  2.195278e+08  1.499861e+03   3521876   1
       340   2.141169e+08  2.195402e+08  1.505362e+03   3532390   1
       341   1.993647e+08  2.195402e+08  1.510803e+03   3542519   1
       342   1.095886e+09  2.196385e+08  1.516299e+03   3552975   1
       343   2.340770e+08  2.196482e+08  1.521887e+03   3563568   1
       344   3.329343e+08  2.196813e+08  1.527465e+03   3574059   1
       345   4.244758e+08  2.197068e+08  1.533117e+03   3584373   1
       346   4.041675e+08  2.197070e+08  1.544320e+03   3595053   1
       347   4.378273e+08  2.198523e+08  1.549761e+03   3605407   1
       348   3.106054e+08  2.199949e+08  1.555305e+03   3615830   1
       349   2.549208e+08  2.203477e+08  1.560877e+03   3626094   1
       350   2.885944e+08  2.209315e+08  1.566500e+03   3636452   1
       351   4.488418e+08  2.209320e+08  1.572079e+03   3647095   1
       352   2.959014e+08  2.209393e+08  1.577697e+03   3657350   1
       353   1.913861e+08  2.210204e+08  1.583333e+03   3667504   1
       354   2.724766e+08  2.210647e+08  1.589004e+03   3678106   1
       355   2.368143e+08  2.211780e+08  1.594651e+03   3688261   1
       356   2.912367e+08  2.212011e+08  1.600415e+03   3698424   1
       357   2.195430e+08  2.212011e+08  1.611832e+03   3708914   1
       358   2.418416e+08  2.212011e+08  1.617404e+03   3719279   1
       359   2.361869e+08  2.212682e+08  1.623035e+03   3729701   1
       360   3.855262e+08  2.212690e+08  1.628684e+03   3739994   1
       361   2.770482e+08  2.212822e+08  1.634429e+03   3750271   1
       362   2.064181e+08  2.213472e+08  1.640054e+03   3760369   1
       363   2.590628e+08  2.213480e+08  1.645657e+03   3770450   1
       364   4.219217e+08  2.222094e+08  1.651359e+03   3780909   1
       365   3.302127e+08  2.222096e+08  1.657150e+03   3791339   1
       366   3.416785e+08  2.222736e+08  1.662977e+03   3801796   1
       367   2.770143e+08  2.222868e+08  1.668729e+03   3812048   1
       368   3.425245e+08  2.222875e+08  1.680398e+03   3822452   1
       369   3.198391e+08  2.223178e+08  1.686143e+03   3832934   1
       370   2.529308e+08  2.223591e+08  1.691869e+03   3843170   1
       371   4.275001e+08  2.224468e+08  1.697645e+03   3853668   1
       372   3.604955e+08  2.227523e+08  1.703427e+03   3864110   1
       373   2.437313e+08  2.227890e+08  1.709221e+03   3874705   1
       374   2.137207e+08  2.228039e+08  1.714998e+03   3885164   1
       375   2.337119e+08  2.228532e+08  1.720903e+03   3895901   1
       376   1.761621e+08  2.228556e+08  1.726728e+03   3906180   1
       377   2.878610e+08  2.229206e+08  1.732584e+03   3916626   1
       378   3.055270e+08  2.229214e+08  1.738545e+03   3927136   1
       379   2.197609e+08  2.229311e+08  1.744616e+03   3937704   1
       380   3.347491e+08  2.229395e+08  1.756344e+03   3948095   1
       381   4.417913e+08  2.229563e+08  1.762138e+03   3958327   1
       382   3.451307e+08  2.231550e+08  1.768062e+03   3968949   1
       383   3.455555e+08  2.231551e+08  1.773895e+03   3979350   1
       384   3.625083e+08  2.231652e+08  1.779829e+03   3989901   1
       385   3.190223e+08  2.231670e+08  1.785695e+03   4000197   1
       386   3.999314e+08  2.231739e+08  1.791527e+03   4010720   1
       387   3.861539e+08  2.231739e+08  1.797378e+03   4021074   1
       388   3.870681e+08  2.236848e+08  1.803352e+03   4031724   1
       389   3.051497e+08  2.236849e+08  1.809408e+03   4042257   1
       390   3.909626e+08  2.237352e+08  1.815472e+03   4052998   1
       391   2.735568e+08  2.239037e+08  1.827515e+03   4063526   1
       392   6.541575e+08  2.239131e+08  1.833457e+03   4074078   1
       393   2.363374e+08  2.239911e+08  1.839361e+03   4084604   1
       394   4.602307e+08  2.242025e+08  1.845256e+03   4094846   1
       395   3.632363e+08  2.243410e+08  1.851232e+03   4105366   1
       396   1.869610e+08  2.243513e+08  1.857152e+03   4115526   1
       397   2.295557e+08  2.243513e+08  1.863131e+03   4125929   1
       398   2.006043e+08  2.244643e+08  1.869089e+03   4136104   1
       399   2.457632e+08  2.248095e+08  1.875147e+03   4146578   1
       400   2.321943e+08  2.252364e+08  1.881263e+03   4157311   1
       401   1.684488e+08  2.255590e+08  1.887376e+03   4167723   1
       402   4.457295e+08  2.256706e+08  1.899775e+03   4178134   1
       403   5.834066e+08  2.258966e+08  1.905714e+03   4188602   1
       404   5.233294e+08  2.259492e+08  1.911785e+03   4199107   1
       405   5.973882e+08  2.259497e+08  1.917737e+03   4209556   1
       406   2.164879e+08  2.259637e+08  1.923815e+03   4219983   1
       407   2.245665e+08  2.265206e+08  1.929848e+03   4230623   1
       408   5.445210e+08  2.265611e+08  1.935882e+03   4240862   1
       409   8.856283e+08  2.269290e+08  1.941981e+03   4251429   1
       410   3.485801e+08  2.269639e+08  1.948040e+03   4261589   1
       411   2.782660e+08  2.270683e+08  1.954247e+03   4272182   1
       412   5.526841e+08  2.271304e+08  1.960434e+03   4282393   1
       413   3.208671e+08  2.271399e+08  1.966745e+03   4292715   1
       414   2.649158e+08  2.272851e+08  1.979285e+03   4303378   1
       415   5.180266e+08  2.273111e+08  1.985353e+03   4313777   1
       416   2.206322e+08  2.277399e+08  1.991496e+03   4324297   1
       417   2.815467e+08  2.277725e+08  1.997602e+03   4334856   1
       418   2.516615e+08  2.287193e+08  2.003749e+03   4345432   1
       419   2.452895e+08  2.287263e+08  2.009955e+03   4356023   1
       420   2.254337e+08  2.288175e+08  2.016196e+03   4366618   1
       421   3.109479e+08  2.289135e+08  2.022370e+03   4377127   1
       422   5.261734e+08  2.289491e+08  2.028547e+03   4387470   1
       423   3.262529e+08  2.289552e+08  2.034748e+03   4397644   1
       424   3.227307e+08  2.289730e+08  2.041049e+03   4408107   1
       425   1.949600e+08  2.289735e+08  2.047430e+03   4418671   1
       426   3.323787e+08  2.290994e+08  2.060203e+03   4429202   1
       427   2.313426e+08  2.291021e+08  2.066407e+03   4439533   1
       428   9.026484e+08  2.291924e+08  2.072523e+03   4449870   1
       429   2.583272e+08  2.291979e+08  2.078771e+03   4460434   1
       430   2.470544e+08  2.292156e+08  2.085023e+03   4470135   1
       431   4.471857e+08  2.292161e+08  2.091268e+03   4480313   1
       432   1.966847e+08  2.294695e+08  2.097566e+03   4490581   1
       433   2.904360e+08  2.294971e+08  2.103833e+03   4500515   1
       434   3.539678e+08  2.296365e+08  2.110133e+03   4510668   1
       435   2.769703e+08  2.296469e+08  2.116557e+03   4521269   1
       436   2.288511e+08  2.296515e+08  2.122966e+03   4531689   1
       437   4.910816e+08  2.299915e+08  2.129414e+03   4542080   1
       438   4.572151e+08  2.301137e+08  2.142349e+03   4552615   1
       439   3.349584e+08  2.301175e+08  2.148761e+03   4562792   1
       440   2.175548e+08  2.301574e+08  2.155130e+03   4573330   1
       441   2.194865e+08  2.303666e+08  2.161505e+03   4584077   1
       442   2.635800e+08  2.304928e+08  2.167838e+03   4594439   1
       443   2.764783e+08  2.305962e+08  2.174201e+03   4604904   1
       444   2.880488e+08  2.306022e+08  2.180560e+03   4615328   1
       445   2.886316e+08  2.306134e+08  2.186875e+03   4625739   1
       446   2.300675e+08  2.307073e+08  2.193345e+03   4636400   1
       447   2.714524e+08  2.307099e+08  2.199891e+03   4647021   1
       448   1.675305e+08  2.308056e+08  2.206327e+03   4657163   1
       449   5.793966e+08  2.310244e+08  2.212861e+03   4667222   1
       450   2.486683e+08  2.310322e+08  2.226083e+03   4677605   1
       451   3.011098e+08  2.310944e+08  2.232504e+03   4688274   1
       452   3.005712e+08  2.318443e+08  2.238936e+03   4698689   1
       453   2.668521e+08  2.319755e+08  2.245248e+03   4709292   1
       454   2.911565e+08  2.320645e+08  2.251718e+03   4720016   1
       455   3.981584e+08  2.321703e+08  2.258181e+03   4730361   1
       456   5.606135e+08  2.321847e+08  2.264705e+03   4740663   1
       457   5.443023e+08  2.322133e+08  2.271132e+03   4750902   1
       458   2.147847e+08  2.322185e+08  2.277743e+03   4761403   1
       459   3.121315e+08  2.322206e+08  2.284256e+03   4771791   1
       460   2.625215e+08  2.325446e+08  2.290880e+03   4782340   1
       461   4.814321e+08  2.325565e+08  2.297334e+03   4792436   1
       462   7.379079e+08  2.327510e+08  2.310675e+03   4802687   1
       463   2.038333e+08  2.327564e+08  2.317269e+03   4813352   1
       464   2.306851e+08  2.328318e+08  2.323817e+03   4824089   1
       465   5.468268e+08  2.329902e+08  2.330266e+03   4834630   1
       466   5.367497e+08  2.329916e+08  2.336847e+03   4844933   1
       467   3.827748e+08  2.330058e+08  2.343327e+03   4855454   1
       468   7.160292e+08  2.331925e+08  2.349890e+03   4865703   1
       469   1.911760e+08  2.333784e+08  2.356467e+03   4876115   1
       470   2.810642e+08  2.333945e+08  2.363081e+03   4886716   1
       471   1.947501e+08  2.335743e+08  2.369709e+03   4896985   1
       472   1.784866e+08  2.335954e+08  2.376536e+03   4907515   1
       473   2.305869e+08  2.341033e+08  2.383253e+03   4918116   1
       474   2.921772e+08  2.341050e+08  2.390011e+03   4928520   1
       475   2.907771e+08  2.341138e+08  2.403622e+03   4938565   1
       476   2.336127e+08  2.341494e+08  2.410287e+03   4949201   1
       477   2.723661e+08  2.341615e+08  2.416905e+03   4959134   1
       478   4.740977e+08  2.342099e+08  2.423444e+03   4969227   1
       479   5.198702e+08  2.346228e+08  2.430149e+03   4979476   1
       480   2.483985e+08  2.346230e+08  2.436955e+03   4989986   1
       481   4.007312e+08  2.349725e+08  2.443593e+03   5000355   1
       482   4.729573e+08  2.349762e+08  2.450335e+03   5010879   1
       483   1.879506e+08  2.350206e+08  2.457104e+03   5021548   1
       484   4.203736e+08  2.350883e+08  2.463911e+03   5031617   1
       485   3.280444e+08  2.352050e+08  2.470832e+03   5042151   1
       486   2.821133e+08  2.352343e+08  2.477768e+03   5052497   1
       487   2.611788e+08  2.352525e+08  2.491611e+03   5062618   1
       488   2.351850e+08  2.352741e+08  2.498360e+03   5073291   1
       489   3.693346e+08  2.353560e+08  2.505018e+03   5083364   1
       490   3.041765e+08  2.353752e+08  2.511770e+03   5093695   1
       491   4.368292e+08  2.353830e+08  2.518537e+03   5104206   1
       492   2.608523e+08  2.354679e+08  2.525364e+03   5114570   1
       493   2.446686e+08  2.355167e+08  2.532171e+03   5125010   1
       494   4.796530e+08  2.355301e+08  2.538930e+03   5135326   1
       495   3.319555e+08  2.355565e+08  2.545830e+03   5145700   1
       496   2.886730e+08  2.357362e+08  2.552571e+03   5156156   1
       497   2.468710e+08  2.357552e+08  2.559506e+03   5166427   1
       498   2.781305e+08  2.357973e+08  2.566466e+03   5176653   1
       499   2.953953e+08  2.360700e+08  2.573498e+03   5186727   1
       500   5.517651e+08  2.362634e+08  2.587611e+03   5197332   1
       501   5.990010e+08  2.362658e+08  2.594388e+03   5207534   1
       502   3.653885e+08  2.362952e+08  2.601168e+03   5217948   1
       503   2.575578e+08  2.363206e+08  2.607999e+03   5228182   1
       504   3.493225e+08  2.363623e+08  2.614951e+03   5238627   1
       505   3.316505e+08  2.363763e+08  2.621868e+03   5249130   1
       506   3.745979e+08  2.363892e+08  2.628809e+03   5259623   1
       507   2.180776e+08  2.364038e+08  2.635657e+03   5269532   1
       508   1.003624e+09  2.365030e+08  2.642529e+03   5279701   1
       509   7.694224e+08  2.366403e+08  2.649458e+03   5290369   1
       510   3.956417e+08  2.367232e+08  2.656520e+03   5300853   1
       511   6.791633e+08  2.367326e+08  2.663521e+03   5311057   1
       512   3.357450e+08  2.368348e+08  2.678164e+03   5321388   1
       513   3.013341e+08  2.368465e+08  2.685061e+03   5331900   1
       514   1.990815e+08  2.369143e+08  2.692054e+03   5342024   1
       515   3.848928e+08  2.369456e+08  2.698969e+03   5352484   1
       516   2.980653e+08  2.369694e+08  2.706007e+03   5363016   1
       517   2.824520e+08  2.370329e+08  2.713057e+03   5373374   1
       518   3.764246e+08  2.371200e+08  2.720078e+03   5383629   1
       519   3.557265e+08  2.372726e+08  2.727100e+03   5394193   1
       520   3.306344e+08  2.372845e+08  2.734085e+03   5404458   1
       521   2.742664e+08  2.374422e+08  2.741197e+03   5414592   1
       522   3.571886e+08  2.374953e+08  2.748291e+03   5424805   1
       523   5.972291e+08  2.374961e+08  2.755420e+03   5434973   1
       524   2.635534e+08  2.375156e+08  2.762678e+03   5445330   1
       525   2.206617e+08  2.375184e+08  2.777508e+03   5455603   1
       526   2.253542e+08  2.375520e+08  2.784558e+03   5466161   1
       527   2.648299e+08  2.376372e+08  2.791570e+03   5476726   1
       528   2.483979e+08  2.376380e+08  2.798639e+03   5487162   1
       529   3.001553e+08  2.376421e+08  2.805738e+03   5497630   1
       530   2.687878e+08  2.377370e+08  2.812889e+03   5508149   1
       531   3.244678e+08  2.378462e+08  2.819947e+03   5518525   1
       532   2.042499e+08  2.378682e+08  2.827138e+03   5528918   1
       533   7.677930e+08  2.378903e+08  2.834227e+03   5539174   1
       534   3.079088e+08  2.380029e+08  2.841398e+03   5549701   1
       535   6.174936e+08  2.380034e+08  2.848565e+03   5559665   1
       536   5.421639e+08  2.380175e+08  2.855893e+03   5569745   1
       537   1.963421e+08  2.382721e+08  2.863412e+03   5580295   1
       538   3.837535e+08  2.382789e+08  2.878464e+03   5590648   1
       539   2.344822e+08  2.384341e+08  2.885527e+03   5600809   1
       540   4.855939e+08  2.384342e+08  2.892569e+03   5611199   1
       541   2.793671e+08  2.387296e+08  2.899804e+03   5621536   1
       542   4.799160e+08  2.389211e+08  2.906916e+03   5632020   1
       543   1.507489e+08  2.389297e+08  2.914115e+03   5642267   1
       544   5.755163e+08  2.391192e+08  2.921307e+03   5652508   1
       545   8.023311e+08  2.391360e+08  2.928464e+03   5662830   1
       546   2.769103e+08  2.391709e+08  2.935737e+03   5673459   1
       547   5.959361e+08  2.391807e+08  2.942995e+03   5683820   1
       548   4.351663e+08  2.392216e+08  2.950447e+03   5694453   1
       549   4.004335e+08  2.392229e+08  2.957754e+03   5704482   1
       550   4.810519e+08  2.392280e+08  2.965186e+03   5714802   1
       551   1.676234e+08  2.392369e+08  2.972720e+03   5725238   1
       552   2.258368e+08  2.393463e+08  2.988440e+03   5735650   1
       553   2.260655e+08  2.393649e+08  2.995743e+03   5746014   1
       554   3.119048e+08  2.393789e+08  3.003025e+03   5756272   1
       555   2.323886e+08  2.393816e+08  3.010277e+03   5766614   1
       556   2.760073e+08  2.394512e+08  3.017657e+03   5777226   1
       557   3.822432e+08  2.394561e+08  3.025003e+03   5787825   1
       558   2.523792e+08  2.394622e+08  3.032389e+03   5798297   1
       559   2.491007e+08  2.395976e+08  3.039686e+03   5808895   1
       560   2.734151e+08  2.395997e+08  3.047045e+03   5819617   1
       561   3.721675e+08  2.396313e+08  3.054352e+03   5830134   1
       562   4.898347e+08  2.396675e+08  3.061823e+03   5840309   1
       563   4.174396e+08  2.399697e+08  3.069379e+03   5850918   1
       564   4.599475e+08  2.399787e+08  3.076960e+03   5861536   1
       565   3.808906e+08  2.399822e+08  3.092736e+03   5871870   1
       566   5.411591e+08  2.402065e+08  3.100136e+03   5882107   1
       567   3.039640e+08  2.403470e+08  3.107519e+03   5892441   1
       568   3.104011e+08  2.403765e+08  3.114877e+03   5902863   1
       569   3.788167e+08  2.404848e+08  3.122282e+03   5913360   1
       570   2.617851e+08  2.404851e+08  3.129765e+03   5924013   1
       571   3.454568e+08  2.404855e+08  3.137172e+03   5934259   1
       572   3.083416e+08  2.406422e+08  3.144582e+03   5944727   1
       573   2.924844e+08  2.406948e+08  3.152094e+03   5955198   1
       574   2.124342e+08  2.407326e+08  3.159585e+03   5965780   1
       575   5.632386e+08  2.410730e+08  3.167118e+03   5975985   1
       576   3.704663e+08  2.410743e+08  3.174852e+03   5986794   1
       577   3.324413e+08  2.411803e+08  3.182514e+03   5997495   1
       578   2.994815e+08  2.412504e+08  3.190282e+03   6008265   1
       579   2.915103e+08  2.412882e+08  3.206206e+03   6018591   1
       580   2.404336e+08  2.413056e+08  3.213715e+03   6029144   1
       581   2.292345e+08  2.413070e+08  3.221272e+03   6039551   1
       582   6.838152e+08  2.413137e+08  3.228808e+03   6049988   1
       583   3.961775e+08  2.416010e+08  3.236428e+03   6060656   1
       584   1.276104e+09  2.416023e+08  3.243820e+03   6070648   1
       585   2.866037e+08  2.416073e+08  3.251593e+03   6080604   1
       586   2.740844e+08  2.417654e+08  3.259192e+03   6091432   1
       587   6.884399e+08  2.419719e+08  3.266766e+03   6101698   1
       588   2.550227e+08  2.419792e+08  3.274490e+03   6112341   1
       589   2.810251e+08  2.419792e+08  3.282242e+03   6122370   1
       590   4.015245e+08  2.420470e+08  3.289982e+03   6132906   1
       591   4.193499e+08  2.420777e+08  3.297762e+03   6143279   1
       592   2.571104e+08  2.421998e+08  3.305519e+03   6153762   1
       593   4.104600e+08  2.422160e+08  3.321859e+03   6164024   1
       594   3.287764e+08  2.422165e+08  3.329503e+03   6174460   1
       595   5.507896e+08  2.424273e+08  3.337074e+03   6184809   1
       596   8.205030e+08  2.427176e+08  3.344649e+03   6195144   1
       597   3.297377e+08  2.428150e+08  3.352336e+03   6205569   1
       598   3.738358e+08  2.428257e+08  3.359989e+03   6216138   1
       599   4.951679e+08  2.428359e+08  3.367633e+03   6226731   1
       600   3.084732e+08  2.432392e+08  3.375352e+03   6236910   1
       601   4.860763e+08  2.432878e+08  3.382990e+03   6247182   1
       602   4.011316e+08  2.432880e+08  3.390744e+03   6257364   1
       603   3.583610e+08  2.433172e+08  3.398625e+03   6267961   1
       604   5.583222e+08  2.433224e+08  3.406441e+03   6278307   1
       605   3.796790e+08  2.433516e+08  3.414318e+03   6288861   1
       606   2.787046e+08  2.433603e+08  3.422232e+03   6299529   1
       607   2.530939e+08  2.433686e+08  3.438972e+03   6309848   1
       608   6.014342e+08  2.434920e+08  3.446659e+03   6320078   1
       609   8.586860e+08  2.436171e+08  3.454322e+03   6330473   1
       610   6.569375e+08  2.438700e+08  3.462033e+03   6341054   1
       611   4.051638e+08  2.438805e+08  3.469848e+03   6351343   1
       612   6.019799e+08  2.438805e+08  3.477646e+03   6361770   1
       613   2.668069e+08  2.438852e+08  3.485398e+03   6371998   1
       614   1.829802e+08  2.439127e+08  3.493277e+03   6382360   1
       615   5.523868e+08  2.439184e+08  3.501119e+03   6392743   1
       616   2.647542e+08  2.439357e+08  3.509118e+03   6403305   1
       617   6.693547e+08  2.439384e+08  3.516947e+03   6413676   1
       618   6.107979e+08  2.440960e+08  3.524968e+03   6424206   1
       619   2.594638e+08  2.442170e+08  3.533005e+03   6434751   1
       620   2.980143e+08  2.442495e+08  3.541047e+03   6445155   1
       621   2.850944e+08  2.443545e+08  3.558122e+03   6455830   1
       622   2.573412e+08  2.443639e+08  3.566044e+03   6466519   1
       623   3.691874e+08  2.443659e+08  3.573945e+03   6476910   1
       624   3.480870e+08  2.443700e+08  3.581787e+03   6487275   1
       625   2.596589e+08  2.445339e+08  3.589808e+03   6497619   1
       626   1.670890e+08  2.447113e+08  3.597761e+03   6508219   1
       627   2.707273e+08  2.447181e+08  3.605629e+03   6518672   1
       628   3.069492e+08  2.447817e+08  3.613545e+03   6529089   1
       629   4.293028e+08  2.449701e+08  3.621472e+03   6539531   1
       630   3.283565e+08  2.450987e+08  3.629352e+03   6549792   1
       631   3.684511e+08  2.451114e+08  3.637187e+03   6560313   1
       632   6.236412e+08  2.454350e+08  3.645103e+03   6570674   1
       633   2.897094e+08  2.456317e+08  3.653164e+03   6581114   1
       634   2.295073e+08  2.457240e+08  3.661485e+03   6591706   1
       635   2.664150e+08  2.457247e+08  3.669611e+03   6602055   1
       636   5.459411e+08  2.457847e+08  3.686899e+03   6612607   1
       637   1.919216e+08  2.457880e+08  3.695022e+03   6622888   1
       638   2.136860e+08  2.458750e+08  3.702922e+03   6633221   1
       639   2.676929e+08  2.458932e+08  3.710916e+03   6643788   1
       640   3.899038e+08  2.459427e+08  3.718819e+03   6654324   1
       641   2.863885e+08  2.459649e+08  3.726764e+03   6664711   1
       642   4.565320e+08  2.459678e+08  3.734738e+03   6674976   1
       643   2.890715e+08  2.459832e+08  3.742800e+03   6685375   1
       644   3.385654e+08  2.461419e+08  3.750950e+03   6695712   1
       645   2.240974e+08  2.461422e+08  3.759112e+03   6705780   1
       646   4.795945e+08  2.462169e+08  3.767410e+03   6716087   1
       647   3.611506e+08  2.462729e+08  3.775608e+03   6726348   1
       648   1.646126e+08  2.462786e+08  3.783973e+03   6736598   1
       649   5.155894e+08  2.464183e+08  3.792227e+03   6746860   1
       650   2.217831e+08  2.467218e+08  3.809695e+03   6757343   1
       651   2.518927e+08  2.467287e+08  3.817750e+03   6767775   1
       652   5.055824e+08  2.468984e+08  3.825799e+03   6778331   1
       653   2.245317e+08  2.468985e+08  3.833906e+03   6788748   1
       654   5.131960e+08  2.469702e+08  3.841879e+03   6799092   1
       655   2.351559e+08  2.469763e+08  3.850038e+03   6809662   1
       656   2.448974e+08  2.471016e+08  3.858106e+03   6820088   1
       657   3.109409e+08  2.471032e+08  3.866233e+03   6830680   1
       658   3.865777e+08  2.471050e+08  3.874372e+03   6840937   1
       659   2.349598e+08  2.471057e+08  3.882552e+03   6851038   1
       660   2.050640e+08  2.471280e+08  3.890781e+03   6861481   1
       661   6.466331e+08  2.471695e+08  3.899019e+03   6871789   1
       662   3.451038e+08  2.471719e+08  3.907215e+03   6882443   1
       663   2.219522e+08  2.472311e+08  3.915769e+03   6892899   1
       664   2.038028e+08  2.472390e+08  3.933402e+03   6903246   1
       665   5.835021e+08  2.472395e+08  3.941480e+03   6913308   1
       666   2.414874e+08  2.474003e+08  3.949575e+03   6923899   1
       667   2.072351e+08  2.474059e+08  3.957810e+03   6934289   1
       668   2.063429e+08  2.474155e+08  3.965983e+03   6944575   1
       669   2.916824e+08  2.474163e+08  3.974255e+03   6955265   1
       670   5.493794e+08  2.474185e+08  3.982386e+03   6965552   1
       671   4.017700e+08  2.474185e+08  3.990727e+03   6976082   1
       672   5.632745e+08  2.474317e+08  3.998906e+03   6986425   1
       673   3.083485e+08  2.474382e+08  4.007251e+03   6996921   1
       674   2.647057e+08  2.474867e+08  4.015468e+03   7007356   1
       675   3.141858e+08  2.474867e+08  4.023852e+03   7017884   1
       676   3.328214e+08  2.475804e+08  4.032255e+03   7028510   1
       677   2.721624e+08  2.475998e+08  4.040611e+03   7038803   1
       678   2.791398e+08  2.475999e+08  4.049086e+03   7048904   1
       679   6.588248e+08  2.476406e+08  4.067069e+03   7059374   1
       680   2.330433e+08  2.476521e+08  4.075377e+03   7069725   1
       681   3.106900e+08  2.476521e+08  4.083547e+03   7080349   1
       682   2.171214e+08  2.477570e+08  4.091926e+03   7090834   1
       683   7.800358e+08  2.478112e+08  4.100274e+03   7101001   1
       684   5.220994e+08  2.478176e+08  4.108539e+03   7111530   1
       685   5.431462e+08  2.478723e+08  4.116928e+03   7122133   1
       686   2.954507e+08  2.478865e+08  4.125275e+03   7132800   1
       687   2.324467e+08  2.478961e+08  4.133634e+03   7143258   1
       688   2.445725e+08  2.480533e+08  4.142041e+03   7153561   1
       689   2.602414e+08  2.480581e+08  4.150411e+03   7163968   1
       690   4.931849e+08  2.481224e+08  4.158818e+03   7174618   1
       691   2.523418e+08  2.481229e+08  4.167317e+03   7184917   1
       692   2.036061e+08  2.481372e+08  4.175959e+03   7195075   1
       693   4.545321e+08  2.481672e+08  4.184493e+03   7205533   1
       694   2.185340e+08  2.481861e+08  4.202688e+03   7216396   1
       695   7.955977e+08  2.481863e+08  4.211084e+03   7226450   1
       696   2.546010e+08  2.487575e+08  4.219537e+03   7236982   1
       697   2.548286e+08  2.488554e+08  4.228053e+03   7247583   1
       698   3.471097e+08  2.488564e+08  4.236537e+03   7258023   1
       699   4.087984e+08  2.488585e+08  4.244939e+03   7268621   1
       700   2.015197e+08  2.489649e+08  4.253463e+03   7279209   1
       701   2.793625e+08  2.490185e+08  4.261993e+03   7289626   1
       702   4.884244e+08  2.490394e+08  4.270459e+03   7299770   1
       703   4.196576e+08  2.491298e+08  4.278906e+03   7310472   1
       704   3.087846e+08  2.491461e+08  4.287451e+03   7321089   1
       705   4.238134e+08  2.491505e+08  4.295929e+03   7331352   1
       706   3.083712e+08  2.491772e+08  4.304557e+03   7342069   1
       707   2.738924e+08  2.492267e+08  4.313211e+03   7352666   1
       708   1.874517e+08  2.493837e+08  4.322450e+03   7363220   1
       709   1.690329e+08  2.494334e+08  4.341197e+03   7373698   1
       710   3.981821e+08  2.494334e+08  4.349671e+03   7384091   1
       711   6.421994e+08  2.494440e+08  4.358088e+03   7394520   1
       712   2.724214e+08  2.494441e+08  4.366636e+03   7404763   1
       713   3.190086e+08  2.494445e+08  4.375170e+03   7415269   1
       714   2.980153e+08  2.494490e+08  4.383684e+03   7425826   1
       715   3.472190e+08  2.494521e+08  4.392301e+03   7436122   1
       716   4.882362e+08  2.494626e+08  4.400797e+03   7446595   1
       717   2.545571e+08  2.494627e+08  4.409406e+03   7457295   1
       718   2.526503e+08  2.496341e+08  4.418014e+03   7467810   1
       719   5.564364e+08  2.498761e+08  4.426740e+03   7478095   1
       720   7.350994e+08  2.499313e+08  4.435328e+03   7488226   1
       721   1.870469e+08  2.499701e+08  4.444278e+03   7498298   1
       722   2.085541e+08  2.499892e+08  4.453193e+03   7508828   1
       723   6.554213e+08  2.499908e+08  4.462025e+03   7519235   1
       724   2.819950e+08  2.499944e+08  4.470951e+03   7529782   1
       725   3.471836e+08  2.500279e+08  4.489795e+03   7540097   1
       726   2.410850e+08  2.500340e+08  4.498466e+03   7550827   1
       727   2.458013e+08  2.500370e+08  4.507088e+03   7561290   1
       728   6.180356e+08  2.500410e+08  4.515760e+03   7571679   1
       729   2.736437e+08  2.500965e+08  4.524534e+03   7581983   1
       730   3.746737e+08  2.501021e+08  4.533252e+03   7592519   1
       731   2.658880e+08  2.501037e+08  4.541943e+03   7603224   1
       732   2.889116e+08  2.501729e+08  4.550570e+03   7613726   1
       733   2.688398e+08  2.502006e+08  4.559386e+03   7624145   1
       734   2.798609e+08  2.502802e+08  4.568049e+03   7634836   1
       735   3.600590e+08  2.503131e+08  4.576747e+03   7645439   1
       736   6.910103e+08  2.503153e+08  4.585431e+03   7655712   1
       737   5.041780e+08  2.504236e+08  4.594218e+03   7666080   1
       738   3.437052e+08  2.504476e+08  4.603176e+03   7676614   1
       739   2.738156e+08  2.504935e+08  4.612079e+03   7686780   1
       740   2.194422e+08  2.504981e+08  4.621209e+03   7697063   1
       741   3.479741e+08  2.505011e+08  4.640157e+03   7707521   1
       742   2.471102e+08  2.505273e+08  4.648962e+03   7718090   1
       743   4.731511e+08  2.505578e+08  4.657742e+03   7728436   1
       744   2.903810e+08  2.507495e+08  4.666535e+03   7738881   1
       745   2.571967e+08  2.508986e+08  4.675388e+03   7749368   1
       746   3.273204e+08  2.510283e+08  4.684234e+03   7759484   1
       747   3.396647e+08  2.511598e+08  4.693015e+03   7769768   1
       748   2.628654e+08  2.511796e+08  4.702048e+03   7780267   1
       749   2.574372e+08  2.511809e+08  4.710932e+03   7790752   1
       750   3.902893e+08  2.513054e+08  4.719839e+03   7801248   1
       751   2.234891e+08  2.513320e+08  4.728810e+03   7811827   1
       752   1.148763e+09  2.513341e+08  4.737766e+03   7821787   1
       753   5.171433e+08  2.514622e+08  4.746897e+03   7832118   1
       754   3.830393e+08  2.514630e+08  4.755993e+03   7842379   1
       755   2.414046e+08  2.514697e+08  4.765410e+03   7852614   1
       756   7.723335e+08  2.514809e+08  4.774536e+03   7862518   1
       757   3.557573e+08  2.515424e+08  4.793944e+03   7872645   1
       758   2.529182e+08  2.515450e+08  4.802858e+03   7882648   1
       759   3.625508e+08  2.515584e+08  4.811818e+03   7893261   1
       760   1.960217e+08  2.515767e+08  4.820724e+03   7903887   1
       761   1.618390e+08  2.515781e+08  4.829650e+03   7914332   1
       762   2.905099e+08  2.515796e+08  4.838625e+03   7924613   1
       763   2.454198e+08  2.516213e+08  4.847562e+03   7935094   1
       764   4.171216e+08  2.516228e+08  4.856621e+03   7945370   1
       765   3.392407e+08  2.516332e+08  4.865563e+03   7955715   1
       766   3.025351e+08  2.516739e+08  4.874631e+03   7965901   1
       767   2.027260e+08  2.516763e+08  4.883823e+03   7976236   1
       768   3.638363e+08  2.517281e+08  4.892840e+03   7986338   1
       769   7.916610e+08  2.517284e+08  4.901890e+03   7996832   1
       770   1.930802e+08  2.518360e+08  4.911081e+03   8007196   1
       771   2.462995e+08  2.518426e+08  4.920330e+03   8017576   1
       772   2.771407e+08  2.518740e+08  4.929624e+03   8027789   1
       773   2.447686e+08  2.519015e+08  4.949235e+03   8038304   1
       774   1.960606e+08  2.519583e+08  4.958407e+03   8048907   1
       775   5.108460e+08  2.519616e+08  4.967404e+03   8059422   1
       776   6.236140e+08  2.520140e+08  4.976368e+03   8069602   1
       777   5.278305e+08  2.520154e+08  4.985386e+03   8079775   1
       778   6.162008e+08  2.520388e+08  4.994420e+03   8090292   1
       779   3.294029e+08  2.521463e+08  5.003511e+03   8100671   1
       780   2.250916e+08  2.522428e+08  5.012631e+03   8111176   1
       781   2.442397e+08  2.522433e+08  5.021686e+03   8121892   1
       782   3.863825e+08  2.522586e+08  5.030908e+03   8132509   1
       783   3.563120e+08  2.523256e+08  5.040121e+03   8143037   1
       784   3.283067e+08  2.523263e+08  5.049452e+03   8153570   1
       785   1.626259e+08  2.523292e+08  5.058719e+03   8164076   1
       786   3.161192e+08  2.523313e+08  5.068071e+03   8174420   1
       787   5.222614e+08  2.524136e+08  5.077285e+03   8184577   1
       788   1.702165e+08  2.524236e+08  5.086703e+03   8195344   1
       789   3.452160e+08  2.524239e+08  5.106968e+03   8205723   1
       790   9.670851e+08  2.524309e+08  5.115902e+03   8215855   1
       791   3.159305e+08  2.524350e+08  5.125102e+03   8226520   1
       792   3.664509e+08  2.524803e+08  5.134362e+03   8236637   1
       793   2.545677e+08  2.525485e+08  5.143832e+03   8247210   1
       794   7.884130e+08  2.525514e+08  5.152874e+03   8257353   1
       795   3.348982e+08  2.525691e+08  5.162098e+03   8267660   1
       796   6.888235e+08  2.525692e+08  5.171231e+03   8277885   1
       797   2.241914e+08  2.525693e+08  5.180574e+03   8288571   1
       798   5.113263e+08  2.526113e+08  5.189729e+03   8298901   1
       799   2.486626e+08  2.526309e+08  5.199117e+03   8309123   1
       800   3.038970e+08  2.526408e+08  5.208481e+03   8319220   1
       801   2.451571e+08  2.526515e+08  5.217851e+03   8330110   1
       802   2.284084e+08  2.526520e+08  5.227410e+03   8340571   1
       803   2.204520e+08  2.526535e+08  5.237111e+03   8350877   1
       804   3.005225e+08  2.526624e+08  5.246542e+03   8361322   1
       805   3.681002e+08  2.526703e+08  5.256081e+03   8371859   1
       806   2.101525e+08  2.527238e+08  5.276496e+03   8382270   1
       807   4.204517e+08  2.527243e+08  5.285831e+03   8392759   1
       808   3.963398e+08  2.527523e+08  5.295158e+03   8402992   1
       809   4.731135e+08  2.527523e+08  5.304432e+03   8412967   1
       810   2.832091e+08  2.527662e+08  5.313792e+03   8423342   1
       811   2.699070e+08  2.528931e+08  5.323284e+03   8433709   1
       812   4.127542e+08  2.528976e+08  5.332608e+03   8444030   1
       813   3.507490e+08  2.529131e+08  5.341977e+03   8454538   1
       814   2.841859e+08  2.529150e+08  5.351281e+03   8464696   1
       815   2.527475e+08  2.529417e+08  5.360787e+03   8475417   1
       816   4.623429e+08  2.529458e+08  5.370238e+03   8485796   1
       817   3.250769e+08  2.530523e+08  5.379809e+03   8495878   1
       818   2.416339e+08  2.530539e+08  5.389428e+03   8506253   1
       819   2.415003e+08  2.530670e+08  5.399071e+03   8516712   1
       820   6.574335e+08  2.530887e+08  5.408505e+03   8527080   1
       821   5.668701e+08  2.531006e+08  5.418144e+03   8537667   1
       822   2.629346e+08  2.531029e+08  5.439068e+03   8548081   1
       823   3.224312e+08  2.531042e+08  5.448332e+03   8558423   1
       824   4.972086e+08  2.531255e+08  5.457752e+03   8568624   1
       825   2.138176e+08  2.532984e+08  5.467192e+03   8578854   1
       826   2.978377e+08  2.532991e+08  5.476583e+03   8589015   1
       827   3.300450e+08  2.533185e+08  5.486181e+03   8599155   1
       828   6.969923e+08  2.533358e+08  5.495591e+03   8609474   1
       829   5.703895e+08  2.533955e+08  5.505015e+03   8619885   1
       830   5.710960e+08  2.535170e+08  5.514434e+03   8630421   1
       831   2.290060e+08  2.535184e+08  5.524014e+03   8641001   1
       832   7.897104e+08  2.535305e+08  5.533444e+03   8651371   1
       833   2.840362e+08  2.535988e+08  5.542935e+03   8661660   1
       834   2.014683e+08  2.535998e+08  5.552524e+03   8671981   1
       835   2.560106e+08  2.536004e+08  5.562262e+03   8682196   1
       836   2.956285e+08  2.536007e+08  5.571876e+03   8692879   1
       837   2.464868e+08  2.536013e+08  5.581640e+03   8703377   1
       838   3.157773e+08  2.536041e+08  5.591764e+03   8713958   1
       839   2.435106e+08  2.536793e+08  5.613217e+03   8724091   1
       840   4.068025e+08  2.537441e+08  5.622793e+03   8734129   1
       841   3.439772e+08  2.537511e+08  5.632421e+03   8744710   1
       842   3.516368e+08  2.538438e+08  5.641946e+03   8754742   1
       843   2.648233e+08  2.538447e+08  5.651576e+03   8765441   1
       844   2.405720e+08  2.538455e+08  5.661215e+03   8776058   1
       845   3.264283e+08  2.538620e+08  5.670774e+03   8786688   1
       846   2.494056e+08  2.538625e+08  5.680429e+03   8796621   1
       847   3.994943e+08  2.538662e+08  5.690226e+03   8806953   1
       848   2.091256e+08  2.538712e+08  5.699934e+03   8817387   1
       849   4.581982e+08  2.538720e+08  5.709645e+03   8827728   1
       850   4.470501e+08  2.538747e+08  5.719314e+03   8837995   1
       851   4.668960e+08  2.538776e+08  5.728990e+03   8848428   1
       852   2.882751e+08  2.538783e+08  5.738908e+03   8858919   1
       853   2.870553e+08  2.538811e+08  5.748700e+03   8869551   1
       854   3.273322e+08  2.539298e+08  5.758488e+03   8879775   1
       855   2.088656e+08  2.539319e+08  5.768517e+03   8890423   1
       856   2.374438e+08  2.540863e+08  5.790213e+03   8900810   1
       857   2.799392e+08  2.540872e+08  5.800118e+03   8911040   1
       858   5.618507e+08  2.540884e+08  5.809858e+03   8921387   1
       859   3.516136e+08  2.541663e+08  5.819554e+03   8931638   1
       860   2.154572e+08  2.541730e+08  5.829326e+03   8941860   1
       861   3.314509e+08  2.541882e+08  5.839085e+03   8952393   1
       862   3.218335e+08  2.542304e+08  5.848862e+03   8962826   1
       863   3.159259e+08  2.542434e+08  5.858672e+03   8973439   1
       864   3.460450e+08  2.542439e+08  5.868503e+03   8983609   1
       865   7.697205e+08  2.542452e+08  5.878297e+03   8994044   1
       866   4.778238e+08  2.542469e+08  5.888131e+03   9004641   1
       867   2.881801e+08  2.542473e+08  5.898007e+03   9014997   1
       868   7.317067e+08  2.543158e+08  5.907781e+03   9025068   1
       869   3.428454e+08  2.543214e+08  5.917798e+03   9035526   1
       870   2.420872e+08  2.543222e+08  5.927861e+03   9045564   1
       871   4.044950e+08  2.543263e+08  5.937861e+03   9055840   1
       872   3.707241e+08  2.543336e+08  5.947937e+03   9066351   1
       873   2.551683e+08  2.544854e+08  5.958049e+03   9076640   1
       874   3.422184e+08  2.545303e+08  5.979714e+03   9086895   1
       875   2.425289e+08  2.545331e+08  5.989691e+03   9097406   1
       876   2.370714e+08  2.545653e+08  5.999511e+03   9107836   1
       877   2.593640e+08  2.545995e+08  6.009493e+03   9118101   1
       878   2.060962e+08  2.546080e+08  6.019395e+03   9128388   1
       879   6.796169e+08  2.546089e+08  6.029315e+03   9138526   1
       880   3.819708e+08  2.546293e+08  6.039313e+03   9148877   1
       881   2.930608e+08  2.549102e+08  6.049324e+03   9159265   1
       882   2.685093e+08  2.549339e+08  6.059336e+03   9169718   1
       883   2.578171e+08  2.549867e+08  6.069248e+03   9180392   1
       884   2.493436e+08  2.549910e+08  6.079254e+03   9190860   1
       885   4.960477e+08  2.549927e+08  6.089236e+03   9201110   1
       886   2.647241e+08  2.550040e+08  6.099387e+03   9211858   1
       887   5.114285e+08  2.550143e+08  6.109423e+03   9222246   1
       888   8.893947e+08  2.550188e+08  6.119607e+03   9232500   1
       889   2.714313e+08  2.550440e+08  6.129949e+03   9242822   1
       890   2.548782e+08  2.550440e+08  6.140303e+03   9253041   1
       891   3.819650e+08  2.550779e+08  6.162707e+03   9263223   1
       892   2.149396e+08  2.550804e+08  6.172788e+03   9273727   1
       893   3.394672e+08  2.550830e+08  6.182756e+03   9284223   1
       894   4.013351e+08  2.550881e+08  6.192867e+03   9294760   1
       895   4.220950e+08  2.551949e+08  6.202803e+03   9305076   1
       896   4.825857e+08  2.551980e+08  6.212942e+03   9315627   1
       897   2.634275e+08  2.552805e+08  6.222968e+03   9326158   1
       898   2.982560e+08  2.552806e+08  6.232984e+03   9336760   1
       899   4.505388e+08  2.552808e+08  6.242949e+03   9347196   1
       900   3.676869e+08  2.553319e+08  6.253188e+03   9357489   1
       901   9.359566e+08  2.553324e+08  6.263198e+03   9367642   1
       902   1.107829e+09  2.553325e+08  6.273155e+03   9377747   1
       903   2.228877e+08  2.554245e+08  6.283492e+03   9388227   1
       904   2.602048e+08  2.554249e+08  6.293761e+03   9398634   1
       905   2.969032e+08  2.554263e+08  6.304058e+03   9409057   1
       906   3.771375e+08  2.554276e+08  6.314536e+03   9419339   1
       907   3.097988e+08  2.554281e+08  6.324932e+03   9429610   1
       908   4.171105e+08  2.554336e+08  6.335394e+03   9439864   1
       909   2.599666e+08  2.554754e+08  6.358220e+03   9450440   1
       910   3.030097e+08  2.554766e+08  6.368319e+03   9460987   1
       911   2.360480e+08  2.555305e+08  6.378434e+03   9471608   1
       912   2.490986e+08  2.555941e+08  6.388547e+03   9482054   1
       913   4.433099e+08  2.555961e+08  6.398827e+03   9492470   1
       914   4.183310e+08  2.556278e+08  6.409062e+03   9502888   1
       915   3.196555e+08  2.557424e+08  6.419389e+03   9513133   1
       916   3.404053e+08  2.557785e+08  6.429669e+03   9523554   1
       917   3.110397e+08  2.558477e+08  6.439918e+03   9533793   1
       918   2.173346e+08  2.559613e+08  6.450171e+03   9544381   1
       919   3.059489e+08  2.559749e+08  6.460385e+03   9554627   1
       920   3.129338e+08  2.559766e+08  6.470721e+03   9565017   1
       921   2.832914e+08  2.559848e+08  6.481122e+03   9575580   1
       922   3.680799e+08  2.560548e+08  6.491419e+03   9585696   1
       923   2.409312e+08  2.560609e+08  6.501869e+03   9596127   1
       924   2.975226e+08  2.561091e+08  6.512454e+03   9606425   1
       925   3.094415e+08  2.561091e+08  6.523173e+03   9617065   1
       926   4.919902e+08  2.561091e+08  6.546167e+03   9627412   1
       927   3.964209e+08  2.562117e+08  6.556461e+03   9637787   1
       928   4.825851e+08  2.562175e+08  6.566669e+03   9648227   1
       929   2.952727e+08  2.563180e+08  6.576896e+03   9658688   1
       930   3.951311e+08  2.563196e+08  6.587234e+03   9668908   1
       931   2.940778e+08  2.563209e+08  6.597608e+03   9679463   1
       932   2.319467e+08  2.564325e+08  6.607831e+03   9690043   1
       933   4.001813e+08  2.564327e+08  6.618223e+03   9700154   1
       934   2.201154e+08  2.564332e+08  6.628535e+03   9710802   1
       935   3.268985e+08  2.565024e+08  6.638857e+03   9721358   1
       936   5.475599e+08  2.565041e+08  6.649264e+03   9731583   1
       937   3.909053e+08  2.565133e+08  6.659651e+03   9741732   1
       938   2.649032e+08  2.565140e+08  6.670115e+03   9752356   1
       939   6.322254e+08  2.565286e+08  6.680399e+03   9762852   1
       940   4.753017e+08  2.565303e+08  6.691000e+03   9773430   1
       941   3.081063e+08  2.565336e+08  6.701445e+03   9783841   1
       942   2.759084e+08  2.565580e+08  6.712105e+03   9794017   1
       943   2.093567e+08  2.566038e+08  6.722671e+03   9804101   1
       944   2.779368e+08  2.566069e+08  6.746212e+03   9814614   1
       945   7.762388e+08  2.566334e+08  6.756616e+03   9824926   1
       946   3.306929e+08  2.566337e+08  6.767096e+03   9835276   1
       947   3.744415e+08  2.566371e+08  6.777407e+03   9845658   1
       948   2.640082e+08  2.566993e+08  6.787950e+03   9856168   1
       949   2.669348e+08  2.567174e+08  6.798430e+03   9866342   1
       950   3.304109e+08  2.567312e+08  6.809086e+03   9876781   1
       951   6.327418e+08  2.568072e+08  6.819435e+03   9887003   1
       952   2.392423e+08  2.568501e+08  6.830095e+03   9897905   1
       953   5.006475e+08  2.568632e+08  6.840502e+03   9908331   1
       954   4.146764e+08  2.568685e+08  6.851097e+03   9918656   1
       955   7.305606e+08  2.570206e+08  6.861731e+03   9929100   1
       956   3.089638e+08  2.570208e+08  6.872285e+03   9939551   1
       957   4.615017e+08  2.570480e+08  6.882811e+03   9949852   1
       958   2.780073e+08  2.570491e+08  6.893556e+03   9960283   1
       959   3.265187e+08  2.570571e+08  6.904242e+03   9970938   1
       960   2.382924e+08  2.570619e+08  6.915211e+03   9980932   1
       961   2.856680e+08  2.570627e+08  6.925969e+03   9991618   1
       962   2.502869e+08  2.572265e+08  6.936953e+03  10002416   1
       963   7.223534e+08  2.572650e+08  6.960642e+03  10012530   1
       964   4.177880e+08  2.572675e+08  6.971390e+03  10022703   1
       965   5.950262e+08  2.573824e+08  6.981943e+03  10033137   1
       966   2.407120e+08  2.574391e+08  6.992516e+03  10043529   1
       967   2.867896e+08  2.574409e+08  7.003279e+03  10054000   1
       968   3.087415e+08  2.575293e+08  7.013914e+03  10064586   1
       969   1.936950e+08  2.576339e+08  7.024594e+03  10075218   1
       970   3.670129e+08  2.576349e+08  7.035243e+03  10085629   1
       971   4.301830e+08  2.576406e+08  7.046082e+03  10096080   1
       972   2.454688e+08  2.577845e+08  7.056782e+03  10106247   1
       973   3.816435e+08  2.577869e+08  7.067705e+03  10116453   1
       974   2.678687e+08  2.578006e+08  7.078409e+03  10127203   1
       975   4.857096e+08  2.578123e+08  7.088988e+03  10137484   1
       976   4.164636e+08  2.578438e+08  7.099647e+03  10147992   1
       977   3.715358e+08  2.578551e+08  7.110348e+03  10158499   1
       978   4.383881e+08  2.579574e+08  7.121216e+03  10168746   1
       979   2.250317e+08  2.579693e+08  7.132268e+03  10179300   1
       980   2.523880e+08  2.579726e+08  7.143381e+03  10189839   1
       981   2.396186e+08  2.580179e+08  7.167403e+03  10200443   1
       982   3.076942e+08  2.580185e+08  7.178097e+03  10211166   1
       983   5.219220e+08  2.580300e+08  7.188760e+03  10221428   1
       984   2.565735e+08  2.580626e+08  7.199494e+03  10231798   1
       985   2.380729e+08  2.580658e+08  7.210374e+03  10241963   1
-------------------------------------------------------------------
status         : time_limit
total time (s) : 7.210374e+03
total solves   : 10241963
best bound     :  2.580658e+08
simulation ci  :  3.833435e+08  1.215060e+07
numeric issues : 0
-------------------------------------------------------------------

 
                                        Time                    Allocations      
                                  
       Tot / % measured:            2.00h /  99.9%            837GiB /  99.9%    

 Section               ncalls     time    %tot     avg     alloc    %tot      avg
 
 backward_pass            985    1.99h   99.5%   7.28s    829GiB   99.1%   861MiB
   solve_subproblem     10.1M    2605s   36.1%   257s    514GiB   61.5%  53.2KiB
     get_dual_solution  10.1M    49.3s    0.7%  4.87s   14.5GiB    1.7%  1.50KiB
   prepare_backward...  1.97k    1.39s    0.0%   706s    314MiB    0.0%   163KiB
 forward_pass             985    31.1s    0.4%  31.6ms   6.88GiB    0.8%  7.15MiB
   solve_subproblem      118k    28.8s    0.4%   244s   6.02GiB    0.7%  53.4KiB
     get_dual_solution   118k    119ms    0.0%  1.01s   63.1MiB    0.0%     560B
   sample_scenario        985   5.10ms    0.0%  5.18s    154KiB    0.0%     160B
 calculate_bound          985    2.42s    0.0%  2.46ms    844MiB    0.1%   877KiB
   get_dual_solution      985   1.29ms    0.0%  1.31s    539KiB    0.0%     560B
 


||||||||||||||||||||||||||||||||||||||||||||||||||||||||||||||||||||||||||||||||||||||||||||||||||||||||||||||||||||||||||||||||||||||||
SIMULATION RESULTS
LogLinearSDDP.NoSimulation()
markov
Lower bound: 2.5806575328390858e8
Statistical upper bound (confidence interval): 3.171992294534607e8  6.2567334242771575e6
Pessimistic upper bound: 3.234559628777379e8

||||||||||||||||||||||||||||||||||||||||||||||||||||||||||||||||||||||||||||||||||||||||||||||||||||||||||||||||||||||||||||||||||||||||
SIMULATION RESULTS
LogLinearSDDP.NoSimulation()
markov
Lower bound: 2.5806575328390858e8
Statistical upper bound (confidence interval): 2.039257799358394e8  4.941676014022075e6
Pessimistic upper bound: 2.088674559498615e8

||||||||||||||||||||||||||||||||||||||||||||||||||||||||||||||||||||||||||||||||||||||||||||||||||||||||||||||||||||||||||||||||||||||||
SIMULATION RESULTS
LogLinearSDDP.NoSimulation()
custom_model
Lower bound: 2.5806575328390858e8
Statistical upper bound (confidence interval): 3.84817068819234e8  8.14541601009181e6
Pessimistic upper bound: 3.929624848293258e8

||||||||||||||||||||||||||||||||||||||||||||||||||||||||||||||||||||||||||||||||||||||||||||||||||||||||||||||||||||||||||||||||||||||||
SIMULATION RESULTS
LogLinearSDDP.NoSimulation()
custom_model
Lower bound: 2.5806575328390858e8
Statistical upper bound (confidence interval): 2.4518051556888494e8  6.401695910251317e6
Pessimistic upper bound: 2.5158221147913626e8

||||||||||||||||||||||||||||||||||||||||||||||||||||||||||||||||||||||||||||||||||||||||||||||||||||||||||||||||||||||||||||||||||||||||
SIMULATION RESULTS
LogLinearSDDP.NoSimulation()
fitted_model
Lower bound: 2.5806575328390858e8
Statistical upper bound (confidence interval): 2.8143377505143946e8  4.963586694569628e6
Pessimistic upper bound: 2.863973617460091e8

||||||||||||||||||||||||||||||||||||||||||||||||||||||||||||||||||||||||||||||||||||||||||||||||||||||||||||||||||||||||||||||||||||||||
SIMULATION RESULTS
LogLinearSDDP.NoSimulation()
fitted_model
Lower bound: 2.5806575328390858e8
Statistical upper bound (confidence interval): 1.8689856251736823e8  3.9441636411017547e6
Pessimistic upper bound: 1.9084272615846997e8

||||||||||||||||||||||||||||||||||||||||||||||||||||||||||||||||||||||||||||||||||||||||||||||||||||||||||||||||||||||||||||||||||||||||
SIMULATION RESULTS
LogLinearSDDP.NoSimulation()
shapiro_model
Lower bound: 2.5806575328390858e8
Statistical upper bound (confidence interval): 2.8891961719752294e8  5.5643576473411685e6
Pessimistic upper bound: 2.9448397484486413e8

||||||||||||||||||||||||||||||||||||||||||||||||||||||||||||||||||||||||||||||||||||||||||||||||||||||||||||||||||||||||||||||||||||||||
SIMULATION RESULTS
LogLinearSDDP.NoSimulation()
shapiro_model
Lower bound: 2.5806575328390858e8
Statistical upper bound (confidence interval): 1.9086802642959878e8  4.423309287750839e6
Pessimistic upper bound: 1.9529133571734962e8

||||||||||||||||||||||||||||||||||||||||||||||||||||||||||||||||||||||||||||||||||||||||||||||||||||||||||||||||||||||||||||||||||||||||
SIMULATION RESULTS
LogLinearSDDP.NoSimulation()
markov
Lower bound: 2.5790953857367963e8
Statistical upper bound (confidence interval): 4.794535101494625e8  8.066270030955723e7
Pessimistic upper bound: 5.601162104590198e8

||||||||||||||||||||||||||||||||||||||||||||||||||||||||||||||||||||||||||||||||||||||||||||||||||||||||||||||||||||||||||||||||||||||||
SIMULATION RESULTS
LogLinearSDDP.NoSimulation()
markov
Lower bound: 2.5790953857367963e8
Statistical upper bound (confidence interval): 3.1327588650914806e8  6.559284517202375e7
Pessimistic upper bound: 3.7886873168117183e8
