||||||||||||||||||||||||||||||||||||||||||||||||||||||||||||||||||||||||||||||||||||||||||||||||||||||||||||||||||||||||||||||||||||||||
PATH
calling 
C:\Users\cg4102\Documents\New LogLinearSDDP\LogLinearSDDP.jl\Examples\Hydrothermal
C:\Users\cg4102\Documents\New LogLinearSDDP\LogLinearSDDP.jl\Examples\Hydrothermal\run_model_markov.jl
DATETIME
2025-04-28T17:44:07.662
RUN DESCRIPTION
LogLinearSDDP.AlgoParams(SDDP.AbstractStoppingRule[SDDP.TimeLimit(7200.0)], LogLinearSDDP.NoSimulation(), false, 2, 1, "C:/Users/cg4102/Documents/julia_logs/Cut-sharing Re-Run (2h)/Run_MC-SDDP_custom_model_444444/MC-SDDP.log", false, false, false, 444444, "MC-SDDP: 100 nodes, custom_model", :fitted_model)
-------------------------------------------------------------------
         SDDP.jl (c) Oscar Dowson and contributors, 2017-23
-------------------------------------------------------------------
problem
  nodes           : 11901
  state variables : 4
  scenarios       : 6.68857e+229
  existing cuts   : false
options
  solver          : serial mode
  risk measure    : SDDP.Expectation()
  sampling scheme : SDDP.Historical{String, Dict{String, Float64}}
subproblem structure
  VariableRef                                  : [142, 142]
  JuMP.AffExpr in MOI.EqualTo{Float64}         : [13, 13]
  JuMP.VariableRef in MOI.GreaterThan{Float64} : [138, 138]
  JuMP.VariableRef in MOI.LessThan{Float64}    : [129, 130]
-------------------------------------------------------------------
 iteration    simulation      bound        time (s)     solves  pid
-------------------------------------------------------------------
         1   2.206454e+09  7.974376e+05  6.075000e+00     10482   1
         2   9.424601e+08  3.841715e+06  9.646000e+00     20968   1
         3   1.074722e+09  3.904937e+06  1.268900e+01     31200   1
         4   5.092750e+08  3.940121e+06  1.607200e+01     41642   1
         5   6.301574e+08  8.925604e+06  1.916900e+01     52025   1
         6   1.093759e+09  1.252145e+07  2.246700e+01     62425   1
         7   8.462778e+08  2.711013e+07  2.580900e+01     72948   1
         8   5.487728e+08  2.979135e+07  2.878400e+01     83203   1
         9   4.856716e+08  3.294012e+07  3.217400e+01     93718   1
        10   3.335380e+08  3.975611e+07  3.523400e+01    104138   1
        11   2.621832e+08  4.570073e+07  3.841700e+01    114175   1
        12   3.240506e+08  4.667726e+07  4.169500e+01    124944   1
        13   4.483406e+08  4.756709e+07  4.504600e+01    135518   1
        14   1.867057e+08  4.813176e+07  4.824400e+01    145849   1
        15   3.088075e+08  5.130052e+07  5.132600e+01    156221   1
        16   8.775874e+08  5.149116e+07  5.427200e+01    166590   1
        17   6.525427e+08  5.388218e+07  5.736100e+01    176848   1
        18   8.737223e+08  5.436696e+07  6.322500e+01    187154   1
        19   4.735634e+08  5.512862e+07  6.614600e+01    197533   1
        20   3.719171e+08  5.562787e+07  6.916400e+01    208073   1
        21   1.682166e+08  5.563131e+07  7.207000e+01    218639   1
        22   6.638156e+08  5.708550e+07  7.490600e+01    228736   1
        23   4.077055e+08  5.741621e+07  7.775300e+01    239255   1
        24   2.431950e+08  6.515205e+07  8.080900e+01    249718   1
        25   4.606116e+08  6.853733e+07  8.377100e+01    259991   1
        26   5.720746e+08  7.081681e+07  8.674700e+01    270231   1
        27   3.472242e+08  7.286170e+07  8.975000e+01    280679   1
        28   3.310384e+08  7.366192e+07  9.263300e+01    290935   1
        29   3.609480e+08  7.731526e+07  9.567600e+01    301363   1
        30   8.504586e+08  7.781446e+07  9.876500e+01    311819   1
        31   5.977718e+08  7.808742e+07  1.017950e+02    322104   1
        32   3.040663e+08  8.088017e+07  1.049380e+02    332724   1
        33   3.698388e+08  8.334737e+07  1.082980e+02    343335   1
        34   2.386912e+08  8.511067e+07  1.113620e+02    353675   1
        35   5.972602e+08  8.621612e+07  1.143320e+02    364073   1
        36   6.309124e+08  8.824273e+07  1.174600e+02    374610   1
        37   4.473247e+08  9.239437e+07  1.207740e+02    385241   1
        38   6.482760e+08  9.554018e+07  1.237990e+02    395397   1
        39   3.215528e+08  9.734191e+07  1.268900e+02    405830   1
        40   5.588261e+08  9.763770e+07  1.299190e+02    416184   1
        41   3.857176e+08  9.776631e+07  1.331610e+02    426890   1
        42   5.379602e+08  9.802430e+07  1.361300e+02    437002   1
        43   5.371664e+08  9.921846e+07  1.393220e+02    447300   1
        44   4.043104e+08  1.028463e+08  1.424170e+02    457956   1
        45   7.852513e+08  1.068260e+08  1.456030e+02    468645   1
        46   6.431062e+08  1.099909e+08  1.489620e+02    479156   1
        47   2.533018e+08  1.105970e+08  1.522460e+02    489941   1
        48   8.325347e+08  1.120735e+08  1.555210e+02    500158   1
        49   2.942220e+08  1.129348e+08  1.588190e+02    510536   1
        50   6.011773e+08  1.140247e+08  1.649550e+02    520883   1
        51   2.968231e+08  1.169977e+08  1.681820e+02    531384   1
        52   2.921254e+08  1.182249e+08  1.712840e+02    541657   1
        53   5.194270e+08  1.182459e+08  1.743080e+02    552031   1
        54   3.034298e+08  1.184128e+08  1.773850e+02    562495   1
        55   3.323910e+08  1.200438e+08  1.805250e+02    572891   1
        56   7.530851e+08  1.200678e+08  1.836260e+02    583364   1
        57   2.472435e+08  1.211383e+08  1.867600e+02    593795   1
        58   1.851086e+08  1.213283e+08  1.899050e+02    604264   1
        59   3.909282e+08  1.224318e+08  1.932130e+02    614893   1
        60   4.866121e+08  1.242882e+08  1.963760e+02    625742   1
        61   2.987971e+08  1.244593e+08  1.995700e+02    636540   1
        62   4.481434e+08  1.245955e+08  2.027750e+02    646934   1
        63   3.229394e+08  1.247935e+08  2.060760e+02    657600   1
        64   8.331167e+08  1.248084e+08  2.091680e+02    667602   1
        65   6.059804e+08  1.248852e+08  2.124060e+02    678024   1
        66   5.189920e+08  1.251895e+08  2.156550e+02    688354   1
        67   5.721860e+08  1.255608e+08  2.188430e+02    698573   1
        68   2.789400e+08  1.268356e+08  2.222680e+02    709356   1
        69   4.080207e+08  1.295586e+08  2.256450e+02    719997   1
        70   4.969276e+08  1.301730e+08  2.289280e+02    730217   1
        71   4.146744e+08  1.312609e+08  2.322810e+02    740799   1
        72   3.796648e+08  1.319313e+08  2.355770e+02    750949   1
        73   3.500118e+08  1.320308e+08  2.389010e+02    761429   1
        74   4.575532e+08  1.347821e+08  2.422550e+02    771925   1
        75   5.674203e+08  1.356746e+08  2.455530e+02    782490   1
        76   4.142582e+08  1.363715e+08  2.488290e+02    792741   1
        77   3.129385e+08  1.365641e+08  2.522080e+02    803113   1
        78   3.509003e+08  1.366725e+08  2.555740e+02    813206   1
        79   3.875011e+08  1.368910e+08  2.592040e+02    823681   1
        80   1.095434e+09  1.375442e+08  2.655240e+02    834094   1
        81   2.502126e+08  1.378337e+08  2.688170e+02    844796   1
        82   3.479178e+08  1.380301e+08  2.720650e+02    855262   1
        83   4.646209e+08  1.397852e+08  2.753370e+02    865853   1
        84   5.624582e+08  1.403341e+08  2.785790e+02    876220   1
        85   3.967700e+08  1.406120e+08  2.818780e+02    886473   1
        86   7.335948e+08  1.409238e+08  2.851380e+02    896690   1
        87   2.942815e+08  1.419117e+08  2.884550e+02    906870   1
        88   2.588180e+08  1.431213e+08  2.918710e+02    917395   1
        89   3.378453e+08  1.447952e+08  2.952090e+02    927653   1
        90   2.086954e+08  1.452537e+08  2.986250e+02    938098   1
        91   2.823155e+08  1.456517e+08  3.019540e+02    948179   1
        92   5.824506e+08  1.473839e+08  3.053190e+02    958679   1
        93   4.596959e+08  1.477739e+08  3.086640e+02    968755   1
        94   4.987950e+08  1.519213e+08  3.120080e+02    979063   1
        95   2.446418e+08  1.528165e+08  3.154720e+02    989648   1
        96   4.162881e+08  1.530743e+08  3.189220e+02   1000282   1
        97   4.926910e+08  1.530755e+08  3.222970e+02   1010612   1
        98   2.923823e+08  1.548146e+08  3.257880e+02   1021012   1
        99   3.436588e+08  1.553115e+08  3.293600e+02   1031689   1
       100   3.575935e+08  1.555607e+08  3.328630e+02   1042143   1
       101   9.059618e+08  1.555670e+08  3.363170e+02   1052359   1
       102   2.659090e+08  1.559902e+08  3.398410e+02   1062694   1
       103   3.591268e+08  1.566711e+08  3.433820e+02   1073228   1
       104   7.177594e+08  1.591888e+08  3.468380e+02   1083470   1
       105   4.822076e+08  1.593418e+08  3.503480e+02   1093739   1
       106   2.138764e+08  1.597821e+08  3.538500e+02   1103932   1
       107   2.608410e+08  1.602039e+08  3.575150e+02   1114416   1
       108   3.592660e+08  1.606728e+08  3.610370e+02   1124529   1
       109   3.234644e+08  1.610982e+08  3.648030e+02   1135168   1
       110   3.922559e+08  1.616096e+08  3.713010e+02   1145527   1
       111   4.723141e+08  1.623814e+08  3.747180e+02   1155943   1
       112   4.017965e+08  1.624314e+08  3.782180e+02   1166441   1
       113   5.314951e+08  1.633553e+08  3.816410e+02   1176701   1
       114   2.870433e+08  1.636255e+08  3.851690e+02   1186875   1
       115   6.157764e+08  1.638344e+08  3.886450e+02   1197091   1
       116   2.085208e+08  1.638831e+08  3.921450e+02   1207404   1
       117   3.389111e+08  1.639440e+08  3.956360e+02   1217469   1
       118   2.191677e+08  1.640105e+08  3.991310e+02   1227576   1
       119   2.630843e+08  1.642487e+08  4.026740e+02   1238057   1
       120   2.615027e+08  1.645610e+08  4.063180e+02   1248871   1
       121   2.857326e+08  1.645624e+08  4.098900e+02   1259423   1
       122   2.253267e+08  1.647059e+08  4.134440e+02   1269755   1
       123   2.143386e+08  1.650894e+08  4.171350e+02   1280319   1
       124   2.634536e+08  1.651556e+08  4.207750e+02   1290660   1
       125   3.505514e+08  1.656421e+08  4.243940e+02   1301066   1
       126   6.168083e+08  1.657070e+08  4.280060e+02   1311164   1
       127   5.545935e+08  1.668064e+08  4.316290e+02   1321382   1
       128   1.644136e+08  1.674394e+08  4.353470e+02   1331535   1
       129   2.746472e+08  1.689732e+08  4.390600e+02   1341884   1
       130   3.417421e+08  1.691626e+08  4.428480e+02   1352467   1
       131   4.257872e+08  1.691786e+08  4.465530e+02   1362856   1
       132   7.010758e+08  1.713881e+08  4.503710e+02   1373309   1
       133   6.709080e+08  1.714016e+08  4.540860e+02   1383629   1
       134   2.915385e+08  1.715303e+08  4.578940e+02   1394282   1
       135   1.915936e+08  1.715490e+08  4.617130e+02   1404706   1
       136   2.778061e+08  1.729668e+08  4.655900e+02   1415033   1
       137   3.483383e+08  1.730332e+08  4.694350e+02   1425632   1
       138   3.014044e+08  1.732513e+08  4.732430e+02   1435708   1
       139   1.827891e+08  1.732524e+08  4.804000e+02   1445594   1
       140   3.835451e+08  1.732593e+08  4.842000e+02   1456192   1
       141   3.092298e+08  1.735584e+08  4.879570e+02   1466570   1
       142   2.779978e+08  1.735584e+08  4.917600e+02   1476750   1
       143   5.403946e+08  1.748446e+08  4.955470e+02   1487425   1
       144   2.793192e+08  1.748591e+08  4.993100e+02   1497613   1
       145   2.947388e+08  1.749233e+08  5.031740e+02   1508010   1
       146   4.731487e+08  1.749491e+08  5.070060e+02   1518297   1
       147   4.332511e+08  1.755024e+08  5.108210e+02   1528896   1
       148   2.933957e+08  1.755052e+08  5.145780e+02   1539249   1
       149   3.850145e+08  1.755124e+08  5.184300e+02   1549577   1
       150   4.585030e+08  1.755181e+08  5.222210e+02   1560015   1
       151   4.094482e+08  1.758770e+08  5.260900e+02   1570321   1
       152   3.203888e+08  1.759748e+08  5.300200e+02   1580899   1
       153   3.184562e+08  1.775055e+08  5.338860e+02   1591476   1
       154   2.630127e+08  1.781857e+08  5.377430e+02   1601966   1
       155   2.088095e+08  1.798157e+08  5.416250e+02   1612154   1
       156   5.330445e+08  1.798236e+08  5.455830e+02   1622474   1
       157   7.154766e+08  1.805266e+08  5.495650e+02   1633031   1
       158   3.636039e+08  1.812076e+08  5.535960e+02   1643607   1
       159   2.893365e+08  1.821257e+08  5.575570e+02   1653557   1
       160   2.275976e+08  1.821282e+08  5.616000e+02   1664088   1
       161   4.588535e+08  1.827199e+08  5.656250e+02   1674635   1
       162   4.479500e+08  1.828702e+08  5.696240e+02   1684865   1
       163   2.384794e+08  1.833600e+08  5.736700e+02   1695424   1
       164   2.212895e+08  1.834045e+08  5.777620e+02   1705871   1
       165   5.488441e+08  1.834877e+08  5.818190e+02   1716055   1
       166   2.879665e+08  1.837391e+08  5.859940e+02   1726634   1
       167   2.632416e+08  1.837684e+08  5.900470e+02   1736643   1
       168   6.229697e+08  1.843090e+08  5.942750e+02   1747123   1
       169   2.607182e+08  1.843164e+08  6.124930e+02   1757494   1
       170   2.799792e+08  1.857963e+08  6.167070e+02   1767812   1
       171   3.006939e+08  1.871016e+08  6.207380e+02   1778383   1
       172   5.190239e+08  1.884057e+08  6.247290e+02   1788684   1
       173   4.221211e+08  1.888982e+08  6.287920e+02   1799014   1
       174   3.583567e+08  1.890689e+08  6.328630e+02   1809488   1
       175   4.536194e+08  1.896451e+08  6.369690e+02   1820043   1
       176   5.473013e+08  1.902698e+08  6.410630e+02   1830231   1
       177   2.646706e+08  1.902971e+08  6.451450e+02   1840642   1
       178   6.259834e+08  1.903062e+08  6.492060e+02   1851161   1
       179   3.238125e+08  1.906898e+08  6.533080e+02   1861507   1
       180   7.029202e+08  1.908819e+08  6.573480e+02   1871658   1
       181   5.505507e+08  1.920052e+08  6.614170e+02   1881970   1
       182   3.554435e+08  1.921746e+08  6.656160e+02   1892633   1
       183   2.095561e+08  1.929750e+08  6.698020e+02   1902988   1
       184   3.277869e+08  1.947865e+08  6.740950e+02   1913330   1
       185   1.952467e+08  1.949155e+08  6.783740e+02   1923710   1
       186   2.391046e+08  1.949729e+08  6.826920e+02   1934111   1
       187   3.729152e+08  1.949746e+08  6.870860e+02   1944732   1
       188   3.776509e+08  1.949859e+08  6.914450e+02   1955017   1
       189   3.475187e+08  1.949958e+08  6.958450e+02   1965429   1
       190   2.370337e+08  1.951057e+08  7.003560e+02   1975699   1
       191   2.828541e+08  1.952736e+08  7.047620e+02   1985873   1
       192   6.893357e+08  1.954439e+08  7.144770e+02   1996216   1
       193   2.667233e+08  1.956759e+08  7.186960e+02   2006760   1
       194   2.600640e+08  1.956809e+08  7.229180e+02   2017205   1
       195   2.174345e+08  1.961145e+08  7.271720e+02   2027739   1
       196   2.071071e+08  1.965261e+08  7.314900e+02   2038029   1
       197   9.797258e+08  1.972284e+08  7.356990e+02   2048205   1
       198   1.748523e+08  1.972315e+08  7.400190e+02   2058493   1
       199   2.847252e+08  1.977570e+08  7.443210e+02   2068758   1
       200   2.768504e+08  1.977581e+08  7.486430e+02   2079236   1
       201   4.257182e+08  1.978004e+08  7.530010e+02   2089626   1
       202   2.283770e+08  1.980076e+08  7.574100e+02   2100072   1
       203   4.701926e+08  1.982111e+08  7.618680e+02   2110455   1
       204   5.336142e+08  1.983693e+08  7.663490e+02   2120732   1
       205   4.773204e+08  1.984368e+08  7.707910e+02   2131186   1
       206   3.377461e+08  1.984791e+08  7.753320e+02   2141739   1
       207   4.418879e+08  1.986877e+08  7.797560e+02   2151865   1
       208   2.141074e+08  1.997008e+08  7.845220e+02   2162547   1
       209   5.019569e+08  2.002953e+08  7.893090e+02   2173166   1
       210   8.309823e+08  2.006132e+08  7.986380e+02   2183601   1
       211   2.796545e+08  2.006229e+08  8.030090e+02   2194222   1
       212   3.201812e+08  2.006515e+08  8.073620e+02   2204704   1
       213   2.091820e+08  2.006564e+08  8.118500e+02   2215335   1
       214   2.454844e+08  2.008159e+08  8.163130e+02   2225967   1
       215   2.785478e+08  2.008206e+08  8.207260e+02   2236467   1
       216   2.089666e+08  2.008258e+08  8.253010e+02   2246971   1
       217   3.305462e+08  2.009102e+08  8.297170e+02   2257439   1
       218   2.575955e+08  2.012015e+08  8.342540e+02   2267856   1
       219   5.052844e+08  2.012592e+08  8.387460e+02   2278091   1
       220   2.634078e+08  2.012831e+08  8.433000e+02   2288710   1
       221   2.365536e+08  2.013306e+08  8.478720e+02   2299018   1
       222   3.178050e+08  2.013716e+08  8.524560e+02   2309522   1
       223   1.837949e+08  2.013891e+08  8.570550e+02   2319906   1
       224   5.415811e+08  2.014159e+08  8.616610e+02   2330166   1
       225   1.928758e+08  2.014927e+08  8.710530e+02   2340699   1
       226   8.040370e+08  2.015952e+08  8.754840e+02   2350917   1
       227   4.408090e+08  2.018982e+08  8.799360e+02   2361103   1
       228   4.835098e+08  2.020418e+08  8.844210e+02   2371706   1
       229   2.754223e+08  2.026673e+08  8.890130e+02   2382286   1
       230   2.816195e+08  2.032125e+08  8.935940e+02   2392848   1
       231   5.470890e+08  2.032125e+08  8.980720e+02   2402837   1
       232   2.415462e+08  2.032726e+08  9.026970e+02   2413101   1
       233   3.312268e+08  2.035753e+08  9.072660e+02   2423416   1
       234   3.314815e+08  2.037775e+08  9.119750e+02   2433703   1
       235   4.687977e+08  2.037930e+08  9.166560e+02   2444372   1
       236   4.702935e+08  2.039956e+08  9.213010e+02   2454380   1
       237   2.884746e+08  2.040246e+08  9.260360e+02   2464757   1
       238   1.941324e+08  2.041186e+08  9.307570e+02   2474930   1
       239   5.185979e+08  2.041199e+08  9.400910e+02   2485291   1
       240   5.020132e+08  2.041651e+08  9.447740e+02   2495654   1
       241   4.943733e+08  2.041917e+08  9.493570e+02   2505572   1
       242   9.481841e+08  2.042804e+08  9.539980e+02   2515882   1
       243   3.362503e+08  2.043005e+08  9.587110e+02   2526415   1
       244   2.890059e+08  2.044823e+08  9.634220e+02   2536884   1
       245   2.367794e+08  2.055441e+08  9.681150e+02   2547271   1
       246   2.782854e+08  2.055441e+08  9.728030e+02   2557657   1
       247   4.701416e+08  2.055483e+08  9.775170e+02   2567790   1
       248   3.915447e+08  2.055916e+08  9.822210e+02   2577646   1
       249   1.971084e+08  2.057128e+08  9.871100e+02   2587936   1
       250   8.452796e+08  2.064396e+08  9.918800e+02   2597974   1
       251   2.088042e+08  2.068193e+08  1.001239e+03   2608362   1
       252   4.387201e+08  2.072211e+08  1.005972e+03   2618455   1
       253   3.213227e+08  2.072217e+08  1.010788e+03   2629085   1
       254   3.507136e+08  2.073390e+08  1.015456e+03   2638864   1
       255   3.684357e+08  2.075231e+08  1.020211e+03   2648958   1
       256   2.456770e+08  2.077672e+08  1.025094e+03   2659719   1
       257   2.343526e+08  2.079905e+08  1.029961e+03   2670204   1
       258   3.646039e+08  2.080034e+08  1.034782e+03   2680359   1
       259   3.814823e+08  2.087577e+08  1.039713e+03   2690458   1
       260   3.175578e+08  2.090571e+08  1.044647e+03   2701138   1
       261   4.345456e+08  2.093613e+08  1.049533e+03   2711530   1
       262   5.130881e+08  2.093686e+08  1.059160e+03   2721864   1
       263   4.029810e+08  2.099857e+08  1.063981e+03   2732542   1
       264   4.171706e+08  2.099897e+08  1.068764e+03   2742617   1
       265   3.428071e+08  2.100009e+08  1.073637e+03   2753080   1
       266   1.748747e+08  2.100788e+08  1.078554e+03   2763253   1
       267   3.076700e+08  2.102124e+08  1.083481e+03   2773694   1
       268   2.833369e+08  2.102738e+08  1.088387e+03   2784152   1
       269   3.106341e+08  2.102866e+08  1.093260e+03   2794476   1
       270   3.594963e+08  2.103464e+08  1.098171e+03   2804957   1
       271   5.408521e+08  2.103500e+08  1.103232e+03   2815663   1
       272   3.420365e+08  2.103539e+08  1.108305e+03   2826204   1
       273   3.232518e+08  2.105892e+08  1.118116e+03   2836439   1
       274   4.317822e+08  2.106604e+08  1.122974e+03   2846694   1
       275   2.972511e+08  2.106631e+08  1.127923e+03   2856922   1
       276   2.928431e+08  2.107497e+08  1.132907e+03   2867379   1
       277   4.086162e+08  2.107571e+08  1.137875e+03   2877893   1
       278   8.422030e+08  2.110526e+08  1.142789e+03   2888388   1
       279   2.418866e+08  2.110556e+08  1.147740e+03   2898691   1
       280   5.695360e+08  2.114135e+08  1.152778e+03   2909081   1
       281   4.406801e+08  2.114271e+08  1.157856e+03   2919357   1
       282   3.068903e+08  2.115155e+08  1.162986e+03   2929659   1
       283   4.185546e+08  2.115378e+08  1.173006e+03   2940250   1
       284   2.458958e+08  2.115384e+08  1.178057e+03   2950660   1
       285   2.121804e+08  2.117167e+08  1.183067e+03   2961062   1
       286   6.712311e+08  2.117170e+08  1.188009e+03   2971005   1
       287   3.793581e+08  2.119687e+08  1.193021e+03   2981384   1
       288   2.458475e+08  2.119706e+08  1.198100e+03   2992069   1
       289   2.750865e+08  2.123253e+08  1.203204e+03   3002539   1
       290   3.944232e+08  2.123297e+08  1.208294e+03   3013005   1
       291   5.434061e+08  2.123329e+08  1.213444e+03   3023237   1
       292   2.513961e+08  2.135061e+08  1.218604e+03   3033403   1
       293   6.534955e+08  2.136584e+08  1.223791e+03   3043760   1
       294   4.954293e+08  2.136716e+08  1.233938e+03   3054146   1
       295   4.982145e+08  2.136826e+08  1.238947e+03   3064345   1
       296   3.168038e+08  2.136917e+08  1.244047e+03   3074735   1
       297   2.574167e+08  2.137309e+08  1.249185e+03   3085220   1
       298   1.603199e+08  2.137659e+08  1.254413e+03   3095752   1
       299   2.000478e+08  2.138246e+08  1.259564e+03   3106043   1
       300   2.181842e+08  2.141306e+08  1.264702e+03   3116171   1
       301   5.359341e+08  2.141352e+08  1.269864e+03   3126601   1
       302   6.627817e+08  2.141725e+08  1.275076e+03   3137092   1
       303   3.046570e+08  2.142650e+08  1.280395e+03   3147583   1
       304   4.308193e+08  2.142897e+08  1.285637e+03   3157580   1
       305   1.674540e+08  2.146551e+08  1.296020e+03   3167902   1
       306   1.779439e+08  2.147110e+08  1.301141e+03   3178110   1
       307   3.376345e+08  2.147117e+08  1.306352e+03   3188406   1
       308   2.465494e+08  2.149187e+08  1.311635e+03   3198719   1
       309   3.627130e+08  2.149206e+08  1.316814e+03   3208844   1
       310   4.650088e+08  2.149209e+08  1.322101e+03   3219590   1
       311   2.093210e+08  2.150474e+08  1.327360e+03   3229676   1
       312   2.746719e+08  2.150475e+08  1.332812e+03   3240450   1
       313   4.233344e+08  2.150557e+08  1.338119e+03   3250700   1
       314   2.475159e+08  2.150663e+08  1.343531e+03   3261182   1
       315   2.710687e+08  2.150677e+08  1.354124e+03   3271592   1
       316   5.950135e+08  2.154390e+08  1.359407e+03   3282197   1
       317   1.845658e+08  2.156110e+08  1.364747e+03   3292508   1
       318   3.019305e+08  2.158447e+08  1.370070e+03   3303000   1
       319   3.400685e+08  2.166654e+08  1.375402e+03   3313416   1
       320   3.282640e+08  2.178022e+08  1.380816e+03   3323878   1
       321   3.628192e+08  2.178574e+08  1.386225e+03   3334520   1
       322   2.084543e+08  2.179827e+08  1.391547e+03   3345066   1
       323   2.745581e+08  2.181280e+08  1.397009e+03   3355463   1
       324   5.612212e+08  2.181566e+08  1.402408e+03   3365642   1
       325   8.603927e+08  2.181810e+08  1.407834e+03   3375792   1
       326   3.417538e+08  2.183216e+08  1.418568e+03   3386317   1
       327   2.648069e+08  2.186407e+08  1.423983e+03   3397044   1
       328   2.615845e+08  2.186700e+08  1.429453e+03   3407555   1
       329   4.390089e+08  2.188214e+08  1.434939e+03   3418123   1
       330   2.843325e+08  2.190483e+08  1.440340e+03   3428582   1
       331   2.109198e+08  2.191326e+08  1.445790e+03   3438784   1
       332   2.742307e+08  2.191544e+08  1.451238e+03   3449246   1
       333   2.515474e+08  2.191603e+08  1.456766e+03   3459982   1
       334   3.049150e+08  2.191680e+08  1.462284e+03   3470434   1
       335   2.417798e+08  2.192576e+08  1.467835e+03   3480978   1
       336   4.900671e+08  2.192763e+08  1.473293e+03   3491215   1
       337   2.862387e+08  2.198316e+08  1.484223e+03   3501696   1
       338   4.628521e+08  2.202590e+08  1.489696e+03   3512091   1
       339   4.451853e+08  2.204921e+08  1.495225e+03   3522187   1
       340   5.119074e+08  2.205075e+08  1.500756e+03   3532772   1
       341   4.615205e+08  2.205631e+08  1.506191e+03   3543063   1
       342   6.246506e+08  2.207831e+08  1.511721e+03   3553295   1
       343   2.448183e+08  2.208075e+08  1.517232e+03   3563709   1
       344   3.066278e+08  2.212295e+08  1.522727e+03   3574058   1
       345   6.243486e+08  2.212818e+08  1.528289e+03   3584362   1
       346   4.947890e+08  2.213009e+08  1.533944e+03   3594556   1
       347   3.474960e+08  2.220034e+08  1.545380e+03   3605002   1
       348   2.402858e+08  2.220036e+08  1.550946e+03   3615314   1
       349   2.293717e+08  2.222390e+08  1.556520e+03   3625747   1
       350   2.321744e+08  2.222889e+08  1.562068e+03   3636236   1
       351   1.864468e+08  2.231596e+08  1.567799e+03   3646948   1
       352   5.611642e+08  2.232417e+08  1.573389e+03   3657444   1
       353   7.929147e+08  2.233508e+08  1.579055e+03   3667645   1
       354   2.435720e+08  2.237204e+08  1.584730e+03   3678243   1
       355   3.022959e+08  2.237661e+08  1.590383e+03   3688851   1
       356   2.663175e+08  2.237737e+08  1.596061e+03   3698980   1
       357   1.240316e+09  2.238995e+08  1.601718e+03   3708938   1
       358   9.038676e+08  2.239131e+08  1.613144e+03   3718996   1
       359   5.239534e+08  2.239746e+08  1.618736e+03   3729496   1
       360   3.487222e+08  2.244681e+08  1.624465e+03   3739904   1
       361   2.365733e+08  2.247064e+08  1.630141e+03   3750390   1
       362   2.844741e+08  2.248155e+08  1.635841e+03   3760748   1
       363   2.979859e+08  2.250472e+08  1.641592e+03   3771380   1
       364   2.987656e+08  2.252249e+08  1.647247e+03   3781720   1
       365   5.967823e+08  2.254739e+08  1.652970e+03   3792070   1
       366   4.265358e+08  2.254744e+08  1.658743e+03   3802462   1
       367   2.999413e+08  2.257933e+08  1.664565e+03   3812686   1
       368   5.192434e+08  2.258014e+08  1.670414e+03   3822870   1
       369   2.307436e+08  2.258017e+08  1.676284e+03   3832954   1
       370   3.258015e+08  2.260232e+08  1.687918e+03   3843423   1
       371   4.138680e+08  2.261971e+08  1.693686e+03   3853860   1
       372   3.491519e+08  2.262492e+08  1.699520e+03   3864477   1
       373   2.284871e+08  2.262601e+08  1.705293e+03   3875128   1
       374   7.984006e+08  2.264077e+08  1.711007e+03   3885384   1
       375   2.746039e+08  2.264087e+08  1.716877e+03   3896035   1
       376   1.082719e+09  2.264817e+08  1.722654e+03   3906407   1
       377   7.911537e+08  2.265037e+08  1.728491e+03   3916622   1
       378   2.997726e+08  2.266924e+08  1.734386e+03   3926924   1
       379   4.067423e+08  2.271397e+08  1.740372e+03   3937373   1
       380   4.824788e+08  2.271415e+08  1.746277e+03   3947925   1
       381   2.350204e+08  2.271467e+08  1.758212e+03   3958382   1
       382   1.996790e+08  2.271478e+08  1.764075e+03   3968831   1
       383   4.498984e+08  2.272341e+08  1.769922e+03   3979119   1
       384   2.317452e+08  2.272620e+08  1.775826e+03   3989507   1
       385   2.643803e+08  2.273779e+08  1.781719e+03   3999997   1
       386   1.910530e+08  2.273840e+08  1.787608e+03   4009889   1
       387   3.544833e+08  2.274159e+08  1.793520e+03   4020258   1
       388   2.185479e+08  2.274200e+08  1.799484e+03   4031074   1
       389   5.320626e+08  2.274303e+08  1.805355e+03   4041234   1
       390   2.496883e+08  2.274308e+08  1.811385e+03   4051493   1
       391   2.203233e+08  2.279799e+08  1.817488e+03   4061863   1
       392   8.206893e+08  2.280058e+08  1.829677e+03   4072479   1
       393   1.967744e+08  2.280669e+08  1.835654e+03   4082769   1
       394   1.799717e+08  2.280852e+08  1.841556e+03   4092880   1
       395   2.266037e+08  2.282047e+08  1.847369e+03   4102577   1
       396   4.013383e+08  2.282052e+08  1.853419e+03   4113191   1
       397   5.381310e+08  2.284440e+08  1.859377e+03   4123712   1
       398   4.369164e+08  2.284522e+08  1.865338e+03   4133955   1
       399   3.346671e+08  2.284946e+08  1.871380e+03   4144235   1
       400   2.068209e+08  2.285230e+08  1.877428e+03   4154650   1
       401   7.274570e+08  2.285924e+08  1.883417e+03   4164739   1
       402   4.340347e+08  2.287669e+08  1.889487e+03   4174598   1
       403   3.924843e+08  2.290446e+08  1.895696e+03   4185037   1
       404   8.778618e+08  2.296930e+08  1.908077e+03   4195424   1
       405   2.810360e+08  2.298172e+08  1.914102e+03   4205885   1
       406   5.054903e+08  2.298442e+08  1.920144e+03   4216287   1
       407   2.997502e+08  2.298506e+08  1.926259e+03   4226873   1
       408   1.909574e+08  2.298772e+08  1.932394e+03   4237312   1
       409   2.760483e+08  2.298805e+08  1.938497e+03   4247758   1
       410   3.204618e+08  2.298815e+08  1.944597e+03   4258343   1
       411   2.572270e+08  2.299301e+08  1.950752e+03   4269072   1
       412   1.609002e+08  2.300518e+08  1.956889e+03   4279303   1
       413   2.978460e+08  2.300532e+08  1.963153e+03   4289679   1
       414   3.265013e+08  2.301142e+08  1.969508e+03   4300309   1
       415   3.596946e+08  2.302936e+08  1.975871e+03   4310797   1
       416   6.092204e+08  2.303660e+08  1.988468e+03   4321097   1
       417   4.667670e+08  2.303904e+08  1.994527e+03   4331461   1
       418   1.913670e+08  2.304046e+08  2.000749e+03   4341851   1
       419   2.201490e+08  2.304082e+08  2.006880e+03   4352404   1
       420   2.962228e+08  2.304911e+08  2.013072e+03   4362933   1
       421   2.053804e+08  2.309997e+08  2.019303e+03   4373446   1
       422   1.001023e+09  2.310058e+08  2.025486e+03   4383437   1
       423   2.452494e+08  2.310224e+08  2.031811e+03   4394182   1
       424   2.451736e+08  2.310242e+08  2.038103e+03   4404634   1
       425   2.461351e+08  2.310921e+08  2.044546e+03   4415275   1
       426   3.017490e+08  2.312524e+08  2.050956e+03   4425903   1
       427   2.502269e+08  2.314524e+08  2.063853e+03   4436192   1
       428   3.894605e+08  2.315404e+08  2.070102e+03   4446840   1
       429   5.991788e+08  2.316031e+08  2.076272e+03   4457238   1
       430   5.532976e+08  2.316190e+08  2.082510e+03   4467648   1
       431   3.031862e+08  2.317848e+08  2.088829e+03   4478247   1
       432   3.975161e+08  2.319122e+08  2.095105e+03   4488471   1
       433   2.812579e+08  2.319126e+08  2.101448e+03   4498777   1
       434   7.710829e+08  2.319242e+08  2.107716e+03   4509023   1
       435   2.215641e+08  2.320775e+08  2.114115e+03   4519491   1
       436   2.869029e+08  2.320784e+08  2.120549e+03   4530094   1
       437   2.111700e+08  2.320800e+08  2.127083e+03   4540131   1
       438   1.896241e+08  2.323806e+08  2.133578e+03   4550657   1
       439   2.847992e+08  2.324826e+08  2.146729e+03   4561070   1
       440   3.037593e+08  2.325671e+08  2.153061e+03   4571470   1
       441   4.625338e+08  2.326816e+08  2.159376e+03   4581946   1
       442   2.319799e+08  2.327749e+08  2.165657e+03   4592253   1
       443   4.256199e+08  2.330078e+08  2.172030e+03   4602844   1
       444   2.129928e+08  2.330129e+08  2.178378e+03   4613111   1
       445   1.905833e+08  2.330812e+08  2.184802e+03   4623634   1
       446   2.060605e+08  2.331094e+08  2.191234e+03   4634513   1
       447   2.700149e+08  2.333729e+08  2.197601e+03   4644889   1
       448   1.660235e+08  2.333806e+08  2.204142e+03   4655195   1
       449   2.636238e+08  2.334726e+08  2.210594e+03   4665737   1
       450   2.171460e+08  2.335180e+08  2.217232e+03   4676363   1
       451   2.438756e+08  2.335274e+08  2.223889e+03   4686989   1
       452   5.249329e+08  2.335355e+08  2.237035e+03   4697243   1
       453   4.588290e+08  2.335629e+08  2.243364e+03   4707616   1
       454   2.186374e+08  2.336619e+08  2.249871e+03   4717825   1
       455   3.339508e+08  2.337698e+08  2.256357e+03   4728203   1
       456   1.759232e+08  2.338179e+08  2.262905e+03   4738542   1
       457   7.497879e+08  2.338234e+08  2.269336e+03   4748819   1
       458   7.498984e+08  2.338725e+08  2.275895e+03   4759180   1
       459   5.752303e+08  2.338912e+08  2.282340e+03   4769481   1
       460   2.312818e+08  2.338959e+08  2.288907e+03   4779962   1
       461   7.723003e+08  2.339839e+08  2.295429e+03   4790262   1
       462   2.175013e+08  2.340383e+08  2.302131e+03   4800507   1
       463   3.437350e+08  2.342411e+08  2.308855e+03   4811120   1
       464   2.580477e+08  2.343456e+08  2.322359e+03   4821581   1
       465   4.479231e+08  2.343466e+08  2.328939e+03   4831963   1
       466   6.362715e+08  2.343473e+08  2.335480e+03   4842461   1
       467   1.879294e+08  2.343507e+08  2.342131e+03   4852857   1
       468   1.997352e+08  2.345685e+08  2.348763e+03   4863281   1
       469   5.121659e+08  2.345759e+08  2.355302e+03   4873843   1
       470   1.751488e+08  2.345786e+08  2.362057e+03   4884311   1
       471   3.041528e+08  2.345969e+08  2.368730e+03   4894775   1
       472   3.878586e+08  2.345978e+08  2.375380e+03   4905212   1
       473   8.176620e+08  2.346430e+08  2.382001e+03   4915490   1
       474   7.481179e+08  2.348088e+08  2.388736e+03   4925927   1
       475   2.882421e+08  2.354978e+08  2.395568e+03   4936526   1
       476   4.797309e+08  2.355097e+08  2.409314e+03   4946970   1
       477   3.542900e+08  2.358111e+08  2.415950e+03   4957338   1
       478   2.143186e+08  2.358435e+08  2.422689e+03   4967802   1
       479   2.479442e+08  2.361128e+08  2.429284e+03   4978346   1
       480   2.708187e+08  2.361222e+08  2.435963e+03   4988932   1
       481   5.641288e+08  2.363123e+08  2.442635e+03   4999306   1
       482   3.844153e+08  2.363445e+08  2.449282e+03   5009701   1
       483   3.480122e+08  2.369468e+08  2.456075e+03   5020287   1
       484   3.231880e+08  2.369631e+08  2.462811e+03   5030680   1
       485   3.064826e+08  2.370263e+08  2.469561e+03   5041246   1
       486   2.601008e+08  2.370287e+08  2.476403e+03   5051487   1
       487   2.470787e+08  2.371166e+08  2.483355e+03   5061855   1
       488   2.771846e+08  2.371218e+08  2.490228e+03   5072178   1
       489   3.160343e+08  2.371660e+08  2.504282e+03   5082814   1
       490   3.288709e+08  2.372002e+08  2.510988e+03   5093507   1
       491   3.932699e+08  2.372022e+08  2.517732e+03   5103621   1
       492   3.411537e+08  2.372089e+08  2.524498e+03   5114138   1
       493   3.379683e+08  2.373175e+08  2.531329e+03   5124556   1
       494   7.477686e+08  2.373197e+08  2.538158e+03   5135157   1
       495   3.160504e+08  2.373328e+08  2.544883e+03   5145332   1
       496   3.076864e+08  2.373665e+08  2.551719e+03   5155981   1
       497   3.177264e+08  2.374151e+08  2.558479e+03   5166296   1
       498   4.170689e+08  2.374346e+08  2.565411e+03   5176299   1
       499   6.073342e+08  2.374858e+08  2.572340e+03   5186563   1
       500   2.256554e+08  2.374858e+08  2.579317e+03   5196466   1
       501   2.788898e+08  2.374858e+08  2.586408e+03   5207064   1
       502   2.747923e+08  2.374865e+08  2.600699e+03   5217621   1
       503   3.633699e+08  2.376113e+08  2.607483e+03   5227696   1
       504   2.598685e+08  2.376122e+08  2.614372e+03   5238089   1
       505   3.932974e+08  2.376528e+08  2.621264e+03   5248320   1
       506   3.057735e+08  2.377089e+08  2.628271e+03   5259196   1
       507   3.264583e+08  2.377090e+08  2.635244e+03   5269545   1
       508   1.895420e+08  2.377226e+08  2.642194e+03   5279959   1
       509   5.633997e+08  2.377416e+08  2.649190e+03   5290518   1
       510   2.244927e+08  2.377674e+08  2.656151e+03   5300947   1
       511   6.222692e+08  2.377801e+08  2.663190e+03   5311444   1
       512   4.694220e+08  2.378805e+08  2.670275e+03   5321907   1
       513   3.244605e+08  2.378809e+08  2.677339e+03   5332114   1
       514   3.834559e+08  2.378919e+08  2.692036e+03   5342547   1
       515   1.787836e+08  2.379242e+08  2.699045e+03   5353129   1
       516   1.872476e+08  2.379474e+08  2.705931e+03   5363209   1
       517   3.542556e+08  2.379657e+08  2.712782e+03   5373449   1
       518   4.840394e+08  2.379667e+08  2.719794e+03   5383974   1
       519   2.499325e+08  2.379958e+08  2.726867e+03   5394448   1
       520   2.254940e+08  2.381060e+08  2.733823e+03   5405014   1
       521   3.524834e+08  2.381212e+08  2.740811e+03   5415610   1
       522   1.897835e+08  2.381656e+08  2.747993e+03   5426026   1
       523   2.669183e+08  2.382040e+08  2.755127e+03   5436464   1
       524   2.763739e+08  2.387386e+08  2.762299e+03   5447023   1
       525   2.755868e+08  2.387560e+08  2.769467e+03   5457435   1
       526   8.004543e+08  2.389778e+08  2.776530e+03   5467651   1
       527   3.929122e+08  2.390852e+08  2.791324e+03   5478152   1
       528   4.254578e+08  2.390995e+08  2.798332e+03   5488740   1
       529   3.205365e+08  2.391361e+08  2.805486e+03   5499337   1
       530   2.717017e+08  2.391462e+08  2.812562e+03   5509755   1
       531   2.109552e+08  2.391828e+08  2.819780e+03   5520195   1
       532   3.410349e+08  2.391944e+08  2.826891e+03   5530291   1
       533   2.449323e+08  2.394319e+08  2.833971e+03   5540795   1
       534   3.581106e+08  2.394675e+08  2.841059e+03   5550675   1
       535   5.343028e+08  2.394686e+08  2.848192e+03   5561049   1
       536   4.009863e+08  2.395351e+08  2.855349e+03   5571435   1
       537   8.872017e+08  2.395375e+08  2.862566e+03   5581863   1
       538   4.927629e+08  2.395635e+08  2.869863e+03   5592505   1
       539   4.684366e+08  2.395921e+08  2.877160e+03   5603168   1
       540   8.335599e+08  2.395962e+08  2.884513e+03   5613170   1
       541   5.954310e+08  2.396070e+08  2.899666e+03   5623574   1
       542   1.899512e+08  2.397545e+08  2.907011e+03   5634026   1
       543   2.561713e+08  2.399034e+08  2.914230e+03   5644493   1
       544   2.641729e+08  2.399058e+08  2.921469e+03   5655056   1
       545   2.611238e+08  2.399107e+08  2.928817e+03   5665683   1
       546   2.676573e+08  2.400066e+08  2.936104e+03   5676088   1
       547   2.187726e+08  2.400103e+08  2.943311e+03   5686268   1
       548   4.090361e+08  2.400364e+08  2.950585e+03   5696619   1
       549   4.570774e+08  2.400514e+08  2.957791e+03   5707218   1
       550   2.863473e+08  2.400523e+08  2.965185e+03   5717494   1
       551   3.425461e+08  2.401920e+08  2.972612e+03   5727975   1
       552   2.002879e+08  2.402619e+08  2.980046e+03   5738426   1
       553   2.856073e+08  2.404867e+08  2.987569e+03   5748241   1
       554   7.430976e+08  2.408028e+08  3.002975e+03   5758829   1
       555   1.859453e+08  2.408048e+08  3.010389e+03   5769142   1
       556   2.228976e+08  2.408071e+08  3.017721e+03   5779244   1
       557   2.731643e+08  2.408223e+08  3.024953e+03   5789375   1
       558   7.083009e+08  2.408337e+08  3.032241e+03   5799608   1
       559   2.482936e+08  2.408850e+08  3.039756e+03   5809944   1
       560   2.311208e+08  2.409256e+08  3.047175e+03   5820336   1
       561   2.980421e+08  2.409476e+08  3.054643e+03   5830515   1
       562   5.862666e+08  2.409493e+08  3.062038e+03   5840688   1
       563   4.016471e+08  2.409530e+08  3.069481e+03   5851031   1
       564   3.942651e+08  2.409561e+08  3.076952e+03   5861248   1
       565   1.802780e+08  2.410373e+08  3.084558e+03   5871684   1
       566   2.888736e+08  2.413974e+08  3.092158e+03   5882413   1
       567   2.941456e+08  2.414007e+08  3.108096e+03   5892934   1
       568   6.687949e+08  2.415535e+08  3.115431e+03   5903369   1
       569   6.716026e+08  2.418959e+08  3.122735e+03   5913529   1
       570   5.880464e+08  2.418965e+08  3.130065e+03   5923561   1
       571   2.221773e+08  2.420071e+08  3.137540e+03   5933917   1
       572   2.360331e+08  2.420497e+08  3.144978e+03   5944461   1
       573   3.071997e+08  2.421966e+08  3.152427e+03   5954733   1
       574   3.313615e+08  2.422126e+08  3.159879e+03   5965082   1
       575   3.444806e+08  2.422127e+08  3.167424e+03   5975519   1
       576   3.376020e+08  2.422634e+08  3.174950e+03   5986017   1
       577   2.824957e+08  2.422844e+08  3.182446e+03   5996435   1
       578   5.626422e+08  2.422907e+08  3.190071e+03   6006648   1
       579   3.233128e+08  2.423109e+08  3.197762e+03   6017201   1
       580   6.896728e+08  2.423119e+08  3.205352e+03   6027503   1
       581   2.420224e+08  2.423213e+08  3.221495e+03   6038103   1
       582   4.299777e+08  2.423240e+08  3.229100e+03   6048640   1
       583   8.453138e+08  2.423272e+08  3.236598e+03   6059125   1
       584   2.156062e+08  2.423491e+08  3.244198e+03   6069758   1
       585   3.221108e+08  2.424071e+08  3.251825e+03   6080251   1
       586   5.744605e+08  2.424390e+08  3.259344e+03   6090737   1
       587   2.890339e+08  2.424426e+08  3.266975e+03   6101208   1
       588   3.107567e+08  2.424471e+08  3.274543e+03   6111616   1
       589   3.691390e+08  2.424582e+08  3.282114e+03   6121495   1
       590   5.551930e+08  2.426119e+08  3.289854e+03   6132110   1
       591   6.443274e+08  2.426290e+08  3.297483e+03   6142527   1
       592   4.249433e+08  2.427959e+08  3.305238e+03   6152760   1
       593   3.924707e+08  2.429307e+08  3.312957e+03   6163141   1
       594   3.308702e+08  2.429527e+08  3.320775e+03   6173553   1
       595   3.365879e+08  2.430447e+08  3.336954e+03   6183836   1
       596   7.667808e+08  2.434906e+08  3.344543e+03   6194069   1
       597   5.191623e+08  2.439123e+08  3.352146e+03   6204509   1
       598   4.811819e+08  2.441749e+08  3.359702e+03   6214597   1
       599   1.607395e+08  2.441772e+08  3.367422e+03   6224697   1
       600   3.089069e+08  2.441937e+08  3.375170e+03   6235174   1
       601   2.330446e+08  2.442097e+08  3.382968e+03   6245313   1
       602   1.980559e+08  2.442207e+08  3.390778e+03   6255746   1
       603   2.725186e+08  2.442212e+08  3.398553e+03   6266057   1
       604   3.308468e+08  2.442243e+08  3.406419e+03   6276744   1
       605   3.239288e+08  2.443797e+08  3.414306e+03   6287225   1
       606   1.664606e+08  2.444142e+08  3.422244e+03   6297241   1
       607   4.374995e+08  2.444473e+08  3.430209e+03   6307835   1
       608   4.493714e+08  2.444529e+08  3.438085e+03   6318444   1
       609   1.008159e+09  2.444551e+08  3.454559e+03   6328627   1
       610   2.688142e+08  2.444568e+08  3.462400e+03   6339084   1
       611   8.713173e+08  2.444636e+08  3.470050e+03   6349333   1
       612   2.446704e+08  2.445409e+08  3.477882e+03   6359577   1
       613   3.285708e+08  2.445566e+08  3.485788e+03   6370182   1
       614   4.754000e+08  2.445646e+08  3.493558e+03   6380249   1
       615   2.190849e+08  2.445805e+08  3.501462e+03   6390984   1
       616   2.586175e+08  2.445888e+08  3.509392e+03   6401494   1
       617   2.989648e+08  2.446008e+08  3.517327e+03   6412183   1
       618   2.376389e+08  2.446010e+08  3.525321e+03   6422552   1
       619   4.334851e+08  2.446012e+08  3.533303e+03   6432662   1
       620   2.364587e+08  2.447223e+08  3.541349e+03   6443273   1
       621   5.433014e+08  2.447247e+08  3.549394e+03   6453384   1
       622   2.799641e+08  2.447296e+08  3.557454e+03   6463808   1
       623   2.929357e+08  2.447630e+08  3.574203e+03   6474326   1
       624   3.035299e+08  2.448526e+08  3.582093e+03   6484723   1
       625   2.802802e+08  2.448682e+08  3.589978e+03   6495009   1
       626   3.386591e+08  2.448850e+08  3.597876e+03   6505499   1
       627   3.193496e+08  2.449316e+08  3.605787e+03   6516064   1
       628   2.129344e+08  2.451246e+08  3.613644e+03   6526542   1
       629   8.999533e+08  2.451273e+08  3.621602e+03   6536952   1
       630   2.847698e+08  2.451304e+08  3.629608e+03   6547581   1
       631   4.811802e+08  2.452170e+08  3.637551e+03   6557555   1
       632   2.403318e+08  2.452210e+08  3.645644e+03   6568200   1
       633   3.550453e+08  2.453345e+08  3.653622e+03   6578476   1
       634   8.315536e+08  2.455140e+08  3.661623e+03   6589157   1
       635   2.234124e+08  2.455162e+08  3.669814e+03   6599825   1
       636   2.899133e+08  2.455477e+08  3.677909e+03   6610170   1
       637   3.868705e+08  2.456067e+08  3.695066e+03   6620251   1
       638   7.437586e+08  2.456509e+08  3.703129e+03   6630591   1
       639   4.025939e+08  2.457023e+08  3.711180e+03   6640751   1
       640   3.079292e+08  2.457029e+08  3.719220e+03   6651135   1
       641   5.939565e+08  2.457077e+08  3.727281e+03   6661406   1
       642   2.706906e+08  2.458483e+08  3.735367e+03   6671931   1
       643   4.498121e+08  2.458543e+08  3.743557e+03   6682154   1
       644   3.157205e+08  2.459766e+08  3.751637e+03   6692404   1
       645   3.949562e+08  2.460589e+08  3.759734e+03   6702866   1
       646   7.806009e+08  2.460922e+08  3.767850e+03   6713172   1
       647   2.261217e+08  2.461316e+08  3.776027e+03   6723296   1
       648   2.469177e+08  2.461811e+08  3.784081e+03   6733442   1
       649   1.002173e+09  2.461815e+08  3.792240e+03   6743763   1
       650   3.378997e+08  2.462221e+08  3.800502e+03   6754130   1
       651   3.436847e+08  2.463274e+08  3.808820e+03   6764698   1
       652   2.278231e+08  2.464333e+08  3.826291e+03   6775090   1
       653   2.788141e+08  2.465319e+08  3.834439e+03   6785561   1
       654   3.126794e+08  2.465326e+08  3.842515e+03   6795358   1
       655   7.871059e+08  2.465371e+08  3.850629e+03   6805652   1
       656   1.515687e+09  2.465394e+08  3.858584e+03   6815730   1
       657   3.500779e+08  2.465781e+08  3.866758e+03   6826237   1
       658   4.766042e+08  2.465803e+08  3.874956e+03   6836630   1
       659   3.907880e+08  2.466779e+08  3.883150e+03   6847201   1
       660   2.766614e+08  2.467278e+08  3.891383e+03   6857588   1
       661   4.212291e+08  2.467333e+08  3.899618e+03   6867918   1
       662   3.888483e+08  2.467337e+08  3.907905e+03   6878675   1
       663   2.581942e+08  2.467718e+08  3.916290e+03   6889179   1
       664   3.658951e+08  2.467732e+08  3.924809e+03   6899392   1
       665   2.076698e+08  2.467912e+08  3.933236e+03   6910013   1
       666   3.000547e+08  2.467928e+08  3.951007e+03   6920325   1
       667   4.502018e+08  2.468527e+08  3.959193e+03   6930455   1
       668   4.090074e+08  2.471304e+08  3.967471e+03   6940864   1
       669   2.108246e+08  2.471304e+08  3.975909e+03   6951310   1
       670   2.635139e+08  2.471998e+08  3.984168e+03   6961725   1
       671   3.617885e+08  2.473789e+08  3.992373e+03   6972218   1
       672   2.565626e+08  2.474025e+08  4.000623e+03   6982849   1
       673   5.686463e+08  2.474095e+08  4.008873e+03   6992810   1
       674   3.139160e+08  2.474673e+08  4.017156e+03   7002824   1
       675   2.465592e+08  2.474680e+08  4.025587e+03   7013381   1
       676   3.069552e+08  2.474745e+08  4.033993e+03   7024015   1
       677   2.698473e+08  2.474790e+08  4.042343e+03   7034478   1
       678   3.000545e+08  2.474793e+08  4.050695e+03   7044884   1
       679   4.460681e+08  2.474943e+08  4.059103e+03   7055353   1
       680   6.090905e+08  2.476443e+08  4.067650e+03   7065668   1
       681   5.372026e+08  2.476443e+08  4.085542e+03   7076098   1
       682   2.591312e+08  2.476456e+08  4.093944e+03   7086789   1
       683   4.705018e+08  2.476485e+08  4.102186e+03   7097079   1
       684   2.938511e+08  2.477272e+08  4.110570e+03   7107392   1
       685   2.655258e+08  2.477297e+08  4.119008e+03   7117862   1
       686   4.848214e+08  2.477302e+08  4.127435e+03   7128015   1
       687   9.726131e+08  2.477353e+08  4.135769e+03   7138060   1
       688   2.268737e+08  2.477542e+08  4.144232e+03   7148634   1
       689   2.330824e+08  2.477575e+08  4.152714e+03   7159106   1
       690   2.601074e+08  2.479694e+08  4.161142e+03   7169791   1
       691   4.191481e+08  2.480557e+08  4.169474e+03   7180356   1
       692   6.145028e+08  2.480654e+08  4.177836e+03   7190710   1
       693   2.882724e+08  2.480865e+08  4.186570e+03   7201214   1
       694   2.963097e+08  2.481004e+08  4.195111e+03   7211599   1
       695   2.869262e+08  2.481978e+08  4.203689e+03   7222163   1
       696   2.571884e+08  2.482713e+08  4.222012e+03   7232531   1
       697   4.221654e+08  2.482723e+08  4.230424e+03   7242929   1
       698   2.877639e+08  2.482763e+08  4.238857e+03   7253229   1
       699   3.215947e+08  2.482928e+08  4.247434e+03   7263487   1
       700   3.521382e+08  2.483448e+08  4.255982e+03   7273897   1
       701   2.824269e+08  2.483675e+08  4.264554e+03   7284487   1
       702   2.776104e+08  2.483906e+08  4.273107e+03   7294834   1
       703   2.470306e+08  2.483991e+08  4.281689e+03   7305388   1
       704   2.309471e+08  2.485089e+08  4.290338e+03   7316065   1
       705   2.092762e+08  2.485100e+08  4.298829e+03   7326347   1
       706   2.098104e+08  2.485114e+08  4.307533e+03   7336832   1
       707   2.510673e+08  2.486168e+08  4.316291e+03   7347294   1
       708   1.913207e+08  2.486185e+08  4.325035e+03   7357247   1
       709   5.106277e+08  2.487858e+08  4.333850e+03   7367436   1
       710   2.775048e+08  2.488107e+08  4.342831e+03   7377849   1
       711   2.183948e+08  2.488134e+08  4.361567e+03   7388365   1
       712   2.737551e+08  2.488410e+08  4.370199e+03   7398776   1
       713   3.788819e+08  2.489601e+08  4.378734e+03   7409256   1
       714   4.291348e+08  2.489979e+08  4.387243e+03   7419661   1
       715   3.818784e+08  2.489994e+08  4.395800e+03   7430456   1
       716   2.335832e+08  2.492354e+08  4.404467e+03   7440786   1
       717   3.686306e+08  2.492363e+08  4.413138e+03   7451104   1
       718   3.592649e+08  2.492369e+08  4.421839e+03   7461702   1
       719   5.102336e+08  2.492423e+08  4.430422e+03   7472070   1
       720   3.067249e+08  2.492453e+08  4.439090e+03   7482553   1
       721   1.879829e+08  2.492642e+08  4.447846e+03   7492970   1
       722   4.186701e+08  2.493730e+08  4.456646e+03   7503091   1
       723   3.323680e+08  2.495154e+08  4.465417e+03   7513820   1
       724   4.316899e+08  2.496018e+08  4.474265e+03   7524222   1
       725   2.391260e+08  2.496116e+08  4.483267e+03   7534598   1
       726   3.418733e+08  2.496790e+08  4.502194e+03   7545038   1
       727   5.110481e+08  2.496964e+08  4.510870e+03   7555675   1
       728   4.932542e+08  2.498014e+08  4.519521e+03   7566232   1
       729   3.457113e+08  2.498144e+08  4.528271e+03   7576800   1
       730   7.884828e+08  2.498557e+08  4.537035e+03   7587055   1
       731   2.589865e+08  2.499273e+08  4.545846e+03   7597300   1
       732   2.823648e+08  2.499349e+08  4.554711e+03   7607734   1
       733   3.129274e+08  2.499724e+08  4.563548e+03   7618209   1
       734   2.716834e+08  2.499725e+08  4.572463e+03   7628512   1
       735   3.151267e+08  2.499725e+08  4.581332e+03   7639095   1
       736   2.017627e+08  2.499743e+08  4.590115e+03   7649446   1
       737   7.567819e+08  2.499853e+08  4.598880e+03   7659723   1
       738   2.718453e+08  2.500229e+08  4.607853e+03   7670114   1
       739   3.405976e+08  2.500280e+08  4.616830e+03   7680784   1
       740   1.020930e+09  2.500397e+08  4.625619e+03   7690977   1
       741   2.363570e+08  2.500436e+08  4.634643e+03   7701310   1
       742   2.326540e+08  2.505523e+08  4.653873e+03   7711772   1
       743   2.051335e+08  2.506707e+08  4.662745e+03   7722092   1
       744   2.565667e+08  2.506813e+08  4.671670e+03   7732475   1
       745   2.522077e+08  2.506906e+08  4.680518e+03   7742936   1
       746   4.323495e+08  2.506955e+08  4.689312e+03   7753235   1
       747   2.164318e+08  2.510454e+08  4.698165e+03   7764089   1
       748   3.796498e+08  2.510890e+08  4.707065e+03   7774438   1
       749   3.662885e+08  2.510920e+08  4.715902e+03   7784525   1
       750   5.313884e+08  2.511024e+08  4.724809e+03   7794770   1
       751   3.924680e+08  2.511846e+08  4.733811e+03   7804590   1
       752   9.524485e+08  2.512284e+08  4.742712e+03   7814654   1
       753   3.313124e+08  2.512408e+08  4.751713e+03   7825159   1
       754   2.827651e+08  2.512438e+08  4.760736e+03   7835718   1
       755   2.585623e+08  2.512473e+08  4.769841e+03   7845650   1
       756   6.691860e+08  2.512656e+08  4.778867e+03   7855928   1
       757   7.461963e+08  2.512664e+08  4.788063e+03   7866253   1
       758   3.434874e+08  2.515483e+08  4.807478e+03   7876729   1
       759   3.611296e+08  2.516460e+08  4.816493e+03   7887294   1
       760   3.077125e+08  2.516604e+08  4.825395e+03   7897974   1
       761   5.207241e+08  2.516656e+08  4.834281e+03   7908066   1
       762   2.375175e+08  2.517496e+08  4.843436e+03   7918205   1
       763   3.211913e+08  2.517532e+08  4.852536e+03   7928796   1
       764   1.885940e+08  2.517684e+08  4.861652e+03   7939079   1
       765   4.033004e+08  2.518244e+08  4.870700e+03   7949296   1
       766   6.610498e+08  2.518294e+08  4.879776e+03   7959498   1
       767   3.026920e+08  2.518627e+08  4.888835e+03   7969803   1
       768   2.438804e+08  2.518641e+08  4.898061e+03   7980140   1
       769   4.322754e+08  2.518688e+08  4.907285e+03   7990417   1
       770   3.101549e+08  2.518854e+08  4.916473e+03   8000922   1
       771   3.082863e+08  2.518873e+08  4.925625e+03   8011168   1
       772   4.005268e+08  2.519649e+08  4.934910e+03   8021467   1
       773   5.942468e+08  2.521361e+08  4.944199e+03   8031808   1
       774   6.688769e+08  2.521644e+08  4.963793e+03   8042126   1
       775   3.691275e+08  2.521717e+08  4.972845e+03   8052445   1
       776   2.888153e+08  2.522257e+08  4.982007e+03   8062618   1
       777   3.021321e+08  2.522262e+08  4.991196e+03   8073004   1
       778   3.279120e+08  2.522346e+08  5.000340e+03   8083588   1
       779   2.662752e+08  2.522355e+08  5.009551e+03   8093976   1
       780   4.422424e+08  2.522665e+08  5.018618e+03   8104154   1
       781   2.251874e+08  2.522728e+08  5.027856e+03   8114708   1
       782   2.002576e+08  2.522737e+08  5.036988e+03   8125243   1
       783   2.424038e+08  2.523785e+08  5.046230e+03   8135329   1
       784   3.181715e+08  2.523805e+08  5.055393e+03   8145895   1
       785   2.527055e+08  2.523965e+08  5.064581e+03   8155989   1
       786   2.233286e+08  2.524994e+08  5.073872e+03   8166371   1
       787   3.307595e+08  2.525002e+08  5.083168e+03   8177032   1
       788   4.246277e+08  2.525009e+08  5.092581e+03   8187563   1
       789   2.960663e+08  2.525021e+08  5.102160e+03   8197975   1
       790   2.581600e+08  2.525285e+08  5.111599e+03   8208256   1
       791   5.184687e+08  2.525292e+08  5.131525e+03   8218933   1
       792   2.475954e+08  2.525303e+08  5.140841e+03   8229621   1
       793   3.796740e+08  2.527599e+08  5.149985e+03   8240285   1
       794   2.696847e+08  2.527617e+08  5.159234e+03   8251171   1
       795   2.101050e+08  2.528217e+08  5.168466e+03   8261759   1
       796   2.709400e+08  2.529222e+08  5.177799e+03   8272368   1
       797   3.443284e+08  2.529238e+08  5.187161e+03   8282689   1
       798   1.847732e+08  2.529286e+08  5.196635e+03   8293043   1
       799   2.081135e+08  2.530506e+08  5.206120e+03   8303398   1
       800   4.144481e+08  2.530515e+08  5.215602e+03   8313718   1
       801   1.080673e+09  2.530525e+08  5.224978e+03   8323726   1
       802   2.597597e+08  2.530572e+08  5.234370e+03   8334077   1
       803   2.427015e+08  2.531642e+08  5.243986e+03   8344145   1
       804   2.607612e+08  2.531644e+08  5.253356e+03   8354588   1
       805   2.798703e+08  2.533958e+08  5.263001e+03   8365163   1
       806   2.507030e+08  2.535306e+08  5.272551e+03   8375340   1
       807   2.565450e+08  2.535742e+08  5.293395e+03   8385840   1
       808   5.686233e+08  2.535823e+08  5.302746e+03   8396278   1
       809   2.046429e+08  2.536129e+08  5.312131e+03   8406638   1
       810   1.999610e+08  2.536209e+08  5.321579e+03   8417258   1
       811   3.561654e+08  2.536238e+08  5.330912e+03   8427604   1
       812   6.871324e+08  2.536239e+08  5.340332e+03   8437921   1
       813   2.976670e+08  2.536265e+08  5.349723e+03   8448406   1
       814   8.665625e+08  2.536847e+08  5.358964e+03   8458601   1
       815   4.474774e+08  2.537157e+08  5.368337e+03   8468910   1
       816   3.390130e+08  2.537457e+08  5.377796e+03   8479020   1
       817   3.528478e+08  2.537616e+08  5.387442e+03   8489553   1
       818   2.444797e+08  2.538400e+08  5.396857e+03   8500167   1
       819   3.316450e+08  2.538428e+08  5.406480e+03   8510853   1
       820   3.163086e+08  2.538451e+08  5.416141e+03   8521287   1
       821   2.614019e+08  2.538468e+08  5.425740e+03   8531396   1
       822   3.294512e+08  2.538524e+08  5.435586e+03   8541530   1
       823   2.971578e+08  2.538777e+08  5.445329e+03   8551997   1
       824   2.304164e+08  2.538808e+08  5.466338e+03   8562571   1
       825   4.163830e+08  2.539455e+08  5.475785e+03   8573147   1
       826   9.646440e+08  2.539508e+08  5.485281e+03   8583311   1
       827   2.450896e+08  2.539524e+08  5.494976e+03   8593525   1
       828   3.319728e+08  2.539649e+08  5.504559e+03   8603769   1
       829   2.288837e+08  2.539652e+08  5.514158e+03   8614202   1
       830   3.686993e+08  2.541039e+08  5.523778e+03   8624899   1
       831   6.438932e+08  2.541043e+08  5.533226e+03   8635429   1
       832   3.372791e+08  2.542061e+08  5.542950e+03   8645910   1
       833   2.506800e+08  2.543993e+08  5.552493e+03   8656294   1
       834   3.083201e+08  2.544000e+08  5.562017e+03   8666398   1
       835   3.956779e+08  2.544545e+08  5.571769e+03   8676968   1
       836   5.237594e+08  2.544553e+08  5.581530e+03   8687177   1
       837   2.929723e+08  2.544643e+08  5.591369e+03   8697726   1
       838   2.609781e+08  2.544910e+08  5.601065e+03   8708054   1
       839   2.409175e+08  2.544921e+08  5.610989e+03   8718373   1
       840   2.012681e+08  2.545015e+08  5.620954e+03   8728600   1
       841   1.850353e+08  2.545381e+08  5.642419e+03   8739151   1
       842   1.737986e+08  2.545391e+08  5.652021e+03   8749295   1
       843   1.890149e+08  2.545447e+08  5.661783e+03   8759654   1
       844   6.610421e+08  2.545489e+08  5.671441e+03   8770064   1
       845   4.067998e+08  2.545490e+08  5.681128e+03   8780526   1
       846   3.008366e+08  2.545492e+08  5.690818e+03   8790951   1
       847   2.206672e+08  2.546323e+08  5.700615e+03   8801485   1
       848   2.616164e+08  2.546392e+08  5.710355e+03   8811763   1
       849   4.634692e+08  2.546398e+08  5.720175e+03   8822130   1
       850   1.685002e+08  2.546916e+08  5.730098e+03   8832596   1
       851   2.377662e+08  2.546955e+08  5.739962e+03   8842983   1
       852   2.794534e+08  2.546964e+08  5.749853e+03   8853232   1
       853   3.094844e+08  2.547070e+08  5.759779e+03   8863885   1
       854   3.895916e+08  2.547090e+08  5.769611e+03   8874234   1
       855   3.417148e+08  2.547158e+08  5.779580e+03   8884509   1
       856   4.268928e+08  2.547162e+08  5.789523e+03   8895110   1
       857   2.949746e+08  2.547286e+08  5.799533e+03   8905785   1
       858   2.084082e+08  2.547296e+08  5.821322e+03   8916567   1
       859   2.624316e+08  2.548007e+08  5.831125e+03   8926967   1
       860   4.558603e+08  2.548058e+08  5.840893e+03   8937281   1
       861   2.123646e+08  2.548479e+08  5.850892e+03   8947791   1
       862   5.045178e+08  2.548488e+08  5.860758e+03   8958442   1
       863   2.576758e+08  2.548539e+08  5.870657e+03   8968688   1
       864   3.614738e+08  2.548654e+08  5.880586e+03   8979039   1
       865   3.168494e+08  2.548765e+08  5.890510e+03   8989492   1
       866   1.760759e+08  2.548834e+08  5.900460e+03   8999972   1
       867   7.528955e+08  2.549196e+08  5.910348e+03   9010316   1
       868   2.299260e+08  2.549208e+08  5.920377e+03   9020894   1
       869   4.738422e+08  2.549863e+08  5.930335e+03   9031316   1
       870   4.534519e+08  2.550004e+08  5.940205e+03   9041465   1
       871   3.413175e+08  2.550063e+08  5.950200e+03   9051831   1
       872   2.475639e+08  2.550208e+08  5.960166e+03   9062373   1
       873   5.754347e+08  2.550215e+08  5.970255e+03   9072329   1
       874   2.006639e+08  2.550220e+08  5.980432e+03   9082932   1
       875   3.612583e+08  2.550864e+08  5.990698e+03   9093307   1
       876   2.936118e+08  2.551174e+08  6.012436e+03   9103504   1
       877   2.518530e+08  2.551953e+08  6.022371e+03   9113784   1
       878   4.835646e+08  2.551986e+08  6.032406e+03   9124302   1
       879   2.945992e+08  2.552120e+08  6.042373e+03   9134437   1
       880   2.520890e+08  2.552424e+08  6.052453e+03   9144681   1
       881   2.840032e+08  2.552464e+08  6.062521e+03   9155018   1
       882   7.803290e+08  2.552568e+08  6.072464e+03   9164967   1
       883   6.897410e+08  2.552581e+08  6.082612e+03   9175298   1
       884   7.219681e+08  2.552633e+08  6.092681e+03   9184933   1
       885   3.256757e+08  2.552778e+08  6.102812e+03   9195254   1
       886   2.849163e+08  2.552800e+08  6.112835e+03   9206122   1
       887   2.108957e+08  2.552812e+08  6.122851e+03   9216433   1
       888   2.360652e+08  2.552825e+08  6.132975e+03   9226413   1
       889   3.978413e+08  2.553095e+08  6.143269e+03   9237133   1
       890   5.001832e+08  2.553133e+08  6.153465e+03   9246908   1
       891   4.203306e+08  2.554978e+08  6.163961e+03   9257169   1
       892   2.764566e+08  2.557020e+08  6.174363e+03   9267559   1
       893   2.524209e+08  2.557299e+08  6.196556e+03   9277906   1
       894   4.246541e+08  2.557363e+08  6.206721e+03   9288515   1
       895   3.844884e+08  2.557538e+08  6.216995e+03   9298900   1
       896   2.609312e+08  2.558168e+08  6.227159e+03   9309465   1
       897   2.346813e+08  2.558602e+08  6.237428e+03   9319985   1
       898   3.104544e+08  2.560274e+08  6.247628e+03   9330350   1
       899   2.630688e+08  2.560285e+08  6.258047e+03   9340898   1
       900   5.361973e+08  2.560338e+08  6.268267e+03   9351343   1
       901   4.323053e+08  2.560479e+08  6.278450e+03   9361624   1
       902   3.490138e+08  2.560484e+08  6.288724e+03   9372255   1
       903   2.256739e+08  2.560573e+08  6.298803e+03   9382944   1
       904   1.713157e+08  2.561533e+08  6.308974e+03   9392826   1
       905   3.854349e+08  2.561992e+08  6.319260e+03   9403113   1
       906   2.779348e+08  2.562151e+08  6.329551e+03   9413759   1
       907   4.039651e+08  2.562524e+08  6.339887e+03   9424225   1
       908   1.777510e+08  2.562524e+08  6.350359e+03   9434672   1
       909   3.754847e+08  2.563053e+08  6.360716e+03   9445055   1
       910   1.873561e+08  2.563065e+08  6.371346e+03   9455519   1
       911   4.061969e+08  2.564458e+08  6.393968e+03   9466003   1
       912   2.190122e+08  2.565142e+08  6.404209e+03   9476111   1
       913   2.881783e+08  2.565155e+08  6.414463e+03   9486333   1
       914   2.464722e+08  2.565186e+08  6.424729e+03   9496786   1
       915   3.565062e+08  2.565198e+08  6.435152e+03   9507178   1
       916   2.528696e+08  2.566107e+08  6.445503e+03   9517265   1
       917   2.695174e+08  2.566122e+08  6.455686e+03   9527770   1
       918   5.509122e+08  2.566915e+08  6.465840e+03   9538239   1
       919   3.634415e+08  2.567952e+08  6.476058e+03   9548363   1
       920   4.117802e+08  2.570068e+08  6.486230e+03   9559009   1
       921   2.541889e+08  2.570102e+08  6.496579e+03   9569592   1
       922   2.244419e+08  2.570341e+08  6.506950e+03   9579891   1
       923   2.377529e+08  2.570353e+08  6.517231e+03   9590651   1
       924   6.472831e+08  2.570463e+08  6.527617e+03   9601015   1
       925   3.399551e+08  2.570463e+08  6.538118e+03   9611538   1
       926   2.337766e+08  2.570542e+08  6.548749e+03   9622037   1
       927   4.040311e+08  2.571165e+08  6.559206e+03   9631978   1
       928   1.960451e+08  2.572057e+08  6.569725e+03   9642564   1
       929   3.476315e+08  2.572206e+08  6.592401e+03   9653246   1
       930   2.401856e+08  2.572206e+08  6.602647e+03   9663694   1
       931   3.077998e+08  2.572354e+08  6.612985e+03   9674109   1
       932   2.851055e+08  2.572429e+08  6.623337e+03   9684516   1
       933   3.208055e+08  2.572462e+08  6.633761e+03   9695067   1
       934   2.038282e+08  2.573379e+08  6.644189e+03   9705689   1
       935   3.669365e+08  2.573380e+08  6.654649e+03   9716251   1
       936   2.127069e+08  2.573835e+08  6.664989e+03   9726563   1
       937   8.925271e+08  2.573851e+08  6.675392e+03   9736704   1
       938   2.546118e+08  2.573880e+08  6.686319e+03   9747072   1
       939   4.807450e+08  2.573886e+08  6.696596e+03   9757270   1
       940   2.077350e+08  2.573908e+08  6.707160e+03   9767990   1
       941   2.447582e+08  2.574312e+08  6.717720e+03   9778397   1
       942   4.172719e+08  2.574474e+08  6.728294e+03   9788567   1
       943   2.286502e+08  2.574532e+08  6.738867e+03   9799287   1
       944   3.044270e+08  2.574642e+08  6.749422e+03   9809867   1
       945   3.261101e+08  2.574657e+08  6.760106e+03   9820514   1
       946   3.671461e+08  2.574880e+08  6.770908e+03   9830897   1
       947   3.047071e+08  2.574978e+08  6.794220e+03   9841517   1
       948   4.075318e+08  2.575113e+08  6.804771e+03   9851923   1
       949   2.802763e+08  2.575222e+08  6.815378e+03   9862181   1
       950   4.528805e+08  2.575251e+08  6.825926e+03   9872591   1
       951   2.633430e+08  2.575442e+08  6.836652e+03   9882797   1
       952   7.844402e+08  2.575453e+08  6.847381e+03   9892981   1
       953   1.679309e+08  2.575775e+08  6.857979e+03   9902828   1
       954   4.162064e+08  2.575794e+08  6.868538e+03   9913191   1
       955   2.425487e+08  2.576092e+08  6.879096e+03   9923622   1
       956   1.866322e+08  2.576095e+08  6.889762e+03   9934220   1
       957   3.411680e+08  2.577090e+08  6.900412e+03   9944856   1
       958   3.074013e+08  2.578113e+08  6.910988e+03   9955340   1
       959   9.145660e+08  2.578135e+08  6.921619e+03   9965547   1
       960   3.189725e+08  2.578415e+08  6.932348e+03   9975927   1
       961   2.558511e+08  2.578640e+08  6.943138e+03   9986639   1
       962   2.005926e+08  2.579031e+08  6.953998e+03   9996957   1
       963   6.084122e+08  2.581081e+08  6.964688e+03  10007431   1
       964   2.919108e+08  2.581149e+08  6.975776e+03  10017625   1
       965   2.915205e+08  2.581602e+08  6.999593e+03  10028215   1
       966   2.498983e+08  2.581609e+08  7.010257e+03  10038531   1
       967   2.806792e+08  2.581806e+08  7.020952e+03  10048984   1
       968   2.134121e+08  2.581877e+08  7.031592e+03  10059188   1
       969   5.318778e+08  2.582376e+08  7.042321e+03  10069342   1
       970   2.157583e+08  2.582409e+08  7.053220e+03  10079631   1
       971   2.238537e+08  2.582684e+08  7.064094e+03  10090103   1
       972   4.072376e+08  2.582698e+08  7.074716e+03  10100477   1
       973   7.327991e+08  2.582746e+08  7.085354e+03  10110855   1
       974   5.567126e+08  2.582773e+08  7.096091e+03  10121376   1
       975   3.008762e+08  2.582804e+08  7.106978e+03  10131907   1
       976   3.918260e+08  2.583756e+08  7.117773e+03  10142322   1
       977   2.491277e+08  2.583757e+08  7.128555e+03  10152886   1
       978   2.589955e+08  2.583791e+08  7.139453e+03  10163390   1
       979   2.205112e+08  2.583846e+08  7.150431e+03  10173679   1
       980   3.289917e+08  2.583847e+08  7.161377e+03  10184227   1
       981   2.441898e+08  2.583853e+08  7.172393e+03  10194603   1
       982   4.015821e+08  2.584034e+08  7.183454e+03  10204861   1
       983   4.195800e+08  2.584066e+08  7.194480e+03  10214946   1
       984   2.476751e+08  2.584098e+08  7.218627e+03  10225569   1
-------------------------------------------------------------------
status         : time_limit
total time (s) : 7.218627e+03
total solves   : 10225569
best bound     :  2.584098e+08
simulation ci  :  3.831170e+08  1.198189e+07
numeric issues : 0
-------------------------------------------------------------------

 
                                        Time                    Allocations      
                                  
       Tot / % measured:            2.01h /  99.9%            837GiB /  99.9%    

 Section               ncalls     time    %tot     avg     alloc    %tot      avg
 
 backward_pass            984    2.00h   99.5%   7.30s    829GiB   99.1%   862MiB
   solve_subproblem     10.1M    2647s   36.7%   262s    513GiB   61.4%  53.2KiB
     get_dual_solution  10.1M    57.4s    0.8%  5.68s   14.5GiB    1.7%  1.50KiB
   prepare_backward...  1.97k    1.15s    0.0%   584s    314MiB    0.0%   163KiB
 forward_pass             984    31.6s    0.4%  32.1ms   6.87GiB    0.8%  7.15MiB
   solve_subproblem      118k    28.7s    0.4%   243s   6.01GiB    0.7%  53.4KiB
     get_dual_solution   118k    118ms    0.0%   998ns   63.1MiB    0.0%     560B
   sample_scenario        984   5.37ms    0.0%  5.46s    154KiB    0.0%     160B
 calculate_bound          984    2.28s    0.0%  2.32ms    843MiB    0.1%   877KiB
   get_dual_solution      984   1.30ms    0.0%  1.32s    538KiB    0.0%     560B
 


||||||||||||||||||||||||||||||||||||||||||||||||||||||||||||||||||||||||||||||||||||||||||||||||||||||||||||||||||||||||||||||||||||||||
SIMULATION RESULTS
LogLinearSDDP.NoSimulation()
markov
Lower bound: 2.5840983398610577e8
Statistical upper bound (confidence interval): 3.2249447854410046e8  6.558800023284146e6
Pessimistic upper bound: 3.290532785673846e8

||||||||||||||||||||||||||||||||||||||||||||||||||||||||||||||||||||||||||||||||||||||||||||||||||||||||||||||||||||||||||||||||||||||||
SIMULATION RESULTS
LogLinearSDDP.NoSimulation()
markov
Lower bound: 2.5840983398610577e8
Statistical upper bound (confidence interval): 2.0964276199430138e8  5.36651371560946e6
Pessimistic upper bound: 2.1500927570991084e8

||||||||||||||||||||||||||||||||||||||||||||||||||||||||||||||||||||||||||||||||||||||||||||||||||||||||||||||||||||||||||||||||||||||||
SIMULATION RESULTS
LogLinearSDDP.NoSimulation()
custom_model
Lower bound: 2.5840983398610577e8
Statistical upper bound (confidence interval): 3.890577378986538e8  8.0376199225284355e6
Pessimistic upper bound: 3.9709535782118225e8

||||||||||||||||||||||||||||||||||||||||||||||||||||||||||||||||||||||||||||||||||||||||||||||||||||||||||||||||||||||||||||||||||||||||
SIMULATION RESULTS
LogLinearSDDP.NoSimulation()
custom_model
Lower bound: 2.5840983398610577e8
Statistical upper bound (confidence interval): 2.4522684237637788e8  6.201944444636806e6
Pessimistic upper bound: 2.5142878682101467e8

||||||||||||||||||||||||||||||||||||||||||||||||||||||||||||||||||||||||||||||||||||||||||||||||||||||||||||||||||||||||||||||||||||||||
SIMULATION RESULTS
LogLinearSDDP.NoSimulation()
fitted_model
Lower bound: 2.5840983398610577e8
Statistical upper bound (confidence interval): 2.8266437006295127e8  4.90003350124264e6
Pessimistic upper bound: 2.875644035641939e8

||||||||||||||||||||||||||||||||||||||||||||||||||||||||||||||||||||||||||||||||||||||||||||||||||||||||||||||||||||||||||||||||||||||||
SIMULATION RESULTS
LogLinearSDDP.NoSimulation()
fitted_model
Lower bound: 2.5840983398610577e8
Statistical upper bound (confidence interval): 1.8588140049758306e8  3.8433596596746882e6
Pessimistic upper bound: 1.8972476015725774e8

||||||||||||||||||||||||||||||||||||||||||||||||||||||||||||||||||||||||||||||||||||||||||||||||||||||||||||||||||||||||||||||||||||||||
SIMULATION RESULTS
LogLinearSDDP.NoSimulation()
shapiro_model
Lower bound: 2.5840983398610577e8
Statistical upper bound (confidence interval): 2.9373841816465217e8  5.635189718604638e6
Pessimistic upper bound: 2.993736078832568e8

||||||||||||||||||||||||||||||||||||||||||||||||||||||||||||||||||||||||||||||||||||||||||||||||||||||||||||||||||||||||||||||||||||||||
SIMULATION RESULTS
LogLinearSDDP.NoSimulation()
shapiro_model
Lower bound: 2.5840983398610577e8
Statistical upper bound (confidence interval): 1.9135303805209026e8  4.363333907144796e6
Pessimistic upper bound: 1.9571637195923504e8

||||||||||||||||||||||||||||||||||||||||||||||||||||||||||||||||||||||||||||||||||||||||||||||||||||||||||||||||||||||||||||||||||||||||
SIMULATION RESULTS
LogLinearSDDP.NoSimulation()
markov
Lower bound: 2.578297506830485e8
Statistical upper bound (confidence interval): 4.8208647413793844e8  8.1838736602862e7
Pessimistic upper bound: 5.639252107408004e8

||||||||||||||||||||||||||||||||||||||||||||||||||||||||||||||||||||||||||||||||||||||||||||||||||||||||||||||||||||||||||||||||||||||||
SIMULATION RESULTS
LogLinearSDDP.NoSimulation()
markov
Lower bound: 2.578297506830485e8
Statistical upper bound (confidence interval): 3.146923845459951e8  6.728100653880246e7
Pessimistic upper bound: 3.8197339108479756e8
