||||||||||||||||||||||||||||||||||||||||||||||||||||||||||||||||||||||||||||||||||||||||||||||||||||||||||||||||||||||||||||||||||||||||
PATH
calling 
C:\Users\cg4102\Documents\New LogLinearSDDP\LogLinearSDDP.jl\Examples\Hydrothermal
C:\Users\cg4102\Documents\New LogLinearSDDP\LogLinearSDDP.jl\Examples\Hydrothermal\run_model_markov.jl
DATETIME
2025-05-02T02:09:37.502
RUN DESCRIPTION
LogLinearSDDP.AlgoParams(SDDP.AbstractStoppingRule[SDDP.TimeLimit(7200.0)], LogLinearSDDP.NoSimulation(), false, 2, 1, "C:/Users/cg4102/Documents/julia_logs/Cut-sharing Re-Run - NoCS (2h)/Run_MC-SDDP_fitted_model_444444/MC-SDDP.log", false, false, false, 444444, "MC-SDDP: 100 nodes, fitted_model", :fitted_model)
-------------------------------------------------------------------
         SDDP.jl (c) Oscar Dowson and contributors, 2017-23
-------------------------------------------------------------------
problem
  nodes           : 11901
  state variables : 4
  scenarios       : 6.68857e+229
  existing cuts   : false
options
  solver          : serial mode
  risk measure    : SDDP.Expectation()
  sampling scheme : SDDP.Historical{String, Dict{String, Float64}}
subproblem structure
  VariableRef                                  : [142, 142]
  JuMP.AffExpr in MOI.EqualTo{Float64}         : [13, 13]
  JuMP.VariableRef in MOI.GreaterThan{Float64} : [138, 138]
  JuMP.VariableRef in MOI.LessThan{Float64}    : [129, 130]
-------------------------------------------------------------------
 iteration    simulation      bound        time (s)     solves  pid
-------------------------------------------------------------------
         1   1.935779e+09  7.449356e+05  2.779800e+01     10469   1
         2   7.754669e+08  3.094299e+06  3.344000e+01     20748   1
         3   9.168842e+08  3.149869e+06  3.665600e+01     30894   1
         4   4.116266e+08  3.950799e+06  3.959200e+01     41059   1
         5   4.445925e+08  1.003821e+07  4.231000e+01     51299   1
         6   8.044997e+08  2.219065e+07  4.527400e+01     61602   1
         7   6.922541e+08  2.446807e+07  4.851400e+01     72071   1
         8   4.144001e+08  2.497661e+07  5.139900e+01     82157   1
         9   3.149084e+08  2.784436e+07  5.435100e+01     92608   1
        10   2.345300e+08  4.577260e+07  5.719600e+01    102953   1
        11   1.648448e+08  5.004067e+07  6.005400e+01    112549   1
        12   2.524154e+08  5.125031e+07  6.307000e+01    123316   1
        13   3.944089e+08  5.165967e+07  6.706200e+01    133926   1
        14   1.837104e+08  5.190290e+07  6.974500e+01    143828   1
        15   2.063089e+08  5.314866e+07  7.288300e+01    154088   1
        16   6.131664e+08  5.339142e+07  7.552800e+01    164505   1
        17   4.732375e+08  5.646104e+07  7.816900e+01    174802   1
        18   6.161859e+08  5.679186e+07  8.087800e+01    184979   1
        19   3.369128e+08  5.714817e+07  8.363900e+01    195397   1
        20   2.494883e+08  5.857848e+07  8.683400e+01    205827   1
        21   1.347465e+08  5.859715e+07  8.960600e+01    216321   1
        22   4.504190e+08  6.583814e+07  9.225200e+01    226407   1
        23   3.214762e+08  6.748627e+07  9.499900e+01    236887   1
        24   1.886971e+08  7.588160e+07  9.892600e+01    247159   1
        25   3.902142e+08  7.814938e+07  1.017920e+02    257338   1
        26   4.053324e+08  8.070805e+07  1.051090e+02    267531   1
        27   2.389080e+08  8.140899e+07  1.091120e+02    277899   1
        28   2.329819e+08  8.197639e+07  1.132160e+02    287945   1
        29   2.595386e+08  8.573969e+07  1.180890e+02    298317   1
        30   6.285241e+08  8.889444e+07  1.234830e+02    308855   1
        31   4.187029e+08  8.977113e+07  1.284830e+02    319301   1
        32   2.443929e+08  9.329707e+07  1.334310e+02    329942   1
        33   2.502473e+08  9.447582e+07  1.384610e+02    340496   1
        34   1.832970e+08  9.681716e+07  1.434580e+02    350655   1
        35   4.507854e+08  9.743543e+07  1.489010e+02    361063   1
        36   4.305896e+08  1.015494e+08  1.560060e+02    371549   1
        37   3.514380e+08  1.040831e+08  1.624130e+02    382226   1
        38   5.609006e+08  1.064591e+08  1.661870e+02    392290   1
        39   2.584896e+08  1.080784e+08  1.689730e+02    402555   1
        40   4.250566e+08  1.083369e+08  1.724220e+02    413014   1
        41   2.756822e+08  1.084282e+08  1.769970e+02    423719   1
        42   3.480875e+08  1.084607e+08  1.826700e+02    433741   1
        43   4.215108e+08  1.093218e+08  1.903340e+02    444114   1
        44   3.491691e+08  1.103390e+08  1.987420e+02    454816   1
        45   5.500140e+08  1.111843e+08  2.079710e+02    465523   1
        46   4.645847e+08  1.121517e+08  2.181790e+02    476168   1
        47   2.369692e+08  1.134871e+08  2.298840e+02    486809   1
        48   5.599319e+08  1.146722e+08  2.406740e+02    497242   1
        49   2.420623e+08  1.151074e+08  2.508960e+02    507470   1
        50   4.996873e+08  1.165604e+08  2.618770e+02    517867   1
        51   2.267919e+08  1.212388e+08  2.743500e+02    528336   1
        52   2.179351e+08  1.242083e+08  2.874220e+02    538604   1
        53   3.899146e+08  1.242542e+08  3.019530e+02    548972   1
        54   2.165257e+08  1.244373e+08  3.169670e+02    559378   1
        55   2.552521e+08  1.272591e+08  3.322860e+02    569824   1
        56   5.820368e+08  1.272846e+08  3.484110e+02    580327   1
        57   1.800692e+08  1.281111e+08  3.647940e+02    590770   1
        58   1.619097e+08  1.289603e+08  3.823230e+02    601257   1
        59   2.634476e+08  1.293076e+08  3.990310e+02    611919   1
        60   4.039125e+08  1.306043e+08  4.162920e+02    622684   1
        61   2.604080e+08  1.306784e+08  4.341020e+02    633395   1
        62   3.116826e+08  1.306938e+08  4.513200e+02    643670   1
        63   2.331342e+08  1.307270e+08  4.698560e+02    654374   1
        64   6.038341e+08  1.307338e+08  4.874730e+02    664522   1
        65   4.578817e+08  1.308105e+08  5.054350e+02    674970   1
        66   3.835804e+08  1.310570e+08  5.239840e+02    685388   1
        67   3.434697e+08  1.319538e+08  5.432640e+02    695521   1
        68   2.397842e+08  1.333158e+08  5.653320e+02    706295   1
        69   2.818320e+08  1.381243e+08  5.883240e+02    716916   1
        70   3.541402e+08  1.383097e+08  6.113550e+02    726828   1
        71   3.076244e+08  1.386842e+08  6.358220e+02    737505   1
        72   2.832961e+08  1.390278e+08  6.594040e+02    747649   1
        73   2.267087e+08  1.390757e+08  6.836040e+02    757933   1
        74   3.304578e+08  1.400887e+08  7.079300e+02    768423   1
        75   4.224469e+08  1.408006e+08  7.320430e+02    778998   1
        76   3.393044e+08  1.414443e+08  7.552210e+02    789272   1
        77   2.211894e+08  1.422253e+08  7.792720e+02    799657   1
        78   2.275682e+08  1.422459e+08  8.033230e+02    809609   1
        79   3.012041e+08  1.423679e+08  8.293870e+02    820049   1
        80   8.195001e+08  1.427981e+08  8.549660e+02    830560   1
        81   2.154210e+08  1.428682e+08  8.816720e+02    841172   1
        82   2.969354e+08  1.429214e+08  9.066710e+02    851549   1
        83   3.589471e+08  1.433310e+08  9.321730e+02    862223   1
        84   3.533979e+08  1.433355e+08  9.573390e+02    872647   1
        85   2.607014e+08  1.435915e+08  9.813740e+02    882869   1
        86   5.727547e+08  1.439244e+08  1.004884e+03    893033   1
        87   2.784564e+08  1.449436e+08  1.028145e+03    903161   1
        88   1.974838e+08  1.467218e+08  1.051408e+03    913622   1
        89   2.711884e+08  1.478536e+08  1.074716e+03    923783   1
        90   1.857922e+08  1.479988e+08  1.098696e+03    934150   1
        91   2.101082e+08  1.481475e+08  1.122267e+03    944183   1
        92   4.053425e+08  1.501912e+08  1.146899e+03    954687   1
        93   3.112395e+08  1.504431e+08  1.171328e+03    964533   1
        94   3.435797e+08  1.556921e+08  1.195645e+03    974699   1
        95   2.172702e+08  1.561806e+08  1.221466e+03    985151   1
        96   3.393863e+08  1.563930e+08  1.249190e+03    995850   1
        97   4.068312e+08  1.563939e+08  1.277652e+03   1006274   1
        98   2.281245e+08  1.572739e+08  1.306352e+03   1016656   1
        99   2.795226e+08  1.574455e+08  1.336861e+03   1027410   1
       100   3.015615e+08  1.575012e+08  1.367064e+03   1037942   1
       101   5.466382e+08  1.575063e+08  1.396990e+03   1048194   1
       102   2.193591e+08  1.575633e+08  1.426623e+03   1058444   1
       103   2.595255e+08  1.579352e+08  1.456521e+03   1068893   1
       104   5.202232e+08  1.586296e+08  1.486411e+03   1079239   1
       105   3.513138e+08  1.590672e+08  1.517807e+03   1089614   1
       106   1.512737e+08  1.593998e+08  1.546588e+03   1099621   1
       107   2.049727e+08  1.597228e+08  1.577877e+03   1110051   1
       108   2.563304e+08  1.600521e+08  1.608601e+03   1120164   1
       109   2.306882e+08  1.602469e+08  1.640922e+03   1130649   1
       110   3.091486e+08  1.607737e+08  1.672538e+03   1140952   1
       111   3.468366e+08  1.628212e+08  1.704674e+03   1151251   1
       112   2.709037e+08  1.630081e+08  1.736855e+03   1161743   1
       113   3.364041e+08  1.643483e+08  1.768257e+03   1171816   1
       114   2.446210e+08  1.647261e+08  1.799519e+03   1181848   1
       115   4.067468e+08  1.649778e+08  1.831461e+03   1192148   1
       116   1.724140e+08  1.650030e+08  1.865726e+03   1202439   1
       117   2.524233e+08  1.651981e+08  1.897968e+03   1212404   1
       118   1.493213e+08  1.653495e+08  1.930189e+03   1222355   1
       119   2.461206e+08  1.657778e+08  1.964048e+03   1232745   1
       120   2.080377e+08  1.662411e+08  1.999256e+03   1243513   1
       121   2.690069e+08  1.662475e+08  2.034191e+03   1253943   1
       122   1.549323e+08  1.665142e+08  2.067952e+03   1264038   1
       123   1.673861e+08  1.666702e+08  2.102734e+03   1274462   1
       124   2.086848e+08  1.667548e+08  2.137061e+03   1284704   1
       125   2.556994e+08  1.676236e+08  2.172422e+03   1295194   1
       126   4.812973e+08  1.676730e+08  2.206615e+03   1305430   1
       127   3.843634e+08  1.680144e+08  2.240864e+03   1315659   1
       128   1.256085e+08  1.684405e+08  2.276187e+03   1325638   1
       129   2.293458e+08  1.690902e+08  2.309787e+03   1335855   1
       130   2.462899e+08  1.692947e+08  2.345941e+03   1346468   1
       131   3.127848e+08  1.693003e+08  2.380203e+03   1356713   1
       132   5.408478e+08  1.697983e+08  2.413852e+03   1367154   1
       133   5.481216e+08  1.697995e+08  2.447371e+03   1377519   1
       134   2.306607e+08  1.698177e+08  2.481341e+03   1388036   1
       135   1.577583e+08  1.698222e+08  2.514374e+03   1398281   1
       136   2.054941e+08  1.704029e+08  2.546632e+03   1408376   1
       137   2.536728e+08  1.704305e+08  2.579794e+03   1418856   1
       138   2.098938e+08  1.705232e+08  2.611353e+03   1428714   1
       139   1.343577e+08  1.705437e+08  2.642788e+03   1438380   1
       140   2.805879e+08  1.705508e+08  2.676499e+03   1449048   1
       141   2.359572e+08  1.707423e+08  2.709515e+03   1459421   1
       142   2.024864e+08  1.707459e+08  2.741476e+03   1469504   1
       143   4.863241e+08  1.715091e+08  2.775235e+03   1480158   1
       144   2.288349e+08  1.715153e+08  2.807154e+03   1490259   1
       145   2.191010e+08  1.715499e+08  2.839827e+03   1500579   1
       146   3.371075e+08  1.715808e+08  2.872568e+03   1510886   1
       147   3.114870e+08  1.720775e+08  2.906527e+03   1521547   1
       148   2.135325e+08  1.720783e+08  2.939905e+03   1531859   1
       149   2.489895e+08  1.720791e+08  2.972989e+03   1542120   1
       150   3.145425e+08  1.720874e+08  3.006749e+03   1552579   1
       151   2.850121e+08  1.722334e+08  3.041026e+03   1562829   1
       152   2.657834e+08  1.724291e+08  3.074864e+03   1573379   1
       153   2.506461e+08  1.739222e+08  3.109001e+03   1584036   1
       154   2.106257e+08  1.748421e+08  3.142182e+03   1594418   1
       155   1.513531e+08  1.767827e+08  3.173548e+03   1604181   1
       156   3.556540e+08  1.767835e+08  3.207324e+03   1614567   1
       157   5.211158e+08  1.770883e+08  3.241590e+03   1625161   1
       158   3.030592e+08  1.773923e+08  3.275829e+03   1635640   1
       159   2.250175e+08  1.777265e+08  3.307969e+03   1645553   1
       160   1.787408e+08  1.777274e+08  3.341432e+03   1655987   1
       161   3.745478e+08  1.785818e+08  3.375160e+03   1666492   1
       162   3.021088e+08  1.789374e+08  3.409163e+03   1676751   1
       163   1.928811e+08  1.794741e+08  3.442327e+03   1687174   1
       164   2.139340e+08  1.795075e+08  3.476076e+03   1697562   1
       165   3.304732e+08  1.797225e+08  3.508892e+03   1707692   1
       166   2.052878e+08  1.797782e+08  3.542999e+03   1718195   1
       167   1.745244e+08  1.797952e+08  3.575863e+03   1728198   1
       168   4.501169e+08  1.802854e+08  3.610717e+03   1738752   1
       169   2.131519e+08  1.809933e+08  3.643905e+03   1749026   1
       170   2.381944e+08  1.811451e+08  3.676853e+03   1759113   1
       171   2.376819e+08  1.819471e+08  3.711516e+03   1769669   1
       172   3.457376e+08  1.832244e+08  3.744923e+03   1779932   1
       173   3.207921e+08  1.837956e+08  3.779357e+03   1790144   1
       174   2.987356e+08  1.838992e+08  3.814651e+03   1800570   1
       175   3.551836e+08  1.842168e+08  3.849842e+03   1811084   1
       176   4.655170e+08  1.843798e+08  3.883499e+03   1821219   1
       177   1.996339e+08  1.844372e+08  3.919195e+03   1831514   1
       178   3.618515e+08  1.844379e+08  3.954740e+03   1842013   1
       179   2.264750e+08  1.848578e+08  3.990289e+03   1852304   1
       180   5.106173e+08  1.849350e+08  4.024104e+03   1862332   1
       181   3.883019e+08  1.862644e+08  4.058880e+03   1872535   1
       182   2.541539e+08  1.863532e+08  4.095617e+03   1883097   1
       183   1.809127e+08  1.874723e+08  4.131314e+03   1893290   1
       184   2.638276e+08  1.899977e+08  4.166427e+03   1903392   1
       185   1.638125e+08  1.901324e+08  4.204613e+03   1913757   1
       186   1.839264e+08  1.901929e+08  4.240463e+03   1924057   1
       187   2.740825e+08  1.901931e+08  4.277398e+03   1934640   1
       188   2.781593e+08  1.901945e+08  4.312902e+03   1944927   1
       189   2.554270e+08  1.902105e+08  4.349185e+03   1955384   1
       190   1.949974e+08  1.903012e+08  4.384468e+03   1965461   1
       191   2.341824e+08  1.905290e+08  4.420115e+03   1975597   1
       192   4.561859e+08  1.906834e+08  4.457102e+03   1985999   1
       193   2.129892e+08  1.910256e+08  4.493819e+03   1996435   1
       194   2.070297e+08  1.910261e+08  4.530747e+03   2006897   1
       195   1.847568e+08  1.917052e+08  4.567800e+03   2017386   1
       196   1.703309e+08  1.938478e+08  4.603617e+03   2027538   1
       197   7.207834e+08  1.952989e+08  4.640556e+03   2037877   1
       198   1.467550e+08  1.955524e+08  4.677158e+03   2047914   1
       199   2.348521e+08  1.958468e+08  4.714129e+03   2057859   1
       200   2.186499e+08  1.960311e+08  4.751747e+03   2068244   1
       201   3.128420e+08  1.962068e+08  4.789232e+03   2078676   1
       202   2.007076e+08  1.965105e+08  4.826121e+03   2088850   1
       203   3.275364e+08  1.968475e+08  4.863631e+03   2099214   1
       204   3.703139e+08  1.971365e+08  4.900573e+03   2109435   1
       205   3.196611e+08  1.971423e+08  4.938798e+03   2119851   1
       206   2.648413e+08  1.971592e+08  5.017741e+03   2130341   1
       207   3.064493e+08  1.972202e+08  5.053819e+03   2140338   1
       208   1.942459e+08  1.978243e+08  5.091922e+03   2150928   1
       209   3.788227e+08  1.985788e+08  5.130440e+03   2161587   1
       210   6.096899e+08  1.989962e+08  5.168418e+03   2172134   1
       211   2.533626e+08  1.990021e+08  5.205928e+03   2182730   1
       212   2.263557e+08  1.990184e+08  5.242950e+03   2193131   1
       213   1.768924e+08  1.990252e+08  5.281310e+03   2203711   1
       214   1.915124e+08  1.992517e+08  5.319637e+03   2214295   1
       215   2.078024e+08  1.992588e+08  5.357600e+03   2224695   1
       216   1.766104e+08  1.992656e+08  5.395217e+03   2235013   1
       217   2.498958e+08  1.993885e+08  5.433586e+03   2245334   1
       218   1.890074e+08  1.998688e+08  5.471518e+03   2255623   1
       219   3.503464e+08  1.999546e+08  5.509130e+03   2265806   1
       220   2.130652e+08  2.001272e+08  5.549037e+03   2276388   1
       221   1.804374e+08  2.006335e+08  5.587475e+03   2286531   1
       222   2.627336e+08  2.007409e+08  5.626778e+03   2296930   1
       223   1.562946e+08  2.007637e+08  5.668527e+03   2307126   1
       224   3.756418e+08  2.009040e+08  5.706842e+03   2317270   1
       225   1.974829e+08  2.012744e+08  5.745691e+03   2327583   1
       226   5.219821e+08  2.020899e+08  5.784113e+03   2337771   1
       227   2.608326e+08  2.025381e+08  5.822372e+03   2347947   1
       228   3.225113e+08  2.025502e+08  5.862795e+03   2358639   1
       229   2.319178e+08  2.037189e+08  5.901920e+03   2368993   1
       230   2.327238e+08  2.040733e+08  5.941627e+03   2379546   1
       231   3.487311e+08  2.040826e+08  5.979099e+03   2389496   1
       232   2.088361e+08  2.041839e+08  6.017527e+03   2399713   1
       233   2.480098e+08  2.045365e+08  6.056188e+03   2409901   1
       234   2.374406e+08  2.047073e+08  6.095714e+03   2420164   1
       235   3.341265e+08  2.047253e+08  6.136140e+03   2430788   1
       236   3.501235e+08  2.047748e+08  6.173683e+03   2440740   1
       237   2.400803e+08  2.048179e+08  6.212774e+03   2451053   1
       238   1.860682e+08  2.049192e+08  6.252866e+03   2461011   1
       239   3.692397e+08  2.049318e+08  6.291972e+03   2471328   1
       240   3.001349e+08  2.049857e+08  6.331037e+03   2481686   1
       241   3.289584e+08  2.050302e+08  6.368627e+03   2491572   1
       242   6.980755e+08  2.050303e+08  6.408391e+03   2501964   1
       243   2.599608e+08  2.050634e+08  6.448282e+03   2512399   1
       244   2.205568e+08  2.050853e+08  6.487882e+03   2522921   1
       245   1.836722e+08  2.055831e+08  6.526723e+03   2533244   1
       246   2.221153e+08  2.055886e+08  6.565310e+03   2543624   1
       247   3.315159e+08  2.055945e+08  6.602835e+03   2553623   1
       248   2.904394e+08  2.055962e+08  6.640299e+03   2563524   1
       249   1.729010e+08  2.056852e+08  6.679113e+03   2573650   1
       250   6.382550e+08  2.060934e+08  6.717669e+03   2583650   1
       251   1.698115e+08  2.062877e+08  6.756534e+03   2593778   1
       252   3.257802e+08  2.065269e+08  6.797297e+03   2603728   1
       253   2.526462e+08  2.065279e+08  6.838983e+03   2614234   1
       254   2.172423e+08  2.066276e+08  6.876992e+03   2623705   1
       255   2.641204e+08  2.067777e+08  6.918149e+03   2633782   1
       256   2.091242e+08  2.067803e+08  6.962455e+03   2644424   1
       257   2.064846e+08  2.068977e+08  7.006023e+03   2654839   1
       258   2.629428e+08  2.068990e+08  7.048417e+03   2664965   1
       259   2.105205e+08  2.070392e+08  7.090152e+03   2674919   1
       260   2.344831e+08  2.072035e+08  7.134627e+03   2685458   1
       261   3.005765e+08  2.073699e+08  7.178524e+03   2695827   1
       262   3.329214e+08  2.073978e+08  7.222746e+03   2706212   1
-------------------------------------------------------------------
status         : time_limit
total time (s) : 7.222746e+03
total solves   : 2706212
best bound     :  2.073978e+08
simulation ci  :  3.144061e+08 ± 2.029635e+07
numeric issues : 0
-------------------------------------------------------------------

 ────────────────────────────────────────────────────────────────────────────────
                                        Time                    Allocations      
                               ───────────────────────   ────────────────────────
       Tot / % measured:            2.01h / 100.0%            164GiB /  99.3%    

 Section               ncalls     time    %tot     avg     alloc    %tot      avg
 ────────────────────────────────────────────────────────────────────────────────
 backward_pass            262    1.98h   98.9%   27.3s    160GiB   98.7%   627MiB
   solve_subproblem     2.67M    1.95h   97.3%  2.63ms    136GiB   84.0%  53.5KiB
     get_dual_solution  2.67M    12.5s    0.2%  4.66μs   3.83GiB    2.4%  1.50KiB
   prepare_backward...    524    510ms    0.0%   974μs   83.6MiB    0.1%   163KiB
 forward_pass             262    80.7s    1.1%   308ms   1.84GiB    1.1%  7.19MiB
   solve_subproblem     31.4k    79.8s    1.1%  2.54ms   1.61GiB    1.0%  53.7KiB
     get_dual_solution  31.4k   35.9ms    0.0%  1.14μs   16.8MiB    0.0%     560B
   sample_scenario        262   1.43ms    0.0%  5.45μs   40.9KiB    0.0%     160B
 calculate_bound          262    1.41s    0.0%  5.39ms    224MiB    0.1%   876KiB
   get_dual_solution      262    356μs    0.0%  1.36μs    143KiB    0.0%     560B
 ────────────────────────────────────────────────────────────────────────────────


||||||||||||||||||||||||||||||||||||||||||||||||||||||||||||||||||||||||||||||||||||||||||||||||||||||||||||||||||||||||||||||||||||||||
SIMULATION RESULTS
LogLinearSDDP.NoSimulation()
markov
Lower bound: 2.0739779693092972e8
Statistical upper bound (confidence interval): 3.493002731578812e8 ± 7.410657109870867e6
Pessimistic upper bound: 3.5671093026775205e8

||||||||||||||||||||||||||||||||||||||||||||||||||||||||||||||||||||||||||||||||||||||||||||||||||||||||||||||||||||||||||||||||||||||||
SIMULATION RESULTS
LogLinearSDDP.NoSimulation()
markov
Lower bound: 2.0739779693092972e8
Statistical upper bound (confidence interval): 2.2214493824535918e8 ± 5.806598612765315e6
Pessimistic upper bound: 2.279515368581245e8

||||||||||||||||||||||||||||||||||||||||||||||||||||||||||||||||||||||||||||||||||||||||||||||||||||||||||||||||||||||||||||||||||||||||
SIMULATION RESULTS
LogLinearSDDP.NoSimulation()
custom_model
Lower bound: 2.0739779693092972e8
Statistical upper bound (confidence interval): 4.276299062315909e8 ± 9.128747428506544e6
Pessimistic upper bound: 4.367586536600975e8

||||||||||||||||||||||||||||||||||||||||||||||||||||||||||||||||||||||||||||||||||||||||||||||||||||||||||||||||||||||||||||||||||||||||
SIMULATION RESULTS
LogLinearSDDP.NoSimulation()
custom_model
Lower bound: 2.0739779693092972e8
Statistical upper bound (confidence interval): 2.6531479639095837e8 ± 7.035285638495288e6
Pessimistic upper bound: 2.7235008202945364e8

||||||||||||||||||||||||||||||||||||||||||||||||||||||||||||||||||||||||||||||||||||||||||||||||||||||||||||||||||||||||||||||||||||||||
SIMULATION RESULTS
LogLinearSDDP.NoSimulation()
fitted_model
Lower bound: 2.0739779693092972e8
Statistical upper bound (confidence interval): 3.0267540954843426e8 ± 5.807708274168165e6
Pessimistic upper bound: 3.0848311782260245e8

||||||||||||||||||||||||||||||||||||||||||||||||||||||||||||||||||||||||||||||||||||||||||||||||||||||||||||||||||||||||||||||||||||||||
SIMULATION RESULTS
LogLinearSDDP.NoSimulation()
fitted_model
Lower bound: 2.0739779693092972e8
Statistical upper bound (confidence interval): 1.9599755777246362e8 ± 4.494867822399065e6
Pessimistic upper bound: 2.004924255948627e8

||||||||||||||||||||||||||||||||||||||||||||||||||||||||||||||||||||||||||||||||||||||||||||||||||||||||||||||||||||||||||||||||||||||||
SIMULATION RESULTS
LogLinearSDDP.NoSimulation()
shapiro_model
Lower bound: 2.0739779693092972e8
Statistical upper bound (confidence interval): 3.137469489447583e8 ± 6.562282765684629e6
Pessimistic upper bound: 3.203092317104429e8

||||||||||||||||||||||||||||||||||||||||||||||||||||||||||||||||||||||||||||||||||||||||||||||||||||||||||||||||||||||||||||||||||||||||
SIMULATION RESULTS
LogLinearSDDP.NoSimulation()
shapiro_model
Lower bound: 2.0739779693092972e8
Statistical upper bound (confidence interval): 2.014040956546963e8 ± 5.032289182823086e6
Pessimistic upper bound: 2.0643638483751938e8

||||||||||||||||||||||||||||||||||||||||||||||||||||||||||||||||||||||||||||||||||||||||||||||||||||||||||||||||||||||||||||||||||||||||
SIMULATION RESULTS
LogLinearSDDP.NoSimulation()
markov
Lower bound: 2.0724512727712986e8
Statistical upper bound (confidence interval): 5.147696307970628e8 ± 8.637740510030884e7
Pessimistic upper bound: 6.011470358973716e8

||||||||||||||||||||||||||||||||||||||||||||||||||||||||||||||||||||||||||||||||||||||||||||||||||||||||||||||||||||||||||||||||||||||||
SIMULATION RESULTS
LogLinearSDDP.NoSimulation()
markov
Lower bound: 2.0724512727712986e8
Statistical upper bound (confidence interval): 3.3159443724832684e8 ± 6.956314207153416e7
Pessimistic upper bound: 4.01157579319861e8
