-------------------------------------------------------------------
         SDDP.jl (c) Oscar Dowson and contributors, 2017-23
-------------------------------------------------------------------
problem
  nodes           : 11901
  state variables : 4
  scenarios       : 6.68857e+229
  existing cuts   : false
options
  solver          : serial mode
  risk measure    : SDDP.Expectation()
  sampling scheme : SDDP.InSampleMonteCarlo
subproblem structure
  VariableRef                             : [142, 142]
  AffExpr in MOI.EqualTo{Float64}         : [13, 13]
  VariableRef in MOI.GreaterThan{Float64} : [138, 138]
  VariableRef in MOI.LessThan{Float64}    : [129, 130]
numerical stability report
  matrix range     [1e+00, 1e+00]
  objective range  [2e-04, 6e+03]
  bounds range     [7e-01, 1e+08]
  rhs range        [1e+03, 2e+05]
WARNING: numerical stability issues detected
  - bounds range contains large coefficients
Very large or small absolute values of coefficients
can cause numerical stability issues. Consider
reformulating the model.
-------------------------------------------------------------------
 iteration    simulation      bound        time (s)     solves  pid
-------------------------------------------------------------------
-------------------------------------------------------------------
         SDDP.jl (c) Oscar Dowson and contributors, 2017-23
-------------------------------------------------------------------
problem
  nodes           : 11901
  state variables : 4
  scenarios       : 6.68857e+229
  existing cuts   : false
options
  solver          : serial mode
  risk measure    : SDDP.Expectation()
  sampling scheme : SDDP.InSampleMonteCarlo
subproblem structure
  VariableRef                             : [142, 142]
  AffExpr in MOI.EqualTo{Float64}         : [13, 13]
  VariableRef in MOI.GreaterThan{Float64} : [138, 138]
  VariableRef in MOI.LessThan{Float64}    : [129, 130]
numerical stability report
  matrix range     [1e+00, 1e+00]
  objective range  [2e-04, 6e+03]
  bounds range     [7e-01, 1e+08]
  rhs range        [1e+03, 2e+05]
WARNING: numerical stability issues detected
  - bounds range contains large coefficients
Very large or small absolute values of coefficients
can cause numerical stability issues. Consider
reformulating the model.
-------------------------------------------------------------------
 iteration    simulation      bound        time (s)     solves  pid
-------------------------------------------------------------------
-------------------------------------------------------------------
         SDDP.jl (c) Oscar Dowson and contributors, 2017-23
-------------------------------------------------------------------
problem
  nodes           : 1191
  state variables : 4
  scenarios       : 8.33659e+117
  existing cuts   : false
options
  solver          : serial mode
  risk measure    : SDDP.Expectation()
  sampling scheme : SDDP.InSampleMonteCarlo
subproblem structure
  VariableRef                             : [142, 142]
  AffExpr in MOI.EqualTo{Float64}         : [13, 13]
  VariableRef in MOI.GreaterThan{Float64} : [138, 138]
  VariableRef in MOI.LessThan{Float64}    : [129, 130]
numerical stability report
  matrix range     [1e+00, 1e+00]
  objective range  [2e-04, 6e+03]
  bounds range     [7e-01, 1e+08]
  rhs range        [1e+03, 1e+05]
WARNING: numerical stability issues detected
  - bounds range contains large coefficients
Very large or small absolute values of coefficients
can cause numerical stability issues. Consider
reformulating the model.
-------------------------------------------------------------------
 iteration    simulation      bound        time (s)     solves  pid
-------------------------------------------------------------------
         1   1.612518e+09 -7.230746e+05  1.245400e+01      1294   1
         5   9.363940e+08  1.733940e+05  1.777400e+01      6459   1
         8   7.546190e+08  1.277574e+06  2.320400e+01     10348   1
        12   9.762297e+08  1.033971e+07  2.870800e+01     15505   1
        13   6.001210e+08  1.059047e+07  3.001600e+01     16798   1
-------------------------------------------------------------------
status         : time_limit
total time (s) : 3.001600e+01
total solves   : 16798
best bound     :  1.059047e+07
simulation ci  :  9.851084e+08 ± 1.868910e+08
numeric issues : 0
-------------------------------------------------------------------

-------------------------------------------------------------------
         SDDP.jl (c) Oscar Dowson and contributors, 2017-23
-------------------------------------------------------------------
problem
  nodes           : 1191
  state variables : 4
  scenarios       : 8.33659e+117
  existing cuts   : true
options
  solver          : serial mode
  risk measure    : SDDP.Expectation()
  sampling scheme : SDDP.InSampleMonteCarlo
subproblem structure
  VariableRef                             : [142, 142]
  AffExpr in MOI.EqualTo{Float64}         : [13, 13]
  AffExpr in MOI.GreaterThan{Float64}     : [1, 10]
  VariableRef in MOI.EqualTo{Float64}     : [4, 4]
  VariableRef in MOI.GreaterThan{Float64} : [138, 138]
  VariableRef in MOI.LessThan{Float64}    : [129, 130]
numerical stability report
  matrix range     [2e-06, 6e+03]
  objective range  [2e-04, 6e+03]
  bounds range     [7e-01, 1e+08]
  rhs range        [1e+03, 3e+08]
WARNING: numerical stability issues detected
  - matrix range contains small coefficients
  - bounds range contains large coefficients
  - rhs range contains large coefficients
Very large or small absolute values of coefficients
can cause numerical stability issues. Consider
reformulating the model.
-------------------------------------------------------------------
 iteration    simulation      bound        time (s)     solves  pid
-------------------------------------------------------------------
         1   4.609602e+08  1.062881e+07  1.083000e+00     18097   1
         3   4.897969e+08  1.096306e+07  3.113000e+00     20667   1
         4   3.400951e+08  1.109909e+07  4.217000e+00     21963   1
         5   8.761509e+08  1.570784e+07  5.262000e+00     23251   1
         6   8.241958e+08  1.578616e+07  6.427000e+00     24539   1
         7   3.137466e+08  1.607454e+07  7.695000e+00     25822   1
         8   5.586978e+08  1.618915e+07  8.767000e+00     27105   1
         9   5.658744e+08  1.891363e+07  9.857000e+00     28390   1
        14   2.910818e+08  2.386323e+07  1.536700e+01     34839   1
        20   3.403834e+08  4.069909e+07  2.116400e+01     42586   1
        25   4.570320e+08  5.314625e+07  2.700000e+01     49032   1
        31   2.439901e+08  5.884018e+07  3.287700e+01     56765   1
        37   3.446449e+08  6.163561e+07  3.852800e+01     64510   1
        43   3.311932e+08  6.613791e+07  4.432600e+01     72252   1
        49   2.634795e+08  7.068587e+07  4.977900e+01     79966   1
        55   4.478650e+08  7.680896e+07  5.549500e+01     87699   1
        60   2.260619e+08  8.215995e+07  6.087400e+01     94182   1
        65   3.167633e+08  8.515641e+07  6.620900e+01    100647   1
        71   2.902291e+08  8.892347e+07  7.207800e+01    108403   1
        77   4.733271e+08  9.712361e+07  7.779500e+01    116138   1
        83   6.631944e+08  1.006056e+08  8.357300e+01    123896   1
        89   2.565498e+08  1.064702e+08  8.950900e+01    131655   1
        94   2.069626e+08  1.102777e+08  9.515800e+01    138104   1
        98   4.351322e+08  1.135544e+08  1.007720e+02    143249   1
       102   4.151188e+08  1.166397e+08  1.063440e+02    148386   1
       106   4.905829e+08  1.216750e+08  1.128680e+02    153561   1
       110   1.996557e+08  1.240473e+08  1.182820e+02    158728   1
       135   2.270389e+08  1.419067e+08  1.486310e+02    190966   1
       164   4.706730e+08  1.674698e+08  1.790990e+02    228397   1
       192   2.073312e+08  1.730881e+08  2.094190e+02    264561   1
       216   2.732341e+08  1.836319e+08  2.395380e+02    295571   1
       237   2.376388e+08  1.922136e+08  2.699110e+02    322700   1
       263   1.811607e+08  1.996568e+08  3.006480e+02    356238   1
       289   3.048194e+08  2.043742e+08  3.312480e+02    389834   1
       316   2.690199e+08  2.145413e+08  3.622940e+02    424664   1
       342   3.091560e+08  2.184468e+08  3.928490e+02    458264   1
       368   3.533718e+08  2.214303e+08  4.237910e+02    491840   1
       393   2.817751e+08  2.236218e+08  4.544500e+02    524144   1
       418   2.532129e+08  2.256038e+08  4.856350e+02    556377   1
       441   4.296334e+08  2.276157e+08  5.165510e+02    586107   1
       464   1.906882e+08  2.303777e+08  5.474490e+02    615821   1
       487   2.494861e+08  2.329878e+08  5.786320e+02    645544   1
       504   3.366102e+08  2.341300e+08  6.012150e+02    667518   1
-------------------------------------------------------------------
status         : time_limit
total time (s) : 6.012150e+02
total solves   : 667518
best bound     :  2.341300e+08
simulation ci  :  3.163053e+08 ± 1.171600e+07
numeric issues : 0
-------------------------------------------------------------------

