||||||||||||||||||||||||||||||||||||||||||||||||||||||||||||||||||||||||||||||||||||||||||||||||||||||||||||||||||||||||||||||||||||||||
PATH
calling 
C:\Users\cg4102\Documents\New LogLinearSDDP\LogLinearSDDP.jl\Examples\Hydrothermal
C:\Users\cg4102\Documents\New LogLinearSDDP\LogLinearSDDP.jl\Examples\Hydrothermal\run_model_linearized.jl
DATETIME
2025-04-03T08:08:58.081
RUN DESCRIPTION
LogLinearSDDP.AlgoParams(SDDP.AbstractStoppingRule[SDDP.TimeLimit(7200.0)], LogLinearSDDP.Simulation(SDDP.InSampleMonteCarlo(0, false, true, SDDP.var"#155#158"{SDDP.var"#156#159"}(SDDP.var"#156#159"(), Core.Box(0)), nothing), 2000, 11111), false, 2, 1, "C:/Users/cg4102/Documents/julia_logs/Cut-sharing Final Run (2h) - NoCS/Run_shapiro_model_11111/LinearizedSDDP.log", false, false, false, 11111, "", :fitted_model)
-------------------------------------------------------------------
         SDDP.jl (c) Oscar Dowson and contributors, 2017-23
-------------------------------------------------------------------
problem
  nodes           : 120
  state variables : 8
  scenarios       : 1.00000e+238
  existing cuts   : false
options
  solver          : serial mode
  risk measure    : SDDP.Expectation()
  sampling scheme : SDDP.InSampleMonteCarlo
subproblem structure
  VariableRef                                  : [170, 174]
  JuMP.AffExpr in MOI.EqualTo{Float64}         : [13, 13]
  JuMP.VariableRef in MOI.EqualTo{Float64}     : [1, 1]
  JuMP.VariableRef in MOI.GreaterThan{Float64} : [157, 157]
  JuMP.VariableRef in MOI.LessThan{Float64}    : [148, 149]
-------------------------------------------------------------------
 iteration    simulation      bound        time (s)     solves  pid
-------------------------------------------------------------------
         1   2.162933e+09  2.450955e+05  5.640000e+00     12021   1
         2   1.633489e+09  2.450955e+05  7.656000e+00     24042   1
         3   1.456861e+09  2.450996e+05  9.625000e+00     36063   1
         4   8.623521e+08  2.517865e+06  1.157800e+01     48084   1
         5   7.738856e+08  3.026019e+06  1.353100e+01     60105   1
         6   8.597761e+08  3.175511e+06  1.550000e+01     72126   1
         7   9.222332e+08  3.321815e+06  1.743700e+01     84147   1
         8   8.538129e+08  3.666828e+06  1.940300e+01     96168   1
         9   8.264730e+08  6.446469e+06  2.137500e+01    108189   1
        10   7.347521e+08  7.474116e+06  2.337500e+01    120210   1
        11   3.853032e+08  1.933842e+07  2.532800e+01    132231   1
        12   4.289000e+08  2.142544e+07  2.729700e+01    144252   1
        13   5.380883e+08  2.204180e+07  2.926600e+01    156273   1
        14   6.204806e+08  3.208796e+07  3.123400e+01    168294   1
        15   3.584745e+08  3.342551e+07  3.321900e+01    180315   1
        16   3.709191e+08  3.466815e+07  3.520300e+01    192336   1
        17   2.784924e+08  3.482892e+07  3.718700e+01    204357   1
        18   2.940537e+08  3.792629e+07  3.917100e+01    216378   1
        19   4.057882e+08  3.961870e+07  4.117200e+01    228399   1
        20   4.186180e+08  4.081276e+07  4.315600e+01    240420   1
        21   1.044429e+09  4.087387e+07  4.515600e+01    252441   1
        22   4.151228e+08  4.184177e+07  4.717100e+01    264462   1
        23   6.349486e+08  4.242184e+07  4.921800e+01    276483   1
        24   2.920712e+08  4.260569e+07  5.121800e+01    288504   1
        25   2.585839e+08  4.313688e+07  5.324900e+01    300525   1
        26   5.922339e+08  4.330936e+07  5.526500e+01    312546   1
        27   5.503009e+08  4.381437e+07  5.728100e+01    324567   1
        28   3.470652e+08  4.415197e+07  5.932800e+01    336588   1
        29   4.729084e+08  4.442144e+07  6.137400e+01    348609   1
        30   1.726539e+08  4.455372e+07  6.335900e+01    360630   1
        31   8.560565e+08  4.461865e+07  6.546800e+01    372651   1
        32   2.695223e+08  5.087135e+07  6.749900e+01    384672   1
        33   3.385637e+08  5.417577e+07  6.956200e+01    396693   1
        34   2.563667e+08  6.433297e+07  7.162400e+01    408714   1
        35   3.613831e+08  6.736112e+07  7.371800e+01    420735   1
        36   2.418291e+08  6.840006e+07  7.576500e+01    432756   1
        37   3.136163e+08  7.378266e+07  7.784300e+01    444777   1
        38   3.654388e+08  7.392100e+07  7.990500e+01    456798   1
        39   3.403866e+08  7.412443e+07  8.198300e+01    468819   1
        40   2.712997e+08  8.210412e+07  8.406200e+01    480840   1
        41   8.340931e+08  8.248244e+07  8.623300e+01    492861   1
        42   5.237748e+08  8.270393e+07  8.834300e+01    504882   1
        43   2.643431e+08  8.272259e+07  9.046800e+01    516903   1
        44   2.964382e+08  8.285524e+07  9.257700e+01    528924   1
        45   4.386685e+08  8.353112e+07  9.473400e+01    540945   1
        46   2.851248e+08  9.202547e+07  9.685800e+01    552966   1
        47   4.961923e+08  9.202547e+07  9.904600e+01    564987   1
        48   5.619877e+08  9.202547e+07  1.012490e+02    577008   1
        49   2.788712e+08  9.202547e+07  1.034370e+02    589029   1
        50   1.837143e+08  9.205203e+07  1.055980e+02    601050   1
        51   3.381097e+08  9.252700e+07  1.077960e+02    613071   1
        52   3.031668e+08  9.458287e+07  1.099920e+02    625092   1
        53   6.639315e+08  1.045749e+08  1.122180e+02    637113   1
        54   1.435151e+09  1.047631e+08  1.144680e+02    649134   1
        55   3.603398e+08  1.050359e+08  1.167020e+02    661155   1
        56   3.752335e+08  1.052788e+08  1.189050e+02    673176   1
        57   2.053479e+08  1.058358e+08  1.210930e+02    685197   1
        58   2.325064e+08  1.061495e+08  1.233110e+02    697218   1
        59   1.640216e+08  1.061987e+08  1.254980e+02    709239   1
        60   5.187082e+08  1.062440e+08  1.277330e+02    721260   1
        61   8.823206e+08  1.062449e+08  1.299980e+02    733281   1
        62   1.344423e+08  1.062772e+08  1.322180e+02    745302   1
        63   3.090642e+08  1.063362e+08  1.344830e+02    757323   1
        64   1.832117e+08  1.067098e+08  1.367170e+02    769344   1
        65   2.799493e+08  1.067119e+08  1.389990e+02    781365   1
        66   2.299194e+08  1.087410e+08  1.412560e+02    793386   1
        67   1.917571e+08  1.092493e+08  1.435300e+02    805407   1
        68   2.349306e+08  1.093371e+08  1.457950e+02    817428   1
        69   2.963307e+08  1.094638e+08  1.480610e+02    829449   1
        70   6.040851e+08  1.097052e+08  1.503580e+02    841470   1
        71   1.785773e+08  1.098638e+08  1.526540e+02    853491   1
        72   5.510632e+08  1.107486e+08  1.549520e+02    865512   1
        73   3.369440e+08  1.112910e+08  1.572800e+02    877533   1
        74   1.370247e+08  1.119914e+08  1.595610e+02    889554   1
        75   2.241777e+08  1.159093e+08  1.618890e+02    901575   1
        76   3.952699e+08  1.161447e+08  1.642450e+02    913596   1
        77   2.341896e+08  1.178756e+08  1.665920e+02    925617   1
        78   2.686483e+08  1.181051e+08  1.689200e+02    937638   1
        79   2.668673e+08  1.185111e+08  1.712170e+02    949659   1
        80   2.203229e+08  1.197304e+08  1.735920e+02    961680   1
        81   1.625823e+08  1.198869e+08  1.759040e+02    973701   1
        82   2.460309e+08  1.199066e+08  1.782710e+02    985722   1
        83   7.829637e+08  1.199400e+08  1.806700e+02    997743   1
        84   2.304886e+08  1.206020e+08  1.830300e+02   1009764   1
        85   2.414878e+08  1.206726e+08  1.854360e+02   1021785   1
        86   1.781933e+08  1.210314e+08  1.878110e+02   1033806   1
        87   2.777664e+08  1.259072e+08  1.902480e+02   1045827   1
        88   2.379766e+08  1.280156e+08  1.926960e+02   1057848   1
        89   7.811918e+08  1.282917e+08  1.951850e+02   1069869   1
        90   3.381911e+08  1.284280e+08  1.976700e+02   1081890   1
        91   4.629769e+08  1.285564e+08  2.001860e+02   1093911   1
        92   2.879714e+08  1.286243e+08  2.026540e+02   1105932   1
        93   4.933138e+08  1.286693e+08  2.050920e+02   1117953   1
        94   2.462199e+08  1.288478e+08  2.075760e+02   1129974   1
        95   2.799550e+08  1.301544e+08  2.100760e+02   1141995   1
        96   3.677241e+08  1.302576e+08  2.125600e+02   1154016   1
        97   4.742617e+08  1.303084e+08  2.151070e+02   1166037   1
        98   5.233091e+08  1.303829e+08  2.176380e+02   1178058   1
        99   2.322695e+08  1.304693e+08  2.201230e+02   1190079   1
       100   2.259641e+08  1.305261e+08  2.226070e+02   1202100   1
       101   1.361361e+08  1.306660e+08  2.250760e+02   1214121   1
       102   2.377758e+08  1.307640e+08  2.276230e+02   1226142   1
       103   4.366470e+08  1.314137e+08  2.301420e+02   1238163   1
       104   6.256299e+08  1.322961e+08  2.327160e+02   1250184   1
       105   1.939922e+08  1.324669e+08  2.352790e+02   1262205   1
       106   3.371645e+08  1.329058e+08  2.378880e+02   1274226   1
       107   2.177160e+08  1.330594e+08  2.404500e+02   1286247   1
       108   4.282467e+08  1.330599e+08  2.430290e+02   1298268   1
       109   4.421353e+08  1.332948e+08  2.456230e+02   1310289   1
       110   4.129320e+08  1.335617e+08  2.482320e+02   1322310   1
       111   1.286301e+08  1.335786e+08  2.507820e+02   1334331   1
       112   2.050452e+08  1.337103e+08  2.534190e+02   1346352   1
       113   2.012895e+08  1.338258e+08  2.560440e+02   1358373   1
       114   3.700508e+08  1.340338e+08  2.586850e+02   1370394   1
       115   2.450924e+08  1.341515e+08  2.613570e+02   1382415   1
       116   2.588572e+08  1.342156e+08  2.640600e+02   1394436   1
       117   2.498070e+08  1.342539e+08  2.667170e+02   1406457   1
       118   1.630651e+08  1.343626e+08  2.693370e+02   1418478   1
       119   2.904283e+08  1.348148e+08  2.720280e+02   1430499   1
       120   3.369224e+08  1.353362e+08  2.746690e+02   1442520   1
       121   1.611399e+08  1.353963e+08  2.772940e+02   1454541   1
       122   2.082962e+08  1.355563e+08  2.798880e+02   1466562   1
       123   4.327908e+08  1.357709e+08  2.824970e+02   1478583   1
       124   1.683537e+08  1.358323e+08  2.851690e+02   1490604   1
       125   3.349271e+08  1.358917e+08  2.878620e+02   1502625   1
       126   2.820024e+08  1.359506e+08  2.905280e+02   1514646   1
       127   1.970005e+08  1.359850e+08  2.932310e+02   1526667   1
       128   4.773548e+08  1.361603e+08  2.959190e+02   1538688   1
       129   2.197988e+08  1.361854e+08  2.986060e+02   1550709   1
       130   1.906055e+08  1.362999e+08  3.013400e+02   1562730   1
       131   4.545066e+08  1.365224e+08  3.040590e+02   1574751   1
       132   1.853059e+08  1.366010e+08  3.067630e+02   1586772   1
       133   2.123419e+08  1.368666e+08  3.094500e+02   1598793   1
       134   2.397694e+08  1.369277e+08  3.121060e+02   1610814   1
       135   1.323378e+08  1.371826e+08  3.148090e+02   1622835   1
       136   5.996249e+08  1.372851e+08  3.176220e+02   1634856   1
       137   6.202164e+08  1.374249e+08  3.204030e+02   1646877   1
       138   3.239668e+08  1.376031e+08  3.231680e+02   1658898   1
       139   3.222595e+08  1.378227e+08  3.259970e+02   1670919   1
       140   2.030489e+08  1.378958e+08  3.287460e+02   1682940   1
       141   1.605997e+08  1.385792e+08  3.315120e+02   1694961   1
       142   5.190722e+08  1.386187e+08  3.342620e+02   1706982   1
       143   1.870931e+08  1.388818e+08  3.370120e+02   1719003   1
       144   7.776441e+08  1.392453e+08  3.397940e+02   1731024   1
       145   2.455542e+08  1.393766e+08  3.425900e+02   1743045   1
       146   5.143628e+08  1.395052e+08  3.454180e+02   1755066   1
       147   2.274163e+08  1.395721e+08  3.481840e+02   1767087   1
       148   7.644756e+08  1.397035e+08  3.510590e+02   1779108   1
       149   3.422912e+08  1.400247e+08  3.538870e+02   1791129   1
       150   2.412665e+08  1.402123e+08  3.567150e+02   1803150   1
       151   2.038281e+08  1.403383e+08  3.595430e+02   1815171   1
       152   4.535872e+08  1.403898e+08  3.624040e+02   1827192   1
       153   1.775539e+08  1.404765e+08  3.652300e+02   1839213   1
       154   2.104601e+08  1.405337e+08  3.680740e+02   1851234   1
       155   2.500559e+08  1.411202e+08  3.709180e+02   1863255   1
       156   1.358917e+08  1.412610e+08  3.737620e+02   1875276   1
       157   2.481390e+08  1.417963e+08  3.766370e+02   1887297   1
       158   1.710721e+08  1.426972e+08  3.794960e+02   1899318   1
       159   1.548113e+08  1.432514e+08  3.823400e+02   1911339   1
       160   2.407654e+08  1.432996e+08  3.852620e+02   1923360   1
       161   3.876741e+08  1.440434e+08  3.881210e+02   1935381   1
       162   2.057066e+08  1.443239e+08  3.910430e+02   1947402   1
       163   4.773832e+08  1.445237e+08  3.940110e+02   1959423   1
       164   1.581383e+08  1.447207e+08  3.970340e+02   1971444   1
       165   1.730961e+08  1.454236e+08  3.999550e+02   1983465   1
       166   2.705259e+08  1.460036e+08  4.029360e+02   1995486   1
       167   2.070172e+08  1.462031e+08  4.058850e+02   2007507   1
       168   3.354317e+08  1.464723e+08  4.088330e+02   2019528   1
       169   1.742512e+08  1.465807e+08  4.117570e+02   2031549   1
       170   1.937093e+08  1.466620e+08  4.146790e+02   2043570   1
       171   6.170849e+08  1.467359e+08  4.176630e+02   2055591   1
       172   2.061676e+08  1.470950e+08  4.206480e+02   2067612   1
       173   3.761389e+08  1.472796e+08  4.238050e+02   2079633   1
       174   3.304061e+08  1.474079e+08  4.270250e+02   2091654   1
       175   3.619917e+08  1.474708e+08  4.302430e+02   2103675   1
       176   1.787962e+08  1.475798e+08  4.334460e+02   2115696   1
       177   2.072533e+08  1.476822e+08  4.366490e+02   2127717   1
       178   2.999925e+08  1.477469e+08  4.399640e+02   2139738   1
       179   4.620405e+08  1.480163e+08  4.433240e+02   2151759   1
       180   1.750536e+08  1.481407e+08  4.466380e+02   2163780   1
       181   4.774170e+08  1.485986e+08  4.499820e+02   2175801   1
       182   1.768206e+08  1.488615e+08  4.532650e+02   2187822   1
       183   2.331141e+08  1.494717e+08  4.565780e+02   2199843   1
       184   1.626640e+08  1.495733e+08  4.598760e+02   2211864   1
       185   3.249594e+08  1.496728e+08  4.632510e+02   2223885   1
       186   1.990330e+08  1.497065e+08  4.665960e+02   2235906   1
       187   3.009618e+08  1.498346e+08  4.700360e+02   2247927   1
       188   1.563232e+08  1.499423e+08  4.733800e+02   2259948   1
       189   2.591786e+08  1.501095e+08  4.767710e+02   2271969   1
       190   1.279637e+08  1.502313e+08  4.801450e+02   2283990   1
       191   1.683302e+08  1.509702e+08  4.835060e+02   2296011   1
       192   4.102088e+08  1.511147e+08  4.869430e+02   2308032   1
       193   3.809901e+08  1.511182e+08  4.904280e+02   2320053   1
       194   2.612068e+08  1.512802e+08  4.938810e+02   2332074   1
       195   2.865113e+08  1.513227e+08  4.972890e+02   2344095   1
       196   4.005781e+08  1.513725e+08  5.007430e+02   2356116   1
       197   3.663497e+08  1.514288e+08  5.042430e+02   2368137   1
       198   4.147373e+08  1.515918e+08  5.076810e+02   2380158   1
       199   3.387252e+08  1.519085e+08  5.111360e+02   2392179   1
       200   2.781152e+08  1.521820e+08  5.146360e+02   2404200   1
       201   1.833936e+08  1.522737e+08  5.180740e+02   2416221   1
       202   2.548562e+08  1.523188e+08  5.215740e+02   2428242   1
       203   1.584376e+08  1.523930e+08  5.250900e+02   2440263   1
       204   1.959911e+08  1.524065e+08  5.285270e+02   2452284   1
       205   3.096050e+08  1.526161e+08  5.320110e+02   2464305   1
       206   2.108883e+08  1.526762e+08  5.354960e+02   2476326   1
       207   3.612691e+08  1.527387e+08  5.390270e+02   2488347   1
       208   3.603671e+08  1.527956e+08  5.425120e+02   2500368   1
       209   2.682177e+08  1.529624e+08  5.460280e+02   2512389   1
       210   1.653479e+08  1.530532e+08  5.495120e+02   2524410   1
       211   2.048423e+08  1.530964e+08  5.530120e+02   2536431   1
       212   2.344790e+08  1.531638e+08  5.564990e+02   2548452   1
       213   2.578586e+08  1.531778e+08  5.600610e+02   2560473   1
       214   1.617641e+08  1.531969e+08  5.635770e+02   2572494   1
       215   2.348638e+08  1.532575e+08  5.671390e+02   2584515   1
       216   1.511057e+08  1.538991e+08  5.706410e+02   2596536   1
       217   6.523838e+08  1.539576e+08  5.741880e+02   2608557   1
       218   1.778350e+08  1.541725e+08  5.777340e+02   2620578   1
       219   4.420189e+08  1.542808e+08  5.813280e+02   2632599   1
       220   1.418879e+08  1.543700e+08  5.849550e+02   2644620   1
       221   6.285308e+08  1.548537e+08  5.885490e+02   2656641   1
       222   4.036297e+08  1.549200e+08  5.921290e+02   2668662   1
       223   2.063631e+08  1.553374e+08  5.957230e+02   2680683   1
       224   2.777531e+08  1.559539e+08  5.993640e+02   2692704   1
       225   2.602818e+08  1.566383e+08  6.029890e+02   2704725   1
       226   3.607058e+08  1.566809e+08  6.065670e+02   2716746   1
       227   3.702237e+08  1.568838e+08  6.102700e+02   2728767   1
       228   2.532354e+08  1.571816e+08  6.138970e+02   2740788   1
       229   2.169613e+08  1.572151e+08  6.175850e+02   2752809   1
       230   3.745851e+08  1.574694e+08  6.212270e+02   2764830   1
       231   1.921618e+08  1.575701e+08  6.248210e+02   2776851   1
       232   2.262323e+08  1.577097e+08  6.284950e+02   2788872   1
       233   2.026561e+08  1.579893e+08  6.321830e+02   2800893   1
       234   2.229692e+08  1.580119e+08  6.358080e+02   2812914   1
       235   1.741231e+08  1.580914e+08  6.394800e+02   2824935   1
       236   4.413903e+08  1.582190e+08  6.432140e+02   2836956   1
       237   2.877390e+08  1.583347e+08  6.469020e+02   2848977   1
       238   1.373153e+08  1.584719e+08  6.505580e+02   2860998   1
       239   5.766512e+08  1.586783e+08  6.543080e+02   2873019   1
       240   2.690567e+08  1.588913e+08  6.580290e+02   2885040   1
       241   2.681623e+08  1.593062e+08  6.617950e+02   2897061   1
       242   2.190829e+08  1.593660e+08  6.655150e+02   2909082   1
       243   2.125763e+08  1.595578e+08  6.692350e+02   2921103   1
       244   5.183572e+08  1.597220e+08  6.729700e+02   2933124   1
       245   1.597953e+08  1.598244e+08  6.767200e+02   2945145   1
       246   2.368640e+08  1.601192e+08  6.805480e+02   2957166   1
       247   2.650704e+08  1.601549e+08  6.843290e+02   2969187   1
       248   5.872590e+08  1.602985e+08  6.882060e+02   2981208   1
       249   2.451450e+08  1.605085e+08  6.920180e+02   2993229   1
       250   1.661037e+08  1.605399e+08  6.957840e+02   3005250   1
       251   7.166220e+08  1.609948e+08  6.996900e+02   3017271   1
       252   1.890518e+08  1.611571e+08  7.034890e+02   3029292   1
       253   1.553754e+08  1.612324e+08  7.072700e+02   3041313   1
       254   2.909604e+08  1.612536e+08  7.111300e+02   3053334   1
       255   6.433468e+08  1.613702e+08  7.150200e+02   3065355   1
       256   1.810807e+08  1.614424e+08  7.188170e+02   3077376   1
       257   6.979943e+08  1.617468e+08  7.227240e+02   3089397   1
       258   1.899366e+08  1.617681e+08  7.266140e+02   3101418   1
       259   6.596225e+08  1.618822e+08  7.305360e+02   3113439   1
       260   2.410188e+08  1.619270e+08  7.344130e+02   3125460   1
       261   2.177033e+08  1.620354e+08  7.382570e+02   3137481   1
       262   3.256102e+08  1.620960e+08  7.421790e+02   3149502   1
       263   3.356489e+08  1.622294e+08  7.461180e+02   3161523   1
       264   1.388162e+08  1.622826e+08  7.500080e+02   3173544   1
       265   1.741210e+08  1.624366e+08  7.539770e+02   3185565   1
       266   2.484414e+08  1.624715e+08  7.579770e+02   3197586   1
       267   1.628903e+08  1.625340e+08  7.619630e+02   3209607   1
       268   2.009338e+08  1.625898e+08  7.658840e+02   3221628   1
       269   1.758808e+08  1.626260e+08  7.698220e+02   3233649   1
       270   2.571471e+08  1.626770e+08  7.737750e+02   3245670   1
       271   2.950865e+08  1.627108e+08  7.778060e+02   3257691   1
       272   3.048647e+08  1.628306e+08  7.818380e+02   3269712   1
       273   3.598393e+08  1.628357e+08  7.860570e+02   3281733   1
       274   2.085248e+08  1.629515e+08  7.900740e+02   3293754   1
       275   3.705688e+08  1.629710e+08  7.941370e+02   3305775   1
       276   8.403870e+08  1.632351e+08  7.981990e+02   3317796   1
       277   4.365092e+08  1.633153e+08  8.022470e+02   3329817   1
       278   2.478854e+08  1.633948e+08  8.063090e+02   3341838   1
       279   2.870157e+08  1.634529e+08  8.103720e+02   3353859   1
       280   2.245127e+08  1.635260e+08  8.144030e+02   3365880   1
       281   1.763049e+08  1.636805e+08  8.184340e+02   3377901   1
       282   3.139131e+08  1.637023e+08  8.225140e+02   3389922   1
       283   4.322965e+08  1.637568e+08  8.266080e+02   3401943   1
       284   2.056848e+08  1.637590e+08  8.307330e+02   3413964   1
       285   2.258016e+08  1.637913e+08  8.348450e+02   3425985   1
       286   3.980856e+08  1.637985e+08  8.389850e+02   3438006   1
       287   2.304872e+08  1.638271e+08  8.431410e+02   3450027   1
       288   4.095861e+08  1.638488e+08  8.473130e+02   3462048   1
       289   3.993918e+08  1.638579e+08  8.515030e+02   3474069   1
       290   1.886355e+08  1.639153e+08  8.556280e+02   3486090   1
       291   2.778198e+08  1.639172e+08  8.597210e+02   3498111   1
       292   6.333938e+08  1.639572e+08  8.639570e+02   3510132   1
       293   2.141944e+08  1.639875e+08  8.681600e+02   3522153   1
       294   2.028326e+08  1.639954e+08  8.723320e+02   3534174   1
       295   2.066307e+08  1.640284e+08  8.765040e+02   3546195   1
       296   2.783022e+08  1.640748e+08  8.806290e+02   3558216   1
       297   4.365243e+08  1.640917e+08  8.848940e+02   3570237   1
       298   1.928969e+08  1.642444e+08  8.891130e+02   3582258   1
       299   3.166852e+08  1.643658e+08  8.933810e+02   3594279   1
       300   2.211170e+08  1.643859e+08  8.975220e+02   3606300   1
       301   1.829636e+08  1.644328e+08  9.016940e+02   3618321   1
       302   4.027991e+08  1.645140e+08  9.059280e+02   3630342   1
       303   2.782712e+08  1.646038e+08  9.101490e+02   3642363   1
       304   5.844510e+08  1.646690e+08  9.144930e+02   3654384   1
       305   1.671986e+08  1.647102e+08  9.187270e+02   3666405   1
       306   1.830413e+08  1.648002e+08  9.229480e+02   3678426   1
       307   1.916301e+08  1.648154e+08  9.271510e+02   3690447   1
       308   2.239826e+08  1.651536e+08  9.313700e+02   3702468   1
       309   2.859573e+08  1.651883e+08  9.356200e+02   3714489   1
       310   1.864610e+08  1.652162e+08  9.398860e+02   3726510   1
       311   1.888184e+08  1.652318e+08  9.441680e+02   3738531   1
       312   3.770467e+08  1.653853e+08  9.485270e+02   3750552   1
       313   2.067991e+08  1.655199e+08  9.528580e+02   3762573   1
       314   7.981769e+08  1.656474e+08  9.571240e+02   3774594   1
       315   1.196145e+08  1.656896e+08  9.614370e+02   3786615   1
       316   2.016496e+08  1.657262e+08  9.657500e+02   3798636   1
       317   2.121273e+08  1.660519e+08  9.700620e+02   3810657   1
       318   2.773345e+08  1.662341e+08  9.743590e+02   3822678   1
       319   3.256227e+08  1.663711e+08  9.787490e+02   3834699   1
       320   1.963219e+08  1.665575e+08  9.831890e+02   3846720   1
       321   1.045802e+08  1.666891e+08  9.875170e+02   3858741   1
       322   1.837380e+08  1.667097e+08  9.918770e+02   3870762   1
       323   2.533224e+08  1.667773e+08  9.963320e+02   3882783   1
       324   1.884578e+08  1.668272e+08  1.000722e+03   3894804   1
       325   4.820936e+08  1.669891e+08  1.005160e+03   3906825   1
       326   2.992925e+08  1.670506e+08  1.009582e+03   3918846   1
       327   2.670204e+08  1.670602e+08  1.013988e+03   3930867   1
       328   2.787436e+08  1.671380e+08  1.018363e+03   3942888   1
       329   2.903559e+08  1.672479e+08  1.022753e+03   3954909   1
       330   1.616519e+08  1.672673e+08  1.027176e+03   3966930   1
       331   1.460882e+08  1.673525e+08  1.031551e+03   3978951   1
       332   3.027773e+08  1.674845e+08  1.035972e+03   3990972   1
       333   1.359630e+08  1.675240e+08  1.040319e+03   4002993   1
       334   1.277105e+08  1.675820e+08  1.044616e+03   4015014   1
       335   3.179436e+08  1.676602e+08  1.049116e+03   4027035   1
       336   2.020502e+08  1.676780e+08  1.053476e+03   4039056   1
       337   1.914057e+08  1.678401e+08  1.057898e+03   4051077   1
       338   3.474337e+08  1.678609e+08  1.062351e+03   4063098   1
       339   3.003243e+08  1.679192e+08  1.066804e+03   4075119   1
       340   3.415700e+08  1.680469e+08  1.071304e+03   4087140   1
       341   2.250048e+08  1.680487e+08  1.075726e+03   4099161   1
       342   4.706173e+08  1.681330e+08  1.080133e+03   4111182   1
       343   2.407643e+08  1.682237e+08  1.084588e+03   4123203   1
       344   1.570051e+08  1.682662e+08  1.089120e+03   4135224   1
       345   1.791419e+08  1.682930e+08  1.093479e+03   4147245   1
       346   1.554654e+08  1.683689e+08  1.097917e+03   4159266   1
       347   1.747470e+08  1.683972e+08  1.102370e+03   4171287   1
       348   2.268554e+08  1.685477e+08  1.106855e+03   4183308   1
       349   3.688702e+08  1.686171e+08  1.111323e+03   4195329   1
       350   3.442634e+08  1.687364e+08  1.115778e+03   4207350   1
       351   2.509604e+08  1.688394e+08  1.120296e+03   4219371   1
       352   4.022623e+08  1.691290e+08  1.124827e+03   4231392   1
       353   2.254779e+08  1.691349e+08  1.129313e+03   4243413   1
       354   1.411403e+08  1.692669e+08  1.133828e+03   4255434   1
       355   3.568555e+08  1.694306e+08  1.138391e+03   4267455   1
       356   2.045549e+08  1.697726e+08  1.142877e+03   4279476   1
       357   1.756190e+08  1.698723e+08  1.147361e+03   4291497   1
       358   2.131637e+08  1.699891e+08  1.151955e+03   4303518   1
       359   1.815684e+08  1.702326e+08  1.156502e+03   4315539   1
       360   3.824274e+08  1.703852e+08  1.161096e+03   4327560   1
       361   2.755008e+08  1.704212e+08  1.165659e+03   4339581   1
       362   5.055684e+08  1.705809e+08  1.170269e+03   4351602   1
       363   4.537228e+08  1.708000e+08  1.174896e+03   4363623   1
       364   2.471727e+08  1.708911e+08  1.179443e+03   4375644   1
       365   1.831560e+08  1.709406e+08  1.184068e+03   4387665   1
       366   1.984558e+08  1.710045e+08  1.188618e+03   4399686   1
       367   3.365051e+08  1.710048e+08  1.193136e+03   4411707   1
       368   2.391939e+08  1.710273e+08  1.197651e+03   4423728   1
       369   2.501280e+08  1.712147e+08  1.202229e+03   4435749   1
       370   2.078142e+08  1.712796e+08  1.206651e+03   4447770   1
       371   1.931853e+08  1.713116e+08  1.211152e+03   4459791   1
       372   1.420738e+08  1.716505e+08  1.215701e+03   4471812   1
       373   1.873013e+08  1.717489e+08  1.220326e+03   4483833   1
       374   7.336232e+08  1.718397e+08  1.224873e+03   4495854   1
       375   5.291307e+08  1.719259e+08  1.229373e+03   4507875   1
       376   4.016979e+08  1.719590e+08  1.233951e+03   4519896   1
       377   2.240729e+08  1.720020e+08  1.238561e+03   4531917   1
       378   2.673890e+08  1.720132e+08  1.243139e+03   4543938   1
       379   2.717650e+08  1.720604e+08  1.247704e+03   4555959   1
       380   2.910588e+08  1.721164e+08  1.252407e+03   4567980   1
       381   1.655555e+08  1.722533e+08  1.256954e+03   4580001   1
       382   1.764316e+08  1.723169e+08  1.261486e+03   4592022   1
       383   5.139620e+08  1.723339e+08  1.266127e+03   4604043   1
       384   1.437776e+08  1.724599e+08  1.270689e+03   4616064   1
       385   5.234351e+08  1.725084e+08  1.275316e+03   4628085   1
       386   2.530862e+08  1.726836e+08  1.279847e+03   4640106   1
       387   2.132107e+08  1.727033e+08  1.284488e+03   4652127   1
       388   2.920777e+08  1.727876e+08  1.289113e+03   4664148   1
       389   2.309929e+08  1.728457e+08  1.293738e+03   4676169   1
       390   3.333712e+08  1.729637e+08  1.298335e+03   4688190   1
       391   1.991328e+08  1.730969e+08  1.302929e+03   4700211   1
       392   4.408811e+08  1.731731e+08  1.307632e+03   4712232   1
       393   2.589404e+08  1.732270e+08  1.312288e+03   4724253   1
       394   3.278482e+08  1.734186e+08  1.316960e+03   4736274   1
       395   1.834013e+08  1.735197e+08  1.321618e+03   4748295   1
       396   1.859284e+08  1.736083e+08  1.326258e+03   4760316   1
       397   4.319916e+08  1.736467e+08  1.330946e+03   4772337   1
       398   2.278157e+08  1.736918e+08  1.335604e+03   4784358   1
       399   1.725521e+08  1.737491e+08  1.340307e+03   4796379   1
       400   2.164099e+08  1.739077e+08  1.345073e+03   4808400   1
       401   1.830429e+08  1.740433e+08  1.349793e+03   4820421   1
       402   2.637350e+08  1.740836e+08  1.354527e+03   4832442   1
       403   1.930878e+08  1.740837e+08  1.359261e+03   4844463   1
       404   1.668462e+08  1.742777e+08  1.363950e+03   4856484   1
       405   2.285494e+08  1.743850e+08  1.368669e+03   4868505   1
       406   1.480850e+08  1.745409e+08  1.373419e+03   4880526   1
       407   3.500175e+08  1.746031e+08  1.378234e+03   4892547   1
       408   2.589350e+08  1.748199e+08  1.382984e+03   4904568   1
       409   3.093702e+08  1.748826e+08  1.387796e+03   4916589   1
       410   2.426170e+08  1.750460e+08  1.392596e+03   4928610   1
       411   2.310178e+08  1.751995e+08  1.397362e+03   4940631   1
       412   1.496711e+08  1.754099e+08  1.402096e+03   4952652   1
       413   2.107380e+08  1.754263e+08  1.406878e+03   4964673   1
       414   4.221004e+08  1.754522e+08  1.411627e+03   4976694   1
       415   3.429721e+08  1.755397e+08  1.416456e+03   4988715   1
       416   1.938405e+08  1.757867e+08  1.421269e+03   5000736   1
       417   5.592249e+08  1.759123e+08  1.426097e+03   5012757   1
       418   2.838821e+08  1.760975e+08  1.430956e+03   5024778   1
       419   2.980720e+08  1.761786e+08  1.435755e+03   5036799   1
       420   3.117162e+08  1.762443e+08  1.440630e+03   5048820   1
       421   3.337996e+08  1.763888e+08  1.445536e+03   5060841   1
       422   3.294227e+08  1.764742e+08  1.450334e+03   5072862   1
       423   1.974581e+08  1.766147e+08  1.455162e+03   5084883   1
       424   3.226043e+08  1.766969e+08  1.460022e+03   5096904   1
       425   1.307607e+08  1.767832e+08  1.464866e+03   5108925   1
       426   1.627261e+08  1.768569e+08  1.469834e+03   5120946   1
       427   1.816515e+08  1.768756e+08  1.474694e+03   5132967   1
       428   2.132146e+08  1.768943e+08  1.479600e+03   5144988   1
       429   1.778816e+08  1.768945e+08  1.484490e+03   5157009   1
       430   6.912347e+08  1.770086e+08  1.489382e+03   5169030   1
       431   2.202307e+08  1.770546e+08  1.494226e+03   5181051   1
       432   1.343518e+08  1.770548e+08  1.499100e+03   5193072   1
       433   2.999637e+08  1.771702e+08  1.504007e+03   5205093   1
       434   3.029222e+08  1.771703e+08  1.508897e+03   5217114   1
       435   3.405190e+08  1.773114e+08  1.513788e+03   5229135   1
       436   2.272997e+08  1.773543e+08  1.518710e+03   5241156   1
       437   2.137551e+08  1.773810e+08  1.523586e+03   5253177   1
       438   1.722556e+08  1.774634e+08  1.528492e+03   5265198   1
       439   4.705892e+08  1.775241e+08  1.533445e+03   5277219   1
       440   2.794571e+08  1.775885e+08  1.538304e+03   5289240   1
       441   2.606930e+08  1.777454e+08  1.543211e+03   5301261   1
       442   1.847647e+08  1.778417e+08  1.548133e+03   5313282   1
       443   3.669447e+08  1.779010e+08  1.553055e+03   5325303   1
       444   3.580365e+08  1.779337e+08  1.557976e+03   5337324   1
       445   3.390290e+08  1.779832e+08  1.562931e+03   5349345   1
       446   3.670304e+08  1.780113e+08  1.567884e+03   5361366   1
       447   2.495201e+08  1.780440e+08  1.572822e+03   5373387   1
       448   2.108895e+08  1.780906e+08  1.577790e+03   5385408   1
       449   1.614503e+08  1.780978e+08  1.582744e+03   5397429   1
       450   2.349640e+08  1.781270e+08  1.587775e+03   5409450   1
       451   1.924579e+08  1.781807e+08  1.592728e+03   5421471   1
       452   3.265345e+08  1.782904e+08  1.597730e+03   5433492   1
       453   3.416067e+08  1.783393e+08  1.602715e+03   5445513   1
       454   4.182874e+08  1.784133e+08  1.607761e+03   5457534   1
       455   2.183400e+08  1.784354e+08  1.612779e+03   5469555   1
       456   2.418951e+08  1.784512e+08  1.617732e+03   5481576   1
       457   5.792978e+08  1.785309e+08  1.622717e+03   5493597   1
       458   1.698628e+08  1.785700e+08  1.627751e+03   5505618   1
       459   3.004536e+08  1.786214e+08  1.632813e+03   5517639   1
       460   2.445405e+08  1.786490e+08  1.637860e+03   5529660   1
       461   6.980527e+08  1.787404e+08  1.642941e+03   5541681   1
       462   3.381996e+08  1.787497e+08  1.648051e+03   5553702   1
       463   1.504776e+08  1.787963e+08  1.653051e+03   5565723   1
       464   2.636716e+08  1.788014e+08  1.658085e+03   5577744   1
       465   3.846193e+08  1.788159e+08  1.663226e+03   5589765   1
       466   2.896271e+08  1.788513e+08  1.668304e+03   5601786   1
       467   2.322323e+08  1.789195e+08  1.673417e+03   5613807   1
       468   4.225159e+08  1.789301e+08  1.678588e+03   5625828   1
       469   2.711627e+08  1.790126e+08  1.683666e+03   5637849   1
       470   4.512241e+08  1.790193e+08  1.688715e+03   5649870   1
       471   2.446797e+08  1.790918e+08  1.693887e+03   5661891   1
       472   1.811790e+08  1.790965e+08  1.699059e+03   5673912   1
       473   1.758635e+08  1.791939e+08  1.704184e+03   5685933   1
       474   5.494656e+08  1.792372e+08  1.709324e+03   5697954   1
       475   1.569083e+08  1.793266e+08  1.714434e+03   5709975   1
       476   3.461404e+08  1.793292e+08  1.719637e+03   5721996   1
       477   4.033531e+08  1.794510e+08  1.724824e+03   5734017   1
       478   4.493538e+08  1.794948e+08  1.729949e+03   5746038   1
       479   3.690827e+08  1.795554e+08  1.735121e+03   5758059   1
       480   3.192124e+08  1.796021e+08  1.740356e+03   5770080   1
       481   2.400460e+08  1.796136e+08  1.745531e+03   5782101   1
       482   2.764252e+08  1.796988e+08  1.750827e+03   5794122   1
       483   3.371852e+08  1.797017e+08  1.756062e+03   5806143   1
       484   2.022252e+08  1.798427e+08  1.761298e+03   5818164   1
       485   1.740849e+08  1.798986e+08  1.766517e+03   5830185   1
       486   1.513750e+08  1.799057e+08  1.771752e+03   5842206   1
       487   1.373684e+08  1.799786e+08  1.776940e+03   5854227   1
       488   1.571269e+08  1.799811e+08  1.782096e+03   5866248   1
       489   2.993131e+08  1.801070e+08  1.787331e+03   5878269   1
       490   3.219860e+08  1.801307e+08  1.792549e+03   5890290   1
       491   1.524508e+08  1.801909e+08  1.797799e+03   5902311   1
       492   1.677254e+08  1.802209e+08  1.803099e+03   5914332   1
       493   2.281471e+08  1.802898e+08  1.808396e+03   5926353   1
       494   1.389212e+08  1.803441e+08  1.813693e+03   5938374   1
       495   1.702028e+08  1.804545e+08  1.818881e+03   5950395   1
       496   2.683775e+08  1.805747e+08  1.824163e+03   5962416   1
       497   3.932732e+08  1.806081e+08  1.829461e+03   5974437   1
       498   1.224414e+08  1.806171e+08  1.834687e+03   5986458   1
       499   2.384354e+08  1.807060e+08  1.839887e+03   5998479   1
       500   1.708881e+08  1.807451e+08  1.845215e+03   6010500   1
       501   2.460495e+08  1.807918e+08  1.850562e+03   6022521   1
       502   3.828422e+08  1.808661e+08  1.855984e+03   6034542   1
       503   2.448657e+08  1.809003e+08  1.861281e+03   6046563   1
       504   2.520483e+08  1.809101e+08  1.866610e+03   6058584   1
       505   1.645275e+08  1.810604e+08  1.871953e+03   6070605   1
       506   1.071422e+09  1.810606e+08  1.877252e+03   6082626   1
       507   1.927490e+08  1.810626e+08  1.882705e+03   6094647   1
       508   2.568949e+08  1.811222e+08  1.887971e+03   6106668   1
       509   1.278694e+08  1.811376e+08  1.893347e+03   6118689   1
       510   2.219906e+08  1.811776e+08  1.898659e+03   6130710   1
       511   2.822762e+08  1.811953e+08  1.904049e+03   6142731   1
       512   2.402754e+08  1.811987e+08  1.909486e+03   6154752   1
       513   1.988001e+08  1.812299e+08  1.914923e+03   6166773   1
       514   2.569364e+08  1.812910e+08  1.920392e+03   6178794   1
       515   1.978683e+08  1.813396e+08  1.925876e+03   6190815   1
       516   2.097951e+08  1.813424e+08  1.931297e+03   6202836   1
       517   2.264611e+08  1.813788e+08  1.936782e+03   6214857   1
       518   3.035662e+08  1.814139e+08  1.942250e+03   6226878   1
       519   6.885190e+08  1.814145e+08  1.947719e+03   6238899   1
       520   1.965492e+08  1.814961e+08  1.953234e+03   6250920   1
       521   1.713844e+08  1.814997e+08  1.958765e+03   6262941   1
       522   2.693246e+08  1.815027e+08  1.964295e+03   6274962   1
       523   2.305875e+08  1.816265e+08  1.969826e+03   6286983   1
       524   1.742178e+08  1.816292e+08  1.975436e+03   6299004   1
       525   6.293515e+08  1.816529e+08  1.980954e+03   6311025   1
       526   5.948474e+08  1.817299e+08  1.986438e+03   6323046   1
       527   1.988493e+08  1.817319e+08  1.991859e+03   6335067   1
       528   1.739270e+08  1.817749e+08  1.997392e+03   6347088   1
       529   1.559635e+08  1.817881e+08  2.002892e+03   6359109   1
       530   1.586214e+08  1.818416e+08  2.008330e+03   6371130   1
       531   1.753465e+08  1.819039e+08  2.013954e+03   6383151   1
       532   1.959657e+08  1.819052e+08  2.019485e+03   6395172   1
       533   2.065661e+08  1.819354e+08  2.024986e+03   6407193   1
       534   3.267491e+08  1.819455e+08  2.030517e+03   6419214   1
       535   2.975499e+08  1.819467e+08  2.036126e+03   6431235   1
       536   2.106374e+08  1.819882e+08  2.041703e+03   6443256   1
       537   1.705775e+08  1.819941e+08  2.047359e+03   6455277   1
       538   2.806635e+08  1.820755e+08  2.052955e+03   6467298   1
       539   2.078197e+08  1.821589e+08  2.058517e+03   6479319   1
       540   2.046014e+08  1.822357e+08  2.064189e+03   6491340   1
       541   4.331960e+08  1.822842e+08  2.069878e+03   6503361   1
       542   2.968537e+08  1.824664e+08  2.075566e+03   6515382   1
       543   2.538491e+08  1.825092e+08  2.081254e+03   6527403   1
       544   1.416342e+08  1.825905e+08  2.086894e+03   6539424   1
       545   1.351642e+08  1.825958e+08  2.092535e+03   6551445   1
       546   5.033476e+08  1.826593e+08  2.098190e+03   6563466   1
       547   2.146677e+08  1.827603e+08  2.103862e+03   6575487   1
       548   1.166073e+08  1.828539e+08  2.109502e+03   6587508   1
       549   3.069356e+08  1.828583e+08  2.115189e+03   6599529   1
       550   4.521801e+08  1.829178e+08  2.120876e+03   6611550   1
       551   1.800630e+08  1.829223e+08  2.126581e+03   6623571   1
       552   3.805441e+08  1.830139e+08  2.132315e+03   6635592   1
       553   2.469048e+08  1.830874e+08  2.137924e+03   6647613   1
       554   2.178110e+08  1.830881e+08  2.143627e+03   6659634   1
       555   2.118374e+08  1.831347e+08  2.149361e+03   6671655   1
       556   1.702857e+08  1.832374e+08  2.155095e+03   6683676   1
       557   2.021169e+08  1.832972e+08  2.160798e+03   6695697   1
       558   1.726871e+08  1.833474e+08  2.166454e+03   6707718   1
       559   4.354873e+08  1.834738e+08  2.172221e+03   6719739   1
       560   1.392456e+08  1.835390e+08  2.177908e+03   6731760   1
       561   1.883462e+08  1.836322e+08  2.183657e+03   6743781   1
       562   1.391519e+08  1.836494e+08  2.189344e+03   6755802   1
       563   1.751927e+08  1.837154e+08  2.195110e+03   6767823   1
       564   1.659378e+08  1.837921e+08  2.200814e+03   6779844   1
       565   1.572960e+08  1.839367e+08  2.206579e+03   6791865   1
       566   1.485066e+08  1.839589e+08  2.212314e+03   6803886   1
       567   2.718997e+08  1.839770e+08  2.218111e+03   6815907   1
       568   2.178952e+08  1.840934e+08  2.223907e+03   6827928   1
       569   6.810021e+08  1.841082e+08  2.229770e+03   6839949   1
       570   2.138964e+08  1.841931e+08  2.235566e+03   6851970   1
       571   2.105548e+08  1.843071e+08  2.241319e+03   6863991   1
       572   1.998427e+08  1.844143e+08  2.247288e+03   6876012   1
       573   1.529722e+08  1.844166e+08  2.253132e+03   6888033   1
       574   9.805074e+08  1.845099e+08  2.258901e+03   6900054   1
       575   2.030404e+08  1.845258e+08  2.264697e+03   6912075   1
       576   2.071045e+08  1.845720e+08  2.270525e+03   6924096   1
       577   2.953765e+08  1.847585e+08  2.276431e+03   6936117   1
       578   5.416159e+08  1.847613e+08  2.282399e+03   6948138   1
       579   6.710578e+08  1.848354e+08  2.288306e+03   6960159   1
       580   4.069157e+08  1.848363e+08  2.294196e+03   6972180   1
       581   2.249946e+08  1.848712e+08  2.300133e+03   6984201   1
       582   2.057863e+08  1.849471e+08  2.306007e+03   6996222   1
       583   3.935627e+08  1.849865e+08  2.311976e+03   7008243   1
       584   1.869409e+08  1.850002e+08  2.317962e+03   7020264   1
       585   3.476812e+08  1.850582e+08  2.323993e+03   7032285   1
       586   2.232615e+08  1.851177e+08  2.330039e+03   7044306   1
       587   2.073352e+08  1.851673e+08  2.336070e+03   7056327   1
       588   2.014556e+08  1.852033e+08  2.342070e+03   7068348   1
       589   5.264323e+08  1.852283e+08  2.347993e+03   7080369   1
       590   2.224216e+08  1.852852e+08  2.353964e+03   7092390   1
       591   1.448404e+08  1.853135e+08  2.359901e+03   7104411   1
       592   2.111144e+08  1.853480e+08  2.365901e+03   7116432   1
       593   2.192580e+08  1.853490e+08  2.371901e+03   7128453   1
       594   4.300204e+08  1.853798e+08  2.377840e+03   7140474   1
       595   2.577471e+08  1.854148e+08  2.383824e+03   7152495   1
       596   2.925879e+08  1.854814e+08  2.389854e+03   7164516   1
       597   4.382194e+08  1.855355e+08  2.395917e+03   7176537   1
       598   1.883828e+08  1.855547e+08  2.401932e+03   7188558   1
       599   5.330851e+08  1.855762e+08  2.407980e+03   7200579   1
       600   2.936768e+08  1.856831e+08  2.414010e+03   7212600   1
       601   3.197146e+08  1.857756e+08  2.420081e+03   7224621   1
       602   4.488988e+08  1.858387e+08  2.426139e+03   7236642   1
       603   1.507456e+08  1.858862e+08  2.432170e+03   7248663   1
       604   1.803436e+08  1.858950e+08  2.438217e+03   7260684   1
       605   1.456926e+08  1.859216e+08  2.444294e+03   7272705   1
       606   1.893293e+08  1.859631e+08  2.450373e+03   7284726   1
       607   3.448231e+08  1.859647e+08  2.456545e+03   7296747   1
       608   4.213485e+08  1.859981e+08  2.462685e+03   7308768   1
       609   1.243120e+08  1.860640e+08  2.468778e+03   7320789   1
       610   2.195271e+08  1.860778e+08  2.474903e+03   7332810   1
       611   9.330775e+08  1.861544e+08  2.480981e+03   7344831   1
       612   3.210146e+08  1.861669e+08  2.487106e+03   7356852   1
       613   2.096146e+08  1.862054e+08  2.493216e+03   7368873   1
       614   1.941255e+08  1.862185e+08  2.499262e+03   7380894   1
       615   2.172172e+08  1.862489e+08  2.505496e+03   7392915   1
       616   3.508944e+08  1.862723e+08  2.511605e+03   7404936   1
       617   2.560507e+08  1.863683e+08  2.517855e+03   7416957   1
       618   4.749172e+08  1.863727e+08  2.524027e+03   7428978   1
       619   9.896337e+08  1.864182e+08  2.530121e+03   7440999   1
       620   1.421412e+08  1.864405e+08  2.536261e+03   7453020   1
       621   3.755124e+08  1.864784e+08  2.542401e+03   7465041   1
       622   1.643186e+08  1.864935e+08  2.548573e+03   7477062   1
       623   2.892660e+08  1.865225e+08  2.554698e+03   7489083   1
       624   1.584284e+08  1.866868e+08  2.560775e+03   7501104   1
       625   2.186735e+08  1.867055e+08  2.567028e+03   7513125   1
       626   2.163711e+08  1.867460e+08  2.573278e+03   7525146   1
       627   2.732365e+08  1.867974e+08  2.579543e+03   7537167   1
       628   2.757161e+08  1.868502e+08  2.585777e+03   7549188   1
       629   2.273307e+08  1.868745e+08  2.591933e+03   7561209   1
       630   5.140819e+08  1.869143e+08  2.598075e+03   7573230   1
       631   2.612737e+08  1.870266e+08  2.604340e+03   7585251   1
       632   2.616786e+08  1.870859e+08  2.610545e+03   7597272   1
       633   1.798678e+08  1.871635e+08  2.616842e+03   7609293   1
       634   3.666889e+08  1.872414e+08  2.623045e+03   7621314   1
       635   3.684603e+08  1.874248e+08  2.629450e+03   7633335   1
       636   1.049168e+08  1.875209e+08  2.635560e+03   7645356   1
       637   2.571414e+08  1.875370e+08  2.641828e+03   7657377   1
       638   3.042691e+08  1.875511e+08  2.648093e+03   7669398   1
       639   3.295696e+08  1.876138e+08  2.654390e+03   7681419   1
       640   4.582887e+08  1.876150e+08  2.660703e+03   7693440   1
       641   2.310757e+08  1.876523e+08  2.666985e+03   7705461   1
       642   2.125436e+08  1.876879e+08  2.673156e+03   7717482   1
       643   2.495866e+08  1.877227e+08  2.679547e+03   7729503   1
       644   2.167703e+08  1.877856e+08  2.685860e+03   7741524   1
       645   2.668712e+08  1.878544e+08  2.692172e+03   7753545   1
       646   3.003190e+08  1.878750e+08  2.698486e+03   7765566   1
       647   2.065553e+08  1.879143e+08  2.704876e+03   7777587   1
       648   3.961808e+08  1.880489e+08  2.711235e+03   7789608   1
       649   2.129517e+08  1.880672e+08  2.717578e+03   7801629   1
       650   1.467801e+08  1.880916e+08  2.723891e+03   7813650   1
       651   2.110522e+08  1.881107e+08  2.730331e+03   7825671   1
       652   1.997710e+08  1.881427e+08  2.736737e+03   7837692   1
       653   2.868291e+08  1.882161e+08  2.743159e+03   7849713   1
       654   2.295728e+08  1.882507e+08  2.749533e+03   7861734   1
       655   1.397330e+08  1.882532e+08  2.755924e+03   7873755   1
       656   1.446043e+08  1.882772e+08  2.762314e+03   7885776   1
       657   1.773442e+08  1.883305e+08  2.768641e+03   7897797   1
       658   3.151245e+08  1.883614e+08  2.774953e+03   7909818   1
       659   4.200339e+08  1.883967e+08  2.781468e+03   7921839   1
       660   2.721274e+08  1.884127e+08  2.787937e+03   7933860   1
       661   1.485850e+08  1.884519e+08  2.794312e+03   7945881   1
       662   1.749102e+08  1.884951e+08  2.800814e+03   7957902   1
       663   2.279556e+08  1.885098e+08  2.807282e+03   7969923   1
       664   1.882160e+08  1.885202e+08  2.813829e+03   7981944   1
       665   2.405730e+08  1.885730e+08  2.820344e+03   7993965   1
       666   2.208149e+08  1.885993e+08  2.826750e+03   8005986   1
       667   2.298418e+08  1.886170e+08  2.833313e+03   8018007   1
       668   2.818731e+08  1.886650e+08  2.839860e+03   8030028   1
       669   1.488198e+08  1.886681e+08  2.846438e+03   8042049   1
       670   2.775348e+08  1.887101e+08  2.852937e+03   8054070   1
       671   5.314575e+08  1.887187e+08  2.859468e+03   8066091   1
       672   7.179660e+08  1.887779e+08  2.866000e+03   8078112   1
       673   3.268945e+08  1.887806e+08  2.872562e+03   8090133   1
       674   3.568016e+08  1.888196e+08  2.879093e+03   8102154   1
       675   4.833189e+08  1.888340e+08  2.885514e+03   8114175   1
       676   4.759690e+08  1.888366e+08  2.891971e+03   8126196   1
       677   2.516445e+08  1.888919e+08  2.898502e+03   8138217   1
       678   2.362135e+08  1.889348e+08  2.905034e+03   8150238   1
       679   3.481272e+08  1.889378e+08  2.911706e+03   8162259   1
       680   2.160522e+08  1.889947e+08  2.918316e+03   8174280   1
       681   1.500785e+08  1.889985e+08  2.924800e+03   8186301   1
       682   2.213729e+08  1.891145e+08  2.931455e+03   8198322   1
       683   1.960019e+08  1.891173e+08  2.937955e+03   8210343   1
       684   3.292575e+08  1.891710e+08  2.944439e+03   8222364   1
       685   2.184739e+08  1.891738e+08  2.951067e+03   8234385   1
       686   3.264113e+08  1.892160e+08  2.957660e+03   8246406   1
       687   3.397131e+08  1.892977e+08  2.964350e+03   8258427   1
       688   5.765019e+08  1.893483e+08  2.970927e+03   8270448   1
       689   2.302513e+08  1.893506e+08  2.977571e+03   8282469   1
       690   2.671337e+08  1.893601e+08  2.984195e+03   8294490   1
       691   1.953234e+08  1.894401e+08  2.990835e+03   8306511   1
       692   1.673031e+08  1.894602e+08  2.997460e+03   8318532   1
       693   2.664973e+08  1.895716e+08  3.004116e+03   8330553   1
       694   3.224969e+08  1.896629e+08  3.010834e+03   8342574   1
       695   1.145564e+08  1.896896e+08  3.017521e+03   8354595   1
       696   2.223832e+08  1.896900e+08  3.024272e+03   8366616   1
       697   4.805832e+08  1.897469e+08  3.031022e+03   8378637   1
       698   1.753527e+08  1.898329e+08  3.037740e+03   8390658   1
       699   2.282818e+08  1.899171e+08  3.044474e+03   8402679   1
       700   4.564594e+08  1.899659e+08  3.051275e+03   8414700   1
       701   1.962911e+08  1.899674e+08  3.058009e+03   8426721   1
       702   2.165985e+08  1.899676e+08  3.064742e+03   8438742   1
       703   2.059868e+08  1.900106e+08  3.071336e+03   8450763   1
       704   3.446211e+08  1.900341e+08  3.078039e+03   8462784   1
       705   3.944666e+08  1.900370e+08  3.084867e+03   8474805   1
       706   1.592832e+08  1.901356e+08  3.091616e+03   8486826   1
       707   1.846101e+08  1.901371e+08  3.098353e+03   8498847   1
       708   1.918817e+08  1.901932e+08  3.105149e+03   8510868   1
       709   2.310617e+08  1.902167e+08  3.111856e+03   8522889   1
       710   1.460205e+08  1.902869e+08  3.118733e+03   8534910   1
       711   3.332350e+08  1.902958e+08  3.125534e+03   8546931   1
       712   4.979563e+08  1.903700e+08  3.132377e+03   8558952   1
       713   2.073558e+08  1.903701e+08  3.139194e+03   8570973   1
       714   2.563731e+08  1.904260e+08  3.146101e+03   8582994   1
       715   2.549799e+08  1.904507e+08  3.152773e+03   8595015   1
       716   2.733931e+08  1.904887e+08  3.159632e+03   8607036   1
       717   2.462660e+08  1.905919e+08  3.166538e+03   8619057   1
       718   4.394374e+08  1.905943e+08  3.173428e+03   8631078   1
       719   1.844049e+08  1.906704e+08  3.180318e+03   8643099   1
       720   2.209843e+08  1.906779e+08  3.187130e+03   8655120   1
       721   6.846551e+08  1.907421e+08  3.193957e+03   8667141   1
       722   5.093935e+08  1.907445e+08  3.200880e+03   8679162   1
       723   1.374239e+08  1.907797e+08  3.207645e+03   8691183   1
       724   3.987576e+08  1.908084e+08  3.214692e+03   8703204   1
       725   3.272191e+08  1.908259e+08  3.221598e+03   8715225   1
       726   2.916568e+08  1.908823e+08  3.228566e+03   8727246   1
       727   1.379986e+08  1.908847e+08  3.235489e+03   8739267   1
       728   2.194808e+08  1.909503e+08  3.242397e+03   8751288   1
       729   2.905806e+08  1.910317e+08  3.249350e+03   8763309   1
       730   1.357621e+08  1.910334e+08  3.256381e+03   8775330   1
       731   1.773218e+08  1.910580e+08  3.263318e+03   8787351   1
       732   2.381030e+08  1.910710e+08  3.270270e+03   8799372   1
       733   2.443626e+08  1.910820e+08  3.277239e+03   8811393   1
       734   2.278385e+08  1.910929e+08  3.284207e+03   8823414   1
       735   3.787212e+08  1.911001e+08  3.291206e+03   8835435   1
       736   2.813430e+08  1.911142e+08  3.298253e+03   8847456   1
       737   2.159981e+08  1.911347e+08  3.305143e+03   8859477   1
       738   2.056115e+08  1.911484e+08  3.312206e+03   8871498   1
       739   1.859447e+08  1.911628e+08  3.319190e+03   8883519   1
       740   2.330901e+08  1.912129e+08  3.326049e+03   8895540   1
       741   4.456894e+08  1.912266e+08  3.333051e+03   8907561   1
       742   2.133007e+08  1.912392e+08  3.339941e+03   8919582   1
       743   1.930513e+08  1.912624e+08  3.346895e+03   8931603   1
       744   4.690996e+08  1.912889e+08  3.353973e+03   8943624   1
       745   2.725991e+08  1.912890e+08  3.360899e+03   8955645   1
       746   1.988644e+08  1.913169e+08  3.367883e+03   8967666   1
       747   2.992872e+08  1.913587e+08  3.374964e+03   8979687   1
       748   2.442407e+08  1.914091e+08  3.382041e+03   8991708   1
       749   2.339998e+08  1.914198e+08  3.389151e+03   9003729   1
       750   2.705733e+08  1.914464e+08  3.396197e+03   9015750   1
       751   2.593759e+08  1.914584e+08  3.403293e+03   9027771   1
       752   2.675763e+08  1.915298e+08  3.410339e+03   9039792   1
       753   1.973690e+08  1.915302e+08  3.417309e+03   9051813   1
       754   2.384425e+08  1.915591e+08  3.424386e+03   9063834   1
       755   2.608951e+08  1.915734e+08  3.431542e+03   9075855   1
       756   3.358940e+08  1.916254e+08  3.438636e+03   9087876   1
       757   3.324024e+08  1.916443e+08  3.445761e+03   9099897   1
       758   2.193535e+08  1.916566e+08  3.452885e+03   9111918   1
       759   2.643477e+08  1.916578e+08  3.460088e+03   9123939   1
       760   3.391581e+08  1.916868e+08  3.467228e+03   9135960   1
       761   3.055856e+08  1.917109e+08  3.474415e+03   9147981   1
       762   2.409979e+08  1.917197e+08  3.481587e+03   9160002   1
       763   3.299170e+08  1.917650e+08  3.488758e+03   9172023   1
       764   1.849633e+08  1.917650e+08  3.495836e+03   9184044   1
       765   2.350729e+08  1.917931e+08  3.503055e+03   9196065   1
       766   5.352667e+08  1.918282e+08  3.510212e+03   9208086   1
       767   3.648151e+08  1.918580e+08  3.517400e+03   9220107   1
       768   3.177290e+08  1.918685e+08  3.524462e+03   9232128   1
       769   1.757124e+08  1.918720e+08  3.531586e+03   9244149   1
       770   2.805116e+08  1.919229e+08  3.538868e+03   9256170   1
       771   3.135548e+08  1.919336e+08  3.546196e+03   9268191   1
       772   3.036717e+08  1.919949e+08  3.553228e+03   9280212   1
       773   2.490544e+08  1.919979e+08  3.560462e+03   9292233   1
       774   2.875872e+08  1.920502e+08  3.567775e+03   9304254   1
       775   3.677871e+08  1.920534e+08  3.575134e+03   9316275   1
       776   2.968707e+08  1.920757e+08  3.582415e+03   9328296   1
       777   2.438874e+08  1.921194e+08  3.589728e+03   9340317   1
       778   2.610268e+08  1.921294e+08  3.597058e+03   9352338   1
       779   2.173568e+08  1.921325e+08  3.604339e+03   9364359   1
       780   2.264626e+08  1.921709e+08  3.611514e+03   9376380   1
       781   1.948609e+08  1.921953e+08  3.618842e+03   9388401   1
       782   2.341347e+08  1.922308e+08  3.626156e+03   9400422   1
       783   2.717141e+08  1.922796e+08  3.633531e+03   9412443   1
       784   2.518075e+08  1.922884e+08  3.640923e+03   9424464   1
       785   3.622605e+08  1.923017e+08  3.648330e+03   9436485   1
       786   2.194130e+08  1.923037e+08  3.655783e+03   9448506   1
       787   2.002415e+08  1.923440e+08  3.663097e+03   9460527   1
       788   3.611157e+08  1.923616e+08  3.670378e+03   9472548   1
       789   1.814493e+08  1.923650e+08  3.677737e+03   9484569   1
       790   6.469513e+08  1.923814e+08  3.685176e+03   9496590   1
       791   2.052868e+08  1.924253e+08  3.692505e+03   9508611   1
       792   1.756017e+08  1.924528e+08  3.699974e+03   9520632   1
       793   2.639252e+08  1.925001e+08  3.707333e+03   9532653   1
       794   2.971406e+08  1.925298e+08  3.714755e+03   9544674   1
       795   2.876259e+08  1.926221e+08  3.722129e+03   9556695   1
       796   3.406856e+08  1.926281e+08  3.729649e+03   9568716   1
       797   2.460936e+08  1.926453e+08  3.737071e+03   9580737   1
       798   2.154693e+08  1.926663e+08  3.744400e+03   9592758   1
       799   2.280964e+08  1.926773e+08  3.751822e+03   9604779   1
       800   1.915521e+08  1.927168e+08  3.759306e+03   9616800   1
       801   1.641793e+08  1.927390e+08  3.766743e+03   9628821   1
       802   3.678202e+08  1.927411e+08  3.774195e+03   9640842   1
       803   1.715040e+08  1.927584e+08  3.781633e+03   9652863   1
       804   2.045592e+08  1.927787e+08  3.789148e+03   9664884   1
       805   2.603053e+08  1.928370e+08  3.796647e+03   9676905   1
       806   2.268039e+08  1.928790e+08  3.804256e+03   9688926   1
       807   2.249149e+08  1.929132e+08  3.811834e+03   9700947   1
       808   2.117752e+08  1.929182e+08  3.819365e+03   9712968   1
       809   1.454911e+08  1.929307e+08  3.827020e+03   9724989   1
       810   3.658441e+08  1.929348e+08  3.834645e+03   9737010   1
       811   4.951173e+08  1.929737e+08  3.842394e+03   9749031   1
       812   1.303774e+08  1.929832e+08  3.850206e+03   9761052   1
       813   1.834479e+08  1.930114e+08  3.857893e+03   9773073   1
       814   1.755108e+08  1.930313e+08  3.865690e+03   9785094   1
       815   3.684522e+08  1.930464e+08  3.873614e+03   9797115   1
       816   2.054905e+08  1.930710e+08  3.881316e+03   9809136   1
       817   1.658168e+08  1.931034e+08  3.889053e+03   9821157   1
       818   1.872802e+08  1.931193e+08  3.896866e+03   9833178   1
       819   1.908317e+08  1.931422e+08  3.904539e+03   9845199   1
       820   4.054464e+08  1.931560e+08  3.912366e+03   9857220   1
       821   1.784329e+08  1.931708e+08  3.920181e+03   9869241   1
       822   1.933414e+08  1.931796e+08  3.928009e+03   9881262   1
       823   2.505397e+08  1.932239e+08  3.935883e+03   9893283   1
       824   5.745642e+08  1.932354e+08  3.943727e+03   9905304   1
       825   3.873461e+08  1.932961e+08  3.951570e+03   9917325   1
       826   4.556442e+08  1.933220e+08  3.959367e+03   9929346   1
       827   2.873441e+08  1.933841e+08  3.967257e+03   9941367   1
       828   2.237261e+08  1.934303e+08  3.975131e+03   9953388   1
       829   2.132889e+08  1.934491e+08  3.983115e+03   9965409   1
       830   1.764813e+08  1.935131e+08  3.990881e+03   9977430   1
       831   1.836970e+08  1.935515e+08  3.998678e+03   9989451   1
       832   5.380670e+08  1.935799e+08  4.006569e+03  10001472   1
       833   2.990220e+08  1.935970e+08  4.014553e+03  10013493   1
       834   2.590458e+08  1.936293e+08  4.022509e+03  10025514   1
       835   3.284504e+08  1.936528e+08  4.030524e+03  10037535   1
       836   1.585103e+08  1.936733e+08  4.038555e+03  10049556   1
       837   2.447198e+08  1.937063e+08  4.046462e+03  10061577   1
       838   2.717277e+08  1.937857e+08  4.054446e+03  10073598   1
       839   4.198646e+08  1.938056e+08  4.062305e+03  10085619   1
       840   2.248797e+08  1.938428e+08  4.070242e+03  10097640   1
       841   1.142464e+08  1.938674e+08  4.078179e+03  10109661   1
       842   3.106010e+08  1.938859e+08  4.086182e+03  10121682   1
       843   2.947080e+08  1.939387e+08  4.094246e+03  10133703   1
       844   3.345798e+08  1.939578e+08  4.102246e+03  10145724   1
       845   2.218339e+08  1.939586e+08  4.110294e+03  10157745   1
       846   7.349955e+08  1.940153e+08  4.118216e+03  10169766   1
       847   2.191236e+08  1.940525e+08  4.126281e+03  10181787   1
       848   2.137964e+08  1.940816e+08  4.134359e+03  10193808   1
       849   1.515498e+08  1.941186e+08  4.142390e+03  10205829   1
       850   2.346927e+08  1.941555e+08  4.150546e+03  10217850   1
       851   6.419138e+08  1.941756e+08  4.158545e+03  10229871   1
       852   1.713721e+08  1.942691e+08  4.166623e+03  10241892   1
       853   3.099398e+08  1.943074e+08  4.174670e+03  10253913   1
       854   4.380946e+08  1.943600e+08  4.182767e+03  10265934   1
       855   1.771267e+08  1.943727e+08  4.190939e+03  10277955   1
       856   4.932320e+08  1.943882e+08  4.199033e+03  10289976   1
       857   2.464418e+08  1.944128e+08  4.207095e+03  10301997   1
       858   2.513599e+08  1.944872e+08  4.215267e+03  10314018   1
       859   6.207205e+08  1.945393e+08  4.223469e+03  10326039   1
       860   3.666874e+08  1.946693e+08  4.231673e+03  10338060   1
       861   2.881263e+08  1.947151e+08  4.239860e+03  10350081   1
       862   2.752729e+08  1.947662e+08  4.248032e+03  10362102   1
       863   5.349753e+08  1.947957e+08  4.256300e+03  10374123   1
       864   2.620600e+08  1.948694e+08  4.264490e+03  10386144   1
       865   4.115863e+08  1.949089e+08  4.272695e+03  10398165   1
       866   2.475044e+08  1.949622e+08  4.280867e+03  10410186   1
       867   2.004342e+08  1.950105e+08  4.289053e+03  10422207   1
       868   2.196310e+08  1.951966e+08  4.297178e+03  10434228   1
       869   2.007143e+08  1.952120e+08  4.305381e+03  10446249   1
       870   7.259602e+08  1.952323e+08  4.313602e+03  10458270   1
       871   1.913977e+08  1.952492e+08  4.321805e+03  10470291   1
       872   2.046969e+08  1.953028e+08  4.329949e+03  10482312   1
       873   1.654695e+08  1.953672e+08  4.338151e+03  10494333   1
       874   3.225602e+08  1.954051e+08  4.346325e+03  10506354   1
       875   4.386446e+08  1.954164e+08  4.354545e+03  10518375   1
       876   3.386359e+08  1.954402e+08  4.362734e+03  10530396   1
       877   2.133407e+08  1.954555e+08  4.371031e+03  10542417   1
       878   2.774909e+08  1.954804e+08  4.379280e+03  10554438   1
       879   2.008823e+08  1.954992e+08  4.387595e+03  10566459   1
       880   3.341592e+08  1.955203e+08  4.395907e+03  10578480   1
       881   6.331485e+08  1.955321e+08  4.404176e+03  10590501   1
       882   2.528887e+08  1.955598e+08  4.412521e+03  10602522   1
       883   1.943920e+08  1.955887e+08  4.420802e+03  10614543   1
       884   2.927588e+08  1.956147e+08  4.429067e+03  10626564   1
       885   2.499690e+08  1.956310e+08  4.437457e+03  10638585   1
       886   2.262881e+08  1.956535e+08  4.445868e+03  10650606   1
       887   1.303815e+08  1.956614e+08  4.454196e+03  10662627   1
       888   5.754083e+08  1.956739e+08  4.462591e+03  10674648   1
       889   1.462895e+08  1.956810e+08  4.470966e+03  10686669   1
       890   2.544188e+08  1.956891e+08  4.479356e+03  10698690   1
       891   4.252128e+08  1.957919e+08  4.487683e+03  10710711   1
       892   1.882978e+08  1.958249e+08  4.496089e+03  10722732   1
       893   3.125813e+08  1.958301e+08  4.504466e+03  10734753   1
       894   2.219715e+08  1.958759e+08  4.512841e+03  10746774   1
       895   2.306916e+08  1.958914e+08  4.521184e+03  10758795   1
       896   4.947004e+08  1.959196e+08  4.529591e+03  10770816   1
       897   1.984850e+08  1.959384e+08  4.537950e+03  10782837   1
       898   3.314653e+08  1.959897e+08  4.546325e+03  10794858   1
       899   2.929423e+08  1.960055e+08  4.554778e+03  10806879   1
       900   2.922411e+08  1.960610e+08  4.563265e+03  10818900   1
       901   3.211148e+08  1.960735e+08  4.571592e+03  10830921   1
       902   2.142033e+08  1.961285e+08  4.579938e+03  10842942   1
       903   6.346299e+08  1.961524e+08  4.588438e+03  10854963   1
       904   1.841471e+08  1.961825e+08  4.596906e+03  10866984   1
       905   3.551858e+08  1.962008e+08  4.605422e+03  10879005   1
       906   2.563952e+08  1.962381e+08  4.613952e+03  10891026   1
       907   1.414098e+08  1.962543e+08  4.622377e+03  10903047   1
       908   2.809388e+08  1.962899e+08  4.630862e+03  10915068   1
       909   4.274201e+08  1.963054e+08  4.639427e+03  10927089   1
       910   1.906080e+08  1.963140e+08  4.647958e+03  10939110   1
       911   2.175374e+08  1.963247e+08  4.656442e+03  10951131   1
       912   1.673500e+08  1.963929e+08  4.664785e+03  10963152   1
       913   3.560352e+08  1.964242e+08  4.673286e+03  10975173   1
       914   1.478379e+08  1.964852e+08  4.681911e+03  10987194   1
       915   1.618508e+08  1.964919e+08  4.690426e+03  10999215   1
       916   2.537374e+08  1.965708e+08  4.698941e+03  11011236   1
       917   1.481599e+08  1.965827e+08  4.707535e+03  11023257   1
       918   2.525940e+08  1.966175e+08  4.716113e+03  11035278   1
       919   2.065294e+08  1.966460e+08  4.724613e+03  11047299   1
       920   1.409943e+08  1.966731e+08  4.733128e+03  11059320   1
       921   3.663485e+08  1.966798e+08  4.741600e+03  11071341   1
       922   3.040973e+08  1.967729e+08  4.750318e+03  11083362   1
       923   3.083564e+08  1.967781e+08  4.758911e+03  11095383   1
       924   4.288971e+08  1.968283e+08  4.767505e+03  11107404   1
       925   2.484369e+08  1.968398e+08  4.776239e+03  11119425   1
       926   3.174238e+08  1.968738e+08  4.784834e+03  11131446   1
       927   1.671031e+08  1.968925e+08  4.793349e+03  11143467   1
       928   2.185429e+08  1.969267e+08  4.801989e+03  11155488   1
       929   5.569911e+08  1.969424e+08  4.810692e+03  11167509   1
       930   2.048051e+08  1.969950e+08  4.819318e+03  11179530   1
       931   4.269910e+08  1.970174e+08  4.828084e+03  11191551   1
       932   1.405848e+08  1.970503e+08  4.836724e+03  11203572   1
       933   2.472090e+08  1.971064e+08  4.845318e+03  11215593   1
       934   3.281104e+08  1.971319e+08  4.853992e+03  11227614   1
       935   3.210016e+08  1.971654e+08  4.862820e+03  11239635   1
       936   1.276034e+08  1.971888e+08  4.871382e+03  11251656   1
       937   1.846198e+08  1.972089e+08  4.880084e+03  11263677   1
       938   2.201163e+08  1.972298e+08  4.888866e+03  11275698   1
       939   2.102436e+08  1.972355e+08  4.897632e+03  11287719   1
       940   2.956864e+08  1.972533e+08  4.906319e+03  11299740   1
       941   1.782850e+08  1.972570e+08  4.915023e+03  11311761   1
       942   2.518604e+08  1.972931e+08  4.923696e+03  11323782   1
       943   3.672145e+08  1.973000e+08  4.932493e+03  11335803   1
       944   2.861388e+08  1.973025e+08  4.941229e+03  11347824   1
       945   3.965937e+08  1.973144e+08  4.949885e+03  11359845   1
       946   2.903921e+08  1.973448e+08  4.958712e+03  11371866   1
       947   3.837071e+08  1.973814e+08  4.967571e+03  11383887   1
       948   2.031974e+08  1.974111e+08  4.976400e+03  11395908   1
       949   3.224692e+08  1.974450e+08  4.985134e+03  11407929   1
       950   2.821385e+08  1.974569e+08  4.993930e+03  11419950   1
       951   1.741604e+08  1.975160e+08  5.002742e+03  11431971   1
       952   1.540777e+08  1.975829e+08  5.011666e+03  11443992   1
       953   5.723146e+08  1.976647e+08  5.020525e+03  11456013   1
       954   1.370814e+08  1.977123e+08  5.029385e+03  11468034   1
       955   1.899519e+08  1.977610e+08  5.038181e+03  11480055   1
       956   1.885278e+08  1.977789e+08  5.047056e+03  11492076   1
       957   2.716048e+08  1.977986e+08  5.055774e+03  11504097   1
       958   2.459851e+08  1.978149e+08  5.064618e+03  11516118   1
       959   2.139416e+08  1.978331e+08  5.073493e+03  11528139   1
       960   2.318496e+08  1.978428e+08  5.082306e+03  11540160   1
       961   1.362084e+08  1.978619e+08  5.091181e+03  11552181   1
       962   2.822623e+08  1.978794e+08  5.100135e+03  11564202   1
       963   2.115402e+08  1.978979e+08  5.109089e+03  11576223   1
       964   2.113857e+08  1.979054e+08  5.117949e+03  11588244   1
       965   2.760964e+08  1.979348e+08  5.126917e+03  11600265   1
       966   1.711531e+08  1.979397e+08  5.135840e+03  11612286   1
       967   2.010947e+08  1.979934e+08  5.144856e+03  11624307   1
       968   2.102326e+08  1.979958e+08  5.153668e+03  11636328   1
       969   4.113893e+08  1.980076e+08  5.162683e+03  11648349   1
       970   2.530569e+08  1.980992e+08  5.171698e+03  11660370   1
       971   4.834965e+08  1.981019e+08  5.180608e+03  11672391   1
       972   1.643250e+08  1.981241e+08  5.189576e+03  11684412   1
       973   3.449176e+08  1.981612e+08  5.198623e+03  11696433   1
       974   1.681969e+08  1.981635e+08  5.207685e+03  11708454   1
       975   1.699775e+08  1.982331e+08  5.216685e+03  11720475   1
       976   2.337121e+08  1.982338e+08  5.225577e+03  11732496   1
       977   5.103813e+08  1.982683e+08  5.234687e+03  11744517   1
       978   3.761967e+08  1.982692e+08  5.243765e+03  11756538   1
       979   2.158273e+08  1.982960e+08  5.252780e+03  11768559   1
       980   2.766594e+08  1.983121e+08  5.261889e+03  11780580   1
       981   3.324276e+08  1.983142e+08  5.271062e+03  11792601   1
       982   3.270076e+08  1.983271e+08  5.280218e+03  11804622   1
       983   2.241798e+08  1.983741e+08  5.289390e+03  11816643   1
       984   2.393257e+08  1.983756e+08  5.298578e+03  11828664   1
       985   6.623713e+08  1.984109e+08  5.307672e+03  11840685   1
       986   2.264151e+08  1.984456e+08  5.316720e+03  11852706   1
       987   5.232131e+08  1.984522e+08  5.325829e+03  11864727   1
       988   2.090373e+08  1.985013e+08  5.335002e+03  11876748   1
       989   3.874229e+08  1.985047e+08  5.344095e+03  11888769   1
       990   2.081876e+08  1.985275e+08  5.353222e+03  11900790   1
       991   2.731824e+08  1.985386e+08  5.362222e+03  11912811   1
       992   2.597844e+08  1.985544e+08  5.371411e+03  11924832   1
       993   2.710254e+08  1.985585e+08  5.380444e+03  11936853   1
       994   4.194163e+08  1.985918e+08  5.389492e+03  11948874   1
       995   1.828511e+08  1.986036e+08  5.398664e+03  11960895   1
       996   5.493465e+08  1.986252e+08  5.407774e+03  11972916   1
       997   2.028079e+08  1.986442e+08  5.417023e+03  11984937   1
       998   4.311255e+08  1.986755e+08  5.426196e+03  11996958   1
       999   3.897169e+08  1.987107e+08  5.435260e+03  12008979   1
      1000   2.802039e+08  1.987219e+08  5.444228e+03  12021000   1
      1001   1.822042e+08  1.987424e+08  5.453462e+03  12033021   1
      1002   1.883499e+08  1.987539e+08  5.462775e+03  12045042   1
      1003   3.208661e+08  1.987624e+08  5.471932e+03  12057063   1
      1004   3.125265e+08  1.987813e+08  5.481197e+03  12069084   1
      1005   2.076676e+08  1.987861e+08  5.490229e+03  12081105   1
      1006   1.961344e+08  1.988317e+08  5.499447e+03  12093126   1
      1007   2.527188e+08  1.988710e+08  5.508696e+03  12105147   1
      1008   2.594754e+08  1.988945e+08  5.517915e+03  12117168   1
      1009   1.722283e+08  1.989323e+08  5.527197e+03  12129189   1
      1010   2.166575e+08  1.989533e+08  5.536321e+03  12141210   1
      1011   2.284149e+08  1.989923e+08  5.545728e+03  12153231   1
      1012   2.408004e+08  1.990236e+08  5.554853e+03  12165252   1
      1013   2.122049e+08  1.990670e+08  5.564167e+03  12177273   1
      1014   2.429956e+08  1.990761e+08  5.573448e+03  12189294   1
      1015   2.784159e+08  1.990914e+08  5.582651e+03  12201315   1
      1016   4.178812e+08  1.990948e+08  5.591981e+03  12213336   1
      1017   2.048781e+08  1.991050e+08  5.601231e+03  12225357   1
      1018   2.822252e+08  1.991062e+08  5.610637e+03  12237378   1
      1019   3.813376e+08  1.991229e+08  5.619919e+03  12249399   1
      1020   1.805904e+08  1.991348e+08  5.629137e+03  12261420   1
      1021   1.482191e+08  1.991822e+08  5.638421e+03  12273441   1
      1022   1.409952e+08  1.992024e+08  5.647640e+03  12285462   1
      1023   2.453840e+08  1.992328e+08  5.657030e+03  12297483   1
      1024   2.547934e+08  1.992469e+08  5.666311e+03  12309504   1
      1025   1.839547e+08  1.992571e+08  5.675718e+03  12321525   1
      1026   3.704433e+08  1.992796e+08  5.685048e+03  12333546   1
      1027   1.728919e+08  1.993016e+08  5.694407e+03  12345567   1
      1028   1.678476e+08  1.993597e+08  5.703923e+03  12357588   1
      1029   1.687162e+08  1.994135e+08  5.713347e+03  12369609   1
      1030   1.905929e+08  1.994762e+08  5.722567e+03  12381630   1
      1031   1.681483e+08  1.995009e+08  5.732070e+03  12393651   1
      1032   2.744214e+08  1.995277e+08  5.741413e+03  12405672   1
      1033   2.282280e+08  1.995643e+08  5.750819e+03  12417693   1
      1034   1.606239e+08  1.995980e+08  5.760023e+03  12429714   1
      1035   1.561360e+08  1.996506e+08  5.769321e+03  12441735   1
      1036   2.442567e+08  1.996792e+08  5.778712e+03  12453756   1
      1037   2.364224e+08  1.997269e+08  5.788321e+03  12465777   1
      1038   1.113496e+08  1.997504e+08  5.797744e+03  12477798   1
      1039   1.501145e+08  1.997657e+08  5.807198e+03  12489819   1
      1040   2.991346e+08  1.998129e+08  5.816529e+03  12501840   1
      1041   3.924265e+08  1.998667e+08  5.826015e+03  12513861   1
      1042   3.712449e+08  1.999391e+08  5.835534e+03  12525882   1
      1043   2.131356e+08  2.000539e+08  5.845003e+03  12537903   1
      1044   1.562150e+08  2.000683e+08  5.854457e+03  12549924   1
      1045   3.402051e+08  2.000833e+08  5.863817e+03  12561945   1
      1046   5.963382e+08  2.001016e+08  5.873239e+03  12573966   1
      1047   2.503629e+08  2.001029e+08  5.882770e+03  12585987   1
      1048   1.255051e+08  2.001277e+08  5.892286e+03  12598008   1
      1049   1.131158e+08  2.001586e+08  5.901708e+03  12610029   1
      1050   3.283629e+08  2.001625e+08  5.911224e+03  12622050   1
      1051   3.564512e+08  2.001790e+08  5.920771e+03  12634071   1
      1052   1.536958e+08  2.001978e+08  5.930256e+03  12646092   1
      1053   2.473538e+08  2.002020e+08  5.939837e+03  12658113   1
      1054   2.109524e+08  2.002948e+08  5.949384e+03  12670134   1
      1055   2.354352e+08  2.003487e+08  5.958948e+03  12682155   1
      1056   1.859673e+08  2.004108e+08  5.968433e+03  12694176   1
      1057   3.324032e+08  2.004650e+08  5.978104e+03  12706197   1
      1058   2.116385e+08  2.005015e+08  5.987747e+03  12718218   1
      1059   1.332984e+08  2.005092e+08  5.997434e+03  12730239   1
      1060   3.412937e+08  2.005640e+08  6.006951e+03  12742260   1
      1061   2.665063e+08  2.006592e+08  6.016609e+03  12754281   1
      1062   2.434255e+08  2.007100e+08  6.026312e+03  12766302   1
      1063   1.823321e+08  2.007137e+08  6.035781e+03  12778323   1
      1064   2.489113e+08  2.007572e+08  6.045532e+03  12790344   1
      1065   3.415579e+08  2.007705e+08  6.054986e+03  12802365   1
      1066   4.075046e+08  2.008673e+08  6.064595e+03  12814386   1
      1067   2.117766e+08  2.009620e+08  6.074173e+03  12826407   1
      1068   4.539037e+08  2.009979e+08  6.083891e+03  12838428   1
      1069   4.147956e+08  2.010001e+08  6.093547e+03  12850449   1
      1070   2.140285e+08  2.010034e+08  6.103187e+03  12862470   1
      1071   4.312271e+08  2.010259e+08  6.112859e+03  12874491   1
      1072   1.953571e+08  2.010380e+08  6.122484e+03  12886512   1
      1073   2.385716e+08  2.011084e+08  6.132188e+03  12898533   1
      1074   2.307169e+08  2.011105e+08  6.142031e+03  12910554   1
      1075   2.647844e+08  2.011411e+08  6.151797e+03  12922575   1
      1076   2.044547e+08  2.011563e+08  6.161484e+03  12934596   1
      1077   2.356991e+08  2.011585e+08  6.171298e+03  12946617   1
      1078   1.552098e+08  2.012161e+08  6.181032e+03  12958638   1
      1079   1.748503e+08  2.012180e+08  6.190704e+03  12970659   1
      1080   1.735101e+08  2.012571e+08  6.200596e+03  12982680   1
      1081   2.175867e+08  2.012706e+08  6.210476e+03  12994701   1
      1082   3.411735e+08  2.012715e+08  6.220351e+03  13006722   1
      1083   1.759699e+08  2.013589e+08  6.230274e+03  13018743   1
      1084   2.026677e+08  2.013665e+08  6.240164e+03  13030764   1
      1085   1.900740e+08  2.013911e+08  6.249789e+03  13042785   1
      1086   1.869543e+08  2.014080e+08  6.259790e+03  13054806   1
      1087   2.375500e+08  2.014307e+08  6.269540e+03  13066827   1
      1088   4.226039e+08  2.014607e+08  6.279446e+03  13078848   1
      1089   1.908105e+08  2.014792e+08  6.289384e+03  13090869   1
      1090   3.226712e+08  2.015004e+08  6.299289e+03  13102890   1
      1091   1.553832e+08  2.015386e+08  6.308930e+03  13114911   1
      1092   2.182623e+08  2.015764e+08  6.318914e+03  13126932   1
      1093   2.531054e+08  2.015923e+08  6.328791e+03  13138953   1
      1094   1.755415e+08  2.016112e+08  6.338760e+03  13150974   1
      1095   1.450046e+08  2.016231e+08  6.348653e+03  13162995   1
      1096   3.221200e+08  2.016551e+08  6.358450e+03  13175016   1
      1097   1.607635e+08  2.016626e+08  6.368389e+03  13187037   1
      1098   1.422316e+08  2.017010e+08  6.378217e+03  13199058   1
      1099   2.588035e+08  2.017193e+08  6.388123e+03  13211079   1
      1100   2.721293e+08  2.017476e+08  6.398095e+03  13223100   1
      1101   3.119833e+08  2.017634e+08  6.408095e+03  13235121   1
      1102   3.384891e+08  2.017883e+08  6.418018e+03  13247142   1
      1103   1.958506e+08  2.017995e+08  6.428051e+03  13259163   1
      1104   2.147431e+08  2.018628e+08  6.437957e+03  13271184   1
      1105   1.371123e+08  2.018803e+08  6.447911e+03  13283205   1
      1106   1.543041e+08  2.019036e+08  6.457990e+03  13295226   1
      1107   2.043981e+08  2.019277e+08  6.467928e+03  13307247   1
      1108   3.491648e+08  2.019342e+08  6.477882e+03  13319268   1
      1109   5.446496e+08  2.019837e+08  6.487632e+03  13331289   1
      1110   1.938496e+08  2.019889e+08  6.497664e+03  13343310   1
      1111   1.862131e+08  2.020005e+08  6.507541e+03  13355331   1
      1112   1.938260e+08  2.020236e+08  6.517464e+03  13367352   1
      1113   1.689080e+08  2.020372e+08  6.527371e+03  13379373   1
      1114   2.277120e+08  2.020579e+08  6.537215e+03  13391394   1
      1115   1.712236e+08  2.020633e+08  6.547200e+03  13403415   1
      1116   1.611889e+08  2.020951e+08  6.557279e+03  13415436   1
      1117   1.433237e+08  2.021163e+08  6.567312e+03  13427457   1
      1118   1.983691e+08  2.021195e+08  6.577374e+03  13439478   1
      1119   1.992934e+08  2.021360e+08  6.587468e+03  13451499   1
      1120   1.677503e+08  2.021566e+08  6.597453e+03  13463520   1
      1121   2.052465e+08  2.021771e+08  6.607578e+03  13475541   1
      1122   2.134267e+08  2.021906e+08  6.617642e+03  13487562   1
      1123   1.958299e+08  2.022093e+08  6.627673e+03  13499583   1
      1124   4.329592e+08  2.022174e+08  6.637658e+03  13511604   1
      1125   2.568201e+08  2.022282e+08  6.647738e+03  13523625   1
      1126   1.870022e+08  2.022973e+08  6.657722e+03  13535646   1
      1127   2.501628e+08  2.023152e+08  6.667769e+03  13547667   1
      1128   2.807786e+08  2.023319e+08  6.677692e+03  13559688   1
      1129   2.061762e+08  2.023461e+08  6.687786e+03  13571709   1
      1130   1.985573e+08  2.023507e+08  6.697770e+03  13583730   1
      1131   2.101161e+08  2.023550e+08  6.708005e+03  13595751   1
      1132   1.923665e+08  2.023781e+08  6.718099e+03  13607772   1
      1133   2.651148e+08  2.023955e+08  6.728147e+03  13619793   1
      1134   1.459014e+08  2.024211e+08  6.738226e+03  13631814   1
      1135   2.209540e+08  2.024284e+08  6.748351e+03  13643835   1
      1136   2.498700e+08  2.024499e+08  6.758445e+03  13655856   1
      1137   3.275303e+08  2.024614e+08  6.768523e+03  13667877   1
      1138   2.261275e+08  2.024721e+08  6.778664e+03  13679898   1
      1139   2.065160e+08  2.024777e+08  6.788993e+03  13691919   1
      1140   2.417872e+08  2.024931e+08  6.799228e+03  13703940   1
      1141   4.100272e+08  2.025110e+08  6.809341e+03  13715961   1
      1142   3.293944e+08  2.025237e+08  6.819513e+03  13727982   1
      1143   2.516098e+08  2.025374e+08  6.829779e+03  13740003   1
      1144   2.710390e+08  2.025524e+08  6.840201e+03  13752024   1
      1145   4.796407e+08  2.025778e+08  6.850453e+03  13764045   1
      1146   6.497313e+08  2.025855e+08  6.860580e+03  13776066   1
      1147   4.080945e+08  2.025975e+08  6.870675e+03  13788087   1
      1148   1.847839e+08  2.026019e+08  6.880833e+03  13800108   1
      1149   2.230370e+08  2.026304e+08  6.891164e+03  13812129   1
      1150   3.926525e+08  2.026583e+08  6.901526e+03  13824150   1
      1151   2.305205e+08  2.026692e+08  6.911590e+03  13836171   1
      1152   2.508197e+08  2.026952e+08  6.921965e+03  13848192   1
      1153   1.920423e+08  2.027096e+08  6.932340e+03  13860213   1
      1154   1.789096e+08  2.027135e+08  6.942701e+03  13872234   1
      1155   1.544014e+08  2.027393e+08  6.953001e+03  13884255   1
      1156   1.489113e+08  2.027519e+08  6.963141e+03  13896276   1
      1157   4.233873e+08  2.027632e+08  6.973173e+03  13908297   1
      1158   1.905705e+08  2.027797e+08  6.983423e+03  13920318   1
      1159   2.298483e+08  2.027957e+08  6.993719e+03  13932339   1
      1160   2.034580e+08  2.028075e+08  7.004002e+03  13944360   1
      1161   2.213561e+08  2.028165e+08  7.014144e+03  13956381   1
      1162   2.401521e+08  2.028481e+08  7.024441e+03  13968402   1
      1163   1.833083e+08  2.028660e+08  7.034674e+03  13980423   1
      1164   2.487083e+08  2.028745e+08  7.045068e+03  13992444   1
      1165   1.736728e+08  2.028874e+08  7.055461e+03  14004465   1
      1166   1.386916e+08  2.029025e+08  7.065601e+03  14016486   1
      1167   2.886560e+08  2.029086e+08  7.075947e+03  14028507   1
      1168   3.011472e+08  2.029286e+08  7.086478e+03  14040528   1
      1169   2.183834e+08  2.029292e+08  7.096948e+03  14052549   1
      1170   4.731799e+08  2.029488e+08  7.107262e+03  14064570   1
      1171   2.239625e+08  2.029731e+08  7.117763e+03  14076591   1
      1172   3.719428e+08  2.029762e+08  7.128201e+03  14088612   1
      1173   1.981545e+08  2.029888e+08  7.138576e+03  14100633   1
      1174   2.962911e+08  2.030030e+08  7.149015e+03  14112654   1
      1175   2.344807e+08  2.030054e+08  7.159453e+03  14124675   1
      1176   2.105261e+08  2.030197e+08  7.169858e+03  14136696   1
      1177   2.353467e+08  2.030234e+08  7.180315e+03  14148717   1
      1178   2.091261e+08  2.030242e+08  7.190725e+03  14160738   1
      1179   2.170924e+08  2.030466e+08  7.201318e+03  14172759   1
-------------------------------------------------------------------
status         : time_limit
total time (s) : 7.201318e+03
total solves   : 14172759
best bound     :  2.030466e+08
simulation ci  :  2.927012e+08  9.361365e+06
numeric issues : 0
-------------------------------------------------------------------

 
                                        Time                    Allocations      
                                  
       Tot / % measured:            2.00h / 100.0%            522GiB / 100.0%    

 Section               ncalls     time    %tot     avg     alloc    %tot      avg
 
 backward_pass          1.18k    1.97h   98.7%   6.03s    515GiB   98.8%   447MiB
   solve_subproblem     14.0M    1.97h   98.3%   504s    506GiB   97.1%  37.8KiB
     get_dual_solution  14.0M    92.3s    1.3%  6.58s   31.8GiB    6.1%  2.38KiB
   prepare_backward...  2.36k   90.1ms    0.0%  38.2s   3.24MiB    0.0%  1.41KiB
 forward_pass           1.18k    94.2s    1.3%  79.9ms   6.17GiB    1.2%  5.35MiB
   solve_subproblem      141k    92.6s    1.3%   654s   5.64GiB    1.1%  41.8KiB
     get_dual_solution   141k    567ms    0.0%  4.01s    175MiB    0.0%  1.27KiB
   sample_scenario      1.18k    1.05s    0.0%   889s    339MiB    0.1%   294KiB
 calculate_bound        1.18k    631ms    0.0%   536s   49.6MiB    0.0%  43.1KiB
   get_dual_solution    1.18k   1.63ms    0.0%  1.38s    645KiB    0.0%     560B
 


||||||||||||||||||||||||||||||||||||||||||||||||||||||||||||||||||||||||||||||||||||||||||||||||||||||||||||||||||||||||||||||||||||||||
SIMULATION RESULTS
LogLinearSDDP.Simulation(SDDP.InSampleMonteCarlo(0, false, true, SDDP.var"#155#158"{SDDP.var"#156#159"}(SDDP.var"#156#159"(), Core.Box(2000)), nothing), 2000, 11111)
shapiro_model
Lower bound: 2.030466467304966e8
Statistical upper bound (confidence interval): 2.7202435243051326e8  5.677512008920722e6
Pessimistic upper bound: 2.77701864439434e8

||||||||||||||||||||||||||||||||||||||||||||||||||||||||||||||||||||||||||||||||||||||||||||||||||||||||||||||||||||||||||||||||||||||||
SIMULATION RESULTS
LogLinearSDDP.Simulation(SDDP.InSampleMonteCarlo(0, false, true, SDDP.var"#155#158"{SDDP.var"#156#159"}(SDDP.var"#156#159"(), Core.Box(2000)), nothing), 2000, 11111)
shapiro_model
Lower bound: 2.030466467304966e8
Statistical upper bound (confidence interval): 1.7506261975283962e8  4.581902342365507e6
Pessimistic upper bound: 1.7964452209520513e8

||||||||||||||||||||||||||||||||||||||||||||||||||||||||||||||||||||||||||||||||||||||||||||||||||||||||||||||||||||||||||||||||||||||||
SIMULATION RESULTS
LogLinearSDDP.Simulation(SDDP.InSampleMonteCarlo(0, false, true, SDDP.var"#155#158"{SDDP.var"#156#159"}(SDDP.var"#156#159"(), Core.Box(2000)), nothing), 2000, 11111)
shapiro_model
Lower bound: 2.030466467304966e8
Statistical upper bound (confidence interval): 2.891730671852082e8  6.041201105089363e6
Pessimistic upper bound: 2.9521426829029757e8

||||||||||||||||||||||||||||||||||||||||||||||||||||||||||||||||||||||||||||||||||||||||||||||||||||||||||||||||||||||||||||||||||||||||
SIMULATION RESULTS
LogLinearSDDP.Simulation(SDDP.InSampleMonteCarlo(0, false, true, SDDP.var"#155#158"{SDDP.var"#156#159"}(SDDP.var"#156#159"(), Core.Box(2000)), nothing), 2000, 11111)
shapiro_model
Lower bound: 2.030466467304966e8
Statistical upper bound (confidence interval): 1.9034250049625063e8  4.995413858842747e6
Pessimistic upper bound: 1.953379143550934e8

||||||||||||||||||||||||||||||||||||||||||||||||||||||||||||||||||||||||||||||||||||||||||||||||||||||||||||||||||||||||||||||||||||||||
SIMULATION RESULTS
LogLinearSDDP.Simulation(SDDP.InSampleMonteCarlo(0, false, true, SDDP.var"#155#158"{SDDP.var"#156#159"}(SDDP.var"#156#159"(), Core.Box(2000)), nothing), 2000, 11111)
fitted_model
Lower bound: 2.030466467304966e8
Statistical upper bound (confidence interval): 2.793615205357095e8  5.405221279329772e6
Pessimistic upper bound: 2.847667418150393e8

||||||||||||||||||||||||||||||||||||||||||||||||||||||||||||||||||||||||||||||||||||||||||||||||||||||||||||||||||||||||||||||||||||||||
SIMULATION RESULTS
LogLinearSDDP.Simulation(SDDP.InSampleMonteCarlo(0, false, true, SDDP.var"#155#158"{SDDP.var"#156#159"}(SDDP.var"#156#159"(), Core.Box(2000)), nothing), 2000, 11111)
fitted_model
Lower bound: 2.030466467304966e8
Statistical upper bound (confidence interval): 1.8494995793531597e8  4.515695617760378e6
Pessimistic upper bound: 1.8946565355307636e8

||||||||||||||||||||||||||||||||||||||||||||||||||||||||||||||||||||||||||||||||||||||||||||||||||||||||||||||||||||||||||||||||||||||||
SIMULATION RESULTS
LogLinearSDDP.Simulation(SDDP.InSampleMonteCarlo(0, false, true, SDDP.var"#155#158"{SDDP.var"#156#159"}(SDDP.var"#156#159"(), Core.Box(2000)), nothing), 2000, 11111)
custom_model
Lower bound: 2.030466467304966e8
Statistical upper bound (confidence interval): 3.937027397875176e8  8.540274451241931e6
Pessimistic upper bound: 4.022430142387595e8

||||||||||||||||||||||||||||||||||||||||||||||||||||||||||||||||||||||||||||||||||||||||||||||||||||||||||||||||||||||||||||||||||||||||
SIMULATION RESULTS
LogLinearSDDP.Simulation(SDDP.InSampleMonteCarlo(0, false, true, SDDP.var"#155#158"{SDDP.var"#156#159"}(SDDP.var"#156#159"(), Core.Box(2000)), nothing), 2000, 11111)
custom_model
Lower bound: 2.030466467304966e8
Statistical upper bound (confidence interval): 2.501941861994972e8  6.97447578225317e6
Pessimistic upper bound: 2.5716866198175037e8

||||||||||||||||||||||||||||||||||||||||||||||||||||||||||||||||||||||||||||||||||||||||||||||||||||||||||||||||||||||||||||||||||||||||
SIMULATION RESULTS
LogLinearSDDP.Simulation(SDDP.InSampleMonteCarlo(0, false, true, SDDP.var"#155#158"{SDDP.var"#156#159"}(SDDP.var"#156#159"(), Core.Box(2000)), nothing), 2000, 11111)
bic_model
Lower bound: 2.030466467304966e8
Statistical upper bound (confidence interval): 4.0625367640905964e8  8.800713018201526e6
Pessimistic upper bound: 4.150543894272612e8

||||||||||||||||||||||||||||||||||||||||||||||||||||||||||||||||||||||||||||||||||||||||||||||||||||||||||||||||||||||||||||||||||||||||
SIMULATION RESULTS
LogLinearSDDP.Simulation(SDDP.InSampleMonteCarlo(0, false, true, SDDP.var"#155#158"{SDDP.var"#156#159"}(SDDP.var"#156#159"(), Core.Box(2000)), nothing), 2000, 11111)
bic_model
Lower bound: 2.030466467304966e8
Statistical upper bound (confidence interval): 2.5922333201368582e8  7.213662723879888e6
Pessimistic upper bound: 2.664369947375657e8

||||||||||||||||||||||||||||||||||||||||||||||||||||||||||||||||||||||||||||||||||||||||||||||||||||||||||||||||||||||||||||||||||||||||
SIMULATION RESULTS
LogLinearSDDP.Simulation(SDDP.InSampleMonteCarlo(0, false, true, SDDP.var"#155#158"{SDDP.var"#156#159"}(SDDP.var"#156#159"(), Core.Box(2000)), nothing), 2000, 11111)
shapiro_model
Lower bound: 2.0380862281854296e8
Statistical upper bound (confidence interval): 4.914016121671987e8  8.39885958054592e7
Pessimistic upper bound: 5.753902079726579e8

||||||||||||||||||||||||||||||||||||||||||||||||||||||||||||||||||||||||||||||||||||||||||||||||||||||||||||||||||||||||||||||||||||||||
SIMULATION RESULTS
LogLinearSDDP.Simulation(SDDP.InSampleMonteCarlo(0, false, true, SDDP.var"#155#158"{SDDP.var"#156#159"}(SDDP.var"#156#159"(), Core.Box(2000)), nothing), 2000, 11111)
shapiro_model
Lower bound: 2.0380862281854296e8
Statistical upper bound (confidence interval): 3.1727411369261795e8  6.79117455258554e7
Pessimistic upper bound: 3.851858592184734e8
