||||||||||||||||||||||||||||||||||||||||||||||||||||||||||||||||||||||||||||||||||||||||||||||||||||||||||||||||||||||||||||||||||||||||
PATH
calling 
C:\Users\cg4102\Documents\New LogLinearSDDP\LogLinearSDDP.jl\Examples\Hydrothermal
C:\Users\cg4102\Documents\New LogLinearSDDP\LogLinearSDDP.jl\Examples\Hydrothermal\run_model_markov.jl
DATETIME
2025-04-28T06:52:35.673
RUN DESCRIPTION
LogLinearSDDP.AlgoParams(SDDP.AbstractStoppingRule[SDDP.TimeLimit(7200.0)], LogLinearSDDP.NoSimulation(), false, 2, 1, "C:/Users/cg4102/Documents/julia_logs/Cut-sharing Re-Run (2h)/Run_MC-SDDP_lattice_444444/MC-SDDP.log", false, false, false, 444444, "MC-SDDP: 100 nodes, lattice", :fitted_model)
-------------------------------------------------------------------
         SDDP.jl (c) Oscar Dowson and contributors, 2017-23
-------------------------------------------------------------------
problem
  nodes           : 11901
  state variables : 4
  scenarios       : 6.68857e+229
  existing cuts   : false
options
  solver          : serial mode
  risk measure    : SDDP.Expectation()
  sampling scheme : SDDP.InSampleMonteCarlo
subproblem structure
  VariableRef                                  : [142, 142]
  JuMP.AffExpr in MOI.EqualTo{Float64}         : [13, 13]
  JuMP.VariableRef in MOI.GreaterThan{Float64} : [138, 138]
  JuMP.VariableRef in MOI.LessThan{Float64}    : [129, 130]
-------------------------------------------------------------------
 iteration    simulation      bound        time (s)     solves  pid
-------------------------------------------------------------------
         1   1.429632e+09  7.434922e+05  6.529000e+00     10503   1
         2   1.737537e+09  9.511885e+05  1.010000e+01     21050   1
         3   1.700217e+09  1.013781e+06  1.337100e+01     31269   1
         4   8.209713e+08  1.176375e+06  1.688100e+01     41964   1
         5   8.230468e+08  2.810991e+06  2.006200e+01     52279   1
         6   1.122748e+09  2.824902e+06  2.333100e+01     62626   1
         7   6.616023e+08  2.047117e+07  2.661300e+01     73187   1
         8   5.123736e+08  2.957069e+07  2.993100e+01     83702   1
         9   2.753753e+08  3.157624e+07  3.345000e+01     94436   1
        10   7.767599e+08  4.608149e+07  3.654300e+01    104834   1
        11   2.759229e+08  4.970410e+07  4.292600e+01    115446   1
        12   4.878899e+08  5.025591e+07  4.568100e+01    125716   1
        13   3.948693e+08  5.332066e+07  4.863100e+01    136121   1
        14   2.821751e+08  5.622709e+07  5.168800e+01    146725   1
        15   2.562774e+08  5.632927e+07  5.449300e+01    156870   1
        16   3.181261e+08  5.836442e+07  5.753400e+01    167269   1
        17   2.753982e+08  6.790050e+07  6.048400e+01    177532   1
        18   4.574069e+08  6.871891e+07  6.343100e+01    187919   1
        19   2.853879e+08  7.127593e+07  6.625600e+01    198112   1
        20   8.558157e+08  7.663190e+07  6.934000e+01    208371   1
        21   2.669058e+08  7.797419e+07  7.228200e+01    218901   1
        22   2.586156e+08  7.865170e+07  7.517900e+01    229348   1
        23   5.376809e+08  8.442492e+07  7.804900e+01    239969   1
        24   6.938084e+08  8.863423e+07  8.112600e+01    250282   1
        25   3.255244e+08  9.012237e+07  8.405800e+01    260904   1
        26   2.328393e+08  9.198554e+07  8.703800e+01    271317   1
        27   2.769997e+08  9.319038e+07  9.011400e+01    281801   1
        28   6.434834e+08  9.492469e+07  9.304100e+01    292238   1
        29   3.518737e+08  9.549565e+07  9.612600e+01    302751   1
        30   3.774475e+08  9.669875e+07  9.920000e+01    313426   1
        31   2.403420e+08  9.787341e+07  1.022940e+02    324078   1
        32   5.680552e+08  1.006487e+08  1.052130e+02    334345   1
        33   2.870923e+08  1.008379e+08  1.083460e+02    344870   1
        34   2.587157e+08  1.026534e+08  1.116440e+02    355561   1
        35   2.885134e+08  1.054070e+08  1.148000e+02    366241   1
        36   3.430396e+08  1.072048e+08  1.178710e+02    376542   1
        37   2.170351e+08  1.075203e+08  1.209150e+02    386878   1
        38   3.512841e+08  1.080976e+08  1.239970e+02    397353   1
        39   4.130601e+08  1.085388e+08  1.270990e+02    407793   1
        40   2.755171e+08  1.096224e+08  1.301640e+02    418077   1
        41   3.875826e+08  1.098147e+08  1.332750e+02    428676   1
        42   3.614485e+08  1.101808e+08  1.392580e+02    438935   1
        43   2.953394e+08  1.104141e+08  1.422440e+02    449266   1
        44   2.084976e+08  1.105608e+08  1.452810e+02    459658   1
        45   4.067975e+08  1.106869e+08  1.483160e+02    470290   1
        46   3.052145e+08  1.107830e+08  1.514330e+02    480970   1
        47   4.576383e+08  1.138120e+08  1.545420e+02    491354   1
        48   8.151195e+08  1.158378e+08  1.576050e+02    501855   1
        49   2.234379e+08  1.209164e+08  1.606760e+02    512346   1
        50   2.350156e+08  1.220349e+08  1.637990e+02    522946   1
        51   2.983113e+08  1.231367e+08  1.668610e+02    533183   1
        52   6.674805e+08  1.233275e+08  1.699220e+02    543358   1
        53   3.744934e+08  1.280353e+08  1.731890e+02    553863   1
        54   2.666976e+08  1.315807e+08  1.763440e+02    564313   1
        55   2.711529e+08  1.333188e+08  1.794220e+02    574649   1
        56   2.310265e+08  1.335639e+08  1.826860e+02    585139   1
        57   2.306398e+08  1.338437e+08  1.858910e+02    595689   1
        58   2.922674e+08  1.356036e+08  1.890320e+02    606152   1
        59   4.144674e+08  1.356084e+08  1.920700e+02    616206   1
        60   2.200849e+08  1.380329e+08  1.954190e+02    626874   1
        61   3.404253e+08  1.387563e+08  1.986700e+02    637301   1
        62   6.050526e+08  1.402793e+08  2.018550e+02    647446   1
        63   4.515658e+08  1.410064e+08  2.050450e+02    657621   1
        64   2.846339e+08  1.415974e+08  2.082710e+02    668148   1
        65   3.161107e+08  1.419052e+08  2.115150e+02    678776   1
        66   3.811854e+08  1.432313e+08  2.147380e+02    689313   1
        67   2.652300e+08  1.435911e+08  2.180950e+02    699990   1
        68   2.470670e+08  1.438573e+08  2.214010e+02    710520   1
        69   2.800250e+08  1.438656e+08  2.246730e+02    720883   1
        70   2.657199e+08  1.482346e+08  2.279390e+02    731109   1
        71   2.302906e+08  1.488616e+08  2.312500e+02    741466   1
        72   2.840678e+08  1.494028e+08  2.375870e+02    751887   1
        73   2.255544e+08  1.497910e+08  2.409190e+02    762579   1
        74   2.348405e+08  1.505161e+08  2.441980e+02    773174   1
        75   2.056520e+08  1.524375e+08  2.474650e+02    783592   1
        76   1.493160e+08  1.536075e+08  2.507520e+02    793822   1
        77   2.227984e+08  1.547200e+08  2.539680e+02    804096   1
        78   2.754136e+08  1.548899e+08  2.572000e+02    814447   1
        79   2.840437e+08  1.550072e+08  2.604400e+02    824764   1
        80   2.273299e+08  1.556227e+08  2.637040e+02    835123   1
        81   2.724034e+08  1.569720e+08  2.669230e+02    845553   1
        82   3.294112e+08  1.572653e+08  2.701660e+02    855854   1
        83   2.918892e+08  1.580556e+08  2.735530e+02    866588   1
        84   1.786321e+08  1.580802e+08  2.767850e+02    876726   1
        85   3.085002e+08  1.581048e+08  2.800840e+02    886919   1
        86   4.793594e+08  1.597722e+08  2.833710e+02    897234   1
        87   4.534410e+08  1.598416e+08  2.865900e+02    907515   1
        88   2.364203e+08  1.600242e+08  2.898890e+02    917997   1
        89   4.537271e+08  1.620314e+08  2.933120e+02    928514   1
        90   2.466471e+08  1.621219e+08  2.967250e+02    939052   1
        91   1.514893e+09  1.623268e+08  2.999920e+02    948786   1
        92   2.665282e+08  1.626293e+08  3.034740e+02    959077   1
        93   7.555974e+08  1.628021e+08  3.068510e+02    969226   1
        94   3.428925e+08  1.629987e+08  3.103210e+02    979513   1
        95   2.783651e+08  1.630943e+08  3.138890e+02    989948   1
        96   9.311922e+08  1.633032e+08  3.172330e+02    999764   1
        97   1.887504e+08  1.649963e+08  3.207490e+02   1010288   1
        98   3.867578e+08  1.656550e+08  3.242730e+02   1020714   1
        99   2.869408e+08  1.661656e+08  3.277720e+02   1031160   1
       100   1.868020e+08  1.665231e+08  3.314050e+02   1041761   1
       101   2.334781e+08  1.685496e+08  3.351050e+02   1052226   1
       102   2.982058e+08  1.686375e+08  3.413680e+02   1062649   1
       103   2.603728e+08  1.698746e+08  3.447690e+02   1073370   1
       104   1.642661e+08  1.707052e+08  3.481850e+02   1083653   1
       105   3.148204e+08  1.707541e+08  3.515840e+02   1093882   1
       106   5.644475e+08  1.708784e+08  3.550020e+02   1104187   1
       107   2.127123e+08  1.721307e+08  3.584500e+02   1114545   1
       108   3.894184e+08  1.721673e+08  3.619280e+02   1125070   1
       109   6.373629e+08  1.725383e+08  3.653020e+02   1135102   1
       110   3.722668e+08  1.745529e+08  3.687760e+02   1145335   1
       111   2.897959e+08  1.747856e+08  3.722900e+02   1155941   1
       112   2.573982e+08  1.748907e+08  3.758350e+02   1166526   1
       113   2.920008e+08  1.756006e+08  3.794400e+02   1177239   1
       114   4.916470e+08  1.758938e+08  3.830330e+02   1187809   1
       115   4.691199e+08  1.768169e+08  3.866130e+02   1198503   1
       116   2.942300e+08  1.770352e+08  3.902060e+02   1209165   1
       117   1.823890e+08  1.778390e+08  3.937400e+02   1219350   1
       118   3.372524e+08  1.782904e+08  3.973790e+02   1230060   1
       119   2.951869e+08  1.783638e+08  4.010110e+02   1240631   1
       120   2.316607e+08  1.787599e+08  4.048600e+02   1251414   1
       121   1.874975e+08  1.792135e+08  4.085230e+02   1262014   1
       122   1.958642e+08  1.814670e+08  4.122850e+02   1272729   1
       123   2.958885e+08  1.815460e+08  4.159550e+02   1283089   1
       124   1.994542e+08  1.817879e+08  4.196530e+02   1293360   1
       125   3.159388e+08  1.824940e+08  4.234980e+02   1303975   1
       126   6.953515e+08  1.826664e+08  4.270860e+02   1313927   1
       127   2.722822e+08  1.827623e+08  4.308570e+02   1324491   1
       128   2.779573e+08  1.829961e+08  4.345870e+02   1334978   1
       129   3.436079e+08  1.831963e+08  4.384030e+02   1345551   1
       130   2.093672e+08  1.847488e+08  4.453530e+02   1356184   1
       131   2.911076e+08  1.849629e+08  4.490500e+02   1366744   1
       132   3.162756e+08  1.856388e+08  4.527220e+02   1376909   1
       133   3.712138e+08  1.874390e+08  4.563320e+02   1387194   1
       134   3.661791e+08  1.875909e+08  4.600130e+02   1397756   1
       135   4.276645e+08  1.879930e+08  4.637220e+02   1408152   1
       136   2.202159e+08  1.884292e+08  4.674440e+02   1418671   1
       137   3.286881e+08  1.885403e+08  4.711370e+02   1429096   1
       138   4.102748e+08  1.895103e+08  4.749290e+02   1439553   1
       139   2.463674e+08  1.897536e+08  4.786310e+02   1450115   1
       140   2.868559e+08  1.899261e+08  4.824310e+02   1460555   1
       141   2.507444e+08  1.900933e+08  4.861680e+02   1470964   1
       142   2.676977e+08  1.900973e+08  4.899470e+02   1481228   1
       143   2.060494e+08  1.904650e+08  4.936860e+02   1491728   1
       144   2.647538e+08  1.914140e+08  4.975340e+02   1502257   1
       145   2.466004e+08  1.916886e+08  5.012930e+02   1512757   1
       146   2.037154e+08  1.925077e+08  5.051740e+02   1523376   1
       147   3.925164e+08  1.926693e+08  5.090670e+02   1533943   1
       148   2.616407e+08  1.934248e+08  5.129900e+02   1544568   1
       149   4.125531e+08  1.939255e+08  5.169100e+02   1555249   1
       150   2.215239e+08  1.955210e+08  5.208330e+02   1565652   1
       151   3.596622e+08  1.956352e+08  5.247460e+02   1576109   1
       152   5.106590e+08  1.967111e+08  5.287160e+02   1586831   1
       153   2.362310e+08  1.968343e+08  5.327820e+02   1597563   1
       154   3.361099e+08  1.985436e+08  5.367970e+02   1608133   1
       155   1.627943e+08  1.986767e+08  5.407480e+02   1618299   1
       156   2.904979e+08  1.987135e+08  5.448500e+02   1628878   1
       157   6.135421e+08  1.987275e+08  5.488380e+02   1639294   1
       158   5.513735e+08  1.988139e+08  5.528960e+02   1649707   1
       159   3.012008e+08  1.990053e+08  5.706310e+02   1660052   1
       160   3.654766e+08  1.993428e+08  5.746370e+02   1670285   1
       161   4.113047e+08  1.994690e+08  5.785670e+02   1680599   1
       162   2.722926e+08  2.000446e+08  5.825660e+02   1691324   1
       163   2.450845e+08  2.004815e+08  5.865040e+02   1702099   1
       164   2.738474e+08  2.007935e+08  5.904960e+02   1712556   1
       165   5.182469e+08  2.008058e+08  5.944090e+02   1722904   1
       166   2.766231e+08  2.010824e+08  5.983530e+02   1733454   1
       167   2.270628e+08  2.015409e+08  6.023580e+02   1743646   1
       168   3.316787e+08  2.017268e+08  6.063750e+02   1754318   1
       169   3.601907e+08  2.017321e+08  6.103730e+02   1764922   1
       170   3.942469e+08  2.017514e+08  6.143280e+02   1775313   1
       171   1.599150e+08  2.017961e+08  6.182970e+02   1785467   1
       172   1.949996e+08  2.021582e+08  6.223850e+02   1795783   1
       173   3.116526e+08  2.022172e+08  6.264800e+02   1806549   1
       174   3.307173e+08  2.022480e+08  6.305400e+02   1816931   1
       175   4.322192e+08  2.022933e+08  6.346270e+02   1826771   1
       176   6.199768e+08  2.024421e+08  6.388190e+02   1837088   1
       177   9.131167e+08  2.024743e+08  6.430590e+02   1847310   1
       178   2.116895e+08  2.024858e+08  6.474400e+02   1857845   1
       179   3.094928e+08  2.028120e+08  6.518640e+02   1868539   1
       180   2.776995e+08  2.028448e+08  6.562290e+02   1879034   1
       181   4.114985e+08  2.028559e+08  6.657200e+02   1889513   1
       182   3.011624e+08  2.032891e+08  6.697710e+02   1899712   1
       183   2.836840e+08  2.034123e+08  6.740000e+02   1910239   1
       184   8.820494e+08  2.039672e+08  6.780460e+02   1920712   1
       185   1.866806e+08  2.050343e+08  6.821770e+02   1931076   1
       186   6.830038e+08  2.050859e+08  6.862520e+02   1941334   1
       187   2.412371e+08  2.051416e+08  6.904280e+02   1951800   1
       188   5.629412e+08  2.054179e+08  6.945250e+02   1962106   1
       189   7.096964e+08  2.064159e+08  6.988190e+02   1972623   1
       190   3.931376e+08  2.066093e+08  7.031420e+02   1983136   1
       191   2.923051e+08  2.066135e+08  7.073480e+02   1993246   1
       192   2.195244e+08  2.066524e+08  7.117680e+02   2004064   1
       193   5.027572e+08  2.071378e+08  7.160720e+02   2014525   1
       194   2.512579e+08  2.072363e+08  7.205130e+02   2025053   1
       195   3.168556e+08  2.074278e+08  7.248710e+02   2035285   1
       196   3.811778e+08  2.078017e+08  7.292610e+02   2045727   1
       197   2.136765e+08  2.079760e+08  7.339600e+02   2056300   1
       198   6.075483e+08  2.081184e+08  7.385010e+02   2066757   1
       199   2.203643e+08  2.082401e+08  7.474110e+02   2077074   1
       200   5.110071e+08  2.083293e+08  7.516640e+02   2087298   1
       201   2.104049e+08  2.092372e+08  7.559700e+02   2097899   1
       202   5.474198e+08  2.094948e+08  7.602090e+02   2108168   1
       203   7.530477e+08  2.100076e+08  7.644670e+02   2118525   1
       204   2.095401e+08  2.106269e+08  7.687690e+02   2128867   1
       205   4.090502e+08  2.108558e+08  7.730970e+02   2139256   1
       206   3.271230e+08  2.108729e+08  7.774600e+02   2149672   1
       207   3.808011e+08  2.109931e+08  7.818650e+02   2160028   1
       208   2.193004e+08  2.112781e+08  7.863950e+02   2170761   1
       209   5.197055e+08  2.115556e+08  7.908120e+02   2181147   1
       210   2.000252e+08  2.115961e+08  7.952880e+02   2191378   1
       211   2.903095e+08  2.126184e+08  7.998060e+02   2201940   1
       212   2.194500e+08  2.126451e+08  8.043730e+02   2212345   1
       213   2.165307e+08  2.127921e+08  8.134480e+02   2222900   1
       214   2.378869e+08  2.130116e+08  8.178670e+02   2233498   1
       215   4.264092e+08  2.132521e+08  8.222320e+02   2243839   1
       216   2.800797e+08  2.134382e+08  8.265680e+02   2254016   1
       217   2.089200e+08  2.142257e+08  8.310690e+02   2264560   1
       218   2.629444e+08  2.143587e+08  8.355370e+02   2275206   1
       219   1.906734e+08  2.144223e+08  8.399670e+02   2285632   1
       220   4.205704e+08  2.145022e+08  8.444300e+02   2296020   1
       221   7.072515e+08  2.145044e+08  8.489050e+02   2305942   1
       222   4.433029e+08  2.145830e+08  8.535090e+02   2316589   1
       223   2.385272e+08  2.146951e+08  8.581300e+02   2327156   1
       224   2.724240e+08  2.147139e+08  8.627750e+02   2337577   1
       225   4.422884e+08  2.147477e+08  8.673380e+02   2347832   1
       226   4.740389e+08  2.160886e+08  8.763060e+02   2358354   1
       227   3.403378e+08  2.161830e+08  8.807810e+02   2368944   1
       228   1.720930e+08  2.168391e+08  8.853120e+02   2379480   1
       229   5.181970e+08  2.168659e+08  8.897520e+02   2389769   1
       230   4.365074e+08  2.171796e+08  8.943060e+02   2400241   1
       231   2.768510e+08  2.177340e+08  8.988830e+02   2410872   1
       232   2.559629e+08  2.178309e+08  9.034960e+02   2421623   1
       233   2.486592e+08  2.178684e+08  9.081560e+02   2432279   1
       234   6.355116e+08  2.180308e+08  9.127600e+02   2442529   1
       235   4.626412e+08  2.184180e+08  9.174470e+02   2452971   1
       236   5.156065e+08  2.184310e+08  9.221070e+02   2462945   1
       237   3.334212e+08  2.186126e+08  9.312210e+02   2473203   1
       238   2.967951e+08  2.187291e+08  9.357770e+02   2483595   1
       239   5.506026e+08  2.187942e+08  9.403500e+02   2493919   1
       240   1.861177e+08  2.189252e+08  9.450170e+02   2504425   1
       241   2.209509e+08  2.189261e+08  9.496940e+02   2515212   1
       242   2.825928e+08  2.197268e+08  9.543950e+02   2525405   1
       243   1.931894e+08  2.199452e+08  9.591550e+02   2535886   1
       244   3.937484e+08  2.202974e+08  9.638570e+02   2546287   1
       245   1.870462e+08  2.203485e+08  9.685850e+02   2556684   1
       246   2.327425e+08  2.204091e+08  9.733470e+02   2566775   1
       247   2.043582e+08  2.204162e+08  9.781310e+02   2577339   1
       248   3.167889e+08  2.204423e+08  9.874320e+02   2587828   1
       249   2.068501e+08  2.206004e+08  9.920990e+02   2598020   1
       250   2.968598e+08  2.206654e+08  9.967830e+02   2608459   1
       251   2.016543e+08  2.207090e+08  1.001431e+03   2618614   1
       252   2.831553e+08  2.209094e+08  1.006228e+03   2629066   1
       253   3.284516e+08  2.209144e+08  1.011001e+03   2639259   1
       254   1.949740e+08  2.210867e+08  1.015780e+03   2649671   1
       255   2.293716e+08  2.216077e+08  1.020684e+03   2660234   1
       256   3.500630e+08  2.216102e+08  1.025535e+03   2670693   1
       257   2.843132e+08  2.216792e+08  1.030506e+03   2681359   1
       258   1.807490e+08  2.217523e+08  1.040006e+03   2692196   1
       259   3.169758e+08  2.217946e+08  1.044758e+03   2702688   1
       260   2.433700e+08  2.223949e+08  1.049505e+03   2712697   1
       261   2.207856e+08  2.228526e+08  1.054383e+03   2723233   1
       262   3.668592e+08  2.231050e+08  1.059253e+03   2733637   1
       263   2.314228e+08  2.231294e+08  1.064202e+03   2744192   1
       264   6.782886e+08  2.231529e+08  1.068951e+03   2754481   1
       265   3.644189e+08  2.232700e+08  1.073843e+03   2764871   1
       266   7.175522e+08  2.238174e+08  1.078794e+03   2775315   1
       267   2.617986e+08  2.242774e+08  1.083806e+03   2785847   1
       268   2.337948e+08  2.245656e+08  1.093481e+03   2796636   1
       269   2.207660e+08  2.247134e+08  1.098406e+03   2807362   1
       270   2.827321e+08  2.248362e+08  1.103320e+03   2818006   1
       271   2.389715e+08  2.248486e+08  1.108162e+03   2828364   1
       272   2.283357e+08  2.251746e+08  1.113106e+03   2838748   1
       273   2.597729e+08  2.257182e+08  1.118048e+03   2849183   1
       274   2.494407e+08  2.257211e+08  1.122988e+03   2859619   1
       275   2.135325e+08  2.259309e+08  1.128050e+03   2870241   1
       276   2.154411e+08  2.261406e+08  1.133132e+03   2880884   1
       277   6.020356e+08  2.261768e+08  1.138127e+03   2891411   1
       278   2.615838e+08  2.264496e+08  1.148012e+03   2901949   1
       279   2.648538e+08  2.264631e+08  1.152979e+03   2912572   1
       280   3.205769e+08  2.266027e+08  1.157932e+03   2923098   1
       281   3.703806e+08  2.266524e+08  1.162912e+03   2933075   1
       282   2.147765e+08  2.267702e+08  1.167977e+03   2943662   1
       283   2.905891e+08  2.268342e+08  1.173023e+03   2954054   1
       284   4.317094e+08  2.270618e+08  1.178080e+03   2964679   1
       285   2.017153e+08  2.274995e+08  1.183156e+03   2975338   1
       286   6.821403e+08  2.276348e+08  1.188316e+03   2985873   1
       287   1.725014e+08  2.276486e+08  1.193476e+03   2996239   1
       288   6.527048e+08  2.278876e+08  1.203512e+03   3006482   1
       289   2.946425e+08  2.279487e+08  1.208586e+03   3016703   1
       290   2.160871e+08  2.280414e+08  1.213616e+03   3027001   1
       291   4.434688e+08  2.283075e+08  1.218697e+03   3037462   1
       292   2.951578e+08  2.283172e+08  1.223842e+03   3048117   1
       293   2.628358e+08  2.284042e+08  1.228955e+03   3058416   1
       294   2.813628e+08  2.284386e+08  1.234098e+03   3069041   1
       295   2.694307e+08  2.285034e+08  1.239179e+03   3079245   1
       296   1.753265e+08  2.288352e+08  1.244380e+03   3089483   1
       297   1.889047e+08  2.290700e+08  1.249639e+03   3099951   1
       298   2.672721e+08  2.295536e+08  1.259761e+03   3110251   1
       299   2.684521e+08  2.297380e+08  1.264888e+03   3120441   1
       300   1.878425e+08  2.297871e+08  1.270049e+03   3131011   1
       301   1.887963e+08  2.298231e+08  1.275245e+03   3141592   1
       302   5.961270e+08  2.298288e+08  1.280378e+03   3151905   1
       303   3.127142e+08  2.299850e+08  1.285570e+03   3162253   1
       304   2.379835e+08  2.299866e+08  1.290789e+03   3172697   1
       305   2.503440e+08  2.301265e+08  1.295981e+03   3182915   1
       306   2.342218e+08  2.301265e+08  1.301266e+03   3192967   1
       307   4.289577e+08  2.301336e+08  1.306646e+03   3203605   1
       308   2.586307e+08  2.302463e+08  1.316906e+03   3213790   1
       309   4.333016e+08  2.303670e+08  1.322097e+03   3224221   1
       310   4.399871e+08  2.304293e+08  1.327309e+03   3234794   1
       311   2.195165e+08  2.304697e+08  1.332669e+03   3245260   1
       312   4.691083e+08  2.304839e+08  1.337854e+03   3255255   1
       313   3.960868e+08  2.306377e+08  1.343193e+03   3265708   1
       314   2.870668e+08  2.307087e+08  1.348505e+03   3276370   1
       315   2.069734e+08  2.307313e+08  1.353841e+03   3286732   1
       316   5.078322e+08  2.310032e+08  1.359261e+03   3297200   1
       317   2.058534e+08  2.310890e+08  1.364699e+03   3307691   1
       318   2.477257e+08  2.311374e+08  1.375136e+03   3318004   1
       319   2.314433e+08  2.312042e+08  1.380425e+03   3328328   1
       320   1.622809e+08  2.313530e+08  1.385753e+03   3338631   1
       321   2.998127e+08  2.313914e+08  1.391134e+03   3349250   1
       322   2.712562e+08  2.314416e+08  1.396559e+03   3359966   1
       323   3.426753e+08  2.314811e+08  1.401945e+03   3370582   1
       324   5.512865e+08  2.317263e+08  1.407381e+03   3381165   1
       325   2.405224e+08  2.317669e+08  1.412805e+03   3391582   1
       326   2.325371e+08  2.321335e+08  1.418329e+03   3402284   1
       327   2.855541e+08  2.321508e+08  1.423900e+03   3412748   1
       328   1.895001e+08  2.323297e+08  1.434632e+03   3423129   1
       329   2.679676e+08  2.324043e+08  1.440013e+03   3433581   1
       330   3.065234e+08  2.326313e+08  1.445511e+03   3444232   1
       331   3.517217e+08  2.326501e+08  1.450923e+03   3454655   1
       332   1.819937e+08  2.327212e+08  1.456403e+03   3465194   1
       333   2.257628e+08  2.332813e+08  1.461885e+03   3475398   1
       334   2.440138e+08  2.337885e+08  1.467388e+03   3485692   1
       335   4.392107e+08  2.339243e+08  1.472905e+03   3495842   1
       336   2.669273e+08  2.339288e+08  1.478524e+03   3506314   1
       337   4.999640e+08  2.342689e+08  1.484082e+03   3516561   1
       338   1.675538e+08  2.346663e+08  1.494980e+03   3527273   1
       339   1.530891e+08  2.351084e+08  1.500432e+03   3537479   1
       340   2.001261e+08  2.351373e+08  1.506042e+03   3547870   1
       341   3.019677e+08  2.351683e+08  1.511563e+03   3558230   1
       342   2.062658e+08  2.352469e+08  1.517095e+03   3568710   1
       343   2.626939e+08  2.353365e+08  1.522729e+03   3579393   1
       344   2.150716e+08  2.353947e+08  1.528273e+03   3589986   1
       345   2.892077e+08  2.353976e+08  1.533816e+03   3600351   1
       346   4.687757e+08  2.354415e+08  1.539466e+03   3610767   1
       347   2.206483e+08  2.354837e+08  1.545248e+03   3621405   1
       348   2.116323e+08  2.355109e+08  1.556407e+03   3631984   1
       349   3.203728e+08  2.355149e+08  1.562067e+03   3642475   1
       350   4.765867e+08  2.356558e+08  1.567593e+03   3652811   1
       351   3.124282e+08  2.356769e+08  1.573180e+03   3663203   1
       352   3.185095e+08  2.357568e+08  1.578747e+03   3673542   1
       353   1.924474e+08  2.358563e+08  1.584485e+03   3683873   1
       354   1.981079e+08  2.359228e+08  1.590107e+03   3694153   1
       355   2.555910e+08  2.362978e+08  1.595766e+03   3704662   1
       356   2.541543e+08  2.364215e+08  1.601475e+03   3714878   1
       357   2.961256e+08  2.368710e+08  1.607241e+03   3725389   1
       358   6.675495e+08  2.368923e+08  1.612951e+03   3735541   1
       359   1.729933e+08  2.369161e+08  1.624233e+03   3746088   1
       360   3.306516e+08  2.373056e+08  1.629896e+03   3756655   1
       361   2.243346e+08  2.374109e+08  1.635547e+03   3767150   1
       362   2.525815e+08  2.375606e+08  1.641269e+03   3777391   1
       363   3.122289e+08  2.378730e+08  1.646912e+03   3787495   1
       364   3.715855e+08  2.379617e+08  1.652687e+03   3797968   1
       365   1.736469e+08  2.380570e+08  1.658423e+03   3808479   1
       366   8.610570e+08  2.381715e+08  1.664135e+03   3818919   1
       367   2.427181e+08  2.381747e+08  1.670034e+03   3829396   1
       368   2.075715e+08  2.382716e+08  1.675930e+03   3839964   1
       369   3.326768e+08  2.382823e+08  1.687556e+03   3850370   1
       370   4.864671e+08  2.382867e+08  1.693244e+03   3860688   1
       371   2.019932e+08  2.384126e+08  1.699087e+03   3870962   1
       372   2.260551e+08  2.384128e+08  1.704897e+03   3881577   1
       373   2.179171e+08  2.385276e+08  1.710686e+03   3892173   1
       374   4.979382e+08  2.390193e+08  1.716489e+03   3902720   1
       375   3.389914e+08  2.390390e+08  1.722340e+03   3913212   1
       376   2.321997e+08  2.390851e+08  1.728270e+03   3923874   1
       377   1.346216e+08  2.390854e+08  1.734170e+03   3934241   1
       378   4.995808e+08  2.391507e+08  1.740088e+03   3944732   1
       379   2.345172e+08  2.391620e+08  1.746117e+03   3955355   1
       380   2.327093e+08  2.391626e+08  1.757701e+03   3965848   1
       381   2.550826e+08  2.391839e+08  1.763566e+03   3976266   1
       382   1.921009e+08  2.392005e+08  1.769489e+03   3987042   1
       383   4.730094e+08  2.392433e+08  1.775246e+03   3997020   1
       384   2.496758e+08  2.392546e+08  1.781150e+03   4007851   1
       385   5.235422e+08  2.394245e+08  1.786970e+03   4018084   1
       386   5.164092e+08  2.396135e+08  1.792819e+03   4028159   1
       387   1.804593e+08  2.396184e+08  1.798741e+03   4038733   1
       388   3.764624e+08  2.397171e+08  1.804735e+03   4049212   1
       389   4.637660e+08  2.397418e+08  1.810694e+03   4059593   1
       390   4.851788e+08  2.397469e+08  1.816726e+03   4070125   1
       391   4.865519e+08  2.397963e+08  1.828585e+03   4080445   1
       392   4.310305e+08  2.398120e+08  1.834490e+03   4091008   1
       393   2.284035e+08  2.401041e+08  1.840460e+03   4101694   1
       394   2.447177e+08  2.401422e+08  1.846469e+03   4112277   1
       395   3.385193e+08  2.403059e+08  1.852432e+03   4122565   1
       396   3.327259e+08  2.403955e+08  1.858488e+03   4133043   1
       397   5.447034e+08  2.404708e+08  1.864379e+03   4143393   1
       398   2.131700e+08  2.405913e+08  1.870452e+03   4153924   1
       399   2.074983e+08  2.406002e+08  1.876580e+03   4164356   1
       400   3.377219e+08  2.406404e+08  1.882773e+03   4175051   1
       401   2.286326e+08  2.406405e+08  1.895069e+03   4185321   1
       402   3.215644e+08  2.406504e+08  1.901156e+03   4195870   1
       403   5.659465e+08  2.409180e+08  1.907081e+03   4206305   1
       404   2.763626e+08  2.409221e+08  1.913172e+03   4217074   1
       405   3.180589e+08  2.409737e+08  1.919196e+03   4227535   1
       406   5.639433e+08  2.409840e+08  1.925174e+03   4237724   1
       407   2.528341e+08  2.410103e+08  1.931246e+03   4248114   1
       408   2.768263e+08  2.411775e+08  1.937365e+03   4258278   1
       409   1.794563e+08  2.412639e+08  1.943464e+03   4268774   1
       410   3.007794e+08  2.412785e+08  1.949653e+03   4279396   1
       411   3.019846e+08  2.414478e+08  1.955858e+03   4289932   1
       412   2.896742e+08  2.414501e+08  1.962176e+03   4300297   1
       413   1.933094e+08  2.414572e+08  1.974415e+03   4310647   1
       414   2.192702e+08  2.414678e+08  1.980533e+03   4321090   1
       415   3.762319e+08  2.416791e+08  1.986604e+03   4331590   1
       416   4.278191e+08  2.417574e+08  1.992788e+03   4342228   1
       417   2.430319e+08  2.420901e+08  1.999045e+03   4352797   1
       418   3.325235e+08  2.422187e+08  2.005207e+03   4363512   1
       419   5.317725e+08  2.422625e+08  2.011314e+03   4373976   1
       420   2.687450e+08  2.423130e+08  2.017474e+03   4384544   1
       421   3.480617e+08  2.423209e+08  2.023779e+03   4395184   1
       422   2.554064e+08  2.423360e+08  2.030139e+03   4405759   1
       423   3.368614e+08  2.426673e+08  2.036497e+03   4416102   1
       424   2.320582e+08  2.426811e+08  2.049110e+03   4426513   1
       425   3.024045e+08  2.427367e+08  2.055290e+03   4437233   1
       426   2.702155e+08  2.427558e+08  2.061484e+03   4447789   1
       427   2.222305e+08  2.428758e+08  2.067706e+03   4458199   1
       428   2.547618e+08  2.431345e+08  2.073914e+03   4468989   1
       429   2.233124e+08  2.432329e+08  2.080176e+03   4479398   1
       430   1.546231e+08  2.432817e+08  2.086449e+03   4489520   1
       431   2.316330e+08  2.432900e+08  2.092741e+03   4500132   1
       432   2.906230e+08  2.434004e+08  2.099026e+03   4510206   1
       433   5.823482e+08  2.435020e+08  2.105432e+03   4520620   1
       434   2.485089e+08  2.435672e+08  2.111894e+03   4531174   1
       435   2.716822e+08  2.435804e+08  2.124773e+03   4541518   1
       436   2.140468e+08  2.436397e+08  2.131144e+03   4551730   1
       437   2.043642e+08  2.436624e+08  2.137494e+03   4562306   1
       438   2.047090e+08  2.437081e+08  2.143789e+03   4572863   1
       439   4.462037e+08  2.437838e+08  2.150132e+03   4583356   1
       440   2.819855e+08  2.437867e+08  2.156450e+03   4593649   1
       441   3.100254e+08  2.439792e+08  2.162866e+03   4604383   1
       442   4.702100e+08  2.440442e+08  2.169150e+03   4614745   1
       443   8.118723e+08  2.441485e+08  2.175510e+03   4625090   1
       444   3.410586e+08  2.441689e+08  2.181958e+03   4635339   1
       445   4.148551e+08  2.441778e+08  2.188404e+03   4645780   1
       446   2.240174e+08  2.441902e+08  2.194962e+03   4656247   1
       447   2.269181e+08  2.441938e+08  2.207874e+03   4667002   1
       448   1.660031e+08  2.442153e+08  2.214280e+03   4677613   1
       449   3.117042e+08  2.442348e+08  2.220675e+03   4688035   1
       450   3.975082e+08  2.442978e+08  2.227069e+03   4698452   1
       451   1.746228e+08  2.445686e+08  2.233619e+03   4709310   1
       452   2.693486e+08  2.446530e+08  2.240092e+03   4719964   1
       453   3.241825e+08  2.446635e+08  2.246573e+03   4730260   1
       454   1.858637e+08  2.446663e+08  2.253102e+03   4740342   1
       455   1.938328e+08  2.447173e+08  2.259677e+03   4750998   1
       456   6.536691e+08  2.447567e+08  2.266273e+03   4761352   1
       457   3.041319e+08  2.448857e+08  2.272869e+03   4771780   1
       458   2.484485e+08  2.449337e+08  2.286218e+03   4782359   1
       459   3.578602e+08  2.452381e+08  2.292699e+03   4792393   1
       460   2.093977e+08  2.452533e+08  2.299189e+03   4802992   1
       461   3.040261e+08  2.454238e+08  2.305752e+03   4813389   1
       462   4.582035e+08  2.454778e+08  2.312275e+03   4823748   1
       463   2.955203e+08  2.455098e+08  2.318874e+03   4834220   1
       464   1.839714e+08  2.455783e+08  2.325418e+03   4844751   1
       465   2.585762e+08  2.456702e+08  2.331933e+03   4855150   1
       466   2.098727e+08  2.459155e+08  2.338517e+03   4865501   1
       467   2.361035e+08  2.459644e+08  2.345231e+03   4875822   1
       468   5.313948e+08  2.459659e+08  2.351944e+03   4885859   1
       469   2.670055e+08  2.459892e+08  2.358683e+03   4896467   1
       470   4.121601e+08  2.460068e+08  2.372093e+03   4906981   1
       471   1.951202e+08  2.460132e+08  2.378723e+03   4917296   1
       472   2.794300e+08  2.460632e+08  2.385418e+03   4927899   1
       473   4.436149e+08  2.461018e+08  2.392088e+03   4938438   1
       474   5.095324e+08  2.461244e+08  2.398673e+03   4948937   1
       475   2.924605e+08  2.461245e+08  2.405435e+03   4959593   1
       476   2.954631e+08  2.462111e+08  2.412045e+03   4970029   1
       477   4.391874e+08  2.462314e+08  2.418728e+03   4980383   1
       478   2.608304e+08  2.462387e+08  2.425559e+03   4990681   1
       479   2.038364e+08  2.463455e+08  2.432344e+03   5000906   1
       480   2.141469e+08  2.466137e+08  2.439185e+03   5011480   1
       481   1.809459e+08  2.469427e+08  2.453053e+03   5022288   1
       482   6.384608e+08  2.469440e+08  2.459675e+03   5033013   1
       483   3.820027e+08  2.470383e+08  2.466444e+03   5043400   1
       484   5.177381e+08  2.471087e+08  2.473042e+03   5053503   1
       485   2.434159e+08  2.471090e+08  2.479878e+03   5064055   1
       486   2.823991e+08  2.472075e+08  2.486565e+03   5074316   1
       487   3.867808e+08  2.472108e+08  2.493273e+03   5084664   1
       488   2.583154e+08  2.473612e+08  2.500033e+03   5095111   1
       489   1.947380e+08  2.473825e+08  2.506777e+03   5105449   1
       490   4.948425e+08  2.474712e+08  2.513650e+03   5116036   1
       491   2.074087e+08  2.474741e+08  2.520620e+03   5126652   1
       492   1.897733e+08  2.475057e+08  2.527569e+03   5137192   1
       493   3.430243e+08  2.475923e+08  2.541570e+03   5147625   1
       494   2.077881e+08  2.476063e+08  2.548337e+03   5157967   1
       495   1.817105e+08  2.476351e+08  2.555144e+03   5168419   1
       496   3.661430e+08  2.476736e+08  2.561938e+03   5178808   1
       497   1.823336e+08  2.477075e+08  2.568786e+03   5189532   1
       498   5.242822e+08  2.478263e+08  2.575556e+03   5199667   1
       499   2.047477e+08  2.479414e+08  2.582483e+03   5210122   1
       500   5.328649e+08  2.479738e+08  2.589353e+03   5220755   1
       501   1.660338e+08  2.479747e+08  2.596270e+03   5231183   1
       502   2.098910e+08  2.480820e+08  2.603289e+03   5241699   1
       503   4.965132e+08  2.480982e+08  2.610217e+03   5251854   1
       504   2.566554e+08  2.481869e+08  2.617187e+03   5262172   1
       505   3.562680e+08  2.482168e+08  2.624297e+03   5272506   1
       506   3.325321e+08  2.482508e+08  2.638444e+03   5282440   1
       507   3.502296e+08  2.482577e+08  2.645407e+03   5292869   1
       508   4.733094e+08  2.484033e+08  2.652291e+03   5303147   1
       509   2.453630e+08  2.484136e+08  2.659230e+03   5313355   1
       510   6.794104e+08  2.484175e+08  2.666134e+03   5323426   1
       511   2.991349e+08  2.484518e+08  2.673105e+03   5333781   1
       512   4.146127e+08  2.484816e+08  2.680051e+03   5344216   1
       513   3.712447e+08  2.486680e+08  2.687040e+03   5354655   1
       514   3.276170e+08  2.487700e+08  2.694055e+03   5365103   1
       515   3.431228e+08  2.488303e+08  2.701112e+03   5375550   1
       516   2.185698e+08  2.489793e+08  2.708221e+03   5385780   1
       517   3.321019e+08  2.490912e+08  2.715510e+03   5396406   1
       518   6.154749e+08  2.491673e+08  2.729930e+03   5406880   1
       519   2.748628e+08  2.495393e+08  2.736996e+03   5417269   1
       520   2.701301e+08  2.495958e+08  2.744013e+03   5427549   1
       521   4.366876e+08  2.496442e+08  2.751008e+03   5437586   1
       522   2.312390e+08  2.496690e+08  2.758152e+03   5447953   1
       523   2.136486e+08  2.497367e+08  2.765255e+03   5458461   1
       524   4.856072e+08  2.497386e+08  2.772333e+03   5468844   1
       525   2.424905e+08  2.497622e+08  2.779536e+03   5479214   1
       526   2.580019e+08  2.498084e+08  2.786697e+03   5489590   1
       527   2.340816e+08  2.498203e+08  2.793837e+03   5500167   1
       528   2.712887e+08  2.498297e+08  2.801045e+03   5510292   1
       529   2.570727e+08  2.498561e+08  2.808351e+03   5520829   1
       530   3.179830e+08  2.498578e+08  2.822960e+03   5531521   1
       531   2.644364e+08  2.498741e+08  2.830109e+03   5541807   1
       532   6.492032e+08  2.499122e+08  2.837117e+03   5552120   1
       533   4.524104e+08  2.499133e+08  2.844384e+03   5562376   1
       534   2.273765e+08  2.499343e+08  2.851543e+03   5572691   1
       535   2.780709e+08  2.499490e+08  2.858671e+03   5583012   1
       536   3.169527e+08  2.499954e+08  2.865778e+03   5593604   1
       537   4.711335e+08  2.503065e+08  2.872945e+03   5604268   1
       538   3.218417e+08  2.503299e+08  2.880209e+03   5614816   1
       539   2.386320e+08  2.504531e+08  2.887436e+03   5625303   1
       540   2.632692e+08  2.504593e+08  2.894705e+03   5635505   1
       541   3.815132e+08  2.505085e+08  2.902032e+03   5645947   1
       542   1.965808e+08  2.505233e+08  2.917066e+03   5656054   1
       543   3.101053e+08  2.505243e+08  2.924263e+03   5666425   1
       544   2.132222e+08  2.505558e+08  2.931443e+03   5676779   1
       545   3.055036e+08  2.506561e+08  2.938708e+03   5686780   1
       546   1.920362e+08  2.507690e+08  2.945982e+03   5697502   1
       547   1.758975e+08  2.508542e+08  2.953258e+03   5708014   1
       548   2.642546e+08  2.510027e+08  2.960544e+03   5718280   1
       549   4.117842e+08  2.510544e+08  2.967716e+03   5728550   1
       550   3.657833e+08  2.511850e+08  2.974949e+03   5739033   1
       551   1.853377e+08  2.512078e+08  2.982234e+03   5749339   1
       552   2.195569e+08  2.512136e+08  2.989640e+03   5759634   1
       553   2.990047e+08  2.512237e+08  2.997076e+03   5769869   1
       554   2.260818e+08  2.512240e+08  3.004627e+03   5780219   1
       555   2.479428e+08  2.512350e+08  3.019735e+03   5790745   1
       556   4.354522e+08  2.512606e+08  3.027102e+03   5801049   1
       557   2.126929e+08  2.512673e+08  3.034407e+03   5811624   1
       558   2.034630e+08  2.513213e+08  3.041748e+03   5821871   1
       559   3.078069e+08  2.513513e+08  3.049082e+03   5832285   1
       560   3.542332e+08  2.513818e+08  3.056434e+03   5842467   1
       561   1.929287e+08  2.514217e+08  3.063909e+03   5852647   1
       562   2.473546e+08  2.516033e+08  3.071477e+03   5862885   1
       563   3.616489e+08  2.516195e+08  3.078841e+03   5873128   1
       564   3.235947e+08  2.516526e+08  3.086368e+03   5883580   1
       565   1.945611e+08  2.516639e+08  3.094019e+03   5894120   1
       566   2.235143e+08  2.518638e+08  3.101680e+03   5904384   1
       567   2.825620e+08  2.519051e+08  3.117152e+03   5915052   1
       568   3.649272e+08  2.519197e+08  3.124597e+03   5925402   1
       569   2.015498e+08  2.520119e+08  3.132023e+03   5935870   1
       570   2.957222e+08  2.520517e+08  3.139482e+03   5946344   1
       571   3.040798e+08  2.520885e+08  3.146965e+03   5956939   1
       572   2.672164e+08  2.521337e+08  3.154457e+03   5967181   1
       573   1.951456e+08  2.521354e+08  3.162028e+03   5977766   1
       574   4.484676e+08  2.522434e+08  3.169536e+03   5988238   1
       575   1.928005e+08  2.522776e+08  3.177121e+03   5998901   1
       576   3.019409e+08  2.522885e+08  3.184736e+03   6009064   1
       577   1.777189e+08  2.523462e+08  3.192331e+03   6019383   1
       578   2.447577e+08  2.524149e+08  3.200074e+03   6029991   1
       579   5.613720e+08  2.524271e+08  3.207705e+03   6040020   1
       580   3.836261e+08  2.524685e+08  3.223449e+03   6050121   1
       581   4.361264e+08  2.524698e+08  3.230978e+03   6060638   1
       582   2.164208e+08  2.525065e+08  3.238579e+03   6071046   1
       583   2.846684e+08  2.525229e+08  3.246188e+03   6081683   1
       584   4.246465e+08  2.526599e+08  3.253671e+03   6092090   1
       585   2.035368e+08  2.526615e+08  3.261353e+03   6102294   1
       586   3.217214e+08  2.526689e+08  3.268973e+03   6112489   1
       587   3.827536e+08  2.527250e+08  3.276575e+03   6122916   1
       588   8.623832e+08  2.527937e+08  3.284064e+03   6132995   1
       589   3.687810e+08  2.528329e+08  3.291749e+03   6143584   1
       590   2.402396e+08  2.528688e+08  3.299573e+03   6154241   1
       591   1.744537e+08  2.528767e+08  3.307417e+03   6164584   1
       592   4.006386e+08  2.528855e+08  3.315213e+03   6175044   1
       593   3.990000e+08  2.529028e+08  3.331174e+03   6185914   1
       594   2.729861e+08  2.529071e+08  3.338836e+03   6196152   1
       595   1.827459e+08  2.529590e+08  3.346526e+03   6206375   1
       596   2.510714e+08  2.529608e+08  3.354193e+03   6217181   1
       597   3.007320e+08  2.530207e+08  3.361915e+03   6227272   1
       598   3.761967e+08  2.530244e+08  3.369563e+03   6237932   1
       599   2.965605e+08  2.530727e+08  3.377356e+03   6248208   1
       600   1.980884e+08  2.530917e+08  3.385083e+03   6258625   1
       601   6.929830e+08  2.531621e+08  3.392795e+03   6269102   1
       602   5.184801e+08  2.532099e+08  3.400538e+03   6279676   1
       603   2.354858e+08  2.532862e+08  3.408390e+03   6290284   1
       604   5.516498e+08  2.533141e+08  3.416140e+03   6300516   1
       605   2.615524e+08  2.533147e+08  3.424101e+03   6311049   1
       606   3.359846e+08  2.533183e+08  3.440497e+03   6321547   1
       607   3.454024e+08  2.533491e+08  3.448170e+03   6332239   1
       608   2.500757e+08  2.534237e+08  3.455976e+03   6342673   1
       609   4.396155e+08  2.534962e+08  3.463694e+03   6353411   1
       610   5.025350e+08  2.535201e+08  3.471462e+03   6363571   1
       611   2.179641e+08  2.535406e+08  3.479245e+03   6374142   1
       612   2.452283e+08  2.535702e+08  3.487137e+03   6384397   1
       613   1.755382e+08  2.535882e+08  3.494920e+03   6394461   1
       614   2.318993e+08  2.536304e+08  3.502853e+03   6404957   1
       615   5.426767e+08  2.536373e+08  3.510717e+03   6414994   1
       616   7.567088e+08  2.536395e+08  3.518793e+03   6425406   1
       617   2.459793e+08  2.536580e+08  3.526805e+03   6435766   1
       618   2.226367e+08  2.536609e+08  3.534895e+03   6446172   1
       619   1.615042e+08  2.537397e+08  3.551406e+03   6456794   1
       620   3.010257e+08  2.537424e+08  3.559332e+03   6467393   1
       621   2.778377e+08  2.539081e+08  3.567250e+03   6477967   1
       622   3.692351e+08  2.539129e+08  3.575050e+03   6488137   1
       623   2.606336e+08  2.539827e+08  3.583059e+03   6498522   1
       624   2.217112e+08  2.539924e+08  3.591011e+03   6509148   1
       625   1.797914e+08  2.540181e+08  3.598994e+03   6519724   1
       626   3.424178e+08  2.540346e+08  3.606871e+03   6529664   1
       627   2.952897e+08  2.541267e+08  3.614847e+03   6539946   1
       628   3.101489e+08  2.541626e+08  3.622760e+03   6550625   1
       629   7.028291e+08  2.541724e+08  3.630826e+03   6561075   1
       630   2.489386e+08  2.541862e+08  3.638940e+03   6571731   1
       631   2.921939e+08  2.542042e+08  3.647049e+03   6582132   1
       632   3.454203e+08  2.542284e+08  3.655199e+03   6592785   1
       633   2.057118e+08  2.542321e+08  3.672091e+03   6602793   1
       634   3.082160e+08  2.542557e+08  3.680101e+03   6613071   1
       635   2.595938e+08  2.542894e+08  3.688222e+03   6623395   1
       636   3.361175e+08  2.542925e+08  3.696243e+03   6633954   1
       637   2.971448e+08  2.544821e+08  3.704277e+03   6644560   1
       638   3.515299e+08  2.545037e+08  3.712311e+03   6654973   1
       639   2.268034e+08  2.545202e+08  3.720425e+03   6665315   1
       640   5.194365e+08  2.545472e+08  3.728456e+03   6675853   1
       641   2.360573e+08  2.546097e+08  3.736566e+03   6686419   1
       642   3.581254e+08  2.546451e+08  3.744637e+03   6696751   1
       643   4.934196e+08  2.547332e+08  3.752746e+03   6706849   1
       644   5.685082e+08  2.547368e+08  3.760835e+03   6717470   1
       645   2.111959e+08  2.547539e+08  3.769216e+03   6727845   1
       646   5.216992e+08  2.547606e+08  3.786363e+03   6738199   1
       647   3.580131e+08  2.547853e+08  3.794401e+03   6748575   1
       648   1.793688e+08  2.548159e+08  3.802561e+03   6759146   1
       649   3.639345e+08  2.548166e+08  3.810680e+03   6769700   1
       650   3.753508e+08  2.548231e+08  3.818792e+03   6780238   1
       651   3.767302e+08  2.548501e+08  3.826922e+03   6790342   1
       652   2.967149e+08  2.549838e+08  3.835037e+03   6800740   1
       653   6.399414e+08  2.550206e+08  3.843199e+03   6810888   1
       654   2.543201e+08  2.551675e+08  3.851424e+03   6821510   1
       655   2.409424e+08  2.551959e+08  3.859551e+03   6831908   1
       656   4.518613e+08  2.552584e+08  3.867762e+03   6842244   1
       657   2.822219e+08  2.553626e+08  3.876150e+03   6852889   1
       658   1.788853e+08  2.553909e+08  3.884520e+03   6863276   1
       659   3.855421e+08  2.554808e+08  3.892849e+03   6873757   1
       660   3.441491e+08  2.557169e+08  3.910381e+03   6884019   1
       661   2.207077e+08  2.557566e+08  3.918688e+03   6894517   1
       662   6.096998e+08  2.558460e+08  3.926791e+03   6904706   1
       663   3.094638e+08  2.558469e+08  3.935000e+03   6915067   1
       664   2.912914e+08  2.558866e+08  3.943320e+03   6925376   1
       665   3.731844e+08  2.559419e+08  3.951527e+03   6935865   1
       666   3.225569e+08  2.559437e+08  3.959668e+03   6946626   1
       667   2.403017e+08  2.559737e+08  3.968014e+03   6957095   1
       668   2.605419e+08  2.560036e+08  3.976260e+03   6967677   1
       669   2.200944e+08  2.560446e+08  3.984555e+03   6978385   1
       670   4.203825e+08  2.560463e+08  3.992886e+03   6989050   1
       671   2.067549e+08  2.561936e+08  4.001380e+03   6999358   1
       672   5.253070e+08  2.564920e+08  4.009759e+03   7009670   1
       673   7.528075e+08  2.565037e+08  4.018074e+03   7019927   1
       674   3.436187e+08  2.567322e+08  4.035795e+03   7030362   1
       675   2.515348e+08  2.567812e+08  4.044153e+03   7040717   1
       676   3.440512e+08  2.567916e+08  4.052488e+03   7050954   1
       677   3.292585e+08  2.568648e+08  4.060817e+03   7061529   1
       678   2.656397e+08  2.570560e+08  4.069101e+03   7071816   1
       679   4.524013e+08  2.570620e+08  4.077560e+03   7081997   1
       680   2.219743e+08  2.570694e+08  4.085953e+03   7092650   1
       681   3.348333e+08  2.570883e+08  4.094416e+03   7103033   1
       682   4.574552e+08  2.572271e+08  4.102818e+03   7113737   1
       683   3.040752e+08  2.572907e+08  4.111260e+03   7124349   1
       684   4.611923e+08  2.573210e+08  4.119587e+03   7134175   1
       685   2.671483e+08  2.573676e+08  4.128095e+03   7144662   1
       686   4.196885e+08  2.573980e+08  4.136637e+03   7154981   1
       687   1.764182e+08  2.574019e+08  4.145352e+03   7165302   1
       688   2.945675e+08  2.574172e+08  4.163315e+03   7175740   1
       689   2.307573e+08  2.574831e+08  4.171819e+03   7186434   1
       690   2.217685e+08  2.574853e+08  4.180308e+03   7196996   1
       691   4.445765e+08  2.577829e+08  4.188673e+03   7206962   1
       692   1.889344e+08  2.577858e+08  4.197184e+03   7217169   1
       693   2.693657e+08  2.577976e+08  4.205680e+03   7227452   1
       694   5.475898e+08  2.578000e+08  4.214179e+03   7237608   1
       695   3.770863e+08  2.578130e+08  4.222611e+03   7248029   1
       696   2.553315e+08  2.578250e+08  4.231215e+03   7258630   1
       697   2.403792e+08  2.578457e+08  4.239806e+03   7269202   1
       698   4.262554e+08  2.578766e+08  4.248315e+03   7279767   1
       699   2.341957e+08  2.581638e+08  4.256963e+03   7290130   1
       700   3.223639e+08  2.582649e+08  4.265625e+03   7300619   1
       701   1.921604e+08  2.583208e+08  4.274372e+03   7310653   1
       702   1.901573e+08  2.583612e+08  4.292620e+03   7321362   1
       703   3.599461e+08  2.584169e+08  4.301187e+03   7331793   1
       704   1.965259e+08  2.584414e+08  4.309737e+03   7342132   1
       705   2.839099e+08  2.584539e+08  4.318324e+03   7352784   1
       706   2.387603e+08  2.585363e+08  4.327023e+03   7363274   1
       707   5.776692e+08  2.585444e+08  4.335683e+03   7373564   1
       708   2.395130e+08  2.586857e+08  4.344422e+03   7384016   1
       709   3.383284e+08  2.586956e+08  4.353048e+03   7394570   1
       710   1.942472e+08  2.587097e+08  4.361678e+03   7405225   1
       711   2.494904e+08  2.587150e+08  4.370498e+03   7415670   1
       712   4.781310e+08  2.589351e+08  4.379244e+03   7425738   1
       713   2.059706e+08  2.589391e+08  4.388332e+03   7436063   1
       714   2.229960e+08  2.589769e+08  4.397361e+03   7446583   1
       715   3.428183e+08  2.590511e+08  4.406379e+03   7457130   1
       716   1.754353e+08  2.591269e+08  4.425040e+03   7466985   1
       717   3.227262e+08  2.591532e+08  4.433679e+03   7477347   1
       718   1.681282e+08  2.591590e+08  4.442474e+03   7487878   1
       719   2.449926e+08  2.591686e+08  4.451158e+03   7498216   1
       720   2.168965e+08  2.592636e+08  4.459897e+03   7508877   1
       721   3.265331e+08  2.593262e+08  4.468680e+03   7519244   1
       722   3.230933e+08  2.593435e+08  4.477385e+03   7529579   1
       723   5.565801e+08  2.593552e+08  4.486163e+03   7540080   1
       724   2.741503e+08  2.593715e+08  4.495030e+03   7550913   1
       725   2.406058e+08  2.593762e+08  4.503899e+03   7561437   1
       726   2.247157e+08  2.593996e+08  4.512695e+03   7571665   1
       727   2.498731e+08  2.594541e+08  4.521622e+03   7582046   1
       728   2.373009e+08  2.594604e+08  4.530580e+03   7592593   1
       729   6.876069e+08  2.595421e+08  4.539425e+03   7603247   1
       730   1.557463e+08  2.595451e+08  4.548442e+03   7613475   1
       731   2.920583e+08  2.597330e+08  4.567233e+03   7624106   1
       732   4.567707e+08  2.597725e+08  4.576034e+03   7634592   1
       733   4.716788e+08  2.599071e+08  4.584815e+03   7645165   1
       734   1.958679e+08  2.599216e+08  4.593588e+03   7655577   1
       735   7.573003e+08  2.599480e+08  4.602390e+03   7665859   1
       736   2.198683e+08  2.599909e+08  4.611239e+03   7676404   1
       737   2.708479e+08  2.600294e+08  4.620101e+03   7687040   1
       738   3.751463e+08  2.600310e+08  4.629021e+03   7697356   1
       739   3.242910e+08  2.600493e+08  4.637953e+03   7707815   1
       740   3.102289e+08  2.600504e+08  4.646840e+03   7718179   1
       741   4.032510e+08  2.600524e+08  4.655731e+03   7728294   1
       742   1.975519e+08  2.600960e+08  4.664805e+03   7738855   1
       743   2.022391e+08  2.601016e+08  4.673991e+03   7749458   1
       744   2.817911e+08  2.603901e+08  4.683170e+03   7759764   1
       745   3.163483e+08  2.604668e+08  4.692217e+03   7770482   1
       746   1.824349e+08  2.605011e+08  4.711246e+03   7780477   1
       747   2.200095e+08  2.605805e+08  4.720247e+03   7790834   1
       748   3.994615e+08  2.605995e+08  4.729066e+03   7801255   1
       749   2.198417e+08  2.606020e+08  4.738033e+03   7811724   1
       750   2.805483e+08  2.606479e+08  4.747088e+03   7822307   1
       751   6.286516e+08  2.606491e+08  4.755923e+03   7832715   1
       752   6.522035e+08  2.606612e+08  4.764861e+03   7842752   1
       753   4.419021e+08  2.606617e+08  4.773856e+03   7853159   1
       754   2.560367e+08  2.606645e+08  4.782934e+03   7863451   1
       755   2.328342e+08  2.607656e+08  4.792002e+03   7874262   1
       756   2.052722e+08  2.608755e+08  4.801138e+03   7884695   1
       757   3.877128e+08  2.608778e+08  4.810260e+03   7895342   1
       758   2.847513e+08  2.608812e+08  4.819498e+03   7905758   1
       759   2.647942e+08  2.609800e+08  4.828725e+03   7916294   1
       760   2.257693e+08  2.609824e+08  4.838053e+03   7926663   1
       761   3.977674e+08  2.610555e+08  4.857254e+03   7936755   1
       762   2.036264e+08  2.610560e+08  4.866401e+03   7947379   1
       763   2.446716e+08  2.610872e+08  4.875430e+03   7957705   1
       764   2.788473e+08  2.611024e+08  4.884493e+03   7968081   1
       765   2.803225e+08  2.611031e+08  4.893686e+03   7978263   1
       766   2.887223e+08  2.611848e+08  4.902828e+03   7988840   1
       767   3.811479e+08  2.612037e+08  4.911820e+03   7999413   1
       768   1.579433e+08  2.612326e+08  4.921066e+03   8009862   1
       769   2.716364e+08  2.612543e+08  4.930279e+03   8020133   1
       770   2.070501e+08  2.612752e+08  4.939518e+03   8030458   1
       771   4.897269e+08  2.612880e+08  4.948693e+03   8040753   1
       772   3.337683e+08  2.612964e+08  4.957939e+03   8051607   1
       773   4.150102e+08  2.613500e+08  4.967325e+03   8061901   1
       774   1.868751e+08  2.613562e+08  4.976776e+03   8072273   1
       775   2.265848e+08  2.613562e+08  4.986225e+03   8082808   1
       776   2.190624e+08  2.613586e+08  5.006022e+03   8093385   1
       777   2.615104e+08  2.613704e+08  5.015142e+03   8103744   1
       778   2.788435e+08  2.613723e+08  5.024332e+03   8114083   1
       779   2.808306e+08  2.613760e+08  5.033524e+03   8124239   1
       780   1.607498e+08  2.613834e+08  5.042857e+03   8134407   1
       781   2.852726e+08  2.614502e+08  5.052145e+03   8144956   1
       782   2.167231e+08  2.614787e+08  5.061470e+03   8155391   1
       783   2.057878e+08  2.614790e+08  5.070727e+03   8165865   1
       784   3.008836e+08  2.615307e+08  5.080007e+03   8176617   1
       785   3.014440e+08  2.615323e+08  5.089312e+03   8187204   1
       786   2.671594e+08  2.615435e+08  5.098644e+03   8197839   1
       787   6.116853e+08  2.615708e+08  5.107932e+03   8207977   1
       788   4.225529e+08  2.615717e+08  5.117333e+03   8218370   1
       789   2.282218e+08  2.615951e+08  5.126924e+03   8228836   1
       790   3.082567e+08  2.616049e+08  5.136439e+03   8239108   1
       791   1.830676e+08  2.616451e+08  5.146079e+03   8249613   1
       792   4.012899e+08  2.616953e+08  5.165988e+03   8259598   1
       793   3.279433e+08  2.616973e+08  5.175213e+03   8269680   1
       794   2.236075e+08  2.617216e+08  5.184599e+03   8279963   1
       795   1.472301e+08  2.617223e+08  5.194066e+03   8290395   1
       796   2.728848e+08  2.617837e+08  5.203534e+03   8300653   1
       797   3.170721e+08  2.617902e+08  5.212859e+03   8311208   1
       798   2.116686e+08  2.618059e+08  5.222325e+03   8321860   1
       799   2.369664e+08  2.619034e+08  5.231727e+03   8332340   1
       800   4.398890e+08  2.619679e+08  5.241099e+03   8342894   1
       801   2.564288e+08  2.619866e+08  5.250603e+03   8353251   1
       802   5.014351e+08  2.619884e+08  5.260048e+03   8363510   1
       803   2.104530e+08  2.621013e+08  5.269563e+03   8374168   1
       804   2.881509e+08  2.621207e+08  5.279142e+03   8384665   1
       805   2.423259e+08  2.621921e+08  5.288793e+03   8395090   1
       806   2.466282e+08  2.622169e+08  5.298449e+03   8405712   1
       807   2.816719e+08  2.622372e+08  5.318794e+03   8416473   1
       808   1.910144e+08  2.622822e+08  5.328259e+03   8427132   1
       809   1.859579e+08  2.622906e+08  5.337660e+03   8437506   1
       810   1.860040e+08  2.623368e+08  5.347096e+03   8447806   1
       811   6.788823e+08  2.623388e+08  5.356512e+03   8458211   1
       812   3.503302e+08  2.623412e+08  5.366101e+03   8468769   1
       813   1.881152e+08  2.623746e+08  5.375681e+03   8479407   1
       814   4.619219e+08  2.624304e+08  5.385162e+03   8489723   1
       815   2.003092e+08  2.624506e+08  5.394706e+03   8500409   1
       816   3.032322e+08  2.625001e+08  5.404237e+03   8510714   1
       817   3.235655e+08  2.625312e+08  5.413946e+03   8521234   1
       818   5.706567e+08  2.625452e+08  5.423533e+03   8531673   1
       819   2.663145e+08  2.625517e+08  5.433278e+03   8542054   1
       820   3.171781e+08  2.626259e+08  5.443050e+03   8552773   1
       821   2.186095e+08  2.626263e+08  5.452721e+03   8563565   1
       822   1.670285e+08  2.626993e+08  5.462461e+03   8574085   1
       823   2.057367e+08  2.627151e+08  5.483241e+03   8584257   1
       824   2.774242e+08  2.627459e+08  5.492796e+03   8594705   1
       825   2.388516e+08  2.627993e+08  5.502345e+03   8605025   1
       826   2.727335e+08  2.628465e+08  5.511911e+03   8615643   1
       827   3.160801e+08  2.628849e+08  5.521674e+03   8626158   1
       828   3.444814e+08  2.628865e+08  5.531366e+03   8636330   1
       829   5.251357e+08  2.628979e+08  5.540995e+03   8646776   1
       830   2.068251e+08  2.629888e+08  5.550839e+03   8657096   1
       831   1.714040e+08  2.630124e+08  5.560656e+03   8667401   1
       832   2.159452e+08  2.630437e+08  5.570377e+03   8677753   1
       833   2.810686e+08  2.631904e+08  5.580054e+03   8688331   1
       834   3.607683e+08  2.631918e+08  5.589844e+03   8698932   1
       835   2.437054e+08  2.632262e+08  5.599736e+03   8709571   1
       836   2.233633e+08  2.632966e+08  5.609570e+03   8719943   1
       837   3.605844e+08  2.632988e+08  5.619521e+03   8730110   1
       838   2.994113e+08  2.634678e+08  5.629450e+03   8740638   1
       839   3.269630e+08  2.634761e+08  5.650590e+03   8750926   1
       840   6.321349e+08  2.635086e+08  5.660353e+03   8761399   1
       841   2.147020e+08  2.635120e+08  5.670222e+03   8771694   1
       842   2.174003e+08  2.636012e+08  5.679864e+03   8782200   1
       843   2.473892e+08  2.636270e+08  5.689682e+03   8792773   1
       844   3.138745e+08  2.636965e+08  5.699450e+03   8803392   1
       845   3.171955e+08  2.637485e+08  5.709326e+03   8813455   1
       846   2.603385e+08  2.638016e+08  5.719318e+03   8823852   1
       847   2.334304e+08  2.638506e+08  5.729057e+03   8834495   1
       848   3.298967e+08  2.638778e+08  5.738912e+03   8844985   1
       849   1.956196e+08  2.640089e+08  5.748812e+03   8855474   1
       850   2.723708e+08  2.640312e+08  5.758731e+03   8865971   1
       851   1.801614e+08  2.640622e+08  5.768857e+03   8876237   1
       852   1.735000e+08  2.641173e+08  5.778964e+03   8886649   1
       853   2.436081e+08  2.641237e+08  5.789095e+03   8897143   1
       854   5.034161e+08  2.641700e+08  5.799191e+03   8907631   1
       855   1.971246e+08  2.642182e+08  5.820514e+03   8918165   1
       856   2.352535e+08  2.642262e+08  5.830300e+03   8929006   1
       857   7.662579e+08  2.642319e+08  5.840132e+03   8939109   1
       858   2.095202e+08  2.642424e+08  5.850004e+03   8949408   1
       859   3.069833e+08  2.642502e+08  5.859867e+03   8959914   1
       860   5.680496e+08  2.642520e+08  5.869641e+03   8970081   1
       861   2.557249e+08  2.642760e+08  5.879597e+03   8980477   1
       862   4.572679e+08  2.642763e+08  5.889585e+03   8990941   1
       863   4.985268e+08  2.642922e+08  5.899547e+03   9001178   1
       864   2.031009e+08  2.643160e+08  5.909525e+03   9011680   1
       865   4.330083e+08  2.643366e+08  5.919407e+03   9021994   1
       866   3.061732e+08  2.643536e+08  5.929495e+03   9032583   1
       867   2.673890e+08  2.643607e+08  5.939545e+03   9043041   1
       868   2.216387e+08  2.644031e+08  5.949780e+03   9053479   1
       869   2.676750e+08  2.644120e+08  5.959996e+03   9063928   1
       870   2.147982e+08  2.644653e+08  5.970320e+03   9074174   1
       871   5.754855e+08  2.644849e+08  5.992164e+03   9084453   1
       872   1.965336e+08  2.645043e+08  6.002103e+03   9095244   1
       873   2.575867e+08  2.645746e+08  6.012110e+03   9105795   1
       874   2.362270e+08  2.646728e+08  6.022107e+03   9116339   1
       875   2.578986e+08  2.646984e+08  6.032131e+03   9126753   1
       876   2.264731e+08  2.647175e+08  6.042137e+03   9137300   1
       877   2.656075e+08  2.648108e+08  6.052151e+03   9147569   1
       878   1.744777e+08  2.648673e+08  6.062396e+03   9158160   1
       879   3.197674e+08  2.649017e+08  6.072493e+03   9168790   1
       880   2.042270e+08  2.649027e+08  6.082699e+03   9179176   1
       881   2.977682e+08  2.649150e+08  6.092822e+03   9189408   1
       882   1.976538e+08  2.649438e+08  6.102940e+03   9199842   1
       883   1.456437e+08  2.649551e+08  6.113113e+03   9210367   1
       884   3.365219e+08  2.649599e+08  6.123417e+03   9220684   1
       885   1.901850e+08  2.651027e+08  6.133691e+03   9230965   1
       886   2.392055e+08  2.651970e+08  6.144011e+03   9241358   1
       887   2.395468e+08  2.652280e+08  6.154434e+03   9251736   1
       888   3.039263e+08  2.652384e+08  6.176277e+03   9262050   1
       889   3.008849e+08  2.652664e+08  6.186561e+03   9272376   1
       890   1.684546e+08  2.652838e+08  6.196809e+03   9282438   1
       891   3.499075e+08  2.652847e+08  6.206997e+03   9292868   1
       892   4.981787e+08  2.653040e+08  6.217161e+03   9303015   1
       893   3.547944e+08  2.653181e+08  6.227426e+03   9313384   1
       894   7.351714e+08  2.653434e+08  6.237650e+03   9323473   1
       895   4.778016e+08  2.653450e+08  6.247881e+03   9333992   1
       896   2.198030e+08  2.653625e+08  6.258260e+03   9344399   1
       897   2.233952e+08  2.653655e+08  6.268515e+03   9355013   1
       898   2.728651e+08  2.653797e+08  6.278778e+03   9365487   1
       899   4.422148e+08  2.654174e+08  6.288970e+03   9375901   1
       900   1.895823e+08  2.654182e+08  6.299361e+03   9386295   1
       901   3.842897e+08  2.655086e+08  6.309830e+03   9396878   1
       902   3.979580e+08  2.655149e+08  6.320402e+03   9407146   1
       903   2.244027e+08  2.655169e+08  6.330996e+03   9417678   1
       904   6.652245e+08  2.655322e+08  6.353221e+03   9427798   1
       905   3.358601e+08  2.655781e+08  6.363520e+03   9438287   1
       906   2.263444e+08  2.656032e+08  6.373860e+03   9448925   1
       907   2.051664e+08  2.656673e+08  6.384042e+03   9459548   1
       908   3.139004e+08  2.656853e+08  6.394340e+03   9469963   1
       909   4.670709e+08  2.657361e+08  6.404592e+03   9480354   1
       910   3.008041e+08  2.657376e+08  6.414904e+03   9490849   1
       911   1.996046e+08  2.657577e+08  6.425411e+03   9501298   1
       912   2.200116e+08  2.657884e+08  6.435831e+03   9511720   1
       913   2.754729e+08  2.658174e+08  6.446168e+03   9522169   1
       914   5.200461e+08  2.658194e+08  6.456593e+03   9532479   1
       915   4.140316e+08  2.658254e+08  6.467068e+03   9542873   1
       916   1.863453e+08  2.658334e+08  6.477571e+03   9552838   1
       917   1.960323e+08  2.658393e+08  6.488178e+03   9563502   1
       918   1.879556e+08  2.658582e+08  6.498716e+03   9573910   1
       919   4.942936e+08  2.658606e+08  6.509282e+03   9584243   1
       920   2.395280e+08  2.659493e+08  6.519883e+03   9595048   1
       921   1.814768e+08  2.659515e+08  6.542568e+03   9605200   1
       922   3.350214e+08  2.659690e+08  6.553027e+03   9615629   1
       923   8.601944e+08  2.660671e+08  6.563419e+03   9625853   1
       924   2.668455e+08  2.660804e+08  6.573786e+03   9636258   1
       925   2.408944e+08  2.661012e+08  6.584316e+03   9646381   1
       926   2.948937e+08  2.661503e+08  6.594893e+03   9656889   1
       927   4.993463e+08  2.661643e+08  6.605414e+03   9667290   1
       928   2.287948e+08  2.662398e+08  6.615970e+03   9677888   1
       929   2.592889e+08  2.662865e+08  6.626608e+03   9688211   1
       930   3.852926e+08  2.663617e+08  6.637089e+03   9698770   1
       931   2.281555e+08  2.664493e+08  6.647579e+03   9709549   1
       932   3.415027e+08  2.664499e+08  6.658263e+03   9719882   1
       933   4.084935e+08  2.664820e+08  6.668755e+03   9730134   1
       934   2.894489e+08  2.664999e+08  6.679433e+03   9740645   1
       935   4.599234e+08  2.665014e+08  6.690098e+03   9751109   1
       936   3.743442e+08  2.665370e+08  6.700766e+03   9761756   1
       937   3.327120e+08  2.665375e+08  6.711764e+03   9772243   1
       938   6.134311e+08  2.665384e+08  6.734857e+03   9782533   1
       939   3.395399e+08  2.666117e+08  6.745474e+03   9793216   1
       940   3.703340e+08  2.666843e+08  6.755876e+03   9803906   1
       941   3.243570e+08  2.667533e+08  6.766423e+03   9814358   1
       942   4.008638e+08  2.667901e+08  6.777047e+03   9824846   1
       943   4.656129e+08  2.668076e+08  6.787700e+03   9835337   1
       944   4.687893e+08  2.668704e+08  6.798227e+03   9845801   1
       945   6.676426e+08  2.668917e+08  6.808838e+03   9856277   1
       946   1.973534e+08  2.669069e+08  6.819584e+03   9866634   1
       947   1.984491e+08  2.669295e+08  6.830378e+03   9876772   1
       948   2.279996e+08  2.669310e+08  6.841189e+03   9887450   1
       949   1.878786e+08  2.669465e+08  6.851895e+03   9898056   1
       950   4.623673e+08  2.669568e+08  6.862668e+03   9908549   1
       951   1.988497e+08  2.670063e+08  6.873567e+03   9919010   1
       952   3.714668e+08  2.670070e+08  6.884515e+03   9929295   1
       953   5.516824e+08  2.670416e+08  6.895319e+03   9939585   1
       954   2.333332e+08  2.670466e+08  6.906377e+03   9950082   1
       955   1.976363e+08  2.670518e+08  6.929741e+03   9960475   1
       956   2.294774e+08  2.670957e+08  6.940429e+03   9970983   1
       957   3.410784e+08  2.670967e+08  6.951175e+03   9981652   1
       958   2.175540e+08  2.671106e+08  6.961995e+03   9992171   1
       959   2.551658e+08  2.671708e+08  6.972886e+03  10002293   1
       960   4.553602e+08  2.671715e+08  6.983649e+03  10012633   1
       961   2.212808e+08  2.672378e+08  6.994501e+03  10023086   1
       962   2.878295e+08  2.673053e+08  7.005296e+03  10033520   1
       963   1.686867e+08  2.673098e+08  7.016149e+03  10044214   1
       964   1.808947e+08  2.673976e+08  7.026963e+03  10054604   1
       965   3.929872e+08  2.674436e+08  7.037895e+03  10064730   1
       966   2.742571e+08  2.674577e+08  7.048760e+03  10075189   1
       967   2.955669e+08  2.675153e+08  7.059572e+03  10085686   1
       968   2.088725e+08  2.675157e+08  7.070579e+03  10096091   1
       969   1.827963e+08  2.675826e+08  7.081595e+03  10106608   1
       970   2.691879e+08  2.675868e+08  7.092694e+03  10117372   1
       971   2.167686e+08  2.676197e+08  7.103828e+03  10127863   1
       972   2.478343e+08  2.676519e+08  7.127632e+03  10138552   1
       973   2.058641e+08  2.676763e+08  7.138370e+03  10149258   1
       974   2.051156e+08  2.677978e+08  7.149160e+03  10159682   1
       975   8.249872e+08  2.677991e+08  7.160034e+03  10169966   1
       976   2.667999e+08  2.678403e+08  7.170826e+03  10180335   1
       977   8.541687e+08  2.678490e+08  7.181541e+03  10190669   1
       978   1.745594e+08  2.679213e+08  7.192596e+03  10201143   1
       979   1.916808e+08  2.679227e+08  7.203496e+03  10211613   1
-------------------------------------------------------------------
status         : time_limit
total time (s) : 7.203496e+03
total solves   : 10211613
best bound     :  2.679227e+08
simulation ci  :  3.303231e+08  1.023184e+07
numeric issues : 0
-------------------------------------------------------------------

 
                                        Time                    Allocations      
                                  
       Tot / % measured:            2.00h /  99.9%            865GiB /  99.9%    

 Section               ncalls     time    %tot     avg     alloc    %tot      avg
 
 backward_pass            979    1.99h   99.5%   7.32s    856GiB   99.1%   896MiB
   solve_subproblem     10.1M    2586s   35.9%   256s    512GiB   59.3%  53.2KiB
     get_dual_solution  10.1M    44.3s    0.6%  4.39s   14.4GiB    1.7%  1.50KiB
   prepare_backward...  1.96k    1.35s    0.0%   689s    312MiB    0.0%   163KiB
 forward_pass             979    30.4s    0.4%  31.1ms   6.79GiB    0.8%  7.10MiB
   solve_subproblem      117k    27.7s    0.4%   236s   5.92GiB    0.7%  52.8KiB
     get_dual_solution   117k    118ms    0.0%  1.01s   62.7MiB    0.0%     560B
   sample_scenario        979    282ms    0.0%   288s   9.52MiB    0.0%  10.0KiB
 calculate_bound          979    2.30s    0.0%  2.35ms    839MiB    0.1%   877KiB
   get_dual_solution      979   1.36ms    0.0%  1.39s    535KiB    0.0%     560B
 


||||||||||||||||||||||||||||||||||||||||||||||||||||||||||||||||||||||||||||||||||||||||||||||||||||||||||||||||||||||||||||||||||||||||
SIMULATION RESULTS
LogLinearSDDP.NoSimulation()
markov
Lower bound: 2.6792273623405856e8
Statistical upper bound (confidence interval): 3.2648281417670375e8  6.119716984149979e6
Pessimistic upper bound: 3.3260253116085374e8

||||||||||||||||||||||||||||||||||||||||||||||||||||||||||||||||||||||||||||||||||||||||||||||||||||||||||||||||||||||||||||||||||||||||
SIMULATION RESULTS
LogLinearSDDP.NoSimulation()
markov
Lower bound: 2.6792273623405856e8
Statistical upper bound (confidence interval): 2.0798810987626386e8  4.828324393613766e6
Pessimistic upper bound: 2.128164342698776e8

||||||||||||||||||||||||||||||||||||||||||||||||||||||||||||||||||||||||||||||||||||||||||||||||||||||||||||||||||||||||||||||||||||||||
SIMULATION RESULTS
LogLinearSDDP.NoSimulation()
custom_model
Lower bound: 2.6792273623405856e8
Statistical upper bound (confidence interval): 3.9683939282726735e8  8.093834834287823e6
Pessimistic upper bound: 4.049332276615552e8

||||||||||||||||||||||||||||||||||||||||||||||||||||||||||||||||||||||||||||||||||||||||||||||||||||||||||||||||||||||||||||||||||||||||
SIMULATION RESULTS
LogLinearSDDP.NoSimulation()
custom_model
Lower bound: 2.6792273623405856e8
Statistical upper bound (confidence interval): 2.5031649958239058e8  6.196271919620223e6
Pessimistic upper bound: 2.565127715020108e8

||||||||||||||||||||||||||||||||||||||||||||||||||||||||||||||||||||||||||||||||||||||||||||||||||||||||||||||||||||||||||||||||||||||||
SIMULATION RESULTS
LogLinearSDDP.NoSimulation()
fitted_model
Lower bound: 2.6792273623405856e8
Statistical upper bound (confidence interval): 2.879381722946592e8  4.904656680263138e6
Pessimistic upper bound: 2.9284282897492236e8

||||||||||||||||||||||||||||||||||||||||||||||||||||||||||||||||||||||||||||||||||||||||||||||||||||||||||||||||||||||||||||||||||||||||
SIMULATION RESULTS
LogLinearSDDP.NoSimulation()
fitted_model
Lower bound: 2.6792273623405856e8
Statistical upper bound (confidence interval): 1.9017824586656716e8  3.8312167538210093e6
Pessimistic upper bound: 1.9400946262038818e8

||||||||||||||||||||||||||||||||||||||||||||||||||||||||||||||||||||||||||||||||||||||||||||||||||||||||||||||||||||||||||||||||||||||||
SIMULATION RESULTS
LogLinearSDDP.NoSimulation()
shapiro_model
Lower bound: 2.6792273623405856e8
Statistical upper bound (confidence interval): 2.9573656409420604e8  5.560408631992725e6
Pessimistic upper bound: 3.0129697272619873e8

||||||||||||||||||||||||||||||||||||||||||||||||||||||||||||||||||||||||||||||||||||||||||||||||||||||||||||||||||||||||||||||||||||||||
SIMULATION RESULTS
LogLinearSDDP.NoSimulation()
shapiro_model
Lower bound: 2.6792273623405856e8
Statistical upper bound (confidence interval): 1.9358937197651798e8  4.269485880051236e6
Pessimistic upper bound: 1.978588578565692e8

||||||||||||||||||||||||||||||||||||||||||||||||||||||||||||||||||||||||||||||||||||||||||||||||||||||||||||||||||||||||||||||||||||||||
SIMULATION RESULTS
LogLinearSDDP.NoSimulation()
markov
Lower bound: 2.6774253665276167e8
Statistical upper bound (confidence interval): 4.774925949163995e8  7.993713417327257e7
Pessimistic upper bound: 5.574297290896721e8

||||||||||||||||||||||||||||||||||||||||||||||||||||||||||||||||||||||||||||||||||||||||||||||||||||||||||||||||||||||||||||||||||||||||
SIMULATION RESULTS
LogLinearSDDP.NoSimulation()
markov
Lower bound: 2.6774253665276167e8
Statistical upper bound (confidence interval): 3.120739175741339e8  6.452527859567419e7
Pessimistic upper bound: 3.7659919616980803e8
