||||||||||||||||||||||||||||||||||||||||||||||||||||||||||||||||||||||||||||||||||||||||||||||||||||||||||||||||||||||||||||||||||||||||
PATH
calling 
C:\Users\cg4102\Documents\New LogLinearSDDP\LogLinearSDDP.jl\Examples\Hydrothermal
C:\Users\cg4102\Documents\New LogLinearSDDP\LogLinearSDDP.jl\Examples\Hydrothermal\run_model_markov.jl
DATETIME
2025-04-29T02:23:59.889
RUN DESCRIPTION
LogLinearSDDP.AlgoParams(SDDP.AbstractStoppingRule[SDDP.TimeLimit(7200.0)], LogLinearSDDP.NoSimulation(), false, 2, 1, "C:/Users/cg4102/Documents/julia_logs/Cut-sharing Re-Run (2h)/Run_MC-SDDP_fitted_model_33333/MC-SDDP.log", false, false, false, 33333, "MC-SDDP: 100 nodes, fitted_model", :fitted_model)
-------------------------------------------------------------------
         SDDP.jl (c) Oscar Dowson and contributors, 2017-23
-------------------------------------------------------------------
problem
  nodes           : 11901
  state variables : 4
  scenarios       : 6.68857e+229
  existing cuts   : false
options
  solver          : serial mode
  risk measure    : SDDP.Expectation()
  sampling scheme : SDDP.Historical{String, Dict{String, Float64}}
subproblem structure
  VariableRef                                  : [142, 142]
  JuMP.AffExpr in MOI.EqualTo{Float64}         : [13, 13]
  JuMP.VariableRef in MOI.GreaterThan{Float64} : [138, 138]
  JuMP.VariableRef in MOI.LessThan{Float64}    : [129, 130]
-------------------------------------------------------------------
 iteration    simulation      bound        time (s)     solves  pid
-------------------------------------------------------------------
         1   1.486783e+09  7.288464e+05  6.160000e+00     10317   1
         2   1.190409e+09  8.503253e+05  9.734000e+00     20876   1
         3   1.246953e+09  9.283176e+05  1.312200e+01     31200   1
         4   5.853888e+08  2.271701e+06  1.630200e+01     41546   1
         5   6.090779e+08  3.440759e+06  1.945100e+01     52029   1
         6   5.809414e+08  3.633862e+06  2.271900e+01     62542   1
         7   6.107302e+08  3.735257e+06  2.625400e+01     72928   1
         8   1.076778e+09  4.005593e+06  2.920200e+01     83235   1
         9   3.299299e+08  2.659827e+07  3.515300e+01     93806   1
        10   4.734536e+08  3.525169e+07  3.838700e+01    104582   1
        11   3.857818e+08  3.662553e+07  4.144700e+01    115287   1
        12   5.438164e+08  4.393459e+07  4.444000e+01    125867   1
        13   3.638391e+08  4.946060e+07  4.748800e+01    136256   1
        14   6.275708e+08  5.595686e+07  5.062700e+01    146915   1
        15   3.811888e+08  5.618686e+07  5.358800e+01    157352   1
        16   2.566559e+08  5.839298e+07  5.651000e+01    167677   1
        17   3.324981e+08  5.927322e+07  5.978500e+01    178269   1
        18   2.882983e+08  6.116173e+07  6.281300e+01    188768   1
        19   3.604117e+08  6.150041e+07  6.580700e+01    199174   1
        20   2.189619e+08  6.298076e+07  6.886600e+01    209839   1
        21   4.313938e+08  6.432081e+07  7.177300e+01    220174   1
        22   2.964707e+08  6.432298e+07  7.456000e+01    230224   1
        23   2.776707e+08  6.495091e+07  7.766000e+01    240943   1
        24   6.257145e+08  7.212997e+07  8.061700e+01    251363   1
        25   2.444018e+08  7.418628e+07  8.355300e+01    261557   1
        26   2.593073e+08  7.510535e+07  8.659900e+01    272132   1
        27   2.528105e+08  7.664815e+07  8.966000e+01    282511   1
        28   4.736493e+08  7.730585e+07  9.280000e+01    292919   1
        29   1.799023e+08  7.740928e+07  9.580300e+01    303002   1
        30   2.911194e+08  7.742377e+07  9.903200e+01    313534   1
        31   3.434768e+08  7.757106e+07  1.021220e+02    323846   1
        32   2.410245e+08  7.786437e+07  1.051400e+02    334131   1
        33   3.125455e+08  7.880352e+07  1.082460e+02    344664   1
        34   2.835831e+08  8.621632e+07  1.115530e+02    355359   1
        35   5.761242e+08  8.732800e+07  1.148670e+02    365762   1
        36   2.773188e+08  9.234550e+07  1.181640e+02    376357   1
        37   2.460182e+08  9.452789e+07  1.213640e+02    386977   1
        38   4.294715e+08  9.798644e+07  1.245640e+02    397351   1
        39   2.456052e+08  9.964853e+07  1.276390e+02    407467   1
        40   2.123979e+08  1.041423e+08  1.336790e+02    417772   1
        41   1.990533e+08  1.042292e+08  1.367480e+02    428315   1
        42   2.944039e+08  1.045779e+08  1.398640e+02    438459   1
        43   2.032098e+08  1.053294e+08  1.430280e+02    448760   1
        44   3.425724e+08  1.054372e+08  1.460410e+02    459122   1
        45   2.263530e+08  1.055644e+08  1.489930e+02    469492   1
        46   2.349746e+08  1.084594e+08  1.519560e+02    479540   1
        47   1.807240e+08  1.086324e+08  1.550350e+02    489879   1
        48   4.422676e+08  1.121820e+08  1.580990e+02    500180   1
        49   2.402466e+08  1.124810e+08  1.612050e+02    510449   1
        50   3.315775e+08  1.196325e+08  1.643700e+02    520970   1
        51   2.296600e+08  1.201306e+08  1.674600e+02    531295   1
        52   2.827800e+08  1.208600e+08  1.705600e+02    541679   1
        53   2.685777e+08  1.243662e+08  1.736640e+02    552124   1
        54   1.476253e+08  1.256108e+08  1.767400e+02    562330   1
        55   4.894640e+08  1.273015e+08  1.798190e+02    572746   1
        56   2.781797e+08  1.280540e+08  1.830180e+02    583302   1
        57   2.424274e+08  1.296968e+08  1.863180e+02    593865   1
        58   3.547241e+08  1.297807e+08  1.894870e+02    604387   1
        59   5.067031e+08  1.298309e+08  1.926720e+02    614601   1
        60   2.307356e+08  1.298310e+08  1.959850e+02    625374   1
        61   3.635541e+08  1.300070e+08  1.991740e+02    635705   1
        62   2.114646e+08  1.311844e+08  2.024990e+02    646269   1
        63   1.972907e+08  1.320545e+08  2.058520e+02    656638   1
        64   2.283613e+08  1.321982e+08  2.091420e+02    667090   1
        65   2.413271e+08  1.335998e+08  2.123000e+02    677065   1
        66   3.224023e+08  1.344210e+08  2.155850e+02    687278   1
        67   3.900199e+08  1.344272e+08  2.188300e+02    697814   1
        68   3.595083e+08  1.345035e+08  2.220500e+02    708130   1
        69   2.211033e+08  1.349922e+08  2.254360e+02    718615   1
        70   2.744250e+08  1.353965e+08  2.316820e+02    729114   1
        71   1.960637e+08  1.355933e+08  2.349000e+02    739400   1
        72   4.946656e+08  1.367047e+08  2.381190e+02    749495   1
        73   2.117822e+08  1.367053e+08  2.414180e+02    760067   1
        74   1.854024e+08  1.368845e+08  2.445840e+02    770066   1
        75   7.227631e+08  1.371022e+08  2.476710e+02    780057   1
        76   2.732161e+08  1.377030e+08  2.509320e+02    790395   1
        77   3.352965e+08  1.377757e+08  2.541910e+02    800633   1
        78   2.869720e+08  1.390420e+08  2.575560e+02    811360   1
        79   6.553520e+08  1.401509e+08  2.607610e+02    821545   1
        80   3.404404e+08  1.423679e+08  2.641380e+02    832290   1
        81   2.070854e+08  1.427717e+08  2.673950e+02    842619   1
        82   2.293295e+08  1.445601e+08  2.707620e+02    853059   1
        83   2.198627e+08  1.452510e+08  2.739030e+02    862780   1
        84   2.369029e+08  1.452897e+08  2.771540e+02    872898   1
        85   4.476874e+08  1.456130e+08  2.803610e+02    883062   1
        86   4.925945e+08  1.456322e+08  2.836740e+02    893280   1
        87   2.134816e+08  1.459407e+08  2.870090e+02    903602   1
        88   4.143817e+08  1.459617e+08  2.904380e+02    914021   1
        89   2.735393e+08  1.459916e+08  2.938500e+02    924232   1
        90   6.639340e+08  1.460598e+08  2.972660e+02    934596   1
        91   1.673367e+08  1.486518e+08  3.007530e+02    945169   1
        92   5.092672e+08  1.486856e+08  3.041560e+02    955457   1
        93   4.368242e+08  1.487174e+08  3.075820e+02    965819   1
        94   1.910747e+08  1.502267e+08  3.110860e+02    976415   1
        95   2.927575e+08  1.502328e+08  3.145590e+02    986798   1
        96   2.054859e+08  1.514211e+08  3.180390e+02    997266   1
        97   1.969276e+08  1.514241e+08  3.216020e+02   1007580   1
        98   2.133974e+08  1.517100e+08  3.251490e+02   1017764   1
        99   3.710211e+08  1.525326e+08  3.287000e+02   1028338   1
       100   2.365212e+08  1.527763e+08  3.348390e+02   1038474   1
       101   4.420182e+08  1.532235e+08  3.382630e+02   1048797   1
       102   2.158008e+08  1.532266e+08  3.416050e+02   1058757   1
       103   2.624530e+08  1.565862e+08  3.449730e+02   1068741   1
       104   3.124947e+08  1.565908e+08  3.484460e+02   1079286   1
       105   1.921174e+08  1.567473e+08  3.518990e+02   1089487   1
       106   8.134910e+08  1.571113e+08  3.553920e+02   1100089   1
       107   2.694381e+08  1.571407e+08  3.589670e+02   1110663   1
       108   2.315737e+08  1.582275e+08  3.624960e+02   1121130   1
       109   2.187857e+08  1.585996e+08  3.661790e+02   1131812   1
       110   1.585572e+08  1.586033e+08  3.697370e+02   1142231   1
       111   1.987283e+08  1.590252e+08  3.732650e+02   1152524   1
       112   2.115349e+08  1.590694e+08  3.768280e+02   1162543   1
       113   5.929416e+08  1.595682e+08  3.803220e+02   1172875   1
       114   1.637625e+08  1.596840e+08  3.837850e+02   1182603   1
       115   3.049983e+08  1.596936e+08  3.873140e+02   1192689   1
       116   2.633033e+08  1.598866e+08  3.909140e+02   1203071   1
       117   3.123593e+08  1.617522e+08  3.945650e+02   1213568   1
       118   3.803552e+08  1.629036e+08  3.982300e+02   1224035   1
       119   1.913622e+08  1.631933e+08  4.019270e+02   1234552   1
       120   2.417936e+08  1.646537e+08  4.057620e+02   1244981   1
       121   2.058672e+08  1.647238e+08  4.094360e+02   1255147   1
       122   4.193107e+08  1.654072e+08  4.130940e+02   1265296   1
       123   1.833613e+08  1.667252e+08  4.167610e+02   1275443   1
       124   4.230137e+08  1.681887e+08  4.205470e+02   1286187   1
       125   2.014654e+08  1.682099e+08  4.243370e+02   1296651   1
       126   1.671725e+08  1.689116e+08  4.280210e+02   1306675   1
       127   2.001578e+08  1.692227e+08  4.316990e+02   1316746   1
       128   2.554139e+08  1.699750e+08  4.386400e+02   1327226   1
       129   2.862400e+08  1.699810e+08  4.422540e+02   1337266   1
       130   2.159773e+08  1.705694e+08  4.459060e+02   1347644   1
       131   2.110115e+08  1.707147e+08  4.494870e+02   1357813   1
       132   5.664058e+08  1.718252e+08  4.530800e+02   1367665   1
       133   2.871961e+08  1.721636e+08  4.568000e+02   1378079   1
       134   2.167360e+08  1.725727e+08  4.605120e+02   1388317   1
       135   1.817366e+08  1.733463e+08  4.642200e+02   1398637   1
       136   2.495811e+08  1.734018e+08  4.679930e+02   1408991   1
       137   1.800229e+08  1.734862e+08  4.717490e+02   1419255   1
       138   1.912529e+08  1.745795e+08  4.755270e+02   1429544   1
       139   2.280984e+08  1.758439e+08  4.793480e+02   1439924   1
       140   2.999597e+08  1.764346e+08  4.830240e+02   1450202   1
       141   5.546799e+08  1.769329e+08  4.867330e+02   1460380   1
       142   2.165638e+08  1.770468e+08  4.905190e+02   1470789   1
       143   3.212020e+08  1.775919e+08  4.943050e+02   1481080   1
       144   2.447813e+08  1.779786e+08  4.981290e+02   1491551   1
       145   1.654139e+08  1.779822e+08  5.018320e+02   1501406   1
       146   3.383874e+08  1.780220e+08  5.057180e+02   1512023   1
       147   1.572582e+08  1.794149e+08  5.096350e+02   1522454   1
       148   4.622153e+08  1.798582e+08  5.135170e+02   1532664   1
       149   3.216479e+08  1.800186e+08  5.173520e+02   1542689   1
       150   2.683939e+08  1.804322e+08  5.213700e+02   1553248   1
       151   1.863538e+08  1.804323e+08  5.251850e+02   1562975   1
       152   4.098887e+08  1.807180e+08  5.291160e+02   1573299   1
       153   1.581532e+08  1.810380e+08  5.331560e+02   1584000   1
       154   2.314001e+08  1.811316e+08  5.371410e+02   1594236   1
       155   1.434987e+08  1.811545e+08  5.410320e+02   1603821   1
       156   1.799300e+08  1.813942e+08  5.449950e+02   1614057   1
       157   2.166862e+08  1.818880e+08  5.489690e+02   1624429   1
       158   1.693219e+08  1.820557e+08  5.668800e+02   1634780   1
       159   1.742494e+08  1.822439e+08  5.709540e+02   1645270   1
       160   2.273346e+08  1.824268e+08  5.749160e+02   1655640   1
       161   1.647373e+08  1.827535e+08  5.788520e+02   1665698   1
       162   5.733689e+08  1.833661e+08  5.828580e+02   1676110   1
       163   2.473930e+08  1.833878e+08  5.868360e+02   1686481   1
       164   4.247528e+08  1.833878e+08  5.907550e+02   1697107   1
       165   2.482819e+08  1.837465e+08  5.946640e+02   1707213   1
       166   3.295180e+08  1.844795e+08  5.986240e+02   1717508   1
       167   3.018192e+08  1.849367e+08  6.025180e+02   1727486   1
       168   4.583792e+08  1.849585e+08  6.065670e+02   1738248   1
       169   1.761189e+08  1.859806e+08  6.106110e+02   1748580   1
       170   3.312570e+08  1.864229e+08  6.145950e+02   1758833   1
       171   1.485778e+08  1.864988e+08  6.185790e+02   1768910   1
       172   2.424543e+08  1.866545e+08  6.226590e+02   1779531   1
       173   1.738798e+08  1.866846e+08  6.267960e+02   1789972   1
       174   1.941589e+08  1.874746e+08  6.309240e+02   1800210   1
       175   2.441076e+08  1.888757e+08  6.352710e+02   1810778   1
       176   1.904732e+08  1.891955e+08  6.395770e+02   1821085   1
       177   2.630615e+08  1.906288e+08  6.439440e+02   1831521   1
       178   3.292993e+08  1.910027e+08  6.483380e+02   1842201   1
       179   1.242249e+08  1.913278e+08  6.528210e+02   1852356   1
       180   2.639623e+08  1.920151e+08  6.572050e+02   1862874   1
       181   1.661824e+08  1.920308e+08  6.664230e+02   1873000   1
       182   2.792260e+08  1.921319e+08  6.705150e+02   1883505   1
       183   1.982775e+08  1.921384e+08  6.745450e+02   1893636   1
       184   1.912368e+08  1.922191e+08  6.787850e+02   1904322   1
       185   2.055624e+08  1.927110e+08  6.830200e+02   1914689   1
       186   1.965433e+08  1.933014e+08  6.871820e+02   1925206   1
       187   2.230634e+08  1.933647e+08  6.913600e+02   1935457   1
       188   1.856595e+08  1.934442e+08  6.956750e+02   1945919   1
       189   4.778501e+08  1.934976e+08  6.998720e+02   1956287   1
       190   2.882508e+08  1.935979e+08  7.041670e+02   1966504   1
       191   2.333385e+08  1.936347e+08  7.085450e+02   1976927   1
       192   1.995313e+08  1.936806e+08  7.130080e+02   1987392   1
       193   2.840445e+08  1.936886e+08  7.173970e+02   1997950   1
       194   1.827581e+08  1.938127e+08  7.218220e+02   2008204   1
       195   1.986011e+08  1.942964e+08  7.261990e+02   2018467   1
       196   1.848563e+08  1.944099e+08  7.307670e+02   2028959   1
       197   3.396463e+08  1.944099e+08  7.353340e+02   2038999   1
       198   1.622992e+08  1.949426e+08  7.443380e+02   2049309   1
       199   1.840927e+08  1.949685e+08  7.485680e+02   2059679   1
       200   2.487894e+08  1.949784e+08  7.527800e+02   2069918   1
       201   2.368950e+08  1.950554e+08  7.570820e+02   2080248   1
       202   1.835211e+08  1.950701e+08  7.613020e+02   2090478   1
       203   3.010502e+08  1.956718e+08  7.656620e+02   2101018   1
       204   2.531515e+08  1.958634e+08  7.699980e+02   2111598   1
       205   1.800100e+08  1.958717e+08  7.742860e+02   2121699   1
       206   1.784937e+08  1.963697e+08  7.787670e+02   2131953   1
       207   1.571402e+08  1.964124e+08  7.831450e+02   2141949   1
       208   3.697454e+08  1.969941e+08  7.876060e+02   2152469   1
       209   3.359423e+08  1.971358e+08  7.920410e+02   2162396   1
       210   3.734217e+08  1.972956e+08  7.965110e+02   2172601   1
       211   1.669066e+08  1.975455e+08  8.010760e+02   2182845   1
       212   1.773092e+08  1.976692e+08  8.056500e+02   2193206   1
       213   4.652171e+08  1.977711e+08  8.144960e+02   2203619   1
       214   4.768965e+08  1.979718e+08  8.188470e+02   2213881   1
       215   1.682615e+08  1.979741e+08  8.231860e+02   2224005   1
       216   2.442613e+08  1.981318e+08  8.275980e+02   2234270   1
       217   2.419414e+08  1.981511e+08  8.320590e+02   2244774   1
       218   1.944867e+08  1.982967e+08  8.364930e+02   2255181   1
       219   7.024816e+08  1.983197e+08  8.408910e+02   2265682   1
       220   2.924942e+08  1.986986e+08  8.453560e+02   2275928   1
       221   2.038150e+08  1.992955e+08  8.500300e+02   2286434   1
       222   2.165186e+08  1.995700e+08  8.545620e+02   2296701   1
       223   2.526962e+08  2.001433e+08  8.592090e+02   2306860   1
       224   2.047005e+08  2.002020e+08  8.638440e+02   2317062   1
       225   4.638973e+08  2.002050e+08  8.727980e+02   2326865   1
       226   2.685840e+08  2.002605e+08  8.773100e+02   2337285   1
       227   1.928146e+08  2.006618e+08  8.818030e+02   2347889   1
       228   3.114468e+08  2.009942e+08  8.862390e+02   2358286   1
       229   6.323510e+08  2.010348e+08  8.907080e+02   2368364   1
       230   1.920142e+08  2.022270e+08  8.953050e+02   2378945   1
       231   2.238409e+08  2.022359e+08  8.998580e+02   2389181   1
       232   2.295893e+08  2.022803e+08  9.044810e+02   2399568   1
       233   2.039007e+08  2.023653e+08  9.090960e+02   2409745   1
       234   2.160319e+08  2.025449e+08  9.137880e+02   2420161   1
       235   3.163430e+08  2.025597e+08  9.184060e+02   2430238   1
       236   1.812822e+08  2.029330e+08  9.231570e+02   2440717   1
       237   4.508906e+08  2.030883e+08  9.323090e+02   2451010   1
       238   2.639479e+08  2.030899e+08  9.369930e+02   2461664   1
       239   3.729625e+08  2.030932e+08  9.415760e+02   2471906   1
       240   2.043734e+08  2.031391e+08  9.462600e+02   2482143   1
       241   2.007726e+08  2.034634e+08  9.509750e+02   2492616   1
       242   2.515768e+08  2.034718e+08  9.556200e+02   2502745   1
       243   1.915271e+08  2.034841e+08  9.602600e+02   2512526   1
       244   4.358255e+08  2.035333e+08  9.649590e+02   2523103   1
       245   4.525218e+08  2.037271e+08  9.697810e+02   2533698   1
       246   2.277317e+08  2.037703e+08  9.746110e+02   2544041   1
       247   1.458555e+08  2.038113e+08  9.793990e+02   2554165   1
       248   3.981291e+08  2.038267e+08  9.886140e+02   2564363   1
       249   1.868097e+08  2.043220e+08  9.933250e+02   2574858   1
       250   1.912848e+08  2.049707e+08  9.981530e+02   2585396   1
       251   3.307571e+08  2.049835e+08  1.002874e+03   2595618   1
       252   4.542842e+08  2.050268e+08  1.007636e+03   2605981   1
       253   3.285340e+08  2.052604e+08  1.012402e+03   2616528   1
       254   1.738394e+08  2.052634e+08  1.017196e+03   2627128   1
       255   2.119565e+08  2.055499e+08  1.022065e+03   2637178   1
       256   1.634559e+08  2.058846e+08  1.027006e+03   2647587   1
       257   2.478706e+08  2.059253e+08  1.031943e+03   2657939   1
       258   2.503472e+08  2.060198e+08  1.041485e+03   2668469   1
       259   1.495910e+08  2.060498e+08  1.046215e+03   2678458   1
       260   2.577060e+08  2.063021e+08  1.051031e+03   2689028   1
       261   2.760255e+08  2.063233e+08  1.055845e+03   2699056   1
       262   1.666946e+08  2.063652e+08  1.060710e+03   2709560   1
       263   6.175627e+08  2.063652e+08  1.065529e+03   2719965   1
       264   1.704302e+08  2.063877e+08  1.070439e+03   2730509   1
       265   1.387942e+08  2.064867e+08  1.075311e+03   2740609   1
       266   2.445736e+08  2.066416e+08  1.080323e+03   2751308   1
       267   2.341078e+08  2.066505e+08  1.085309e+03   2761755   1
       268   2.247643e+08  2.070041e+08  1.094918e+03   2771941   1
       269   2.299578e+08  2.073525e+08  1.099832e+03   2782251   1
       270   3.339304e+08  2.074891e+08  1.104763e+03   2793038   1
       271   7.750579e+08  2.076013e+08  1.109652e+03   2803448   1
       272   5.031128e+08  2.079577e+08  1.114465e+03   2813414   1
       273   1.919169e+08  2.079842e+08  1.119415e+03   2823316   1
       274   3.012079e+08  2.080691e+08  1.124411e+03   2834010   1
       275   2.794199e+08  2.081606e+08  1.129390e+03   2844424   1
       276   1.768611e+08  2.082603e+08  1.134443e+03   2854961   1
       277   1.938423e+08  2.084720e+08  1.139509e+03   2865344   1
       278   2.836223e+08  2.084743e+08  1.144576e+03   2875749   1
       279   2.039441e+08  2.085493e+08  1.154467e+03   2886400   1
       280   2.926066e+08  2.086858e+08  1.159430e+03   2896685   1
       281   2.047299e+08  2.087239e+08  1.164489e+03   2907292   1
       282   1.593673e+08  2.089133e+08  1.169446e+03   2917349   1
       283   1.749156e+08  2.089143e+08  1.174522e+03   2927397   1
       284   3.219182e+08  2.092312e+08  1.179578e+03   2937895   1
       285   2.255100e+08  2.093029e+08  1.184663e+03   2948156   1
       286   2.994111e+08  2.104111e+08  1.189785e+03   2958618   1
       287   1.996277e+08  2.106659e+08  1.194972e+03   2968906   1
       288   4.168306e+08  2.109199e+08  1.200188e+03   2979274   1
       289   2.398818e+08  2.113738e+08  1.210223e+03   2989242   1
       290   2.555012e+08  2.113824e+08  1.215341e+03   2999516   1
       291   2.093389e+08  2.114529e+08  1.220459e+03   3009824   1
       292   1.598434e+08  2.114896e+08  1.225551e+03   3019864   1
       293   6.184703e+08  2.115088e+08  1.230630e+03   3030027   1
       294   2.931914e+08  2.115159e+08  1.235824e+03   3040376   1
       295   2.593253e+08  2.115174e+08  1.240915e+03   3050117   1
       296   3.854825e+08  2.116483e+08  1.246112e+03   3060647   1
       297   2.572507e+08  2.116574e+08  1.251470e+03   3071195   1
       298   2.025114e+08  2.118233e+08  1.256738e+03   3081484   1
       299   1.802232e+08  2.118274e+08  1.266994e+03   3092077   1
       300   1.774507e+08  2.118549e+08  1.272215e+03   3102307   1
       301   2.753644e+08  2.120115e+08  1.277405e+03   3112642   1
       302   2.297233e+08  2.123581e+08  1.282692e+03   3123115   1
       303   3.355119e+08  2.124021e+08  1.287993e+03   3133477   1
       304   2.621221e+08  2.124221e+08  1.293259e+03   3144008   1
       305   4.659038e+08  2.124289e+08  1.298489e+03   3154251   1
       306   2.151561e+08  2.124309e+08  1.303788e+03   3164712   1
       307   3.187742e+08  2.124349e+08  1.309042e+03   3174844   1
       308   5.655597e+08  2.124356e+08  1.314340e+03   3185352   1
       309   7.162623e+08  2.124678e+08  1.324655e+03   3195373   1
       310   2.578295e+08  2.126571e+08  1.329948e+03   3205938   1
       311   1.787100e+08  2.128980e+08  1.335179e+03   3216040   1
       312   4.380485e+08  2.129012e+08  1.340493e+03   3226517   1
       313   2.960546e+08  2.129153e+08  1.345910e+03   3236639   1
       314   1.689061e+08  2.129337e+08  1.351287e+03   3247017   1
       315   1.930909e+08  2.134847e+08  1.356701e+03   3257528   1
       316   4.061530e+08  2.143949e+08  1.362058e+03   3267734   1
       317   2.529447e+08  2.144346e+08  1.367560e+03   3278380   1
       318   1.873046e+08  2.144486e+08  1.373086e+03   3288471   1
       319   2.729778e+08  2.145853e+08  1.383763e+03   3298861   1
       320   1.758985e+08  2.145896e+08  1.389076e+03   3309002   1
       321   2.365850e+08  2.146297e+08  1.394446e+03   3319581   1
       322   3.107277e+08  2.148227e+08  1.399802e+03   3330167   1
       323   2.633511e+08  2.148476e+08  1.405171e+03   3340585   1
       324   2.881929e+08  2.149031e+08  1.410541e+03   3350871   1
       325   7.103725e+08  2.150311e+08  1.415706e+03   3360467   1
       326   2.915143e+08  2.151176e+08  1.421070e+03   3370929   1
       327   6.151497e+08  2.152798e+08  1.426583e+03   3381218   1
       328   2.159852e+08  2.153002e+08  1.432160e+03   3391855   1
       329   2.387232e+08  2.153066e+08  1.443812e+03   3402447   1
       330   3.554216e+08  2.154845e+08  1.449273e+03   3412841   1
       331   2.314312e+08  2.158677e+08  1.454697e+03   3423132   1
       332   2.050976e+08  2.159355e+08  1.460159e+03   3433478   1
       333   3.388482e+08  2.161887e+08  1.465659e+03   3443658   1
       334   2.758977e+08  2.162310e+08  1.471203e+03   3453964   1
       335   2.249721e+08  2.164635e+08  1.476695e+03   3464282   1
       336   1.646544e+08  2.167351e+08  1.482125e+03   3474622   1
       337   4.166332e+08  2.167389e+08  1.487600e+03   3484943   1
       338   2.583184e+08  2.167914e+08  1.493216e+03   3495108   1
       339   3.269865e+08  2.170803e+08  1.498907e+03   3505690   1
       340   1.832808e+08  2.170803e+08  1.510036e+03   3516278   1
       341   2.554515e+08  2.170895e+08  1.515625e+03   3526938   1
       342   4.187839e+08  2.170984e+08  1.521100e+03   3537047   1
       343   2.419540e+08  2.171002e+08  1.526654e+03   3547386   1
       344   1.403242e+08  2.171031e+08  1.532325e+03   3557073   1
       345   1.799562e+08  2.171041e+08  1.537927e+03   3566942   1
       346   3.372472e+08  2.175841e+08  1.543536e+03   3577489   1
       347   2.459055e+08  2.175996e+08  1.549070e+03   3587838   1
       348   4.156602e+08  2.177780e+08  1.554706e+03   3598133   1
       349   2.458183e+08  2.178271e+08  1.560417e+03   3608283   1
       350   1.638382e+08  2.179315e+08  1.571824e+03   3618518   1
       351   1.523550e+08  2.179338e+08  1.577515e+03   3628778   1
       352   2.250531e+08  2.179910e+08  1.583114e+03   3639054   1
       353   3.178809e+08  2.179912e+08  1.588629e+03   3649494   1
       354   2.447991e+08  2.180167e+08  1.594259e+03   3659733   1
       355   1.999334e+08  2.181434e+08  1.600028e+03   3670391   1
       356   2.239593e+08  2.181443e+08  1.605711e+03   3680819   1
       357   2.507605e+08  2.181699e+08  1.611370e+03   3690738   1
       358   2.663483e+08  2.181704e+08  1.617030e+03   3701033   1
       359   2.390007e+08  2.181942e+08  1.622813e+03   3711649   1
       360   3.010145e+08  2.182637e+08  1.628633e+03   3722054   1
       361   2.080778e+08  2.182700e+08  1.640169e+03   3732216   1
       362   2.858361e+08  2.183403e+08  1.645920e+03   3742678   1
       363   3.169356e+08  2.183706e+08  1.651665e+03   3753282   1
       364   1.710994e+08  2.183730e+08  1.657483e+03   3763770   1
       365   3.330632e+08  2.183853e+08  1.663280e+03   3773916   1
       366   1.755031e+08  2.183854e+08  1.669185e+03   3784397   1
       367   2.909199e+08  2.183862e+08  1.675035e+03   3794933   1
       368   2.198724e+08  2.185331e+08  1.680853e+03   3805147   1
       369   2.262525e+08  2.185334e+08  1.686809e+03   3815707   1
       370   2.277481e+08  2.189087e+08  1.692733e+03   3826142   1
       371   2.792384e+08  2.189097e+08  1.698612e+03   3836782   1
       372   2.269575e+08  2.190508e+08  1.710307e+03   3846839   1
       373   2.153961e+08  2.190617e+08  1.716084e+03   3856979   1
       374   3.074331e+08  2.192031e+08  1.721714e+03   3867031   1
       375   2.427410e+08  2.197975e+08  1.727561e+03   3877666   1
       376   3.597124e+08  2.200275e+08  1.733340e+03   3888076   1
       377   2.269839e+08  2.200509e+08  1.739265e+03   3898568   1
       378   2.485529e+08  2.200520e+08  1.745247e+03   3909162   1
       379   2.516006e+08  2.200520e+08  1.751161e+03   3919639   1
       380   3.377085e+08  2.202354e+08  1.757025e+03   3929739   1
       381   6.608903e+08  2.204582e+08  1.763013e+03   3939940   1
       382   2.942570e+08  2.204590e+08  1.769023e+03   3950342   1
       383   1.824293e+08  2.215288e+08  1.781028e+03   3960636   1
       384   5.259242e+08  2.217988e+08  1.786856e+03   3971037   1
       385   1.732448e+08  2.221455e+08  1.792881e+03   3981531   1
       386   1.727695e+08  2.221589e+08  1.798784e+03   3991415   1
       387   2.086844e+08  2.221835e+08  1.804754e+03   4001839   1
       388   2.334020e+08  2.221874e+08  1.810647e+03   4011764   1
       389   2.571652e+08  2.222178e+08  1.816724e+03   4022356   1
       390   2.276228e+08  2.222209e+08  1.822735e+03   4032491   1
       391   4.055841e+08  2.223584e+08  1.828698e+03   4042951   1
       392   4.655623e+08  2.228854e+08  1.834815e+03   4053203   1
       393   2.404037e+08  2.229372e+08  1.840994e+03   4063682   1
       394   2.567583e+08  2.230398e+08  1.853324e+03   4074240   1
       395   2.736387e+08  2.233511e+08  1.859321e+03   4084901   1
       396   2.603742e+08  2.233990e+08  1.865306e+03   4095448   1
       397   3.667198e+08  2.233990e+08  1.871304e+03   4105881   1
       398   2.617218e+08  2.235795e+08  1.877341e+03   4116299   1
       399   1.743300e+08  2.237062e+08  1.883469e+03   4126867   1
       400   1.822280e+08  2.237823e+08  1.889528e+03   4137563   1
       401   1.979756e+08  2.242590e+08  1.895616e+03   4148282   1
       402   3.364775e+08  2.242590e+08  1.901647e+03   4158521   1
       403   4.379950e+08  2.242603e+08  1.907776e+03   4168570   1
       404   1.691291e+08  2.244612e+08  1.914062e+03   4178741   1
       405   2.613700e+08  2.246487e+08  1.926627e+03   4189065   1
       406   3.117233e+08  2.246996e+08  1.932761e+03   4199592   1
       407   1.621181e+08  2.247924e+08  1.938907e+03   4209907   1
       408   2.354768e+08  2.255157e+08  1.944942e+03   4220071   1
       409   2.488564e+08  2.259236e+08  1.951038e+03   4230397   1
       410   3.407609e+08  2.259535e+08  1.957209e+03   4240661   1
       411   6.933406e+08  2.259991e+08  1.963278e+03   4250749   1
       412   2.661548e+08  2.269432e+08  1.969388e+03   4260878   1
       413   2.225664e+08  2.271485e+08  1.975641e+03   4271085   1
       414   2.042059e+08  2.275774e+08  1.981923e+03   4281372   1
       415   2.910963e+08  2.276522e+08  1.988251e+03   4291649   1
       416   2.323705e+08  2.276650e+08  1.994612e+03   4302432   1
       417   2.462224e+08  2.277227e+08  2.007156e+03   4312720   1
       418   2.539645e+08  2.279915e+08  2.013362e+03   4323269   1
       419   2.883311e+08  2.279979e+08  2.019505e+03   4333551   1
       420   4.500422e+08  2.279981e+08  2.025700e+03   4343669   1
       421   1.963650e+08  2.282562e+08  2.032099e+03   4354153   1
       422   2.565658e+08  2.282806e+08  2.038434e+03   4364634   1
       423   2.240600e+08  2.284169e+08  2.044630e+03   4375072   1
       424   3.074163e+08  2.284243e+08  2.050869e+03   4385711   1
       425   2.342035e+08  2.284549e+08  2.057065e+03   4395445   1
       426   2.301270e+08  2.284559e+08  2.063452e+03   4405555   1
       427   9.413289e+08  2.285027e+08  2.069796e+03   4415699   1
       428   2.082614e+08  2.288162e+08  2.082611e+03   4425749   1
       429   3.617515e+08  2.291944e+08  2.088773e+03   4435860   1
       430   2.655802e+08  2.294424e+08  2.095031e+03   4446345   1
       431   2.048561e+08  2.294457e+08  2.101373e+03   4456699   1
       432   5.515400e+08  2.294765e+08  2.107495e+03   4466748   1
       433   3.189750e+08  2.297006e+08  2.113899e+03   4477350   1
       434   2.108957e+08  2.298962e+08  2.120255e+03   4488056   1
       435   2.140048e+08  2.299063e+08  2.126647e+03   4498598   1
       436   2.098480e+08  2.299084e+08  2.132966e+03   4509047   1
       437   3.687501e+08  2.299191e+08  2.139354e+03   4519603   1
       438   2.827160e+08  2.299216e+08  2.145874e+03   4530136   1
       439   2.770959e+08  2.299389e+08  2.152450e+03   4540065   1
       440   2.389549e+08  2.299391e+08  2.165551e+03   4550205   1
       441   2.201971e+08  2.300581e+08  2.172006e+03   4560774   1
       442   2.326114e+08  2.300633e+08  2.178392e+03   4570830   1
       443   3.308850e+08  2.300711e+08  2.184859e+03   4581488   1
       444   2.342040e+08  2.302044e+08  2.191307e+03   4591853   1
       445   2.406449e+08  2.302044e+08  2.197759e+03   4602358   1
       446   2.177048e+08  2.304616e+08  2.204289e+03   4613056   1
       447   2.696276e+08  2.305561e+08  2.210819e+03   4623867   1
       448   2.069598e+08  2.305650e+08  2.217425e+03   4634288   1
       449   2.088704e+08  2.305773e+08  2.224033e+03   4644305   1
       450   2.925945e+08  2.307752e+08  2.230685e+03   4654644   1
       451   1.789232e+08  2.309874e+08  2.237420e+03   4665072   1
       452   4.467988e+08  2.310137e+08  2.250610e+03   4675589   1
       453   5.243288e+08  2.314816e+08  2.257049e+03   4685935   1
       454   2.148001e+08  2.322266e+08  2.263585e+03   4696345   1
       455   1.598435e+08  2.324141e+08  2.270085e+03   4706809   1
       456   3.731158e+08  2.324358e+08  2.276719e+03   4717099   1
       457   1.551394e+08  2.324394e+08  2.283334e+03   4727344   1
       458   3.417771e+08  2.324465e+08  2.289927e+03   4737574   1
       459   3.449260e+08  2.325150e+08  2.296570e+03   4747881   1
       460   2.182272e+08  2.325174e+08  2.303310e+03   4758011   1
       461   5.341832e+08  2.325310e+08  2.310039e+03   4768706   1
       462   2.506142e+08  2.325832e+08  2.316788e+03   4779218   1
       463   2.426441e+08  2.325862e+08  2.323583e+03   4789471   1
       464   1.474638e+08  2.330468e+08  2.337094e+03   4799754   1
       465   1.454505e+08  2.331095e+08  2.343736e+03   4809948   1
       466   2.479017e+08  2.331466e+08  2.350359e+03   4820512   1
       467   4.429431e+08  2.331609e+08  2.356958e+03   4830851   1
       468   2.290359e+08  2.334848e+08  2.363644e+03   4841525   1
       469   3.013492e+08  2.336759e+08  2.370183e+03   4851947   1
       470   3.264173e+08  2.337005e+08  2.376845e+03   4862350   1
       471   2.402093e+08  2.337128e+08  2.383621e+03   4872663   1
       472   5.783666e+08  2.340547e+08  2.390233e+03   4882996   1
       473   2.295442e+08  2.340574e+08  2.397031e+03   4893277   1
       474   4.494109e+08  2.341060e+08  2.403761e+03   4903603   1
       475   6.675487e+08  2.343374e+08  2.410504e+03   4913951   1
       476   6.745341e+08  2.344125e+08  2.424313e+03   4924384   1
       477   5.118118e+08  2.344125e+08  2.431035e+03   4934716   1
       478   2.245241e+08  2.344134e+08  2.437750e+03   4945075   1
       479   2.373467e+08  2.344134e+08  2.444481e+03   4955442   1
       480   4.379281e+08  2.344253e+08  2.451285e+03   4965765   1
       481   1.837260e+08  2.344463e+08  2.458015e+03   4976014   1
       482   4.818634e+08  2.346214e+08  2.464844e+03   4986165   1
       483   2.967763e+08  2.346695e+08  2.471499e+03   4996357   1
       484   3.610375e+08  2.348381e+08  2.478257e+03   5006560   1
       485   3.547929e+08  2.349625e+08  2.485018e+03   5016863   1
       486   1.826200e+08  2.349625e+08  2.492018e+03   5027060   1
       487   2.665744e+08  2.354125e+08  2.499020e+03   5037482   1
       488   2.498695e+08  2.354204e+08  2.513149e+03   5047915   1
       489   1.668336e+08  2.355511e+08  2.519974e+03   5058222   1
       490   1.776207e+08  2.356313e+08  2.526712e+03   5068844   1
       491   1.929478e+08  2.357763e+08  2.533579e+03   5079446   1
       492   2.084232e+08  2.357826e+08  2.540511e+03   5090097   1
       493   1.695564e+08  2.357826e+08  2.547374e+03   5100508   1
       494   2.085182e+08  2.360504e+08  2.554367e+03   5111260   1
       495   3.701491e+08  2.361916e+08  2.561171e+03   5121518   1
       496   2.516074e+08  2.362010e+08  2.568125e+03   5131919   1
       497   2.257275e+08  2.362033e+08  2.575196e+03   5142354   1
       498   1.937767e+08  2.362073e+08  2.582196e+03   5152531   1
       499   2.643018e+08  2.364977e+08  2.589230e+03   5162905   1
       500   1.805934e+08  2.365082e+08  2.603532e+03   5173188   1
       501   2.542789e+08  2.365129e+08  2.610391e+03   5183851   1
       502   1.957509e+08  2.366341e+08  2.617264e+03   5194252   1
       503   1.566989e+08  2.368648e+08  2.624100e+03   5203980   1
       504   4.580351e+08  2.368792e+08  2.631057e+03   5214449   1
       505   2.637920e+08  2.369275e+08  2.638091e+03   5225034   1
       506   3.350383e+08  2.369965e+08  2.644997e+03   5235293   1
       507   2.612234e+08  2.370766e+08  2.652103e+03   5245781   1
       508   3.275654e+08  2.371798e+08  2.659106e+03   5256292   1
       509   3.682131e+08  2.372369e+08  2.666131e+03   5266889   1
       510   1.870318e+08  2.374451e+08  2.673282e+03   5277547   1
       511   1.739365e+08  2.374487e+08  2.680375e+03   5287858   1
       512   2.260244e+08  2.374506e+08  2.687722e+03   5298722   1
       513   2.484486e+08  2.374507e+08  2.702212e+03   5309311   1
       514   1.733736e+08  2.374675e+08  2.709225e+03   5319465   1
       515   4.645659e+08  2.374675e+08  2.716267e+03   5329942   1
       516   1.974184e+08  2.374676e+08  2.723310e+03   5340558   1
       517   1.867775e+08  2.375232e+08  2.730389e+03   5351032   1
       518   2.250776e+08  2.375275e+08  2.737504e+03   5361486   1
       519   2.566809e+08  2.376721e+08  2.744627e+03   5371898   1
       520   1.943007e+08  2.376896e+08  2.751669e+03   5381972   1
       521   2.118544e+08  2.376945e+08  2.758854e+03   5392426   1
       522   4.549956e+08  2.381802e+08  2.765987e+03   5403160   1
       523   2.864510e+08  2.381815e+08  2.773221e+03   5413364   1
       524   3.272551e+08  2.383323e+08  2.780431e+03   5423928   1
       525   1.911582e+08  2.383389e+08  2.795345e+03   5434205   1
       526   3.193067e+08  2.387586e+08  2.802505e+03   5444432   1
       527   2.216925e+08  2.387754e+08  2.809657e+03   5454714   1
       528   2.384839e+08  2.387754e+08  2.816832e+03   5465324   1
       529   4.629475e+08  2.387772e+08  2.823972e+03   5475596   1
       530   3.130571e+08  2.389427e+08  2.831192e+03   5486071   1
       531   1.854652e+08  2.389531e+08  2.838389e+03   5496100   1
       532   3.047535e+08  2.392636e+08  2.845601e+03   5506573   1
       533   3.190024e+08  2.392701e+08  2.852818e+03   5517185   1
       534   2.592923e+08  2.392962e+08  2.860083e+03   5527633   1
       535   2.147314e+08  2.392968e+08  2.867431e+03   5538123   1
       536   4.083753e+08  2.393170e+08  2.874717e+03   5548095   1
       537   2.818565e+08  2.393258e+08  2.882051e+03   5558338   1
       538   2.979032e+08  2.393299e+08  2.897152e+03   5568635   1
       539   3.788626e+08  2.396338e+08  2.904238e+03   5579018   1
       540   1.856695e+08  2.396351e+08  2.911446e+03   5589467   1
       541   2.297029e+08  2.396556e+08  2.918655e+03   5599774   1
       542   2.668863e+08  2.399286e+08  2.925927e+03   5610051   1
       543   1.532774e+08  2.399872e+08  2.933245e+03   5619937   1
       544   1.944670e+08  2.400223e+08  2.940595e+03   5630426   1
       545   2.149960e+08  2.401307e+08  2.947897e+03   5640821   1
       546   1.899465e+08  2.403961e+08  2.955257e+03   5651204   1
       547   2.011872e+08  2.404767e+08  2.962653e+03   5661673   1
       548   6.605933e+08  2.408561e+08  2.969915e+03   5671882   1
       549   2.444185e+08  2.408570e+08  2.977387e+03   5682088   1
       550   2.423604e+08  2.408593e+08  2.984962e+03   5692620   1
       551   1.484112e+08  2.408898e+08  3.000210e+03   5702715   1
       552   2.638555e+08  2.411356e+08  3.007629e+03   5712801   1
       553   2.775315e+08  2.412854e+08  3.014995e+03   5723223   1
       554   2.224126e+08  2.413228e+08  3.022351e+03   5733862   1
       555   3.067956e+08  2.413537e+08  3.029716e+03   5744171   1
       556   2.720010e+08  2.414822e+08  3.037144e+03   5754842   1
       557   2.104610e+08  2.415007e+08  3.044556e+03   5764944   1
       558   2.731010e+08  2.415032e+08  3.052008e+03   5775547   1
       559   1.880627e+08  2.415063e+08  3.059402e+03   5786015   1
       560   1.591922e+08  2.415110e+08  3.066914e+03   5795789   1
       561   3.659945e+08  2.415132e+08  3.074497e+03   5806229   1
       562   2.086808e+08  2.415166e+08  3.082034e+03   5816427   1
       563   3.733614e+08  2.415632e+08  3.089760e+03   5826856   1
       564   2.536285e+08  2.415677e+08  3.105207e+03   5837460   1
       565   3.558290e+08  2.415760e+08  3.112688e+03   5847651   1
       566   1.698607e+08  2.416244e+08  3.120171e+03   5858287   1
       567   3.838177e+08  2.416273e+08  3.127628e+03   5868360   1
       568   2.986319e+08  2.416558e+08  3.135061e+03   5879150   1
       569   2.572989e+08  2.416750e+08  3.142535e+03   5889679   1
       570   1.450072e+08  2.416849e+08  3.150080e+03   5900321   1
       571   2.375780e+08  2.417266e+08  3.157542e+03   5910957   1
       572   1.906951e+08  2.417504e+08  3.165108e+03   5921315   1
       573   1.803406e+08  2.417854e+08  3.172794e+03   5931139   1
       574   2.637993e+08  2.417966e+08  3.180548e+03   5941568   1
       575   3.679400e+08  2.418422e+08  3.188214e+03   5951925   1
       576   1.321605e+08  2.418670e+08  3.195924e+03   5961954   1
       577   3.209472e+08  2.418670e+08  3.211834e+03   5972023   1
       578   3.018977e+08  2.418688e+08  3.219392e+03   5982415   1
       579   2.070065e+08  2.418732e+08  3.227016e+03   5993138   1
       580   2.090611e+08  2.418959e+08  3.234489e+03   6003346   1
       581   1.991576e+08  2.418965e+08  3.242124e+03   6013693   1
       582   2.346340e+08  2.420177e+08  3.249709e+03   6023700   1
       583   2.294130e+08  2.420207e+08  3.257252e+03   6034291   1
       584   8.909229e+08  2.420619e+08  3.264912e+03   6044412   1
       585   1.642719e+08  2.420647e+08  3.272644e+03   6054601   1
       586   4.152796e+08  2.421859e+08  3.280270e+03   6064875   1
       587   4.612811e+08  2.421867e+08  3.287926e+03   6074992   1
       588   2.168802e+08  2.422076e+08  3.295718e+03   6085297   1
       589   2.963766e+08  2.422116e+08  3.303621e+03   6095988   1
       590   3.161572e+08  2.422132e+08  3.319703e+03   6106548   1
       591   3.929591e+08  2.422539e+08  3.327358e+03   6117094   1
       592   2.203050e+08  2.423892e+08  3.335186e+03   6127570   1
       593   2.424538e+08  2.424168e+08  3.342841e+03   6137845   1
       594   1.666025e+08  2.424193e+08  3.350641e+03   6148139   1
       595   3.664767e+08  2.424526e+08  3.358368e+03   6158634   1
       596   2.339435e+08  2.424551e+08  3.366123e+03   6168427   1
       597   2.322625e+08  2.425040e+08  3.373886e+03   6178642   1
       598   2.905787e+08  2.429950e+08  3.381662e+03   6189177   1
       599   2.648209e+08  2.431962e+08  3.389459e+03   6199599   1
       600   2.256030e+08  2.431962e+08  3.397288e+03   6210014   1
       601   3.114357e+08  2.432128e+08  3.405225e+03   6220411   1
       602   1.992648e+08  2.432161e+08  3.413218e+03   6230496   1
       603   2.312708e+08  2.433520e+08  3.429811e+03   6240762   1
       604   3.176802e+08  2.433543e+08  3.437659e+03   6251161   1
       605   1.630994e+08  2.435614e+08  3.445403e+03   6261491   1
       606   2.529218e+08  2.437170e+08  3.453247e+03   6272213   1
       607   1.664611e+08  2.437697e+08  3.461075e+03   6282624   1
       608   1.928274e+08  2.437853e+08  3.468948e+03   6293027   1
       609   2.536877e+08  2.437903e+08  3.476773e+03   6303321   1
       610   1.650625e+08  2.437945e+08  3.484673e+03   6313665   1
       611   1.590760e+08  2.437950e+08  3.492485e+03   6323535   1
       612   2.433516e+08  2.440833e+08  3.500305e+03   6333876   1
       613   2.921405e+08  2.440861e+08  3.508291e+03   6344460   1
       614   1.658002e+08  2.441063e+08  3.516357e+03   6355010   1
       615   3.669784e+08  2.441330e+08  3.524378e+03   6365340   1
       616   2.921731e+08  2.441612e+08  3.532477e+03   6375952   1
       617   2.211972e+08  2.441710e+08  3.549114e+03   6386287   1
       618   1.864750e+08  2.441710e+08  3.557032e+03   6396843   1
       619   2.517934e+08  2.441711e+08  3.564963e+03   6407397   1
       620   3.087329e+08  2.443043e+08  3.572854e+03   6417577   1
       621   1.992041e+08  2.443050e+08  3.580845e+03   6428105   1
       622   2.522147e+08  2.446540e+08  3.588831e+03   6438163   1
       623   3.158325e+08  2.446653e+08  3.596788e+03   6448462   1
       624   1.702246e+08  2.446684e+08  3.604868e+03   6458530   1
       625   1.767018e+08  2.447675e+08  3.612952e+03   6468932   1
       626   4.912328e+08  2.447689e+08  3.620880e+03   6479235   1
       627   5.579773e+08  2.449677e+08  3.628871e+03   6489491   1
       628   3.724887e+08  2.449735e+08  3.636966e+03   6499863   1
       629   2.113669e+08  2.449754e+08  3.645295e+03   6510509   1
       630   2.561537e+08  2.450003e+08  3.653504e+03   6521271   1
       631   1.661214e+08  2.452782e+08  3.670529e+03   6531777   1
       632   2.029939e+08  2.453012e+08  3.678582e+03   6542458   1
       633   4.146920e+08  2.454447e+08  3.686505e+03   6552853   1
       634   1.741470e+08  2.454450e+08  3.694506e+03   6563313   1
       635   3.841908e+08  2.458632e+08  3.702594e+03   6573332   1
       636   9.224750e+08  2.458738e+08  3.710582e+03   6583521   1
       637   2.427161e+08  2.459085e+08  3.718666e+03   6594013   1
       638   4.901690e+08  2.459427e+08  3.726694e+03   6604213   1
       639   1.754043e+08  2.459471e+08  3.734934e+03   6614589   1
       640   3.001013e+08  2.459611e+08  3.743076e+03   6624206   1
       641   3.166751e+08  2.462740e+08  3.751187e+03   6634707   1
       642   5.886464e+08  2.462767e+08  3.759358e+03   6645167   1
       643   2.535548e+08  2.463352e+08  3.767690e+03   6655494   1
       644   2.194151e+08  2.464452e+08  3.776122e+03   6665717   1
       645   2.377737e+08  2.465624e+08  3.793196e+03   6675912   1
       646   2.369197e+08  2.465645e+08  3.801347e+03   6686213   1
       647   2.074629e+08  2.466217e+08  3.809473e+03   6696595   1
       648   4.135768e+08  2.467319e+08  3.817699e+03   6707070   1
       649   3.147012e+08  2.467989e+08  3.825855e+03   6717640   1
       650   1.852878e+08  2.469292e+08  3.834101e+03   6727907   1
       651   3.406723e+08  2.469299e+08  3.842363e+03   6738267   1
       652   3.004758e+08  2.469305e+08  3.850496e+03   6748664   1
       653   4.112638e+08  2.470511e+08  3.858737e+03   6759265   1
       654   5.152707e+08  2.472309e+08  3.866864e+03   6769445   1
       655   3.379088e+08  2.472378e+08  3.875201e+03   6779375   1
       656   5.527419e+08  2.472398e+08  3.883404e+03   6789662   1
       657   3.897811e+08  2.472399e+08  3.891686e+03   6800096   1
       658   2.397024e+08  2.472652e+08  3.900181e+03   6810279   1
       659   1.802217e+08  2.475441e+08  3.917723e+03   6820283   1
       660   2.153290e+08  2.475761e+08  3.926047e+03   6830428   1
       661   1.487126e+08  2.476048e+08  3.934260e+03   6840720   1
       662   1.780181e+08  2.477126e+08  3.942546e+03   6850916   1
       663   2.428041e+08  2.477154e+08  3.950992e+03   6861252   1
       664   2.457439e+08  2.477175e+08  3.959347e+03   6871585   1
       665   2.606325e+08  2.477492e+08  3.967595e+03   6882002   1
       666   2.915939e+08  2.478509e+08  3.975859e+03   6892615   1
       667   3.370097e+08  2.478686e+08  3.984179e+03   6902878   1
       668   2.165654e+08  2.479944e+08  3.992589e+03   6912850   1
       669   1.817599e+08  2.479990e+08  4.001107e+03   6923520   1
       670   3.047470e+08  2.481030e+08  4.009585e+03   6933754   1
       671   1.662471e+08  2.482528e+08  4.018189e+03   6943982   1
       672   4.531211e+08  2.482528e+08  4.026668e+03   6954120   1
       673   3.489459e+08  2.482647e+08  4.044479e+03   6964538   1
       674   5.299386e+08  2.482757e+08  4.052842e+03   6974923   1
       675   3.514605e+08  2.483200e+08  4.061122e+03   6985251   1
       676   2.283787e+08  2.483205e+08  4.069630e+03   6995900   1
       677   2.068032e+08  2.483357e+08  4.078092e+03   7006343   1
       678   1.986851e+08  2.483385e+08  4.086584e+03   7016744   1
       679   2.383749e+08  2.483503e+08  4.094978e+03   7027234   1
       680   2.660144e+08  2.483571e+08  4.103360e+03   7037987   1
       681   2.500502e+08  2.484047e+08  4.111840e+03   7048227   1
       682   2.407457e+08  2.484815e+08  4.120292e+03   7058445   1
       683   1.871105e+08  2.485335e+08  4.128734e+03   7068943   1
       684   2.262409e+08  2.485363e+08  4.137414e+03   7079340   1
       685   1.714150e+08  2.485531e+08  4.146132e+03   7089502   1
       686   1.818439e+08  2.485858e+08  4.154908e+03   7099453   1
       687   4.030028e+08  2.485944e+08  4.172934e+03   7109832   1
       688   3.049065e+08  2.485954e+08  4.181408e+03   7120232   1
       689   1.555159e+08  2.486069e+08  4.189969e+03   7130554   1
       690   2.957465e+08  2.486090e+08  4.198464e+03   7141113   1
       691   3.585758e+08  2.486356e+08  4.206866e+03   7151695   1
       692   1.836130e+08  2.486472e+08  4.215686e+03   7162284   1
       693   4.356426e+08  2.486687e+08  4.224291e+03   7172854   1
       694   2.118889e+08  2.486687e+08  4.232895e+03   7183149   1
       695   2.778241e+08  2.486835e+08  4.241437e+03   7193420   1
       696   1.961717e+08  2.486840e+08  4.250176e+03   7203898   1
       697   2.158982e+08  2.487074e+08  4.258925e+03   7214269   1
       698   4.162241e+08  2.487218e+08  4.267517e+03   7224434   1
       699   1.632712e+08  2.487233e+08  4.276326e+03   7234431   1
       700   2.171827e+08  2.488128e+08  4.285033e+03   7244795   1
       701   1.879202e+08  2.488140e+08  4.293934e+03   7255374   1
       702   3.992963e+08  2.488197e+08  4.312381e+03   7265748   1
       703   2.947382e+08  2.488527e+08  4.321066e+03   7276289   1
       704   2.664490e+08  2.488650e+08  4.329713e+03   7286757   1
       705   5.195412e+08  2.488652e+08  4.338318e+03   7297260   1
       706   2.411553e+08  2.489038e+08  4.347042e+03   7307657   1
       707   3.968025e+08  2.489105e+08  4.355702e+03   7317919   1
       708   1.957633e+08  2.489147e+08  4.364515e+03   7328470   1
       709   1.930841e+08  2.490802e+08  4.373229e+03   7338973   1
       710   1.554897e+08  2.490809e+08  4.382054e+03   7349252   1
       711   4.338433e+08  2.494955e+08  4.390831e+03   7359344   1
       712   2.179042e+08  2.494955e+08  4.399709e+03   7370028   1
       713   3.087194e+08  2.496365e+08  4.408763e+03   7380797   1
       714   2.333992e+08  2.496456e+08  4.417863e+03   7390953   1
       715   4.014214e+08  2.496557e+08  4.426966e+03   7401466   1
       716   2.548437e+08  2.496917e+08  4.436259e+03   7412066   1
       717   3.803323e+08  2.497124e+08  4.454775e+03   7422409   1
       718   4.343684e+08  2.497163e+08  4.463336e+03   7432810   1
       719   2.056934e+08  2.497638e+08  4.472092e+03   7442937   1
       720   3.124580e+08  2.500034e+08  4.480927e+03   7453150   1
       721   2.283932e+08  2.500081e+08  4.489822e+03   7463348   1
       722   1.959819e+08  2.500448e+08  4.498646e+03   7473750   1
       723   1.942690e+08  2.503124e+08  4.507511e+03   7484342   1
       724   1.694307e+08  2.503639e+08  4.516378e+03   7494543   1
       725   3.243212e+08  2.503644e+08  4.525269e+03   7504404   1
       726   1.967326e+08  2.503693e+08  4.534206e+03   7514704   1
       727   1.840324e+08  2.503871e+08  4.543150e+03   7524805   1
       728   2.648048e+08  2.503982e+08  4.552298e+03   7535169   1
       729   5.223064e+08  2.512041e+08  4.561213e+03   7544377   1
       730   4.685049e+08  2.514104e+08  4.570320e+03   7555016   1
       731   3.762005e+08  2.514845e+08  4.579285e+03   7565492   1
       732   2.617433e+08  2.514859e+08  4.598275e+03   7575832   1
       733   2.201904e+08  2.515078e+08  4.607162e+03   7586063   1
       734   2.224286e+08  2.515431e+08  4.616110e+03   7596630   1
       735   2.337902e+08  2.515502e+08  4.625018e+03   7607072   1
       736   6.813764e+08  2.516429e+08  4.633795e+03   7617341   1
       737   2.621247e+08  2.516550e+08  4.642632e+03   7627776   1
       738   1.282140e+08  2.516703e+08  4.651653e+03   7637263   1
       739   2.464754e+08  2.517835e+08  4.660833e+03   7647372   1
       740   2.452510e+08  2.519351e+08  4.669895e+03   7658059   1
       741   2.730465e+08  2.519469e+08  4.678983e+03   7668495   1
       742   2.013560e+08  2.520126e+08  4.688005e+03   7678689   1
       743   3.046347e+08  2.520788e+08  4.697003e+03   7689028   1
       744   3.595322e+08  2.520789e+08  4.706228e+03   7699391   1
       745   2.181188e+08  2.520799e+08  4.715640e+03   7709213   1
       746   6.183308e+08  2.520801e+08  4.724812e+03   7719287   1
       747   2.300263e+08  2.520801e+08  4.744144e+03   7729789   1
       748   1.367008e+08  2.520971e+08  4.753159e+03   7739312   1
       749   3.759013e+08  2.521008e+08  4.762085e+03   7749555   1
       750   3.174796e+08  2.521408e+08  4.771055e+03   7760095   1
       751   2.371599e+08  2.521414e+08  4.780052e+03   7770576   1
       752   3.355282e+08  2.521442e+08  4.789178e+03   7780920   1
       753   2.985801e+08  2.521623e+08  4.798337e+03   7791200   1
       754   3.449222e+08  2.521699e+08  4.807486e+03   7801825   1
       755   1.846549e+08  2.521713e+08  4.816657e+03   7812387   1
       756   1.618500e+08  2.521720e+08  4.825804e+03   7822350   1
       757   2.160514e+08  2.521723e+08  4.835046e+03   7832466   1
       758   2.491001e+08  2.521737e+08  4.844377e+03   7842620   1
       759   2.396628e+08  2.521786e+08  4.853563e+03   7852919   1
       760   3.980562e+08  2.522074e+08  4.862731e+03   7863028   1
       761   2.742801e+08  2.522219e+08  4.871989e+03   7873771   1
       762   1.935255e+08  2.522228e+08  4.891729e+03   7883897   1
       763   2.245103e+08  2.522236e+08  4.900831e+03   7894205   1
       764   1.731759e+08  2.522254e+08  4.910036e+03   7904349   1
       765   2.931262e+08  2.522271e+08  4.919230e+03   7914814   1
       766   2.973272e+08  2.522554e+08  4.928341e+03   7925375   1
       767   2.302915e+08  2.522949e+08  4.937517e+03   7935720   1
       768   4.625198e+08  2.523298e+08  4.946689e+03   7946237   1
       769   3.192601e+08  2.523307e+08  4.955897e+03   7956799   1
       770   3.933501e+08  2.523545e+08  4.965157e+03   7967178   1
       771   2.282874e+08  2.523558e+08  4.974393e+03   7977695   1
       772   2.082429e+08  2.523630e+08  4.983700e+03   7987975   1
       773   2.501117e+08  2.523656e+08  4.993075e+03   7998419   1
       774   4.856722e+08  2.523659e+08  5.002288e+03   8008847   1
       775   2.876428e+08  2.523663e+08  5.011525e+03   8019230   1
       776   1.778921e+08  2.523665e+08  5.020978e+03   8029349   1
       777   3.037552e+08  2.523714e+08  5.030441e+03   8039606   1
       778   4.066037e+08  2.523716e+08  5.050198e+03   8049622   1
       779   1.868788e+08  2.523719e+08  5.059468e+03   8059790   1
       780   5.385369e+08  2.523743e+08  5.068839e+03   8069472   1
       781   3.291556e+08  2.523768e+08  5.078104e+03   8079800   1
       782   4.514899e+08  2.524213e+08  5.087400e+03   8090116   1
       783   3.600281e+08  2.524494e+08  5.096671e+03   8100594   1
       784   2.383754e+08  2.524618e+08  5.105960e+03   8111224   1
       785   1.881215e+08  2.524776e+08  5.115405e+03   8121221   1
       786   2.270744e+08  2.524777e+08  5.124869e+03   8131700   1
       787   1.995356e+08  2.524839e+08  5.134269e+03   8142246   1
       788   2.674565e+08  2.524852e+08  5.143773e+03   8152490   1
       789   2.465959e+08  2.524953e+08  5.153211e+03   8162851   1
       790   2.567782e+08  2.524987e+08  5.162752e+03   8173348   1
       791   2.114792e+08  2.524989e+08  5.172359e+03   8183739   1
       792   1.531499e+08  2.525004e+08  5.181870e+03   8194078   1
       793   3.528473e+08  2.525725e+08  5.191422e+03   8204426   1
       794   2.260651e+08  2.525730e+08  5.211713e+03   8214496   1
       795   2.642652e+08  2.525983e+08  5.221086e+03   8224540   1
       796   2.628331e+08  2.526027e+08  5.230591e+03   8235041   1
       797   1.539423e+08  2.526033e+08  5.240084e+03   8245471   1
       798   2.005254e+08  2.526371e+08  5.249438e+03   8255492   1
       799   2.410831e+08  2.526549e+08  5.258841e+03   8266004   1
       800   1.854962e+08  2.526881e+08  5.268319e+03   8276241   1
       801   2.008199e+08  2.526886e+08  5.277914e+03   8286080   1
       802   4.644764e+08  2.527220e+08  5.287471e+03   8296496   1
       803   2.909442e+08  2.527288e+08  5.297052e+03   8306693   1
       804   1.511608e+08  2.527290e+08  5.306475e+03   8316372   1
       805   1.600544e+08  2.527329e+08  5.316163e+03   8326699   1
       806   4.372399e+08  2.527472e+08  5.325736e+03   8337190   1
       807   1.830354e+08  2.527753e+08  5.335585e+03   8347410   1
       808   3.688207e+08  2.528145e+08  5.345256e+03   8357315   1
       809   1.939708e+08  2.528147e+08  5.365873e+03   8367626   1
       810   4.257437e+08  2.528381e+08  5.375296e+03   8377813   1
       811   2.010436e+08  2.528450e+08  5.384796e+03   8388225   1
       812   2.661853e+08  2.528465e+08  5.394372e+03   8398772   1
       813   2.999876e+08  2.528706e+08  5.403868e+03   8409020   1
       814   2.494910e+08  2.528763e+08  5.413309e+03   8419342   1
       815   2.108853e+08  2.528846e+08  5.422909e+03   8429675   1
       816   1.669106e+08  2.529164e+08  5.432550e+03   8439978   1
       817   2.671736e+08  2.529744e+08  5.442361e+03   8450353   1
       818   2.006909e+08  2.530127e+08  5.452063e+03   8460623   1
       819   4.075952e+08  2.530159e+08  5.461605e+03   8470825   1
       820   2.770501e+08  2.530208e+08  5.471345e+03   8480988   1
       821   2.340490e+08  2.530208e+08  5.481013e+03   8491206   1
       822   1.720783e+08  2.530228e+08  5.490763e+03   8501224   1
       823   1.710555e+08  2.530230e+08  5.500624e+03   8511462   1
       824   2.307264e+08  2.530251e+08  5.510665e+03   8521813   1
       825   2.015248e+08  2.530278e+08  5.531635e+03   8531896   1
       826   4.424449e+08  2.530360e+08  5.541222e+03   8542049   1
       827   1.899111e+08  2.530970e+08  5.550847e+03   8552708   1
       828   2.729738e+08  2.530978e+08  5.560422e+03   8563151   1
       829   5.461064e+08  2.530990e+08  5.570105e+03   8573326   1
       830   2.392982e+08  2.531115e+08  5.580033e+03   8583812   1
       831   2.831050e+08  2.531115e+08  5.589626e+03   8594230   1
       832   2.276888e+08  2.531265e+08  5.599440e+03   8604822   1
       833   1.923300e+08  2.531297e+08  5.609246e+03   8614974   1
       834   2.405295e+08  2.531297e+08  5.619076e+03   8625097   1
       835   2.420181e+08  2.531306e+08  5.628954e+03   8635224   1
       836   1.801385e+08  2.532528e+08  5.638963e+03   8645791   1
       837   2.932374e+08  2.532663e+08  5.648856e+03   8655934   1
       838   2.124483e+08  2.534920e+08  5.658861e+03   8666526   1
       839   3.169724e+08  2.534973e+08  5.668804e+03   8676616   1
       840   1.979910e+08  2.535486e+08  5.678783e+03   8686980   1
       841   2.700798e+08  2.535486e+08  5.700432e+03   8697329   1
       842   2.024884e+08  2.535498e+08  5.710295e+03   8707667   1
       843   2.531116e+08  2.535574e+08  5.720054e+03   8718377   1
       844   1.543633e+08  2.535691e+08  5.729960e+03   8728626   1
       845   1.757370e+08  2.535691e+08  5.739873e+03   8739157   1
       846   2.201833e+08  2.536806e+08  5.749807e+03   8749427   1
       847   1.748235e+08  2.537246e+08  5.759668e+03   8759623   1
       848   9.238906e+08  2.537246e+08  5.769314e+03   8769922   1
       849   2.021475e+08  2.537293e+08  5.779342e+03   8780604   1
       850   3.787201e+08  2.537695e+08  5.789139e+03   8791089   1
       851   2.209871e+08  2.538365e+08  5.799052e+03   8801415   1
       852   3.208054e+08  2.538366e+08  5.809265e+03   8811278   1
       853   2.075990e+08  2.538485e+08  5.819061e+03   8821560   1
       854   2.145936e+08  2.538618e+08  5.829041e+03   8832060   1
       855   3.537998e+08  2.538789e+08  5.839105e+03   8841809   1
       856   4.539417e+08  2.538791e+08  5.849219e+03   8851706   1
       857   2.123393e+08  2.539080e+08  5.859497e+03   8861911   1
       858   2.663539e+08  2.539516e+08  5.881152e+03   8872150   1
       859   1.898641e+08  2.539585e+08  5.891068e+03   8882787   1
       860   3.905931e+08  2.539962e+08  5.900812e+03   8893120   1
       861   3.416803e+08  2.540126e+08  5.910746e+03   8903112   1
       862   4.523731e+08  2.541168e+08  5.920664e+03   8913480   1
       863   2.030680e+08  2.541274e+08  5.930721e+03   8923882   1
       864   3.603127e+08  2.542749e+08  5.940471e+03   8934558   1
       865   2.307316e+08  2.542809e+08  5.950400e+03   8945004   1
       866   3.931550e+08  2.543131e+08  5.960206e+03   8955217   1
       867   1.577531e+08  2.543654e+08  5.970333e+03   8965442   1
       868   2.635192e+08  2.544245e+08  5.980541e+03   8975373   1
       869   2.082268e+08  2.544598e+08  5.990810e+03   8985744   1
       870   1.722618e+08  2.544614e+08  6.001030e+03   8995372   1
       871   2.604677e+08  2.545559e+08  6.011276e+03   9005751   1
       872   1.485526e+08  2.545573e+08  6.021444e+03   9015969   1
       873   2.017873e+08  2.545652e+08  6.031669e+03   9026380   1
       874   1.375276e+08  2.546628e+08  6.053605e+03   9036427   1
       875   2.143496e+08  2.546845e+08  6.063755e+03   9047027   1
       876   2.101923e+08  2.547294e+08  6.073789e+03   9057306   1
       877   2.648001e+08  2.547841e+08  6.083786e+03   9067670   1
       878   2.443959e+08  2.547918e+08  6.093746e+03   9078325   1
       879   2.603124e+08  2.548073e+08  6.103755e+03   9088269   1
       880   2.291624e+08  2.548306e+08  6.113856e+03   9098655   1
       881   1.992040e+08  2.548353e+08  6.123899e+03   9109108   1
       882   1.759130e+08  2.549423e+08  6.134180e+03   9119349   1
       883   2.116704e+08  2.550315e+08  6.144453e+03   9129890   1
       884   3.350385e+08  2.550485e+08  6.154597e+03   9140482   1
       885   3.632601e+08  2.550499e+08  6.164623e+03   9151267   1
       886   1.910994e+08  2.551504e+08  6.174857e+03   9161777   1
       887   2.524658e+08  2.551510e+08  6.185178e+03   9172442   1
       888   2.283124e+08  2.552842e+08  6.195460e+03   9182436   1
       889   1.917309e+08  2.553184e+08  6.205855e+03   9192733   1
       890   2.586487e+08  2.553488e+08  6.216361e+03   9202951   1
       891   5.063116e+08  2.553519e+08  6.238759e+03   9213408   1
       892   1.722031e+08  2.553633e+08  6.248874e+03   9223809   1
       893   1.688349e+08  2.553656e+08  6.259138e+03   9234097   1
       894   1.717542e+08  2.554008e+08  6.269271e+03   9244809   1
       895   2.968879e+08  2.554142e+08  6.279370e+03   9255270   1
       896   2.430924e+08  2.554156e+08  6.289752e+03   9265408   1
       897   2.547796e+08  2.554600e+08  6.299740e+03   9275609   1
       898   2.143678e+08  2.554648e+08  6.310045e+03   9285942   1
       899   2.536497e+08  2.554767e+08  6.320266e+03   9296107   1
       900   1.804856e+08  2.556830e+08  6.330643e+03   9306684   1
       901   3.226725e+08  2.556855e+08  6.341011e+03   9316913   1
       902   2.225964e+08  2.557218e+08  6.351418e+03   9327202   1
       903   2.119710e+08  2.557240e+08  6.361794e+03   9337586   1
       904   3.069867e+08  2.557266e+08  6.372139e+03   9347906   1
       905   2.851179e+08  2.557316e+08  6.382532e+03   9358264   1
       906   3.991527e+08  2.557355e+08  6.393121e+03   9368559   1
       907   2.766621e+08  2.558924e+08  6.403631e+03   9378657   1
       908   3.734276e+08  2.558928e+08  6.426326e+03   9388936   1
       909   1.643712e+08  2.563080e+08  6.436646e+03   9399000   1
       910   2.680184e+08  2.563155e+08  6.447055e+03   9409626   1
       911   2.390157e+08  2.563433e+08  6.457457e+03   9420251   1
       912   2.586734e+08  2.563438e+08  6.467726e+03   9430261   1
       913   1.695250e+08  2.563473e+08  6.478136e+03   9440585   1
       914   2.539708e+08  2.563610e+08  6.488580e+03   9450939   1
       915   3.318732e+08  2.563977e+08  6.498940e+03   9461366   1
       916   4.183858e+08  2.564080e+08  6.509267e+03   9472173   1
       917   1.663226e+08  2.564144e+08  6.519965e+03   9482325   1
       918   1.801362e+08  2.564511e+08  6.530519e+03   9492907   1
       919   1.957039e+08  2.564518e+08  6.541034e+03   9503480   1
       920   2.411772e+08  2.564669e+08  6.551486e+03   9514303   1
       921   4.716225e+08  2.564758e+08  6.562021e+03   9524797   1
       922   1.701566e+08  2.565386e+08  6.572654e+03   9534881   1
       923   3.183809e+08  2.565386e+08  6.583440e+03   9544958   1
       924   2.510205e+08  2.565424e+08  6.594198e+03   9554864   1
       925   1.622707e+08  2.565770e+08  6.617470e+03   9565381   1
       926   2.481989e+08  2.565784e+08  6.628018e+03   9575795   1
       927   4.104385e+08  2.566054e+08  6.638346e+03   9586007   1
       928   4.243049e+08  2.566060e+08  6.648751e+03   9596332   1
       929   1.828453e+08  2.566270e+08  6.659339e+03   9606604   1
       930   2.284514e+08  2.566285e+08  6.669996e+03   9617043   1
       931   2.467197e+08  2.567493e+08  6.680444e+03   9627860   1
       932   4.550487e+08  2.568020e+08  6.690848e+03   9638127   1
       933   2.162281e+08  2.568048e+08  6.701509e+03   9647956   1
       934   1.842411e+08  2.568206e+08  6.712266e+03   9657818   1
       935   2.574872e+08  2.568214e+08  6.723199e+03   9667927   1
       936   3.403893e+08  2.568225e+08  6.734117e+03   9678112   1
       937   1.917255e+08  2.568924e+08  6.744879e+03   9688001   1
       938   2.053685e+08  2.568956e+08  6.755475e+03   9698452   1
       939   1.798336e+08  2.569119e+08  6.766293e+03   9708785   1
       940   1.567362e+08  2.569328e+08  6.777264e+03   9719074   1
       941   1.692136e+08  2.569346e+08  6.788062e+03   9729448   1
       942   1.739169e+08  2.569761e+08  6.811342e+03   9739909   1
       943   1.469195e+08  2.570064e+08  6.821994e+03   9750186   1
       944   3.597050e+08  2.570111e+08  6.832670e+03   9760722   1
       945   3.316693e+08  2.571101e+08  6.843183e+03   9771107   1
       946   2.479323e+08  2.571109e+08  6.853749e+03   9781446   1
       947   2.914364e+08  2.571117e+08  6.864349e+03   9791936   1
       948   2.698676e+08  2.571321e+08  6.875169e+03   9802146   1
       949   2.616197e+08  2.571326e+08  6.886114e+03   9812163   1
       950   5.047030e+08  2.571338e+08  6.896791e+03   9822408   1
       951   2.176148e+08  2.571453e+08  6.907569e+03   9832854   1
       952   3.782097e+08  2.571934e+08  6.918198e+03   9843301   1
       953   2.876022e+08  2.572074e+08  6.928881e+03   9853516   1
       954   2.745076e+08  2.572088e+08  6.939456e+03   9863631   1
       955   3.715561e+08  2.572094e+08  6.950440e+03   9874022   1
       956   4.045782e+08  2.572786e+08  6.961242e+03   9884380   1
       957   1.629925e+08  2.572829e+08  6.972099e+03   9894671   1
       958   2.131796e+08  2.573002e+08  6.983174e+03   9904880   1
       959   2.058858e+08  2.573011e+08  6.994224e+03   9915200   1
       960   2.194460e+08  2.573048e+08  7.017738e+03   9925502   1
       961   2.571391e+08  2.574741e+08  7.028464e+03   9936221   1
       962   2.266291e+08  2.576036e+08  7.039258e+03   9946655   1
       963   1.416572e+08  2.576161e+08  7.049928e+03   9956582   1
       964   1.680134e+08  2.576306e+08  7.060727e+03   9966874   1
       965   2.435844e+08  2.576341e+08  7.071459e+03   9977415   1
       966   3.537364e+08  2.576368e+08  7.082028e+03   9987965   1
       967   2.670289e+08  2.576508e+08  7.092671e+03   9998191   1
       968   1.457030e+08  2.576639e+08  7.103723e+03  10008385   1
       969   3.821484e+08  2.576647e+08  7.114609e+03  10018843   1
       970   3.027767e+08  2.577217e+08  7.125393e+03  10029537   1
       971   2.857974e+08  2.577260e+08  7.136225e+03  10040068   1
       972   1.977951e+08  2.577324e+08  7.147047e+03  10050343   1
       973   1.540493e+08  2.577577e+08  7.158034e+03  10061020   1
       974   2.371161e+08  2.577581e+08  7.169024e+03  10070876   1
       975   2.371195e+08  2.577794e+08  7.180067e+03  10081396   1
       976   2.955391e+08  2.577866e+08  7.191103e+03  10091904   1
       977   3.481082e+08  2.577867e+08  7.215287e+03  10102020   1
-------------------------------------------------------------------
status         : time_limit
total time (s) : 7.215287e+03
total solves   : 10102020
best bound     :  2.577867e+08
simulation ci  :  2.854774e+08  8.388397e+06
numeric issues : 0
-------------------------------------------------------------------

 
                                        Time                    Allocations      
                                  
       Tot / % measured:            2.01h /  99.9%            856GiB /  99.9%    

 Section               ncalls     time    %tot     avg     alloc    %tot      avg
 
 backward_pass            977    1.99h   99.5%   7.34s    848GiB   99.1%   888MiB
   solve_subproblem     10.0M    2618s   36.3%   262s    507GiB   59.3%  53.2KiB
     get_dual_solution  10.0M    54.6s    0.8%  5.47s   14.3GiB    1.7%  1.50KiB
   prepare_backward...  1.95k    1.18s    0.0%   603s    312MiB    0.0%   163KiB
 forward_pass             977    30.9s    0.4%  31.6ms   6.82GiB    0.8%  7.15MiB
   solve_subproblem      117k    28.1s    0.4%   240s   5.97GiB    0.7%  53.4KiB
     get_dual_solution   117k    116ms    0.0%   990ns   62.6MiB    0.0%     560B
   sample_scenario        977   4.90ms    0.0%  5.02s    153KiB    0.0%     160B
 calculate_bound          977    8.26s    0.1%  8.46ms    837MiB    0.1%   877KiB
   get_dual_solution      977   1.31ms    0.0%  1.35s    534KiB    0.0%     560B
 


||||||||||||||||||||||||||||||||||||||||||||||||||||||||||||||||||||||||||||||||||||||||||||||||||||||||||||||||||||||||||||||||||||||||
SIMULATION RESULTS
LogLinearSDDP.NoSimulation()
markov
Lower bound: 2.5778665209192324e8
Statistical upper bound (confidence interval): 3.24296489880256e8  6.377590653763008e6
Pessimistic upper bound: 3.30674080534019e8

||||||||||||||||||||||||||||||||||||||||||||||||||||||||||||||||||||||||||||||||||||||||||||||||||||||||||||||||||||||||||||||||||||||||
SIMULATION RESULTS
LogLinearSDDP.NoSimulation()
markov
Lower bound: 2.5778665209192324e8
Statistical upper bound (confidence interval): 2.072517758718694e8  4.99598293739516e6
Pessimistic upper bound: 2.1224775880926454e8

||||||||||||||||||||||||||||||||||||||||||||||||||||||||||||||||||||||||||||||||||||||||||||||||||||||||||||||||||||||||||||||||||||||||
SIMULATION RESULTS
LogLinearSDDP.NoSimulation()
custom_model
Lower bound: 2.5778665209192324e8
Statistical upper bound (confidence interval): 3.557495409475647e8  7.535134954085611e6
Pessimistic upper bound: 3.632846759016503e8

||||||||||||||||||||||||||||||||||||||||||||||||||||||||||||||||||||||||||||||||||||||||||||||||||||||||||||||||||||||||||||||||||||||||
SIMULATION RESULTS
LogLinearSDDP.NoSimulation()
custom_model
Lower bound: 2.5778665209192324e8
Statistical upper bound (confidence interval): 2.3856090022727087e8  6.23534386373237e6
Pessimistic upper bound: 2.4479624409100324e8

||||||||||||||||||||||||||||||||||||||||||||||||||||||||||||||||||||||||||||||||||||||||||||||||||||||||||||||||||||||||||||||||||||||||
SIMULATION RESULTS
LogLinearSDDP.NoSimulation()
fitted_model
Lower bound: 2.5778665209192324e8
Statistical upper bound (confidence interval): 2.625783899195022e8  4.56838025222633e6
Pessimistic upper bound: 2.6714677017172852e8

||||||||||||||||||||||||||||||||||||||||||||||||||||||||||||||||||||||||||||||||||||||||||||||||||||||||||||||||||||||||||||||||||||||||
SIMULATION RESULTS
LogLinearSDDP.NoSimulation()
fitted_model
Lower bound: 2.5778665209192324e8
Statistical upper bound (confidence interval): 1.8177004111132488e8  3.832126437173368e6
Pessimistic upper bound: 1.8560216754849824e8

||||||||||||||||||||||||||||||||||||||||||||||||||||||||||||||||||||||||||||||||||||||||||||||||||||||||||||||||||||||||||||||||||||||||
SIMULATION RESULTS
LogLinearSDDP.NoSimulation()
shapiro_model
Lower bound: 2.5778665209192324e8
Statistical upper bound (confidence interval): 2.716692843442566e8  5.166070817926909e6
Pessimistic upper bound: 2.7683535516218346e8

||||||||||||||||||||||||||||||||||||||||||||||||||||||||||||||||||||||||||||||||||||||||||||||||||||||||||||||||||||||||||||||||||||||||
SIMULATION RESULTS
LogLinearSDDP.NoSimulation()
shapiro_model
Lower bound: 2.5778665209192324e8
Statistical upper bound (confidence interval): 1.8948005854396874e8  4.413123859804169e6
Pessimistic upper bound: 1.9389318240377292e8

||||||||||||||||||||||||||||||||||||||||||||||||||||||||||||||||||||||||||||||||||||||||||||||||||||||||||||||||||||||||||||||||||||||||
SIMULATION RESULTS
LogLinearSDDP.NoSimulation()
markov
Lower bound: 2.5762471073993248e8
Statistical upper bound (confidence interval): 4.893027451119097e8  8.320774435788903e7
Pessimistic upper bound: 5.725104894697987e8

||||||||||||||||||||||||||||||||||||||||||||||||||||||||||||||||||||||||||||||||||||||||||||||||||||||||||||||||||||||||||||||||||||||||
SIMULATION RESULTS
LogLinearSDDP.NoSimulation()
markov
Lower bound: 2.5762471073993248e8
Statistical upper bound (confidence interval): 3.18278579446329e8  6.749586915427162e7
Pessimistic upper bound: 3.857744486006006e8
